Process PID: 4360
Thread with TID = 138817679918784 read: Nachos
Thread with TID = 138817721861824 read: Blueberry Muffin
Thread with TID = 138817585546944 read: Donut
Thread with TID = 138817816233664 read: Guacamole Dip
Thread with TID = 138817669433024 read: Spinach Dip
Thread with TID = 138817732347584 read: Omelette
Thread with TID = 138817281459904 read: Garlic Breadsticks
Thread with TID = 138817690404544 read: Potato Chips
Thread with TID = 138817795262144 read: Breakfast Burrito
Thread with TID = 138817742833344 read: Smoothie
Thread with TID = 138817700890304 read: Bottled Water
Thread with TID = 138817805747904 read: Cappuccino
Thread with TID = 138817753319104 read: Pizza Slice
Thread with TID = 138817826719424 read: Cheesecake
Thread with TID = 138817784776384 read: Teriyaki Chicken Bowl
Thread with TID = 138817774290624 read: Sweet Potato Fries
Thread with TID = 138817763804864 read: Mozzarella Sticks
Thread with TID = 138817984005824 read: Veggie Burger
Thread with TID = 138817963034304 read: Chicken Sandwich
Thread with TID = 138817879148224 read: Hot Fudge Sundae
Thread with TID = 138817931577024 read: Bagel Sandwich
Thread with TID = 138817921091264 read: Pretzels
Thread with TID = 138817910605504 read: Tempura
Thread with TID = 138817837205184 read: Kebab Platter
Thread with TID = 138817501660864 read: Gyro Sandwich
Thread with TID = 138817942062784 read: Chocolate Milkshake
Thread with TID = 138817994491584 read: Chocolate Chip Cookie
Thread with TID = 138817858176704 read: Sweet Tea
Thread with TID = 138817973520064 read: Meatball Sub
Thread with TID = 138817847690944 read: Sports Drink
Thread with TID = 138817889633984 read: Fried Rice
Thread with TID = 138817900119744 read: Brownie
Thread with TID = 138817868662464 read: Egg and Cheese Muffin
Thread with TID = 138817239516864 read: Energy Drink
Thread with TID = 138817952548544 read: Hash Browns
Thread with TID = 138817176602304 read: Strawberry Milkshake
Thread with TID = 138817208059584 read: Falafel Wrap
Thread with TID = 138817312917184 read: Iced Tea
Thread with TID = 138817197573824 read: Diet Cola
Thread with TID = 138817270974144 read: Hot Dog
Thread with TID = 138817050773184 read: French Fries
Thread with TID = 138817040287424 read: Trail Mix
Thread with TID = 138817365345984 read: Breakfast Wrap
Thread with TID = 138817522632384 read: Pad Thai
Thread with TID = 138817218545344 read: Cheeseburger
Thread with TID = 138817512146624 read: Popcorn
Thread with TID = 138817386317504 read: Vanilla Ice Cream
Thread with TID = 138817134659264 read: Apple Pie
Thread with TID = 138817260488384 read: Cola
Thread with TID = 138817229031104 read: Chicken Tenders
Thread with TID = 138817333888704 read: Chicken Nuggets
Thread with TID = 138817375831744 read: Dim Sum
Thread with TID = 138817417774784 read: Hot Chocolate
Thread with TID = 138817396803264 read: BBQ Pulled Pork Sandwich
Thread with TID = 138817711376064 read: Bacon Burger
Thread with TID = 138817354860224 read: Quesadilla
Thread with TID = 138817407289024 read: Curly Fries
Thread with TID = 138817449232064 read: Onion Rings
Thread with TID = 138817491175104 read: Cheese Puffs
Thread with TID = 138817302431424 read: Cinnamon Roll
Thread with TID = 138817470203584 read: Coffee
Thread with TID = 138817428260544 read: Ramen Bowl
Thread with TID = 138817344374464 read: Banana Split
Thread with TID = 138817438746304 read: Cherry Pie
Thread with TID = 138817124173504 read: Spring Rolls
Thread with TID = 138817103201984 read: Milkshake
Thread with TID = 138817092716224 read: Pancakes
Thread with TID = 138817459717824 read: Philly Cheesesteak
Thread with TID = 138817617004224 read: Pita Bread with Hummus
Thread with TID = 138817606518464 read: Espresso
Thread with TID = 138817533118144 read: Lemonade
Thread with TID = 138817596032704 read: Shawarma Wrap
Thread with TID = 138817543603904 read: Pita Chips
Thread with TID = 138817575061184 read: Burrito
Thread with TID = 138817648461504 read: Fish Sandwich
Thread with TID = 138817554089664 read: Sushi Roll
Thread with TID = 138817627489984 read: Stuffed Crust Pizza
Thread with TID = 138817082230464 read: Pepperoni Pizza
Thread with TID = 138817637975744 read: Tortilla Chips with Salsa
Thread with TID = 138817564575424 read: Root Beer
Thread with TID = 138817071744704 read: BBQ Chicken Pizza
Thread with TID = 138817480689344 read: Calzone
Thread with TID = 138817113687744 read: Margherita Pizza
Thread with TID = 138817061258944 read: Chili Dog
Thread with TID = 138817155630784 read: Croissant Sandwich
Thread with TID = 138817145145024 read: Chocolate Ice Cream
Thread with TID = 138817323402944 read: Taco
Thread with TID = 138817187088064 read: Latte
Thread with TID = 138817250002624 read: Double Cheeseburger
Thread with TID = 138817166116544 read: Waffles
Thread with TID = 138817291945664 read: Grilled Chicken Wrap
Thread with TID = 138817658947264 read: Cupcake
