Process PID: 12845
Thread with TID = 126657748797120 read: Tempura
Thread with TID = 126657738311360 read: Brownie
Thread with TID = 126657759282880 read: Pretzels
Thread with TID = 126657790740160 read: Hash Browns
Thread with TID = 126657769768640 read: Bagel Sandwich
Thread with TID = 126657780254400 read: Chocolate Milkshake
Thread with TID = 126657717339840 read: Hot Fudge Sundae
Thread with TID = 126657727825600 read: Fried Rice
Thread with TID = 126657801225920 read: Chicken Sandwich
Thread with TID = 126657560053440 read: Blueberry Muffin
Thread with TID = 126657811711680 read: Meatball Sub
Thread with TID = 126657581024960 read: Smoothie
Thread with TID = 126657570539200 read: Omelette
Thread with TID = 126657591510720 read: Pizza Slice
Thread with TID = 126657612482240 read: Sweet Potato Fries
Thread with TID = 126657622968000 read: Teriyaki Chicken Bowl
Thread with TID = 126657633453760 read: Breakfast Burrito
Thread with TID = 126657601996480 read: Mozzarella Sticks
Thread with TID = 126657696368320 read: Sweet Tea
Thread with TID = 126657518110400 read: Nachos
Thread with TID = 126657706854080 read: Egg and Cheese Muffin
Thread with TID = 126657685882560 read: Sports Drink
Thread with TID = 126657528596160 read: Potato Chips
Thread with TID = 126657539081920 read: Bottled Water
Thread with TID = 126657675396800 read: Kebab Platter
Thread with TID = 126657664911040 read: Cheesecake
Thread with TID = 126657654425280 read: Guacamole Dip
Thread with TID = 126657832683200 read: Chocolate Chip Cookie
Thread with TID = 126657822197440 read: Veggie Burger
Thread with TID = 126656570197696 read: Quesadilla
Thread with TID = 126656358385344 read: Garlic Breadsticks
Thread with TID = 126656337413824 read: Cola
Thread with TID = 126656347899584 read: Hot Dog
Thread with TID = 126656719095488 read: Breakfast Wrap
Thread with TID = 126656528254656 read: Iced Tea
Thread with TID = 126656316442304 read: Energy Drink
Thread with TID = 126656930907840 read: Cherry Pie
Thread with TID = 126656972850880 read: Calzone
Thread with TID = 126656326928064 read: Double Cheeseburger
Thread with TID = 126656771524288 read: Hot Chocolate
Thread with TID = 126656962365120 read: Coffee
Thread with TID = 126656368871104 read: Grilled Chicken Wrap
Thread with TID = 126657121748672 read: Cheese Puffs
Thread with TID = 126656559711936 read: Banana Split
Thread with TID = 126656951879360 read: Philly Cheesesteak
Thread with TID = 126656517768896 read: Cinnamon Roll
Thread with TID = 126656750552768 read: BBQ Pulled Pork Sandwich
Thread with TID = 126656729581248 read: Dim Sum
Thread with TID = 126656538740416 read: Taco
Thread with TID = 126657163691712 read: Lemonade
Thread with TID = 126656941393600 read: Onion Rings
Thread with TID = 126656761038528 read: Curly Fries
Thread with TID = 126656167544512 read: Chicken Tenders
Thread with TID = 126656549226176 read: Chicken Nuggets
Thread with TID = 126657497138880 read: Cupcake
Thread with TID = 126657153205952 read: Pad Thai
Thread with TID = 126657375504064 read: Espresso
Thread with TID = 126657365018304 read: Shawarma Wrap
Thread with TID = 126657323075264 read: Sushi Roll
Thread with TID = 126656920422080 read: Ramen Bowl
Thread with TID = 126657455195840 read: Pita Bread with Hummus
Thread with TID = 126657549567680 read: Bacon Burger
Thread with TID = 126657333561024 read: Root Beer
Thread with TID = 126657486653120 read: Fish Sandwich
Thread with TID = 126657476167360 read: Tortilla Chips with Salsa
Thread with TID = 126657465681600 read: Stuffed Crust Pizza
Thread with TID = 126657142720192 read: Popcorn
Thread with TID = 126657344046784 read: Burrito
Thread with TID = 126657132234432 read: Gyro Sandwich
Thread with TID = 126657174177472 read: Pita Chips
Thread with TID = 126656740067008 read: Vanilla Ice Cream
Thread with TID = 126657354532544 read: Donut
Thread with TID = 126656146572992 read: Falafel Wrap
Thread with TID = 126657643939520 read: Cappuccino
Thread with TID = 126656125601472 read: Latte
Thread with TID = 126655955732160 read: Croissant Sandwich
Thread with TID = 126655934760640 read: Apple Pie
Thread with TID = 126656136087232 read: Diet Cola
Thread with TID = 126655764891328 read: Milkshake
Thread with TID = 126655924274880 read: Spring Rolls
Thread with TID = 126655913789120 read: Margherita Pizza
Thread with TID = 126656115115712 read: Strawberry Milkshake
Thread with TID = 126655966217920 read: Waffles
Thread with TID = 126657507624640 read: Spinach Dip
Thread with TID = 126655733434048 read: BBQ Chicken Pizza
Thread with TID = 126655743919808 read: Pepperoni Pizza
Thread with TID = 126655712462528 read: French Fries
Thread with TID = 126655722948288 read: Chili Dog
Thread with TID = 126655563564736 read: Trail Mix
Thread with TID = 126655754405568 read: Pancakes
Thread with TID = 126655945246400 read: Chocolate Ice Cream
Thread with TID = 126656157058752 read: Cheeseburger
