Process PID: 13356
Thread with TID = 134536375568064 read: Trail Mix
Thread with TID = 134536365082304 read: Lemonade
Thread with TID = 134536354596544 read: Hot Chocolate
Thread with TID = 134536312653504 read: BBQ Pulled Pork Sandwich
Thread with TID = 134536228767424 read: Bacon Burger
Thread with TID = 134536270710464 read: Chocolate Chip Cookie
Thread with TID = 134536281196224 read: Pad Thai
Thread with TID = 134536207795904 read: Calzone
Thread with TID = 134536186824384 read: Hash Browns
Thread with TID = 134536344110784 read: Philly Cheesesteak
Thread with TID = 134536333625024 read: Tortilla Chips with Salsa
Thread with TID = 134536197310144 read: Spring Rolls
Thread with TID = 134536302167744 read: Nachos
Thread with TID = 134536291681984 read: BBQ Chicken Pizza
Thread with TID = 134536249738944 read: Latte
Thread with TID = 134536260224704 read: Banana Split
Thread with TID = 134536323139264 read: Chocolate Ice Cream
Thread with TID = 134536239253184 read: Pretzels
Thread with TID = 134536218281664 read: French Fries
Thread with TID = 134536176338624 read: Cheeseburger
Thread with TID = 134536048412352 read: Kebab Platter
Thread with TID = 134536037926592 read: Blueberry Muffin
Thread with TID = 134536090355392 read: Double Cheeseburger
Thread with TID = 134536058898112 read: Spinach Dip
Thread with TID = 134536069383872 read: Grilled Chicken Wrap
Thread with TID = 134535935166144 read: Chicken Sandwich
Thread with TID = 134535956137664 read: Breakfast Wrap
Thread with TID = 134535821919936 read: Apple Pie
Thread with TID = 134535924680384 read: Sweet Potato Fries
Thread with TID = 134535811434176 read: Onion Rings
Thread with TID = 134535790462656 read: Brownie
Thread with TID = 134535914194624 read: Quesadilla
Thread with TID = 134536079869632 read: Energy Drink
Thread with TID = 134535903708864 read: Fried Rice
Thread with TID = 134535748519616 read: Chicken Tenders
Thread with TID = 134535696090816 read: Strawberry Milkshake
Thread with TID = 134535633176256 read: Waffles
Thread with TID = 134535685605056 read: Smoothie
Thread with TID = 134535675119296 read: Ramen Bowl
Thread with TID = 134535779976896 read: Cheesecake
Thread with TID = 134535664633536 read: Pepperoni Pizza
Thread with TID = 134535738033856 read: Meatball Sub
Thread with TID = 134535654147776 read: Chocolate Milkshake
Thread with TID = 134535769491136 read: Egg and Cheese Muffin
Thread with TID = 134535643662016 read: Curly Fries
Thread with TID = 134535945651904 read: Cola
Thread with TID = 134535759005376 read: Tempura
Thread with TID = 134535706576576 read: Chicken Nuggets
Thread with TID = 134535727548096 read: Vanilla Ice Cream
Thread with TID = 134535622690496 read: Cheese Puffs
Thread with TID = 134535717062336 read: Pita Bread with Hummus
Thread with TID = 134535800948416 read: Fish Sandwich
Thread with TID = 134535612204736 read: Croissant Sandwich
Thread with TID = 134535591233216 read: Espresso
Thread with TID = 134535580747456 read: Burrito
Thread with TID = 134535601718976 read: Shawarma Wrap
Thread with TID = 134535454918336 read: Potato Chips
Thread with TID = 134535475889856 read: Gyro Sandwich
Thread with TID = 134535570261696 read: Cupcake
Thread with TID = 134535433946816 read: Iced Tea
Thread with TID = 134535465404096 read: Hot Fudge Sundae
Thread with TID = 134535444432576 read: Pancakes
Thread with TID = 134535486375616 read: Falafel Wrap
Thread with TID = 134535352157888 read: Bagel Sandwich
Thread with TID = 134535341672128 read: Teriyaki Chicken Bowl
Thread with TID = 134535310214848 read: Margherita Pizza
Thread with TID = 134535289243328 read: Sweet Tea
Thread with TID = 134535331186368 read: Popcorn
Thread with TID = 134535278757568 read: Guacamole Dip
Thread with TID = 134535215843008 read: Dim Sum
Thread with TID = 134535268271808 read: Breakfast Burrito
Thread with TID = 134535257786048 read: Hot Dog
Thread with TID = 134535247300288 read: Bottled Water
Thread with TID = 134535236814528 read: Sushi Roll
Thread with TID = 134535226328768 read: Stuffed Crust Pizza
Thread with TID = 134535184385728 read: Pizza Slice
Thread with TID = 134535320700608 read: Pita Chips
Thread with TID = 134535205357248 read: Cherry Pie
Thread with TID = 134535299729088 read: Chili Dog
Thread with TID = 134535194871488 read: Coffee
Thread with TID = 134535173899968 read: Diet Cola
Thread with TID = 134535163414208 read: Omelette
Thread with TID = 134535152928448 read: Cinnamon Roll
Thread with TID = 134535142442688 read: Donut
Thread with TID = 134535131956928 read: Milkshake
Thread with TID = 134535121471168 read: Root Beer
Thread with TID = 134535058556608 read: Sports Drink
Thread with TID = 134535100499648 read: Taco
Thread with TID = 134535079528128 read: Cappuccino
Thread with TID = 134535069042368 read: Mozzarella Sticks
Thread with TID = 134535090013888 read: Garlic Breadsticks
Thread with TID = 134535110985408 read: Veggie Burger
