Process PID: 11183
Thread with TID = 125316422960832 read: Lemonade
Thread with TID = 125316433446592 read: Trail Mix
Thread with TID = 125316278257344 read: Hot Chocolate
Thread with TID = 125316307617472 read: BBQ Pulled Pork Sandwich
Thread with TID = 125316297131712 read: Nachos
Thread with TID = 125316318103232 read: Chocolate Ice Cream
Thread with TID = 125316339074752 read: Philly Cheesesteak
Thread with TID = 125316267771584 read: BBQ Chicken Pizza
Thread with TID = 125316225828544 read: Latte
Thread with TID = 125316257285824 read: Pad Thai
Thread with TID = 125316236314304 read: Banana Split
Thread with TID = 125316328588992 read: Tortilla Chips with Salsa
Thread with TID = 125316137748160 read: Pretzels
Thread with TID = 125316246800064 read: Chocolate Chip Cookie
Thread with TID = 125316085319360 read: Hash Browns
Thread with TID = 125316116776640 read: French Fries
Thread with TID = 125316106290880 read: Calzone
Thread with TID = 125316095805120 read: Spring Rolls
Thread with TID = 125316064347840 read: Double Cheeseburger
Thread with TID = 125316032890560 read: Spinach Dip
Thread with TID = 125316043376320 read: Grilled Chicken Wrap
Thread with TID = 125316074833600 read: Cheeseburger
Thread with TID = 125316011919040 read: Blueberry Muffin
Thread with TID = 125316001433280 read: Breakfast Wrap
Thread with TID = 125315990947520 read: Cola
Thread with TID = 125316127262400 read: Bacon Burger
Thread with TID = 125316022404800 read: Kebab Platter
Thread with TID = 125315969976000 read: Sweet Potato Fries
Thread with TID = 125315980461760 read: Chicken Sandwich
Thread with TID = 125316053862080 read: Energy Drink
Thread with TID = 125315938518720 read: Apple Pie
Thread with TID = 125315949004480 read: Fried Rice
Thread with TID = 125315896575680 read: Cheesecake
Thread with TID = 125315928032960 read: Onion Rings
Thread with TID = 125315907061440 read: Brownie
Thread with TID = 125315875604160 read: Tempura
Thread with TID = 125315865118400 read: Chicken Tenders
Thread with TID = 125315917547200 read: Fish Sandwich
Thread with TID = 125315854632640 read: Meatball Sub
Thread with TID = 125315886089920 read: Egg and Cheese Muffin
Thread with TID = 125315844146880 read: Vanilla Ice Cream
Thread with TID = 125315959490240 read: Quesadilla
Thread with TID = 125315812689600 read: Strawberry Milkshake
Thread with TID = 125315760260800 read: Curly Fries
Thread with TID = 125315749775040 read: Waffles
Thread with TID = 125315739289280 read: Cheese Puffs
Thread with TID = 125315791718080 read: Ramen Bowl
Thread with TID = 125315770746560 read: Chocolate Milkshake
Thread with TID = 125315823175360 read: Chicken Nuggets
Thread with TID = 125315781232320 read: Pepperoni Pizza
Thread with TID = 125315600877248 read: Espresso
Thread with TID = 125315833661120 read: Pita Bread with Hummus
Thread with TID = 125315802203840 read: Smoothie
Thread with TID = 125315718317760 read: Shawarma Wrap
Thread with TID = 125315728803520 read: Croissant Sandwich
Thread with TID = 125315697346240 read: Cupcake
Thread with TID = 125315686860480 read: Falafel Wrap
Thread with TID = 125315569419968 read: Potato Chips
Thread with TID = 125315579905728 read: Hot Fudge Sundae
Thread with TID = 125315707832000 read: Burrito
Thread with TID = 125315558934208 read: Pancakes
Thread with TID = 125315590391488 read: Gyro Sandwich
Thread with TID = 125315548448448 read: Iced Tea
Thread with TID = 125315466659520 read: Bagel Sandwich
Thread with TID = 125315456173760 read: Teriyaki Chicken Bowl
Thread with TID = 125315332441792 read: Sweet Tea
Thread with TID = 125315424716480 read: Margherita Pizza
Thread with TID = 125315445688000 read: Popcorn
Thread with TID = 125315321956032 read: Guacamole Dip
Thread with TID = 125315435202240 read: Pita Chips
Thread with TID = 125315311470272 read: Breakfast Burrito
Thread with TID = 125315300984512 read: Hot Dog
Thread with TID = 125315414230720 read: Chili Dog
Thread with TID = 125315269527232 read: Stuffed Crust Pizza
Thread with TID = 125315259041472 read: Dim Sum
Thread with TID = 125315290498752 read: Bottled Water
Thread with TID = 125315280012992 read: Sushi Roll
Thread with TID = 125315248555712 read: Cherry Pie
Thread with TID = 125315185641152 read: Donut
Thread with TID = 125315217098432 read: Diet Cola
Thread with TID = 125315206612672 read: Omelette
Thread with TID = 125315196126912 read: Cinnamon Roll
Thread with TID = 125315175155392 read: Milkshake
Thread with TID = 125315227584192 read: Pizza Slice
Thread with TID = 125315133212352 read: Garlic Breadsticks
Thread with TID = 125315164669632 read: Root Beer
Thread with TID = 125315122726592 read: Cappuccino
Thread with TID = 125315154183872 read: Veggie Burger
Thread with TID = 125315101755072 read: Sports Drink
Thread with TID = 125315143698112 read: Taco
Thread with TID = 125315238069952 read: Coffee
Thread with TID = 125315112240832 read: Mozzarella Sticks
