Process PID: 8950
Thread with TID = 137040526051008 read: Trail Mix
Thread with TID = 137040515565248 read: Lemonade
Thread with TID = 137040505079488 read: Hot Chocolate
Thread with TID = 137040473622208 read: Chocolate Ice Cream
Thread with TID = 137040484107968 read: Tortilla Chips with Salsa
Thread with TID = 137040370861760 read: BBQ Chicken Pizza
Thread with TID = 137040339404480 read: Banana Split
Thread with TID = 137040257615552 read: Latte
Thread with TID = 137040349890240 read: Chocolate Chip Cookie
Thread with TID = 137040381347520 read: Nachos
Thread with TID = 137040173729472 read: Double Cheeseburger
Thread with TID = 137040360376000 read: Pad Thai
Thread with TID = 137040194700992 read: Hash Browns
Thread with TID = 137040184215232 read: Cheeseburger
Thread with TID = 137040226158272 read: French Fries
Thread with TID = 137040110814912 read: Breakfast Wrap
Thread with TID = 137040100329152 read: Cola
Thread with TID = 137040215672512 read: Calzone
Thread with TID = 137040068871872 read: Quesadilla
Thread with TID = 137040089843392 read: Chicken Sandwich
Thread with TID = 137040131786432 read: Kebab Platter
Thread with TID = 137040079357632 read: Sweet Potato Fries
Thread with TID = 137040163243712 read: Energy Drink
Thread with TID = 137040152757952 read: Grilled Chicken Wrap
Thread with TID = 137040142272192 read: Spinach Dip
Thread with TID = 137040247129792 read: Pretzels
Thread with TID = 137040236644032 read: Bacon Burger
Thread with TID = 137040121300672 read: Blueberry Muffin
Thread with TID = 137040205186752 read: Spring Rolls
Thread with TID = 137040391833280 read: BBQ Pulled Pork Sandwich
Thread with TID = 137040494593728 read: Philly Cheesesteak
Thread with TID = 137040058386112 read: Fried Rice
Thread with TID = 137040037414592 read: Onion Rings
Thread with TID = 137040026928832 read: Fish Sandwich
Thread with TID = 137040005957312 read: Cheesecake
Thread with TID = 137039911585472 read: Tempura
Thread with TID = 137040047900352 read: Apple Pie
Thread with TID = 137039901099712 read: Chicken Tenders
Thread with TID = 137039890613952 read: Meatball Sub
Thread with TID = 137040016443072 read: Brownie
Thread with TID = 137039922071232 read: Egg and Cheese Muffin
Thread with TID = 137039880128192 read: Vanilla Ice Cream
Thread with TID = 137039869642432 read: Pita Bread with Hummus
Thread with TID = 137039848670912 read: Strawberry Milkshake
Thread with TID = 137039859156672 read: Chicken Nuggets
Thread with TID = 137039817213632 read: Pepperoni Pizza
Thread with TID = 137039838185152 read: Smoothie
Thread with TID = 137039827699392 read: Ramen Bowl
Thread with TID = 137039796242112 read: Curly Fries
Thread with TID = 137039785756352 read: Waffles
Thread with TID = 137039764784832 read: Croissant Sandwich
Thread with TID = 137039754299072 read: Shawarma Wrap
Thread with TID = 137039806727872 read: Chocolate Milkshake
Thread with TID = 137039691384512 read: Hot Fudge Sundae
Thread with TID = 137039712356032 read: Falafel Wrap
Thread with TID = 137039701870272 read: Gyro Sandwich
Thread with TID = 137039775270592 read: Cheese Puffs
Thread with TID = 137039670412992 read: Pancakes
Thread with TID = 137039743813312 read: Espresso
Thread with TID = 137039733327552 read: Burrito
Thread with TID = 137039649441472 read: Bagel Sandwich
Thread with TID = 137039680898752 read: Potato Chips
Thread with TID = 137039659927232 read: Iced Tea
Thread with TID = 137039638955712 read: Teriyaki Chicken Bowl
Thread with TID = 137039607498432 read: Margherita Pizza
Thread with TID = 137039628469952 read: Popcorn
Thread with TID = 137039617984192 read: Pita Chips
Thread with TID = 137039576041152 read: Guacamole Dip
Thread with TID = 137039586526912 read: Sweet Tea
Thread with TID = 137039565555392 read: Breakfast Burrito
Thread with TID = 137039555069632 read: Hot Dog
Thread with TID = 137039597012672 read: Chili Dog
Thread with TID = 137039513126592 read: Dim Sum
Thread with TID = 137039471183552 read: Diet Cola
Thread with TID = 137039722841792 read: Cupcake
Thread with TID = 137039534098112 read: Sushi Roll
Thread with TID = 137039544583872 read: Bottled Water
Thread with TID = 137039523612352 read: Stuffed Crust Pizza
Thread with TID = 137039502640832 read: Cherry Pie
Thread with TID = 137039492155072 read: Coffee
Thread with TID = 137039481669312 read: Pizza Slice
Thread with TID = 137039450212032 read: Cinnamon Roll
Thread with TID = 137039408268992 read: Veggie Burger
Thread with TID = 137039397783232 read: Taco
Thread with TID = 137039387297472 read: Garlic Breadsticks
Thread with TID = 137039429240512 read: Milkshake
Thread with TID = 137039418754752 read: Root Beer
Thread with TID = 137039355840192 read: Sports Drink
Thread with TID = 137039439726272 read: Donut
Thread with TID = 137039376811712 read: Cappuccino
Thread with TID = 137039460697792 read: Omelette
Thread with TID = 137039366325952 read: Mozzarella Sticks
