Process PID: 15535
Thread with TID = 138243716679360 read: Trail Mix
Thread with TID = 138243706193600 read: Lemonade
Thread with TID = 138243632793280 read: BBQ Chicken Pizza
Thread with TID = 138243622307520 read: Pad Thai
Thread with TID = 138243664250560 read: Chocolate Ice Cream
Thread with TID = 138243611821760 read: Chocolate Chip Cookie
Thread with TID = 138243559392960 read: French Fries
Thread with TID = 138243653764800 read: BBQ Pulled Pork Sandwich
Thread with TID = 138243643279040 read: Nachos
Thread with TID = 138243685222080 read: Philly Cheesesteak
Thread with TID = 138243580364480 read: Pretzels
Thread with TID = 138243695707840 read: Hot Chocolate
Thread with TID = 138243601336000 read: Banana Split
Thread with TID = 138243674736320 read: Tortilla Chips with Salsa
Thread with TID = 138243569878720 read: Bacon Burger
Thread with TID = 138243590850240 read: Latte
Thread with TID = 138243548907200 read: Calzone
Thread with TID = 138243538421440 read: Spring Rolls
Thread with TID = 138243452438208 read: Hash Browns
Thread with TID = 138243441952448 read: Cheeseburger
Thread with TID = 138243431466688 read: Double Cheeseburger
Thread with TID = 138243420980928 read: Energy Drink
Thread with TID = 138243410495168 read: Grilled Chicken Wrap
Thread with TID = 138243400009408 read: Spinach Dip
Thread with TID = 138243318220480 read: Kebab Platter
Thread with TID = 138243307734720 read: Blueberry Muffin
Thread with TID = 138243297248960 read: Breakfast Wrap
Thread with TID = 138243255305920 read: Quesadilla
Thread with TID = 138243265791680 read: Sweet Potato Fries
Thread with TID = 138243234334400 read: Apple Pie
Thread with TID = 138243276277440 read: Chicken Sandwich
Thread with TID = 138243181905600 read: Egg and Cheese Muffin
Thread with TID = 138243213362880 read: Fish Sandwich
Thread with TID = 138243286763200 read: Cola
Thread with TID = 138243202877120 read: Brownie
Thread with TID = 138243223848640 read: Onion Rings
Thread with TID = 138243244820160 read: Fried Rice
Thread with TID = 138243192391360 read: Cheesecake
Thread with TID = 138243171419840 read: Tempura
Thread with TID = 138243150448320 read: Meatball Sub
Thread with TID = 138243129476800 read: Pita Bread with Hummus
Thread with TID = 138243028813504 read: Smoothie
Thread with TID = 138243160934080 read: Chicken Tenders
Thread with TID = 138243139962560 read: Vanilla Ice Cream
Thread with TID = 138243049785024 read: Chicken Nuggets
Thread with TID = 138243039299264 read: Strawberry Milkshake
Thread with TID = 138242997356224 read: Chocolate Milkshake
Thread with TID = 138243018327744 read: Ramen Bowl
Thread with TID = 138242965898944 read: Cheese Puffs
Thread with TID = 138242944927424 read: Shawarma Wrap
Thread with TID = 138243007841984 read: Pepperoni Pizza
Thread with TID = 138242986870464 read: Curly Fries
Thread with TID = 138242955413184 read: Croissant Sandwich
Thread with TID = 138242934441664 read: Espresso
Thread with TID = 138242976384704 read: Waffles
Thread with TID = 138242923955904 read: Burrito
Thread with TID = 138242913470144 read: Cupcake
Thread with TID = 138242902984384 read: Falafel Wrap
Thread with TID = 138242882012864 read: Hot Fudge Sundae
Thread with TID = 138242871527104 read: Potato Chips
Thread with TID = 138242850555584 read: Iced Tea
Thread with TID = 138242829584064 read: Teriyaki Chicken Bowl
Thread with TID = 138242892498624 read: Gyro Sandwich
Thread with TID = 138242840069824 read: Bagel Sandwich
Thread with TID = 138242735212224 read: Bottled Water
Thread with TID = 138242808612544 read: Pita Chips
Thread with TID = 138242756183744 read: Breakfast Burrito
Thread with TID = 138242724726464 read: Sushi Roll
Thread with TID = 138242819098304 read: Popcorn
Thread with TID = 138242861041344 read: Pancakes
Thread with TID = 138242693269184 read: Cherry Pie
Thread with TID = 138242745697984 read: Hot Dog
Thread with TID = 138242672297664 read: Diet Cola
Thread with TID = 138242798126784 read: Margherita Pizza
Thread with TID = 138242682783424 read: Pizza Slice
Thread with TID = 138242580022976 read: Coffee
Thread with TID = 138242787641024 read: Chili Dog
Thread with TID = 138242714240704 read: Stuffed Crust Pizza
Thread with TID = 138242777155264 read: Sweet Tea
Thread with TID = 138242766669504 read: Guacamole Dip
Thread with TID = 138242661811904 read: Omelette
Thread with TID = 138242703754944 read: Dim Sum
Thread with TID = 138242569537216 read: Cinnamon Roll
Thread with TID = 138242548565696 read: Milkshake
Thread with TID = 138242538079936 read: Root Beer
Thread with TID = 138242527594176 read: Veggie Burger
Thread with TID = 138242559051456 read: Donut
Thread with TID = 138242445805248 read: Taco
Thread with TID = 138242424833728 read: Cappuccino
Thread with TID = 138242435319488 read: Garlic Breadsticks
Thread with TID = 138242414347968 read: Mozzarella Sticks
Thread with TID = 138242403862208 read: Sports Drink
