Process PID: 6162
Thread with TID = 125075932055232 read: Trail Mix
Thread with TID = 125075816711872 read: Banana Split
Thread with TID = 125075858654912 read: Nachos
Thread with TID = 125075921569472 read: Lemonade
Thread with TID = 125075806226112 read: Latte
Thread with TID = 125075665716928 read: Hash Browns
Thread with TID = 125075879626432 read: Chocolate Ice Cream
Thread with TID = 125075774768832 read: French Fries
Thread with TID = 125075900597952 read: Philly Cheesesteak
Thread with TID = 125075795740352 read: Pretzels
Thread with TID = 125075785254592 read: Bacon Burger
Thread with TID = 125075911083712 read: Hot Chocolate
Thread with TID = 125075869140672 read: BBQ Pulled Pork Sandwich
Thread with TID = 125075676202688 read: Spring Rolls
Thread with TID = 125075827197632 read: Chocolate Chip Cookie
Thread with TID = 125075890112192 read: Tortilla Chips with Salsa
Thread with TID = 125075655231168 read: Cheeseburger
Thread with TID = 125075644745408 read: Double Cheeseburger
Thread with TID = 125075541984960 read: Spinach Dip
Thread with TID = 125075634259648 read: Energy Drink
Thread with TID = 125075531499200 read: Kebab Platter
Thread with TID = 125075848169152 read: BBQ Chicken Pizza
Thread with TID = 125075686688448 read: Calzone
Thread with TID = 125075510527680 read: Breakfast Wrap
Thread with TID = 125075351144128 read: Chicken Sandwich
Thread with TID = 125075340658368 read: Sweet Potato Fries
Thread with TID = 125075552470720 read: Grilled Chicken Wrap
Thread with TID = 125075319686848 read: Fried Rice
Thread with TID = 125075330172608 read: Quesadilla
Thread with TID = 125075500041920 read: Cola
Thread with TID = 125075298715328 read: Onion Rings
Thread with TID = 125075309201088 read: Apple Pie
Thread with TID = 125075837683392 read: Pad Thai
Thread with TID = 125075185469120 read: Egg and Cheese Muffin
Thread with TID = 125075174983360 read: Tempura
Thread with TID = 125075061737152 read: Pita Bread with Hummus
Thread with TID = 125075051251392 read: Chicken Nuggets
Thread with TID = 125075521013440 read: Blueberry Muffin
Thread with TID = 125074948490944 read: Ramen Bowl
Thread with TID = 125074938005184 read: Pepperoni Pizza
Thread with TID = 125075030279872 read: Smoothie
Thread with TID = 125074906547904 read: Waffles
Thread with TID = 125074814273216 read: Croissant Sandwich
Thread with TID = 125074927519424 read: Chocolate Milkshake
Thread with TID = 125074896062144 read: Cheese Puffs
Thread with TID = 125074793301696 read: Espresso
Thread with TID = 125075206440640 read: Brownie
Thread with TID = 125074680055488 read: Gyro Sandwich
Thread with TID = 125075072222912 read: Vanilla Ice Cream
Thread with TID = 125074803787456 read: Shawarma Wrap
Thread with TID = 125074638112448 read: Iced Tea
Thread with TID = 125074782815936 read: Burrito
Thread with TID = 125074627626688 read: Bagel Sandwich
Thread with TID = 125074772330176 read: Cupcake
Thread with TID = 125075040765632 read: Strawberry Milkshake
Thread with TID = 125074659083968 read: Potato Chips
Thread with TID = 125074648598208 read: Pancakes
Thread with TID = 125074617140928 read: Teriyaki Chicken Bowl
Thread with TID = 125074669569728 read: Hot Fudge Sundae
Thread with TID = 125074917033664 read: Curly Fries
Thread with TID = 125074606655168 read: Popcorn
Thread with TID = 125074596169408 read: Pita Chips
Thread with TID = 125074585683648 read: Margherita Pizza
Thread with TID = 125075216926400 read: Fish Sandwich
Thread with TID = 125074554226368 read: Guacamole Dip
Thread with TID = 125074533254848 read: Hot Dog
Thread with TID = 125075195954880 read: Cheesecake
Thread with TID = 125074449368768 read: Diet Cola
Thread with TID = 125074543740608 read: Breakfast Burrito
Thread with TID = 125074417911488 read: Donut
Thread with TID = 125074386454208 read: Veggie Burger
Thread with TID = 125074365482688 read: Garlic Breadsticks
Thread with TID = 125074428397248 read: Cinnamon Roll
Thread with TID = 125074375968448 read: Taco
Thread with TID = 125074334025408 read: Sports Drink
Thread with TID = 125074470340288 read: Coffee
Thread with TID = 125074354996928 read: Cappuccino
Thread with TID = 125074480826048 read: Cherry Pie
Thread with TID = 125074344511168 read: Mozzarella Sticks
Thread with TID = 125074407425728 read: Milkshake
Thread with TID = 125074522769088 read: Bottled Water
Thread with TID = 125074512283328 read: Sushi Roll
Thread with TID = 125074575197888 read: Chili Dog
Thread with TID = 125074459854528 read: Pizza Slice
Thread with TID = 125074501797568 read: Stuffed Crust Pizza
Thread with TID = 125074564712128 read: Sweet Tea
Thread with TID = 125074438883008 read: Omelette
Thread with TID = 125074396939968 read: Root Beer
Thread with TID = 125074491311808 read: Dim Sum
Thread with TID = 125075164497600 read: Chicken Tenders
Thread with TID = 125075082708672 read: Meatball Sub
Thread with TID = 125074761844416 read: Falafel Wrap
