Process PID: 18009
Thread with TID = 132214436136640 read: Tortilla Chips with Salsa
Thread with TID = 132214446622400 read: Philly Cheesesteak
Thread with TID = 132214467593920 read: Lemonade
Thread with TID = 132214478079680 read: Trail Mix
Thread with TID = 132214373222080 read: Chocolate Chip Cookie
Thread with TID = 132214415165120 read: BBQ Pulled Pork Sandwich
Thread with TID = 132214383707840 read: Pad Thai
Thread with TID = 132214341764800 read: Pretzels
Thread with TID = 132214331279040 read: Bacon Burger
Thread with TID = 132214362736320 read: Banana Split
Thread with TID = 132214320793280 read: French Fries
Thread with TID = 132214352250560 read: Latte
Thread with TID = 132214310307520 read: Calzone
Thread with TID = 132214457108160 read: Hot Chocolate
Thread with TID = 132214299821760 read: Spring Rolls
Thread with TID = 132214425650880 read: Chocolate Ice Cream
Thread with TID = 132214289336000 read: Hash Browns
Thread with TID = 132214180284096 read: Energy Drink
Thread with TID = 132214394193600 read: BBQ Chicken Pizza
Thread with TID = 132214404679360 read: Nachos
Thread with TID = 132214169798336 read: Grilled Chicken Wrap
Thread with TID = 132214190769856 read: Double Cheeseburger
Thread with TID = 132214278850240 read: Cheeseburger
Thread with TID = 132214159312576 read: Spinach Dip
Thread with TID = 132214148826816 read: Kebab Platter
Thread with TID = 132214138341056 read: Blueberry Muffin
Thread with TID = 132213978957504 read: Cola
Thread with TID = 132213989443264 read: Breakfast Wrap
Thread with TID = 132213947500224 read: Quesadilla
Thread with TID = 132213957985984 read: Sweet Potato Fries
Thread with TID = 132213968471744 read: Chicken Sandwich
Thread with TID = 132213937014464 read: Fried Rice
Thread with TID = 132213855225536 read: Apple Pie
Thread with TID = 132213823768256 read: Brownie
Thread with TID = 132213813282496 read: Cheesecake
Thread with TID = 132213834254016 read: Fish Sandwich
Thread with TID = 132213792310976 read: Tempura
Thread with TID = 132213802796736 read: Egg and Cheese Muffin
Thread with TID = 132213844739776 read: Onion Rings
Thread with TID = 132213781825216 read: Chicken Tenders
Thread with TID = 132213771339456 read: Meatball Sub
Thread with TID = 132213760853696 read: Vanilla Ice Cream
Thread with TID = 132213739882176 read: Chicken Nuggets
Thread with TID = 132213750367936 read: Pita Bread with Hummus
Thread with TID = 132213708424896 read: Ramen Bowl
Thread with TID = 132213729396416 read: Strawberry Milkshake
Thread with TID = 132213718910656 read: Smoothie
Thread with TID = 132213687453376 read: Chocolate Milkshake
Thread with TID = 132213697939136 read: Pepperoni Pizza
Thread with TID = 132213676967616 read: Curly Fries
Thread with TID = 132213666481856 read: Waffles
Thread with TID = 132213655996096 read: Cheese Puffs
Thread with TID = 132213645510336 read: Croissant Sandwich
Thread with TID = 132213635024576 read: Shawarma Wrap
Thread with TID = 132213624538816 read: Espresso
Thread with TID = 132213603567296 read: Cupcake
Thread with TID = 132213614053056 read: Burrito
Thread with TID = 132213593081536 read: Falafel Wrap
Thread with TID = 132213582595776 read: Gyro Sandwich
Thread with TID = 132213572110016 read: Hot Fudge Sundae
Thread with TID = 132213561624256 read: Potato Chips
Thread with TID = 132213551138496 read: Pancakes
Thread with TID = 132213540652736 read: Iced Tea
Thread with TID = 132213530166976 read: Bagel Sandwich
Thread with TID = 132213519681216 read: Teriyaki Chicken Bowl
Thread with TID = 132213509195456 read: Popcorn
Thread with TID = 132213498709696 read: Pita Chips
Thread with TID = 132213488223936 read: Margherita Pizza
Thread with TID = 132213477738176 read: Chili Dog
Thread with TID = 132213467252416 read: Sweet Tea
Thread with TID = 132213456766656 read: Guacamole Dip
Thread with TID = 132213446280896 read: Breakfast Burrito
Thread with TID = 132213435795136 read: Hot Dog
Thread with TID = 132213425309376 read: Bottled Water
Thread with TID = 132213414823616 read: Sushi Roll
Thread with TID = 132213404337856 read: Stuffed Crust Pizza
Thread with TID = 132213393852096 read: Dim Sum
Thread with TID = 132213383366336 read: Cherry Pie
Thread with TID = 132213372880576 read: Coffee
Thread with TID = 132213362394816 read: Pizza Slice
Thread with TID = 132213351909056 read: Diet Cola
Thread with TID = 132213341423296 read: Omelette
Thread with TID = 132213330937536 read: Cinnamon Roll
Thread with TID = 132213320451776 read: Donut
Thread with TID = 132213309966016 read: Milkshake
Thread with TID = 132213299480256 read: Root Beer
Thread with TID = 132213288994496 read: Veggie Burger
Thread with TID = 132213278508736 read: Taco
Thread with TID = 132213268022976 read: Garlic Breadsticks
Thread with TID = 132213257537216 read: Cappuccino
Thread with TID = 132213247051456 read: Mozzarella Sticks
Thread with TID = 132213236565696 read: Sports Drink
