Process PID: 15381
Thread with TID = 131712216467136 read: Cappuccino
Thread with TID = 131712237438656 read: Cheesecake
Thread with TID = 131712268895936 read: Sweet Tea
Thread with TID = 131712310838976 read: Brownie
Thread with TID = 131712279381696 read: Egg and Cheese Muffin
Thread with TID = 131712205981376 read: Breakfast Burrito
Thread with TID = 131712258410176 read: Sports Drink
Thread with TID = 131712195495616 read: Teriyaki Chicken Bowl
Thread with TID = 131712289867456 read: Hot Fudge Sundae
Thread with TID = 131712226952896 read: Guacamole Dip
Thread with TID = 131712384239296 read: Meatball Sub
Thread with TID = 131712331810496 read: Pretzels
Thread with TID = 131712300353216 read: Fried Rice
Thread with TID = 131712247924416 read: Kebab Platter
Thread with TID = 131712185009856 read: Sweet Potato Fries
Thread with TID = 131712363267776 read: Hash Browns
Thread with TID = 131712321324736 read: Tempura
Thread with TID = 131712352782016 read: Chocolate Milkshake
Thread with TID = 131712342296256 read: Bagel Sandwich
Thread with TID = 131712394725056 read: Veggie Burger
Thread with TID = 131712405210816 read: Chocolate Chip Cookie
Thread with TID = 131712373753536 read: Chicken Sandwich
Thread with TID = 131712174524096 read: Mozzarella Sticks
Thread with TID = 131711859951296 read: Cupcake
Thread with TID = 131711849465536 read: Fish Sandwich
Thread with TID = 131711648138944 read: Donut
Thread with TID = 131711658624704 read: Shawarma Wrap
Thread with TID = 131711669110464 read: Espresso
Thread with TID = 131711828494016 read: Stuffed Crust Pizza
Thread with TID = 131711679596224 read: Pita Bread with Hummus
Thread with TID = 131711838979776 read: Tortilla Chips with Salsa
Thread with TID = 131711235000000 read: Onion Rings
Thread with TID = 131710832346816 read: Taco
Thread with TID = 131710842832576 read: Chicken Nuggets
Thread with TID = 131710821861056 read: Iced Tea
Thread with TID = 131711245485760 read: Philly Cheesesteak
Thread with TID = 131711266457280 read: Calzone
Thread with TID = 131711255971520 read: Coffee
Thread with TID = 131710672963264 read: Cinnamon Roll
Thread with TID = 131710853318336 read: Banana Split
Thread with TID = 131711467783872 read: Pita Chips
Thread with TID = 131711446812352 read: Pad Thai
Thread with TID = 131711276943040 read: Cheese Puffs
Thread with TID = 131711637653184 read: Burrito
Thread with TID = 131711627167424 read: Root Beer
Thread with TID = 131711880922816 read: Nachos
Thread with TID = 131712040306368 read: Bottled Water
Thread with TID = 131712071763648 read: Omelette
Thread with TID = 131712061277888 read: Blueberry Muffin
Thread with TID = 131712050792128 read: Bacon Burger
Thread with TID = 131712164038336 read: Pizza Slice
Thread with TID = 131712029820608 read: Potato Chips
Thread with TID = 131712082249408 read: Smoothie
Thread with TID = 131711870437056 read: Spinach Dip
Thread with TID = 131711224514240 read: Cherry Pie
Thread with TID = 131711436326592 read: Popcorn
Thread with TID = 131711425840832 read: Gyro Sandwich
Thread with TID = 131711075616448 read: Ramen Bowl
Thread with TID = 131711054644928 read: Curly Fries
Thread with TID = 131710863804096 read: Quesadilla
Thread with TID = 131711065130688 read: Hot Chocolate
Thread with TID = 131710874289856 read: Breakfast Wrap
Thread with TID = 131711023187648 read: Dim Sum
Thread with TID = 131711457298112 read: Lemonade
Thread with TID = 131711478269632 read: Sushi Roll
Thread with TID = 131711033673408 read: Vanilla Ice Cream
Thread with TID = 131711044159168 read: BBQ Pulled Pork Sandwich
Thread with TID = 131710270310080 read: Strawberry Milkshake
Thread with TID = 131710228367040 read: Apple Pie
Thread with TID = 131710068983488 read: Margherita Pizza
Thread with TID = 131709934765760 read: French Fries
Thread with TID = 131710641505984 read: Hot Dog
Thread with TID = 131710461150912 read: Chicken Tenders
Thread with TID = 131710450665152 read: Cheeseburger
Thread with TID = 131710471636672 read: Energy Drink
Thread with TID = 131710620534464 read: Double Cheeseburger
Thread with TID = 131710217881280 read: Spring Rolls
Thread with TID = 131710440179392 read: Falafel Wrap
Thread with TID = 131709924280000 read: Trail Mix
Thread with TID = 131710238852800 read: Chocolate Ice Cream
Thread with TID = 131710259824320 read: Waffles
Thread with TID = 131710662477504 read: Grilled Chicken Wrap
Thread with TID = 131710429693632 read: Diet Cola
Thread with TID = 131710027040448 read: BBQ Chicken Pizza
Thread with TID = 131710419207872 read: Latte
Thread with TID = 131710016554688 read: Chili Dog
Thread with TID = 131710249338560 read: Croissant Sandwich
Thread with TID = 131710048011968 read: Pancakes
Thread with TID = 131710058497728 read: Milkshake
Thread with TID = 131710037526208 read: Pepperoni Pizza
Thread with TID = 131710631020224 read: Cola
Thread with TID = 131710651991744 read: Garlic Breadsticks
