Process PID: 136048
Thread with TID = 140737347847872 read: Trail Mix
Thread with TID = 140737316390592 read: Philly Cheesesteak
Thread with TID = 140737305904832 read: Tortilla Chips with Salsa
Thread with TID = 140737217824448 read: Chocolate Ice Cream
Thread with TID = 140737207338688 read: BBQ Pulled Pork Sandwich
Thread with TID = 140737196852928 read: Nachos
Thread with TID = 140737337362112 read: Lemonade
Thread with TID = 140737326876352 read: Hot Chocolate
Thread with TID = 140737186367168 read: BBQ Chicken Pizza
Thread with TID = 140737175881408 read: Pad Thai
Thread with TID = 140737083606720 read: Banana Split
Thread with TID = 140737041663680 read: French Fries
Thread with TID = 140737165395648 read: Chocolate Chip Cookie
Thread with TID = 140737062635200 read: Pretzels
Thread with TID = 140737073120960 read: Latte
Thread with TID = 140737020692160 read: Spring Rolls
Thread with TID = 140737010206400 read: Hash Browns
Thread with TID = 140737052149440 read: Bacon Burger
Thread with TID = 140736999720640 read: Cheeseburger
Thread with TID = 140736989234880 read: Double Cheeseburger
Thread with TID = 140737031177920 read: Calzone
Thread with TID = 140736978749120 read: Energy Drink
Thread with TID = 140736968263360 read: Grilled Chicken Wrap
Thread with TID = 140736894863040 read: Sweet Potato Fries
Thread with TID = 140736957777600 read: Spinach Dip
Thread with TID = 140736779519680 read: Meatball Sub
Thread with TID = 140736926320320 read: Breakfast Wrap
Thread with TID = 140736884377280 read: Quesadilla
Thread with TID = 140736821462720 read: Cheesecake
Thread with TID = 140736947291840 read: Kebab Platter
Thread with TID = 140736790005440 read: Chicken Tenders
Thread with TID = 140736905348800 read: Chicken Sandwich
Thread with TID = 140736873891520 read: Fried Rice
Thread with TID = 140736915834560 read: Cola
Thread with TID = 140736748062400 read: Chicken Nuggets
Thread with TID = 140736727090880 read: Smoothie
Thread with TID = 140736810976960 read: Egg and Cheese Muffin
Thread with TID = 140736936806080 read: Blueberry Muffin
Thread with TID = 140736863405760 read: Apple Pie
Thread with TID = 140736758548160 read: Pita Bread with Hummus
Thread with TID = 140736737576640 read: Strawberry Milkshake
Thread with TID = 140736561415872 read: Chocolate Milkshake
Thread with TID = 140736706119360 read: Pepperoni Pizza
Thread with TID = 140736842434240 read: Fish Sandwich
Thread with TID = 140736831948480 read: Brownie
Thread with TID = 140736582387392 read: Shawarma Wrap
Thread with TID = 140736613844672 read: Waffles
Thread with TID = 140736695633600 read: Curly Fries
Thread with TID = 140736592873152 read: Croissant Sandwich
Thread with TID = 140736852920000 read: Onion Rings
Thread with TID = 140736603358912 read: Cheese Puffs
Thread with TID = 140736769033920 read: Vanilla Ice Cream
Thread with TID = 140736716605120 read: Ramen Bowl
Thread with TID = 140736800491200 read: Tempura
Thread with TID = 140736458655424 read: Falafel Wrap
Thread with TID = 140736469141184 read: Cupcake
Thread with TID = 140736437683904 read: Hot Fudge Sundae
Thread with TID = 140736571901632 read: Espresso
Thread with TID = 140736479626944 read: Burrito
Thread with TID = 140736324437696 read: Bagel Sandwich
Thread with TID = 140736313951936 read: Teriyaki Chicken Bowl
Thread with TID = 140736334923456 read: Iced Tea
Thread with TID = 140736448169664 read: Gyro Sandwich
Thread with TID = 140736427198144 read: Potato Chips
Thread with TID = 140736345409216 read: Pancakes
Thread with TID = 140736303466176 read: Popcorn
Thread with TID = 140736211191488 read: Margherita Pizza
Thread with TID = 140736292980416 read: Pita Chips
Thread with TID = 140736200705728 read: Chili Dog
Thread with TID = 140736190219968 read: Sweet Tea
Thread with TID = 140736158762688 read: Hot Dog
Thread with TID = 140736179734208 read: Guacamole Dip
Thread with TID = 140736169248448 read: Breakfast Burrito
Thread with TID = 140736066488000 read: Sushi Roll
Thread with TID = 140736056002240 read: Stuffed Crust Pizza
Thread with TID = 140736076973760 read: Bottled Water
Thread with TID = 140736045516480 read: Dim Sum
Thread with TID = 140736035030720 read: Cherry Pie
Thread with TID = 140736024544960 read: Coffee
Thread with TID = 140735993087680 read: Omelette
Thread with TID = 140735972116160 read: Donut
Thread with TID = 140735951144640 read: Root Beer
Thread with TID = 140736003573440 read: Diet Cola
Thread with TID = 140735919687360 read: Garlic Breadsticks
Thread with TID = 140735930173120 read: Taco
Thread with TID = 140735961630400 read: Milkshake
Thread with TID = 140735940658880 read: Veggie Burger
Thread with TID = 140736014059200 read: Pizza Slice
Thread with TID = 140735898715840 read: Mozzarella Sticks
Thread with TID = 140735909201600 read: Cappuccino
Thread with TID = 140735982601920 read: Cinnamon Roll
Thread with TID = 140735888230080 read: Sports Drink
