Process PID: 34090
Thread with TID = 140737347847872 read: Trail Mix
Thread with TID = 140737326876352 read: Hot Chocolate
Thread with TID = 140737316390592 read: Philly Cheesesteak
Thread with TID = 140737337362112 read: Lemonade
Thread with TID = 140737196852928 read: Nachos
Thread with TID = 140737305904832 read: Tortilla Chips with Salsa
Thread with TID = 140737217824448 read: Chocolate Ice Cream
Thread with TID = 140737207338688 read: BBQ Pulled Pork Sandwich
Thread with TID = 140737186367168 read: BBQ Chicken Pizza
Thread with TID = 140737165395648 read: Chocolate Chip Cookie
Thread with TID = 140737083606720 read: Banana Split
Thread with TID = 140737175881408 read: Pad Thai
Thread with TID = 140737010206400 read: Hash Browns
Thread with TID = 140737020692160 read: Spring Rolls
Thread with TID = 140737052149440 read: Bacon Burger
Thread with TID = 140737041663680 read: French Fries
Thread with TID = 140736989234880 read: Double Cheeseburger
Thread with TID = 140736968263360 read: Grilled Chicken Wrap
Thread with TID = 140736947291840 read: Kebab Platter
Thread with TID = 140737031177920 read: Calzone
Thread with TID = 140737062635200 read: Pretzels
Thread with TID = 140736957777600 read: Spinach Dip
Thread with TID = 140736978749120 read: Energy Drink
Thread with TID = 140736999720640 read: Cheeseburger
Thread with TID = 140736936806080 read: Blueberry Muffin
Thread with TID = 140736926320320 read: Breakfast Wrap
Thread with TID = 140736915834560 read: Cola
Thread with TID = 140737073120960 read: Latte
Thread with TID = 140736905348800 read: Sweet Potato Fries
Thread with TID = 140736771131072 read: Chicken Sandwich
Thread with TID = 140736894863040 read: Quesadilla
Thread with TID = 140736815171264 read: Fried Rice
Thread with TID = 140736804685504 read: Apple Pie
Thread with TID = 140736794199744 read: Onion Rings
Thread with TID = 140736783713984 read: Fish Sandwich
Thread with TID = 140736750159552 read: Cheesecake
Thread with TID = 140736739673792 read: Egg and Cheese Muffin
Thread with TID = 140736729188032 read: Tempura
Thread with TID = 140736718702272 read: Chicken Tenders
Thread with TID = 140736708216512 read: Meatball Sub
Thread with TID = 140736697730752 read: Vanilla Ice Cream
Thread with TID = 140736760645312 read: Brownie
Thread with TID = 140736687244992 read: Pita Bread with Hummus
Thread with TID = 140736676759232 read: Chicken Nuggets
Thread with TID = 140736645301952 read: Ramen Bowl
Thread with TID = 140736634816192 read: Pepperoni Pizza
Thread with TID = 140736624330432 read: Chocolate Milkshake
Thread with TID = 140736655787712 read: Smoothie
Thread with TID = 140736603358912 read: Waffles
Thread with TID = 140736613844672 read: Curly Fries
Thread with TID = 140736666273472 read: Strawberry Milkshake
Thread with TID = 140736592873152 read: Cheese Puffs
Thread with TID = 140736550930112 read: Burrito
Thread with TID = 140736540444352 read: Cupcake
Thread with TID = 140736488015552 read: Pancakes
Thread with TID = 140736498501312 read: Potato Chips
Thread with TID = 140736477529792 read: Iced Tea
Thread with TID = 140736571901632 read: Shawarma Wrap
Thread with TID = 140736456558272 read: Teriyaki Chicken Bowl
Thread with TID = 140736561415872 read: Espresso
Thread with TID = 140736582387392 read: Croissant Sandwich
Thread with TID = 140736529958592 read: Falafel Wrap
Thread with TID = 140736519472832 read: Gyro Sandwich
Thread with TID = 140736508987072 read: Hot Fudge Sundae
Thread with TID = 140736467044032 read: Bagel Sandwich
Thread with TID = 140736414615232 read: Chili Dog
Thread with TID = 140736446072512 read: Popcorn
Thread with TID = 140736362186432 read: Bottled Water
Thread with TID = 140736404129472 read: Sweet Tea
Thread with TID = 140736435586752 read: Pita Chips
Thread with TID = 140736341214912 read: Stuffed Crust Pizza
Thread with TID = 140736372672192 read: Hot Dog
Thread with TID = 140736425100992 read: Margherita Pizza
Thread with TID = 140736383157952 read: Breakfast Burrito
Thread with TID = 140736351700672 read: Sushi Roll
Thread with TID = 140736309757632 read: Coffee
Thread with TID = 140736320243392 read: Cherry Pie
Thread with TID = 140736330729152 read: Dim Sum
Thread with TID = 140736236357312 read: Root Beer
Thread with TID = 140736257328832 read: Donut
Thread with TID = 140736278300352 read: Omelette
Thread with TID = 140736393643712 read: Guacamole Dip
Thread with TID = 140736204900032 read: Garlic Breadsticks
Thread with TID = 140736267814592 read: Cinnamon Roll
Thread with TID = 140736194414272 read: Cappuccino
Thread with TID = 140736246843072 read: Milkshake
Thread with TID = 140736173442752 read: Sports Drink
Thread with TID = 140736288786112 read: Diet Cola
Thread with TID = 140736183928512 read: Mozzarella Sticks
Thread with TID = 140736299271872 read: Pizza Slice
Thread with TID = 140736225871552 read: Veggie Burger
Thread with TID = 140736215385792 read: Taco
