Process PID: 9889
Thread with TID = 140737347847872 read: Trail Mix
Thread with TID = 140737337362112 read: Lemonade
Thread with TID = 140737326876352 read: Hot Chocolate
Thread with TID = 140737316390592 read: Philly Cheesesteak
Thread with TID = 140737175881408 read: Pad Thai
Thread with TID = 140737207338688 read: BBQ Pulled Pork Sandwich
Thread with TID = 140737123452608 read: Bacon Burger
Thread with TID = 140737133938368 read: Pretzels
Thread with TID = 140737165395648 read: Chocolate Chip Cookie
Thread with TID = 140737217824448 read: Chocolate Ice Cream
Thread with TID = 140737186367168 read: BBQ Chicken Pizza
Thread with TID = 140737060538048 read: Double Cheeseburger
Thread with TID = 140737081509568 read: Hash Browns
Thread with TID = 140737071023808 read: Cheeseburger
Thread with TID = 140737112966848 read: French Fries
Thread with TID = 140737305904832 read: Tortilla Chips with Salsa
Thread with TID = 140737102481088 read: Calzone
Thread with TID = 140737091995328 read: Spring Rolls
Thread with TID = 140737196852928 read: Nachos
Thread with TID = 140737144424128 read: Latte
Thread with TID = 140737029080768 read: Spinach Dip
Thread with TID = 140737050052288 read: Energy Drink
Thread with TID = 140736934708928 read: Apple Pie
Thread with TID = 140736955680448 read: Quesadilla
Thread with TID = 140736924223168 read: Onion Rings
Thread with TID = 140736966166208 read: Sweet Potato Fries
Thread with TID = 140736861308608 read: Chicken Tenders
Thread with TID = 140736913737408 read: Fish Sandwich
Thread with TID = 140736945194688 read: Fried Rice
Thread with TID = 140736892765888 read: Cheesecake
Thread with TID = 140736882280128 read: Egg and Cheese Muffin
Thread with TID = 140736850822848 read: Meatball Sub
Thread with TID = 140736840337088 read: Vanilla Ice Cream
Thread with TID = 140736871794368 read: Tempura
Thread with TID = 140737154909888 read: Banana Split
Thread with TID = 140737008109248 read: Blueberry Muffin
Thread with TID = 140736997623488 read: Breakfast Wrap
Thread with TID = 140737018595008 read: Kebab Platter
Thread with TID = 140736987137728 read: Cola
Thread with TID = 140736829851328 read: Pita Bread with Hummus
Thread with TID = 140736976651968 read: Chicken Sandwich
Thread with TID = 140736903251648 read: Brownie
Thread with TID = 140736613844672 read: Chicken Nuggets
Thread with TID = 140736727090880 read: Ramen Bowl
Thread with TID = 140736716605120 read: Pepperoni Pizza
Thread with TID = 140736603358912 read: Waffles
Thread with TID = 140737039566528 read: Grilled Chicken Wrap
Thread with TID = 140736706119360 read: Chocolate Milkshake
Thread with TID = 140736561415872 read: Espresso
Thread with TID = 140736748062400 read: Strawberry Milkshake
Thread with TID = 140736458655424 read: Falafel Wrap
Thread with TID = 140736479626944 read: Burrito
Thread with TID = 140736737576640 read: Smoothie
Thread with TID = 140736448169664 read: Gyro Sandwich
Thread with TID = 140736695633600 read: Curly Fries
Thread with TID = 140736592873152 read: Cheese Puffs
Thread with TID = 140736437683904 read: Hot Fudge Sundae
Thread with TID = 140736469141184 read: Cupcake
Thread with TID = 140736582387392 read: Croissant Sandwich
Thread with TID = 140736416712384 read: Pancakes
Thread with TID = 140736406226624 read: Iced Tea
Thread with TID = 140736395740864 read: Bagel Sandwich
Thread with TID = 140736571901632 read: Shawarma Wrap
Thread with TID = 140736427198144 read: Potato Chips
Thread with TID = 140736385255104 read: Teriyaki Chicken Bowl
Thread with TID = 140736374769344 read: Popcorn
Thread with TID = 140736353797824 read: Margherita Pizza
Thread with TID = 140736343312064 read: Chili Dog
Thread with TID = 140736332826304 read: Sweet Tea
Thread with TID = 140736364283584 read: Pita Chips
Thread with TID = 140736311854784 read: Breakfast Burrito
Thread with TID = 140736322340544 read: Guacamole Dip
Thread with TID = 140736301369024 read: Hot Dog
Thread with TID = 140736238454464 read: Coffee
Thread with TID = 140736227968704 read: Pizza Slice
Thread with TID = 140736269911744 read: Stuffed Crust Pizza
Thread with TID = 140736280397504 read: Sushi Roll
Thread with TID = 140736248940224 read: Cherry Pie
Thread with TID = 140736259425984 read: Dim Sum
Thread with TID = 140736290883264 read: Bottled Water
Thread with TID = 140736217482944 read: Diet Cola
Thread with TID = 140736196511424 read: Cinnamon Roll
Thread with TID = 140736186025664 read: Donut
Thread with TID = 140736206997184 read: Omelette
Thread with TID = 140736123111104 read: Cappuccino
Thread with TID = 140736175539904 read: Milkshake
Thread with TID = 140736165054144 read: Root Beer
Thread with TID = 140736133596864 read: Garlic Breadsticks
Thread with TID = 140736112625344 read: Mozzarella Sticks
Thread with TID = 140736102139584 read: Sports Drink
Thread with TID = 140736144082624 read: Taco
Thread with TID = 140736154568384 read: Veggie Burger
