Process PID: 26948
Thread with TID = 123280583296704 read: Trail Mix
Thread with TID = 123280572810944 read: Lemonade
Thread with TID = 123280551839424 read: Philly Cheesesteak
Thread with TID = 123280562325184 read: Hot Chocolate
Thread with TID = 123280541353664 read: Tortilla Chips with Salsa
Thread with TID = 123280457467584 read: Chocolate Ice Cream
Thread with TID = 123280446981824 read: BBQ Pulled Pork Sandwich
Thread with TID = 123280436496064 read: Nachos
Thread with TID = 123280426010304 read: BBQ Chicken Pizza
Thread with TID = 123280224683712 read: Bacon Burger
Thread with TID = 123280415524544 read: Pad Thai
Thread with TID = 123280405038784 read: Chocolate Chip Cookie
Thread with TID = 123280193226432 read: Spring Rolls
Thread with TID = 123280182740672 read: Hash Browns
Thread with TID = 123280130311872 read: Spinach Dip
Thread with TID = 123280109340352 read: Blueberry Muffin
Thread with TID = 123280098854592 read: Breakfast Wrap
Thread with TID = 123280088368832 read: Cola
Thread with TID = 123280046425792 read: Fried Rice
Thread with TID = 123280256140992 read: Banana Split
Thread with TID = 123280235169472 read: Pretzels
Thread with TID = 123280245655232 read: Latte
Thread with TID = 123280056911552 read: Quesadilla
Thread with TID = 123280214197952 read: French Fries
Thread with TID = 123280067397312 read: Sweet Potato Fries
Thread with TID = 123280035940032 read: Apple Pie
Thread with TID = 123280119826112 read: Kebab Platter
Thread with TID = 123280172254912 read: Cheeseburger
Thread with TID = 123280077883072 read: Chicken Sandwich
Thread with TID = 123280161769152 read: Double Cheeseburger
Thread with TID = 123280151283392 read: Energy Drink
Thread with TID = 123280203712192 read: Calzone
Thread with TID = 123279878653632 read: Meatball Sub
Thread with TID = 123279920596672 read: Cheesecake
Thread with TID = 123279910110912 read: Egg and Cheese Muffin
Thread with TID = 123279899625152 read: Tempura
Thread with TID = 123279826224832 read: Smoothie
Thread with TID = 123280004482752 read: Brownie
Thread with TID = 123279868167872 read: Vanilla Ice Cream
Thread with TID = 123279836710592 read: Strawberry Milkshake
Thread with TID = 123279847196352 read: Chicken Nuggets
Thread with TID = 123279857682112 read: Pita Bread with Hummus
Thread with TID = 123279815739072 read: Ramen Bowl
Thread with TID = 123280025454272 read: Onion Rings
Thread with TID = 123279805253312 read: Pepperoni Pizza
Thread with TID = 123280014968512 read: Fish Sandwich
Thread with TID = 123279742338752 read: Shawarma Wrap
Thread with TID = 123279773796032 read: Waffles
Thread with TID = 123279763310272 read: Cheese Puffs
Thread with TID = 123279700395712 read: Falafel Wrap
Thread with TID = 123279784281792 read: Curly Fries
Thread with TID = 123279710881472 read: Cupcake
Thread with TID = 123279889139392 read: Chicken Tenders
Thread with TID = 123279721367232 read: Burrito
Thread with TID = 123279668938432 read: Potato Chips
Thread with TID = 123280140797632 read: Grilled Chicken Wrap
Thread with TID = 123279794767552 read: Chocolate Milkshake
Thread with TID = 123279689909952 read: Gyro Sandwich
Thread with TID = 123279752824512 read: Croissant Sandwich
Thread with TID = 123279731852992 read: Espresso
Thread with TID = 123279626995392 read: Teriyaki Chicken Bowl
Thread with TID = 123279647966912 read: Iced Tea
Thread with TID = 123279658452672 read: Pancakes
Thread with TID = 123279616509632 read: Popcorn
Thread with TID = 123279637481152 read: Bagel Sandwich
Thread with TID = 123279341782720 read: Breakfast Burrito
Thread with TID = 123279362754240 read: Sweet Tea
Thread with TID = 123279352268480 read: Guacamole Dip
Thread with TID = 123279310325440 read: Sushi Roll
Thread with TID = 123279299839680 read: Stuffed Crust Pizza
Thread with TID = 123279289353920 read: Dim Sum
Thread with TID = 123279278868160 read: Cherry Pie
Thread with TID = 123279320811200 read: Bottled Water
Thread with TID = 123279606023872 read: Pita Chips
Thread with TID = 123279383725760 read: Margherita Pizza
Thread with TID = 123279373240000 read: Chili Dog
Thread with TID = 123279331296960 read: Hot Dog
Thread with TID = 123279268382400 read: Coffee
Thread with TID = 123279679424192 read: Hot Fudge Sundae
Thread with TID = 123279507457728 read: Diet Cola
Thread with TID = 123279476000448 read: Donut
Thread with TID = 123279517943488 read: Pizza Slice
Thread with TID = 123279465514688 read: Milkshake
Thread with TID = 123279496971968 read: Omelette
Thread with TID = 123279257896640 read: Root Beer
Thread with TID = 123279236925120 read: Taco
Thread with TID = 123279486486208 read: Cinnamon Roll
Thread with TID = 123279226439360 read: Garlic Breadsticks
Thread with TID = 123279247410880 read: Veggie Burger
Thread with TID = 123279215953600 read: Cappuccino
Thread with TID = 123279205467840 read: Mozzarella Sticks
Thread with TID = 123279194982080 read: Sports Drink
