Process PID: 32219
Thread with TID = 133257597290176 read: Lemonade
Thread with TID = 133257607775936 read: Trail Mix
Thread with TID = 133257586804416 read: Hot Chocolate
Thread with TID = 133257555347136 read: Chocolate Ice Cream
Thread with TID = 133257454683840 read: BBQ Chicken Pizza
Thread with TID = 133257544861376 read: BBQ Pulled Pork Sandwich
Thread with TID = 133257423226560 read: Banana Split
Thread with TID = 133257433712320 read: Chocolate Chip Cookie
Thread with TID = 133257412740800 read: Latte
Thread with TID = 133257444198080 read: Pad Thai
Thread with TID = 133257465169600 read: Nachos
Thread with TID = 133257565832896 read: Tortilla Chips with Salsa
Thread with TID = 133257576318656 read: Philly Cheesesteak
Thread with TID = 133257402255040 read: Pretzels
Thread with TID = 133257349826240 read: Hash Browns
Thread with TID = 133257360312000 read: Spring Rolls
Thread with TID = 133257221899968 read: Spinach Dip
Thread with TID = 133257211414208 read: Kebab Platter
Thread with TID = 133257381283520 read: French Fries
Thread with TID = 133257190442688 read: Breakfast Wrap
Thread with TID = 133257391769280 read: Bacon Burger
Thread with TID = 133257158985408 read: Sweet Potato Fries
Thread with TID = 133257263843008 read: Cheeseburger
Thread with TID = 133257370797760 read: Calzone
Thread with TID = 133257253357248 read: Double Cheeseburger
Thread with TID = 133257179956928 read: Cola
Thread with TID = 133257242871488 read: Energy Drink
Thread with TID = 133257200928448 read: Blueberry Muffin
Thread with TID = 133257169471168 read: Chicken Sandwich
Thread with TID = 133257232385728 read: Grilled Chicken Wrap
Thread with TID = 133257148499648 read: Quesadilla
Thread with TID = 133257138013888 read: Fried Rice
Thread with TID = 133257127528128 read: Apple Pie
Thread with TID = 133257117042368 read: Onion Rings
Thread with TID = 133257096070848 read: Brownie
Thread with TID = 133257106556608 read: Fish Sandwich
Thread with TID = 133257085585088 read: Cheesecake
Thread with TID = 133257075099328 read: Egg and Cheese Muffin
Thread with TID = 133257033156288 read: Vanilla Ice Cream
Thread with TID = 133257043642048 read: Meatball Sub
Thread with TID = 133257022670528 read: Pita Bread with Hummus
Thread with TID = 133256959755968 read: Chocolate Milkshake
Thread with TID = 133256949270208 read: Curly Fries
Thread with TID = 133256938784448 read: Waffles
Thread with TID = 133256928298688 read: Cheese Puffs
Thread with TID = 133257064613568 read: Tempura
Thread with TID = 133256980727488 read: Ramen Bowl
Thread with TID = 133256970241728 read: Pepperoni Pizza
Thread with TID = 133257012184768 read: Chicken Nuggets
Thread with TID = 133257001699008 read: Strawberry Milkshake
Thread with TID = 133256991213248 read: Smoothie
Thread with TID = 133257054127808 read: Chicken Tenders
Thread with TID = 133256907327168 read: Shawarma Wrap
Thread with TID = 133256875869888 read: Cupcake
Thread with TID = 133256886355648 read: Burrito
Thread with TID = 133256773109440 read: Hot Fudge Sundae
Thread with TID = 133256896841408 read: Espresso
Thread with TID = 133256794080960 read: Falafel Wrap
Thread with TID = 133256917812928 read: Croissant Sandwich
Thread with TID = 133256762623680 read: Potato Chips
Thread with TID = 133256783595200 read: Gyro Sandwich
Thread with TID = 133256741652160 read: Iced Tea
Thread with TID = 133256731166400 read: Bagel Sandwich
Thread with TID = 133256752137920 read: Pancakes
Thread with TID = 133256710194880 read: Popcorn
Thread with TID = 133256699709120 read: Pita Chips
Thread with TID = 133256678737600 read: Chili Dog
Thread with TID = 133256657766080 read: Guacamole Dip
Thread with TID = 133256720680640 read: Teriyaki Chicken Bowl
Thread with TID = 133256689223360 read: Margherita Pizza
Thread with TID = 133256668251840 read: Sweet Tea
Thread with TID = 133256647280320 read: Breakfast Burrito
Thread with TID = 133256615823040 read: Sushi Roll
Thread with TID = 133256605337280 read: Stuffed Crust Pizza
Thread with TID = 133256594851520 read: Dim Sum
Thread with TID = 133256636794560 read: Hot Dog
Thread with TID = 133256626308800 read: Bottled Water
Thread with TID = 133256563394240 read: Pizza Slice
Thread with TID = 133256584365760 read: Cherry Pie
Thread with TID = 133256521451200 read: Donut
Thread with TID = 133256500479680 read: Root Beer
Thread with TID = 133256552908480 read: Diet Cola
Thread with TID = 133256489993920 read: Veggie Burger
Thread with TID = 133256479508160 read: Taco
Thread with TID = 133256531936960 read: Cinnamon Roll
Thread with TID = 133256573880000 read: Coffee
Thread with TID = 133256469022400 read: Garlic Breadsticks
Thread with TID = 133256458536640 read: Cappuccino
Thread with TID = 133256510965440 read: Milkshake
Thread with TID = 133256542422720 read: Omelette
Thread with TID = 133256448050880 read: Mozzarella Sticks
Thread with TID = 133256437565120 read: Sports Drink
