Process PID: 30201
Thread with TID = 138793904506560 read: Banana Split
Thread with TID = 138794112124608 read: Tortilla Chips with Salsa
Thread with TID = 138794091153088 read: BBQ Pulled Pork Sandwich
Thread with TID = 138793757705920 read: Blueberry Muffin
Thread with TID = 138794122610368 read: Philly Cheesesteak
Thread with TID = 138794101638848 read: Chocolate Ice Cream
Thread with TID = 138794080667328 read: Nachos
Thread with TID = 138793883535040 read: Pretzels
Thread with TID = 138793820620480 read: Cheeseburger
Thread with TID = 138793935963840 read: BBQ Chicken Pizza
Thread with TID = 138793925478080 read: Pad Thai
Thread with TID = 138793831106240 read: Hash Browns
Thread with TID = 138793873049280 read: Bacon Burger
Thread with TID = 138793894020800 read: Latte
Thread with TID = 138793789163200 read: Grilled Chicken Wrap
Thread with TID = 138793778677440 read: Spinach Dip
Thread with TID = 138793768191680 read: Kebab Platter
Thread with TID = 138794133096128 read: Hot Chocolate
Thread with TID = 138793841592000 read: Spring Rolls
Thread with TID = 138794070181568 read: Breakfast Wrap
Thread with TID = 138794049210048 read: Chicken Sandwich
Thread with TID = 138793914992320 read: Chocolate Chip Cookie
Thread with TID = 138794154067648 read: Trail Mix
Thread with TID = 138793810134720 read: Double Cheeseburger
Thread with TID = 138794143581888 read: Lemonade
Thread with TID = 138793799648960 read: Energy Drink
Thread with TID = 138793862563520 read: French Fries
Thread with TID = 138794059695808 read: Cola
Thread with TID = 138793852077760 read: Calzone
Thread with TID = 138794038724288 read: Sweet Potato Fries
Thread with TID = 138793657042624 read: Fish Sandwich
Thread with TID = 138793946449600 read: Fried Rice
Thread with TID = 138793636071104 read: Cheesecake
Thread with TID = 138793678014144 read: Apple Pie
Thread with TID = 138793646556864 read: Brownie
Thread with TID = 138793625585344 read: Egg and Cheese Muffin
Thread with TID = 138794028238528 read: Quesadilla
Thread with TID = 138793533310656 read: Chicken Tenders
Thread with TID = 138793543796416 read: Tempura
Thread with TID = 138793667528384 read: Onion Rings
Thread with TID = 138793522824896 read: Meatball Sub
Thread with TID = 138793512339136 read: Vanilla Ice Cream
Thread with TID = 138793501853376 read: Pita Bread with Hummus
Thread with TID = 138793399092928 read: Smoothie
Thread with TID = 138793254389440 read: Croissant Sandwich
Thread with TID = 138793388607168 read: Ramen Bowl
Thread with TID = 138793233417920 read: Espresso
Thread with TID = 138793378121408 read: Pepperoni Pizza
Thread with TID = 138793264875200 read: Cheese Puffs
Thread with TID = 138793243903680 read: Shawarma Wrap
Thread with TID = 138793367635648 read: Chocolate Milkshake
Thread with TID = 138793222932160 read: Burrito
Thread with TID = 138793357149888 read: Curly Fries
Thread with TID = 138793491367616 read: Chicken Nuggets
Thread with TID = 138793409578688 read: Strawberry Milkshake
Thread with TID = 138793275360960 read: Waffles
Thread with TID = 138793141143232 read: Cupcake
Thread with TID = 138793130657472 read: Falafel Wrap
Thread with TID = 138793120171712 read: Gyro Sandwich
Thread with TID = 138792985953984 read: Teriyaki Chicken Bowl
Thread with TID = 138793088714432 read: Pancakes
Thread with TID = 138793006925504 read: Iced Tea
Thread with TID = 138792964982464 read: Pita Chips
Thread with TID = 138792996439744 read: Bagel Sandwich
Thread with TID = 138793109685952 read: Hot Fudge Sundae
Thread with TID = 138792975468224 read: Popcorn
Thread with TID = 138792954496704 read: Margherita Pizza
Thread with TID = 138793099200192 read: Potato Chips
Thread with TID = 138792872707776 read: Chili Dog
Thread with TID = 138792851736256 read: Guacamole Dip
Thread with TID = 138792830764736 read: Hot Dog
Thread with TID = 138792809793216 read: Sushi Roll
Thread with TID = 138792862222016 read: Sweet Tea
Thread with TID = 138792799307456 read: Stuffed Crust Pizza
Thread with TID = 138792820278976 read: Bottled Water
Thread with TID = 138792841250496 read: Breakfast Burrito
Thread with TID = 138792788821696 read: Dim Sum
Thread with TID = 138792778335936 read: Cherry Pie
Thread with TID = 138792746878656 read: Diet Cola
Thread with TID = 138792736392896 read: Omelette
Thread with TID = 138792704935616 read: Milkshake
Thread with TID = 138792715421376 read: Donut
Thread with TID = 138792767850176 read: Coffee
Thread with TID = 138792757364416 read: Pizza Slice
Thread with TID = 138792725907136 read: Cinnamon Roll
Thread with TID = 138792694449856 read: Root Beer
Thread with TID = 138792673478336 read: Taco
Thread with TID = 138792683964096 read: Veggie Burger
Thread with TID = 138792652506816 read: Cappuccino
Thread with TID = 138792642021056 read: Mozzarella Sticks
Thread with TID = 138792662992576 read: Garlic Breadsticks
Thread with TID = 138792631535296 read: Sports Drink
