Process PID: 7657
Thread with TID = 140737274447552 read: Nachos
Thread with TID = 140737295419072 read: Chocolate Ice Cream
Thread with TID = 140737119258304 read: Pad Thai
Thread with TID = 140737347847872 read: Trail Mix
Thread with TID = 140737337362112 read: Lemonade
Thread with TID = 140737326876352 read: Hot Chocolate
Thread with TID = 140737253476032 read: Chocolate Chip Cookie
Thread with TID = 140737316390592 read: Philly Cheesesteak
Thread with TID = 140737284933312 read: BBQ Pulled Pork Sandwich
Thread with TID = 140737232504512 read: Latte
Thread with TID = 140737150715584 read: Pretzels
Thread with TID = 140737263961792 read: BBQ Chicken Pizza
Thread with TID = 140737305904832 read: Tortilla Chips with Salsa
Thread with TID = 140737242990272 read: Banana Split
Thread with TID = 140737098286784 read: Spring Rolls
Thread with TID = 140737006012096 read: Cheeseburger
Thread with TID = 140737108772544 read: Calzone
Thread with TID = 140737140229824 read: Bacon Burger
Thread with TID = 140737129744064 read: French Fries
Thread with TID = 140737016497856 read: Hash Browns
Thread with TID = 140736995526336 read: Double Cheeseburger
Thread with TID = 140736985040576 read: Energy Drink
Thread with TID = 140736964069056 read: Spinach Dip
Thread with TID = 140736974554816 read: Grilled Chicken Wrap
Thread with TID = 140736882280128 read: Kebab Platter
Thread with TID = 140736850822848 read: Cola
Thread with TID = 140736871794368 read: Blueberry Muffin
Thread with TID = 140736613844672 read: Quesadilla
Thread with TID = 140736829851328 read: Sweet Potato Fries
Thread with TID = 140736603358912 read: Fried Rice
Thread with TID = 140736861308608 read: Breakfast Wrap
Thread with TID = 140736840337088 read: Chicken Sandwich
Thread with TID = 140736592873152 read: Apple Pie
Thread with TID = 140736582387392 read: Onion Rings
Thread with TID = 140736571901632 read: Fish Sandwich
Thread with TID = 140736561415872 read: Brownie
Thread with TID = 140736550930112 read: Cheesecake
Thread with TID = 140736540444352 read: Egg and Cheese Muffin
Thread with TID = 140736508987072 read: Meatball Sub
Thread with TID = 140736498501312 read: Vanilla Ice Cream
Thread with TID = 140736529958592 read: Tempura
Thread with TID = 140736519472832 read: Chicken Tenders
Thread with TID = 140736477529792 read: Chicken Nuggets
Thread with TID = 140736467044032 read: Strawberry Milkshake
Thread with TID = 140736488015552 read: Pita Bread with Hummus
Thread with TID = 140736446072512 read: Ramen Bowl
Thread with TID = 140736456558272 read: Smoothie
Thread with TID = 140736435586752 read: Pepperoni Pizza
Thread with TID = 140736372672192 read: Shawarma Wrap
Thread with TID = 140736393643712 read: Cheese Puffs
Thread with TID = 140736341214912 read: Cupcake
Thread with TID = 140736362186432 read: Espresso
Thread with TID = 140736330729152 read: Falafel Wrap
Thread with TID = 140736425100992 read: Chocolate Milkshake
Thread with TID = 140736414615232 read: Curly Fries
Thread with TID = 140736404129472 read: Waffles
Thread with TID = 140736320243392 read: Gyro Sandwich
Thread with TID = 140736383157952 read: Croissant Sandwich
Thread with TID = 140736351700672 read: Burrito
Thread with TID = 140736309757632 read: Hot Fudge Sundae
Thread with TID = 140736299271872 read: Potato Chips
Thread with TID = 140736288786112 read: Pancakes
Thread with TID = 140736257328832 read: Teriyaki Chicken Bowl
Thread with TID = 140736278300352 read: Iced Tea
Thread with TID = 140736267814592 read: Bagel Sandwich
Thread with TID = 140736246843072 read: Popcorn
Thread with TID = 140736236357312 read: Pita Chips
Thread with TID = 140736225871552 read: Margherita Pizza
Thread with TID = 140736215385792 read: Chili Dog
Thread with TID = 140736204900032 read: Sweet Tea
Thread with TID = 140736194414272 read: Guacamole Dip
Thread with TID = 140736173442752 read: Hot Dog
Thread with TID = 140736183928512 read: Breakfast Burrito
Thread with TID = 140736162956992 read: Bottled Water
Thread with TID = 140736152471232 read: Sushi Roll
Thread with TID = 140736141985472 read: Stuffed Crust Pizza
Thread with TID = 140736131499712 read: Dim Sum
Thread with TID = 140736121013952 read: Cherry Pie
Thread with TID = 140736110528192 read: Coffee
Thread with TID = 140736100042432 read: Pizza Slice
Thread with TID = 140736089556672 read: Diet Cola
Thread with TID = 140736079070912 read: Omelette
Thread with TID = 140736068585152 read: Cinnamon Roll
Thread with TID = 140736058099392 read: Donut
Thread with TID = 140736047613632 read: Milkshake
Thread with TID = 140736037127872 read: Root Beer
Thread with TID = 140736026642112 read: Veggie Burger
Thread with TID = 140736016156352 read: Taco
Thread with TID = 140736005670592 read: Garlic Breadsticks
Thread with TID = 140735995184832 read: Cappuccino
Thread with TID = 140735974213312 read: Sports Drink
Thread with TID = 140735984699072 read: Mozzarella Sticks
