Process PID: 18507
Thread with TID = 124191005214400 read: Trail Mix
Thread with TID = 124190984242880 read: Hot Chocolate
Thread with TID = 124190963271360 read: Tortilla Chips with Salsa
Thread with TID = 124190994728640 read: Lemonade
Thread with TID = 124190952785600 read: Chocolate Ice Cream
Thread with TID = 124190942299840 read: BBQ Pulled Pork Sandwich
Thread with TID = 124190845830848 read: BBQ Chicken Pizza
Thread with TID = 124190856316608 read: Nachos
Thread with TID = 124190973757120 read: Philly Cheesesteak
Thread with TID = 124190835345088 read: Pad Thai
Thread with TID = 124190824859328 read: Chocolate Chip Cookie
Thread with TID = 124190814373568 read: Banana Split
Thread with TID = 124190803887808 read: Latte
Thread with TID = 124190701127360 read: French Fries
Thread with TID = 124190648698560 read: Double Cheeseburger
Thread with TID = 124190669670080 read: Hash Browns
Thread with TID = 124190690641600 read: Calzone
Thread with TID = 124190680155840 read: Spring Rolls
Thread with TID = 124190722098880 read: Pretzels
Thread with TID = 124190627727040 read: Grilled Chicken Wrap
Thread with TID = 124190520772288 read: Blueberry Muffin
Thread with TID = 124190499800768 read: Cola
Thread with TID = 124190510286528 read: Breakfast Wrap
Thread with TID = 124190711613120 read: Bacon Burger
Thread with TID = 124190457857728 read: Fried Rice
Thread with TID = 124190489315008 read: Chicken Sandwich
Thread with TID = 124190606755520 read: Kebab Platter
Thread with TID = 124190478829248 read: Sweet Potato Fries
Thread with TID = 124190638212800 read: Energy Drink
Thread with TID = 124190617241280 read: Spinach Dip
Thread with TID = 124190468343488 read: Quesadilla
Thread with TID = 124190319445696 read: Onion Rings
Thread with TID = 124190132799168 read: Strawberry Milkshake
Thread with TID = 124190164256448 read: Vanilla Ice Cream
Thread with TID = 124190122313408 read: Smoothie
Thread with TID = 124190277502656 read: Egg and Cheese Muffin
Thread with TID = 124190090856128 read: Chocolate Milkshake
Thread with TID = 124190080370368 read: Curly Fries
Thread with TID = 124190069884608 read: Waffles
Thread with TID = 124190298474176 read: Brownie
Thread with TID = 124190174742208 read: Meatball Sub
Thread with TID = 124190287988416 read: Cheesecake
Thread with TID = 124190048913088 read: Croissant Sandwich
Thread with TID = 124190059398848 read: Cheese Puffs
Thread with TID = 124190267016896 read: Tempura
Thread with TID = 124190308959936 read: Fish Sandwich
Thread with TID = 124190185227968 read: Chicken Tenders
Thread with TID = 124190111827648 read: Ramen Bowl
Thread with TID = 124190038427328 read: Shawarma Wrap
Thread with TID = 124190143284928 read: Chicken Nuggets
Thread with TID = 124190017455808 read: Burrito
Thread with TID = 124190153770688 read: Pita Bread with Hummus
Thread with TID = 124190101341888 read: Pepperoni Pizza
Thread with TID = 124190027941568 read: Espresso
Thread with TID = 124190659184320 read: Cheeseburger
Thread with TID = 124190447371968 read: Apple Pie
Thread with TID = 124190436886208 read: Falafel Wrap
Thread with TID = 124190426400448 read: Gyro Sandwich
Thread with TID = 124190415914688 read: Hot Fudge Sundae
Thread with TID = 124190405428928 read: Potato Chips
Thread with TID = 124189996484288 read: Pancakes
Thread with TID = 124190006970048 read: Cupcake
Thread with TID = 124189916792512 read: Iced Tea
Thread with TID = 124189906306752 read: Bagel Sandwich
Thread with TID = 124189885335232 read: Popcorn
Thread with TID = 124189864363712 read: Margherita Pizza
Thread with TID = 124189874849472 read: Pita Chips
Thread with TID = 124189853877952 read: Chili Dog
Thread with TID = 124189843392192 read: Sweet Tea
Thread with TID = 124189895820992 read: Teriyaki Chicken Bowl
Thread with TID = 124189832906432 read: Guacamole Dip
Thread with TID = 124189822420672 read: Breakfast Burrito
Thread with TID = 124189811934912 read: Hot Dog
Thread with TID = 124189801449152 read: Bottled Water
Thread with TID = 124189790963392 read: Sushi Roll
Thread with TID = 124189749020352 read: Coffee
Thread with TID = 124189780477632 read: Stuffed Crust Pizza
Thread with TID = 124189728048832 read: Diet Cola
Thread with TID = 124189759506112 read: Cherry Pie
Thread with TID = 124189738534592 read: Pizza Slice
Thread with TID = 124189769991872 read: Dim Sum
Thread with TID = 124189717563072 read: Omelette
Thread with TID = 124189707077312 read: Cinnamon Roll
Thread with TID = 124189696591552 read: Donut
Thread with TID = 124189686105792 read: Milkshake
Thread with TID = 124189675620032 read: Root Beer
Thread with TID = 124189665134272 read: Veggie Burger
Thread with TID = 124189644162752 read: Garlic Breadsticks
Thread with TID = 124189633676992 read: Cappuccino
Thread with TID = 124189654648512 read: Taco
Thread with TID = 124189623191232 read: Mozzarella Sticks
Thread with TID = 124189612705472 read: Sports Drink
