Process PID: 37185
Thread with TID = 133515066738368 read: Trail Mix
Thread with TID = 133515045766848 read: Hot Chocolate
Thread with TID = 133515035281088 read: Philly Cheesesteak
Thread with TID = 133514940909248 read: Latte
Thread with TID = 133515014309568 read: Chocolate Ice Cream
Thread with TID = 133514982852288 read: BBQ Chicken Pizza
Thread with TID = 133514972366528 read: Pad Thai
Thread with TID = 133514804594368 read: Blueberry Muffin
Thread with TID = 133515056252608 read: Lemonade
Thread with TID = 133514909451968 read: French Fries
Thread with TID = 133515024795328 read: Tortilla Chips with Salsa
Thread with TID = 133514898966208 read: Calzone
Thread with TID = 133514762651328 read: Sweet Potato Fries
Thread with TID = 133514888480448 read: Spring Rolls
Thread with TID = 133514961880768 read: Chocolate Chip Cookie
Thread with TID = 133514951395008 read: Banana Split
Thread with TID = 133514930423488 read: Pretzels
Thread with TID = 133514783622848 read: Cola
Thread with TID = 133514919937728 read: Bacon Burger
Thread with TID = 133514836051648 read: Grilled Chicken Wrap
Thread with TID = 133514825565888 read: Spinach Dip
Thread with TID = 133514815080128 read: Kebab Platter
Thread with TID = 133514794108608 read: Breakfast Wrap
Thread with TID = 133514773137088 read: Chicken Sandwich
Thread with TID = 133514846537408 read: Energy Drink
Thread with TID = 133515003823808 read: BBQ Pulled Pork Sandwich
Thread with TID = 133514867508928 read: Cheeseburger
Thread with TID = 133514877994688 read: Hash Browns
Thread with TID = 133514993338048 read: Nachos
Thread with TID = 133514752165568 read: Quesadilla
Thread with TID = 133514710222528 read: Fish Sandwich
Thread with TID = 133514626336448 read: Brownie
Thread with TID = 133514720708288 read: Onion Rings
Thread with TID = 133514594879168 read: Tempura
Thread with TID = 133514615850688 read: Cheesecake
Thread with TID = 133514584393408 read: Chicken Tenders
Thread with TID = 133514414524096 read: Pita Bread with Hummus
Thread with TID = 133514425009856 read: Vanilla Ice Cream
Thread with TID = 133514741679808 read: Fried Rice
Thread with TID = 133514605364928 read: Egg and Cheese Muffin
Thread with TID = 133514573907648 read: Meatball Sub
Thread with TID = 133514731194048 read: Apple Pie
Thread with TID = 133514857023168 read: Double Cheeseburger
Thread with TID = 133514404038336 read: Chicken Nuggets
Thread with TID = 133514393552576 read: Strawberry Milkshake
Thread with TID = 133514372581056 read: Ramen Bowl
Thread with TID = 133514383066816 read: Smoothie
Thread with TID = 133514290792128 read: Pepperoni Pizza
Thread with TID = 133514280306368 read: Chocolate Milkshake
Thread with TID = 133514269820608 read: Curly Fries
Thread with TID = 133514259334848 read: Waffles
Thread with TID = 133514248849088 read: Cheese Puffs
Thread with TID = 133514156574400 read: Shawarma Wrap
Thread with TID = 133514146088640 read: Espresso
Thread with TID = 133514135602880 read: Burrito
Thread with TID = 133514125117120 read: Cupcake
Thread with TID = 133514238363328 read: Croissant Sandwich
Thread with TID = 133514114631360 read: Falafel Wrap
Thread with TID = 133514104145600 read: Gyro Sandwich
Thread with TID = 133514022356672 read: Hot Fudge Sundae
Thread with TID = 133514001385152 read: Pancakes
Thread with TID = 133513980413632 read: Bagel Sandwich
Thread with TID = 133513990899392 read: Iced Tea
Thread with TID = 133514011870912 read: Potato Chips
Thread with TID = 133513969927872 read: Teriyaki Chicken Bowl
Thread with TID = 133513888138944 read: Popcorn
Thread with TID = 133513877653184 read: Pita Chips
Thread with TID = 133513856681664 read: Chili Dog
Thread with TID = 133513846195904 read: Sweet Tea
Thread with TID = 133513867167424 read: Margherita Pizza
Thread with TID = 133513835710144 read: Guacamole Dip
Thread with TID = 133513825224384 read: Breakfast Burrito
Thread with TID = 133513804252864 read: Bottled Water
Thread with TID = 133513814738624 read: Hot Dog
Thread with TID = 133513793767104 read: Sushi Roll
Thread with TID = 133513783281344 read: Stuffed Crust Pizza
Thread with TID = 133513772795584 read: Dim Sum
Thread with TID = 133513762309824 read: Cherry Pie
Thread with TID = 133513751824064 read: Coffee
Thread with TID = 133513741338304 read: Pizza Slice
Thread with TID = 133513730852544 read: Diet Cola
Thread with TID = 133513720366784 read: Omelette
Thread with TID = 133513709881024 read: Cinnamon Roll
Thread with TID = 133513699395264 read: Donut
Thread with TID = 133513688909504 read: Milkshake
Thread with TID = 133513678423744 read: Root Beer
Thread with TID = 133513667937984 read: Veggie Burger
Thread with TID = 133513657452224 read: Taco
Thread with TID = 133513646966464 read: Garlic Breadsticks
Thread with TID = 133513636480704 read: Cappuccino
Thread with TID = 133513625994944 read: Mozzarella Sticks
Thread with TID = 133513615509184 read: Sports Drink
