Process PID: 35169
Thread with TID = 132514265958080 read: Trail Mix
Thread with TID = 132514255472320 read: Lemonade
Thread with TID = 132514244986560 read: Hot Chocolate
Thread with TID = 132514058340032 read: Pretzels
Thread with TID = 132514037368512 read: French Fries
Thread with TID = 132514213529280 read: Chocolate Ice Cream
Thread with TID = 132514224015040 read: Tortilla Chips with Salsa
Thread with TID = 132514234500800 read: Philly Cheesesteak
Thread with TID = 132514100283072 read: Pad Thai
Thread with TID = 132514192557760 read: Nachos
Thread with TID = 132514203043520 read: BBQ Pulled Pork Sandwich
Thread with TID = 132514182072000 read: BBQ Chicken Pizza
Thread with TID = 132514089797312 read: Chocolate Chip Cookie
Thread with TID = 132514016396992 read: Spring Rolls
Thread with TID = 132514068825792 read: Latte
Thread with TID = 132514047854272 read: Bacon Burger
Thread with TID = 132514026882752 read: Calzone
Thread with TID = 132514079311552 read: Banana Split
Thread with TID = 132513995425472 read: Cheeseburger
Thread with TID = 132513984939712 read: Double Cheeseburger
Thread with TID = 132514005911232 read: Hash Browns
Thread with TID = 132513867499200 read: Kebab Platter
Thread with TID = 132513857013440 read: Blueberry Muffin
Thread with TID = 132513764738752 read: Cola
Thread with TID = 132513846527680 read: Breakfast Wrap
Thread with TID = 132513722795712 read: Fried Rice
Thread with TID = 132513743767232 read: Sweet Potato Fries
Thread with TID = 132513754252992 read: Chicken Sandwich
Thread with TID = 132513733281472 read: Quesadilla
Thread with TID = 132513898956480 read: Energy Drink
Thread with TID = 132513701824192 read: Onion Rings
Thread with TID = 132513680852672 read: Brownie
Thread with TID = 132513691338432 read: Fish Sandwich
Thread with TID = 132513670366912 read: Cheesecake
Thread with TID = 132513888470720 read: Grilled Chicken Wrap
Thread with TID = 132513877984960 read: Spinach Dip
Thread with TID = 132513659881152 read: Egg and Cheese Muffin
Thread with TID = 132513542440640 read: Vanilla Ice Cream
Thread with TID = 132513649395392 read: Tempura
Thread with TID = 132513712309952 read: Apple Pie
Thread with TID = 132513563412160 read: Chicken Tenders
Thread with TID = 132513552926400 read: Meatball Sub
Thread with TID = 132513521469120 read: Chicken Nuggets
Thread with TID = 132513531954880 read: Pita Bread with Hummus
Thread with TID = 132513490011840 read: Ramen Bowl
Thread with TID = 132513479526080 read: Pepperoni Pizza
Thread with TID = 132513469040320 read: Chocolate Milkshake
Thread with TID = 132513406125760 read: Espresso
Thread with TID = 132513458554560 read: Curly Fries
Thread with TID = 132513374668480 read: Falafel Wrap
Thread with TID = 132513385154240 read: Cupcake
Thread with TID = 132513500497600 read: Smoothie
Thread with TID = 132513510983360 read: Strawberry Milkshake
Thread with TID = 132513437583040 read: Cheese Puffs
Thread with TID = 132513364182720 read: Gyro Sandwich
Thread with TID = 132513416611520 read: Shawarma Wrap
Thread with TID = 132513395640000 read: Burrito
Thread with TID = 132513427097280 read: Croissant Sandwich
Thread with TID = 132513448068800 read: Waffles
Thread with TID = 132513196410560 read: Margherita Pizza
Thread with TID = 132513353696960 read: Potato Chips
Thread with TID = 132513154467520 read: Breakfast Burrito
Thread with TID = 132513206896320 read: Pita Chips
Thread with TID = 132513343211200 read: Pancakes
Thread with TID = 132513311753920 read: Teriyaki Chicken Bowl
Thread with TID = 132513185924800 read: Chili Dog
Thread with TID = 132513175439040 read: Sweet Tea
Thread with TID = 132513227867840 read: Hot Fudge Sundae
Thread with TID = 132513164953280 read: Guacamole Dip
Thread with TID = 132513322239680 read: Bagel Sandwich
Thread with TID = 132513143981760 read: Hot Dog
Thread with TID = 132513332725440 read: Iced Tea
Thread with TID = 132513133496000 read: Bottled Water
Thread with TID = 132513123010240 read: Sushi Roll
Thread with TID = 132513217382080 read: Popcorn
Thread with TID = 132513102038720 read: Dim Sum
Thread with TID = 132513112524480 read: Stuffed Crust Pizza
Thread with TID = 132513091552960 read: Cherry Pie
Thread with TID = 132513039124160 read: Cinnamon Roll
Thread with TID = 132512997181120 read: Veggie Burger
Thread with TID = 132512986695360 read: Taco
Thread with TID = 132513028638400 read: Donut
Thread with TID = 132512944752320 read: Sports Drink
Thread with TID = 132512976209600 read: Garlic Breadsticks
Thread with TID = 132513007666880 read: Root Beer
Thread with TID = 132513081067200 read: Coffee
Thread with TID = 132513070581440 read: Pizza Slice
Thread with TID = 132513060095680 read: Diet Cola
Thread with TID = 132513049609920 read: Omelette
Thread with TID = 132513018152640 read: Milkshake
Thread with TID = 132512965723840 read: Cappuccino
Thread with TID = 132512955238080 read: Mozzarella Sticks
