Process PID: 17171
Thread with TID = 135204192650944 read: Dry Shampoo
Thread with TID = 135204182165184 read: Hair Oil
Thread with TID = 135204213622464 read: Essence
Thread with TID = 135204171679424 read: Shaving Cream
Thread with TID = 135204161193664 read: Mascara
Thread with TID = 135204224108224 read: Cleansing Oil
Thread with TID = 135204203136704 read: Hair Curler
Thread with TID = 135204150707904 read: Bronzer
Thread with TID = 135204129736384 read: Micellar Water
Thread with TID = 135203347498688 read: Eyeliner
Thread with TID = 135203357984448 read: Makeup Remover
Thread with TID = 135203253126848 read: Beard Oil
Thread with TID = 135203190212288 read: Compact Powder
Thread with TID = 135203022440128 read: Body Butter
Thread with TID = 135203993421504 read: Nail Buffer
Thread with TID = 135204003907264 read: Hair Shampoo
Thread with TID = 135204014393024 read: BB Cream
Thread with TID = 135204108764864 read: Face Mask
Thread with TID = 135203232155328 read: Peel-Off Mask
Thread with TID = 135203211183808 read: Nail Strengthener
Thread with TID = 135203972449984 read: Hairbrush
Thread with TID = 135203074868928 read: Hair Dryer
Thread with TID = 135202990982848 read: Hair Gel
Thread with TID = 135203053897408 read: Hair Straightener
Thread with TID = 135203011954368 read: Nail Polish
Thread with TID = 135203221669568 read: Toner
Thread with TID = 135203263612608 read: CC Cream
Thread with TID = 135203043411648 read: Hair Conditioner
Thread with TID = 135203200698048 read: Acne Treatment
Thread with TID = 135203064383168 read: Concealer
Thread with TID = 135203001468608 read: Blush
Thread with TID = 135204024878784 read: Detangler Spray
Thread with TID = 135203284584128 read: Hair Mask
Thread with TID = 135203242641088 read: Anti-Aging Cream
Thread with TID = 135203179726528 read: Exfoliator
Thread with TID = 135203148269248 read: Aftershave Balm
Thread with TID = 135203137783488 read: Scrub
Thread with TID = 135203169240768 read: Highlighter
Thread with TID = 135204119250624 read: Clay Mask
Thread with TID = 135203295069888 read: Eyeshadow Palette
Thread with TID = 135203095840448 read: Body Mist
Thread with TID = 135203158755008 read: Hair Wax
Thread with TID = 135203274098368 read: Body Lotion
Thread with TID = 135203085354688 read: Hair Mousse
Thread with TID = 135203106326208 read: Leave-In Conditioner
Thread with TID = 135203982935744 read: Sunscreen
Thread with TID = 135203032925888 read: Hand Cream
Thread with TID = 135203127297728 read: Lipstick
Thread with TID = 135204140222144 read: Lip Liner
Thread with TID = 135203823552192 read: Face Serum
Thread with TID = 135203116811968 read: Foot Cream
Thread with TID = 135203813066432 read: Lip Scrub
Thread with TID = 135203611739840 read: Cuticle Cream
Thread with TID = 135203771123392 read: Lip Gloss
Thread with TID = 135203802580672 read: Face Powder
Thread with TID = 135203792094912 read: Perfume
Thread with TID = 135203622225600 read: Sheet Mask
Thread with TID = 135203781609152 read: Heat Protection Spray
Thread with TID = 135203601254080 read: Cuticle Oil
Thread with TID = 135203569796800 read: Comb
Thread with TID = 135203420899008 read: Beard Balm
Thread with TID = 135203590768320 read: Hair Serum
Thread with TID = 135203580282560 read: Moisturizer
Thread with TID = 135203410413248 read: Body Scrub
Thread with TID = 135203389441728 read: Eye Cream
Thread with TID = 135203399927488 read: Face Wash
Thread with TID = 135203378955968 read: Epilator
Thread with TID = 135203368470208 read: Lip Balm
Thread with TID = 135203337012928 read: Beard Wash
Thread with TID = 135203316041408 read: Foundation
Thread with TID = 135203326527168 read: Hair Spray
Thread with TID = 135203305555648 read: Under-Eye Gel
