Process PID: 12839
Thread with TID = 126657832683200 read: Cleansing Oil
Thread with TID = 126657214023360 read: Foot Cream
Thread with TID = 126657203537600 read: Leave-In Conditioner
Thread with TID = 126657172080320 read: Hair Dryer
Thread with TID = 126657297909440 read: Acne Treatment
Thread with TID = 126657339852480 read: Anti-Aging Cream
Thread with TID = 126657350338240 read: Beard Oil
Thread with TID = 126657601996480 read: Heat Protection Spray
Thread with TID = 126657161594560 read: Concealer
Thread with TID = 126657308395200 read: Nail Strengthener
Thread with TID = 126657434224320 read: Beard Wash
Thread with TID = 126657465681600 read: Lip Balm
Thread with TID = 126657486653120 read: Eye Cream
Thread with TID = 126657497138880 read: Face Wash
Thread with TID = 126657675396800 read: Nail Buffer
Thread with TID = 126657591510720 read: Lip Gloss
Thread with TID = 126657570539200 read: Cuticle Cream
Thread with TID = 126657560053440 read: Cuticle Oil
Thread with TID = 126657549567680 read: Hair Serum
Thread with TID = 126657539081920 read: Moisturizer
Thread with TID = 126657518110400 read: Beard Balm
Thread with TID = 126657140623040 read: Hair Conditioner
Thread with TID = 126657318880960 read: Toner
Thread with TID = 126657402767040 read: Under-Eye Gel
Thread with TID = 126657455195840 read: Makeup Remover
Thread with TID = 126657381795520 read: Hair Mask
Thread with TID = 126657392281280 read: Eyeshadow Palette
Thread with TID = 126657182566080 read: Hair Mousse
Thread with TID = 126657193051840 read: Body Mist
Thread with TID = 126657329366720 read: Peel-Off Mask
Thread with TID = 126657444710080 read: Eyeliner
Thread with TID = 126657360824000 read: CC Cream
Thread with TID = 126657413252800 read: Foundation
Thread with TID = 126657423738560 read: Hair Spray
Thread with TID = 126657371309760 read: Body Lotion
Thread with TID = 126657266452160 read: Highlighter
Thread with TID = 126657287423680 read: Compact Powder
Thread with TID = 126657245480640 read: Aftershave Balm
Thread with TID = 126657234994880 read: Scrub
Thread with TID = 126657255966400 read: Hair Wax
Thread with TID = 126657224509120 read: Lipstick
Thread with TID = 126657822197440 read: Essence
Thread with TID = 126657801225920 read: Dry Shampoo
Thread with TID = 126657130137280 read: Hand Cream
Thread with TID = 126657119651520 read: Body Butter
Thread with TID = 126657790740160 read: Hair Oil
Thread with TID = 126657780254400 read: Shaving Cream
Thread with TID = 126657769768640 read: Mascara
Thread with TID = 126657759282880 read: Bronzer
Thread with TID = 126657748797120 read: Lip Liner
Thread with TID = 126657738311360 read: Micellar Water
Thread with TID = 126657727825600 read: Clay Mask
Thread with TID = 126657706854080 read: Detangler Spray
Thread with TID = 126657696368320 read: BB Cream
Thread with TID = 126657664911040 read: Sunscreen
Thread with TID = 126657654425280 read: Hairbrush
Thread with TID = 126657685882560 read: Hair Shampoo
Thread with TID = 126657643939520 read: Face Serum
Thread with TID = 126657717339840 read: Face Mask
Thread with TID = 126657633453760 read: Lip Scrub
Thread with TID = 126657018988224 read: Hair Gel
Thread with TID = 126657151108800 read: Hair Straightener
Thread with TID = 126657476167360 read: Epilator
Thread with TID = 126657622968000 read: Face Powder
Thread with TID = 126657612482240 read: Perfume
Thread with TID = 126657581024960 read: Sheet Mask
Thread with TID = 126657276937920 read: Exfoliator
Thread with TID = 126657507624640 read: Body Scrub
Thread with TID = 126657811711680 read: Hair Curler
Thread with TID = 126657039959744 read: Nail Polish
Thread with TID = 126657029473984 read: Blush
Thread with TID = 126657528596160 read: Comb
