Process PID: 13446
Thread with TID = 134536375568064 read: Hand Cream
Thread with TID = 134536333625024 read: Sunscreen
Thread with TID = 134536203601600 read: Cuticle Cream
Thread with TID = 134536193115840 read: Body Butter
Thread with TID = 134536344110784 read: Hair Oil
Thread with TID = 134536323139264 read: Essence
Thread with TID = 134536214087360 read: Hair Conditioner
Thread with TID = 134536182630080 read: Lip Liner
Thread with TID = 134536224573120 read: Hair Mousse
Thread with TID = 134536172144320 read: Body Mist
Thread with TID = 134536365082304 read: Hair Wax
Thread with TID = 134536161658560 read: Comb
Thread with TID = 134536354596544 read: CC Cream
Thread with TID = 134536312653504 read: Hair Dryer
Thread with TID = 134536140687040 read: Epilator
Thread with TID = 134536109229760 read: Lip Balm
Thread with TID = 134536023246528 read: Nail Strengthener
Thread with TID = 134536002275008 read: Face Powder
Thread with TID = 134535991789248 read: Acne Treatment
Thread with TID = 134536130201280 read: Peel-Off Mask
Thread with TID = 134536012760768 read: Foot Cream
Thread with TID = 134536151172800 read: Sheet Mask
Thread with TID = 134535981303488 read: Hair Straightener
Thread with TID = 134535960331968 read: Bronzer
Thread with TID = 134535949846208 read: Hair Gel
Thread with TID = 134535928874688 read: Body Lotion
Thread with TID = 134535939360448 read: Heat Protection Spray
Thread with TID = 134536119715520 read: Under-Eye Gel
Thread with TID = 134535970817728 read: Face Serum
Thread with TID = 134535886931648 read: BB Cream
Thread with TID = 134535918388928 read: Lip Scrub
Thread with TID = 134535876445888 read: Blush
Thread with TID = 134535907903168 read: Detangler Spray
Thread with TID = 134535803045568 read: Perfume
Thread with TID = 134535824017088 read: Beard Oil
Thread with TID = 134535813531328 read: Lip Gloss
Thread with TID = 134535865960128 read: Eyeshadow Palette
Thread with TID = 134535782074048 read: Hair Spray
Thread with TID = 134535792559808 read: Clay Mask
Thread with TID = 134535750616768 read: Moisturizer
Thread with TID = 134535855474368 read: Exfoliator
Thread with TID = 134535771588288 read: Nail Buffer
Thread with TID = 134535844988608 read: Dry Shampoo
Thread with TID = 134535719159488 read: Cuticle Oil
Thread with TID = 134535610107584 read: Shaving Cream
Thread with TID = 134535740131008 read: Face Wash
Thread with TID = 134535897417408 read: Hair Serum
Thread with TID = 134535729645248 read: Leave-In Conditioner
Thread with TID = 134535620593344 read: Highlighter
Thread with TID = 134535708673728 read: Concealer
Thread with TID = 134535834502848 read: Hair Mask
Thread with TID = 134535599621824 read: Compact Powder
Thread with TID = 134535589136064 read: Micellar Water
Thread with TID = 134535320700608 read: Nail Polish
Thread with TID = 134535578650304 read: Eye Cream
Thread with TID = 134535352157888 read: Toner
Thread with TID = 134535331186368 read: Aftershave Balm
Thread with TID = 134535568164544 read: Beard Wash
Thread with TID = 134535341672128 read: Body Scrub
Thread with TID = 134535310214848 read: Face Mask
Thread with TID = 134535299729088 read: Anti-Aging Cream
Thread with TID = 134535761102528 read: Eyeliner
Thread with TID = 134535486375616 read: Hair Shampoo
Thread with TID = 134535433946816 read: Lipstick
Thread with TID = 134535475889856 read: Mascara
Thread with TID = 134535465404096 read: Hairbrush
Thread with TID = 134535454918336 read: Beard Balm
Thread with TID = 134535278757568 read: Cleansing Oil
Thread with TID = 134535444432576 read: Scrub
Thread with TID = 134535289243328 read: Foundation
Thread with TID = 134535268271808 read: Makeup Remover
Thread with TID = 134535257786048 read: Hair Curler
