Process PID: 11254
Thread with TID = 125316433446592 read: Hand Cream
Thread with TID = 125316360046272 read: Hair Mousse
Thread with TID = 125316401989312 read: Hair Oil
Thread with TID = 125316422960832 read: Hair Wax
Thread with TID = 125316391503552 read: Sunscreen
Thread with TID = 125316370532032 read: Hair Dryer
Thread with TID = 125316381017792 read: Essence
Thread with TID = 125316412475072 read: CC Cream
Thread with TID = 125316261480128 read: Cuticle Cream
Thread with TID = 125316250994368 read: Body Butter
Thread with TID = 125316240508608 read: Lip Liner
Thread with TID = 125316219537088 read: Comb
Thread with TID = 125316137748160 read: Sheet Mask
Thread with TID = 125316230022848 read: Body Mist
Thread with TID = 125316116776640 read: Peel-Off Mask
Thread with TID = 125316106290880 read: Under-Eye Gel
Thread with TID = 125316053862080 read: Acne Treatment
Thread with TID = 125316271965888 read: Hair Conditioner
Thread with TID = 125316095805120 read: Lip Balm
Thread with TID = 125315925935808 read: Heat Protection Spray
Thread with TID = 125315883992768 read: Hair Serum
Thread with TID = 125315915450048 read: Body Lotion
Thread with TID = 125315703637696 read: Exfoliator
Thread with TID = 125316022404800 read: Bronzer
Thread with TID = 125315590391488 read: Lip Gloss
Thread with TID = 125316043376320 read: Hair Straightener
Thread with TID = 125315569419968 read: Clay Mask
Thread with TID = 125316074833600 read: Foot Cream
Thread with TID = 125315558934208 read: Hair Spray
Thread with TID = 125315693151936 read: Dry Shampoo
Thread with TID = 125316127262400 read: Epilator
Thread with TID = 125315682666176 read: Hair Mask
Thread with TID = 125315735094976 read: BB Cream
Thread with TID = 125315435202240 read: Leave-In Conditioner
Thread with TID = 125315311470272 read: Compact Powder
Thread with TID = 125316064347840 read: Face Powder
Thread with TID = 125315466659520 read: Eyeliner
Thread with TID = 125315936421568 read: Hair Gel
Thread with TID = 125315579905728 read: Perfume
Thread with TID = 125315321956032 read: Shaving Cream
Thread with TID = 125315904964288 read: Lip Scrub
Thread with TID = 125315894478528 read: Detangler Spray
Thread with TID = 125315724609216 read: Blush
Thread with TID = 125315714123456 read: Eyeshadow Palette
Thread with TID = 125316085319360 read: Nail Strengthener
Thread with TID = 125315600877248 read: Beard Oil
Thread with TID = 125315548448448 read: Nail Buffer
Thread with TID = 125315445688000 read: Face Wash
Thread with TID = 125315424716480 read: Cuticle Oil
Thread with TID = 125315414230720 read: Concealer
Thread with TID = 125315332441792 read: Highlighter
Thread with TID = 125315456173760 read: Moisturizer
Thread with TID = 125316032890560 read: Face Serum
Thread with TID = 125315290498752 read: Eye Cream
Thread with TID = 125315078686400 read: Anti-Aging Cream
Thread with TID = 125315280012992 read: Beard Wash
Thread with TID = 125315300984512 read: Micellar Water
Thread with TID = 125315131115200 read: Toner
Thread with TID = 125315110143680 read: Aftershave Balm
Thread with TID = 125315089172160 read: Face Mask
Thread with TID = 125315099657920 read: Nail Polish
Thread with TID = 125315057714880 read: Mascara
Thread with TID = 125315120629440 read: Body Scrub
Thread with TID = 125315047229120 read: Hairbrush
Thread with TID = 125315068200640 read: Hair Shampoo
Thread with TID = 125315036743360 read: Beard Balm
Thread with TID = 125315015771840 read: Lipstick
Thread with TID = 125314994800320 read: Cleansing Oil
Thread with TID = 125314984314560 read: Makeup Remover
Thread with TID = 125315026257600 read: Scrub
Thread with TID = 125315005286080 read: Foundation
Thread with TID = 125314973828800 read: Hair Curler
