Process PID: 9094
Thread with TID = 137040505079488 read: CC Cream
Thread with TID = 137040526051008 read: Hand Cream
Thread with TID = 137040515565248 read: Hair Wax
Thread with TID = 137040494593728 read: Hair Oil
Thread with TID = 137040484107968 read: Sunscreen
Thread with TID = 137040473622208 read: Essence
Thread with TID = 137040381347520 read: Hair Mousse
Thread with TID = 137040370861760 read: Hair Conditioner
Thread with TID = 137040360376000 read: Cuticle Cream
Thread with TID = 137040391833280 read: Hair Dryer
Thread with TID = 137040349890240 read: Body Butter
Thread with TID = 137040190506688 read: Body Mist
Thread with TID = 137040180020928 read: Comb
Thread with TID = 137040169535168 read: Sheet Mask
Thread with TID = 137040339404480 read: Lip Liner
Thread with TID = 137040159049408 read: Epilator
Thread with TID = 137040148563648 read: Peel-Off Mask
Thread with TID = 137040138077888 read: Under-Eye Gel
Thread with TID = 137040043706048 read: Hair Gel
Thread with TID = 137040012248768 read: Lip Scrub
Thread with TID = 137040033220288 read: Heat Protection Spray
Thread with TID = 137040096134848 read: Face Powder
Thread with TID = 137040064677568 read: Face Serum
Thread with TID = 137040085649088 read: Acne Treatment
Thread with TID = 137039959819968 read: Eyeshadow Palette
Thread with TID = 137040001763008 read: Detangler Spray
Thread with TID = 137039980791488 read: BB Cream
Thread with TID = 137040022734528 read: Body Lotion
Thread with TID = 137039970305728 read: Blush
Thread with TID = 137040075163328 read: Hair Straightener
Thread with TID = 137040054191808 read: Bronzer
Thread with TID = 137040127592128 read: Lip Balm
Thread with TID = 137039991277248 read: Hair Serum
Thread with TID = 137040106620608 read: Foot Cream
Thread with TID = 137040117106368 read: Nail Strengthener
Thread with TID = 137039949334208 read: Exfoliator
Thread with TID = 137039938848448 read: Dry Shampoo
Thread with TID = 137039928362688 read: Hair Mask
Thread with TID = 137039917876928 read: Beard Oil
Thread with TID = 137039875933888 read: Hair Spray
Thread with TID = 137039907391168 read: Lip Gloss
Thread with TID = 137039854962368 read: Eyeliner
Thread with TID = 137039865448128 read: Nail Buffer
Thread with TID = 137039844476608 read: Moisturizer
Thread with TID = 137039896905408 read: Perfume
Thread with TID = 137039833990848 read: Face Wash
Thread with TID = 137039886419648 read: Clay Mask
Thread with TID = 137039823505088 read: Leave-In Conditioner
Thread with TID = 137039792047808 read: Highlighter
Thread with TID = 137039813019328 read: Cuticle Oil
Thread with TID = 137039802533568 read: Concealer
Thread with TID = 137039771076288 read: Compact Powder
Thread with TID = 137039760590528 read: Micellar Water
Thread with TID = 137039750104768 read: Eye Cream
Thread with TID = 137039781562048 read: Shaving Cream
Thread with TID = 137039739619008 read: Beard Wash
Thread with TID = 137039729133248 read: Toner
Thread with TID = 137039708161728 read: Aftershave Balm
Thread with TID = 137039687190208 read: Face Mask
Thread with TID = 137039676704448 read: Anti-Aging Cream
Thread with TID = 137039697675968 read: Nail Polish
Thread with TID = 137039718647488 read: Body Scrub
Thread with TID = 137039655732928 read: Mascara
Thread with TID = 137039645247168 read: Hairbrush
Thread with TID = 137039634761408 read: Beard Balm
Thread with TID = 137039624275648 read: Scrub
Thread with TID = 137039666218688 read: Hair Shampoo
Thread with TID = 137039613789888 read: Lipstick
Thread with TID = 137039603304128 read: Foundation
Thread with TID = 137039582332608 read: Makeup Remover
Thread with TID = 137039571846848 read: Hair Curler
Thread with TID = 137039592818368 read: Cleansing Oil
