Process PID: 15598
Thread with TID = 138243695707840 read: CC Cream
Thread with TID = 138243716679360 read: Hand Cream
Thread with TID = 138243706193600 read: Hair Wax
Thread with TID = 138243685222080 read: Hair Oil
Thread with TID = 138243586655936 read: Sunscreen
Thread with TID = 138243576170176 read: Hair Dryer
Thread with TID = 138243555198656 read: Hair Conditioner
Thread with TID = 138243544712896 read: Cuticle Cream
Thread with TID = 138243565684416 read: Hair Mousse
Thread with TID = 138243534227136 read: Body Butter
Thread with TID = 138243523741376 read: Lip Liner
Thread with TID = 138243502769856 read: Comb
Thread with TID = 138243513255616 read: Body Mist
Thread with TID = 138243492284096 read: Sheet Mask
Thread with TID = 138243674736320 read: Essence
Thread with TID = 138243481798336 read: Epilator
Thread with TID = 138243460826816 read: Under-Eye Gel
Thread with TID = 138243471312576 read: Peel-Off Mask
Thread with TID = 138243450341056 read: Lip Balm
Thread with TID = 138243418883776 read: Face Powder
Thread with TID = 138243429369536 read: Foot Cream
Thread with TID = 138243408398016 read: Acne Treatment
Thread with TID = 138243397912256 read: Hair Straightener
Thread with TID = 138243439855296 read: Nail Strengthener
Thread with TID = 138243318220480 read: Face Serum
Thread with TID = 138243307734720 read: Bronzer
Thread with TID = 138243297248960 read: Hair Gel
Thread with TID = 138243265791680 read: Lip Scrub
Thread with TID = 138243234334400 read: BB Cream
Thread with TID = 138243276277440 read: Body Lotion
Thread with TID = 138243223848640 read: Blush
Thread with TID = 138243255305920 read: Detangler Spray
Thread with TID = 138243244820160 read: Hair Serum
Thread with TID = 138243286763200 read: Heat Protection Spray
Thread with TID = 138243202877120 read: Exfoliator
Thread with TID = 138243192391360 read: Dry Shampoo
Thread with TID = 138243213362880 read: Eyeshadow Palette
Thread with TID = 138243171419840 read: Beard Oil
Thread with TID = 138243181905600 read: Hair Mask
Thread with TID = 138243150448320 read: Perfume
Thread with TID = 138243160934080 read: Lip Gloss
Thread with TID = 138243129476800 read: Hair Spray
Thread with TID = 138243039299264 read: Eyeliner
Thread with TID = 138243049785024 read: Nail Buffer
Thread with TID = 138243018327744 read: Face Wash
Thread with TID = 138243028813504 read: Moisturizer
Thread with TID = 138243139962560 read: Clay Mask
Thread with TID = 138243007841984 read: Leave-In Conditioner
Thread with TID = 138242997356224 read: Cuticle Oil
Thread with TID = 138242986870464 read: Concealer
Thread with TID = 138242976384704 read: Highlighter
Thread with TID = 138242965898944 read: Shaving Cream
Thread with TID = 138242955413184 read: Compact Powder
Thread with TID = 138242944927424 read: Micellar Water
Thread with TID = 138242934441664 read: Eye Cream
Thread with TID = 138242923955904 read: Beard Wash
Thread with TID = 138242913470144 read: Toner
Thread with TID = 138242902984384 read: Body Scrub
Thread with TID = 138242892498624 read: Aftershave Balm
Thread with TID = 138242882012864 read: Nail Polish
Thread with TID = 138242871527104 read: Face Mask
Thread with TID = 138242861041344 read: Anti-Aging Cream
Thread with TID = 138242850555584 read: Hair Shampoo
Thread with TID = 138242840069824 read: Mascara
Thread with TID = 138242829584064 read: Hairbrush
Thread with TID = 138242819098304 read: Beard Balm
Thread with TID = 138242808612544 read: Scrub
Thread with TID = 138242787641024 read: Foundation
Thread with TID = 138242798126784 read: Lipstick
Thread with TID = 138242777155264 read: Cleansing Oil
Thread with TID = 138242756183744 read: Hair Curler
Thread with TID = 138242766669504 read: Makeup Remover
