Process PID: 6263
Thread with TID = 125075921569472 read: Hair Wax
Thread with TID = 125075900597952 read: Hair Oil
Thread with TID = 125075911083712 read: CC Cream
Thread with TID = 125075820906176 read: Sunscreen
Thread with TID = 125075810420416 read: Essence
Thread with TID = 125075789448896 read: Hair Mousse
Thread with TID = 125075799934656 read: Hair Dryer
Thread with TID = 125075705562816 read: Epilator
Thread with TID = 125075747505856 read: Lip Liner
Thread with TID = 125075737020096 read: Body Mist
Thread with TID = 125075695077056 read: Peel-Off Mask
Thread with TID = 125075716048576 read: Sheet Mask
Thread with TID = 125075757991616 read: Body Butter
Thread with TID = 125075768477376 read: Cuticle Cream
Thread with TID = 125075684591296 read: Under-Eye Gel
Thread with TID = 125075663619776 read: Nail Strengthener
Thread with TID = 125075674105536 read: Lip Balm
Thread with TID = 125075653134016 read: Foot Cream
Thread with TID = 125075932055232 read: Hand Cream
Thread with TID = 125075521013440 read: Hair Gel
Thread with TID = 125075510527680 read: Heat Protection Spray
Thread with TID = 125075541984960 read: Face Serum
Thread with TID = 125075418252992 read: Lip Scrub
Thread with TID = 125075531499200 read: Bronzer
Thread with TID = 125075500041920 read: Body Lotion
Thread with TID = 125075407767232 read: Detangler Spray
Thread with TID = 125075642648256 read: Face Powder
Thread with TID = 125075632162496 read: Acne Treatment
Thread with TID = 125075552470720 read: Hair Straightener
Thread with TID = 125075726534336 read: Comb
Thread with TID = 125075778963136 read: Hair Conditioner
Thread with TID = 125075263063744 read: Hair Mask
Thread with TID = 125075221120704 read: Clay Mask
Thread with TID = 125075284035264 read: Hair Serum
Thread with TID = 125075397281472 read: BB Cream
Thread with TID = 125075386795712 read: Blush
Thread with TID = 125075376309952 read: Eyeshadow Palette
Thread with TID = 125075365824192 read: Exfoliator
Thread with TID = 125075273549504 read: Dry Shampoo
Thread with TID = 125075231606464 read: Perfume
Thread with TID = 125075242092224 read: Lip Gloss
Thread with TID = 125075252577984 read: Beard Oil
Thread with TID = 125075200149184 read: Nail Buffer
Thread with TID = 125075168691904 read: Face Wash
Thread with TID = 125075210634944 read: Hair Spray
Thread with TID = 125075179177664 read: Moisturizer
Thread with TID = 125075189663424 read: Eyeliner
Thread with TID = 125075158206144 read: Leave-In Conditioner
Thread with TID = 125075147720384 read: Cuticle Oil
Thread with TID = 125075137234624 read: Concealer
Thread with TID = 125075126748864 read: Highlighter
Thread with TID = 125075116263104 read: Shaving Cream
Thread with TID = 125075032377024 read: Nail Polish
Thread with TID = 125075021891264 read: Face Mask
Thread with TID = 125075095291584 read: Micellar Water
Thread with TID = 125075074320064 read: Beard Wash
Thread with TID = 125075053348544 read: Body Scrub
Thread with TID = 125075042862784 read: Aftershave Balm
Thread with TID = 125075105777344 read: Compact Powder
Thread with TID = 125075084805824 read: Eye Cream
Thread with TID = 125075063834304 read: Toner
Thread with TID = 125074969462464 read: Beard Balm
Thread with TID = 125074990433984 read: Mascara
Thread with TID = 125074948490944 read: Lipstick
Thread with TID = 125075000919744 read: Hair Shampoo
Thread with TID = 125074979948224 read: Hairbrush
Thread with TID = 125074906547904 read: Hair Curler
Thread with TID = 125074958976704 read: Scrub
Thread with TID = 125075011405504 read: Anti-Aging Cream
Thread with TID = 125074917033664 read: Makeup Remover
Thread with TID = 125074927519424 read: Cleansing Oil
Thread with TID = 125074938005184 read: Foundation
