Process PID: 18038
Thread with TID = 132214478079680 read: Hand Cream
Thread with TID = 132214467593920 read: Hair Wax
Thread with TID = 132214457108160 read: CC Cream
Thread with TID = 132214341764800 read: Comb
Thread with TID = 132214446622400 read: Hair Oil
Thread with TID = 132214394193600 read: Hair Conditioner
Thread with TID = 132214436136640 read: Sunscreen
Thread with TID = 132214383707840 read: Cuticle Cream
Thread with TID = 132214425650880 read: Essence
Thread with TID = 132214415165120 read: Hair Dryer
Thread with TID = 132214404679360 read: Hair Mousse
Thread with TID = 132214362736320 read: Lip Liner
Thread with TID = 132214331279040 read: Sheet Mask
Thread with TID = 132214278850240 read: Nail Strengthener
Thread with TID = 132214190769856 read: Foot Cream
Thread with TID = 132214169798336 read: Acne Treatment
Thread with TID = 132214159312576 read: Hair Straightener
Thread with TID = 132214289336000 read: Lip Balm
Thread with TID = 132214148826816 read: Face Serum
Thread with TID = 132214138341056 read: Bronzer
Thread with TID = 132214056552128 read: Hair Gel
Thread with TID = 132214180284096 read: Face Powder
Thread with TID = 132214310307520 read: Peel-Off Mask
Thread with TID = 132214299821760 read: Under-Eye Gel
Thread with TID = 132214320793280 read: Epilator
Thread with TID = 132214046066368 read: Heat Protection Spray
Thread with TID = 132214373222080 read: Body Butter
Thread with TID = 132214035580608 read: Body Lotion
Thread with TID = 132214025094848 read: Lip Scrub
Thread with TID = 132213983151808 read: Blush
Thread with TID = 132214014609088 read: Detangler Spray
Thread with TID = 132213993637568 read: BB Cream
Thread with TID = 132213972666048 read: Eyeshadow Palette
Thread with TID = 132214004123328 read: Hair Serum
Thread with TID = 132214352250560 read: Body Mist
Thread with TID = 132213962180288 read: Exfoliator
Thread with TID = 132213951694528 read: Dry Shampoo
Thread with TID = 132213941208768 read: Hair Mask
Thread with TID = 132213721007808 read: Beard Oil
Thread with TID = 132213710522048 read: Lip Gloss
Thread with TID = 132213689550528 read: Clay Mask
Thread with TID = 132213700036288 read: Perfume
Thread with TID = 132213679064768 read: Hair Spray
Thread with TID = 132213658093248 read: Eyeliner
Thread with TID = 132213668579008 read: Nail Buffer
Thread with TID = 132213626635968 read: Leave-In Conditioner
Thread with TID = 132213647607488 read: Moisturizer
Thread with TID = 132213595178688 read: Highlighter
Thread with TID = 132213553235648 read: Eye Cream
Thread with TID = 132213616150208 read: Cuticle Oil
Thread with TID = 132213563721408 read: Micellar Water
Thread with TID = 132213637121728 read: Face Wash
Thread with TID = 132213574207168 read: Compact Powder
Thread with TID = 132213605664448 read: Concealer
Thread with TID = 132213584692928 read: Shaving Cream
Thread with TID = 132213532264128 read: Toner
Thread with TID = 132213521778368 read: Body Scrub
Thread with TID = 132213511292608 read: Aftershave Balm
Thread with TID = 132213542749888 read: Beard Wash
Thread with TID = 132213490321088 read: Face Mask
Thread with TID = 132213500806848 read: Nail Polish
Thread with TID = 132213458863808 read: Mascara
Thread with TID = 132213448378048 read: Hairbrush
Thread with TID = 132213469349568 read: Hair Shampoo
Thread with TID = 132213437892288 read: Beard Balm
Thread with TID = 132213416920768 read: Lipstick
Thread with TID = 132213406435008 read: Foundation
Thread with TID = 132213427406528 read: Scrub
Thread with TID = 132213395949248 read: Cleansing Oil
Thread with TID = 132213374977728 read: Hair Curler
Thread with TID = 132213479835328 read: Anti-Aging Cream
Thread with TID = 132213385463488 read: Makeup Remover
