Process PID: 14936
Thread with TID = 131712405210816 read: Cleansing Oil
Thread with TID = 131712394725056 read: Essence
Thread with TID = 131712044500672 read: Perfume
Thread with TID = 131711981586112 read: Hair Serum
Thread with TID = 131712086443712 read: Hairbrush
Thread with TID = 131712075957952 read: Face Serum
Thread with TID = 131712002557632 read: Cuticle Cream
Thread with TID = 131712363267776 read: Hair Oil
Thread with TID = 131711845271232 read: Foundation
Thread with TID = 131711897700032 read: Lip Balm
Thread with TID = 131712054986432 read: Face Powder
Thread with TID = 131711939643072 read: Body Scrub
Thread with TID = 131711876728512 read: Eyeliner
Thread with TID = 131712373753536 read: Dry Shampoo
Thread with TID = 131712283576000 read: Shaving Cream
Thread with TID = 131712262604480 read: Bronzer
Thread with TID = 131712252118720 read: Lip Liner
Thread with TID = 131712128386752 read: BB Cream
Thread with TID = 131712241632960 read: Micellar Water
Thread with TID = 131712231147200 read: Clay Mask
Thread with TID = 131712149358272 read: Face Mask
Thread with TID = 131712117900992 read: Hair Shampoo
Thread with TID = 131712138872512 read: Detangler Spray
Thread with TID = 131712107415232 read: Nail Buffer
Thread with TID = 131711866242752 read: Beard Wash
Thread with TID = 131711950128832 read: Beard Balm
Thread with TID = 131712096929472 read: Sunscreen
Thread with TID = 131712065472192 read: Lip Scrub
Thread with TID = 131712013043392 read: Sheet Mask
Thread with TID = 131712034014912 read: Heat Protection Spray
Thread with TID = 131712023529152 read: Lip Gloss
Thread with TID = 131711992071872 read: Cuticle Oil
Thread with TID = 131711971100352 read: Moisturizer
Thread with TID = 131711918671552 read: Eye Cream
Thread with TID = 131711960614592 read: Comb
Thread with TID = 131711792842432 read: CC Cream
Thread with TID = 131711887214272 read: Makeup Remover
Thread with TID = 131711740413632 read: Nail Strengthener
Thread with TID = 131711656527552 read: Lipstick
Thread with TID = 131711908185792 read: Epilator
Thread with TID = 131711803328192 read: Body Lotion
Thread with TID = 131711929157312 read: Face Wash
Thread with TID = 131711708956352 read: Exfoliator
Thread with TID = 131711834785472 read: Under-Eye Gel
Thread with TID = 131711593612992 read: Concealer
Thread with TID = 131711855756992 read: Hair Spray
Thread with TID = 131711813813952 read: Hair Mask
Thread with TID = 131711824299712 read: Eyeshadow Palette
Thread with TID = 131711729927872 read: Acne Treatment
Thread with TID = 131711719442112 read: Compact Powder
Thread with TID = 131711646041792 read: Foot Cream
Thread with TID = 131711635556032 read: Leave-In Conditioner
Thread with TID = 131711698470592 read: Highlighter
Thread with TID = 131711782356672 read: Beard Oil
Thread with TID = 131711625070272 read: Body Mist
Thread with TID = 131711687984832 read: Hair Wax
Thread with TID = 131712384239296 read: Hair Curler
Thread with TID = 131711677499072 read: Aftershave Balm
Thread with TID = 131711520212672 read: Hair Gel
Thread with TID = 131711750899392 read: Toner
Thread with TID = 131711604098752 read: Hair Dryer
Thread with TID = 131711530698432 read: Blush
Thread with TID = 131711562155712 read: Hand Cream
Thread with TID = 131711572641472 read: Hair Conditioner
Thread with TID = 131711551669952 read: Body Butter
Thread with TID = 131711771870912 read: Anti-Aging Cream
Thread with TID = 131711541184192 read: Nail Polish
Thread with TID = 131711761385152 read: Peel-Off Mask
Thread with TID = 131711667013312 read: Scrub
Thread with TID = 131711614584512 read: Hair Mousse
Thread with TID = 131711583127232 read: Hair Straightener
Thread with TID = 131712273090240 read: Mascara
