Process PID: 136090
Thread with TID = 140737337362112 read: Hair Wax
Thread with TID = 140737347847872 read: Hand Cream
Thread with TID = 140737161201344 read: Essence
Thread with TID = 140737316390592 read: Hair Oil
Thread with TID = 140737150715584 read: Lip Liner
Thread with TID = 140737140229824 read: Body Mist
Thread with TID = 140737217824448 read: Hair Dryer
Thread with TID = 140737207338688 read: Hair Mousse
Thread with TID = 140737129744064 read: Comb
Thread with TID = 140737305904832 read: Sunscreen
Thread with TID = 140737016497856 read: Under-Eye Gel
Thread with TID = 140737326876352 read: CC Cream
Thread with TID = 140737119258304 read: Sheet Mask
Thread with TID = 140737006012096 read: Lip Balm
Thread with TID = 140737108772544 read: Epilator
Thread with TID = 140737186367168 read: Cuticle Cream
Thread with TID = 140736995526336 read: Nail Strengthener
Thread with TID = 140736748062400 read: Lip Scrub
Thread with TID = 140736840337088 read: Heat Protection Spray
Thread with TID = 140736716605120 read: BB Cream
Thread with TID = 140736974554816 read: Face Powder
Thread with TID = 140736985040576 read: Foot Cream
Thread with TID = 140737196852928 read: Hair Conditioner
Thread with TID = 140736871794368 read: Face Serum
Thread with TID = 140736882280128 read: Hair Straightener
Thread with TID = 140736964069056 read: Acne Treatment
Thread with TID = 140737175881408 read: Body Butter
Thread with TID = 140736829851328 read: Body Lotion
Thread with TID = 140737098286784 read: Peel-Off Mask
Thread with TID = 140736850822848 read: Hair Gel
Thread with TID = 140736861308608 read: Bronzer
Thread with TID = 140736737576640 read: Detangler Spray
Thread with TID = 140736706119360 read: Blush
Thread with TID = 140736727090880 read: Hair Serum
Thread with TID = 140736695633600 read: Eyeshadow Palette
Thread with TID = 140736561415872 read: Perfume
Thread with TID = 140736571901632 read: Lip Gloss
Thread with TID = 140736550930112 read: Clay Mask
Thread with TID = 140736592873152 read: Hair Mask
Thread with TID = 140736603358912 read: Dry Shampoo
Thread with TID = 140736519472832 read: Eyeliner
Thread with TID = 140736488015552 read: Leave-In Conditioner
Thread with TID = 140736582387392 read: Beard Oil
Thread with TID = 140736467044032 read: Concealer
Thread with TID = 140736508987072 read: Moisturizer
Thread with TID = 140736498501312 read: Face Wash
Thread with TID = 140736477529792 read: Cuticle Oil
Thread with TID = 140736540444352 read: Hair Spray
Thread with TID = 140736446072512 read: Shaving Cream
Thread with TID = 140736435586752 read: Compact Powder
Thread with TID = 140736529958592 read: Nail Buffer
Thread with TID = 140736414615232 read: Eye Cream
Thread with TID = 140736404129472 read: Beard Wash
Thread with TID = 140736383157952 read: Body Scrub
Thread with TID = 140736372672192 read: Aftershave Balm
Thread with TID = 140736456558272 read: Highlighter
Thread with TID = 140736425100992 read: Micellar Water
Thread with TID = 140736393643712 read: Toner
Thread with TID = 140736613844672 read: Exfoliator
Thread with TID = 140736330729152 read: Hair Shampoo
Thread with TID = 140736309757632 read: Hairbrush
Thread with TID = 140736320243392 read: Mascara
Thread with TID = 140736351700672 read: Face Mask
Thread with TID = 140736341214912 read: Anti-Aging Cream
Thread with TID = 140736288786112 read: Scrub
Thread with TID = 140736299271872 read: Beard Balm
Thread with TID = 140736278300352 read: Lipstick
Thread with TID = 140736267814592 read: Foundation
Thread with TID = 140736362186432 read: Nail Polish
Thread with TID = 140736236357312 read: Hair Curler
Thread with TID = 140736246843072 read: Makeup Remover
Thread with TID = 140736257328832 read: Cleansing Oil
