Process PID: 30261
Thread with TID = 138794154067648 read: Hand Cream
Thread with TID = 138794143581888 read: Hair Wax
Thread with TID = 138794133096128 read: CC Cream
Thread with TID = 138794122610368 read: Hair Oil
Thread with TID = 138794112124608 read: Sunscreen
Thread with TID = 138794013558464 read: Hair Dryer
Thread with TID = 138794003072704 read: Hair Mousse
Thread with TID = 138793982101184 read: Body Butter
Thread with TID = 138793971615424 read: Lip Liner
Thread with TID = 138793868854976 read: Sheet Mask
Thread with TID = 138793837397696 read: Peel-Off Mask
Thread with TID = 138793961129664 read: Body Mist
Thread with TID = 138794101638848 read: Essence
Thread with TID = 138793879340736 read: Comb
Thread with TID = 138793847883456 read: Epilator
Thread with TID = 138793858369216 read: Hair Conditioner
Thread with TID = 138793992586944 read: Cuticle Cream
Thread with TID = 138793816426176 read: Lip Balm
Thread with TID = 138793805940416 read: Nail Strengthener
Thread with TID = 138793826911936 read: Under-Eye Gel
Thread with TID = 138793795454656 read: Foot Cream
Thread with TID = 138793784968896 read: Face Powder
Thread with TID = 138793678014144 read: Acne Treatment
Thread with TID = 138793774483136 read: Hair Straightener
Thread with TID = 138793763997376 read: Face Serum
Thread with TID = 138793636071104 read: Body Lotion
Thread with TID = 138793625585344 read: Lip Scrub
Thread with TID = 138793615099584 read: Detangler Spray
Thread with TID = 138793573156544 read: Eyeshadow Palette
Thread with TID = 138793510241984 read: Perfume
Thread with TID = 138793604613824 read: Hair Serum
Thread with TID = 138793562670784 read: Exfoliator
Thread with TID = 138793541699264 read: Hair Mask
Thread with TID = 138793594128064 read: BB Cream
Thread with TID = 138793520727744 read: Lip Gloss
Thread with TID = 138793583642304 read: Blush
Thread with TID = 138793552185024 read: Dry Shampoo
Thread with TID = 138793531213504 read: Beard Oil
Thread with TID = 138793646556864 read: Heat Protection Spray
Thread with TID = 138793667528384 read: Bronzer
Thread with TID = 138793489270464 read: Hair Spray
Thread with TID = 138793657042624 read: Hair Gel
Thread with TID = 138793499756224 read: Clay Mask
Thread with TID = 138793478784704 read: Nail Buffer
Thread with TID = 138793468298944 read: Eyeliner
Thread with TID = 138793457813184 read: Moisturizer
Thread with TID = 138793447327424 read: Face Wash
Thread with TID = 138793405384384 read: Highlighter
Thread with TID = 138793321498304 read: Aftershave Balm
Thread with TID = 138793415870144 read: Concealer
Thread with TID = 138793436841664 read: Leave-In Conditioner
Thread with TID = 138793394898624 read: Shaving Cream
Thread with TID = 138793426355904 read: Cuticle Oil
Thread with TID = 138793331984064 read: Body Scrub
Thread with TID = 138793373927104 read: Micellar Water
Thread with TID = 138793384412864 read: Compact Powder
Thread with TID = 138793363441344 read: Eye Cream
Thread with TID = 138793342469824 read: Toner
Thread with TID = 138793311012544 read: Nail Polish
Thread with TID = 138793352955584 read: Beard Wash
Thread with TID = 138793187280576 read: Hairbrush
Thread with TID = 138793113880256 read: Hair Curler
Thread with TID = 138793208252096 read: Face Mask
Thread with TID = 138793124366016 read: Makeup Remover
Thread with TID = 138793300526784 read: Anti-Aging Cream
Thread with TID = 138793290041024 read: Hair Shampoo
Thread with TID = 138793197766336 read: Mascara
Thread with TID = 138793145337536 read: Foundation
Thread with TID = 138793134851776 read: Cleansing Oil
Thread with TID = 138793155823296 read: Lipstick
Thread with TID = 138793176794816 read: Beard Balm
Thread with TID = 138793166309056 read: Scrub
