Process PID: 123945
Thread with TID = 140737337362112 read: Hair Wax
Thread with TID = 140737133938368 read: Comb
Thread with TID = 140737112966848 read: Epilator
Thread with TID = 140737347847872 read: Hand Cream
Thread with TID = 140737081509568 read: Lip Balm
Thread with TID = 140737071023808 read: Nail Strengthener
Thread with TID = 140737102481088 read: Peel-Off Mask
Thread with TID = 140737060538048 read: Foot Cream
Thread with TID = 140737196852928 read: Hair Mousse
Thread with TID = 140737326876352 read: CC Cream
Thread with TID = 140737165395648 read: Body Butter
Thread with TID = 140737154909888 read: Lip Liner
Thread with TID = 140737316390592 read: Hair Oil
Thread with TID = 140737144424128 read: Body Mist
Thread with TID = 140737217824448 read: Essence
Thread with TID = 140737207338688 read: Hair Dryer
Thread with TID = 140737186367168 read: Hair Conditioner
Thread with TID = 140737175881408 read: Cuticle Cream
Thread with TID = 140737050052288 read: Acne Treatment
Thread with TID = 140737091995328 read: Under-Eye Gel
Thread with TID = 140737039566528 read: Hair Straightener
Thread with TID = 140736915834560 read: Face Powder
Thread with TID = 140737305904832 read: Sunscreen
Thread with TID = 140736938903232 read: Hair Gel
Thread with TID = 140737029080768 read: Face Serum
Thread with TID = 140736949388992 read: Bronzer
Thread with TID = 140737123452608 read: Sheet Mask
Thread with TID = 140736773228224 read: Eyeshadow Palette
Thread with TID = 140736680953536 read: Dry Shampoo
Thread with TID = 140736670467776 read: Hair Mask
Thread with TID = 140736928417472 read: Heat Protection Spray
Thread with TID = 140736905348800 read: Body Lotion
Thread with TID = 140736894863040 read: Lip Scrub
Thread with TID = 140736815171264 read: Detangler Spray
Thread with TID = 140736659982016 read: Beard Oil
Thread with TID = 140736804685504 read: Hair Serum
Thread with TID = 140736794199744 read: BB Cream
Thread with TID = 140736783713984 read: Blush
Thread with TID = 140736762742464 read: Exfoliator
Thread with TID = 140736649496256 read: Lip Gloss
Thread with TID = 140736628524736 read: Clay Mask
Thread with TID = 140736639010496 read: Perfume
Thread with TID = 140736462849728 read: Highlighter
Thread with TID = 140736525764288 read: Eyeliner
Thread with TID = 140736452363968 read: Shaving Cream
Thread with TID = 140736515278528 read: Moisturizer
Thread with TID = 140736473335488 read: Concealer
Thread with TID = 140736546735808 read: Hair Spray
Thread with TID = 140736494307008 read: Leave-In Conditioner
Thread with TID = 140736536250048 read: Nail Buffer
Thread with TID = 140736441878208 read: Compact Powder
Thread with TID = 140736431392448 read: Micellar Water
Thread with TID = 140736483821248 read: Cuticle Oil
Thread with TID = 140736420906688 read: Eye Cream
Thread with TID = 140736504792768 read: Face Wash
Thread with TID = 140736410420928 read: Beard Wash
Thread with TID = 140736389449408 read: Body Scrub
Thread with TID = 140736378963648 read: Aftershave Balm
Thread with TID = 140736337020608 read: Hair Shampoo
Thread with TID = 140736399935168 read: Toner
Thread with TID = 140736316049088 read: Hairbrush
Thread with TID = 140736368477888 read: Nail Polish
Thread with TID = 140736326534848 read: Mascara
Thread with TID = 140736347506368 read: Anti-Aging Cream
Thread with TID = 140736357992128 read: Face Mask
Thread with TID = 140736305563328 read: Beard Balm
Thread with TID = 140736295077568 read: Scrub
Thread with TID = 140736284591808 read: Lipstick
Thread with TID = 140736263620288 read: Cleansing Oil
Thread with TID = 140736274106048 read: Foundation
Thread with TID = 140736253134528 read: Makeup Remover
Thread with TID = 140736242648768 read: Hair Curler
