Process PID: 26974
Thread with TID = 123280583296704 read: Hand Cream
Thread with TID = 123280572810944 read: Hair Wax
Thread with TID = 123280562325184 read: CC Cream
Thread with TID = 123280551839424 read: Hair Oil
Thread with TID = 123280541353664 read: Sunscreen
Thread with TID = 123280457467584 read: Essence
Thread with TID = 123280446981824 read: Hair Dryer
Thread with TID = 123280436496064 read: Hair Mousse
Thread with TID = 123280405038784 read: Body Butter
Thread with TID = 123280426010304 read: Hair Conditioner
Thread with TID = 123280415524544 read: Cuticle Cream
Thread with TID = 123280323249856 read: Lip Liner
Thread with TID = 123280302278336 read: Comb
Thread with TID = 123280260335296 read: Under-Eye Gel
Thread with TID = 123280291792576 read: Sheet Mask
Thread with TID = 123280270821056 read: Peel-Off Mask
Thread with TID = 123280228878016 read: Foot Cream
Thread with TID = 123280249849536 read: Lip Balm
Thread with TID = 123280218392256 read: Face Powder
Thread with TID = 123280281306816 read: Epilator
Thread with TID = 123280312764096 read: Body Mist
Thread with TID = 123280239363776 read: Nail Strengthener
Thread with TID = 123280100951744 read: Bronzer
Thread with TID = 123280048522944 read: Detangler Spray
Thread with TID = 123280121923264 read: Hair Straightener
Thread with TID = 123280079980224 read: Heat Protection Spray
Thread with TID = 123280111437504 read: Face Serum
Thread with TID = 123280090465984 read: Hair Gel
Thread with TID = 123280069494464 read: Body Lotion
Thread with TID = 123280207906496 read: Acne Treatment
Thread with TID = 123280059008704 read: Lip Scrub
Thread with TID = 123279975122624 read: Hair Mask
Thread with TID = 123279985608384 read: Dry Shampoo
Thread with TID = 123279912208064 read: Nail Buffer
Thread with TID = 123279922693824 read: Hair Spray
Thread with TID = 123279901722304 read: Eyeliner
Thread with TID = 123279891236544 read: Moisturizer
Thread with TID = 123279880750784 read: Face Wash
Thread with TID = 123280017065664 read: Blush
Thread with TID = 123280006579904 read: Eyeshadow Palette
Thread with TID = 123279996094144 read: Exfoliator
Thread with TID = 123279964636864 read: Beard Oil
Thread with TID = 123279954151104 read: Lip Gloss
Thread with TID = 123279870265024 read: Leave-In Conditioner
Thread with TID = 123279943665344 read: Perfume
Thread with TID = 123279933179584 read: Clay Mask
Thread with TID = 123280038037184 read: Hair Serum
Thread with TID = 123279849293504 read: Concealer
Thread with TID = 123279859779264 read: Cuticle Oil
Thread with TID = 123280027551424 read: BB Cream
Thread with TID = 123279817836224 read: Compact Powder
Thread with TID = 123279828321984 read: Shaving Cream
Thread with TID = 123279807350464 read: Micellar Water
Thread with TID = 123279838807744 read: Highlighter
Thread with TID = 123279765407424 read: Body Scrub
Thread with TID = 123279775893184 read: Toner
Thread with TID = 123279733950144 read: Face Mask
Thread with TID = 123279786378944 read: Beard Wash
Thread with TID = 123279796864704 read: Eye Cream
Thread with TID = 123279744435904 read: Nail Polish
Thread with TID = 123279754921664 read: Aftershave Balm
Thread with TID = 123279723464384 read: Anti-Aging Cream
Thread with TID = 123279712978624 read: Hair Shampoo
Thread with TID = 123279702492864 read: Mascara
Thread with TID = 123279692007104 read: Hairbrush
Thread with TID = 123279671035584 read: Scrub
Thread with TID = 123279650064064 read: Foundation
Thread with TID = 123279660549824 read: Lipstick
Thread with TID = 123279639578304 read: Cleansing Oil
Thread with TID = 123279681521344 read: Beard Balm
Thread with TID = 123279618606784 read: Hair Curler
Thread with TID = 123279629092544 read: Makeup Remover
