Process PID: 9998
Thread with TID = 140737337362112 read: Hair Wax
Thread with TID = 140737133938368 read: Sheet Mask
Thread with TID = 140737305904832 read: Sunscreen
Thread with TID = 140737217824448 read: Essence
Thread with TID = 140737207338688 read: Hair Dryer
Thread with TID = 140737165395648 read: Body Butter
Thread with TID = 140737175881408 read: Cuticle Cream
Thread with TID = 140737144424128 read: Body Mist
Thread with TID = 140737154909888 read: Lip Liner
Thread with TID = 140737123452608 read: Epilator
Thread with TID = 140737326876352 read: CC Cream
Thread with TID = 140737186367168 read: Hair Conditioner
Thread with TID = 140737016497856 read: Comb
Thread with TID = 140737112966848 read: Peel-Off Mask
Thread with TID = 140737102481088 read: Under-Eye Gel
Thread with TID = 140737347847872 read: Hand Cream
Thread with TID = 140737316390592 read: Hair Oil
Thread with TID = 140737196852928 read: Hair Mousse
Thread with TID = 140737006012096 read: Lip Balm
Thread with TID = 140736995526336 read: Nail Strengthener
Thread with TID = 140736974554816 read: Face Powder
Thread with TID = 140736985040576 read: Foot Cream
Thread with TID = 140736964069056 read: Acne Treatment
Thread with TID = 140736882280128 read: Hair Straightener
Thread with TID = 140736871794368 read: Face Serum
Thread with TID = 140736861308608 read: Bronzer
Thread with TID = 140736829851328 read: Body Lotion
Thread with TID = 140736748062400 read: Lip Scrub
Thread with TID = 140736737576640 read: Detangler Spray
Thread with TID = 140736850822848 read: Hair Gel
Thread with TID = 140736840337088 read: Heat Protection Spray
Thread with TID = 140736727090880 read: Hair Serum
Thread with TID = 140736546735808 read: Exfoliator
Thread with TID = 140736494307008 read: Perfume
Thread with TID = 140736345409216 read: Clay Mask
Thread with TID = 140736334923456 read: Hair Spray
Thread with TID = 140736303466176 read: Moisturizer
Thread with TID = 140736313951936 read: Eyeliner
Thread with TID = 140736230065856 read: Compact Powder
Thread with TID = 140736695633600 read: Eyeshadow Palette
Thread with TID = 140736504792768 read: Lip Gloss
Thread with TID = 140736209094336 read: Eye Cream
Thread with TID = 140736198608576 read: Beard Wash
Thread with TID = 140736324437696 read: Nail Buffer
Thread with TID = 140736716605120 read: BB Cream
Thread with TID = 140736536250048 read: Dry Shampoo
Thread with TID = 140736219580096 read: Micellar Water
Thread with TID = 140736525764288 read: Hair Mask
Thread with TID = 140736261523136 read: Concealer
Thread with TID = 140736515278528 read: Beard Oil
Thread with TID = 140736706119360 read: Blush
Thread with TID = 140736177637056 read: Body Scrub
Thread with TID = 140736188122816 read: Toner
Thread with TID = 140736167151296 read: Aftershave Balm
Thread with TID = 140736272008896 read: Cuticle Oil
Thread with TID = 140736292980416 read: Face Wash
Thread with TID = 140736282494656 read: Leave-In Conditioner
Thread with TID = 140736251037376 read: Highlighter
Thread with TID = 140736240551616 read: Shaving Cream
Thread with TID = 140736156665536 read: Nail Polish
Thread with TID = 140736146179776 read: Face Mask
Thread with TID = 140736104236736 read: Hairbrush
Thread with TID = 140736135694016 read: Anti-Aging Cream
Thread with TID = 140736083265216 read: Scrub
Thread with TID = 140736125208256 read: Hair Shampoo
Thread with TID = 140736114722496 read: Mascara
Thread with TID = 140736093750976 read: Beard Balm
Thread with TID = 140736072779456 read: Lipstick
Thread with TID = 140736062293696 read: Foundation
Thread with TID = 140736051807936 read: Cleansing Oil
Thread with TID = 140736041322176 read: Makeup Remover
Thread with TID = 140736030836416 read: Hair Curler
