Process PID: 32246
Thread with TID = 133257607775936 read: Hand Cream
Thread with TID = 133257576318656 read: Sunscreen
Thread with TID = 133257597290176 read: Hair Wax
Thread with TID = 133257586804416 read: Hair Oil
Thread with TID = 133257565832896 read: Essence
Thread with TID = 133257465169600 read: CC Cream
Thread with TID = 133257444198080 read: Cuticle Cream
Thread with TID = 133257433712320 read: Body Butter
Thread with TID = 133257544861376 read: Hair Mousse
Thread with TID = 133257320466112 read: Sheet Mask
Thread with TID = 133257330951872 read: Comb
Thread with TID = 133257299494592 read: Peel-Off Mask
Thread with TID = 133257257551552 read: Foot Cream
Thread with TID = 133257247065792 read: Face Powder
Thread with TID = 133257226094272 read: Hair Straightener
Thread with TID = 133257215608512 read: Face Serum
Thread with TID = 133257278523072 read: Lip Balm
Thread with TID = 133257555347136 read: Hair Dryer
Thread with TID = 133257268037312 read: Nail Strengthener
Thread with TID = 133257236580032 read: Acne Treatment
Thread with TID = 133257454683840 read: Hair Conditioner
Thread with TID = 133257423226560 read: Lip Liner
Thread with TID = 133257412740800 read: Body Mist
Thread with TID = 133257309980352 read: Epilator
Thread with TID = 133257205122752 read: Bronzer
Thread with TID = 133257289008832 read: Under-Eye Gel
Thread with TID = 133257194636992 read: Hair Gel
Thread with TID = 133257173665472 read: Body Lotion
Thread with TID = 133257184151232 read: Heat Protection Spray
Thread with TID = 133257163179712 read: Lip Scrub
Thread with TID = 133257142208192 read: Hair Serum
Thread with TID = 133257031059136 read: Exfoliator
Thread with TID = 133257062516416 read: BB Cream
Thread with TID = 133257052030656 read: Blush
Thread with TID = 133257152693952 read: Detangler Spray
Thread with TID = 133257041544896 read: Eyeshadow Palette
Thread with TID = 133256928298688 read: Beard Oil
Thread with TID = 133256907327168 read: Perfume
Thread with TID = 133256896841408 read: Clay Mask
Thread with TID = 133256854898368 read: Moisturizer
Thread with TID = 133256886355648 read: Hair Spray
Thread with TID = 133256875869888 read: Nail Buffer
Thread with TID = 133257020573376 read: Dry Shampoo
Thread with TID = 133257010087616 read: Hair Mask
Thread with TID = 133256917812928 read: Lip Gloss
Thread with TID = 133256865384128 read: Eyeliner
Thread with TID = 133256844412608 read: Face Wash
Thread with TID = 133256833926848 read: Leave-In Conditioner
Thread with TID = 133256802469568 read: Highlighter
Thread with TID = 133256823441088 read: Cuticle Oil
Thread with TID = 133256812955328 read: Concealer
Thread with TID = 133256760526528 read: Eye Cream
Thread with TID = 133256771012288 read: Micellar Water
Thread with TID = 133256687126208 read: Anti-Aging Cream
Thread with TID = 133256791983808 read: Shaving Cream
Thread with TID = 133256750040768 read: Beard Wash
Thread with TID = 133256739555008 read: Toner
Thread with TID = 133256718583488 read: Aftershave Balm
Thread with TID = 133256708097728 read: Nail Polish
Thread with TID = 133256697611968 read: Face Mask
Thread with TID = 133256666154688 read: Mascara
Thread with TID = 133256655668928 read: Hairbrush
Thread with TID = 133256729069248 read: Body Scrub
Thread with TID = 133256645183168 read: Beard Balm
Thread with TID = 133256781498048 read: Compact Powder
Thread with TID = 133256634697408 read: Scrub
Thread with TID = 133256676640448 read: Hair Shampoo
Thread with TID = 133256603240128 read: Cleansing Oil
Thread with TID = 133256624211648 read: Lipstick
Thread with TID = 133256592754368 read: Makeup Remover
Thread with TID = 133256582268608 read: Hair Curler
Thread with TID = 133256613725888 read: Foundation
