Process PID: 13575
Thread with TID = 140737337362112 read: Hair Wax
Thread with TID = 140737305904832 read: Sunscreen
Thread with TID = 140737295419072 read: Essence
Thread with TID = 140737284933312 read: Hair Dryer
Thread with TID = 140737326876352 read: CC Cream
Thread with TID = 140737347847872 read: Hand Cream
Thread with TID = 140737316390592 read: Hair Oil
Thread with TID = 140737253476032 read: Cuticle Cream
Thread with TID = 140737263961792 read: Hair Conditioner
Thread with TID = 140737150715584 read: Body Butter
Thread with TID = 140737232504512 read: Body Mist
Thread with TID = 140737119258304 read: Epilator
Thread with TID = 140737108772544 read: Peel-Off Mask
Thread with TID = 140737140229824 read: Comb
Thread with TID = 140737129744064 read: Sheet Mask
Thread with TID = 140737098286784 read: Under-Eye Gel
Thread with TID = 140736985040576 read: Face Powder
Thread with TID = 140736974554816 read: Acne Treatment
Thread with TID = 140736964069056 read: Hair Straightener
Thread with TID = 140737016497856 read: Lip Balm
Thread with TID = 140737242990272 read: Lip Liner
Thread with TID = 140736995526336 read: Foot Cream
Thread with TID = 140736871794368 read: Bronzer
Thread with TID = 140736882280128 read: Face Serum
Thread with TID = 140737006012096 read: Nail Strengthener
Thread with TID = 140736840337088 read: Body Lotion
Thread with TID = 140736850822848 read: Heat Protection Spray
Thread with TID = 140736861308608 read: Hair Gel
Thread with TID = 140737274447552 read: Hair Mousse
Thread with TID = 140736706119360 read: Eyeshadow Palette
Thread with TID = 140736613844672 read: Dry Shampoo
Thread with TID = 140736592873152 read: Beard Oil
Thread with TID = 140736737576640 read: Hair Serum
Thread with TID = 140736695633600 read: Exfoliator
Thread with TID = 140736727090880 read: BB Cream
Thread with TID = 140736829851328 read: Lip Scrub
Thread with TID = 140736582387392 read: Lip Gloss
Thread with TID = 140736571901632 read: Perfume
Thread with TID = 140736716605120 read: Blush
Thread with TID = 140736561415872 read: Clay Mask
Thread with TID = 140736603358912 read: Hair Mask
Thread with TID = 140736748062400 read: Detangler Spray
Thread with TID = 140736448169664 read: Moisturizer
Thread with TID = 140736334923456 read: Concealer
Thread with TID = 140736479626944 read: Hair Spray
Thread with TID = 140736345409216 read: Cuticle Oil
Thread with TID = 140736324437696 read: Highlighter
Thread with TID = 140736313951936 read: Shaving Cream
Thread with TID = 140736158762688 read: Nail Polish
Thread with TID = 140736469141184 read: Nail Buffer
Thread with TID = 140736303466176 read: Compact Powder
Thread with TID = 140736292980416 read: Micellar Water
Thread with TID = 140736458655424 read: Eyeliner
Thread with TID = 140736179734208 read: Body Scrub
Thread with TID = 140736427198144 read: Leave-In Conditioner
Thread with TID = 140736169248448 read: Aftershave Balm
Thread with TID = 140736211191488 read: Eye Cream
Thread with TID = 140736437683904 read: Face Wash
Thread with TID = 140736200705728 read: Beard Wash
Thread with TID = 140736066488000 read: Anti-Aging Cream
Thread with TID = 140736190219968 read: Toner
Thread with TID = 140736056002240 read: Hair Shampoo
Thread with TID = 140736076973760 read: Face Mask
Thread with TID = 140736035030720 read: Hairbrush
Thread with TID = 140735942756032 read: Scrub
Thread with TID = 140735932270272 read: Lipstick
Thread with TID = 140736045516480 read: Mascara
Thread with TID = 140736024544960 read: Beard Balm
Thread with TID = 140735900812992 read: Makeup Remover
Thread with TID = 140735921784512 read: Foundation
Thread with TID = 140735890327232 read: Hair Curler
Thread with TID = 140735911298752 read: Cleansing Oil
