Process PID: 18578
Thread with TID = 124190994728640 read: Hair Wax
Thread with TID = 124190724196032 read: Sheet Mask
Thread with TID = 124190797596352 read: Hair Mousse
Thread with TID = 124190787110592 read: Hair Conditioner
Thread with TID = 124190776624832 read: Cuticle Cream
Thread with TID = 124190766139072 read: Body Butter
Thread with TID = 124190755653312 read: Lip Liner
Thread with TID = 124190963271360 read: Sunscreen
Thread with TID = 124190734681792 read: Comb
Thread with TID = 124191005214400 read: Hand Cream
Thread with TID = 124190984242880 read: CC Cream
Thread with TID = 124190973757120 read: Hair Oil
Thread with TID = 124190952785600 read: Essence
Thread with TID = 124190856316608 read: Epilator
Thread with TID = 124190745167552 read: Body Mist
Thread with TID = 124190942299840 read: Hair Dryer
Thread with TID = 124190845830848 read: Peel-Off Mask
Thread with TID = 124190835345088 read: Under-Eye Gel
Thread with TID = 124190824859328 read: Lip Balm
Thread with TID = 124190814373568 read: Nail Strengthener
Thread with TID = 124190703224512 read: Face Powder
Thread with TID = 124190713710272 read: Foot Cream
Thread with TID = 124190692738752 read: Acne Treatment
Thread with TID = 124190587881152 read: Bronzer
Thread with TID = 124190682252992 read: Hair Straightener
Thread with TID = 124190671767232 read: Face Serum
Thread with TID = 124190577395392 read: Hair Gel
Thread with TID = 124190566909632 read: Heat Protection Spray
Thread with TID = 124190453663424 read: Hair Serum
Thread with TID = 124190443177664 read: BB Cream
Thread with TID = 124190556423872 read: Body Lotion
Thread with TID = 124190535452352 read: Detangler Spray
Thread with TID = 124190545938112 read: Lip Scrub
Thread with TID = 124190432691904 read: Blush
Thread with TID = 124190411720384 read: Exfoliator
Thread with TID = 124190422206144 read: Eyeshadow Palette
Thread with TID = 124190401234624 read: Dry Shampoo
Thread with TID = 124190298474176 read: Lip Gloss
Thread with TID = 124190308959936 read: Beard Oil
Thread with TID = 124190319445696 read: Hair Mask
Thread with TID = 124190287988416 read: Perfume
Thread with TID = 124190277502656 read: Clay Mask
Thread with TID = 124190164256448 read: Moisturizer
Thread with TID = 124190185227968 read: Nail Buffer
Thread with TID = 124190174742208 read: Eyeliner
Thread with TID = 124190143284928 read: Leave-In Conditioner
Thread with TID = 124190267016896 read: Hair Spray
Thread with TID = 124190132799168 read: Cuticle Oil
Thread with TID = 124190153770688 read: Face Wash
Thread with TID = 124190040524480 read: Highlighter
Thread with TID = 124190009067200 read: Micellar Water
Thread with TID = 124189998581440 read: Eye Cream
Thread with TID = 124189916792512 read: Beard Wash
Thread with TID = 124190030038720 read: Shaving Cream
Thread with TID = 124190051010240 read: Concealer
Thread with TID = 124190019552960 read: Compact Powder
Thread with TID = 124189906306752 read: Toner
Thread with TID = 124189895820992 read: Body Scrub
Thread with TID = 124189885335232 read: Aftershave Balm
Thread with TID = 124189874849472 read: Nail Polish
Thread with TID = 124189864363712 read: Face Mask
Thread with TID = 124189782574784 read: Anti-Aging Cream
Thread with TID = 124189772089024 read: Hair Shampoo
Thread with TID = 124189761603264 read: Mascara
Thread with TID = 124189751117504 read: Hairbrush
Thread with TID = 124189740631744 read: Beard Balm
Thread with TID = 124189730145984 read: Scrub
Thread with TID = 124189719660224 read: Lipstick
Thread with TID = 124189709174464 read: Foundation
Thread with TID = 124189698688704 read: Cleansing Oil
Thread with TID = 124189688202944 read: Makeup Remover
Thread with TID = 124189677717184 read: Hair Curler
