Process PID: 133846
Thread with TID = 140737326876352 read: CC Cream
Thread with TID = 140737207338688 read: Hair Dryer
Thread with TID = 140737347847872 read: Hand Cream
Thread with TID = 140737217824448 read: Essence
Thread with TID = 140737083606720 read: Cuticle Cream
Thread with TID = 140737073120960 read: Body Butter
Thread with TID = 140737337362112 read: Hair Wax
Thread with TID = 140737305904832 read: Sunscreen
Thread with TID = 140737196852928 read: Hair Mousse
Thread with TID = 140737186367168 read: Hair Conditioner
Thread with TID = 140737316390592 read: Hair Oil
Thread with TID = 140737062635200 read: Lip Liner
Thread with TID = 140737031177920 read: Peel-Off Mask
Thread with TID = 140737175881408 read: Body Mist
Thread with TID = 140737165395648 read: Comb
Thread with TID = 140736840337088 read: Face Powder
Thread with TID = 140736850822848 read: Foot Cream
Thread with TID = 140736861308608 read: Nail Strengthener
Thread with TID = 140737052149440 read: Sheet Mask
Thread with TID = 140737041663680 read: Epilator
Thread with TID = 140736882280128 read: Under-Eye Gel
Thread with TID = 140736871794368 read: Lip Balm
Thread with TID = 140736716605120 read: Hair Gel
Thread with TID = 140736536250048 read: Detangler Spray
Thread with TID = 140736737576640 read: Face Serum
Thread with TID = 140736706119360 read: Heat Protection Spray
Thread with TID = 140736504792768 read: Blush
Thread with TID = 140736525764288 read: Hair Serum
Thread with TID = 140736515278528 read: BB Cream
Thread with TID = 140736748062400 read: Hair Straightener
Thread with TID = 140736695633600 read: Body Lotion
Thread with TID = 140736546735808 read: Lip Scrub
Thread with TID = 140736339117760 read: Hair Spray
Thread with TID = 140736727090880 read: Bronzer
Thread with TID = 140736318146240 read: Eyeliner
Thread with TID = 140736307660480 read: Moisturizer
Thread with TID = 140736402032320 read: Dry Shampoo
Thread with TID = 140736391546560 read: Hair Mask
Thread with TID = 140736381060800 read: Beard Oil
Thread with TID = 140736370575040 read: Lip Gloss
Thread with TID = 140736349603520 read: Clay Mask
Thread with TID = 140736829851328 read: Acne Treatment
Thread with TID = 140736494307008 read: Eyeshadow Palette
Thread with TID = 140736360089280 read: Perfume
Thread with TID = 140736328632000 read: Nail Buffer
Thread with TID = 140736412518080 read: Exfoliator
Thread with TID = 140736297174720 read: Face Wash
Thread with TID = 140736056002240 read: Beard Wash
Thread with TID = 140736045516480 read: Toner
Thread with TID = 140736035030720 read: Body Scrub
Thread with TID = 140736024544960 read: Aftershave Balm
Thread with TID = 140736003573440 read: Face Mask
Thread with TID = 140736190219968 read: Concealer
Thread with TID = 140735982601920 read: Hair Shampoo
Thread with TID = 140735993087680 read: Anti-Aging Cream
Thread with TID = 140736066488000 read: Eye Cream
Thread with TID = 140736211191488 read: Leave-In Conditioner
Thread with TID = 140736200705728 read: Cuticle Oil
Thread with TID = 140735972116160 read: Mascara
Thread with TID = 140735951144640 read: Beard Balm
Thread with TID = 140736179734208 read: Highlighter
Thread with TID = 140736169248448 read: Shaving Cream
Thread with TID = 140735940658880 read: Scrub
Thread with TID = 140736158762688 read: Compact Powder
Thread with TID = 140736076973760 read: Micellar Water
Thread with TID = 140736014059200 read: Nail Polish
Thread with TID = 140735961630400 read: Hairbrush
Thread with TID = 140735898715840 read: Makeup Remover
Thread with TID = 140735930173120 read: Lipstick
Thread with TID = 140735919687360 read: Foundation
Thread with TID = 140735888230080 read: Hair Curler
Thread with TID = 140735909201600 read: Cleansing Oil
