Process PID: 35246
Thread with TID = 132514265958080 read: Hand Cream
Thread with TID = 132514255472320 read: Hair Wax
Thread with TID = 132514213529280 read: Essence
Thread with TID = 132514203043520 read: Hair Dryer
Thread with TID = 132514089797312 read: Body Butter
Thread with TID = 132514182072000 read: Hair Conditioner
Thread with TID = 132514100283072 read: Cuticle Cream
Thread with TID = 132514079311552 read: Lip Liner
Thread with TID = 132514234500800 read: Hair Oil
Thread with TID = 132514244986560 read: CC Cream
Thread with TID = 132514068825792 read: Body Mist
Thread with TID = 132514224015040 read: Sunscreen
Thread with TID = 132514192557760 read: Hair Mousse
Thread with TID = 132514047854272 read: Sheet Mask
Thread with TID = 132513966065344 read: Epilator
Thread with TID = 132513924122304 read: Nail Strengthener
Thread with TID = 132513821361856 read: Acne Treatment
Thread with TID = 132513810876096 read: Hair Straightener
Thread with TID = 132513934608064 read: Lip Balm
Thread with TID = 132513955579584 read: Peel-Off Mask
Thread with TID = 132513945093824 read: Under-Eye Gel
Thread with TID = 132513913636544 read: Foot Cream
Thread with TID = 132513779418816 read: Hair Gel
Thread with TID = 132513831847616 read: Face Powder
Thread with TID = 132513630521024 read: Heat Protection Spray
Thread with TID = 132513800390336 read: Face Serum
Thread with TID = 132513620035264 read: Body Lotion
Thread with TID = 132513599063744 read: Detangler Spray
Thread with TID = 132513588577984 read: Hair Serum
Thread with TID = 132514058340032 read: Comb
Thread with TID = 132513789904576 read: Bronzer
Thread with TID = 132513578092224 read: BB Cream
Thread with TID = 132513609549504 read: Lip Scrub
Thread with TID = 132513525663424 read: Hair Mask
Thread with TID = 132513567606464 read: Blush
Thread with TID = 132513473234624 read: Hair Spray
Thread with TID = 132513494206144 read: Perfume
Thread with TID = 132513462748864 read: Nail Buffer
Thread with TID = 132513452263104 read: Eyeliner
Thread with TID = 132513441777344 read: Moisturizer
Thread with TID = 132513504691904 read: Lip Gloss
Thread with TID = 132513410320064 read: Cuticle Oil
Thread with TID = 132513546634944 read: Exfoliator
Thread with TID = 132513399834304 read: Concealer
Thread with TID = 132513420805824 read: Leave-In Conditioner
Thread with TID = 132513389348544 read: Highlighter
Thread with TID = 132513557120704 read: Eyeshadow Palette
Thread with TID = 132513515177664 read: Beard Oil
Thread with TID = 132513536149184 read: Dry Shampoo
Thread with TID = 132513483720384 read: Clay Mask
Thread with TID = 132513431291584 read: Face Wash
Thread with TID = 132513378862784 read: Shaving Cream
Thread with TID = 132513368377024 read: Compact Powder
Thread with TID = 132513347405504 read: Eye Cream
Thread with TID = 132513357891264 read: Micellar Water
Thread with TID = 132513315948224 read: Body Scrub
Thread with TID = 132513326433984 read: Toner
Thread with TID = 132513336919744 read: Beard Wash
Thread with TID = 132513305462464 read: Aftershave Balm
Thread with TID = 132513294976704 read: Nail Polish
Thread with TID = 132513284490944 read: Face Mask
Thread with TID = 132513211090624 read: Lipstick
Thread with TID = 132513200604864 read: Foundation
Thread with TID = 132513253033664 read: Mascara
Thread with TID = 132513221576384 read: Scrub
Thread with TID = 132513242547904 read: Hairbrush
Thread with TID = 132513232062144 read: Beard Balm
Thread with TID = 132513179633344 read: Makeup Remover
Thread with TID = 132513190119104 read: Cleansing Oil
Thread with TID = 132513274005184 read: Anti-Aging Cream
Thread with TID = 132513263519424 read: Hair Shampoo
Thread with TID = 132513169147584 read: Hair Curler
