Process PID: 37208
Thread with TID = 133515056252608 read: Hair Wax
Thread with TID = 133515045766848 read: CC Cream
Thread with TID = 133515014309568 read: Essence
Thread with TID = 133515024795328 read: Sunscreen
Thread with TID = 133514940909248 read: Body Mist
Thread with TID = 133514982852288 read: Hair Conditioner
Thread with TID = 133514961880768 read: Body Butter
Thread with TID = 133514993338048 read: Hair Mousse
Thread with TID = 133514909451968 read: Epilator
Thread with TID = 133514972366528 read: Cuticle Cream
Thread with TID = 133514930423488 read: Comb
Thread with TID = 133514951395008 read: Lip Liner
Thread with TID = 133515003823808 read: Hair Dryer
Thread with TID = 133514898966208 read: Peel-Off Mask
Thread with TID = 133514919937728 read: Sheet Mask
Thread with TID = 133515066738368 read: Hand Cream
Thread with TID = 133515035281088 read: Hair Oil
Thread with TID = 133514877994688 read: Lip Balm
Thread with TID = 133514888480448 read: Under-Eye Gel
Thread with TID = 133514867508928 read: Nail Strengthener
Thread with TID = 133514750068416 read: Hair Straightener
Thread with TID = 133514729096896 read: Bronzer
Thread with TID = 133514857023168 read: Foot Cream
Thread with TID = 133514760554176 read: Acne Treatment
Thread with TID = 133514846537408 read: Face Powder
Thread with TID = 133514708125376 read: Heat Protection Spray
Thread with TID = 133514718611136 read: Hair Gel
Thread with TID = 133514739582656 read: Face Serum
Thread with TID = 133514492118720 read: Body Lotion
Thread with TID = 133514460661440 read: Hair Serum
Thread with TID = 133514481632960 read: Lip Scrub
Thread with TID = 133514450175680 read: BB Cream
Thread with TID = 133514471147200 read: Detangler Spray
Thread with TID = 133514429204160 read: Eyeshadow Palette
Thread with TID = 133514418718400 read: Exfoliator
Thread with TID = 133514408232640 read: Dry Shampoo
Thread with TID = 133514439689920 read: Blush
Thread with TID = 133514387261120 read: Beard Oil
Thread with TID = 133514355803840 read: Clay Mask
Thread with TID = 133514345318080 read: Hair Spray
Thread with TID = 133514397746880 read: Hair Mask
Thread with TID = 133514313860800 read: Moisturizer
Thread with TID = 133514334832320 read: Nail Buffer
Thread with TID = 133514366289600 read: Perfume
Thread with TID = 133514292889280 read: Leave-In Conditioner
Thread with TID = 133514376775360 read: Lip Gloss
Thread with TID = 133514303375040 read: Face Wash
Thread with TID = 133514324346560 read: Eyeliner
Thread with TID = 133514282403520 read: Cuticle Oil
Thread with TID = 133514261432000 read: Highlighter
Thread with TID = 133514271917760 read: Concealer
Thread with TID = 133514250946240 read: Shaving Cream
Thread with TID = 133514240460480 read: Compact Powder
Thread with TID = 133514229974720 read: Micellar Water
Thread with TID = 133514209003200 read: Beard Wash
Thread with TID = 133514219488960 read: Eye Cream
Thread with TID = 133514198517440 read: Toner
Thread with TID = 133514177545920 read: Aftershave Balm
Thread with TID = 133514156574400 read: Face Mask
Thread with TID = 133514188031680 read: Body Scrub
Thread with TID = 133514167060160 read: Nail Polish
Thread with TID = 133514125117120 read: Mascara
Thread with TID = 133514104145600 read: Beard Balm
Thread with TID = 133514135602880 read: Hair Shampoo
Thread with TID = 133514093659840 read: Scrub
Thread with TID = 133514146088640 read: Anti-Aging Cream
Thread with TID = 133514072688320 read: Foundation
Thread with TID = 133514114631360 read: Hairbrush
Thread with TID = 133514083174080 read: Lipstick
Thread with TID = 133514062202560 read: Cleansing Oil
Thread with TID = 133514051716800 read: Makeup Remover
Thread with TID = 133514041231040 read: Hair Curler
