Process PID: 8754
Thread with TID = 124077633177280 read: Hand Cream
Thread with TID = 124077601720000 read: Hair Oil
Thread with TID = 124077612205760 read: CC Cream
Thread with TID = 124077509445312 read: Essence
Thread with TID = 124077622691520 read: Hair Wax
Thread with TID = 124077591234240 read: Sunscreen
Thread with TID = 124077498959552 read: Hair Dryer
Thread with TID = 124077477988032 read: Hair Conditioner
Thread with TID = 124077488473792 read: Hair Mousse
Thread with TID = 124077467502272 read: Cuticle Cream
Thread with TID = 124077457016512 read: Body Butter
Thread with TID = 124077375227584 read: Lip Liner
Thread with TID = 124077364741824 read: Body Mist
Thread with TID = 124077354256064 read: Comb
Thread with TID = 124077333284544 read: Epilator
Thread with TID = 124077343770304 read: Sheet Mask
Thread with TID = 124077230524096 read: Lip Balm
Thread with TID = 124077241009856 read: Under-Eye Gel
Thread with TID = 124077220038336 read: Nail Strengthener
Thread with TID = 124077199066816 read: Face Powder
Thread with TID = 124077209552576 read: Foot Cream
Thread with TID = 124077188581056 read: Acne Treatment
Thread with TID = 124077322798784 read: Peel-Off Mask
Thread with TID = 124077178095296 read: Hair Straightener
Thread with TID = 124077167609536 read: Face Serum
Thread with TID = 124077157123776 read: Bronzer
Thread with TID = 124077125666496 read: Body Lotion
Thread with TID = 124077146638016 read: Hair Gel
Thread with TID = 124077115180736 read: Lip Scrub
Thread with TID = 124077136152256 read: Heat Protection Spray
Thread with TID = 124077104694976 read: Detangler Spray
Thread with TID = 124077094209216 read: Hair Serum
Thread with TID = 124077073237696 read: Blush
Thread with TID = 124077083723456 read: BB Cream
Thread with TID = 124077052266176 read: Exfoliator
Thread with TID = 124077041780416 read: Dry Shampoo
Thread with TID = 124077010323136 read: Lip Gloss
Thread with TID = 124077020808896 read: Beard Oil
Thread with TID = 124077031294656 read: Hair Mask
Thread with TID = 124076999837376 read: Perfume
Thread with TID = 124076989351616 read: Clay Mask
Thread with TID = 124076978865856 read: Hair Spray
Thread with TID = 124076957894336 read: Eyeliner
Thread with TID = 124076968380096 read: Nail Buffer
Thread with TID = 124076947408576 read: Moisturizer
Thread with TID = 124077062751936 read: Eyeshadow Palette
Thread with TID = 124076936922816 read: Face Wash
Thread with TID = 124076926437056 read: Leave-In Conditioner
Thread with TID = 124076905465536 read: Concealer
Thread with TID = 124076915951296 read: Cuticle Oil
Thread with TID = 124076874008256 read: Compact Powder
Thread with TID = 124076894979776 read: Highlighter
Thread with TID = 124076853036736 read: Eye Cream
Thread with TID = 124076884494016 read: Shaving Cream
Thread with TID = 124076863522496 read: Micellar Water
Thread with TID = 124076842550976 read: Beard Wash
Thread with TID = 124076769150656 read: Hair Shampoo
Thread with TID = 124076758664896 read: Mascara
Thread with TID = 124076727207616 read: Scrub
Thread with TID = 124076790122176 read: Face Mask
Thread with TID = 124076779636416 read: Anti-Aging Cream
Thread with TID = 124076821579456 read: Body Scrub
Thread with TID = 124076832065216 read: Toner
Thread with TID = 124076811093696 read: Aftershave Balm
Thread with TID = 124076737693376 read: Beard Balm
Thread with TID = 124076695750336 read: Cleansing Oil
Thread with TID = 124076800607936 read: Nail Polish
Thread with TID = 124076716721856 read: Lipstick
Thread with TID = 124076748179136 read: Hairbrush
Thread with TID = 124076706236096 read: Foundation
Thread with TID = 124076685264576 read: Makeup Remover
Thread with TID = 124076674778816 read: Hair Curler
