Process PID: 17168
Thread with TID = 135204213622464 read: Tennis Racket
Thread with TID = 135204150707904 read: Running Shoes
Thread with TID = 135204087793344 read: Dumbbells
Thread with TID = 135204161193664 read: Game Timer
Thread with TID = 135204098279104 read: Snowboard
Thread with TID = 135204171679424 read: Sweatband
Thread with TID = 135203741763264 read: Resistance Bands
Thread with TID = 135203762734784 read: Jersey
Thread with TID = 135203899049664 read: Arm Sleeves
Thread with TID = 135203773220544 read: Rugby Ball
Thread with TID = 135204077307584 read: Medicine Ball
Thread with TID = 135203794192064 read: Shin Guards
Thread with TID = 135203752249024 read: Baseball Bat
Thread with TID = 135203867592384 read: Kayak
Thread with TID = 135203815163584 read: Balance Board
Thread with TID = 135203804677824 read: Table Tennis Paddle
Thread with TID = 135203783706304 read: Exercise Ball
Thread with TID = 135204203136704 read: Slamball
Thread with TID = 135204066821824 read: Water Bottle
Thread with TID = 135203710305984 read: Billiard Stick
Thread with TID = 135203857106624 read: Pull-Up Bar
Thread with TID = 135203878078144 read: Badminton Racket
Thread with TID = 135204056336064 read: Dip Bar
Thread with TID = 135203825649344 read: Swimming Goggles
Thread with TID = 135203888563904 read: Barbell
Thread with TID = 135203720791744 read: Tracksuit
Thread with TID = 135203836135104 read: Cricket Bat
Thread with TID = 135204108764864 read: Punching Bag
Thread with TID = 135203699820224 read: Cycling Shoes
Thread with TID = 135203032925888 read: Agility Cones
Thread with TID = 135204192650944 read: Energy Gel
Thread with TID = 135203909535424 read: Treadmill
Thread with TID = 135204182165184 read: Horseshoes
Thread with TID = 135204224108224 read: Exercise Bike
Thread with TID = 135203731277504 read: Football
Thread with TID = 135204140222144 read: Basketball
Thread with TID = 135204119250624 read: Compression Tights
Thread with TID = 135204024878784 read: Helmet
Thread with TID = 135204014393024 read: Speed Ladder
Thread with TID = 135204035364544 read: Parachute Trainer
Thread with TID = 135203972449984 read: Golf Club
Thread with TID = 135204003907264 read: Volleyball
Thread with TID = 135203477522112 read: Elbow Pads
Thread with TID = 135203668362944 read: Paddleboard
Thread with TID = 135203689334464 read: Surfboard
Thread with TID = 135203678848704 read: Bicycle
Thread with TID = 135203657877184 read: Mini Golf Set
Thread with TID = 135203647391424 read: Rowing Machine
Thread with TID = 135203636905664 read: Shorts
Thread with TID = 135203488007872 read: Kettlebell
Thread with TID = 135203255224000 read: Hiking Boots
Thread with TID = 135203244738240 read: Sleeping Bag
Thread with TID = 135203234252480 read: Training Vest
Thread with TID = 135203085354688 read: Cornhole Set
Thread with TID = 135203467036352 read: Knee Pads
Thread with TID = 135203074868928 read: Battle Rope
Thread with TID = 135203456550592 read: Roller Skates
Thread with TID = 135203064383168 read: Foosball Table
Thread with TID = 135203446064832 read: Chess Clock
Thread with TID = 135203435579072 read: Pilates Ring
Thread with TID = 135203043411648 read: Trampoline
Thread with TID = 135203053897408 read: Yoga Mat
Thread with TID = 135203286681280 read: Fishing Rod
Thread with TID = 135203276195520 read: Trekking Pole
Thread with TID = 135202884028096 read: Sports Drink
Thread with TID = 135202873542336 read: Weight Plates
Thread with TID = 135203265709760 read: Sandbag
Thread with TID = 135202863056576 read: Elliptical Trainer
Thread with TID = 135203993421504 read: Hand Gripper
Thread with TID = 135203951478464 read: Skipping Rope
Thread with TID = 135203982935744 read: Air Hockey Table
Thread with TID = 135203940992704 read: Camping Tent
Thread with TID = 135203930506944 read: Boxing Gloves
Thread with TID = 135203961964224 read: Darts
Thread with TID = 135203846620864 read: Ice Skates
Thread with TID = 135204045850304 read: Disc Golf
Thread with TID = 135203920021184 read: Ski Poles
Thread with TID = 135204129736384 read: Power Tower
