Process PID: 12837
Thread with TID = 126657675396800 read: Water Bottle
Thread with TID = 126657717339840 read: Punching Bag
Thread with TID = 126657727825600 read: Compression Tights
Thread with TID = 126657748797120 read: Basketball
Thread with TID = 126657549567680 read: Camping Tent
Thread with TID = 126657570539200 read: Darts
Thread with TID = 126657581024960 read: Golf Club
Thread with TID = 126657780254400 read: Sweatband
Thread with TID = 126657738311360 read: Power Tower
Thread with TID = 126657769768640 read: Game Timer
Thread with TID = 126657528596160 read: Ski Poles
Thread with TID = 126657230800576 read: Cricket Bat
Thread with TID = 126657539081920 read: Boxing Gloves
Thread with TID = 126657241286336 read: Ice Skates
Thread with TID = 126657664911040 read: Dip Bar
Thread with TID = 126657560053440 read: Skipping Rope
Thread with TID = 126657759282880 read: Running Shoes
Thread with TID = 126657612482240 read: Volleyball
Thread with TID = 126657790740160 read: Horseshoes
Thread with TID = 126657633453760 read: Helmet
Thread with TID = 126657822197440 read: Tennis Racket
Thread with TID = 126657801225920 read: Energy Gel
Thread with TID = 126657601996480 read: Hand Gripper
Thread with TID = 126657811711680 read: Slamball
Thread with TID = 126657622968000 read: Speed Ladder
Thread with TID = 126657591510720 read: Air Hockey Table
Thread with TID = 126657643939520 read: Parachute Trainer
Thread with TID = 126657442612928 read: Treadmill
Thread with TID = 126657832683200 read: Exercise Bike
Thread with TID = 126657654425280 read: Disc Golf
Thread with TID = 126657696368320 read: Dumbbells
Thread with TID = 126657685882560 read: Medicine Ball
Thread with TID = 126657706854080 read: Snowboard
Thread with TID = 126657390184128 read: Pull-Up Bar
Thread with TID = 126657421641408 read: Barbell
Thread with TID = 126657432127168 read: Arm Sleeves
Thread with TID = 126657411155648 read: Badminton Racket
Thread with TID = 126656033326784 read: Yoga Mat
Thread with TID = 126656616335040 read: Shorts
Thread with TID = 126656213681856 read: Training Vest
Thread with TID = 126657039959744 read: Exercise Ball
Thread with TID = 126656998016704 read: Resistance Bands
Thread with TID = 126656828147392 read: Billiard Stick
Thread with TID = 126656182224576 read: Foosball Table
Thread with TID = 126656817661632 read: Cycling Shoes
Thread with TID = 126657008502464 read: Baseball Bat
Thread with TID = 126656796690112 read: Bicycle
Thread with TID = 126656224167616 read: Sleeping Bag
Thread with TID = 126656786204352 read: Paddleboard
Thread with TID = 126656626820800 read: Rowing Machine
Thread with TID = 126656425494208 read: Chess Clock
Thread with TID = 126657188857536 read: Shin Guards
Thread with TID = 126656383551168 read: Sandbag
Thread with TID = 126657220314816 read: Swimming Goggles
Thread with TID = 126656203196096 read: Cornhole Set
Thread with TID = 126657018988224 read: Jersey
Thread with TID = 126656192710336 read: Battle Rope
Thread with TID = 126656637306560 read: Mini Golf Set
Thread with TID = 126656435979968 read: Roller Skates
Thread with TID = 126656415008448 read: Pilates Ring
Thread with TID = 126656234653376 read: Hiking Boots
Thread with TID = 126657199343296 read: Table Tennis Paddle
Thread with TID = 126656595363520 read: Elbow Pads
Thread with TID = 126657209829056 read: Balance Board
Thread with TID = 126656404522688 read: Fishing Rod
Thread with TID = 126657029473984 read: Rugby Ball
Thread with TID = 126657400669888 read: Kayak
Thread with TID = 126656394036928 read: Trekking Pole
Thread with TID = 126656807175872 read: Surfboard
Thread with TID = 126656838633152 read: Tracksuit
Thread with TID = 126656987530944 read: Football
Thread with TID = 126656584877760 read: Knee Pads
Thread with TID = 126656605849280 read: Kettlebell
Thread with TID = 126655980897984 read: Elliptical Trainer
Thread with TID = 126656001869504 read: Sports Drink
Thread with TID = 126655991383744 read: Weight Plates
Thread with TID = 126656022841024 read: Trampoline
Thread with TID = 126656012355264 read: Agility Cones
