Process PID: 4347
Thread with TID = 138817994491584 read: Exercise Bike
Thread with TID = 138817732347584 read: Darts
Thread with TID = 138817763804864 read: Hand Gripper
Thread with TID = 138817575061184 read: Table Tennis Paddle
Thread with TID = 138817753319104 read: Air Hockey Table
Thread with TID = 138817942062784 read: Sweatband
Thread with TID = 138817606518464 read: Cricket Bat
Thread with TID = 138817858176704 read: Dumbbells
Thread with TID = 138817784776384 read: Speed Ladder
Thread with TID = 138817795262144 read: Helmet
Thread with TID = 138817637975744 read: Kayak
Thread with TID = 138817658947264 read: Barbell
Thread with TID = 138817774290624 read: Volleyball
Thread with TID = 138817900119744 read: Power Tower
Thread with TID = 138817805747904 read: Parachute Trainer
Thread with TID = 138817742833344 read: Golf Club
Thread with TID = 138817837205184 read: Water Bottle
Thread with TID = 138817816233664 read: Disc Golf
Thread with TID = 138817627489984 read: Pull-Up Bar
Thread with TID = 138817868662464 read: Snowboard
Thread with TID = 138817585546944 read: Balance Board
Thread with TID = 138817617004224 read: Ice Skates
Thread with TID = 138817596032704 read: Swimming Goggles
Thread with TID = 138817648461504 read: Badminton Racket
Thread with TID = 138817963034304 read: Energy Gel
Thread with TID = 138817984005824 read: Tennis Racket
Thread with TID = 138817721861824 read: Skipping Rope
Thread with TID = 138817826719424 read: Dip Bar
Thread with TID = 138817889633984 read: Compression Tights
Thread with TID = 138817879148224 read: Punching Bag
Thread with TID = 138817952548544 read: Horseshoes
Thread with TID = 138817711376064 read: Camping Tent
Thread with TID = 138817847690944 read: Medicine Ball
Thread with TID = 138817973520064 read: Slamball
Thread with TID = 138817700890304 read: Boxing Gloves
Thread with TID = 138817921091264 read: Running Shoes
Thread with TID = 138817690404544 read: Ski Poles
Thread with TID = 138817679918784 read: Treadmill
Thread with TID = 138817910605504 read: Basketball
Thread with TID = 138817669433024 read: Arm Sleeves
Thread with TID = 138817197573824 read: Weight Plates
Thread with TID = 138817931577024 read: Game Timer
Thread with TID = 138817208059584 read: Sports Drink
Thread with TID = 138817501660864 read: Football
Thread with TID = 138817470203584 read: Cycling Shoes
Thread with TID = 138817459717824 read: Surfboard
Thread with TID = 138817564575424 read: Shin Guards
Thread with TID = 138817218545344 read: Agility Cones
Thread with TID = 138817270974144 read: Cornhole Set
Thread with TID = 138817354860224 read: Chess Clock
Thread with TID = 138817438746304 read: Paddleboard
Thread with TID = 138817365345984 read: Roller Skates
Thread with TID = 138817229031104 read: Trampoline
Thread with TID = 138817344374464 read: Pilates Ring
Thread with TID = 138817333888704 read: Fishing Rod
Thread with TID = 138817417774784 read: Rowing Machine
Thread with TID = 138817407289024 read: Shorts
Thread with TID = 138817323402944 read: Trekking Pole
Thread with TID = 138817250002624 read: Foosball Table
Thread with TID = 138817375831744 read: Knee Pads
Thread with TID = 138817554089664 read: Exercise Ball
Thread with TID = 138817302431424 read: Hiking Boots
Thread with TID = 138817428260544 read: Mini Golf Set
Thread with TID = 138817543603904 read: Rugby Ball
Thread with TID = 138817386317504 read: Elbow Pads
Thread with TID = 138817291945664 read: Sleeping Bag
Thread with TID = 138817187088064 read: Elliptical Trainer
Thread with TID = 138817396803264 read: Kettlebell
Thread with TID = 138817480689344 read: Billiard Stick
Thread with TID = 138817449232064 read: Bicycle
Thread with TID = 138817533118144 read: Jersey
Thread with TID = 138817281459904 read: Training Vest
Thread with TID = 138817312917184 read: Sandbag
Thread with TID = 138817512146624 read: Resistance Bands
Thread with TID = 138817260488384 read: Battle Rope
Thread with TID = 138817522632384 read: Baseball Bat
Thread with TID = 138817491175104 read: Tracksuit
Thread with TID = 138817239516864 read: Yoga Mat
