Process PID: 9084
Thread with TID = 137040494593728 read: Rowing Machine
Thread with TID = 137040515565248 read: Resistance Bands
Thread with TID = 137040505079488 read: Cycling Shoes
Thread with TID = 137040473622208 read: Sweatband
Thread with TID = 137040526051008 read: Pull-Up Bar
Thread with TID = 137040484107968 read: Ski Poles
Thread with TID = 137040463136448 read: Exercise Bike
Thread with TID = 137040452650688 read: Parachute Trainer
Thread with TID = 137040442164928 read: Power Tower
Thread with TID = 137040410707648 read: Dumbbells
Thread with TID = 137040324724416 read: Snowboard
Thread with TID = 137040431679168 read: Darts
Thread with TID = 137040314238656 read: Sleeping Bag
Thread with TID = 137040421193408 read: Elliptical Trainer
Thread with TID = 137040303752896 read: Medicine Ball
Thread with TID = 137040293267136 read: Battle Rope
Thread with TID = 137040272295616 read: Energy Gel
Thread with TID = 137040159049408 read: Tracksuit
Thread with TID = 137040138077888 read: Pilates Ring
Thread with TID = 137040148563648 read: Baseball Bat
Thread with TID = 137040045803200 read: Cricket Bat
Thread with TID = 137040035317440 read: Boxing Gloves
Thread with TID = 137040282781376 read: Trampoline
Thread with TID = 137040024831680 read: Hand Gripper
Thread with TID = 137040014345920 read: Rugby Ball
Thread with TID = 137040190506688 read: Chess Clock
Thread with TID = 137040056288960 read: Basketball
Thread with TID = 137040180020928 read: Kettlebell
Thread with TID = 137040003860160 read: Bicycle
Thread with TID = 137040169535168 read: Balance Board
Thread with TID = 137039993374400 read: Arm Sleeves
Thread with TID = 137039982888640 read: Badminton Racket
Thread with TID = 137039972402880 read: Trekking Pole
Thread with TID = 137039951431360 read: Speed Ladder
Thread with TID = 137039888516800 read: Sports Drink
Thread with TID = 137039857059520 read: Shorts
Thread with TID = 137039909488320 read: Training Vest
Thread with TID = 137039878031040 read: Horseshoes
Thread with TID = 137039961917120 read: Golf Club
Thread with TID = 137039899002560 read: Tennis Racket
Thread with TID = 137039804630720 read: Treadmill
Thread with TID = 137039940945600 read: Billiard Stick
Thread with TID = 137039867545280 read: Foosball Table
Thread with TID = 137039846573760 read: Knee Pads
Thread with TID = 137039930459840 read: Weight Plates
Thread with TID = 137039919974080 read: Air Hockey Table
Thread with TID = 137039836088000 read: Football
Thread with TID = 137039825602240 read: Exercise Ball
Thread with TID = 137039815116480 read: Skipping Rope
Thread with TID = 137039794144960 read: Game Timer
Thread with TID = 137039783659200 read: Volleyball
Thread with TID = 137039762687680 read: Roller Skates
Thread with TID = 137039752201920 read: Dip Bar
Thread with TID = 137039720744640 read: Compression Tights
Thread with TID = 137039741716160 read: Ice Skates
Thread with TID = 137039773173440 read: Surfboard
Thread with TID = 137039731230400 read: Water Bottle
Thread with TID = 137039678801600 read: Mini Golf Set
Thread with TID = 137039668315840 read: Cornhole Set
Thread with TID = 137039626372800 read: Running Shoes
Thread with TID = 137039710258880 read: Yoga Mat
Thread with TID = 137039657830080 read: Slamball
Thread with TID = 137039636858560 read: Swimming Goggles
Thread with TID = 137039699773120 read: Paddleboard
Thread with TID = 137039689287360 read: Shin Guards
Thread with TID = 137039594915520 read: Helmet
Thread with TID = 137039615887040 read: Agility Cones
Thread with TID = 137039647344320 read: Jersey
Thread with TID = 137039605401280 read: Camping Tent
Thread with TID = 137039584429760 read: Fishing Rod
Thread with TID = 137039573944000 read: Hiking Boots
Thread with TID = 137039563458240 read: Sandbag
Thread with TID = 137039542486720 read: Punching Bag
Thread with TID = 137039532000960 read: Elbow Pads
Thread with TID = 137039511029440 read: Table Tennis Paddle
Thread with TID = 137039552972480 read: Kayak
Thread with TID = 137039521515200 read: Disc Golf
Thread with TID = 137039500543680 read: Barbell
