Process PID: 11237
Thread with TID = 125316412475072 read: Cycling Shoes
Thread with TID = 125316433446592 read: Pull-Up Bar
Thread with TID = 125316422960832 read: Resistance Bands
Thread with TID = 125316370532032 read: Exercise Bike
Thread with TID = 125316391503552 read: Ski Poles
Thread with TID = 125316381017792 read: Sweatband
Thread with TID = 125316250994368 read: Elliptical Trainer
Thread with TID = 125316360046272 read: Parachute Trainer
Thread with TID = 125316271965888 read: Power Tower
Thread with TID = 125316401989312 read: Rowing Machine
Thread with TID = 125316230022848 read: Snowboard
Thread with TID = 125316261480128 read: Darts
Thread with TID = 125316219537088 read: Sleeping Bag
Thread with TID = 125316137748160 read: Medicine Ball
Thread with TID = 125316127262400 read: Battle Rope
Thread with TID = 125316240508608 read: Dumbbells
Thread with TID = 125316106290880 read: Energy Gel
Thread with TID = 125316085319360 read: Kettlebell
Thread with TID = 125316095805120 read: Chess Clock
Thread with TID = 125315993044672 read: Tracksuit
Thread with TID = 125316116776640 read: Trampoline
Thread with TID = 125315972073152 read: Pilates Ring
Thread with TID = 125315961587392 read: Basketball
Thread with TID = 125316003530432 read: Balance Board
Thread with TID = 125315982558912 read: Baseball Bat
Thread with TID = 125315951101632 read: Cricket Bat
Thread with TID = 125315858826944 read: Hand Gripper
Thread with TID = 125315848341184 read: Rugby Ball
Thread with TID = 125315827369664 read: Arm Sleeves
Thread with TID = 125315869312704 read: Boxing Gloves
Thread with TID = 125315837855424 read: Bicycle
Thread with TID = 125315816883904 read: Badminton Racket
Thread with TID = 125315806398144 read: Trekking Pole
Thread with TID = 125315701540544 read: Foosball Table
Thread with TID = 125315659597504 read: Exercise Ball
Thread with TID = 125315722512064 read: Sports Drink
Thread with TID = 125315795912384 read: Golf Club
Thread with TID = 125315785426624 read: Speed Ladder
Thread with TID = 125315743483584 read: Training Vest
Thread with TID = 125315649111744 read: Skipping Rope
Thread with TID = 125315732997824 read: Tennis Racket
Thread with TID = 125315764455104 read: Weight Plates
Thread with TID = 125315753969344 read: Air Hockey Table
Thread with TID = 125315712026304 read: Horseshoes
Thread with TID = 125315691054784 read: Shorts
Thread with TID = 125315774940864 read: Billiard Stick
Thread with TID = 125315680569024 read: Knee Pads
Thread with TID = 125315670083264 read: Football
Thread with TID = 125315638625984 read: Treadmill
Thread with TID = 125315607168704 read: Surfboard
Thread with TID = 125315628140224 read: Game Timer
Thread with TID = 125315617654464 read: Volleyball
Thread with TID = 125315586197184 read: Dip Bar
Thread with TID = 125315466659520 read: Yoga Mat
Thread with TID = 125315403744960 read: Jersey
Thread with TID = 125315456173760 read: Paddleboard
Thread with TID = 125315393259200 read: Swimming Goggles
Thread with TID = 125315596682944 read: Roller Skates
Thread with TID = 125315554739904 read: Compression Tights
Thread with TID = 125315575711424 read: Ice Skates
Thread with TID = 125315445688000 read: Shin Guards
Thread with TID = 125315435202240 read: Mini Golf Set
Thread with TID = 125315414230720 read: Slamball
Thread with TID = 125315372287680 read: Agility Cones
Thread with TID = 125315424716480 read: Cornhole Set
Thread with TID = 125315565225664 read: Water Bottle
Thread with TID = 125315382773440 read: Running Shoes
Thread with TID = 125315361801920 read: Camping Tent
Thread with TID = 125315340830400 read: Fishing Rod
Thread with TID = 125315351316160 read: Helmet
Thread with TID = 125315330344640 read: Hiking Boots
Thread with TID = 125315319858880 read: Sandbag
Thread with TID = 125315309373120 read: Kayak
Thread with TID = 125315277915840 read: Disc Golf
Thread with TID = 125315267430080 read: Table Tennis Paddle
Thread with TID = 125315256944320 read: Barbell
Thread with TID = 125315298887360 read: Punching Bag
Thread with TID = 125315288401600 read: Elbow Pads
