Process PID: 13412
Thread with TID = 134536354596544 read: Cycling Shoes
Thread with TID = 134536344110784 read: Rowing Machine
Thread with TID = 134536323139264 read: Sweatband
Thread with TID = 134536365082304 read: Resistance Bands
Thread with TID = 134536375568064 read: Pull-Up Bar
Thread with TID = 134536333625024 read: Ski Poles
Thread with TID = 134536182630080 read: Dumbbells
Thread with TID = 134536214087360 read: Power Tower
Thread with TID = 134536140687040 read: Battle Rope
Thread with TID = 134536224573120 read: Parachute Trainer
Thread with TID = 134536130201280 read: Trampoline
Thread with TID = 134536161658560 read: Sleeping Bag
Thread with TID = 134536172144320 read: Snowboard
Thread with TID = 134536203601600 read: Darts
Thread with TID = 134536119715520 read: Energy Gel
Thread with TID = 134536109229760 read: Chess Clock
Thread with TID = 134536193115840 read: Elliptical Trainer
Thread with TID = 134536023246528 read: Kettlebell
Thread with TID = 134536151172800 read: Medicine Ball
Thread with TID = 134536312653504 read: Exercise Bike
Thread with TID = 134536012760768 read: Balance Board
Thread with TID = 134536002275008 read: Tracksuit
Thread with TID = 134535991789248 read: Baseball Bat
Thread with TID = 134535981303488 read: Pilates Ring
Thread with TID = 134535949846208 read: Boxing Gloves
Thread with TID = 134535939360448 read: Hand Gripper
Thread with TID = 134535907903168 read: Arm Sleeves
Thread with TID = 134535960331968 read: Cricket Bat
Thread with TID = 134535928874688 read: Rugby Ball
Thread with TID = 134535918388928 read: Bicycle
Thread with TID = 134535897417408 read: Badminton Racket
Thread with TID = 134535876445888 read: Golf Club
Thread with TID = 134535970817728 read: Basketball
Thread with TID = 134535886931648 read: Trekking Pole
Thread with TID = 134535865960128 read: Speed Ladder
Thread with TID = 134535844988608 read: Weight Plates
Thread with TID = 134535744325312 read: Tennis Racket
Thread with TID = 134535733839552 read: Sports Drink
Thread with TID = 134535855474368 read: Billiard Stick
Thread with TID = 134535834502848 read: Air Hockey Table
Thread with TID = 134535754811072 read: Training Vest
Thread with TID = 134535702382272 read: Shorts
Thread with TID = 134535681410752 read: Football
Thread with TID = 134535723353792 read: Horseshoes
Thread with TID = 134535660439232 read: Skipping Rope
Thread with TID = 134535712868032 read: Foosball Table
Thread with TID = 134535649953472 read: Treadmill
Thread with TID = 134535618496192 read: Surfboard
Thread with TID = 134535628981952 read: Volleyball
Thread with TID = 134535639467712 read: Game Timer
Thread with TID = 134535597524672 read: Dip Bar
Thread with TID = 134535587038912 read: Ice Skates
Thread with TID = 134535608010432 read: Roller Skates
Thread with TID = 134535576553152 read: Water Bottle
Thread with TID = 134535670924992 read: Exercise Ball
Thread with TID = 134535691896512 read: Knee Pads
Thread with TID = 134535566067392 read: Compression Tights
Thread with TID = 134535475889856 read: Paddleboard
Thread with TID = 134535486375616 read: Yoga Mat
Thread with TID = 134535454918336 read: Mini Golf Set
Thread with TID = 134535444432576 read: Cornhole Set
Thread with TID = 134535433946816 read: Slamball
Thread with TID = 134535423461056 read: Jersey
Thread with TID = 134535465404096 read: Shin Guards
Thread with TID = 134535412975296 read: Swimming Goggles
Thread with TID = 134535287146176 read: Table Tennis Paddle
Thread with TID = 134535371032256 read: Helmet
Thread with TID = 134535402489536 read: Running Shoes
Thread with TID = 134535318603456 read: Punching Bag
Thread with TID = 134535308117696 read: Elbow Pads
Thread with TID = 134535360546496 read: Fishing Rod
Thread with TID = 134535392003776 read: Agility Cones
Thread with TID = 134535381518016 read: Camping Tent
Thread with TID = 134535276660416 read: Barbell
Thread with TID = 134535350060736 read: Hiking Boots
Thread with TID = 134535339574976 read: Sandbag
Thread with TID = 134535329089216 read: Kayak
Thread with TID = 134535297631936 read: Disc Golf
