Process PID: 15571
Thread with TID = 138243685222080 read: Rowing Machine
Thread with TID = 138243643279040 read: Parachute Trainer
Thread with TID = 138243653764800 read: Exercise Bike
Thread with TID = 138243664250560 read: Sweatband
Thread with TID = 138243695707840 read: Cycling Shoes
Thread with TID = 138243716679360 read: Pull-Up Bar
Thread with TID = 138243706193600 read: Resistance Bands
Thread with TID = 138243622307520 read: Elliptical Trainer
Thread with TID = 138243632793280 read: Darts
Thread with TID = 138243611821760 read: Dumbbells
Thread with TID = 138243601336000 read: Snowboard
Thread with TID = 138243519547072 read: Power Tower
Thread with TID = 138243498575552 read: Medicine Ball
Thread with TID = 138243488089792 read: Battle Rope
Thread with TID = 138243477604032 read: Trampoline
Thread with TID = 138243467118272 read: Energy Gel
Thread with TID = 138243251111616 read: Chess Clock
Thread with TID = 138243509061312 read: Sleeping Bag
Thread with TID = 138243240625856 read: Kettlebell
Thread with TID = 138243219654336 read: Tracksuit
Thread with TID = 138243230140096 read: Balance Board
Thread with TID = 138243167225536 read: Boxing Gloves
Thread with TID = 138243146254016 read: Rugby Ball
Thread with TID = 138243198682816 read: Pilates Ring
Thread with TID = 138243156739776 read: Hand Gripper
Thread with TID = 138243209168576 read: Baseball Bat
Thread with TID = 138243188197056 read: Basketball
Thread with TID = 138243177711296 read: Cricket Bat
Thread with TID = 138243135768256 read: Bicycle
Thread with TID = 138243353872064 read: Speed Ladder
Thread with TID = 138243385329344 read: Badminton Racket
Thread with TID = 138242991064768 read: Arm Sleeves
Thread with TID = 138243343386304 read: Billiard Stick
Thread with TID = 138243374843584 read: Trekking Pole
Thread with TID = 138243332900544 read: Weight Plates
Thread with TID = 138243364357824 read: Golf Club
Thread with TID = 138243049785024 read: Air Hockey Table
Thread with TID = 138243674736320 read: Ski Poles
Thread with TID = 138243039299264 read: Training Vest
Thread with TID = 138243028813504 read: Tennis Racket
Thread with TID = 138242970093248 read: Shorts
Thread with TID = 138242959607488 read: Knee Pads
Thread with TID = 138242980579008 read: Foosball Table
Thread with TID = 138243018327744 read: Sports Drink
Thread with TID = 138242907178688 read: Game Timer
Thread with TID = 138243007841984 read: Horseshoes
Thread with TID = 138242938635968 read: Exercise Ball
Thread with TID = 138242949121728 read: Football
Thread with TID = 138242928150208 read: Skipping Rope
Thread with TID = 138242917664448 read: Treadmill
Thread with TID = 138242896692928 read: Volleyball
Thread with TID = 138242833778368 read: Compression Tights
Thread with TID = 138242854749888 read: Ice Skates
Thread with TID = 138242886207168 read: Surfboard
Thread with TID = 138242875721408 read: Roller Skates
Thread with TID = 138242844264128 read: Water Bottle
Thread with TID = 138242865235648 read: Dip Bar
Thread with TID = 138242823292608 read: Yoga Mat
Thread with TID = 138242791835328 read: Mini Golf Set
Thread with TID = 138242812806848 read: Paddleboard
Thread with TID = 138242802321088 read: Shin Guards
Thread with TID = 138242781349568 read: Cornhole Set
Thread with TID = 138242770863808 read: Slamball
Thread with TID = 138242760378048 read: Jersey
Thread with TID = 138242749892288 read: Swimming Goggles
Thread with TID = 138242718435008 read: Camping Tent
Thread with TID = 138242676491968 read: Sandbag
Thread with TID = 138242739406528 read: Running Shoes
Thread with TID = 138242707949248 read: Helmet
Thread with TID = 138242645034688 read: Elbow Pads
Thread with TID = 138242697463488 read: Fishing Rod
Thread with TID = 138242666006208 read: Kayak
Thread with TID = 138242655520448 read: Punching Bag
Thread with TID = 138242686977728 read: Hiking Boots
Thread with TID = 138242728920768 read: Agility Cones
Thread with TID = 138242624063168 read: Table Tennis Paddle
Thread with TID = 138242613577408 read: Barbell
Thread with TID = 138242634548928 read: Disc Golf
