Process PID: 6237
Thread with TID = 125075932055232 read: Pull-Up Bar
Thread with TID = 125075911083712 read: Cycling Shoes
Thread with TID = 125075921569472 read: Resistance Bands
Thread with TID = 125075820906176 read: Rowing Machine
Thread with TID = 125075900597952 read: Ski Poles
Thread with TID = 125075810420416 read: Sweatband
Thread with TID = 125075789448896 read: Parachute Trainer
Thread with TID = 125075799934656 read: Exercise Bike
Thread with TID = 125075676202688 read: Dumbbells
Thread with TID = 125075655231168 read: Sleeping Bag
Thread with TID = 125075623773888 read: Trampoline
Thread with TID = 125075768477376 read: Darts
Thread with TID = 125075644745408 read: Medicine Ball
Thread with TID = 125075560859328 read: Baseball Bat
Thread with TID = 125075778963136 read: Power Tower
Thread with TID = 125075686688448 read: Elliptical Trainer
Thread with TID = 125075581830848 read: Balance Board
Thread with TID = 125075634259648 read: Battle Rope
Thread with TID = 125075613288128 read: Energy Gel
Thread with TID = 125075571345088 read: Tracksuit
Thread with TID = 125075602802368 read: Chess Clock
Thread with TID = 125075592316608 read: Kettlebell
Thread with TID = 125075395184320 read: Cricket Bat
Thread with TID = 125075342755520 read: Arm Sleeves
Thread with TID = 125075416155840 read: Pilates Ring
Thread with TID = 125075290326720 read: Billiard Stick
Thread with TID = 125075321784000 read: Trekking Pole
Thread with TID = 125075248383680 read: Tennis Racket
Thread with TID = 125075237897920 read: Sports Drink
Thread with TID = 125075384698560 read: Boxing Gloves
Thread with TID = 125075279840960 read: Weight Plates
Thread with TID = 125075405670080 read: Basketball
Thread with TID = 125075269355200 read: Air Hockey Table
Thread with TID = 125075374212800 read: Hand Gripper
Thread with TID = 125075363727040 read: Rugby Ball
Thread with TID = 125075353241280 read: Bicycle
Thread with TID = 125075258869440 read: Training Vest
Thread with TID = 125075332269760 read: Badminton Racket
Thread with TID = 125075311298240 read: Golf Club
Thread with TID = 125075300812480 read: Speed Ladder
Thread with TID = 125075665716928 read: Snowboard
Thread with TID = 125075550373568 read: Horseshoes
Thread with TID = 125075529402048 read: Shorts
Thread with TID = 125075518916288 read: Knee Pads
Thread with TID = 125075508430528 read: Football
Thread with TID = 125075539887808 read: Foosball Table
Thread with TID = 125075497944768 read: Exercise Ball
Thread with TID = 125075227412160 read: Skipping Rope
Thread with TID = 125075216926400 read: Treadmill
Thread with TID = 125075195954880 read: Volleyball
Thread with TID = 125075206440640 read: Game Timer
Thread with TID = 125075185469120 read: Surfboard
Thread with TID = 125075174983360 read: Roller Skates
Thread with TID = 125075164497600 read: Dip Bar
Thread with TID = 125075154011840 read: Ice Skates
Thread with TID = 125075143526080 read: Water Bottle
Thread with TID = 125075133040320 read: Compression Tights
Thread with TID = 125075122554560 read: Yoga Mat
Thread with TID = 125075112068800 read: Paddleboard
Thread with TID = 125075101583040 read: Shin Guards
Thread with TID = 125075091097280 read: Mini Golf Set
Thread with TID = 125075080611520 read: Cornhole Set
Thread with TID = 125075070125760 read: Slamball
Thread with TID = 125075059640000 read: Jersey
Thread with TID = 125075049154240 read: Swimming Goggles
Thread with TID = 125075038668480 read: Running Shoes
Thread with TID = 125075028182720 read: Agility Cones
Thread with TID = 125075017696960 read: Camping Tent
Thread with TID = 125075007211200 read: Helmet
Thread with TID = 125074996725440 read: Fishing Rod
Thread with TID = 125074975753920 read: Sandbag
Thread with TID = 125074986239680 read: Hiking Boots
Thread with TID = 125074965268160 read: Kayak
Thread with TID = 125074954782400 read: Punching Bag
Thread with TID = 125074944296640 read: Elbow Pads
Thread with TID = 125074933810880 read: Disc Golf
Thread with TID = 125074923325120 read: Table Tennis Paddle
Thread with TID = 125074912839360 read: Barbell
