Process PID: 18026
Thread with TID = 132214478079680 read: Pull-Up Bar
Thread with TID = 132214457108160 read: Cycling Shoes
Thread with TID = 132214446622400 read: Rowing Machine
Thread with TID = 132214415165120 read: Exercise Bike
Thread with TID = 132214404679360 read: Parachute Trainer
Thread with TID = 132214362736320 read: Dumbbells
Thread with TID = 132214352250560 read: Snowboard
Thread with TID = 132214436136640 read: Ski Poles
Thread with TID = 132214373222080 read: Elliptical Trainer
Thread with TID = 132214467593920 read: Resistance Bands
Thread with TID = 132214341764800 read: Sleeping Bag
Thread with TID = 132214425650880 read: Sweatband
Thread with TID = 132213989443264 read: Medicine Ball
Thread with TID = 132213937014464 read: Kettlebell
Thread with TID = 132213957985984 read: Energy Gel
Thread with TID = 132213968471744 read: Trampoline
Thread with TID = 132213947500224 read: Chess Clock
Thread with TID = 132213855225536 read: Balance Board
Thread with TID = 132214394193600 read: Power Tower
Thread with TID = 132214383707840 read: Darts
Thread with TID = 132214257878720 read: Baseball Bat
Thread with TID = 132214247392960 read: Pilates Ring
Thread with TID = 132214236907200 read: Basketball
Thread with TID = 132213978957504 read: Battle Rope
Thread with TID = 132214226421440 read: Cricket Bat
Thread with TID = 132213844739776 read: Tracksuit
Thread with TID = 132214215935680 read: Boxing Gloves
Thread with TID = 132214113175232 read: Bicycle
Thread with TID = 132214123660992 read: Rugby Ball
Thread with TID = 132214205449920 read: Hand Gripper
Thread with TID = 132213721007808 read: Training Vest
Thread with TID = 132214081717952 read: Trekking Pole
Thread with TID = 132214092203712 read: Badminton Racket
Thread with TID = 132214102689472 read: Arm Sleeves
Thread with TID = 132214071232192 read: Golf Club
Thread with TID = 132213834254016 read: Speed Ladder
Thread with TID = 132213802796736 read: Air Hockey Table
Thread with TID = 132213823768256 read: Billiard Stick
Thread with TID = 132213813282496 read: Weight Plates
Thread with TID = 132213700036288 read: Sports Drink
Thread with TID = 132213689550528 read: Horseshoes
Thread with TID = 132213710522048 read: Tennis Racket
Thread with TID = 132213565818560 read: Exercise Ball
Thread with TID = 132213576304320 read: Football
Thread with TID = 132213544847040 read: Treadmill
Thread with TID = 132213679064768 read: Foosball Table
Thread with TID = 132213534361280 read: Game Timer
Thread with TID = 132213452572352 read: Volleyball
Thread with TID = 132213668579008 read: Shorts
Thread with TID = 132213586790080 read: Knee Pads
Thread with TID = 132213555332800 read: Skipping Rope
Thread with TID = 132213442086592 read: Surfboard
Thread with TID = 132213421115072 read: Dip Bar
Thread with TID = 132213379172032 read: Yoga Mat
Thread with TID = 132213410629312 read: Ice Skates
Thread with TID = 132213347714752 read: Mini Golf Set
Thread with TID = 132213400143552 read: Water Bottle
Thread with TID = 132213431600832 read: Roller Skates
Thread with TID = 132213368686272 read: Paddleboard
Thread with TID = 132213358200512 read: Shin Guards
Thread with TID = 132213337228992 read: Cornhole Set
Thread with TID = 132213326743232 read: Slamball
Thread with TID = 132213316257472 read: Jersey
Thread with TID = 132213295285952 read: Running Shoes
Thread with TID = 132213263828672 read: Helmet
Thread with TID = 132213253342912 read: Fishing Rod
Thread with TID = 132213242857152 read: Hiking Boots
Thread with TID = 132213284800192 read: Agility Cones
Thread with TID = 132213389657792 read: Compression Tights
Thread with TID = 132213232371392 read: Sandbag
Thread with TID = 132213274314432 read: Camping Tent
Thread with TID = 132213221885632 read: Kayak
Thread with TID = 132213305771712 read: Swimming Goggles
Thread with TID = 132213211399872 read: Punching Bag
Thread with TID = 132213179942592 read: Table Tennis Paddle
Thread with TID = 132213169456832 read: Barbell
Thread with TID = 132213190428352 read: Disc Golf
Thread with TID = 132213200914112 read: Elbow Pads
