Process PID: 14933
Thread with TID = 131712331810496 read: Running Shoes
Thread with TID = 131712342296256 read: Game Timer
Thread with TID = 131712363267776 read: Horseshoes
Thread with TID = 131712373753536 read: Energy Gel
Thread with TID = 131712394725056 read: Tennis Racket
Thread with TID = 131712015140544 read: Treadmill
Thread with TID = 131712384239296 read: Slamball
Thread with TID = 131712352782016 read: Sweatband
Thread with TID = 131712405210816 read: Exercise Bike
Thread with TID = 131711983683264 read: Badminton Racket
Thread with TID = 131711771870912 read: Table Tennis Paddle
Thread with TID = 131712321324736 read: Basketball
Thread with TID = 131711994169024 read: Barbell
Thread with TID = 131711813813952 read: Ice Skates
Thread with TID = 131711792842432 read: Swimming Goggles
Thread with TID = 131712004654784 read: Arm Sleeves
Thread with TID = 131711803328192 read: Cricket Bat
Thread with TID = 131711973197504 read: Kayak
Thread with TID = 131711570544320 read: Resistance Bands
Thread with TID = 131711761385152 read: Shin Guards
Thread with TID = 131711581030080 read: Baseball Bat
Thread with TID = 131711602001600 read: Rugby Ball
Thread with TID = 131711612487360 read: Exercise Ball
Thread with TID = 131711782356672 read: Balance Board
Thread with TID = 131712268895936 read: Dumbbells
Thread with TID = 131712289867456 read: Punching Bag
Thread with TID = 131712300353216 read: Compression Tights
Thread with TID = 131712258410176 read: Medicine Ball
Thread with TID = 131712310838976 read: Power Tower
Thread with TID = 131711962711744 read: Pull-Up Bar
Thread with TID = 131712279381696 read: Snowboard
Thread with TID = 131712247924416 read: Water Bottle
Thread with TID = 131712237438656 read: Dip Bar
Thread with TID = 131712111609536 read: Boxing Gloves
Thread with TID = 131712216467136 read: Parachute Trainer
Thread with TID = 131712132581056 read: Skipping Rope
Thread with TID = 131711591515840 read: Jersey
Thread with TID = 131712143066816 read: Darts
Thread with TID = 131712226952896 read: Disc Golf
Thread with TID = 131712174524096 read: Hand Gripper
Thread with TID = 131712205981376 read: Helmet
Thread with TID = 131712195495616 read: Speed Ladder
Thread with TID = 131712153552576 read: Golf Club
Thread with TID = 131712185009856 read: Volleyball
Thread with TID = 131711560058560 read: Football
Thread with TID = 131712164038336 read: Air Hockey Table
Thread with TID = 131712122095296 read: Camping Tent
Thread with TID = 131711411160768 read: Tracksuit
Thread with TID = 131712101123776 read: Ski Poles
Thread with TID = 131711390189248 read: Cycling Shoes
Thread with TID = 131711065130688 read: Chess Clock
Thread with TID = 131711400675008 read: Billiard Stick
Thread with TID = 131711075616448 read: Roller Skates
Thread with TID = 131711188862656 read: Shorts
Thread with TID = 131709567764160 read: Cornhole Set
Thread with TID = 131711199348416 read: Rowing Machine
Thread with TID = 131711369217728 read: Bicycle
Thread with TID = 131709578249920 read: Training Vest
Thread with TID = 131709588735680 read: Sleeping Bag
Thread with TID = 131709557278400 read: Battle Rope
Thread with TID = 131711358731968 read: Paddleboard
Thread with TID = 131711167891136 read: Elbow Pads
Thread with TID = 131711178376896 read: Kettlebell
Thread with TID = 131711157405376 read: Knee Pads
Thread with TID = 131709599221440 read: Hiking Boots
Thread with TID = 131709536306880 read: Yoga Mat
Thread with TID = 131709525821120 read: Trampoline
Thread with TID = 131709515335360 read: Agility Cones
Thread with TID = 131711023187648 read: Sandbag
Thread with TID = 131709504849600 read: Sports Drink
Thread with TID = 131709494363840 read: Weight Plates
Thread with TID = 131711379703488 read: Surfboard
Thread with TID = 131711033673408 read: Trekking Pole
Thread with TID = 131711054644928 read: Pilates Ring
Thread with TID = 131711209834176 read: Mini Golf Set
Thread with TID = 131711044159168 read: Fishing Rod
Thread with TID = 131709483878080 read: Elliptical Trainer
Thread with TID = 131709546792640 read: Foosball Table
