Process PID: 136073
Thread with TID = 140737316390592 read: Rowing Machine
Thread with TID = 140737305904832 read: Ski Poles
Thread with TID = 140737347847872 read: Pull-Up Bar
Thread with TID = 140737295419072 read: Sweatband
Thread with TID = 140737337362112 read: Resistance Bands
Thread with TID = 140737326876352 read: Cycling Shoes
Thread with TID = 140737232504512 read: Dumbbells
Thread with TID = 140736777422528 read: Baseball Bat
Thread with TID = 140736882280128 read: Snowboard
Thread with TID = 140736724993728 read: Hand Gripper
Thread with TID = 140736819365568 read: Chess Clock
Thread with TID = 140736871794368 read: Sleeping Bag
Thread with TID = 140736861308608 read: Medicine Ball
Thread with TID = 140736787908288 read: Tracksuit
Thread with TID = 140737253476032 read: Darts
Thread with TID = 140737242990272 read: Elliptical Trainer
Thread with TID = 140736850822848 read: Battle Rope
Thread with TID = 140737284933312 read: Exercise Bike
Thread with TID = 140736840337088 read: Trampoline
Thread with TID = 140737274447552 read: Parachute Trainer
Thread with TID = 140737263961792 read: Power Tower
Thread with TID = 140736766936768 read: Pilates Ring
Thread with TID = 140736745965248 read: Cricket Bat
Thread with TID = 140736683050688 read: Badminton Racket
Thread with TID = 140736693536448 read: Arm Sleeves
Thread with TID = 140736808879808 read: Kettlebell
Thread with TID = 140736672564928 read: Trekking Pole
Thread with TID = 140736714507968 read: Rugby Ball
Thread with TID = 140736662079168 read: Golf Club
Thread with TID = 140736798394048 read: Balance Board
Thread with TID = 140736651593408 read: Speed Ladder
Thread with TID = 140736641107648 read: Billiard Stick
Thread with TID = 140736630621888 read: Weight Plates
Thread with TID = 140736735479488 read: Boxing Gloves
Thread with TID = 140736756451008 read: Basketball
Thread with TID = 140736829851328 read: Energy Gel
Thread with TID = 140736704022208 read: Bicycle
Thread with TID = 140736620136128 read: Air Hockey Table
Thread with TID = 140736588678848 read: Sports Drink
Thread with TID = 140736578193088 read: Horseshoes
Thread with TID = 140736609650368 read: Training Vest
Thread with TID = 140736515278528 read: Skipping Rope
Thread with TID = 140736525764288 read: Exercise Ball
Thread with TID = 140736546735808 read: Knee Pads
Thread with TID = 140736599164608 read: Tennis Racket
Thread with TID = 140736504792768 read: Treadmill
Thread with TID = 140736410420928 read: Yoga Mat
Thread with TID = 140736494307008 read: Game Timer
Thread with TID = 140736441878208 read: Ice Skates
Thread with TID = 140736389449408 read: Shin Guards
Thread with TID = 140736567707328 read: Foosball Table
Thread with TID = 140736420906688 read: Compression Tights
Thread with TID = 140736399935168 read: Paddleboard
Thread with TID = 140736557221568 read: Shorts
Thread with TID = 140736378963648 read: Mini Golf Set
Thread with TID = 140736368477888 read: Cornhole Set
Thread with TID = 140736483821248 read: Volleyball
Thread with TID = 140736431392448 read: Water Bottle
Thread with TID = 140736357992128 read: Slamball
Thread with TID = 140736536250048 read: Football
Thread with TID = 140736347506368 read: Jersey
Thread with TID = 140736462849728 read: Roller Skates
Thread with TID = 140736452363968 read: Dip Bar
Thread with TID = 140736473335488 read: Surfboard
Thread with TID = 140736337020608 read: Swimming Goggles
Thread with TID = 140736263620288 read: Sandbag
Thread with TID = 140736326534848 read: Running Shoes
Thread with TID = 140736232163008 read: Elbow Pads
Thread with TID = 140736316049088 read: Agility Cones
Thread with TID = 140736242648768 read: Punching Bag
Thread with TID = 140736305563328 read: Camping Tent
Thread with TID = 140736295077568 read: Helmet
Thread with TID = 140736253134528 read: Kayak
Thread with TID = 140736274106048 read: Hiking Boots
Thread with TID = 140736221677248 read: Disc Golf
Thread with TID = 140736211191488 read: Table Tennis Paddle
Thread with TID = 140736284591808 read: Fishing Rod
Thread with TID = 140736200705728 read: Barbell
