Process PID: 34156
Thread with TID = 140737347847872 read: Pull-Up Bar
Thread with TID = 140737284933312 read: Exercise Bike
Thread with TID = 140737274447552 read: Parachute Trainer
Thread with TID = 140737263961792 read: Darts
Thread with TID = 140737108772544 read: Trampoline
Thread with TID = 140737150715584 read: Sleeping Bag
Thread with TID = 140737140229824 read: Medicine Ball
Thread with TID = 140737242990272 read: Dumbbells
Thread with TID = 140737119258304 read: Battle Rope
Thread with TID = 140737129744064 read: Power Tower
Thread with TID = 140737316390592 read: Rowing Machine
Thread with TID = 140737305904832 read: Ski Poles
Thread with TID = 140737295419072 read: Sweatband
Thread with TID = 140737006012096 read: Kettlebell
Thread with TID = 140737337362112 read: Resistance Bands
Thread with TID = 140737098286784 read: Energy Gel
Thread with TID = 140737232504512 read: Snowboard
Thread with TID = 140737326876352 read: Cycling Shoes
Thread with TID = 140737253476032 read: Elliptical Trainer
Thread with TID = 140736995526336 read: Balance Board
Thread with TID = 140736985040576 read: Tracksuit
Thread with TID = 140736974554816 read: Baseball Bat
Thread with TID = 140737016497856 read: Chess Clock
Thread with TID = 140736964069056 read: Pilates Ring
Thread with TID = 140736546735808 read: Basketball
Thread with TID = 140736525764288 read: Boxing Gloves
Thread with TID = 140736504792768 read: Rugby Ball
Thread with TID = 140736494307008 read: Bicycle
Thread with TID = 140736536250048 read: Cricket Bat
Thread with TID = 140736515278528 read: Hand Gripper
Thread with TID = 140736483821248 read: Arm Sleeves
Thread with TID = 140736441878208 read: Speed Ladder
Thread with TID = 140736462849728 read: Trekking Pole
Thread with TID = 140736431392448 read: Billiard Stick
Thread with TID = 140736410420928 read: Air Hockey Table
Thread with TID = 140736452363968 read: Golf Club
Thread with TID = 140736399935168 read: Training Vest
Thread with TID = 140736420906688 read: Weight Plates
Thread with TID = 140736368477888 read: Horseshoes
Thread with TID = 140736337020608 read: Knee Pads
Thread with TID = 140736326534848 read: Football
Thread with TID = 140736389449408 read: Tennis Racket
Thread with TID = 140736473335488 read: Badminton Racket
Thread with TID = 140736378963648 read: Sports Drink
Thread with TID = 140736357992128 read: Foosball Table
Thread with TID = 140736347506368 read: Shorts
Thread with TID = 140736316049088 read: Exercise Ball
Thread with TID = 140736305563328 read: Skipping Rope
Thread with TID = 140736263620288 read: Surfboard
Thread with TID = 140736253134528 read: Roller Skates
Thread with TID = 140736232163008 read: Ice Skates
Thread with TID = 140736242648768 read: Dip Bar
Thread with TID = 140736221677248 read: Water Bottle
Thread with TID = 140736211191488 read: Compression Tights
Thread with TID = 140736179734208 read: Shin Guards
Thread with TID = 140736200705728 read: Yoga Mat
Thread with TID = 140736169248448 read: Mini Golf Set
Thread with TID = 140736190219968 read: Paddleboard
Thread with TID = 140736158762688 read: Cornhole Set
Thread with TID = 140736295077568 read: Treadmill
Thread with TID = 140736284591808 read: Game Timer
Thread with TID = 140736274106048 read: Volleyball
Thread with TID = 140736148276928 read: Slamball
Thread with TID = 140736116819648 read: Running Shoes
Thread with TID = 140736127305408 read: Swimming Goggles
Thread with TID = 140736095848128 read: Camping Tent
Thread with TID = 140736106333888 read: Agility Cones
Thread with TID = 140736137791168 read: Jersey
Thread with TID = 140736085362368 read: Helmet
Thread with TID = 140736074876608 read: Fishing Rod
Thread with TID = 140736043419328 read: Kayak
Thread with TID = 140736064390848 read: Hiking Boots
Thread with TID = 140736053905088 read: Sandbag
Thread with TID = 140736032933568 read: Punching Bag
Thread with TID = 140736022447808 read: Elbow Pads
Thread with TID = 140736011962048 read: Disc Golf
Thread with TID = 140736001476288 read: Table Tennis Paddle
Thread with TID = 140735990990528 read: Barbell
