Process PID: 7747
Thread with TID = 140737326876352 read: Cycling Shoes
Thread with TID = 140737347847872 read: Pull-Up Bar
Thread with TID = 140737337362112 read: Resistance Bands
Thread with TID = 140737207338688 read: Exercise Bike
Thread with TID = 140737196852928 read: Parachute Trainer
Thread with TID = 140737186367168 read: Power Tower
Thread with TID = 140737316390592 read: Rowing Machine
Thread with TID = 140737073120960 read: Snowboard
Thread with TID = 140737052149440 read: Medicine Ball
Thread with TID = 140736804685504 read: Chess Clock
Thread with TID = 140737165395648 read: Elliptical Trainer
Thread with TID = 140736783713984 read: Balance Board
Thread with TID = 140737041663680 read: Battle Rope
Thread with TID = 140737062635200 read: Sleeping Bag
Thread with TID = 140736794199744 read: Kettlebell
Thread with TID = 140736762742464 read: Baseball Bat
Thread with TID = 140737083606720 read: Dumbbells
Thread with TID = 140736815171264 read: Energy Gel
Thread with TID = 140736773228224 read: Tracksuit
Thread with TID = 140737031177920 read: Trampoline
Thread with TID = 140737175881408 read: Darts
Thread with TID = 140737217824448 read: Sweatband
Thread with TID = 140736613844672 read: Pilates Ring
Thread with TID = 140737305904832 read: Ski Poles
Thread with TID = 140736907445952 read: Rugby Ball
Thread with TID = 140736896960192 read: Bicycle
Thread with TID = 140736582387392 read: Trekking Pole
Thread with TID = 140736571901632 read: Golf Club
Thread with TID = 140736592873152 read: Badminton Racket
Thread with TID = 140736448169664 read: Training Vest
Thread with TID = 140736938903232 read: Cricket Bat
Thread with TID = 140736928417472 read: Boxing Gloves
Thread with TID = 140736561415872 read: Speed Ladder
Thread with TID = 140736603358912 read: Arm Sleeves
Thread with TID = 140736437683904 read: Tennis Racket
Thread with TID = 140736427198144 read: Sports Drink
Thread with TID = 140736479626944 read: Billiard Stick
Thread with TID = 140736917931712 read: Hand Gripper
Thread with TID = 140736949388992 read: Basketball
Thread with TID = 140736469141184 read: Weight Plates
Thread with TID = 140736458655424 read: Air Hockey Table
Thread with TID = 140736345409216 read: Horseshoes
Thread with TID = 140736334923456 read: Foosball Table
Thread with TID = 140736324437696 read: Shorts
Thread with TID = 140736313951936 read: Knee Pads
Thread with TID = 140736303466176 read: Football
Thread with TID = 140736292980416 read: Exercise Ball
Thread with TID = 140736282494656 read: Skipping Rope
Thread with TID = 140736272008896 read: Treadmill
Thread with TID = 140736251037376 read: Volleyball
Thread with TID = 140736240551616 read: Surfboard
Thread with TID = 140736219580096 read: Dip Bar
Thread with TID = 140736261523136 read: Game Timer
Thread with TID = 140736198608576 read: Water Bottle
Thread with TID = 140736209094336 read: Ice Skates
Thread with TID = 140736188122816 read: Compression Tights
Thread with TID = 140736230065856 read: Roller Skates
Thread with TID = 140736177637056 read: Yoga Mat
Thread with TID = 140736167151296 read: Paddleboard
Thread with TID = 140736156665536 read: Shin Guards
Thread with TID = 140736135694016 read: Cornhole Set
Thread with TID = 140736125208256 read: Slamball
Thread with TID = 140736093750976 read: Running Shoes
Thread with TID = 140736146179776 read: Mini Golf Set
Thread with TID = 140736114722496 read: Jersey
Thread with TID = 140736062293696 read: Helmet
Thread with TID = 140736072779456 read: Camping Tent
Thread with TID = 140736083265216 read: Agility Cones
Thread with TID = 140736051807936 read: Fishing Rod
Thread with TID = 140736041322176 read: Hiking Boots
Thread with TID = 140736020350656 read: Kayak
Thread with TID = 140736030836416 read: Sandbag
Thread with TID = 140736009864896 read: Punching Bag
Thread with TID = 140736104236736 read: Swimming Goggles
Thread with TID = 140735999379136 read: Elbow Pads
Thread with TID = 140735978407616 read: Table Tennis Paddle
Thread with TID = 140735988893376 read: Disc Golf
Thread with TID = 140735967921856 read: Barbell
