Process PID: 30245
Thread with TID = 138794080667328 read: Parachute Trainer
Thread with TID = 138793935963840 read: Medicine Ball
Thread with TID = 138794070181568 read: Power Tower
Thread with TID = 138794038724288 read: Dumbbells
Thread with TID = 138793925478080 read: Battle Rope
Thread with TID = 138794112124608 read: Ski Poles
Thread with TID = 138793946449600 read: Sleeping Bag
Thread with TID = 138794122610368 read: Rowing Machine
Thread with TID = 138793780774592 read: Trampoline
Thread with TID = 138794143581888 read: Resistance Bands
Thread with TID = 138794133096128 read: Cycling Shoes
Thread with TID = 138794091153088 read: Exercise Bike
Thread with TID = 138794059695808 read: Darts
Thread with TID = 138794049210048 read: Elliptical Trainer
Thread with TID = 138794028238528 read: Snowboard
Thread with TID = 138793914992320 read: Energy Gel
Thread with TID = 138794154067648 read: Pull-Up Bar
Thread with TID = 138794101638848 read: Sweatband
Thread with TID = 138793801746112 read: Tracksuit
Thread with TID = 138793894020800 read: Kettlebell
Thread with TID = 138793791260352 read: Baseball Bat
Thread with TID = 138793625585344 read: Basketball
Thread with TID = 138793636071104 read: Pilates Ring
Thread with TID = 138793812231872 read: Balance Board
Thread with TID = 138793615099584 read: Cricket Bat
Thread with TID = 138793594128064 read: Hand Gripper
Thread with TID = 138793604613824 read: Boxing Gloves
Thread with TID = 138793573156544 read: Bicycle
Thread with TID = 138793583642304 read: Rugby Ball
Thread with TID = 138793562670784 read: Arm Sleeves
Thread with TID = 138793904506560 read: Chess Clock
Thread with TID = 138793678014144 read: Badminton Racket
Thread with TID = 138793541699264 read: Training Vest
Thread with TID = 138793531213504 read: Tennis Racket
Thread with TID = 138793770288832 read: Trekking Pole
Thread with TID = 138793759803072 read: Golf Club
Thread with TID = 138793667528384 read: Speed Ladder
Thread with TID = 138793646556864 read: Weight Plates
Thread with TID = 138793657042624 read: Billiard Stick
Thread with TID = 138793552185024 read: Air Hockey Table
Thread with TID = 138793520727744 read: Sports Drink
Thread with TID = 138793510241984 read: Horseshoes
Thread with TID = 138793489270464 read: Shorts
Thread with TID = 138793478784704 read: Knee Pads
Thread with TID = 138793499756224 read: Foosball Table
Thread with TID = 138793457813184 read: Exercise Ball
Thread with TID = 138793447327424 read: Skipping Rope
Thread with TID = 138793373927104 read: Ice Skates
Thread with TID = 138793426355904 read: Game Timer
Thread with TID = 138793342469824 read: Yoga Mat
Thread with TID = 138793363441344 read: Water Bottle
Thread with TID = 138793436841664 read: Treadmill
Thread with TID = 138793405384384 read: Surfboard
Thread with TID = 138793415870144 read: Volleyball
Thread with TID = 138793394898624 read: Roller Skates
Thread with TID = 138793384412864 read: Dip Bar
Thread with TID = 138793352955584 read: Compression Tights
Thread with TID = 138793468298944 read: Football
Thread with TID = 138793331984064 read: Paddleboard
Thread with TID = 138793321498304 read: Shin Guards
Thread with TID = 138793311012544 read: Mini Golf Set
Thread with TID = 138793300526784 read: Cornhole Set
Thread with TID = 138793269069504 read: Swimming Goggles
Thread with TID = 138793290041024 read: Slamball
Thread with TID = 138793279555264 read: Jersey
Thread with TID = 138793258583744 read: Running Shoes
Thread with TID = 138793248097984 read: Agility Cones
Thread with TID = 138793227126464 read: Helmet
Thread with TID = 138793216640704 read: Fishing Rod
Thread with TID = 138793206154944 read: Hiking Boots
Thread with TID = 138793195669184 read: Sandbag
Thread with TID = 138793185183424 read: Kayak
Thread with TID = 138793174697664 read: Punching Bag
Thread with TID = 138793164211904 read: Elbow Pads
Thread with TID = 138793153726144 read: Disc Golf
Thread with TID = 138793132754624 read: Barbell
Thread with TID = 138793237612224 read: Camping Tent
Thread with TID = 138793143240384 read: Table Tennis Paddle
