Process PID: 32239
Thread with TID = 133257607775936 read: Pull-Up Bar
Thread with TID = 133257586804416 read: Cycling Shoes
Thread with TID = 133257565832896 read: Ski Poles
Thread with TID = 133257597290176 read: Resistance Bands
Thread with TID = 133257544861376 read: Exercise Bike
Thread with TID = 133257454683840 read: Power Tower
Thread with TID = 133257465169600 read: Parachute Trainer
Thread with TID = 133257576318656 read: Rowing Machine
Thread with TID = 133257555347136 read: Sweatband
Thread with TID = 133257444198080 read: Darts
Thread with TID = 133257299494592 read: Elliptical Trainer
Thread with TID = 133257433712320 read: Snowboard
Thread with TID = 133257423226560 read: Sleeping Bag
Thread with TID = 133257412740800 read: Medicine Ball
Thread with TID = 133257289008832 read: Dumbbells
Thread with TID = 133257268037312 read: Kettlebell
Thread with TID = 133257236580032 read: Baseball Bat
Thread with TID = 133257320466112 read: Trampoline
Thread with TID = 133257226094272 read: Pilates Ring
Thread with TID = 133257184151232 read: Hand Gripper
Thread with TID = 133257257551552 read: Balance Board
Thread with TID = 133257194636992 read: Boxing Gloves
Thread with TID = 133257330951872 read: Battle Rope
Thread with TID = 133257205122752 read: Cricket Bat
Thread with TID = 133257309980352 read: Energy Gel
Thread with TID = 133257278523072 read: Chess Clock
Thread with TID = 133257215608512 read: Basketball
Thread with TID = 133257247065792 read: Tracksuit
Thread with TID = 133257163179712 read: Bicycle
Thread with TID = 133257152693952 read: Arm Sleeves
Thread with TID = 133257142208192 read: Badminton Racket
Thread with TID = 133257062516416 read: Trekking Pole
Thread with TID = 133257173665472 read: Rugby Ball
Thread with TID = 133257020573376 read: Weight Plates
Thread with TID = 133257010087616 read: Air Hockey Table
Thread with TID = 133257052030656 read: Golf Club
Thread with TID = 133256907327168 read: Sports Drink
Thread with TID = 133257041544896 read: Speed Ladder
Thread with TID = 133257031059136 read: Billiard Stick
Thread with TID = 133256875869888 read: Shorts
Thread with TID = 133256928298688 read: Training Vest
Thread with TID = 133256917812928 read: Tennis Racket
Thread with TID = 133256896841408 read: Horseshoes
Thread with TID = 133256886355648 read: Foosball Table
Thread with TID = 133256865384128 read: Knee Pads
Thread with TID = 133256844412608 read: Exercise Ball
Thread with TID = 133256854898368 read: Football
Thread with TID = 133256823441088 read: Treadmill
Thread with TID = 133256802469568 read: Volleyball
Thread with TID = 133256833926848 read: Skipping Rope
Thread with TID = 133256760526528 read: Ice Skates
Thread with TID = 133256781498048 read: Roller Skates
Thread with TID = 133256729069248 read: Yoga Mat
Thread with TID = 133256708097728 read: Shin Guards
Thread with TID = 133256812955328 read: Game Timer
Thread with TID = 133256718583488 read: Paddleboard
Thread with TID = 133256791983808 read: Surfboard
Thread with TID = 133256697611968 read: Mini Golf Set
Thread with TID = 133256771012288 read: Dip Bar
Thread with TID = 133256676640448 read: Slamball
Thread with TID = 133256687126208 read: Cornhole Set
Thread with TID = 133256613725888 read: Helmet
Thread with TID = 133256571782848 read: Kayak
Thread with TID = 133256624211648 read: Camping Tent
Thread with TID = 133256603240128 read: Fishing Rod
Thread with TID = 133256634697408 read: Agility Cones
Thread with TID = 133256655668928 read: Swimming Goggles
Thread with TID = 133256540325568 read: Disc Golf
Thread with TID = 133256645183168 read: Running Shoes
Thread with TID = 133256582268608 read: Sandbag
Thread with TID = 133256519354048 read: Barbell
Thread with TID = 133256550811328 read: Elbow Pads
Thread with TID = 133256561297088 read: Punching Bag
Thread with TID = 133256750040768 read: Water Bottle
Thread with TID = 133256592754368 read: Hiking Boots
Thread with TID = 133256739555008 read: Compression Tights
Thread with TID = 133256666154688 read: Jersey
Thread with TID = 133256529839808 read: Table Tennis Paddle
