Process PID: 9963
Thread with TID = 140737316390592 read: Rowing Machine
Thread with TID = 140737274447552 read: Parachute Trainer
Thread with TID = 140737242990272 read: Elliptical Trainer
Thread with TID = 140737253476032 read: Darts
Thread with TID = 140737098286784 read: Energy Gel
Thread with TID = 140737150715584 read: Snowboard
Thread with TID = 140737077315264 read: Kettlebell
Thread with TID = 140737129744064 read: Medicine Ball
Thread with TID = 140737119258304 read: Battle Rope
Thread with TID = 140737045857984 read: Baseball Bat
Thread with TID = 140737066829504 read: Balance Board
Thread with TID = 140737108772544 read: Trampoline
Thread with TID = 140737056343744 read: Tracksuit
Thread with TID = 140737263961792 read: Power Tower
Thread with TID = 140737035372224 read: Pilates Ring
Thread with TID = 140737024886464 read: Basketball
Thread with TID = 140737014400704 read: Cricket Bat
Thread with TID = 140737232504512 read: Dumbbells
Thread with TID = 140737140229824 read: Sleeping Bag
Thread with TID = 140737347847872 read: Pull-Up Bar
Thread with TID = 140737003914944 read: Boxing Gloves
Thread with TID = 140737337362112 read: Resistance Bands
Thread with TID = 140736982943424 read: Rugby Ball
Thread with TID = 140737326876352 read: Cycling Shoes
Thread with TID = 140737305904832 read: Ski Poles
Thread with TID = 140737295419072 read: Sweatband
Thread with TID = 140736882280128 read: Arm Sleeves
Thread with TID = 140736850822848 read: Golf Club
Thread with TID = 140736716605120 read: Training Vest
Thread with TID = 140736737576640 read: Weight Plates
Thread with TID = 140736838239936 read: Bicycle
Thread with TID = 140736861308608 read: Trekking Pole
Thread with TID = 140736685147840 read: Horseshoes
Thread with TID = 140736664176320 read: Shorts
Thread with TID = 140736706119360 read: Tennis Racket
Thread with TID = 140736695633600 read: Sports Drink
Thread with TID = 140736674662080 read: Foosball Table
Thread with TID = 140736827754176 read: Speed Ladder
Thread with TID = 140736871794368 read: Badminton Racket
Thread with TID = 140736727090880 read: Air Hockey Table
Thread with TID = 140736748062400 read: Billiard Stick
Thread with TID = 140736653690560 read: Knee Pads
Thread with TID = 140737284933312 read: Exercise Bike
Thread with TID = 140737087801024 read: Chess Clock
Thread with TID = 140736993429184 read: Hand Gripper
Thread with TID = 140736536250048 read: Volleyball
Thread with TID = 140736961971904 read: Exercise Ball
Thread with TID = 140736972457664 read: Football
Thread with TID = 140736546735808 read: Game Timer
Thread with TID = 140736643204800 read: Skipping Rope
Thread with TID = 140736632719040 read: Treadmill
Thread with TID = 140736402032320 read: Compression Tights
Thread with TID = 140736525764288 read: Surfboard
Thread with TID = 140736515278528 read: Roller Skates
Thread with TID = 140736370575040 read: Shin Guards
Thread with TID = 140736504792768 read: Dip Bar
Thread with TID = 140736225871552 read: Agility Cones
Thread with TID = 140736204900032 read: Helmet
Thread with TID = 140736412518080 read: Water Bottle
Thread with TID = 140736267814592 read: Slamball
Thread with TID = 140736236357312 read: Running Shoes
Thread with TID = 140736215385792 read: Camping Tent
Thread with TID = 140736194414272 read: Fishing Rod
Thread with TID = 140736152471232 read: Punching Bag
Thread with TID = 140736183928512 read: Hiking Boots
Thread with TID = 140736121013952 read: Table Tennis Paddle
Thread with TID = 140736173442752 read: Sandbag
Thread with TID = 140736391546560 read: Yoga Mat
Thread with TID = 140736131499712 read: Disc Golf
Thread with TID = 140736381060800 read: Paddleboard
Thread with TID = 140736360089280 read: Mini Golf Set
Thread with TID = 140736278300352 read: Cornhole Set
Thread with TID = 140736257328832 read: Jersey
Thread with TID = 140736246843072 read: Swimming Goggles
Thread with TID = 140736494307008 read: Ice Skates
Thread with TID = 140736162956992 read: Kayak
Thread with TID = 140736141985472 read: Elbow Pads
Thread with TID = 140736110528192 read: Barbell
