Process PID: 26969
Thread with TID = 123280572810944 read: Resistance Bands
Thread with TID = 123280551839424 read: Rowing Machine
Thread with TID = 123280530867904 read: Sweatband
Thread with TID = 123280562325184 read: Cycling Shoes
Thread with TID = 123280509896384 read: Parachute Trainer
Thread with TID = 123280488924864 read: Darts
Thread with TID = 123280520382144 read: Exercise Bike
Thread with TID = 123280478439104 read: Elliptical Trainer
Thread with TID = 123280541353664 read: Ski Poles
Thread with TID = 123280499410624 read: Power Tower
Thread with TID = 123280583296704 read: Pull-Up Bar
Thread with TID = 123280348415680 read: Battle Rope
Thread with TID = 123280168060608 read: Kettlebell
Thread with TID = 123280178546368 read: Chess Clock
Thread with TID = 123280157574848 read: Balance Board
Thread with TID = 123280379872960 read: Snowboard
Thread with TID = 123280147089088 read: Tracksuit
Thread with TID = 123280126117568 read: Pilates Ring
Thread with TID = 123280337929920 read: Trampoline
Thread with TID = 123280115631808 read: Basketball
Thread with TID = 123280390358720 read: Dumbbells
Thread with TID = 123280136603328 read: Baseball Bat
Thread with TID = 123280105146048 read: Cricket Bat
Thread with TID = 123280094660288 read: Boxing Gloves
Thread with TID = 123280084174528 read: Hand Gripper
Thread with TID = 123280358901440 read: Medicine Ball
Thread with TID = 123280073688768 read: Rugby Ball
Thread with TID = 123280063203008 read: Bicycle
Thread with TID = 123280052717248 read: Arm Sleeves
Thread with TID = 123280042231488 read: Badminton Racket
Thread with TID = 123280031745728 read: Trekking Pole
Thread with TID = 123280369387200 read: Sleeping Bag
Thread with TID = 123280189032128 read: Energy Gel
Thread with TID = 123280021259968 read: Golf Club
Thread with TID = 123280000288448 read: Billiard Stick
Thread with TID = 123279989802688 read: Weight Plates
Thread with TID = 123280010774208 read: Speed Ladder
Thread with TID = 123279968831168 read: Training Vest
Thread with TID = 123279958345408 read: Tennis Racket
Thread with TID = 123279905916608 read: Knee Pads
Thread with TID = 123279947859648 read: Sports Drink
Thread with TID = 123279916402368 read: Shorts
Thread with TID = 123279979316928 read: Air Hockey Table
Thread with TID = 123279937373888 read: Horseshoes
Thread with TID = 123279926888128 read: Foosball Table
Thread with TID = 123279895430848 read: Football
Thread with TID = 123279884945088 read: Exercise Ball
Thread with TID = 123279874459328 read: Skipping Rope
Thread with TID = 123279853487808 read: Game Timer
Thread with TID = 123279863973568 read: Treadmill
Thread with TID = 123279832516288 read: Surfboard
Thread with TID = 123279843002048 read: Volleyball
Thread with TID = 123279790573248 read: Water Bottle
Thread with TID = 123279822030528 read: Roller Skates
Thread with TID = 123279811544768 read: Dip Bar
Thread with TID = 123279769601728 read: Yoga Mat
Thread with TID = 123279727658688 read: Cornhole Set
Thread with TID = 123279717172928 read: Slamball
Thread with TID = 123279738144448 read: Mini Golf Set
Thread with TID = 123279780087488 read: Compression Tights
Thread with TID = 123279706687168 read: Jersey
Thread with TID = 123279801059008 read: Ice Skates
Thread with TID = 123279685715648 read: Running Shoes
Thread with TID = 123279748630208 read: Shin Guards
Thread with TID = 123279696201408 read: Swimming Goggles
Thread with TID = 123279675229888 read: Agility Cones
Thread with TID = 123279759115968 read: Paddleboard
Thread with TID = 123279664744128 read: Camping Tent
Thread with TID = 123279654258368 read: Helmet
Thread with TID = 123279633286848 read: Hiking Boots
Thread with TID = 123279643772608 read: Fishing Rod
Thread with TID = 123279622801088 read: Sandbag
Thread with TID = 123279612315328 read: Kayak
Thread with TID = 123279601829568 read: Punching Bag
Thread with TID = 123279591343808 read: Elbow Pads
Thread with TID = 123279580858048 read: Disc Golf
Thread with TID = 123279570372288 read: Table Tennis Paddle
Thread with TID = 123279559886528 read: Barbell
