Process PID: 24674
Thread with TID = 140737337362112 read: Resistance Bands
Thread with TID = 140737347847872 read: Pull-Up Bar
Thread with TID = 140737326876352 read: Cycling Shoes
Thread with TID = 140737316390592 read: Rowing Machine
Thread with TID = 140737305904832 read: Ski Poles
Thread with TID = 140737207338688 read: Exercise Bike
Thread with TID = 140737175881408 read: Darts
Thread with TID = 140737186367168 read: Power Tower
Thread with TID = 140737154909888 read: Dumbbells
Thread with TID = 140737133938368 read: Sleeping Bag
Thread with TID = 140737196852928 read: Parachute Trainer
Thread with TID = 140737123452608 read: Medicine Ball
Thread with TID = 140737165395648 read: Elliptical Trainer
Thread with TID = 140736978749120 read: Battle Rope
Thread with TID = 140737217824448 read: Sweatband
Thread with TID = 140736968263360 read: Trampoline
Thread with TID = 140737144424128 read: Snowboard
Thread with TID = 140737102481088 read: Chess Clock
Thread with TID = 140737016497856 read: Kettlebell
Thread with TID = 140737112966848 read: Energy Gel
Thread with TID = 140736882280128 read: Baseball Bat
Thread with TID = 140736995526336 read: Tracksuit
Thread with TID = 140736861308608 read: Basketball
Thread with TID = 140737006012096 read: Balance Board
Thread with TID = 140736819365568 read: Rugby Ball
Thread with TID = 140736871794368 read: Pilates Ring
Thread with TID = 140736808879808 read: Bicycle
Thread with TID = 140736850822848 read: Cricket Bat
Thread with TID = 140736840337088 read: Boxing Gloves
Thread with TID = 140736798394048 read: Arm Sleeves
Thread with TID = 140736829851328 read: Hand Gripper
Thread with TID = 140736787908288 read: Badminton Racket
Thread with TID = 140736766936768 read: Golf Club
Thread with TID = 140736777422528 read: Trekking Pole
Thread with TID = 140736756451008 read: Speed Ladder
Thread with TID = 140736745965248 read: Billiard Stick
Thread with TID = 140736735479488 read: Weight Plates
Thread with TID = 140736714507968 read: Training Vest
Thread with TID = 140736724993728 read: Air Hockey Table
Thread with TID = 140736693536448 read: Sports Drink
Thread with TID = 140736704022208 read: Tennis Racket
Thread with TID = 140736672564928 read: Foosball Table
Thread with TID = 140736641107648 read: Football
Thread with TID = 140736683050688 read: Horseshoes
Thread with TID = 140736651593408 read: Knee Pads
Thread with TID = 140736630621888 read: Exercise Ball
Thread with TID = 140736662079168 read: Shorts
Thread with TID = 140736609650368 read: Treadmill
Thread with TID = 140736620136128 read: Skipping Rope
Thread with TID = 140736578193088 read: Surfboard
Thread with TID = 140736599164608 read: Game Timer
Thread with TID = 140736557221568 read: Dip Bar
Thread with TID = 140736588678848 read: Volleyball
Thread with TID = 140736567707328 read: Roller Skates
Thread with TID = 140736536250048 read: Water Bottle
Thread with TID = 140736546735808 read: Ice Skates
Thread with TID = 140736525764288 read: Compression Tights
Thread with TID = 140736515278528 read: Yoga Mat
Thread with TID = 140736494307008 read: Shin Guards
Thread with TID = 140736412518080 read: Mini Golf Set
Thread with TID = 140736328632000 read: Helmet
Thread with TID = 140736297174720 read: Sandbag
Thread with TID = 140736286688960 read: Kayak
Thread with TID = 140736402032320 read: Cornhole Set
Thread with TID = 140736307660480 read: Hiking Boots
Thread with TID = 140736391546560 read: Slamball
Thread with TID = 140736276203200 read: Punching Bag
Thread with TID = 140736349603520 read: Agility Cones
Thread with TID = 140736381060800 read: Jersey
Thread with TID = 140736504792768 read: Paddleboard
Thread with TID = 140736339117760 read: Camping Tent
Thread with TID = 140736370575040 read: Swimming Goggles
Thread with TID = 140736265717440 read: Elbow Pads
Thread with TID = 140736360089280 read: Running Shoes
Thread with TID = 140736318146240 read: Fishing Rod
Thread with TID = 140736255231680 read: Disc Golf
Thread with TID = 140736244745920 read: Table Tennis Paddle
Thread with TID = 140736234260160 read: Barbell
