Process PID: 27814
Thread with TID = 140737207338688 read: Parachute Trainer
Thread with TID = 140737347847872 read: Pull-Up Bar
Thread with TID = 140737316390592 read: Ski Poles
Thread with TID = 140737196852928 read: Power Tower
Thread with TID = 140737305904832 read: Sweatband
Thread with TID = 140737217824448 read: Exercise Bike
Thread with TID = 140737326876352 read: Cycling Shoes
Thread with TID = 140737337362112 read: Resistance Bands
Thread with TID = 140737182172864 read: Rowing Machine
Thread with TID = 140737037469376 read: Darts
Thread with TID = 140737073120960 read: Snowboard
Thread with TID = 140737052149440 read: Medicine Ball
Thread with TID = 140736917931712 read: Chess Clock
Thread with TID = 140736727090880 read: Pilates Ring
Thread with TID = 140736737576640 read: Baseball Bat
Thread with TID = 140736706119360 read: Cricket Bat
Thread with TID = 140736907445952 read: Kettlebell
Thread with TID = 140737171687104 read: Elliptical Trainer
Thread with TID = 140736695633600 read: Boxing Gloves
Thread with TID = 140736896960192 read: Balance Board
Thread with TID = 140737083606720 read: Dumbbells
Thread with TID = 140736685147840 read: Hand Gripper
Thread with TID = 140736748062400 read: Tracksuit
Thread with TID = 140736928417472 read: Energy Gel
Thread with TID = 140736664176320 read: Bicycle
Thread with TID = 140736653690560 read: Arm Sleeves
Thread with TID = 140737062635200 read: Sleeping Bag
Thread with TID = 140736716605120 read: Basketball
Thread with TID = 140736938903232 read: Trampoline
Thread with TID = 140736674662080 read: Rugby Ball
Thread with TID = 140736949388992 read: Battle Rope
Thread with TID = 140736643204800 read: Badminton Racket
Thread with TID = 140736622233280 read: Golf Club
Thread with TID = 140736611747520 read: Speed Ladder
Thread with TID = 140736559318720 read: Tennis Racket
Thread with TID = 140736580290240 read: Air Hockey Table
Thread with TID = 140736569804480 read: Training Vest
Thread with TID = 140736548832960 read: Sports Drink
Thread with TID = 140736538347200 read: Horseshoes
Thread with TID = 140736590776000 read: Weight Plates
Thread with TID = 140736632719040 read: Trekking Pole
Thread with TID = 140736527861440 read: Foosball Table
Thread with TID = 140736464946880 read: Treadmill
Thread with TID = 140736454461120 read: Game Timer
Thread with TID = 140736601261760 read: Billiard Stick
Thread with TID = 140736475432640 read: Skipping Rope
Thread with TID = 140736517375680 read: Shorts
Thread with TID = 140736506889920 read: Knee Pads
Thread with TID = 140736496404160 read: Football
Thread with TID = 140736485918400 read: Exercise Ball
Thread with TID = 140736423003840 read: Roller Skates
Thread with TID = 140736412518080 read: Dip Bar
Thread with TID = 140736433489600 read: Surfboard
Thread with TID = 140736443975360 read: Volleyball
Thread with TID = 140736402032320 read: Ice Skates
Thread with TID = 140736391546560 read: Water Bottle
Thread with TID = 140736370575040 read: Yoga Mat
Thread with TID = 140736360089280 read: Paddleboard
Thread with TID = 140736381060800 read: Compression Tights
Thread with TID = 140736339117760 read: Mini Golf Set
Thread with TID = 140736349603520 read: Shin Guards
Thread with TID = 140736328632000 read: Cornhole Set
Thread with TID = 140736297174720 read: Swimming Goggles
Thread with TID = 140736307660480 read: Jersey
Thread with TID = 140736255231680 read: Helmet
Thread with TID = 140736244745920 read: Fishing Rod
Thread with TID = 140736202802880 read: Punching Bag
Thread with TID = 140736223774400 read: Sandbag
Thread with TID = 140736171345600 read: Table Tennis Paddle
Thread with TID = 140736192317120 read: Elbow Pads
Thread with TID = 140736318146240 read: Slamball
Thread with TID = 140736160859840 read: Barbell
Thread with TID = 140736286688960 read: Running Shoes
Thread with TID = 140736265717440 read: Camping Tent
Thread with TID = 140736213288640 read: Kayak
Thread with TID = 140736234260160 read: Hiking Boots
Thread with TID = 140736276203200 read: Agility Cones
Thread with TID = 140736181831360 read: Disc Golf
