Process PID: 133835
Thread with TID = 140737062635200 read: Sleeping Bag
Thread with TID = 140737073120960 read: Snowboard
Thread with TID = 140737305904832 read: Ski Poles
Thread with TID = 140737052149440 read: Medicine Ball
Thread with TID = 140737041663680 read: Battle Rope
Thread with TID = 140737337362112 read: Resistance Bands
Thread with TID = 140737347847872 read: Pull-Up Bar
Thread with TID = 140737207338688 read: Exercise Bike
Thread with TID = 140737031177920 read: Trampoline
Thread with TID = 140737010206400 read: Chess Clock
Thread with TID = 140737020692160 read: Energy Gel
Thread with TID = 140737217824448 read: Sweatband
Thread with TID = 140737186367168 read: Power Tower
Thread with TID = 140737316390592 read: Rowing Machine
Thread with TID = 140737175881408 read: Darts
Thread with TID = 140737165395648 read: Elliptical Trainer
Thread with TID = 140737083606720 read: Dumbbells
Thread with TID = 140736882280128 read: Balance Board
Thread with TID = 140736978749120 read: Baseball Bat
Thread with TID = 140736968263360 read: Pilates Ring
Thread with TID = 140736861308608 read: Cricket Bat
Thread with TID = 140737196852928 read: Parachute Trainer
Thread with TID = 140736989234880 read: Tracksuit
Thread with TID = 140737326876352 read: Cycling Shoes
Thread with TID = 140736871794368 read: Basketball
Thread with TID = 140736840337088 read: Hand Gripper
Thread with TID = 140736850822848 read: Boxing Gloves
Thread with TID = 140736999720640 read: Kettlebell
Thread with TID = 140736829851328 read: Rugby Ball
Thread with TID = 140736695633600 read: Speed Ladder
Thread with TID = 140736546735808 read: Billiard Stick
Thread with TID = 140736536250048 read: Weight Plates
Thread with TID = 140736412518080 read: Horseshoes
Thread with TID = 140736504792768 read: Tennis Racket
Thread with TID = 140736525764288 read: Air Hockey Table
Thread with TID = 140736716605120 read: Trekking Pole
Thread with TID = 140736727090880 read: Badminton Racket
Thread with TID = 140736515278528 read: Training Vest
Thread with TID = 140736494307008 read: Sports Drink
Thread with TID = 140736381060800 read: Knee Pads
Thread with TID = 140736402032320 read: Foosball Table
Thread with TID = 140736748062400 read: Bicycle
Thread with TID = 140736391546560 read: Shorts
Thread with TID = 140736737576640 read: Arm Sleeves
Thread with TID = 140736360089280 read: Exercise Ball
Thread with TID = 140736706119360 read: Golf Club
Thread with TID = 140736370575040 read: Football
Thread with TID = 140736267814592 read: Treadmill
Thread with TID = 140736278300352 read: Skipping Rope
Thread with TID = 140736257328832 read: Game Timer
Thread with TID = 140736246843072 read: Volleyball
Thread with TID = 140736236357312 read: Surfboard
Thread with TID = 140736215385792 read: Dip Bar
Thread with TID = 140736225871552 read: Roller Skates
Thread with TID = 140736204900032 read: Ice Skates
Thread with TID = 140736183928512 read: Compression Tights
Thread with TID = 140736152471232 read: Shin Guards
Thread with TID = 140736121013952 read: Slamball
Thread with TID = 140736194414272 read: Water Bottle
Thread with TID = 140736173442752 read: Yoga Mat
Thread with TID = 140736110528192 read: Jersey
Thread with TID = 140736079070912 read: Agility Cones
Thread with TID = 140736100042432 read: Swimming Goggles
Thread with TID = 140736068585152 read: Camping Tent
Thread with TID = 140736058099392 read: Helmet
Thread with TID = 140736047613632 read: Fishing Rod
Thread with TID = 140736037127872 read: Hiking Boots
Thread with TID = 140736089556672 read: Running Shoes
Thread with TID = 140736026642112 read: Sandbag
Thread with TID = 140736016156352 read: Kayak
Thread with TID = 140736162956992 read: Paddleboard
Thread with TID = 140736131499712 read: Cornhole Set
Thread with TID = 140736141985472 read: Mini Golf Set
Thread with TID = 140736005670592 read: Punching Bag
Thread with TID = 140735995184832 read: Elbow Pads
Thread with TID = 140735984699072 read: Disc Golf
Thread with TID = 140735963727552 read: Barbell
Thread with TID = 140735974213312 read: Table Tennis Paddle
