Process PID: 37201
Thread with TID = 133515045766848 read: Cycling Shoes
Thread with TID = 133514993338048 read: Parachute Trainer
Thread with TID = 133514951395008 read: Dumbbells
Thread with TID = 133515035281088 read: Rowing Machine
Thread with TID = 133514940909248 read: Snowboard
Thread with TID = 133515003823808 read: Exercise Bike
Thread with TID = 133514982852288 read: Power Tower
Thread with TID = 133514972366528 read: Darts
Thread with TID = 133514930423488 read: Sleeping Bag
Thread with TID = 133514898966208 read: Trampoline
Thread with TID = 133515024795328 read: Ski Poles
Thread with TID = 133514961880768 read: Elliptical Trainer
Thread with TID = 133515066738368 read: Pull-Up Bar
Thread with TID = 133514919937728 read: Medicine Ball
Thread with TID = 133514909451968 read: Battle Rope
Thread with TID = 133515056252608 read: Resistance Bands
Thread with TID = 133514867508928 read: Kettlebell
Thread with TID = 133514857023168 read: Balance Board
Thread with TID = 133515014309568 read: Sweatband
Thread with TID = 133514888480448 read: Energy Gel
Thread with TID = 133514846537408 read: Tracksuit
Thread with TID = 133514877994688 read: Chess Clock
Thread with TID = 133514708125376 read: Hand Gripper
Thread with TID = 133514615850688 read: Bicycle
Thread with TID = 133514605364928 read: Arm Sleeves
Thread with TID = 133514626336448 read: Rugby Ball
Thread with TID = 133514760554176 read: Baseball Bat
Thread with TID = 133514594879168 read: Badminton Racket
Thread with TID = 133514750068416 read: Pilates Ring
Thread with TID = 133514739582656 read: Basketball
Thread with TID = 133514729096896 read: Cricket Bat
Thread with TID = 133514718611136 read: Boxing Gloves
Thread with TID = 133514573907648 read: Golf Club
Thread with TID = 133514584393408 read: Trekking Pole
Thread with TID = 133514439689920 read: Tennis Racket
Thread with TID = 133514492118720 read: Speed Ladder
Thread with TID = 133514357900992 read: Sports Drink
Thread with TID = 133514460661440 read: Air Hockey Table
Thread with TID = 133514481632960 read: Billiard Stick
Thread with TID = 133514347415232 read: Horseshoes
Thread with TID = 133514450175680 read: Training Vest
Thread with TID = 133514315957952 read: Knee Pads
Thread with TID = 133514471147200 read: Weight Plates
Thread with TID = 133514336929472 read: Foosball Table
Thread with TID = 133514305472192       (read and found): ((Football))
Thread with TID = 133514326443712 read: Shorts
Thread with TID = 133514294986432 read: Exercise Ball
Thread with TID = 133514284500672 read: Skipping Rope
Thread with TID = 133514253043392 read: Volleyball
Thread with TID = 133514274014912 read: Treadmill
Thread with TID = 133514263529152 read: Game Timer
Thread with TID = 133514242557632 read: Surfboard
Thread with TID = 133514232071872 read: Roller Skates
Thread with TID = 133514211100352 read: Ice Skates
Thread with TID = 133514190128832 read: Compression Tights
Thread with TID = 133514200614592 read: Water Bottle
Thread with TID = 133514179643072 read: Yoga Mat
Thread with TID = 133514221586112 read: Dip Bar
Thread with TID = 133514148185792 read: Mini Golf Set
Thread with TID = 133514137700032 read: Cornhole Set
Thread with TID = 133514169157312 read: Paddleboard
Thread with TID = 133514158671552 read: Shin Guards
Thread with TID = 133514106242752 read: Swimming Goggles
Thread with TID = 133514127214272 read: Slamball
Thread with TID = 133514116728512 read: Jersey
Thread with TID = 133514095756992 read: Running Shoes
Thread with TID = 133514085271232 read: Agility Cones
Thread with TID = 133514074785472 read: Camping Tent
Thread with TID = 133514064299712 read: Helmet
Thread with TID = 133514053813952 read: Fishing Rod
Thread with TID = 133514043328192 read: Hiking Boots
Thread with TID = 133514032842432 read: Sandbag
Thread with TID = 133514022356672 read: Kayak
Thread with TID = 133514011870912 read: Punching Bag
Thread with TID = 133514001385152 read: Elbow Pads
Thread with TID = 133513990899392 read: Disc Golf
Thread with TID = 133513980413632 read: Table Tennis Paddle
Thread with TID = 133513969927872 read: Barbell
