Process PID: 35223
Thread with TID = 132514255472320 read: Resistance Bands
Thread with TID = 132514234500800 read: Rowing Machine
Thread with TID = 132514224015040 read: Ski Poles
Thread with TID = 132514244986560 read: Cycling Shoes
Thread with TID = 132514265958080 read: Pull-Up Bar
Thread with TID = 132514213529280 read: Sweatband
Thread with TID = 132514203043520 read: Exercise Bike
Thread with TID = 132514182072000 read: Power Tower
Thread with TID = 132514192557760 read: Parachute Trainer
Thread with TID = 132514100283072 read: Darts
Thread with TID = 132514079311552 read: Dumbbells
Thread with TID = 132514089797312 read: Elliptical Trainer
Thread with TID = 132514068825792 read: Snowboard
Thread with TID = 132514058340032 read: Sleeping Bag
Thread with TID = 132513898956480 read: Battle Rope
Thread with TID = 132514047854272 read: Medicine Ball
Thread with TID = 132513877984960 read: Energy Gel
Thread with TID = 132513888470720 read: Trampoline
Thread with TID = 132513857013440 read: Kettlebell
Thread with TID = 132513867499200 read: Chess Clock
Thread with TID = 132513815070400 read: Pilates Ring
Thread with TID = 132513804584640 read: Basketball
Thread with TID = 132513825556160 read: Baseball Bat
Thread with TID = 132513794098880 read: Cricket Bat
Thread with TID = 132513846527680 read: Balance Board
Thread with TID = 132513836041920 read: Tracksuit
Thread with TID = 132513731184320 read: Badminton Racket
Thread with TID = 132513720698560 read: Trekking Pole
Thread with TID = 132513657784000 read: Training Vest
Thread with TID = 132513762641600 read: Rugby Ball
Thread with TID = 132513710212800 read: Golf Club
Thread with TID = 132513741670080 read: Arm Sleeves
Thread with TID = 132513783613120 read: Boxing Gloves
Thread with TID = 132513773127360 read: Hand Gripper
Thread with TID = 132513699727040 read: Speed Ladder
Thread with TID = 132513678755520 read: Weight Plates
Thread with TID = 132513668269760 read: Air Hockey Table
Thread with TID = 132513689241280 read: Billiard Stick
Thread with TID = 132513636812480 read: Sports Drink
Thread with TID = 132513752155840 read: Bicycle
Thread with TID = 132513605355200 read: Shorts
Thread with TID = 132513626326720 read: Horseshoes
Thread with TID = 132513647298240 read: Tennis Racket
Thread with TID = 132513615840960 read: Foosball Table
Thread with TID = 132513594869440 read: Knee Pads
Thread with TID = 132513584383680 read: Football
Thread with TID = 132513573897920 read: Exercise Ball
Thread with TID = 132513521469120 read: Surfboard
Thread with TID = 132513510983360 read: Roller Skates
Thread with TID = 132513479526080 read: Water Bottle
Thread with TID = 132513542440640 read: Game Timer
Thread with TID = 132513563412160 read: Skipping Rope
Thread with TID = 132513500497600 read: Dip Bar
Thread with TID = 132513552926400 read: Treadmill
Thread with TID = 132513490011840 read: Ice Skates
Thread with TID = 132513374668480 read: Agility Cones
Thread with TID = 132513294976704 read: Camping Tent
Thread with TID = 132513284490944 read: Helmet
Thread with TID = 132513385154240 read: Running Shoes
Thread with TID = 132513274005184 read: Fishing Rod
Thread with TID = 132513242547904 read: Kayak
Thread with TID = 132513253033664 read: Sandbag
Thread with TID = 132513263519424 read: Hiking Boots
Thread with TID = 132513160758976 read: Mini Golf Set
Thread with TID = 132513016055488 read: Elbow Pads
Thread with TID = 132512984598208 read: Barbell
Thread with TID = 132513416611520 read: Slamball
Thread with TID = 132513406125760 read: Jersey
Thread with TID = 132513395640000 read: Swimming Goggles
Thread with TID = 132513005569728 read: Disc Golf
Thread with TID = 132513427097280 read: Cornhole Set
Thread with TID = 132512995083968 read: Table Tennis Paddle
Thread with TID = 132513437583040 read: Shin Guards
Thread with TID = 132513458554560 read: Yoga Mat
Thread with TID = 132513026541248 read: Punching Bag
Thread with TID = 132513531954880 read: Volleyball
Thread with TID = 132513448068800 read: Paddleboard
Thread with TID = 132513469040320 read: Compression Tights
