Process PID: 8735
Thread with TID = 124077509445312 read: Sweatband
Thread with TID = 124077375227584 read: Exercise Bike
Thread with TID = 124077633177280 read: Pull-Up Bar
Thread with TID = 124077622691520 read: Resistance Bands
Thread with TID = 124077591234240 read: Ski Poles
Thread with TID = 124077498959552 read: Parachute Trainer
Thread with TID = 124077612205760 read: Cycling Shoes
Thread with TID = 124077601720000 read: Rowing Machine
Thread with TID = 124077488473792 read: Power Tower
Thread with TID = 124077467502272 read: Elliptical Trainer
Thread with TID = 124077477988032 read: Darts
Thread with TID = 124077457016512 read: Dumbbells
Thread with TID = 124077343770304 read: Medicine Ball
Thread with TID = 124077333284544 read: Battle Rope
Thread with TID = 124077322798784 read: Trampoline
Thread with TID = 124077199066816 read: Tracksuit
Thread with TID = 124077188581056 read: Baseball Bat
Thread with TID = 124077241009856 read: Energy Gel
Thread with TID = 124077364741824 read: Snowboard
Thread with TID = 124077220038336 read: Kettlebell
Thread with TID = 124077209552576 read: Balance Board
Thread with TID = 124077230524096 read: Chess Clock
Thread with TID = 124077354256064 read: Sleeping Bag
Thread with TID = 124077106792128 read: Pilates Ring
Thread with TID = 124077096306368 read: Basketball
Thread with TID = 124077085820608 read: Cricket Bat
Thread with TID = 124076951602880 read: Badminton Racket
Thread with TID = 124076930631360 read: Golf Club
Thread with TID = 124076941117120 read: Trekking Pole
Thread with TID = 124076962088640 read: Arm Sleeves
Thread with TID = 124077075334848 read: Boxing Gloves
Thread with TID = 124077054363328 read: Rugby Ball
Thread with TID = 124077064849088 read: Hand Gripper
Thread with TID = 124076972574400 read: Bicycle
Thread with TID = 124076920145600 read: Speed Ladder
Thread with TID = 124076838356672 read: Billiard Stick
Thread with TID = 124076817385152 read: Air Hockey Table
Thread with TID = 124076796413632 read: Tennis Racket
Thread with TID = 124076764956352 read: Foosball Table
Thread with TID = 124076754470592 read: Shorts
Thread with TID = 124076785927872 read: Sports Drink
Thread with TID = 124076775442112 read: Horseshoes
Thread with TID = 124076806899392 read: Training Vest
Thread with TID = 124076743984832 read: Knee Pads
Thread with TID = 124076827870912 read: Weight Plates
Thread with TID = 124076733499072 read: Football
Thread with TID = 124076712527552 read: Skipping Rope
Thread with TID = 124076639127232 read: Ice Skates
Thread with TID = 124076607669952 read: Yoga Mat
Thread with TID = 124076597184192 read: Paddleboard
Thread with TID = 124076565726912 read: Cornhole Set
Thread with TID = 124076544755392 read: Jersey
Thread with TID = 124076691556032 read: Game Timer
Thread with TID = 124076628641472 read: Water Bottle
Thread with TID = 124076534269632 read: Swimming Goggles
Thread with TID = 124076702041792 read: Treadmill
Thread with TID = 124076555241152 read: Slamball
Thread with TID = 124076618155712 read: Compression Tights
Thread with TID = 124076681070272 read: Volleyball
Thread with TID = 124076723013312 read: Exercise Ball
Thread with TID = 124076481840832 read: Fishing Rod
Thread with TID = 124076670584512 read: Surfboard
Thread with TID = 124076471355072 read: Hiking Boots
Thread with TID = 124076660098752 read: Roller Skates
Thread with TID = 124076460869312 read: Sandbag
Thread with TID = 124076450383552 read: Kayak
Thread with TID = 124076649612992 read: Dip Bar
Thread with TID = 124076586698432 read: Shin Guards
Thread with TID = 124076513298112 read: Agility Cones
Thread with TID = 124076502812352 read: Camping Tent
Thread with TID = 124076523783872 read: Running Shoes
Thread with TID = 124076576212672 read: Mini Golf Set
Thread with TID = 124076429412032 read: Elbow Pads
Thread with TID = 124076439897792 read: Punching Bag
Thread with TID = 124076492326592 read: Helmet
Thread with TID = 124076418926272 read: Disc Golf
Thread with TID = 124076408440512 read: Table Tennis Paddle
Thread with TID = 124076397954752 read: Barbell
