Process PID: 17169
Thread with TID = 135204098279104 read: Snowboard
Thread with TID = 135204140222144 read: Basketball
Thread with TID = 135204119250624 read: Compression Tights
Thread with TID = 135204150707904 read: Running Shoes
Thread with TID = 135204108764864 read: Punching Bag
Thread with TID = 135204192650944 read: Energy Gel
Thread with TID = 135203731277504 read: Football
Thread with TID = 135204056336064 read: Dip Bar
Thread with TID = 135204203136704 read: Slamball
Thread with TID = 135204077307584 read: Medicine Ball
Thread with TID = 135204129736384 read: Power Tower
Thread with TID = 135203741763264 read: Resistance Bands
Thread with TID = 135204066821824 read: Water Bottle
Thread with TID = 135204161193664 read: Game Timer
Thread with TID = 135203878078144 read: Badminton Racket
Thread with TID = 135203993421504 read: Hand Gripper
Thread with TID = 135203961964224 read: Darts
Thread with TID = 135203940992704 read: Camping Tent
Thread with TID = 135203836135104 read: Cricket Bat
Thread with TID = 135204014393024 read: Speed Ladder
Thread with TID = 135203825649344 read: Swimming Goggles
Thread with TID = 135203930506944 read: Boxing Gloves
Thread with TID = 135203773220544 read: Rugby Ball
Thread with TID = 135204024878784 read: Helmet
Thread with TID = 135203752249024 read: Baseball Bat
Thread with TID = 135204003907264 read: Volleyball
Thread with TID = 135204087793344 read: Dumbbells
Thread with TID = 135203982935744 read: Air Hockey Table
Thread with TID = 135204182165184 read: Horseshoes
Thread with TID = 135204224108224 read: Exercise Bike
Thread with TID = 135204213622464 read: Tennis Racket
Thread with TID = 135203846620864 read: Ice Skates
Thread with TID = 135203783706304 read: Exercise Ball
Thread with TID = 135203794192064 read: Shin Guards
Thread with TID = 135204045850304 read: Disc Golf
Thread with TID = 135203857106624 read: Pull-Up Bar
Thread with TID = 135203888563904 read: Barbell
Thread with TID = 135204035364544 read: Parachute Trainer
Thread with TID = 135203762734784 read: Jersey
Thread with TID = 135203909535424 read: Treadmill
Thread with TID = 135203804677824 read: Table Tennis Paddle
Thread with TID = 135203972449984 read: Golf Club
Thread with TID = 135203920021184 read: Ski Poles
Thread with TID = 135204171679424 read: Sweatband
Thread with TID = 135203951478464 read: Skipping Rope
Thread with TID = 135203899049664 read: Arm Sleeves
Thread with TID = 135203867592384 read: Kayak
Thread with TID = 135203815163584 read: Balance Board
Thread with TID = 135202997274304 read: Battle Rope
Thread with TID = 135202795947712 read: Weight Plates
Thread with TID = 135203420899008 read: Shorts
Thread with TID = 135203720791744 read: Tracksuit
Thread with TID = 135203378955968 read: Roller Skates
Thread with TID = 135203018245824 read: Training Vest
Thread with TID = 135203569796800 read: Rowing Machine
Thread with TID = 135203219572416 read: Pilates Ring
Thread with TID = 135203389441728 read: Knee Pads
Thread with TID = 135203368470208 read: Chess Clock
Thread with TID = 135203399927488 read: Elbow Pads
Thread with TID = 135203710305984 read: Billiard Stick
Thread with TID = 135203580282560 read: Mini Golf Set
Thread with TID = 135203611739840 read: Surfboard
Thread with TID = 135203622225600 read: Cycling Shoes
Thread with TID = 135203601254080 read: Bicycle
Thread with TID = 135203590768320 read: Paddleboard
Thread with TID = 135203410413248 read: Kettlebell
Thread with TID = 135203209086656 read: Fishing Rod
Thread with TID = 135203198600896 read: Trekking Pole
Thread with TID = 135203188115136 read: Sandbag
Thread with TID = 135203177629376 read: Hiking Boots
Thread with TID = 135203167143616 read: Sleeping Bag
Thread with TID = 135203007760064 read: Cornhole Set
Thread with TID = 135202965817024 read: Trampoline
Thread with TID = 135202785461952 read: Elliptical Trainer
Thread with TID = 135202986788544 read: Foosball Table
Thread with TID = 135202806433472 read: Sports Drink
Thread with TID = 135202976302784 read: Yoga Mat
Thread with TID = 135202816919232 read: Agility Cones
