Process PID: 9075
Thread with TID = 137040360376000 read: Rowing Machine
Thread with TID = 137040494593728 read: Ski Poles
Thread with TID = 137040515565248 read: Resistance Bands
Thread with TID = 137040526051008 read: Pull-Up Bar
Thread with TID = 137040484107968 read: Sweatband
Thread with TID = 137040473622208 read: Exercise Bike
Thread with TID = 137040381347520 read: Power Tower
Thread with TID = 137040370861760 read: Darts
Thread with TID = 137040339404480 read: Dumbbells
Thread with TID = 137040505079488 read: Cycling Shoes
Thread with TID = 137040349890240 read: Elliptical Trainer
Thread with TID = 137040226158272 read: Battle Rope
Thread with TID = 137040236644032 read: Medicine Ball
Thread with TID = 137040391833280 read: Parachute Trainer
Thread with TID = 137040247129792 read: Sleeping Bag
Thread with TID = 137040257615552 read: Snowboard
Thread with TID = 137040215672512 read: Trampoline
Thread with TID = 137040112912064 read: Kettlebell
Thread with TID = 137040102426304 read: Balance Board
Thread with TID = 137040091940544 read: Tracksuit
Thread with TID = 137040205186752 read: Energy Gel
Thread with TID = 137040123397824 read: Chess Clock
Thread with TID = 137040081454784 read: Baseball Bat
Thread with TID = 137039978694336 read: Cricket Bat
Thread with TID = 137040070969024 read: Pilates Ring
Thread with TID = 137039989180096 read: Basketball
Thread with TID = 137039854962368 read: Arm Sleeves
Thread with TID = 137039957722816 read: Hand Gripper
Thread with TID = 137039968208576 read: Boxing Gloves
Thread with TID = 137039947237056 read: Rugby Ball
Thread with TID = 137039844476608 read: Badminton Racket
Thread with TID = 137039833990848 read: Trekking Pole
Thread with TID = 137039936751296 read: Bicycle
Thread with TID = 137039823505088 read: Golf Club
Thread with TID = 137039781562048 read: Air Hockey Table
Thread with TID = 137039739619008 read: Horseshoes
Thread with TID = 137039802533568 read: Billiard Stick
Thread with TID = 137039813019328 read: Speed Ladder
Thread with TID = 137039760590528 read: Tennis Racket
Thread with TID = 137039771076288 read: Training Vest
Thread with TID = 137039729133248 read: Foosball Table
Thread with TID = 137039792047808 read: Weight Plates
Thread with TID = 137039708161728 read: Knee Pads
Thread with TID = 137039718647488 read: Shorts
Thread with TID = 137039750104768 read: Sports Drink
Thread with TID = 137039655732928 read: Game Timer
Thread with TID = 137039645247168 read: Volleyball
Thread with TID = 137039687190208 read: Exercise Ball
Thread with TID = 137039634761408 read: Surfboard
Thread with TID = 137039624275648 read: Roller Skates
Thread with TID = 137039676704448 read: Skipping Rope
Thread with TID = 137039666218688 read: Treadmill
Thread with TID = 137039697675968 read: Football
Thread with TID = 137039613789888 read: Dip Bar
Thread with TID = 137039603304128 read: Ice Skates
Thread with TID = 137039592818368 read: Water Bottle
Thread with TID = 137039582332608 read: Compression Tights
Thread with TID = 137039571846848 read: Yoga Mat
Thread with TID = 137039561361088 read: Paddleboard
Thread with TID = 137039550875328 read: Shin Guards
Thread with TID = 137039540389568 read: Mini Golf Set
Thread with TID = 137039519418048 read: Slamball
Thread with TID = 137039508932288 read: Jersey
Thread with TID = 137039477475008 read: Agility Cones
Thread with TID = 137039498446528 read: Swimming Goggles
Thread with TID = 137039466989248 read: Camping Tent
Thread with TID = 137039456503488 read: Helmet
Thread with TID = 137039425046208 read: Sandbag
Thread with TID = 137039414560448 read: Kayak
Thread with TID = 137039529903808 read: Cornhole Set
Thread with TID = 137039487960768 read: Running Shoes
Thread with TID = 137039404074688 read: Punching Bag
Thread with TID = 137039446017728 read: Fishing Rod
Thread with TID = 137039372617408 read: Table Tennis Paddle
Thread with TID = 137039435531968 read: Hiking Boots
Thread with TID = 137039362131648 read: Barbell
Thread with TID = 137039393588928 read: Elbow Pads
Thread with TID = 137039383103168 read: Disc Golf
