Process PID: 11276
Thread with TID = 125316422960832 read: Resistance Bands
Thread with TID = 125316433446592 read: Pull-Up Bar
Thread with TID = 125316401989312 read: Rowing Machine
Thread with TID = 125316391503552 read: Ski Poles
Thread with TID = 125316412475072 read: Cycling Shoes
Thread with TID = 125316381017792 read: Sweatband
Thread with TID = 125316370532032 read: Exercise Bike
Thread with TID = 125316360046272 read: Parachute Trainer
Thread with TID = 125316261480128 read: Darts
Thread with TID = 125316240508608 read: Dumbbells
Thread with TID = 125316230022848 read: Snowboard
Thread with TID = 125316209051328 read: Medicine Ball
Thread with TID = 125316167108288 read: Chess Clock
Thread with TID = 125316198565568 read: Battle Rope
Thread with TID = 125316188079808 read: Trampoline
Thread with TID = 125316219537088 read: Sleeping Bag
Thread with TID = 125316271965888 read: Power Tower
Thread with TID = 125316250994368 read: Elliptical Trainer
Thread with TID = 125316156622528 read: Kettlebell
Thread with TID = 125316083222208 read: Boxing Gloves
Thread with TID = 125316135651008 read: Tracksuit
Thread with TID = 125316125165248 read: Baseball Bat
Thread with TID = 125315795912384 read: Speed Ladder
Thread with TID = 125315848341184 read: Bicycle
Thread with TID = 125315764455104 read: Air Hockey Table
Thread with TID = 125315774940864 read: Weight Plates
Thread with TID = 125315816883904 read: Trekking Pole
Thread with TID = 125315806398144 read: Golf Club
Thread with TID = 125315785426624 read: Billiard Stick
Thread with TID = 125315753969344 read: Training Vest
Thread with TID = 125315743483584 read: Tennis Racket
Thread with TID = 125315732997824 read: Sports Drink
Thread with TID = 125316177594048 read: Energy Gel
Thread with TID = 125316114679488 read: Pilates Ring
Thread with TID = 125316146136768 read: Balance Board
Thread with TID = 125316104193728 read: Basketball
Thread with TID = 125316093707968 read: Cricket Bat
Thread with TID = 125315869312704 read: Hand Gripper
Thread with TID = 125315858826944 read: Rugby Ball
Thread with TID = 125315837855424 read: Arm Sleeves
Thread with TID = 125315827369664 read: Badminton Racket
Thread with TID = 125315712026304 read: Treadmill
Thread with TID = 125315951101632 read: Exercise Ball
Thread with TID = 125316003530432 read: Horseshoes
Thread with TID = 125315993044672 read: Foosball Table
Thread with TID = 125315982558912 read: Shorts
Thread with TID = 125315972073152 read: Knee Pads
Thread with TID = 125315961587392 read: Football
Thread with TID = 125315722512064 read: Skipping Rope
Thread with TID = 125315701540544 read: Game Timer
Thread with TID = 125315628140224 read: Compression Tights
Thread with TID = 125315596682944 read: Mini Golf Set
Thread with TID = 125315586197184 read: Cornhole Set
Thread with TID = 125315659597504 read: Dip Bar
Thread with TID = 125315670083264 read: Roller Skates
Thread with TID = 125315617654464 read: Yoga Mat
Thread with TID = 125315466659520 read: Running Shoes
Thread with TID = 125315445688000 read: Camping Tent
Thread with TID = 125315565225664 read: Jersey
Thread with TID = 125315554739904 read: Swimming Goggles
Thread with TID = 125315321956032 read: Sandbag
Thread with TID = 125315414230720 read: Hiking Boots
Thread with TID = 125315575711424 read: Slamball
Thread with TID = 125315649111744 read: Ice Skates
Thread with TID = 125315638625984 read: Water Bottle
Thread with TID = 125315435202240 read: Helmet
Thread with TID = 125315607168704 read: Paddleboard
Thread with TID = 125315680569024 read: Surfboard
Thread with TID = 125315332441792 read: Shin Guards
Thread with TID = 125315691054784 read: Volleyball
Thread with TID = 125315424716480 read: Fishing Rod
Thread with TID = 125315300984512 read: Punching Bag
Thread with TID = 125315311470272 read: Kayak
Thread with TID = 125315456173760 read: Agility Cones
Thread with TID = 125315280012992 read: Disc Golf
Thread with TID = 125315198224064 read: Table Tennis Paddle
Thread with TID = 125315187738304 read: Barbell
Thread with TID = 125315290498752 read: Elbow Pads
