Process PID: 13496
Thread with TID = 134536302167744 read: Parachute Trainer
Thread with TID = 134536333625024 read: Ski Poles
Thread with TID = 134536105035456 read: Sleeping Bag
Thread with TID = 134536354596544 read: Cycling Shoes
Thread with TID = 134536270710464 read: Elliptical Trainer
Thread with TID = 134536291681984 read: Power Tower
Thread with TID = 134536312653504 read: Exercise Bike
Thread with TID = 134536375568064 read: Pull-Up Bar
Thread with TID = 134536023246528 read: Medicine Ball
Thread with TID = 134536115521216 read: Snowboard
Thread with TID = 134536323139264 read: Sweatband
Thread with TID = 134536365082304 read: Resistance Bands
Thread with TID = 134536260224704 read: Dumbbells
Thread with TID = 134536344110784 read: Rowing Machine
Thread with TID = 134536239253184 read: Trampoline
Thread with TID = 134536146978496 read: Chess Clock
Thread with TID = 134536249738944 read: Battle Rope
Thread with TID = 134536157464256 read: Energy Gel
Thread with TID = 134536126006976 read: Balance Board
Thread with TID = 134536136492736 read: Kettlebell
Thread with TID = 134536281196224 read: Darts
Thread with TID = 134536002275008 read: Baseball Bat
Thread with TID = 134535991789248 read: Pilates Ring
Thread with TID = 134535981303488 read: Basketball
Thread with TID = 134535790462656 read: Bicycle
Thread with TID = 134536012760768 read: Tracksuit
Thread with TID = 134535779976896 read: Arm Sleeves
Thread with TID = 134535800948416 read: Rugby Ball
Thread with TID = 134535970817728 read: Cricket Bat
Thread with TID = 134535769491136 read: Badminton Racket
Thread with TID = 134535687702208 read: Trekking Pole
Thread with TID = 134535821919936 read: Boxing Gloves
Thread with TID = 134535811434176 read: Hand Gripper
Thread with TID = 134535666730688 read: Speed Ladder
Thread with TID = 134535656244928 read: Billiard Stick
Thread with TID = 134535677216448 read: Golf Club
Thread with TID = 134535645759168 read: Weight Plates
Thread with TID = 134535635273408 read: Air Hockey Table
Thread with TID = 134535553484480 read: Training Vest
Thread with TID = 134535532512960 read: Sports Drink
Thread with TID = 134535522027200 read: Horseshoes
Thread with TID = 134535511541440 read: Foosball Table
Thread with TID = 134535542998720 read: Tennis Racket
Thread with TID = 134535501055680 read: Shorts
Thread with TID = 134535419266752 read: Knee Pads
Thread with TID = 134535408780992 read: Football
Thread with TID = 134535398295232 read: Exercise Ball
Thread with TID = 134535387809472 read: Skipping Rope
Thread with TID = 134535377323712 read: Treadmill
Thread with TID = 134535366837952 read: Game Timer
Thread with TID = 134535285049024 read: Volleyball
Thread with TID = 134535264077504 read: Roller Skates
Thread with TID = 134535253591744 read: Dip Bar
Thread with TID = 134535243105984 read: Ice Skates
Thread with TID = 134535232620224 read: Water Bottle
Thread with TID = 134535274563264 read: Surfboard
Thread with TID = 134535129859776 read: Paddleboard
Thread with TID = 134535006127808 read: Jersey
Thread with TID = 134535098402496 read: Cornhole Set
Thread with TID = 134534995642048 read: Swimming Goggles
Thread with TID = 134534985156288 read: Running Shoes
Thread with TID = 134535119374016 read: Shin Guards
Thread with TID = 134535150831296 read: Compression Tights
Thread with TID = 134535140345536 read: Yoga Mat
Thread with TID = 134535016613568 read: Slamball
Thread with TID = 134534974670528 read: Agility Cones
Thread with TID = 134534911755968 read: Kayak
Thread with TID = 134534901270208 read: Punching Bag
Thread with TID = 134535108888256 read: Mini Golf Set
Thread with TID = 134534943213248 read: Fishing Rod
Thread with TID = 134534932727488 read: Hiking Boots
Thread with TID = 134534922241728 read: Sandbag
Thread with TID = 134534890784448 read: Elbow Pads
Thread with TID = 134534964184768 read: Camping Tent
Thread with TID = 134534953699008 read: Helmet
Thread with TID = 134534880298688 read: Disc Golf
Thread with TID = 134534869812928 read: Table Tennis Paddle
Thread with TID = 134534859327168 read: Barbell
