Process PID: 15942
Thread with TID = 138243716679360 read: Pull-Up Bar
Thread with TID = 138243695707840 read: Cycling Shoes
Thread with TID = 138243519547072 read: Exercise Bike
Thread with TID = 138243706193600 read: Resistance Bands
Thread with TID = 138243685222080 read: Rowing Machine
Thread with TID = 138243530032832 read: Sweatband
Thread with TID = 138243540518592 read: Ski Poles
Thread with TID = 138243374843584 read: Parachute Trainer
Thread with TID = 138243576170176 read: Elliptical Trainer
Thread with TID = 138243565684416 read: Dumbbells
Thread with TID = 138243674736320 read: Power Tower
Thread with TID = 138243586655936 read: Darts
Thread with TID = 138243555198656 read: Snowboard
Thread with TID = 138243509061312 read: Sleeping Bag
Thread with TID = 138243498575552 read: Medicine Ball
Thread with TID = 138243488089792 read: Battle Rope
Thread with TID = 138243477604032 read: Trampoline
Thread with TID = 138243467118272 read: Energy Gel
Thread with TID = 138243385329344 read: Chess Clock
Thread with TID = 138243353872064 read: Balance Board
Thread with TID = 138243343386304 read: Tracksuit
Thread with TID = 138243332900544 read: Baseball Bat
Thread with TID = 138243251111616 read: Pilates Ring
Thread with TID = 138243219654336 read: Boxing Gloves
Thread with TID = 138243364357824 read: Kettlebell
Thread with TID = 138243240625856 read: Basketball
Thread with TID = 138243230140096 read: Cricket Bat
Thread with TID = 138243198682816 read: Rugby Ball
Thread with TID = 138243209168576 read: Hand Gripper
Thread with TID = 138243116893888 read: Bicycle
Thread with TID = 138243106408128 read: Arm Sleeves
Thread with TID = 138243085436608 read: Trekking Pole
Thread with TID = 138243074950848 read: Golf Club
Thread with TID = 138243064465088 read: Speed Ladder
Thread with TID = 138242982676160 read: Billiard Stick
Thread with TID = 138242972190400 read: Weight Plates
Thread with TID = 138242951218880 read: Training Vest
Thread with TID = 138242940733120 read: Tennis Racket
Thread with TID = 138242961704640 read: Air Hockey Table
Thread with TID = 138242930247360 read: Sports Drink
Thread with TID = 138243095922368 read: Badminton Racket
Thread with TID = 138242848458432 read: Horseshoes
Thread with TID = 138242837972672 read: Foosball Table
Thread with TID = 138242827486912 read: Shorts
Thread with TID = 138242796029632 read: Exercise Ball
Thread with TID = 138242817001152 read: Knee Pads
Thread with TID = 138242806515392 read: Football
Thread with TID = 138242703754944 read: Treadmill
Thread with TID = 138242672297664 read: Surfboard
Thread with TID = 138242714240704 read: Skipping Rope
Thread with TID = 138242682783424 read: Volleyball
Thread with TID = 138242693269184 read: Game Timer
Thread with TID = 138242619868864 read: Compression Tights
Thread with TID = 138242609383104 read: Yoga Mat
Thread with TID = 138242598897344 read: Paddleboard
Thread with TID = 138242661811904 read: Roller Skates
Thread with TID = 138242588411584 read: Shin Guards
Thread with TID = 138242567440064 read: Cornhole Set
Thread with TID = 138242640840384 read: Ice Skates
Thread with TID = 138242546468544 read: Jersey
Thread with TID = 138242630354624 read: Water Bottle
Thread with TID = 138242577925824 read: Mini Golf Set
Thread with TID = 138242651326144 read: Dip Bar
Thread with TID = 138242515011264 read: Agility Cones
Thread with TID = 138242535982784 read: Swimming Goggles
Thread with TID = 138242452096704 read: Kayak
Thread with TID = 138242462582464 read: Sandbag
Thread with TID = 138242441610944 read: Punching Bag
Thread with TID = 138242473068224 read: Hiking Boots
Thread with TID = 138242483553984 read: Fishing Rod
Thread with TID = 138242525497024 read: Running Shoes
Thread with TID = 138242556954304 read: Slamball
Thread with TID = 138242504525504 read: Camping Tent
Thread with TID = 138242431125184 read: Elbow Pads
Thread with TID = 138242494039744 read: Helmet
Thread with TID = 138242420639424 read: Disc Golf
Thread with TID = 138242399667904 read: Barbell
Thread with TID = 138242410153664 read: Table Tennis Paddle
