Process PID: 6283
Thread with TID = 125075921569472 read: Resistance Bands
Thread with TID = 125075932055232 read: Pull-Up Bar
Thread with TID = 125075911083712 read: Cycling Shoes
Thread with TID = 125075820906176 read: Ski Poles
Thread with TID = 125075810420416 read: Sweatband
Thread with TID = 125075799934656 read: Exercise Bike
Thread with TID = 125075900597952 read: Rowing Machine
Thread with TID = 125075789448896 read: Parachute Trainer
Thread with TID = 125075655231168 read: Sleeping Bag
Thread with TID = 125075778963136 read: Power Tower
Thread with TID = 125075768477376 read: Darts
Thread with TID = 125075686688448 read: Elliptical Trainer
Thread with TID = 125075644745408 read: Medicine Ball
Thread with TID = 125075665716928 read: Snowboard
Thread with TID = 125075634259648 read: Battle Rope
Thread with TID = 125075623773888 read: Trampoline
Thread with TID = 125075676202688 read: Dumbbells
Thread with TID = 125075602802368 read: Chess Clock
Thread with TID = 125075539887808 read: Basketball
Thread with TID = 125075581830848 read: Balance Board
Thread with TID = 125075476973248 read: Arm Sleeves
Thread with TID = 125075487459008 read: Bicycle
Thread with TID = 125075466487488 read: Badminton Racket
Thread with TID = 125075571345088 read: Tracksuit
Thread with TID = 125075550373568 read: Pilates Ring
Thread with TID = 125075529402048 read: Cricket Bat
Thread with TID = 125075518916288 read: Boxing Gloves
Thread with TID = 125075508430528 read: Hand Gripper
Thread with TID = 125075497944768 read: Rugby Ball
Thread with TID = 125075456001728 read: Trekking Pole
Thread with TID = 125075445515968 read: Golf Club
Thread with TID = 125075592316608 read: Kettlebell
Thread with TID = 125075613288128 read: Energy Gel
Thread with TID = 125075403572928 read: Air Hockey Table
Thread with TID = 125075560859328 read: Baseball Bat
Thread with TID = 125075414058688 read: Weight Plates
Thread with TID = 125075435030208 read: Speed Ladder
Thread with TID = 125075424544448 read: Billiard Stick
Thread with TID = 125075393087168 read: Training Vest
Thread with TID = 125075382601408 read: Tennis Racket
Thread with TID = 125075340658368 read: Shorts
Thread with TID = 125075319686848 read: Football
Thread with TID = 125075330172608 read: Knee Pads
Thread with TID = 125075351144128 read: Foosball Table
Thread with TID = 125075288229568 read: Treadmill
Thread with TID = 125075372115648 read: Sports Drink
Thread with TID = 125075361629888 read: Horseshoes
Thread with TID = 125075298715328 read: Skipping Rope
Thread with TID = 125075309201088 read: Exercise Ball
Thread with TID = 125075235800768 read: Dip Bar
Thread with TID = 125075277743808 read: Game Timer
Thread with TID = 125075267258048 read: Volleyball
Thread with TID = 125075118360256 read: Yoga Mat
Thread with TID = 125075246286528 read: Roller Skates
Thread with TID = 125075149817536 read: Ice Skates
Thread with TID = 125075107874496 read: Paddleboard
Thread with TID = 125075256772288 read: Surfboard
Thread with TID = 125075139331776 read: Water Bottle
Thread with TID = 125075128846016 read: Compression Tights
Thread with TID = 125075015599808 read: Mini Golf Set
Thread with TID = 125074984142528 read: Jersey
Thread with TID = 125075097388736 read: Shin Guards
Thread with TID = 125074994628288 read: Slamball
Thread with TID = 125074849924800 read: Fishing Rod
Thread with TID = 125074860410560 read: Helmet
Thread with TID = 125074839439040 read: Hiking Boots
Thread with TID = 125074828953280 read: Sandbag
Thread with TID = 125074818467520 read: Kayak
Thread with TID = 125074807981760 read: Punching Bag
Thread with TID = 125074881382080 read: Agility Cones
Thread with TID = 125074870896320 read: Camping Tent
Thread with TID = 125074963171008 read: Running Shoes
Thread with TID = 125075005114048 read: Cornhole Set
Thread with TID = 125074973656768 read: Swimming Goggles
Thread with TID = 125074797496000 read: Elbow Pads
Thread with TID = 125074787010240 read: Disc Golf
Thread with TID = 125074766038720 read: Barbell
Thread with TID = 125074776524480 read: Table Tennis Paddle
