Process PID: 18108
Thread with TID = 132214478079680 read: Pull-Up Bar
Thread with TID = 132214467593920 read: Resistance Bands
Thread with TID = 132214457108160 read: Cycling Shoes
Thread with TID = 132214425650880 read: Sweatband
Thread with TID = 132214415165120 read: Exercise Bike
Thread with TID = 132214324987584 read: Power Tower
Thread with TID = 132214314501824 read: Darts
Thread with TID = 132214293530304 read: Dumbbells
Thread with TID = 132214304016064 read: Elliptical Trainer
Thread with TID = 132214404679360 read: Parachute Trainer
Thread with TID = 132214272558784 read: Sleeping Bag
Thread with TID = 132214446622400 read: Rowing Machine
Thread with TID = 132214148826816 read: Chess Clock
Thread with TID = 132214117369536 read: Tracksuit
Thread with TID = 132214106883776 read: Baseball Bat
Thread with TID = 132214436136640 read: Ski Poles
Thread with TID = 132214283044544 read: Snowboard
Thread with TID = 132214127855296 read: Balance Board
Thread with TID = 132214190769856 read: Medicine Ball
Thread with TID = 132214159312576 read: Energy Gel
Thread with TID = 132214180284096 read: Battle Rope
Thread with TID = 132214169798336 read: Trampoline
Thread with TID = 132214138341056 read: Kettlebell
Thread with TID = 132214096398016 read: Pilates Ring
Thread with TID = 132214075426496 read: Cricket Bat
Thread with TID = 132214064940736 read: Boxing Gloves
Thread with TID = 132214085912256 read: Basketball
Thread with TID = 132214054454976 read: Hand Gripper
Thread with TID = 132214033483456 read: Bicycle
Thread with TID = 132214043969216 read: Rugby Ball
Thread with TID = 132214022997696 read: Arm Sleeves
Thread with TID = 132213981054656 read: Speed Ladder
Thread with TID = 132213939111616 read: Training Vest
Thread with TID = 132214012511936 read: Badminton Racket
Thread with TID = 132214002026176 read: Trekking Pole
Thread with TID = 132213897168576 read: Foosball Table
Thread with TID = 132213876197056 read: Knee Pads
Thread with TID = 132213949597376 read: Air Hockey Table
Thread with TID = 132213991540416 read: Golf Club
Thread with TID = 132213970568896 read: Billiard Stick
Thread with TID = 132213918140096 read: Sports Drink
Thread with TID = 132213907654336 read: Horseshoes
Thread with TID = 132213886682816 read: Shorts
Thread with TID = 132213960083136 read: Weight Plates
Thread with TID = 132213928625856 read: Tennis Racket
Thread with TID = 132213855225536 read: Exercise Ball
Thread with TID = 132213865711296 read: Football
Thread with TID = 132213844739776 read: Skipping Rope
Thread with TID = 132213802796736 read: Surfboard
Thread with TID = 132213792310976 read: Roller Skates
Thread with TID = 132213781825216 read: Dip Bar
Thread with TID = 132213771339456 read: Ice Skates
Thread with TID = 132213823768256 read: Game Timer
Thread with TID = 132213813282496 read: Volleyball
Thread with TID = 132213760853696 read: Water Bottle
Thread with TID = 132213750367936 read: Compression Tights
Thread with TID = 132213718910656 read: Shin Guards
Thread with TID = 132213729396416 read: Paddleboard
Thread with TID = 132213834254016 read: Treadmill
Thread with TID = 132213708424896 read: Mini Golf Set
Thread with TID = 132213739882176 read: Yoga Mat
Thread with TID = 132213666481856 read: Swimming Goggles
Thread with TID = 132213687453376 read: Slamball
Thread with TID = 132213697939136 read: Cornhole Set
Thread with TID = 132213676967616 read: Jersey
Thread with TID = 132213635024576 read: Camping Tent
Thread with TID = 132213624538816 read: Helmet
Thread with TID = 132213655996096 read: Running Shoes
Thread with TID = 132213645510336 read: Agility Cones
Thread with TID = 132213614053056 read: Fishing Rod
Thread with TID = 132213603567296 read: Hiking Boots
Thread with TID = 132213593081536 read: Sandbag
Thread with TID = 132213551138496 read: Disc Golf
Thread with TID = 132213561624256 read: Elbow Pads
Thread with TID = 132213582595776 read: Kayak
Thread with TID = 132213540652736 read: Table Tennis Paddle
Thread with TID = 132213572110016 read: Punching Bag
Thread with TID = 132213530166976 read: Barbell
