Process PID: 14935
Thread with TID = 131712331810496 read: Running Shoes
Thread with TID = 131712310838976 read: Power Tower
Thread with TID = 131712352782016 read: Sweatband
Thread with TID = 131712394725056 read: Tennis Racket
Thread with TID = 131712321324736 read: Basketball
Thread with TID = 131712384239296 read: Slamball
Thread with TID = 131712342296256 read: Game Timer
Thread with TID = 131712363267776 read: Horseshoes
Thread with TID = 131712405210816 read: Exercise Bike
Thread with TID = 131712373753536 read: Energy Gel
Thread with TID = 131711746705088 read: Rugby Ball
Thread with TID = 131711736219328 read: Jersey
Thread with TID = 131711895602880 read: Exercise Ball
Thread with TID = 131712247924416 read: Water Bottle
Thread with TID = 131712226952896 read: Disc Golf
Thread with TID = 131712300353216 read: Compression Tights
Thread with TID = 131712289867456 read: Punching Bag
Thread with TID = 131712237438656 read: Dip Bar
Thread with TID = 131712279381696 read: Snowboard
Thread with TID = 131712258410176 read: Medicine Ball
Thread with TID = 131712268895936 read: Dumbbells
Thread with TID = 131712132581056 read: Skipping Rope
Thread with TID = 131712122095296 read: Camping Tent
Thread with TID = 131711545378496 read: Billiard Stick
Thread with TID = 131712027723456 read: Ice Skates
Thread with TID = 131711503435456 read: Paddleboard
Thread with TID = 131711492949696 read: Mini Golf Set
Thread with TID = 131711142725312 read: Chess Clock
Thread with TID = 131711513921216 read: Bicycle
Thread with TID = 131711524406976 read: Surfboard
Thread with TID = 131711725733568 read: Baseball Bat
Thread with TID = 131710935107264 read: Agility Cones
Thread with TID = 131712048694976 read: Kayak
Thread with TID = 131710924621504 read: Sports Drink
Thread with TID = 131710903649984 read: Elliptical Trainer
Thread with TID = 131711302108864 read: Knee Pads
Thread with TID = 131712038209216 read: Pull-Up Bar
Thread with TID = 131711323080384 read: Kettlebell
Thread with TID = 131712164038336 read: Air Hockey Table
Thread with TID = 131712143066816 read: Darts
Thread with TID = 131712205981376 read: Helmet
Thread with TID = 131712174524096 read: Hand Gripper
Thread with TID = 131711344051904 read: Rowing Machine
Thread with TID = 131712195495616 read: Speed Ladder
Thread with TID = 131712069666496 read: Barbell
Thread with TID = 131711291623104 read: Roller Skates
Thread with TID = 131711111268032 read: Trekking Pole
Thread with TID = 131711333566144 read: Shorts
Thread with TID = 131711312594624 read: Elbow Pads
Thread with TID = 131711132239552 read: Pilates Ring
Thread with TID = 131711008507584 read: Sleeping Bag
Thread with TID = 131710945593024 read: Trampoline
Thread with TID = 131712111609536 read: Boxing Gloves
Thread with TID = 131712185009856 read: Volleyball
Thread with TID = 131710956078784 read: Yoga Mat
Thread with TID = 131712153552576 read: Golf Club
Thread with TID = 131711704762048 read: Football
Thread with TID = 131711694276288 read: Tracksuit
Thread with TID = 131710977050304 read: Battle Rope
Thread with TID = 131711715247808 read: Resistance Bands
Thread with TID = 131711927060160 read: Balance Board
Thread with TID = 131710987536064 read: Cornhole Set
Thread with TID = 131712216467136 read: Parachute Trainer
Thread with TID = 131711121753792 read: Fishing Rod
Thread with TID = 131711090296512 read: Hiking Boots
Thread with TID = 131711916574400 read: Table Tennis Paddle
Thread with TID = 131711100782272 read: Sandbag
Thread with TID = 131711906088640 read: Shin Guards
Thread with TID = 131711937545920 read: Swimming Goggles
Thread with TID = 131710998021824 read: Training Vest
Thread with TID = 131711948031680 read: Cricket Bat
Thread with TID = 131711534892736 read: Cycling Shoes
Thread with TID = 131710966564544 read: Foosball Table
Thread with TID = 131710914135744 read: Weight Plates
Thread with TID = 131712080152256 read: Arm Sleeves
Thread with TID = 131712059180736 read: Badminton Racket
Thread with TID = 131712090638016 read: Treadmill
Thread with TID = 131712101123776 read: Ski Poles
