Process PID: 34202
Thread with TID = 140737347847872 read: Pull-Up Bar
Thread with TID = 140737326876352 read: Cycling Shoes
Thread with TID = 140737316390592 read: Rowing Machine
Thread with TID = 140737337362112 read: Resistance Bands
Thread with TID = 140737305904832 read: Ski Poles
Thread with TID = 140737108772544 read: Trampoline
Thread with TID = 140737274447552 read: Parachute Trainer
Thread with TID = 140737140229824 read: Sleeping Bag
Thread with TID = 140737129744064 read: Medicine Ball
Thread with TID = 140737263961792 read: Power Tower
Thread with TID = 140737232504512 read: Dumbbells
Thread with TID = 140737284933312 read: Exercise Bike
Thread with TID = 140737253476032 read: Darts
Thread with TID = 140737242990272 read: Elliptical Trainer
Thread with TID = 140737087801024 read: Chess Clock
Thread with TID = 140737010206400 read: Kettlebell
Thread with TID = 140737119258304 read: Battle Rope
Thread with TID = 140737098286784 read: Energy Gel
Thread with TID = 140736999720640 read: Balance Board
Thread with TID = 140737056343744 read: Pilates Ring
Thread with TID = 140737045857984 read: Basketball
Thread with TID = 140737035372224 read: Cricket Bat
Thread with TID = 140737024886464 read: Boxing Gloves
Thread with TID = 140736804685504 read: Badminton Racket
Thread with TID = 140736922126016 read: Hand Gripper
Thread with TID = 140736911640256 read: Rugby Ball
Thread with TID = 140736794199744 read: Trekking Pole
Thread with TID = 140736762742464 read: Billiard Stick
Thread with TID = 140736783713984 read: Golf Club
Thread with TID = 140736773228224 read: Speed Ladder
Thread with TID = 140736670467776 read: Air Hockey Table
Thread with TID = 140736680953536 read: Weight Plates
Thread with TID = 140736901154496 read: Bicycle
Thread with TID = 140736815171264 read: Arm Sleeves
Thread with TID = 140737077315264 read: Tracksuit
Thread with TID = 140737066829504 read: Baseball Bat
Thread with TID = 140736659982016 read: Training Vest
Thread with TID = 140737295419072 read: Sweatband
Thread with TID = 140737150715584 read: Snowboard
Thread with TID = 140736978749120 read: Sports Drink
Thread with TID = 140736968263360 read: Horseshoes
Thread with TID = 140736936806080 read: Knee Pads
Thread with TID = 140736649496256 read: Football
Thread with TID = 140736536250048 read: Game Timer
Thread with TID = 140736504792768 read: Roller Skates
Thread with TID = 140736525764288 read: Volleyball
Thread with TID = 140736494307008 read: Dip Bar
Thread with TID = 140736957777600 read: Foosball Table
Thread with TID = 140736402032320 read: Water Bottle
Thread with TID = 140736381060800 read: Yoga Mat
Thread with TID = 140736947291840 read: Shorts
Thread with TID = 140736515278528 read: Surfboard
Thread with TID = 140736412518080 read: Ice Skates
Thread with TID = 140736639010496 read: Exercise Ball
Thread with TID = 140736628524736 read: Skipping Rope
Thread with TID = 140736989234880 read: Tennis Racket
Thread with TID = 140736546735808 read: Treadmill
Thread with TID = 140736391546560 read: Compression Tights
Thread with TID = 140736370575040 read: Paddleboard
Thread with TID = 140736360089280 read: Shin Guards
Thread with TID = 140736328632000 read: Slamball
Thread with TID = 140736349603520 read: Mini Golf Set
Thread with TID = 140736339117760 read: Cornhole Set
Thread with TID = 140736318146240 read: Jersey
Thread with TID = 140736297174720 read: Running Shoes
Thread with TID = 140736307660480 read: Swimming Goggles
Thread with TID = 140736255231680 read: Fishing Rod
Thread with TID = 140736244745920 read: Hiking Boots
Thread with TID = 140736234260160 read: Sandbag
Thread with TID = 140736223774400 read: Kayak
Thread with TID = 140736286688960 read: Agility Cones
Thread with TID = 140736276203200 read: Camping Tent
Thread with TID = 140736265717440 read: Helmet
Thread with TID = 140736213288640 read: Punching Bag
Thread with TID = 140736202802880 read: Elbow Pads
Thread with TID = 140736192317120 read: Disc Golf
Thread with TID = 140736171345600 read: Barbell
Thread with TID = 140736181831360 read: Table Tennis Paddle
