Process PID: 30279
Thread with TID = 138794112124608 read: Ski Poles
Thread with TID = 138793965323968 read: Chess Clock
Thread with TID = 138793986295488 read: Trampoline
Thread with TID = 138793975809728 read: Energy Gel
Thread with TID = 138793954838208 read: Kettlebell
Thread with TID = 138794122610368 read: Rowing Machine
Thread with TID = 138793996781248 read: Battle Rope
Thread with TID = 138794143581888 read: Resistance Bands
Thread with TID = 138794091153088 read: Exercise Bike
Thread with TID = 138794154067648 read: Pull-Up Bar
Thread with TID = 138793799648960 read: Tracksuit
Thread with TID = 138794017752768 read: Sleeping Bag
Thread with TID = 138793933866688 read: Basketball
Thread with TID = 138793923380928 read: Cricket Bat
Thread with TID = 138793810134720 read: Balance Board
Thread with TID = 138793944352448 read: Pilates Ring
Thread with TID = 138794101638848 read: Sweatband
Thread with TID = 138793912895168 read: Boxing Gloves
Thread with TID = 138793789163200 read: Baseball Bat
Thread with TID = 138793902409408 read: Hand Gripper
Thread with TID = 138794059695808 read: Darts
Thread with TID = 138794007267008 read: Medicine Ball
Thread with TID = 138793891923648 read: Rugby Ball
Thread with TID = 138794038724288 read: Dumbbells
Thread with TID = 138794028238528 read: Snowboard
Thread with TID = 138794049210048 read: Elliptical Trainer
Thread with TID = 138794133096128 read: Cycling Shoes
Thread with TID = 138793778677440 read: Bicycle
Thread with TID = 138794080667328 read: Parachute Trainer
Thread with TID = 138793768191680 read: Arm Sleeves
Thread with TID = 138793757705920 read: Badminton Racket
Thread with TID = 138793678014144 read: Trekking Pole
Thread with TID = 138793657042624 read: Speed Ladder
Thread with TID = 138793646556864 read: Billiard Stick
Thread with TID = 138793667528384 read: Golf Club
Thread with TID = 138793636071104 read: Weight Plates
Thread with TID = 138794070181568 read: Power Tower
Thread with TID = 138793476687552 read: Training Vest
Thread with TID = 138793625585344 read: Air Hockey Table
Thread with TID = 138793466201792 read: Tennis Racket
Thread with TID = 138793455716032 read: Sports Drink
Thread with TID = 138793445230272 read: Horseshoes
Thread with TID = 138793331984064 read: Football
Thread with TID = 138793434744512 read: Foosball Table
Thread with TID = 138793424258752 read: Shorts
Thread with TID = 138793321498304 read: Exercise Ball
Thread with TID = 138793290041024 read: Game Timer
Thread with TID = 138793311012544 read: Skipping Rope
Thread with TID = 138793300526784 read: Treadmill
Thread with TID = 138793342469824 read: Knee Pads
Thread with TID = 138793063548608 read: Yoga Mat
Thread with TID = 138793042577088 read: Shin Guards
Thread with TID = 138793208252096 read: Volleyball
Thread with TID = 138793032091328 read: Mini Golf Set
Thread with TID = 138793176794816 read: Dip Bar
Thread with TID = 138793197766336 read: Surfboard
Thread with TID = 138792939816640 read: Slamball
Thread with TID = 138793187280576 read: Roller Skates
Thread with TID = 138792929330880 read: Jersey
Thread with TID = 138793166309056 read: Ice Skates
Thread with TID = 138793074034368 read: Compression Tights
Thread with TID = 138793053062848 read: Paddleboard
Thread with TID = 138793155823296 read: Water Bottle
Thread with TID = 138793021605568 read: Cornhole Set
Thread with TID = 138792918845120 read: Swimming Goggles
Thread with TID = 138792845444800 read: Sandbag
Thread with TID = 138792887387840 read: Camping Tent
Thread with TID = 138792876902080 read: Helmet
Thread with TID = 138792803501760 read: Disc Golf
Thread with TID = 138792897873600 read: Agility Cones
Thread with TID = 138792813987520 read: Elbow Pads
Thread with TID = 138792834959040 read: Kayak
Thread with TID = 138792855930560 read: Hiking Boots
Thread with TID = 138792793016000 read: Table Tennis Paddle
Thread with TID = 138792866416320 read: Fishing Rod
Thread with TID = 138792782530240 read: Barbell
Thread with TID = 138792824473280 read: Punching Bag
Thread with TID = 138792908359360 read: Running Shoes
