Process PID: 26973
Thread with TID = 123280572810944 read: Resistance Bands
Thread with TID = 123280551839424 read: Ski Poles
Thread with TID = 123280426010304 read: Power Tower
Thread with TID = 123280436496064 read: Parachute Trainer
Thread with TID = 123280111437504 read: Snowboard
Thread with TID = 123280090465984 read: Medicine Ball
Thread with TID = 123280541353664 read: Sweatband
Thread with TID = 123280059008704 read: Energy Gel
Thread with TID = 123280069494464 read: Trampoline
Thread with TID = 123280079980224 read: Battle Rope
Thread with TID = 123280121923264 read: Dumbbells
Thread with TID = 123280562325184 read: Cycling Shoes
Thread with TID = 123280583296704 read: Pull-Up Bar
Thread with TID = 123280446981824 read: Exercise Bike
Thread with TID = 123280048522944 read: Chess Clock
Thread with TID = 123280027551424 read: Balance Board
Thread with TID = 123280100951744 read: Sleeping Bag
Thread with TID = 123280415524544 read: Darts
Thread with TID = 123280038037184 read: Kettlebell
Thread with TID = 123280457467584 read: Rowing Machine
Thread with TID = 123280017065664 read: Tracksuit
Thread with TID = 123280405038784 read: Elliptical Trainer
Thread with TID = 123280323249856 read: Baseball Bat
Thread with TID = 123280302278336 read: Basketball
Thread with TID = 123280291792576 read: Cricket Bat
Thread with TID = 123280006579904 read: Rugby Ball
Thread with TID = 123280281306816 read: Boxing Gloves
Thread with TID = 123280270821056 read: Hand Gripper
Thread with TID = 123279832516288 read: Badminton Racket
Thread with TID = 123279853487808 read: Bicycle
Thread with TID = 123280312764096 read: Pilates Ring
Thread with TID = 123279801059008 read: Speed Ladder
Thread with TID = 123279719270080 read: Billiard Stick
Thread with TID = 123279687812800 read: Training Vest
Thread with TID = 123279698298560 read: Air Hockey Table
Thread with TID = 123279708784320 read: Weight Plates
Thread with TID = 123279843002048 read: Arm Sleeves
Thread with TID = 123279811544768 read: Golf Club
Thread with TID = 123279677327040 read: Tennis Racket
Thread with TID = 123279822030528 read: Trekking Pole
Thread with TID = 123279666841280 read: Sports Drink
Thread with TID = 123279564080832 read: Shorts
Thread with TID = 123279543109312 read: Football
Thread with TID = 123279522137792 read: Skipping Rope
Thread with TID = 123279553595072 read: Knee Pads
Thread with TID = 123279585052352 read: Horseshoes
Thread with TID = 123279490680512 read: Volleyball
Thread with TID = 123279511652032 read: Treadmill
Thread with TID = 123279448737472 read: Ice Skates
Thread with TID = 123279406794432 read: Paddleboard
Thread with TID = 123279438251712 read: Water Bottle
Thread with TID = 123279480194752 read: Surfboard
Thread with TID = 123279574566592 read: Foosball Table
Thread with TID = 123279532623552 read: Exercise Ball
Thread with TID = 123279469708992 read: Roller Skates
Thread with TID = 123279459223232 read: Dip Bar
Thread with TID = 123279501166272 read: Game Timer
Thread with TID = 123279417280192 read: Yoga Mat
Thread with TID = 123279385822912 read: Mini Golf Set
Thread with TID = 123279396308672 read: Shin Guards
Thread with TID = 123279427765952 read: Compression Tights
Thread with TID = 123279354365632 read: Jersey
Thread with TID = 123279375337152 read: Cornhole Set
Thread with TID = 123279312422592 read: Camping Tent
Thread with TID = 123279291451072 read: Fishing Rod
Thread with TID = 123279280965312 read: Hiking Boots
Thread with TID = 123279343879872 read: Swimming Goggles
Thread with TID = 123279333394112 read: Running Shoes
Thread with TID = 123279249508032 read: Punching Bag
Thread with TID = 123279270479552 read: Sandbag
Thread with TID = 123279322908352 read: Agility Cones
Thread with TID = 123279218050752 read: Table Tennis Paddle
Thread with TID = 123279301936832 read: Helmet
Thread with TID = 123279259993792 read: Kayak
Thread with TID = 123279228536512 read: Disc Golf
Thread with TID = 123279207564992 read: Barbell
Thread with TID = 123279364851392 read: Slamball
Thread with TID = 123279239022272 read: Elbow Pads
