Process PID: 32255
Thread with TID = 133257421129408 read: Sweatband
Thread with TID = 133257565832896 read: Ski Poles
Thread with TID = 133257597290176 read: Resistance Bands
Thread with TID = 133257410643648 read: Exercise Bike
Thread with TID = 133257586804416 read: Cycling Shoes
Thread with TID = 133257389672128 read: Power Tower
Thread with TID = 133257379186368 read: Darts
Thread with TID = 133257576318656 read: Rowing Machine
Thread with TID = 133257607775936 read: Pull-Up Bar
Thread with TID = 133257400157888 read: Parachute Trainer
Thread with TID = 133257454683840 read: Medicine Ball
Thread with TID = 133257444198080 read: Battle Rope
Thread with TID = 133257433712320 read: Trampoline
Thread with TID = 133257465169600 read: Sleeping Bag
Thread with TID = 133257555347136 read: Dumbbells
Thread with TID = 133257347729088 read: Chess Clock
Thread with TID = 133257263843008 read: Kettlebell
Thread with TID = 133257358214848 read: Energy Gel
Thread with TID = 133257253357248 read: Balance Board
Thread with TID = 133257368700608 read: Elliptical Trainer
Thread with TID = 133257242871488 read: Tracksuit
Thread with TID = 133257544861376 read: Snowboard
Thread with TID = 133257232385728 read: Baseball Bat
Thread with TID = 133257221899968 read: Pilates Ring
Thread with TID = 133257010087616 read: Arm Sleeves
Thread with TID = 133257052030656 read: Boxing Gloves
Thread with TID = 133257211414208 read: Basketball
Thread with TID = 133257041544896 read: Hand Gripper
Thread with TID = 133257062516416 read: Cricket Bat
Thread with TID = 133257031059136 read: Rugby Ball
Thread with TID = 133256928298688 read: Badminton Racket
Thread with TID = 133257020573376 read: Bicycle
Thread with TID = 133256917812928 read: Trekking Pole
Thread with TID = 133256907327168 read: Golf Club
Thread with TID = 133256896841408 read: Speed Ladder
Thread with TID = 133256886355648 read: Billiard Stick
Thread with TID = 133256875869888 read: Weight Plates
Thread with TID = 133256794080960 read: Air Hockey Table
Thread with TID = 133256773109440 read: Tennis Racket
Thread with TID = 133256783595200 read: Training Vest
Thread with TID = 133256638891712 read: Football
Thread with TID = 133256762623680 read: Sports Drink
Thread with TID = 133256628405952 read: Exercise Ball
Thread with TID = 133256741652160 read: Foosball Table
Thread with TID = 133256649377472 read: Knee Pads
Thread with TID = 133256586462912 read: Volleyball
Thread with TID = 133256565491392 read: Roller Skates
Thread with TID = 133256607434432 read: Treadmill
Thread with TID = 133256596948672 read: Game Timer
Thread with TID = 133256659863232 read: Shorts
Thread with TID = 133256555005632 read: Dip Bar
Thread with TID = 133256617920192 read: Skipping Rope
Thread with TID = 133256575977152 read: Surfboard
Thread with TID = 133256752137920 read: Horseshoes
Thread with TID = 133256544519872 read: Ice Skates
Thread with TID = 133256492091072 read: Shin Guards
Thread with TID = 133256450148032 read: Jersey
Thread with TID = 133256513062592 read: Yoga Mat
Thread with TID = 133256460633792 read: Slamball
Thread with TID = 133256408204992 read: Camping Tent
Thread with TID = 133256481605312 read: Mini Golf Set
Thread with TID = 133256439662272 read: Swimming Goggles
Thread with TID = 133256429176512 read: Running Shoes
Thread with TID = 133256397719232 read: Helmet
Thread with TID = 133256502576832 read: Paddleboard
Thread with TID = 133256471119552 read: Cornhole Set
Thread with TID = 133256418690752 read: Agility Cones
Thread with TID = 133256387233472 read: Fishing Rod
Thread with TID = 133256376747712 read: Hiking Boots
Thread with TID = 133256366261952 read: Sandbag
Thread with TID = 133256355776192 read: Kayak
Thread with TID = 133256534034112 read: Water Bottle
Thread with TID = 133256345290432 read: Punching Bag
Thread with TID = 133256334804672 read: Elbow Pads
Thread with TID = 133256324318912 read: Disc Golf
Thread with TID = 133256303347392 read: Barbell
Thread with TID = 133256523548352 read: Compression Tights
Thread with TID = 133256313833152 read: Table Tennis Paddle
