Process PID: 7718
Thread with TID = 140737347847872 read: Pull-Up Bar
Thread with TID = 140737316390592 read: Rowing Machine
Thread with TID = 140737326876352 read: Cycling Shoes
Thread with TID = 140737196852928 read: Parachute Trainer
Thread with TID = 140737305904832 read: Ski Poles
Thread with TID = 140737186367168 read: Power Tower
Thread with TID = 140737083606720 read: Dumbbells
Thread with TID = 140737175881408 read: Darts
Thread with TID = 140737165395648 read: Elliptical Trainer
Thread with TID = 140737073120960 read: Snowboard
Thread with TID = 140737052149440 read: Medicine Ball
Thread with TID = 140737041663680 read: Battle Rope
Thread with TID = 140737031177920 read: Trampoline
Thread with TID = 140737020692160 read: Energy Gel
Thread with TID = 140737010206400 read: Chess Clock
Thread with TID = 140736989234880 read: Balance Board
Thread with TID = 140736999720640 read: Kettlebell
Thread with TID = 140736911640256 read: Tracksuit
Thread with TID = 140736957777600 read: Basketball
Thread with TID = 140736978749120 read: Baseball Bat
Thread with TID = 140736926320320 read: Hand Gripper
Thread with TID = 140736936806080 read: Boxing Gloves
Thread with TID = 140737217824448 read: Sweatband
Thread with TID = 140737207338688 read: Exercise Bike
Thread with TID = 140736947291840 read: Cricket Bat
Thread with TID = 140737062635200 read: Sleeping Bag
Thread with TID = 140736901154496 read: Rugby Ball
Thread with TID = 140737337362112 read: Resistance Bands
Thread with TID = 140736968263360 read: Pilates Ring
Thread with TID = 140736773228224 read: Golf Club
Thread with TID = 140736762742464 read: Speed Ladder
Thread with TID = 140736680953536 read: Billiard Stick
Thread with TID = 140736670467776 read: Weight Plates
Thread with TID = 140736649496256 read: Training Vest
Thread with TID = 140736659982016 read: Air Hockey Table
Thread with TID = 140736639010496 read: Tennis Racket
Thread with TID = 140736815171264 read: Bicycle
Thread with TID = 140736804685504 read: Arm Sleeves
Thread with TID = 140736794199744 read: Badminton Racket
Thread with TID = 140736628524736 read: Sports Drink
Thread with TID = 140736783713984 read: Trekking Pole
Thread with TID = 140736546735808 read: Horseshoes
Thread with TID = 140736504792768 read: Football
Thread with TID = 140736515278528 read: Knee Pads
Thread with TID = 140736399935168 read: Water Bottle
Thread with TID = 140736462849728 read: Game Timer
Thread with TID = 140736452363968 read: Volleyball
Thread with TID = 140736536250048 read: Foosball Table
Thread with TID = 140736389449408 read: Compression Tights
Thread with TID = 140736525764288 read: Shorts
Thread with TID = 140736410420928 read: Ice Skates
Thread with TID = 140736441878208 read: Surfboard
Thread with TID = 140736420906688 read: Dip Bar
Thread with TID = 140736431392448 read: Roller Skates
Thread with TID = 140736483821248 read: Skipping Rope
Thread with TID = 140736473335488 read: Treadmill
Thread with TID = 140736494307008 read: Exercise Ball
Thread with TID = 140736378963648 read: Yoga Mat
Thread with TID = 140736368477888 read: Paddleboard
Thread with TID = 140736357992128 read: Shin Guards
Thread with TID = 140736253134528 read: Fishing Rod
Thread with TID = 140736232163008 read: Sandbag
Thread with TID = 140736295077568 read: Running Shoes
Thread with TID = 140736347506368 read: Mini Golf Set
Thread with TID = 140736221677248 read: Kayak
Thread with TID = 140736337020608 read: Cornhole Set
Thread with TID = 140736284591808 read: Agility Cones
Thread with TID = 140736263620288 read: Helmet
Thread with TID = 140736316049088 read: Jersey
Thread with TID = 140736274106048 read: Camping Tent
Thread with TID = 140736305563328 read: Swimming Goggles
Thread with TID = 140736326534848 read: Slamball
Thread with TID = 140736179734208 read: Table Tennis Paddle
Thread with TID = 140736190219968 read: Disc Golf
Thread with TID = 140736242648768 read: Hiking Boots
Thread with TID = 140736211191488 read: Punching Bag
Thread with TID = 140736200705728 read: Elbow Pads
Thread with TID = 140736169248448 read: Barbell
