Process PID: 13733
Thread with TID = 140737326876352 read: Cycling Shoes
Thread with TID = 140737119258304 read: Darts
Thread with TID = 140737305904832 read: Ski Poles
Thread with TID = 140737316390592 read: Rowing Machine
Thread with TID = 140737347847872 read: Pull-Up Bar
Thread with TID = 140737263961792 read: Power Tower
Thread with TID = 140737253476032 read: Elliptical Trainer
Thread with TID = 140737337362112 read: Resistance Bands
Thread with TID = 140737295419072 read: Sweatband
Thread with TID = 140737284933312 read: Exercise Bike
Thread with TID = 140737274447552 read: Parachute Trainer
Thread with TID = 140737242990272 read: Dumbbells
Thread with TID = 140737129744064 read: Battle Rope
Thread with TID = 140737108772544 read: Trampoline
Thread with TID = 140737232504512 read: Snowboard
Thread with TID = 140737140229824 read: Medicine Ball
Thread with TID = 140737098286784 read: Energy Gel
Thread with TID = 140737150715584 read: Sleeping Bag
Thread with TID = 140737016497856 read: Chess Clock
Thread with TID = 140736995526336 read: Balance Board
Thread with TID = 140737006012096 read: Kettlebell
Thread with TID = 140736985040576 read: Tracksuit
Thread with TID = 140736974554816 read: Baseball Bat
Thread with TID = 140736964069056 read: Pilates Ring
Thread with TID = 140736953583296 read: Basketball
Thread with TID = 140736932611776 read: Boxing Gloves
Thread with TID = 140736922126016 read: Hand Gripper
Thread with TID = 140736911640256 read: Rugby Ball
Thread with TID = 140736880182976 read: Badminton Racket
Thread with TID = 140736943097536 read: Cricket Bat
Thread with TID = 140736890668736 read: Arm Sleeves
Thread with TID = 140736859211456 read: Golf Club
Thread with TID = 140736848725696 read: Speed Ladder
Thread with TID = 140736901154496 read: Bicycle
Thread with TID = 140736817268416 read: Air Hockey Table
Thread with TID = 140736764839616 read: Foosball Table
Thread with TID = 140736869697216 read: Trekking Pole
Thread with TID = 140736754353856 read: Shorts
Thread with TID = 140736670467776 read: Surfboard
Thread with TID = 140736691439296 read: Game Timer
Thread with TID = 140736827754176 read: Weight Plates
Thread with TID = 140736733382336 read: Football
Thread with TID = 140736775325376 read: Horseshoes
Thread with TID = 140736838239936 read: Billiard Stick
Thread with TID = 140736680953536 read: Volleyball
Thread with TID = 140736722896576 read: Exercise Ball
Thread with TID = 140736701925056 read: Treadmill
Thread with TID = 140736743868096 read: Knee Pads
Thread with TID = 140736712410816 read: Skipping Rope
Thread with TID = 140736806782656 read: Training Vest
Thread with TID = 140736796296896 read: Tennis Racket
Thread with TID = 140736659982016 read: Roller Skates
Thread with TID = 140736515278528 read: Shin Guards
Thread with TID = 140736504792768 read: Mini Golf Set
Thread with TID = 140736525764288 read: Paddleboard
Thread with TID = 140736257328832 read: Swimming Goggles
Thread with TID = 140736246843072 read: Running Shoes
Thread with TID = 140736278300352 read: Slamball
Thread with TID = 140736546735808 read: Compression Tights
Thread with TID = 140736536250048 read: Yoga Mat
Thread with TID = 140736649496256 read: Dip Bar
Thread with TID = 140736236357312 read: Agility Cones
Thread with TID = 140736639010496 read: Ice Skates
Thread with TID = 140736628524736 read: Water Bottle
Thread with TID = 140736494307008 read: Cornhole Set
Thread with TID = 140736267814592 read: Jersey
Thread with TID = 140736785811136 read: Sports Drink
Thread with TID = 140736225871552 read: Camping Tent
Thread with TID = 140736402032320 read: Fishing Rod
Thread with TID = 140736391546560 read: Hiking Boots
Thread with TID = 140736412518080 read: Helmet
Thread with TID = 140736370575040 read: Kayak
Thread with TID = 140736215385792 read: Elbow Pads
Thread with TID = 140736381060800 read: Sandbag
Thread with TID = 140736360089280 read: Punching Bag
Thread with TID = 140736194414272 read: Table Tennis Paddle
Thread with TID = 140736183928512 read: Barbell
Thread with TID = 140736204900032 read: Disc Golf
