Process PID: 32714
Thread with TID = 140737347847872 read: Pull-Up Bar
Thread with TID = 140737337362112 read: Resistance Bands
Thread with TID = 140737316390592 read: Rowing Machine
Thread with TID = 140737196852928 read: Parachute Trainer
Thread with TID = 140737326876352 read: Cycling Shoes
Thread with TID = 140737165395648 read: Elliptical Trainer
Thread with TID = 140737186367168 read: Power Tower
Thread with TID = 140737305904832 read: Ski Poles
Thread with TID = 140737217824448 read: Sweatband
Thread with TID = 140737073120960 read: Snowboard
Thread with TID = 140737207338688 read: Exercise Bike
Thread with TID = 140737175881408 read: Darts
Thread with TID = 140737062635200 read: Sleeping Bag
Thread with TID = 140737052149440 read: Medicine Ball
Thread with TID = 140737083606720 read: Dumbbells
Thread with TID = 140737041663680 read: Battle Rope
Thread with TID = 140737031177920 read: Trampoline
Thread with TID = 140736949388992 read: Energy Gel
Thread with TID = 140736896960192 read: Baseball Bat
Thread with TID = 140736917931712 read: Balance Board
Thread with TID = 140736928417472 read: Kettlebell
Thread with TID = 140736907445952 read: Tracksuit
Thread with TID = 140736886474432 read: Pilates Ring
Thread with TID = 140736938903232 read: Chess Clock
Thread with TID = 140736875988672 read: Basketball
Thread with TID = 140736731285184 read: Cricket Bat
Thread with TID = 140736865502912 read: Boxing Gloves
Thread with TID = 140736855017152 read: Hand Gripper
Thread with TID = 140736844531392 read: Rugby Ball
Thread with TID = 140736834045632 read: Bicycle
Thread with TID = 140736748062400 read: Arm Sleeves
Thread with TID = 140736689342144 read: Speed Ladder
Thread with TID = 140736720799424 read: Badminton Racket
Thread with TID = 140736636913344 read: Tennis Racket
Thread with TID = 140736710313664 read: Trekking Pole
Thread with TID = 140736605456064 read: Foosball Table
Thread with TID = 140736573998784 read: Football
Thread with TID = 140736584484544 read: Knee Pads
Thread with TID = 140736563513024 read: Exercise Ball
Thread with TID = 140736553027264 read: Skipping Rope
Thread with TID = 140736699827904 read: Golf Club
Thread with TID = 140736511084224 read: Surfboard
Thread with TID = 140736500598464 read: Roller Skates
Thread with TID = 140736521569984 read: Volleyball
Thread with TID = 140736490112704 read: Dip Bar
Thread with TID = 140736479626944 read: Ice Skates
Thread with TID = 140736678856384 read: Billiard Stick
Thread with TID = 140736542541504 read: Treadmill
Thread with TID = 140736626427584 read: Sports Drink
Thread with TID = 140736615941824 read: Horseshoes
Thread with TID = 140736469141184 read: Water Bottle
Thread with TID = 140736668370624 read: Weight Plates
Thread with TID = 140736657884864 read: Air Hockey Table
Thread with TID = 140736532055744 read: Game Timer
Thread with TID = 140736594970304 read: Shorts
Thread with TID = 140736448169664 read: Yoga Mat
Thread with TID = 140736458655424 read: Compression Tights
Thread with TID = 140736334923456 read: Cornhole Set
Thread with TID = 140736313951936 read: Jersey
Thread with TID = 140736282494656 read: Agility Cones
Thread with TID = 140736647399104 read: Training Vest
Thread with TID = 140736292980416 read: Running Shoes
Thread with TID = 140736437683904 read: Paddleboard
Thread with TID = 140736251037376 read: Fishing Rod
Thread with TID = 140736427198144 read: Shin Guards
Thread with TID = 140736272008896 read: Camping Tent
Thread with TID = 140736261523136 read: Helmet
Thread with TID = 140736345409216 read: Mini Golf Set
Thread with TID = 140736303466176 read: Swimming Goggles
Thread with TID = 140736240551616 read: Hiking Boots
Thread with TID = 140736230065856 read: Sandbag
Thread with TID = 140736324437696 read: Slamball
Thread with TID = 140736219580096 read: Kayak
Thread with TID = 140736209094336 read: Punching Bag
Thread with TID = 140736198608576 read: Elbow Pads
Thread with TID = 140736188122816 read: Disc Golf
Thread with TID = 140736177637056 read: Table Tennis Paddle
Thread with TID = 140736167151296 read: Barbell
