Process PID: 133820
Thread with TID = 140737326876352 read: Cycling Shoes
Thread with TID = 140737305904832 read: Ski Poles
Thread with TID = 140737217824448 read: Sweatband
Thread with TID = 140737347847872 read: Pull-Up Bar
Thread with TID = 140737144424128 read: Snowboard
Thread with TID = 140737154909888 read: Dumbbells
Thread with TID = 140737337362112 read: Resistance Bands
Thread with TID = 140737071023808 read: Kettlebell
Thread with TID = 140737091995328 read: Energy Gel
Thread with TID = 140737316390592 read: Rowing Machine
Thread with TID = 140737133938368 read: Sleeping Bag
Thread with TID = 140737050052288 read: Tracksuit
Thread with TID = 140737207338688 read: Exercise Bike
Thread with TID = 140737039566528 read: Baseball Bat
Thread with TID = 140737196852928 read: Parachute Trainer
Thread with TID = 140737186367168 read: Power Tower
Thread with TID = 140737175881408 read: Darts
Thread with TID = 140737123452608 read: Medicine Ball
Thread with TID = 140737165395648 read: Elliptical Trainer
Thread with TID = 140737081509568 read: Chess Clock
Thread with TID = 140737112966848 read: Battle Rope
Thread with TID = 140737102481088 read: Trampoline
Thread with TID = 140736938903232 read: Basketball
Thread with TID = 140736917931712 read: Boxing Gloves
Thread with TID = 140736875988672 read: Arm Sleeves
Thread with TID = 140736949388992 read: Pilates Ring
Thread with TID = 140736896960192 read: Rugby Ball
Thread with TID = 140736886474432 read: Bicycle
Thread with TID = 140737060538048 read: Balance Board
Thread with TID = 140736865502912 read: Badminton Racket
Thread with TID = 140736928417472 read: Cricket Bat
Thread with TID = 140737029080768 read: Trekking Pole
Thread with TID = 140736720799424 read: Golf Club
Thread with TID = 140736582387392 read: Tennis Racket
Thread with TID = 140736699827904 read: Billiard Stick
Thread with TID = 140736613844672 read: Weight Plates
Thread with TID = 140736603358912 read: Air Hockey Table
Thread with TID = 140736710313664 read: Speed Ladder
Thread with TID = 140736592873152 read: Training Vest
Thread with TID = 140736571901632 read: Sports Drink
Thread with TID = 140736748062400 read: Horseshoes
Thread with TID = 140736737576640 read: Foosball Table
Thread with TID = 140736561415872 read: Shorts
Thread with TID = 140736550930112 read: Knee Pads
Thread with TID = 140736529958592 read: Exercise Ball
Thread with TID = 140736540444352 read: Football
Thread with TID = 140736855017152 read: Skipping Rope
Thread with TID = 140736844531392 read: Treadmill
Thread with TID = 140736907445952 read: Hand Gripper
Thread with TID = 140736834045632 read: Game Timer
Thread with TID = 140736498501312 read: Roller Skates
Thread with TID = 140736488015552 read: Dip Bar
Thread with TID = 140736425100992 read: Shin Guards
Thread with TID = 140736414615232 read: Mini Golf Set
Thread with TID = 140736309757632 read: Hiking Boots
Thread with TID = 140736519472832 read: Volleyball
Thread with TID = 140736299271872 read: Sandbag
Thread with TID = 140736320243392 read: Fishing Rod
Thread with TID = 140736288786112 read: Kayak
Thread with TID = 140736236357312 read: Barbell
Thread with TID = 140736267814592 read: Elbow Pads
Thread with TID = 140736508987072 read: Surfboard
Thread with TID = 140736257328832 read: Disc Golf
Thread with TID = 140736477529792 read: Ice Skates
Thread with TID = 140736278300352 read: Punching Bag
Thread with TID = 140736467044032 read: Water Bottle
Thread with TID = 140736456558272 read: Compression Tights
Thread with TID = 140736246843072 read: Table Tennis Paddle
Thread with TID = 140736446072512 read: Yoga Mat
Thread with TID = 140736435586752 read: Paddleboard
Thread with TID = 140736404129472 read: Cornhole Set
Thread with TID = 140736393643712 read: Slamball
Thread with TID = 140736383157952 read: Jersey
Thread with TID = 140736372672192 read: Swimming Goggles
Thread with TID = 140736362186432 read: Running Shoes
Thread with TID = 140736351700672 read: Agility Cones
Thread with TID = 140736341214912 read: Camping Tent
Thread with TID = 140736330729152 read: Helmet
