Process PID: 37225
Thread with TID = 133515066738368 read: Pull-Up Bar
Thread with TID = 133515003823808 read: Exercise Bike
Thread with TID = 133514982852288 read: Power Tower
Thread with TID = 133515045766848 read: Cycling Shoes
Thread with TID = 133514961880768 read: Elliptical Trainer
Thread with TID = 133514972366528 read: Darts
Thread with TID = 133514951395008 read: Dumbbells
Thread with TID = 133515056252608 read: Resistance Bands
Thread with TID = 133514930423488 read: Sleeping Bag
Thread with TID = 133515014309568 read: Sweatband
Thread with TID = 133514898966208 read: Trampoline
Thread with TID = 133514919937728 read: Medicine Ball
Thread with TID = 133514993338048 read: Parachute Trainer
Thread with TID = 133514940909248 read: Snowboard
Thread with TID = 133514867508928 read: Kettlebell
Thread with TID = 133515024795328 read: Ski Poles
Thread with TID = 133514846537408 read: Tracksuit
Thread with TID = 133515035281088 read: Rowing Machine
Thread with TID = 133514729096896 read: Cricket Bat
Thread with TID = 133514750068416 read: Pilates Ring
Thread with TID = 133514739582656 read: Basketball
Thread with TID = 133514857023168 read: Balance Board
Thread with TID = 133514909451968 read: Battle Rope
Thread with TID = 133514548741824 read: Bicycle
Thread with TID = 133514718611136 read: Boxing Gloves
Thread with TID = 133514888480448 read: Energy Gel
Thread with TID = 133514559227584 read: Rugby Ball
Thread with TID = 133514877994688 read: Chess Clock
Thread with TID = 133514708125376 read: Hand Gripper
Thread with TID = 133514760554176 read: Baseball Bat
Thread with TID = 133514414524096 read: Billiard Stick
Thread with TID = 133514506798784 read: Golf Club
Thread with TID = 133514425009856 read: Speed Ladder
Thread with TID = 133514527770304 read: Badminton Racket
Thread with TID = 133514320152256 read: Knee Pads
Thread with TID = 133514538256064 read: Arm Sleeves
Thread with TID = 133514299180736 read: Exercise Ball
Thread with TID = 133514372581056 read: Tennis Racket
Thread with TID = 133514383066816 read: Training Vest
Thread with TID = 133514404038336 read: Weight Plates
Thread with TID = 133514351609536 read: Horseshoes
Thread with TID = 133514341123776 read: Foosball Table
Thread with TID = 133514362095296 read: Sports Drink
Thread with TID = 133514517284544 read: Trekking Pole
Thread with TID = 133514330638016 read: Shorts
Thread with TID = 133514309666496       (read and found): ((Football))
Thread with TID = 133514288694976 read: Skipping Rope
Thread with TID = 133514246751936 read: Surfboard
Thread with TID = 133514278209216 read: Treadmill
Thread with TID = 133514257237696 read: Volleyball
Thread with TID = 133514267723456 read: Game Timer
Thread with TID = 133514183837376 read: Yoga Mat
Thread with TID = 133514393552576 read: Air Hockey Table
Thread with TID = 133514204808896 read: Water Bottle
Thread with TID = 133514215294656 read: Ice Skates
Thread with TID = 133514194323136 read: Compression Tights
Thread with TID = 133514236266176 read: Roller Skates
Thread with TID = 133514225780416 read: Dip Bar
Thread with TID = 133514152380096 read: Mini Golf Set
Thread with TID = 133514141894336 read: Cornhole Set
Thread with TID = 133514162865856 read: Shin Guards
Thread with TID = 133514120922816 read: Jersey
Thread with TID = 133514089465536 read: Agility Cones
Thread with TID = 133514173351616 read: Paddleboard
Thread with TID = 133514078979776 read: Camping Tent
Thread with TID = 133514099951296 read: Running Shoes
Thread with TID = 133514110437056 read: Swimming Goggles
Thread with TID = 133514131408576 read: Slamball
Thread with TID = 133514037036736 read: Sandbag
Thread with TID = 133513984607936 read: Table Tennis Paddle
Thread with TID = 133514068494016 read: Helmet
Thread with TID = 133514058008256 read: Fishing Rod
Thread with TID = 133513974122176 read: Barbell
Thread with TID = 133514026550976 read: Kayak
Thread with TID = 133513995093696 read: Disc Golf
Thread with TID = 133514016065216 read: Punching Bag
Thread with TID = 133514005579456 read: Elbow Pads
Thread with TID = 133514047522496 read: Hiking Boots
