Process PID: 35281
Thread with TID = 132514213529280 read: Sweatband
Thread with TID = 132514224015040 read: Ski Poles
Thread with TID = 132514244986560 read: Cycling Shoes
Thread with TID = 132514265958080 read: Pull-Up Bar
Thread with TID = 132514255472320 read: Resistance Bands
Thread with TID = 132514234500800 read: Rowing Machine
Thread with TID = 132514068825792 read: Snowboard
Thread with TID = 132514192557760 read: Parachute Trainer
Thread with TID = 132514182072000 read: Power Tower
Thread with TID = 132514100283072 read: Darts
Thread with TID = 132514089797312 read: Elliptical Trainer
Thread with TID = 132513831847616 read: Battle Rope
Thread with TID = 132514079311552 read: Dumbbells
Thread with TID = 132514047854272 read: Medicine Ball
Thread with TID = 132514203043520 read: Exercise Bike
Thread with TID = 132514058340032 read: Sleeping Bag
Thread with TID = 132513966065344 read: Trampoline
Thread with TID = 132513955579584 read: Energy Gel
Thread with TID = 132513945093824 read: Chess Clock
Thread with TID = 132513913636544 read: Tracksuit
Thread with TID = 132513934608064 read: Kettlebell
Thread with TID = 132513768933056 read: Hand Gripper
Thread with TID = 132513810876096 read: Pilates Ring
Thread with TID = 132513800390336 read: Basketball
Thread with TID = 132513821361856 read: Baseball Bat
Thread with TID = 132513789904576 read: Cricket Bat
Thread with TID = 132513747961536 read: Bicycle
Thread with TID = 132513758447296 read: Rugby Ball
Thread with TID = 132513924122304 read: Balance Board
Thread with TID = 132513779418816 read: Boxing Gloves
Thread with TID = 132513706018496 read: Golf Club
Thread with TID = 132513685046976 read: Billiard Stick
Thread with TID = 132513726990016 read: Badminton Racket
Thread with TID = 132513643103936 read: Tennis Racket
Thread with TID = 132513737475776 read: Arm Sleeves
Thread with TID = 132513716504256 read: Trekking Pole
Thread with TID = 132513622132416 read: Horseshoes
Thread with TID = 132513674561216 read: Weight Plates
Thread with TID = 132513664075456 read: Air Hockey Table
Thread with TID = 132513611646656 read: Foosball Table
Thread with TID = 132513559217856 read: Skipping Rope
Thread with TID = 132513632618176 read: Sports Drink
Thread with TID = 132513548732096 read: Treadmill
Thread with TID = 132513580189376 read: Football
Thread with TID = 132513653589696 read: Training Vest
Thread with TID = 132513527760576 read: Volleyball
Thread with TID = 132513601160896 read: Shorts
Thread with TID = 132513517274816 read: Surfboard
Thread with TID = 132513569703616 read: Exercise Ball
Thread with TID = 132513538246336 read: Game Timer
Thread with TID = 132513284490944 read: Dip Bar
Thread with TID = 132513590675136 read: Knee Pads
Thread with TID = 132513397737152 read: Shin Guards
Thread with TID = 132513093650112 read: Swimming Goggles
Thread with TID = 132513083164352 read: Running Shoes
Thread with TID = 132513062192832 read: Camping Tent
Thread with TID = 132513051707072 read: Helmet
Thread with TID = 132513072678592 read: Agility Cones
Thread with TID = 132513294976704 read: Roller Skates
Thread with TID = 132513429194432 read: Compression Tights
Thread with TID = 132513263519424 read: Water Bottle
Thread with TID = 132513418708672 read: Yoga Mat
Thread with TID = 132513408222912 read: Paddleboard
Thread with TID = 132513274005184 read: Ice Skates
Thread with TID = 132513387251392 read: Mini Golf Set
Thread with TID = 132513376765632 read: Cornhole Set
Thread with TID = 132513041221312 read: Fishing Rod
Thread with TID = 132513253033664 read: Slamball
Thread with TID = 132513242547904 read: Jersey
Thread with TID = 132513695532736 read: Speed Ladder
Thread with TID = 132512892323520 read: Hiking Boots
Thread with TID = 132512881837760 read: Sandbag
Thread with TID = 132512871352000 read: Kayak
Thread with TID = 132512860866240 read: Punching Bag
Thread with TID = 132512850380480 read: Elbow Pads
Thread with TID = 132512839894720 read: Disc Golf
Thread with TID = 132512758105792 read: Table Tennis Paddle
Thread with TID = 132512747620032 read: Barbell
