Process PID: 8755
Thread with TID = 124077633177280 read: Pull-Up Bar
Thread with TID = 124077612205760 read: Cycling Shoes
Thread with TID = 124077549291200 read: Power Tower
Thread with TID = 124077622691520 read: Resistance Bands
Thread with TID = 124077601720000 read: Rowing Machine
Thread with TID = 124077591234240 read: Ski Poles
Thread with TID = 124077538805440 read: Darts
Thread with TID = 124077580748480 read: Sweatband
Thread with TID = 124077559776960 read: Parachute Trainer
Thread with TID = 124077431850688 read: Snowboard
Thread with TID = 124077442336448 read: Dumbbells
Thread with TID = 124077570262720 read: Exercise Bike
Thread with TID = 124077528319680 read: Elliptical Trainer
Thread with TID = 124077421364928 read: Sleeping Bag
Thread with TID = 124077389907648 read: Trampoline
Thread with TID = 124077276661440 read: Balance Board
Thread with TID = 124077287147200 read: Kettlebell
Thread with TID = 124077266175680 read: Tracksuit
Thread with TID = 124077255689920 read: Baseball Bat
Thread with TID = 124077400393408 read: Battle Rope
Thread with TID = 124077410879168 read: Medicine Ball
Thread with TID = 124077308118720 read: Energy Gel
Thread with TID = 124077297632960 read: Chess Clock
Thread with TID = 124077029197504 read: Basketball
Thread with TID = 124077018711744 read: Cricket Bat
Thread with TID = 124076997740224 read: Hand Gripper
Thread with TID = 124077008225984 read: Boxing Gloves
Thread with TID = 124076987254464 read: Rugby Ball
Thread with TID = 124077039683264 read: Pilates Ring
Thread with TID = 124076976768704 read: Bicycle
Thread with TID = 124076966282944 read: Arm Sleeves
Thread with TID = 124076934825664 read: Golf Club
Thread with TID = 124076955797184 read: Badminton Racket
Thread with TID = 124076945311424 read: Trekking Pole
Thread with TID = 124076903368384 read: Weight Plates
Thread with TID = 124076892882624 read: Air Hockey Table
Thread with TID = 124076882396864 read: Training Vest
Thread with TID = 124076871911104 read: Tennis Racket
Thread with TID = 124076798510784 read: Exercise Ball
Thread with TID = 124076829968064 read: Shorts
Thread with TID = 124076913854144 read: Billiard Stick
Thread with TID = 124076861425344 read: Sports Drink
Thread with TID = 124076840453824 read: Foosball Table
Thread with TID = 124076850939584 read: Horseshoes
Thread with TID = 124076924339904 read: Speed Ladder
Thread with TID = 124076819482304 read: Knee Pads
Thread with TID = 124076808996544 read: Football
Thread with TID = 124076788025024 read: Skipping Rope
Thread with TID = 124076777539264 read: Treadmill
Thread with TID = 124076767053504 read: Game Timer
Thread with TID = 124076746081984 read: Surfboard
Thread with TID = 124076735596224 read: Roller Skates
Thread with TID = 124076756567744 read: Volleyball
Thread with TID = 124076704138944 read: Water Bottle
Thread with TID = 124076714624704 read: Ice Skates
Thread with TID = 124076693653184 read: Compression Tights
Thread with TID = 124076683167424 read: Yoga Mat
Thread with TID = 124076672681664 read: Paddleboard
Thread with TID = 124076725110464 read: Dip Bar
Thread with TID = 124076662195904 read: Shin Guards
Thread with TID = 124076641224384 read: Cornhole Set
Thread with TID = 124076651710144 read: Mini Golf Set
Thread with TID = 124076630738624 read: Slamball
Thread with TID = 124076609767104 read: Swimming Goggles
Thread with TID = 124076620252864 read: Jersey
Thread with TID = 124076599281344 read: Running Shoes
Thread with TID = 124076578309824 read: Camping Tent
Thread with TID = 124076588795584 read: Agility Cones
Thread with TID = 124076557338304 read: Fishing Rod
Thread with TID = 124076567824064 read: Helmet
Thread with TID = 124076546852544 read: Hiking Boots
Thread with TID = 124076536366784 read: Sandbag
Thread with TID = 124076525881024 read: Kayak
Thread with TID = 124076515395264 read: Punching Bag
Thread with TID = 124076494423744 read: Disc Golf
Thread with TID = 124076483937984 read: Table Tennis Paddle
Thread with TID = 124076473452224 read: Barbell
Thread with TID = 124076504909504 read: Elbow Pads
