Process PID: 4350
Thread with TID = 138817952548544 read: Spinning Top
Thread with TID = 138817942062784 read: Monopoly
Thread with TID = 138817963034304 read: Mini Pool Table
Thread with TID = 138817973520064 read: Dinosaur Toy
Thread with TID = 138817984005824 read: Marbles
Thread with TID = 138817931577024 read: Toy House
Thread with TID = 138817900119744 read: Toy Telescope
Thread with TID = 138817889633984 read: Plush Toy
Thread with TID = 138817879148224 read: Yo-Yo
Thread with TID = 138817711376064 read: Foam Sword
Thread with TID = 138817721861824 read: Toy Binoculars
Thread with TID = 138817858176704 read: Toy Submarine
Thread with TID = 138817837205184 read: Puzzle
Thread with TID = 138817921091264 read: Robot Toy
Thread with TID = 138817774290624 read: Basketball Hoop Toy
Thread with TID = 138817826719424 read: Action Hero Figure
Thread with TID = 138817784776384 read: Toy Fishing Set
Thread with TID = 138817868662464 read: Toy Crown
Thread with TID = 138817753319104 read: Action Figure
Thread with TID = 138817816233664 read: Jigsaw Puzzle
Thread with TID = 138817795262144 read: Slinky
Thread with TID = 138817732347584 read: Toy Ambulance
Thread with TID = 138817763804864 read: Bow and Arrow Set
Thread with TID = 138817805747904 read: Remote-Controlled Car
Thread with TID = 138817847690944 read: Toy Zoo
Thread with TID = 138817910605504 read: Water Gun
Thread with TID = 138817742833344 read: Toy Boat
Thread with TID = 138817994491584 read: Toy Camera
Thread with TID = 138817558283968 read: Toy Golf Set
Thread with TID = 138817648461504 read: Toy Vehicles
Thread with TID = 138817300334272 read: Toy Airplane
Thread with TID = 138817700890304 read: Toy Soldier Set
Thread with TID = 138817537312448 read: RC Helicopter
Thread with TID = 138817669433024 read: Teddy Bear
Thread with TID = 138817279362752 read: Play-Doh Set
Thread with TID = 138817568769728 read: Toy Car
Thread with TID = 138817403094720 read: Building Blocks
Thread with TID = 138817658947264 read: Toy Train
Thread with TID = 138817392608960 read: Wooden Blocks
Thread with TID = 138817516340928 read: Superhero Costume
Thread with TID = 138817289848512 read: Toy Drum Set
Thread with TID = 138817382123200 read: Toy Microscope
Thread with TID = 138817413580480 read: Lego Set
Thread with TID = 138817526826688 read: Toy Guitar
Thread with TID = 138817424066240 read: Toy Castle
Thread with TID = 138817690404544 read: Toy Gardening Tools
Thread with TID = 138817547798208 read: Board Game
Thread with TID = 138817268876992 read: Scrabble
Thread with TID = 138817679918784 read: Toy Kitchen Set
Thread with TID = 138817434552000 read: Toy Doctor Kit
Thread with TID = 138817010927296 read: Wooden Train Set
Thread with TID = 138817031898816 read: Princess Costume
Thread with TID = 138817021413056 read: Toy Garage
Thread with TID = 138817113687744 read: Toy Bowling Set
Thread with TID = 138817155630784 read: Rubik's Cube
Thread with TID = 138817145145024 read: Kite
Thread with TID = 138817258391232 read: Chess Set
Thread with TID = 138817134659264 read: Checkers
Thread with TID = 138817247905472 read: Toy Cooking Tools
Thread with TID = 138817166116544 read: Uno Cards
Thread with TID = 138817124173504 read: Toy Train Set
Thread with TID = 138816979470016 read: Toy Animals
Thread with TID = 138817000441536 read: Stuffed Animal
Thread with TID = 138816752977600 read: Toy Spaceship
Thread with TID = 138816887195328 read: Miniature Train Set
Thread with TID = 138816897681088 read: Slime Kit
Thread with TID = 138816989955776 read: Toy Fire Truck
Thread with TID = 138816845252288 read: Nerf Gun
Thread with TID = 138816866223808 read: Barbie Doll
Thread with TID = 138816876709568 read: Dart Board
Thread with TID = 138816763463360 read: Magic Kit
Thread with TID = 138816618759872 read: Toy Air Hockey Table
Thread with TID = 138816721520320 read: Mini Golf Set
Thread with TID = 138816608274112 read: Playing Cards
Thread with TID = 138816855738048 read: RC Drone
Thread with TID = 138816732006080 read: Bouncing Ball
Thread with TID = 138816629245632 read: Fairy Wand
Thread with TID = 138816711034560 read: Toy Police Car
Thread with TID = 138816742491840 read: Toy Farm Set
