Process PID: 17174
Thread with TID = 135204224108224 read: Toy Camera
Thread with TID = 135203745957568 read: Superhero Costume
Thread with TID = 135203756443328 read: Toy Guitar
Thread with TID = 135203840329408 read: Toy Kitchen Set
Thread with TID = 135203798386368 read: Toy Car
Thread with TID = 135203777414848 read: Board Game
Thread with TID = 135203693528768 read: Wooden Blocks
Thread with TID = 135203997615808 read: Puzzle
Thread with TID = 135203976644288 read: Jigsaw Puzzle
Thread with TID = 135203829843648 read: Teddy Bear
Thread with TID = 135203735471808 read: Toy Doctor Kit
Thread with TID = 135203672557248 read: Toy Airplane
Thread with TID = 135203766929088 read: RC Helicopter
Thread with TID = 135204018587328 read: Toy Submarine
Thread with TID = 135203850815168 read: Toy Gardening Tools
Thread with TID = 135203819357888 read: Toy Train
Thread with TID = 135203903243968 read: Toy Boat
Thread with TID = 135203787900608 read: Toy Golf Set
Thread with TID = 135203882272448 read: Toy Binoculars
Thread with TID = 135203620128448 read: Toy Cooking Tools
Thread with TID = 135204213622464 read: Marbles
Thread with TID = 135203892758208 read: Toy Ambulance
Thread with TID = 135203987130048 read: Action Hero Figure
Thread with TID = 135204060530368 read: Toy Telescope
Thread with TID = 135203924215488 read: Bow and Arrow Set
Thread with TID = 135203683043008 read: Toy Microscope
Thread with TID = 135204008101568 read: Toy Zoo
Thread with TID = 135203378955968 read: Mini Golf Set
Thread with TID = 135203724986048 read: Toy Castle
Thread with TID = 135204203136704 read: Dinosaur Toy
Thread with TID = 135203599156928 read: Rubik's Cube
Thread with TID = 135203368470208 read: Toy Police Car
Thread with TID = 135203630614208 read: Chess Set
Thread with TID = 135203357984448 read: Fairy Wand
Thread with TID = 135203431384768 read: Nerf Gun
Thread with TID = 135203399927488 read: Toy Farm Set
Thread with TID = 135204081501888 read: Robot Toy
Thread with TID = 135203609642688 read: Uno Cards
Thread with TID = 135203473327808 read: Miniature Train Set
Thread with TID = 135203641099968 read: Scrabble
Thread with TID = 135203389441728 read: Bouncing Ball
Thread with TID = 135203441870528 read: RC Drone
Thread with TID = 135204182165184 read: Spinning Top
Thread with TID = 135203536242368 read: Toy Garage
Thread with TID = 135203567699648 read: Toy Train Set
Thread with TID = 135203651585728 read: Play-Doh Set
Thread with TID = 135203578185408 read: Checkers
Thread with TID = 135203410413248 read: Toy Spaceship
Thread with TID = 135203588671168 read: Kite
Thread with TID = 135204039558848 read: Yo-Yo
Thread with TID = 135204029073088 read: Toy Crown
Thread with TID = 135203452356288 read: Barbie Doll
Thread with TID = 135203913729728 read: Action Figure
Thread with TID = 135203483813568 read: Slime Kit
Thread with TID = 135203420899008 read: Magic Kit
Thread with TID = 135203704014528 read: Building Blocks
Thread with TID = 135203504785088 read: Toy Fire Truck
Thread with TID = 135204071016128 read: Water Gun
Thread with TID = 135203546728128 read: Princess Costume
Thread with TID = 135203861300928 read: Toy Soldier Set
Thread with TID = 135204192650944 read: Mini Pool Table
Thread with TID = 135203515270848 read: Stuffed Animal
Thread with TID = 135203966158528 read: Remote-Controlled Car
Thread with TID = 135203462842048 read: Dart Board
Thread with TID = 135203945187008 read: Toy Fishing Set
Thread with TID = 135203808872128 read: Toy Vehicles
Thread with TID = 135203525756608 read: Wooden Train Set
Thread with TID = 135203337012928 read: Playing Cards
Thread with TID = 135203871786688 read: Foam Sword
Thread with TID = 135203714500288 read: Lego Set
Thread with TID = 135203494299328 read: Toy Animals
Thread with TID = 135203955672768 read: Slinky
Thread with TID = 135203934701248 read: Basketball Hoop Toy
Thread with TID = 135203557213888 read: Toy Bowling Set
Thread with TID = 135204050044608 read: Plush Toy
Thread with TID = 135204091987648 read: Toy House
Thread with TID = 135203662071488 read: Toy Drum Set
Thread with TID = 135204171679424 read: Monopoly
Thread with TID = 135203347498688 read: Toy Air Hockey Table
