Process PID: 12841
Thread with TID = 126657696368320 read: Toy Submarine
Thread with TID = 126657706854080 read: Toy Crown
Thread with TID = 126657832683200 read: Toy Camera
Thread with TID = 126657727825600 read: Plush Toy
Thread with TID = 126657759282880 read: Robot Toy
Thread with TID = 126657780254400 read: Monopoly
Thread with TID = 126657717339840 read: Yo-Yo
Thread with TID = 126657769768640 read: Toy House
Thread with TID = 126657685882560 read: Toy Zoo
Thread with TID = 126657811711680 read: Dinosaur Toy
Thread with TID = 126657790740160 read: Spinning Top
Thread with TID = 126657822197440 read: Marbles
Thread with TID = 126657801225920 read: Mini Pool Table
Thread with TID = 126657738311360 read: Toy Telescope
Thread with TID = 126657664911040 read: Action Hero Figure
Thread with TID = 126657612482240 read: Basketball Hoop Toy
Thread with TID = 126657633453760 read: Slinky
Thread with TID = 126657601996480 read: Bow and Arrow Set
Thread with TID = 126657654425280 read: Jigsaw Puzzle
Thread with TID = 126657622968000 read: Toy Fishing Set
Thread with TID = 126657421641408 read: Toy Binoculars
Thread with TID = 126657400669888 read: Toy Soldier Set
Thread with TID = 126657241286336 read: Toy Kitchen Set
Thread with TID = 126657442612928 read: Toy Boat
Thread with TID = 126657432127168 read: Toy Ambulance
Thread with TID = 126657643939520 read: Remote-Controlled Car
Thread with TID = 126657411155648 read: Foam Sword
Thread with TID = 126657230800576 read: Teddy Bear
Thread with TID = 126657591510720 read: Action Figure
Thread with TID = 126657390184128 read: Toy Gardening Tools
Thread with TID = 126656796690112 read: Toy Airplane
Thread with TID = 126656595363520 read: Uno Cards
Thread with TID = 126656807175872 read: Toy Microscope
Thread with TID = 126656786204352 read: Toy Drum Set
Thread with TID = 126656435979968 read: Kite
Thread with TID = 126657748797120 read: Water Gun
Thread with TID = 126656584877760 read: Rubik's Cube
Thread with TID = 126657209829056 read: Toy Vehicles
Thread with TID = 126656998016704 read: Toy Doctor Kit
Thread with TID = 126657199343296 read: Toy Car
Thread with TID = 126656616335040 read: Chess Set
Thread with TID = 126657188857536 read: Toy Golf Set
Thread with TID = 126656605849280 read: Toy Cooking Tools
Thread with TID = 126657008502464 read: Superhero Costume
Thread with TID = 126656637306560 read: Play-Doh Set
Thread with TID = 126656626820800 read: Scrabble
Thread with TID = 126656987530944 read: Toy Castle
Thread with TID = 126657220314816 read: Toy Train
Thread with TID = 126656817661632 read: Wooden Blocks
Thread with TID = 126657029473984 read: RC Helicopter
Thread with TID = 126657675396800 read: Puzzle
Thread with TID = 126657039959744 read: Board Game
Thread with TID = 126656828147392 read: Building Blocks
Thread with TID = 126656838633152 read: Lego Set
Thread with TID = 126657018988224 read: Toy Guitar
Thread with TID = 126656425494208 read: Checkers
Thread with TID = 126656033326784 read: Dart Board
Thread with TID = 126655811028672 read: Mini Golf Set
Thread with TID = 126656404522688 read: Toy Bowling Set
Thread with TID = 126656146572992 read: Toy Fire Truck
Thread with TID = 126656157058752 read: Stuffed Animal
Thread with TID = 126656394036928 read: Princess Costume
Thread with TID = 126656115115712 read: Miniature Train Set
Thread with TID = 126656383551168 read: Toy Garage
Thread with TID = 126656167544512 read: Wooden Train Set
Thread with TID = 126655821514432 read: Bouncing Ball
Thread with TID = 126655980897984 read: Toy Spaceship
Thread with TID = 126656001869504 read: Nerf Gun
Thread with TID = 126656415008448 read: Toy Train Set
Thread with TID = 126656125601472 read: Slime Kit
Thread with TID = 126656022841024 read: Barbie Doll
Thread with TID = 126655630673600 read: Playing Cards
Thread with TID = 126655832000192 read: Toy Farm Set
Thread with TID = 126655991383744 read: Magic Kit
Thread with TID = 126656136087232 read: Toy Animals
Thread with TID = 126655800542912 read: Toy Police Car
Thread with TID = 126655790057152 read: Fairy Wand
Thread with TID = 126656012355264 read: RC Drone
Thread with TID = 126655779571392 read: Toy Air Hockey Table
