Process PID: 11202
Thread with TID = 125316204857024 read: Dart Board
Thread with TID = 125316246800064 read: Spinning Top
Thread with TID = 125316370532032 read: Toy Kitchen Set
Thread with TID = 125316225828544 read: Wooden Blocks
Thread with TID = 125316360046272 read: Bouncing Ball
Thread with TID = 125316236314304 read: Toy Binoculars
Thread with TID = 125316391503552 read: Chess Set
Thread with TID = 125316401989312 read: Plush Toy
Thread with TID = 125316215342784 read: Miniature Train Set
Thread with TID = 125316194371264 read: Toy Crown
Thread with TID = 125316271965888 read: RC Helicopter
Thread with TID = 125316381017792 read: Remote-Controlled Car
Thread with TID = 125316412475072 read: Toy Fire Truck
Thread with TID = 125316433446592 read: Toy Telescope
Thread with TID = 125316173399744 read: Slime Kit
Thread with TID = 125316422960832 read: Teddy Bear
Thread with TID = 125316183885504 read: Action Hero Figure
Thread with TID = 125316162913984 read: Toy Police Car
Thread with TID = 125316152428224 read: Playing Cards
Thread with TID = 125316261480128 read: RC Drone
Thread with TID = 125316018210496 read: Toy Garage
Thread with TID = 125315848341184 read: Toy Castle
Thread with TID = 125315837855424 read: Toy Car
Thread with TID = 125315636528832 read: Toy Bowling Set
Thread with TID = 125316070639296 read: Slinky
Thread with TID = 125315626043072 read: Toy Boat
Thread with TID = 125316060153536 read: Toy Farm Set
Thread with TID = 125316049667776 read: Princess Costume
Thread with TID = 125316028696256 read: Play-Doh Set
Thread with TID = 125315869312704 read: Action Figure
Thread with TID = 125315533768384 read: Building Blocks
Thread with TID = 125315858826944 read: Toy Train Set
Thread with TID = 125315827369664 read: Toy Camera
Thread with TID = 125315667986112 read: Magic Kit
Thread with TID = 125315657500352 read: Toy Zoo
Thread with TID = 125315816883904 read: Toy Doctor Kit
Thread with TID = 125315647014592 read: Toy Ambulance
Thread with TID = 125315615557312 read: Toy Drum Set
Thread with TID = 125316039182016 read: Checkers
Thread with TID = 125315368093376 read: Puzzle
Thread with TID = 125315244361408 read: Jigsaw Puzzle
Thread with TID = 125315491825344 read: Lego Set
Thread with TID = 125315389064896 read: Toy Fishing Set
Thread with TID = 125315233875648 read: Toy Air Hockey Table
Thread with TID = 125315265332928 read: Monopoly
Thread with TID = 125315223389888 read: Stuffed Animal
Thread with TID = 125315254847168 read: Superhero Costume
Thread with TID = 125315523282624 read: Bow and Arrow Set
Thread with TID = 125315399550656 read: Toy Guitar
Thread with TID = 125315512796864 read: Yo-Yo
Thread with TID = 125315357607616 read: Scrabble
Thread with TID = 125315212904128 read: Kite
Thread with TID = 125315378579136 read: Mini Pool Table
Thread with TID = 125315502311104 read: Mini Golf Set
Thread with TID = 125315481339584 read: Toy Golf Set
Thread with TID = 125315202418368 read: Toy Vehicles
Thread with TID = 125315347121856 read: Toy House
Thread with TID = 125315191932608 read: Toy Submarine
Thread with TID = 125315149989568 read: Rubik's Cube
Thread with TID = 125315160475328 read: Wooden Train Set
Thread with TID = 125315087075008 read: Toy Soldier Set
Thread with TID = 125315108046528 read: Robot Toy
Thread with TID = 125315139503808 read: Toy Gardening Tools
Thread with TID = 125315129018048 read: Uno Cards
Thread with TID = 125315097560768 read: Marbles
Thread with TID = 125315118532288 read: Water Gun
Thread with TID = 125315170961088 read: Toy Spaceship
Thread with TID = 125315181446848 read: Foam Sword
Thread with TID = 125315076589248 read: Nerf Gun
Thread with TID = 125315045131968 read: Toy Train
Thread with TID = 125315055617728 read: Toy Microscope
Thread with TID = 125315034646208 read: Toy Airplane
Thread with TID = 125315013674688 read: Toy Animals
Thread with TID = 125315003188928 read: Toy Cooking Tools
Thread with TID = 125315024160448 read: Fairy Wand
Thread with TID = 125314971731648 read: Board Game
Thread with TID = 125314982217408 read: Dinosaur Toy
Thread with TID = 125315066103488 read: Barbie Doll
Thread with TID = 125314992703168 read: Basketball Hoop Toy
