Process PID: 8957
Thread with TID = 137040505079488 read: Toy Fire Truck
Thread with TID = 137040526051008 read: Toy Telescope
Thread with TID = 137040494593728 read: Plush Toy
Thread with TID = 137040515565248 read: Teddy Bear
Thread with TID = 137040473622208 read: Spinning Top
Thread with TID = 137040381347520 read: Wooden Blocks
Thread with TID = 137040370861760 read: Miniature Train Set
Thread with TID = 137040391833280 read: Toy Binoculars
Thread with TID = 137040360376000 read: Dart Board
Thread with TID = 137040484107968 read: Chess Set
Thread with TID = 137040257615552 read: Remote-Controlled Car
Thread with TID = 137040339404480 read: RC Helicopter
Thread with TID = 137040349890240 read: Toy Crown
Thread with TID = 137040247129792 read: Toy Kitchen Set
Thread with TID = 137040226158272 read: RC Drone
Thread with TID = 137040173729472 read: Slinky
Thread with TID = 137040215672512 read: Action Hero Figure
Thread with TID = 137040236644032 read: Bouncing Ball
Thread with TID = 137040194700992 read: Toy Police Car
Thread with TID = 137040205186752 read: Slime Kit
Thread with TID = 137040163243712 read: Toy Farm Set
Thread with TID = 137040184215232 read: Playing Cards
Thread with TID = 137040142272192 read: Checkers
Thread with TID = 137040152757952 read: Princess Costume
Thread with TID = 137040131786432 read: Play-Doh Set
Thread with TID = 137040121300672 read: Toy Garage
Thread with TID = 137040110814912 read: Action Figure
Thread with TID = 137040058386112 read: Toy Doctor Kit
Thread with TID = 137040037414592 read: Toy Zoo
Thread with TID = 137040026928832 read: Toy Ambulance
Thread with TID = 137040079357632 read: Toy Car
Thread with TID = 137040047900352 read: Magic Kit
Thread with TID = 137040016443072 read: Toy Bowling Set
Thread with TID = 137040005957312 read: Toy Boat
Thread with TID = 137040100329152 read: Toy Train Set
Thread with TID = 137040089843392 read: Toy Castle
Thread with TID = 137040068871872 read: Toy Camera
Thread with TID = 137039922071232 read: Toy Drum Set
Thread with TID = 137039911585472 read: Building Blocks
Thread with TID = 137039901099712 read: Bow and Arrow Set
Thread with TID = 137039890613952 read: Yo-Yo
Thread with TID = 137039869642432 read: Lego Set
Thread with TID = 137039880128192 read: Mini Golf Set
Thread with TID = 137039720744640 read: Toy Golf Set
Thread with TID = 137039678801600 read: Puzzle
Thread with TID = 137039699773120 read: Toy Fishing Set
Thread with TID = 137039668315840 read: Scrabble
Thread with TID = 137039452309184 read: Toy House
Thread with TID = 137039689287360 read: Mini Pool Table
Thread with TID = 137039431337664 read: Superhero Costume
Thread with TID = 137039441823424 read: Monopoly
Thread with TID = 137039420851904 read: Jigsaw Puzzle
Thread with TID = 137039710258880 read: Toy Guitar
Thread with TID = 137039410366144 read: Toy Air Hockey Table
Thread with TID = 137039399880384 read: Stuffed Animal
Thread with TID = 137039336965824 read: Wooden Train Set
Thread with TID = 137039305508544 read: Uno Cards
Thread with TID = 137039326480064 read: Rubik's Cube
Thread with TID = 137039315994304 read: Toy Gardening Tools
Thread with TID = 137039389394624 read: Kite
Thread with TID = 137039357937344 read: Foam Sword
Thread with TID = 137039295022784 read: Water Gun
Thread with TID = 137039284537024 read: Robot Toy
Thread with TID = 137039347451584 read: Toy Spaceship
Thread with TID = 137039368423104 read: Toy Submarine
Thread with TID = 137039378908864 read: Toy Vehicles
Thread with TID = 137039274051264 read: Marbles
Thread with TID = 137039253079744 read: Nerf Gun
Thread with TID = 137039221622464 read: Toy Train
Thread with TID = 137039263565504 read: Toy Soldier Set
Thread with TID = 137039232108224 read: Toy Microscope
Thread with TID = 137039190165184 read: Toy Animals
Thread with TID = 137039179679424 read: Toy Cooking Tools
Thread with TID = 137039242593984 read: Barbie Doll
Thread with TID = 137039169193664 read: Basketball Hoop Toy
Thread with TID = 137039211136704 read: Toy Airplane
Thread with TID = 137039200650944 read: Fairy Wand
Thread with TID = 137039158707904 read: Dinosaur Toy
Thread with TID = 137039148222144 read: Board Game
