Process PID: 13362
Thread with TID = 134536323139264 read: Spinning Top
Thread with TID = 134536333625024 read: Chess Set
Thread with TID = 134536260224704 read: RC Helicopter
Thread with TID = 134536302167744 read: Wooden Blocks
Thread with TID = 134536239253184 read: Toy Kitchen Set
Thread with TID = 134536344110784 read: Plush Toy
Thread with TID = 134536375568064 read: Toy Telescope
Thread with TID = 134536270710464 read: Toy Crown
Thread with TID = 134536281196224 read: Dart Board
Thread with TID = 134536218281664 read: RC Drone
Thread with TID = 134536354596544 read: Toy Fire Truck
Thread with TID = 134536312653504 read: Toy Binoculars
Thread with TID = 134536365082304 read: Teddy Bear
Thread with TID = 134536291681984 read: Miniature Train Set
Thread with TID = 134536228767424 read: Bouncing Ball
Thread with TID = 134536249738944 read: Remote-Controlled Car
Thread with TID = 134536186824384 read: Toy Police Car
Thread with TID = 134536090355392 read: Slinky
Thread with TID = 134536197310144 read: Slime Kit
Thread with TID = 134536079869632 read: Toy Farm Set
Thread with TID = 134536176338624 read: Playing Cards
Thread with TID = 134536207795904 read: Action Hero Figure
Thread with TID = 134536069383872 read: Princess Costume
Thread with TID = 134536058898112 read: Checkers
Thread with TID = 134535857571520 read: Toy Car
Thread with TID = 134535723353792 read: Toy Bowling Set
Thread with TID = 134535878543040 read: Toy Train Set
Thread with TID = 134535889028800 read: Action Figure
Thread with TID = 134535836600000 read: Toy Doctor Kit
Thread with TID = 134536037926592 read: Toy Garage
Thread with TID = 134535744325312 read: Toy Zoo
Thread with TID = 134535733839552 read: Toy Ambulance
Thread with TID = 134535847085760 read: Toy Camera
Thread with TID = 134535702382272 read: Toy Drum Set
Thread with TID = 134535754811072 read: Magic Kit
Thread with TID = 134535868057280 read: Toy Castle
Thread with TID = 134535712868032 read: Toy Boat
Thread with TID = 134536048412352 read: Play-Doh Set
Thread with TID = 134535681410752 read: Bow and Arrow Set
Thread with TID = 134535670924992 read: Yo-Yo
Thread with TID = 134535618496192 read: Toy Fishing Set
Thread with TID = 134535628981952 read: Toy Guitar
Thread with TID = 134535639467712 read: Toy Golf Set
Thread with TID = 134535649953472 read: Lego Set
Thread with TID = 134535691896512 read: Building Blocks
Thread with TID = 134535660439232 read: Mini Golf Set
Thread with TID = 134535608010432 read: Mini Pool Table
Thread with TID = 134535545095872 read: Jigsaw Puzzle
Thread with TID = 134535587038912 read: Scrabble
Thread with TID = 134535513638592 read: Kite
Thread with TID = 134535492667072 read: Toy Submarine
Thread with TID = 134535503152832 read: Toy Vehicles
Thread with TID = 134535482181312 read: Foam Sword
Thread with TID = 134535471695552 read: Toy Spaceship
Thread with TID = 134535461209792 read: Wooden Train Set
Thread with TID = 134535597524672 read: Puzzle
Thread with TID = 134535534610112 read: Toy Air Hockey Table
Thread with TID = 134535576553152 read: Toy House
Thread with TID = 134535566067392 read: Monopoly
Thread with TID = 134535555581632 read: Superhero Costume
Thread with TID = 134535524124352 read: Stuffed Animal
Thread with TID = 134535440238272 read: Toy Gardening Tools
Thread with TID = 134535387809472 read: Toy Soldier Set
Thread with TID = 134535450724032 read: Rubik's Cube
Thread with TID = 134535419266752 read: Water Gun
Thread with TID = 134535429752512 read: Uno Cards
Thread with TID = 134535366837952 read: Barbie Doll
Thread with TID = 134535356352192 read: Toy Microscope
Thread with TID = 134535408780992 read: Robot Toy
Thread with TID = 134535398295232 read: Marbles
Thread with TID = 134535345866432 read: Toy Train
Thread with TID = 134535377323712 read: Nerf Gun
Thread with TID = 134535335380672 read: Toy Airplane
Thread with TID = 134535324894912 read: Fairy Wand
Thread with TID = 134535314409152 read: Toy Animals
Thread with TID = 134535303923392 read: Toy Cooking Tools
Thread with TID = 134535293437632 read: Basketball Hoop Toy
Thread with TID = 134535282951872 read: Dinosaur Toy
Thread with TID = 134535272466112 read: Board Game
