Process PID: 15540
Thread with TID = 138243706193600 read: Teddy Bear
Thread with TID = 138243685222080 read: Plush Toy
Thread with TID = 138243590850240 read: Remote-Controlled Car
Thread with TID = 138243695707840 read: Toy Fire Truck
Thread with TID = 138243674736320 read: Chess Set
Thread with TID = 138243664250560 read: Spinning Top
Thread with TID = 138243653764800 read: Toy Binoculars
Thread with TID = 138243643279040 read: Wooden Blocks
Thread with TID = 138243632793280 read: Miniature Train Set
Thread with TID = 138243622307520 read: Dart Board
Thread with TID = 138243611821760 read: Toy Crown
Thread with TID = 138243601336000 read: RC Helicopter
Thread with TID = 138243580364480 read: Toy Kitchen Set
Thread with TID = 138243716679360 read: Toy Telescope
Thread with TID = 138243559392960 read: RC Drone
Thread with TID = 138243431466688 read: Slinky
Thread with TID = 138243420980928 read: Toy Farm Set
Thread with TID = 138243548907200 read: Action Hero Figure
Thread with TID = 138243569878720 read: Bouncing Ball
Thread with TID = 138243538421440 read: Slime Kit
Thread with TID = 138243452438208 read: Toy Police Car
Thread with TID = 138243441952448 read: Playing Cards
Thread with TID = 138243307734720 read: Toy Garage
Thread with TID = 138243297248960 read: Action Figure
Thread with TID = 138243286763200 read: Toy Train Set
Thread with TID = 138243410495168 read: Princess Costume
Thread with TID = 138243276277440 read: Toy Castle
Thread with TID = 138243265791680 read: Toy Car
Thread with TID = 138243400009408 read: Checkers
Thread with TID = 138243318220480 read: Play-Doh Set
Thread with TID = 138243244820160 read: Toy Doctor Kit
Thread with TID = 138243213362880 read: Toy Ambulance
Thread with TID = 138243223848640 read: Toy Zoo
Thread with TID = 138243255305920 read: Toy Camera
Thread with TID = 138243234334400 read: Magic Kit
Thread with TID = 138243192391360 read: Toy Boat
Thread with TID = 138243202877120 read: Toy Bowling Set
Thread with TID = 138243150448320 read: Yo-Yo
Thread with TID = 138243171419840 read: Building Blocks
Thread with TID = 138243098019520 read: Toy Fishing Set
Thread with TID = 138243139962560 read: Mini Golf Set
Thread with TID = 138243181905600 read: Toy Drum Set
Thread with TID = 138243129476800 read: Lego Set
Thread with TID = 138243118991040 read: Toy Golf Set
Thread with TID = 138243077048000 read: Puzzle
Thread with TID = 138243066562240 read: Scrabble
Thread with TID = 138243160934080 read: Bow and Arrow Set
Thread with TID = 138243108505280 read: Toy Guitar
Thread with TID = 138243087533760 read: Mini Pool Table
Thread with TID = 138243014133440 read: Toy Air Hockey Table
Thread with TID = 138243003647680 read: Stuffed Animal
Thread with TID = 138242993161920 read: Kite
Thread with TID = 138243024619200 read: Jigsaw Puzzle
Thread with TID = 138243056076480 read: Toy House
Thread with TID = 138243045590720 read: Monopoly
Thread with TID = 138243035104960 read: Superhero Costume
Thread with TID = 138242930247360 read: Rubik's Cube
Thread with TID = 138242940733120 read: Wooden Train Set
Thread with TID = 138242796029632 read: Toy Soldier Set
Thread with TID = 138242817001152 read: Robot Toy
Thread with TID = 138242982676160 read: Toy Vehicles
Thread with TID = 138242827486912 read: Water Gun
Thread with TID = 138242972190400 read: Toy Submarine
Thread with TID = 138242961704640 read: Foam Sword
Thread with TID = 138242848458432 read: Toy Gardening Tools
Thread with TID = 138242837972672 read: Uno Cards
Thread with TID = 138242806515392 read: Marbles
Thread with TID = 138242951218880 read: Toy Spaceship
Thread with TID = 138242785543872 read: Nerf Gun
Thread with TID = 138242775058112 read: Barbie Doll
Thread with TID = 138242764572352 read: Toy Microscope
Thread with TID = 138242733115072 read: Fairy Wand
Thread with TID = 138242712143552 read: Toy Cooking Tools
Thread with TID = 138242701657792 read: Basketball Hoop Toy
Thread with TID = 138242691172032 read: Dinosaur Toy
Thread with TID = 138242722629312 read: Toy Animals
Thread with TID = 138242754086592 read: Toy Train
Thread with TID = 138242743600832 read: Toy Airplane
Thread with TID = 138242680686272 read: Board Game
