Process PID: 6185
Thread with TID = 125075911083712 read: Toy Fire Truck
Thread with TID = 125075799934656 read: Toy Binoculars
Thread with TID = 125075747505856 read: RC Helicopter
Thread with TID = 125075900597952 read: Plush Toy
Thread with TID = 125075820906176 read: Chess Set
Thread with TID = 125075778963136 read: Miniature Train Set
Thread with TID = 125075757991616 read: Toy Crown
Thread with TID = 125075932055232 read: Toy Telescope
Thread with TID = 125075737020096 read: Remote-Controlled Car
Thread with TID = 125075716048576 read: Bouncing Ball
Thread with TID = 125075810420416 read: Spinning Top
Thread with TID = 125075726534336 read: Toy Kitchen Set
Thread with TID = 125075588122304 read: Playing Cards
Thread with TID = 125075705562816 read: RC Drone
Thread with TID = 125075577636544 read: Slinky
Thread with TID = 125075789448896 read: Wooden Blocks
Thread with TID = 125075619579584 read: Action Hero Figure
Thread with TID = 125075567150784 read: Toy Farm Set
Thread with TID = 125075609093824 read: Slime Kit
Thread with TID = 125075921569472 read: Teddy Bear
Thread with TID = 125075768477376 read: Dart Board
Thread with TID = 125075485361856 read: Princess Costume
Thread with TID = 125075340658368 read: Checkers
Thread with TID = 125075256772288 read: Toy Doctor Kit
Thread with TID = 125075319686848 read: Toy Garage
Thread with TID = 125075267258048 read: Toy Camera
Thread with TID = 125075172886208 read: Bow and Arrow Set
Thread with TID = 125075204343488 read: Toy Boat
Thread with TID = 125075225315008 read: Toy Ambulance
Thread with TID = 125075193857728 read: Toy Drum Set
Thread with TID = 125075330172608 read: Play-Doh Set
Thread with TID = 125075183371968 read: Building Blocks
Thread with TID = 125075298715328 read: Toy Train Set
Thread with TID = 125075235800768 read: Toy Zoo
Thread with TID = 125075288229568 read: Toy Castle
Thread with TID = 125075277743808 read: Toy Car
Thread with TID = 125075246286528 read: Magic Kit
Thread with TID = 125075309201088 read: Action Figure
Thread with TID = 125075474876096 read: Mini Golf Set
Thread with TID = 125075214829248 read: Toy Bowling Set
Thread with TID = 125075464390336 read: Lego Set
Thread with TID = 125075598608064 read: Toy Police Car
Thread with TID = 125075453904576 read: Toy Golf Set
Thread with TID = 125075443418816 read: Toy Guitar
Thread with TID = 125075432933056 read: Toy Fishing Set
Thread with TID = 125075162400448 read: Mini Pool Table
Thread with TID = 125075120457408 read: Monopoly
Thread with TID = 125075130943168 read: Toy House
Thread with TID = 125075089000128 read: Toy Air Hockey Table
Thread with TID = 125075099485888 read: Jigsaw Puzzle
Thread with TID = 125075047057088 read: Toy Submarine
Thread with TID = 125075151914688 read: Puzzle
Thread with TID = 125075057542848 read: Toy Vehicles
Thread with TID = 125075078514368 read: Stuffed Animal
Thread with TID = 125075109971648 read: Superhero Costume
Thread with TID = 125075141428928 read: Scrabble
Thread with TID = 125075068028608 read: Kite
Thread with TID = 125075015599808 read: Wooden Train Set
Thread with TID = 125075005114048 read: Rubik's Cube
Thread with TID = 125075351144128 read: Yo-Yo
Thread with TID = 125075026085568 read: Toy Spaceship
Thread with TID = 125074931713728 read: Nerf Gun
Thread with TID = 125074952685248 read: Marbles
Thread with TID = 125075036571328 read: Foam Sword
Thread with TID = 125074900256448 read: Toy Train
Thread with TID = 125074973656768 read: Water Gun
Thread with TID = 125074963171008 read: Robot Toy
Thread with TID = 125074921227968 read: Barbie Doll
Thread with TID = 125074994628288 read: Toy Gardening Tools
Thread with TID = 125074984142528 read: Uno Cards
Thread with TID = 125074910742208 read: Toy Microscope
Thread with TID = 125074868799168 read: Toy Animals
Thread with TID = 125074879284928 read: Fairy Wand
Thread with TID = 125074942199488 read: Toy Soldier Set
Thread with TID = 125074858313408 read: Toy Cooking Tools
Thread with TID = 125074889770688 read: Toy Airplane
Thread with TID = 125074847827648 read: Basketball Hoop Toy
Thread with TID = 125074837341888 read: Dinosaur Toy
Thread with TID = 125074826856128 read: Board Game
