Process PID: 18014
Thread with TID = 132214457108160 read: Toy Fire Truck
Thread with TID = 132214446622400 read: Plush Toy
Thread with TID = 132214304016064 read: Toy Crown
Thread with TID = 132214324987584 read: Miniature Train Set
Thread with TID = 132214478079680 read: Toy Telescope
Thread with TID = 132214283044544 read: Remote-Controlled Car
Thread with TID = 132214415165120 read: Toy Binoculars
Thread with TID = 132214293530304 read: RC Helicopter
Thread with TID = 132214314501824 read: Dart Board
Thread with TID = 132214425650880 read: Spinning Top
Thread with TID = 132214467593920 read: Teddy Bear
Thread with TID = 132214404679360 read: Wooden Blocks
Thread with TID = 132214190769856 read: Toy Kitchen Set
Thread with TID = 132214436136640 read: Chess Set
Thread with TID = 132214180284096 read: Bouncing Ball
Thread with TID = 132214169798336 read: Action Hero Figure
Thread with TID = 132214272558784 read: RC Drone
Thread with TID = 132214148826816 read: Toy Police Car
Thread with TID = 132213989443264 read: Slinky
Thread with TID = 132213968471744 read: Princess Costume
Thread with TID = 132213926528704 read: Action Figure
Thread with TID = 132214138341056 read: Playing Cards
Thread with TID = 132214159312576 read: Slime Kit
Thread with TID = 132213905557184 read: Toy Castle
Thread with TID = 132213884585664 read: Toy Camera
Thread with TID = 132213916042944 read: Toy Train Set
Thread with TID = 132213978957504 read: Toy Farm Set
Thread with TID = 132213947500224 read: Play-Doh Set
Thread with TID = 132213937014464 read: Toy Garage
Thread with TID = 132213853128384 read: Toy Zoo
Thread with TID = 132213874099904 read: Toy Doctor Kit
Thread with TID = 132213957985984 read: Checkers
Thread with TID = 132213863614144 read: Magic Kit
Thread with TID = 132213895071424 read: Toy Car
Thread with TID = 132213832156864 read: Toy Bowling Set
Thread with TID = 132213842642624 read: Toy Ambulance
Thread with TID = 132213811185344 read: Toy Drum Set
Thread with TID = 132213689550528 read: Lego Set
Thread with TID = 132213679064768 read: Toy Golf Set
Thread with TID = 132213821671104 read: Toy Boat
Thread with TID = 132213700036288 read: Mini Golf Set
Thread with TID = 132213616150208 read: Toy House
Thread with TID = 132213668579008 read: Toy Guitar
Thread with TID = 132213800699584 read: Building Blocks
Thread with TID = 132213626635968 read: Scrabble
Thread with TID = 132213658093248 read: Toy Fishing Set
Thread with TID = 132213721007808 read: Bow and Arrow Set
Thread with TID = 132213553235648 read: Kite
Thread with TID = 132213710522048 read: Yo-Yo
Thread with TID = 132213595178688 read: Superhero Costume
Thread with TID = 132213605664448 read: Monopoly
Thread with TID = 132213574207168 read: Toy Air Hockey Table
Thread with TID = 132213647607488 read: Mini Pool Table
Thread with TID = 132213542749888 read: Toy Vehicles
Thread with TID = 132213637121728 read: Puzzle
Thread with TID = 132213563721408 read: Stuffed Animal
Thread with TID = 132213532264128 read: Toy Submarine
Thread with TID = 132213584692928 read: Jigsaw Puzzle
Thread with TID = 132213521778368 read: Foam Sword
Thread with TID = 132213500806848 read: Wooden Train Set
Thread with TID = 132213479835328 read: Toy Gardening Tools
Thread with TID = 132213490321088 read: Rubik's Cube
Thread with TID = 132213448378048 read: Robot Toy
Thread with TID = 132213437892288 read: Marbles
Thread with TID = 132213458863808 read: Water Gun
Thread with TID = 132213416920768 read: Nerf Gun
Thread with TID = 132213511292608 read: Toy Spaceship
Thread with TID = 132213469349568 read: Uno Cards
Thread with TID = 132213427406528 read: Toy Soldier Set
Thread with TID = 132213343520448 read: Toy Cooking Tools
Thread with TID = 132213333034688 read: Basketball Hoop Toy
Thread with TID = 132213354006208 read: Toy Animals
Thread with TID = 132213322548928 read: Dinosaur Toy
Thread with TID = 132213385463488 read: Toy Train
Thread with TID = 132213406435008 read: Barbie Doll
Thread with TID = 132213312063168 read: Board Game
Thread with TID = 132213395949248 read: Toy Microscope
Thread with TID = 132213374977728 read: Toy Airplane
Thread with TID = 132213364491968 read: Fairy Wand
