Process PID: 136055
Thread with TID = 140737326876352 read: Toy Fire Truck
Thread with TID = 140737295419072 read: Spinning Top
Thread with TID = 140737274447552 read: Wooden Blocks
Thread with TID = 140737263961792 read: Miniature Train Set
Thread with TID = 140737242990272 read: Toy Crown
Thread with TID = 140737347847872 read: Toy Telescope
Thread with TID = 140737337362112 read: Teddy Bear
Thread with TID = 140737316390592 read: Plush Toy
Thread with TID = 140737253476032 read: Dart Board
Thread with TID = 140737284933312 read: Toy Binoculars
Thread with TID = 140737232504512 read: RC Helicopter
Thread with TID = 140737305904832 read: Chess Set
Thread with TID = 140737140229824 read: Toy Kitchen Set
Thread with TID = 140737150715584 read: Remote-Controlled Car
Thread with TID = 140736861308608 read: Slinky
Thread with TID = 140736871794368 read: Playing Cards
Thread with TID = 140736850822848 read: Toy Farm Set
Thread with TID = 140737129744064 read: Bouncing Ball
Thread with TID = 140737119258304 read: RC Drone
Thread with TID = 140736840337088 read: Princess Costume
Thread with TID = 140736829851328 read: Checkers
Thread with TID = 140737098286784 read: Slime Kit
Thread with TID = 140737108772544 read: Action Hero Figure
Thread with TID = 140736882280128 read: Toy Police Car
Thread with TID = 140736808879808 read: Toy Garage
Thread with TID = 140736787908288 read: Toy Train Set
Thread with TID = 140736777422528 read: Toy Castle
Thread with TID = 140736819365568 read: Play-Doh Set
Thread with TID = 140736798394048 read: Action Figure
Thread with TID = 140736766936768 read: Toy Car
Thread with TID = 140736756451008 read: Toy Camera
Thread with TID = 140736745965248 read: Toy Doctor Kit
Thread with TID = 140736693536448 read: Toy Boat
Thread with TID = 140736582387392 read: Yo-Yo
Thread with TID = 140736603358912 read: Building Blocks
Thread with TID = 140736592873152 read: Bow and Arrow Set
Thread with TID = 140736724993728 read: Toy Zoo
Thread with TID = 140736479626944 read: Toy Golf Set
Thread with TID = 140736469141184 read: Toy Guitar
Thread with TID = 140736714507968 read: Toy Ambulance
Thread with TID = 140736458655424 read: Toy Fishing Set
Thread with TID = 140736704022208 read: Toy Bowling Set
Thread with TID = 140736561415872 read: Lego Set
Thread with TID = 140736571901632 read: Mini Golf Set
Thread with TID = 140736735479488 read: Magic Kit
Thread with TID = 140736437683904 read: Puzzle
Thread with TID = 140736345409216 read: Toy House
Thread with TID = 140736427198144 read: Scrabble
Thread with TID = 140736613844672 read: Toy Drum Set
Thread with TID = 140736334923456 read: Monopoly
Thread with TID = 140736303466176 read: Toy Air Hockey Table
Thread with TID = 140736272008896 read: Toy Vehicles
Thread with TID = 140736261523136 read: Toy Submarine
Thread with TID = 140736292980416 read: Stuffed Animal
Thread with TID = 140736282494656 read: Kite
Thread with TID = 140736240551616 read: Toy Spaceship
Thread with TID = 140736324437696 read: Superhero Costume
Thread with TID = 140736219580096 read: Rubik's Cube
Thread with TID = 140736313951936 read: Jigsaw Puzzle
Thread with TID = 140736209094336 read: Toy Gardening Tools
Thread with TID = 140736448169664 read: Mini Pool Table
Thread with TID = 140736230065856 read: Wooden Train Set
Thread with TID = 140736251037376 read: Foam Sword
Thread with TID = 140736198608576 read: Uno Cards
Thread with TID = 140736177637056 read: Robot Toy
Thread with TID = 140736167151296 read: Marbles
Thread with TID = 140736156665536 read: Toy Soldier Set
Thread with TID = 140736188122816 read: Water Gun
Thread with TID = 140736146179776 read: Nerf Gun
Thread with TID = 140736135694016 read: Barbie Doll
Thread with TID = 140736104236736 read: Toy Airplane
Thread with TID = 140736114722496 read: Toy Train
Thread with TID = 140736093750976 read: Fairy Wand
Thread with TID = 140736062293696 read: Basketball Hoop Toy
Thread with TID = 140736125208256 read: Toy Microscope
Thread with TID = 140736083265216 read: Toy Animals
Thread with TID = 140736051807936 read: Dinosaur Toy
Thread with TID = 140736072779456 read: Toy Cooking Tools
Thread with TID = 140736041322176 read: Board Game
