Process PID: 9908
Thread with TID = 140737326876352 read: Toy Fire Truck
Thread with TID = 140737284933312 read: Toy Binoculars
Thread with TID = 140737263961792 read: Miniature Train Set
Thread with TID = 140737337362112 read: Teddy Bear
Thread with TID = 140737347847872 read: Toy Telescope
Thread with TID = 140737316390592 read: Plush Toy
Thread with TID = 140737274447552 read: Wooden Blocks
Thread with TID = 140737253476032 read: Dart Board
Thread with TID = 140737108772544 read: Toy Crown
Thread with TID = 140737242990272 read: RC Helicopter
Thread with TID = 140737305904832 read: Chess Set
Thread with TID = 140737295419072 read: Spinning Top
Thread with TID = 140737119258304 read: Action Hero Figure
Thread with TID = 140737129744064 read: RC Drone
Thread with TID = 140736882280128 read: Play-Doh Set
Thread with TID = 140736861308608 read: Action Figure
Thread with TID = 140737016497856 read: Toy Police Car
Thread with TID = 140736985040576 read: Toy Farm Set
Thread with TID = 140737098286784 read: Slime Kit
Thread with TID = 140736974554816 read: Princess Costume
Thread with TID = 140736871794368 read: Toy Garage
Thread with TID = 140736995526336 read: Slinky
Thread with TID = 140737232504512 read: Remote-Controlled Car
Thread with TID = 140736850822848 read: Toy Train Set
Thread with TID = 140736964069056 read: Checkers
Thread with TID = 140737140229824 read: Bouncing Ball
Thread with TID = 140737006012096 read: Playing Cards
Thread with TID = 140736840337088 read: Toy Castle
Thread with TID = 140737150715584 read: Toy Kitchen Set
Thread with TID = 140736829851328 read: Toy Car
Thread with TID = 140736748062400 read: Toy Camera
Thread with TID = 140736727090880 read: Magic Kit
Thread with TID = 140736695633600 read: Toy Bowling Set
Thread with TID = 140736716605120 read: Toy Zoo
Thread with TID = 140736737576640 read: Toy Doctor Kit
Thread with TID = 140736479626944 read: Lego Set
Thread with TID = 140736706119360 read: Toy Ambulance
Thread with TID = 140736592873152 read: Building Blocks
Thread with TID = 140736582387392 read: Bow and Arrow Set
Thread with TID = 140736571901632 read: Yo-Yo
Thread with TID = 140736603358912 read: Toy Drum Set
Thread with TID = 140736561415872 read: Mini Golf Set
Thread with TID = 140736613844672 read: Toy Boat
Thread with TID = 140736448169664 read: Toy Fishing Set
Thread with TID = 140736303466176 read: Jigsaw Puzzle
Thread with TID = 140736292980416 read: Toy Air Hockey Table
Thread with TID = 140736345409216 read: Scrabble
Thread with TID = 140736200705728 read: Kite
Thread with TID = 140736211191488 read: Stuffed Animal
Thread with TID = 140736190219968 read: Toy Vehicles
Thread with TID = 140736427198144 read: Puzzle
Thread with TID = 140736179734208 read: Toy Submarine
Thread with TID = 140736437683904 read: Mini Pool Table
Thread with TID = 140736169248448 read: Foam Sword
Thread with TID = 140736076973760 read: Wooden Train Set
Thread with TID = 140736469141184 read: Toy Golf Set
Thread with TID = 140736458655424 read: Toy Guitar
Thread with TID = 140736313951936 read: Superhero Costume
Thread with TID = 140736066488000 read: Rubik's Cube
Thread with TID = 140736158762688 read: Toy Spaceship
Thread with TID = 140736334923456 read: Toy House
Thread with TID = 140736324437696 read: Monopoly
Thread with TID = 140736056002240 read: Toy Gardening Tools
Thread with TID = 140736035030720 read: Water Gun
Thread with TID = 140735942756032 read: Marbles
Thread with TID = 140735932270272 read: Toy Soldier Set
Thread with TID = 140736045516480 read: Uno Cards
Thread with TID = 140735921784512 read: Nerf Gun
Thread with TID = 140736024544960 read: Robot Toy
Thread with TID = 140735911298752 read: Barbie Doll
Thread with TID = 140735890327232 read: Toy Train
Thread with TID = 140735900812992 read: Toy Microscope
Thread with TID = 140735808538304 read: Toy Airplane
Thread with TID = 140735798052544 read: Fairy Wand
Thread with TID = 140735787566784 read: Toy Animals
Thread with TID = 140735777081024 read: Toy Cooking Tools
Thread with TID = 140735766595264 read: Basketball Hoop Toy
Thread with TID = 140735756109504 read: Dinosaur Toy
Thread with TID = 140735674320576 read: Board Game
