Process PID: 123882
Thread with TID = 140737201047232 read: Bouncing Ball
Thread with TID = 140737337362112 read: Teddy Bear
Thread with TID = 140737295419072 read: Spinning Top
Thread with TID = 140737083606720 read: Toy Police Car
Thread with TID = 140737326876352 read: Toy Fire Truck
Thread with TID = 140737305904832 read: Chess Set
Thread with TID = 140737284933312 read: Toy Binoculars
Thread with TID = 140737062635200 read: Slinky
Thread with TID = 140737180075712 read: Action Hero Figure
Thread with TID = 140737274447552 read: Wooden Blocks
Thread with TID = 140737190561472 read: RC Drone
Thread with TID = 140737263961792 read: Miniature Train Set
Thread with TID = 140737253476032 read: Dart Board
Thread with TID = 140737169589952 read: Slime Kit
Thread with TID = 140737242990272 read: Toy Crown
Thread with TID = 140737073120960 read: Playing Cards
Thread with TID = 140737347847872 read: Toy Telescope
Thread with TID = 140737316390592 read: Plush Toy
Thread with TID = 140737232504512 read: RC Helicopter
Thread with TID = 140737222018752 read: Remote-Controlled Car
Thread with TID = 140737211532992 read: Toy Kitchen Set
Thread with TID = 140737052149440 read: Toy Farm Set
Thread with TID = 140736949388992 read: Play-Doh Set
Thread with TID = 140736928417472 read: Action Figure
Thread with TID = 140736938903232 read: Toy Garage
Thread with TID = 140736917931712 read: Toy Train Set
Thread with TID = 140736886474432 read: Toy Camera
Thread with TID = 140736907445952 read: Toy Castle
Thread with TID = 140737031177920 read: Checkers
Thread with TID = 140736720799424 read: Toy Zoo
Thread with TID = 140736710313664 read: Toy Ambulance
Thread with TID = 140736657884864 read: Bow and Arrow Set
Thread with TID = 140736896960192 read: Toy Car
Thread with TID = 140736699827904 read: Toy Bowling Set
Thread with TID = 140736626427584 read: Lego Set
Thread with TID = 140736668370624 read: Building Blocks
Thread with TID = 140736678856384 read: Toy Drum Set
Thread with TID = 140736615941824 read: Toy Golf Set
Thread with TID = 140736542541504 read: Monopoly
Thread with TID = 140736532055744 read: Superhero Costume
Thread with TID = 140736521569984 read: Jigsaw Puzzle
Thread with TID = 140736511084224 read: Toy Air Hockey Table
Thread with TID = 140736605456064 read: Toy Guitar
Thread with TID = 140736563513024 read: Scrabble
Thread with TID = 140736594970304 read: Toy Fishing Set
Thread with TID = 140736584484544 read: Mini Pool Table
Thread with TID = 140736553027264 read: Toy House
Thread with TID = 140736875988672 read: Toy Doctor Kit
Thread with TID = 140736865502912 read: Magic Kit
Thread with TID = 140736689342144 read: Toy Boat
Thread with TID = 140736573998784 read: Puzzle
Thread with TID = 140736647399104 read: Yo-Yo
Thread with TID = 140736748062400 read: Stuffed Animal
Thread with TID = 140736636913344 read: Mini Golf Set
Thread with TID = 140737041663680 read: Princess Costume
Thread with TID = 140736479626944 read: Rubik's Cube
Thread with TID = 140736500598464 read: Toy Spaceship
Thread with TID = 140736469141184 read: Toy Gardening Tools
Thread with TID = 140736844531392 read: Toy Vehicles
Thread with TID = 140736458655424 read: Uno Cards
Thread with TID = 140736855017152 read: Kite
Thread with TID = 140736834045632 read: Toy Submarine
Thread with TID = 140736490112704 read: Wooden Train Set
Thread with TID = 140736448169664 read: Water Gun
Thread with TID = 140736737576640 read: Foam Sword
Thread with TID = 140736427198144 read: Marbles
Thread with TID = 140736437683904 read: Robot Toy
Thread with TID = 140736374769344 read: Toy Train
Thread with TID = 140736385255104 read: Toy Microscope
Thread with TID = 140736364283584 read: Toy Airplane
Thread with TID = 140736353797824 read: Fairy Wand
Thread with TID = 140736343312064 read: Toy Animals
Thread with TID = 140736416712384 read: Toy Soldier Set
Thread with TID = 140736332826304 read: Toy Cooking Tools
Thread with TID = 140736301369024 read: Board Game
Thread with TID = 140736406226624 read: Nerf Gun
Thread with TID = 140736311854784 read: Dinosaur Toy
Thread with TID = 140736395740864 read: Barbie Doll
Thread with TID = 140736322340544 read: Basketball Hoop Toy
