Process PID: 32226
Thread with TID = 133257597290176 read: Teddy Bear
Thread with TID = 133257565832896 read: Chess Set
Thread with TID = 133257576318656 read: Plush Toy
Thread with TID = 133257555347136 read: Spinning Top
Thread with TID = 133257586804416 read: Toy Fire Truck
Thread with TID = 133257607775936 read: Toy Telescope
Thread with TID = 133257544861376 read: Toy Binoculars
Thread with TID = 133257465169600 read: Wooden Blocks
Thread with TID = 133257433712320 read: Toy Crown
Thread with TID = 133257423226560 read: RC Helicopter
Thread with TID = 133257444198080 read: Dart Board
Thread with TID = 133257454683840 read: Miniature Train Set
Thread with TID = 133257330951872 read: Toy Kitchen Set
Thread with TID = 133257299494592 read: Action Hero Figure
Thread with TID = 133257257551552 read: Slinky
Thread with TID = 133257278523072 read: Toy Police Car
Thread with TID = 133257268037312 read: Playing Cards
Thread with TID = 133257320466112 read: Bouncing Ball
Thread with TID = 133257247065792 read: Toy Farm Set
Thread with TID = 133257226094272 read: Checkers
Thread with TID = 133257215608512 read: Play-Doh Set
Thread with TID = 133257205122752 read: Toy Garage
Thread with TID = 133257412740800 read: Remote-Controlled Car
Thread with TID = 133257236580032 read: Princess Costume
Thread with TID = 133257018476224 read: Toy Camera
Thread with TID = 133257184151232 read: Toy Train Set
Thread with TID = 133257173665472 read: Toy Castle
Thread with TID = 133256907327168 read: Toy Ambulance
Thread with TID = 133256917812928 read: Toy Zoo
Thread with TID = 133256928298688 read: Toy Doctor Kit
Thread with TID = 133257309980352 read: RC Drone
Thread with TID = 133257007990464 read: Magic Kit
Thread with TID = 133257028961984 read: Toy Car
Thread with TID = 133257194636992 read: Action Figure
Thread with TID = 133257289008832 read: Slime Kit
Thread with TID = 133256896841408 read: Toy Bowling Set
Thread with TID = 133257163179712 read: Toy Boat
Thread with TID = 133257152693952 read: Toy Drum Set
Thread with TID = 133257062516416 read: Bow and Arrow Set
Thread with TID = 133257142208192 read: Building Blocks
Thread with TID = 133256886355648 read: Lego Set
Thread with TID = 133256875869888 read: Toy Golf Set
Thread with TID = 133257041544896 read: Mini Golf Set
Thread with TID = 133256794080960 read: Toy Guitar
Thread with TID = 133257052030656 read: Yo-Yo
Thread with TID = 133256752137920 read: Scrabble
Thread with TID = 133256741652160 read: Toy House
Thread with TID = 133256762623680 read: Puzzle
Thread with TID = 133256649377472 read: Superhero Costume
Thread with TID = 133256659863232 read: Monopoly
Thread with TID = 133256783595200 read: Toy Fishing Set
Thread with TID = 133256638891712 read: Jigsaw Puzzle
Thread with TID = 133256773109440 read: Mini Pool Table
Thread with TID = 133256628405952 read: Toy Air Hockey Table
Thread with TID = 133256607434432 read: Kite
Thread with TID = 133256596948672 read: Toy Vehicles
Thread with TID = 133256586462912 read: Toy Submarine
Thread with TID = 133256555005632 read: Wooden Train Set
Thread with TID = 133256544519872 read: Rubik's Cube
Thread with TID = 133256575977152 read: Foam Sword
Thread with TID = 133256502576832 read: Robot Toy
Thread with TID = 133256565491392 read: Toy Spaceship
Thread with TID = 133256534034112 read: Toy Gardening Tools
Thread with TID = 133256471119552 read: Nerf Gun
Thread with TID = 133256460633792 read: Barbie Doll
Thread with TID = 133256523548352 read: Uno Cards
Thread with TID = 133256617920192 read: Stuffed Animal
Thread with TID = 133256492091072 read: Marbles
Thread with TID = 133256513062592 read: Water Gun
Thread with TID = 133256481605312 read: Toy Soldier Set
Thread with TID = 133256450148032 read: Toy Microscope
Thread with TID = 133256418690752 read: Fairy Wand
Thread with TID = 133256387233472 read: Basketball Hoop Toy
Thread with TID = 133256439662272 read: Toy Train
Thread with TID = 133256429176512 read: Toy Airplane
Thread with TID = 133256408204992 read: Toy Animals
Thread with TID = 133256376747712 read: Dinosaur Toy
Thread with TID = 133256366261952 read: Board Game
Thread with TID = 133256397719232 read: Toy Cooking Tools
