Process PID: 30213
Thread with TID = 138794143581888 read: Teddy Bear
Thread with TID = 138794112124608 read: Chess Set
Thread with TID = 138794133096128 read: Toy Fire Truck
Thread with TID = 138794013558464 read: Spinning Top
Thread with TID = 138794003072704 read: Wooden Blocks
Thread with TID = 138793950643904 read: Remote-Controlled Car
Thread with TID = 138793940158144 read: Toy Kitchen Set
Thread with TID = 138793929672384 read: Bouncing Ball
Thread with TID = 138793919186624 read: RC Drone
Thread with TID = 138794101638848 read: Toy Binoculars
Thread with TID = 138793982101184 read: Dart Board
Thread with TID = 138793971615424 read: Toy Crown
Thread with TID = 138793961129664 read: RC Helicopter
Thread with TID = 138793992586944 read: Miniature Train Set
Thread with TID = 138793866757824 read: Slinky
Thread with TID = 138793908700864 read: Action Hero Figure
Thread with TID = 138793898215104 read: Slime Kit
Thread with TID = 138793887729344 read: Toy Police Car
Thread with TID = 138793877243584 read: Playing Cards
Thread with TID = 138794122610368 read: Plush Toy
Thread with TID = 138794154067648 read: Toy Telescope
Thread with TID = 138793856272064 read: Toy Farm Set
Thread with TID = 138793713665728 read: Toy Castle
Thread with TID = 138793824814784 read: Play-Doh Set
Thread with TID = 138793724151488 read: Toy Train Set
Thread with TID = 138793734637248 read: Action Figure
Thread with TID = 138793703179968 read: Toy Car
Thread with TID = 138793692694208 read: Toy Camera
Thread with TID = 138793610905280 read: Toy Doctor Kit
Thread with TID = 138793589933760 read: Toy Zoo
Thread with TID = 138793600419520 read: Magic Kit
Thread with TID = 138793579448000 read: Toy Ambulance
Thread with TID = 138793568962240 read: Toy Bowling Set
Thread with TID = 138793845786304 read: Princess Costume
Thread with TID = 138793835300544 read: Checkers
Thread with TID = 138793466201792 read: Building Blocks
Thread with TID = 138793745123008 read: Toy Garage
Thread with TID = 138793455716032 read: Bow and Arrow Set
Thread with TID = 138793558476480 read: Toy Boat
Thread with TID = 138793476687552 read: Toy Drum Set
Thread with TID = 138793445230272 read: Yo-Yo
Thread with TID = 138793424258752 read: Lego Set
Thread with TID = 138793434744512 read: Mini Golf Set
Thread with TID = 138793413772992 read: Toy Golf Set
Thread with TID = 138793361344192 read: Scrabble
Thread with TID = 138793403287232 read: Toy Guitar
Thread with TID = 138793392801472 read: Toy Fishing Set
Thread with TID = 138793382315712 read: Mini Pool Table
Thread with TID = 138793329886912 read: Superhero Costume
Thread with TID = 138793350858432 read: Toy House
Thread with TID = 138793371829952 read: Puzzle
Thread with TID = 138793340372672 read: Monopoly
Thread with TID = 138793319401152 read: Jigsaw Puzzle
Thread with TID = 138793308915392 read: Toy Air Hockey Table
Thread with TID = 138793298429632 read: Stuffed Animal
Thread with TID = 138793235515072 read: Wooden Train Set
Thread with TID = 138793266972352 read: Toy Submarine
Thread with TID = 138793193572032 read: Water Gun
Thread with TID = 138793246000832 read: Toy Spaceship
Thread with TID = 138793162114752 read: Toy Soldier Set
Thread with TID = 138793214543552 read: Toy Gardening Tools
Thread with TID = 138793183086272 read: Robot Toy
Thread with TID = 138793287943872 read: Kite
Thread with TID = 138793151628992 read: Nerf Gun
Thread with TID = 138793277458112 read: Toy Vehicles
Thread with TID = 138793256486592 read: Foam Sword
Thread with TID = 138793225029312 read: Rubik's Cube
Thread with TID = 138793204057792 read: Uno Cards
Thread with TID = 138793141143232 read: Barbie Doll
Thread with TID = 138793172600512 read: Marbles
Thread with TID = 138793130657472 read: Toy Microscope
Thread with TID = 138793109685952 read: Toy Airplane
Thread with TID = 138793120171712 read: Toy Train
Thread with TID = 138793099200192 read: Fairy Wand
Thread with TID = 138793078228672 read: Toy Cooking Tools
Thread with TID = 138793046771392 read: Board Game
Thread with TID = 138793057257152 read: Dinosaur Toy
Thread with TID = 138793088714432 read: Toy Animals
Thread with TID = 138793067742912 read: Basketball Hoop Toy
