Process PID: 13528
Thread with TID = 140737337362112 read: Teddy Bear
Thread with TID = 140737326876352 read: Toy Fire Truck
Thread with TID = 140737217824448 read: Toy Binoculars
Thread with TID = 140737196852928 read: Miniature Train Set
Thread with TID = 140737175881408 read: Toy Crown
Thread with TID = 140737161201344 read: Spinning Top
Thread with TID = 140737150715584 read: RC Helicopter
Thread with TID = 140737186367168 read: Dart Board
Thread with TID = 140737305904832 read: Chess Set
Thread with TID = 140737140229824 read: Remote-Controlled Car
Thread with TID = 140737098286784 read: Action Hero Figure
Thread with TID = 140737035372224 read: Princess Costume
Thread with TID = 140736949388992 read: Checkers
Thread with TID = 140737129744064 read: Toy Kitchen Set
Thread with TID = 140736938903232 read: Play-Doh Set
Thread with TID = 140736928417472 read: Toy Garage
Thread with TID = 140736917931712 read: Action Figure
Thread with TID = 140737087801024 read: Slime Kit
Thread with TID = 140737207338688 read: Wooden Blocks
Thread with TID = 140736886474432 read: Toy Car
Thread with TID = 140736896960192 read: Toy Castle
Thread with TID = 140737119258304 read: Bouncing Ball
Thread with TID = 140737316390592 read: Plush Toy
Thread with TID = 140737066829504 read: Playing Cards
Thread with TID = 140736907445952 read: Toy Train Set
Thread with TID = 140737108772544 read: RC Drone
Thread with TID = 140737056343744 read: Slinky
Thread with TID = 140737077315264 read: Toy Police Car
Thread with TID = 140737045857984 read: Toy Farm Set
Thread with TID = 140736741770944 read: Toy Camera
Thread with TID = 140737347847872 read: Toy Telescope
Thread with TID = 140736855017152 read: Toy Zoo
Thread with TID = 140736875988672 read: Toy Doctor Kit
Thread with TID = 140736865502912 read: Magic Kit
Thread with TID = 140736731285184 read: Toy Boat
Thread with TID = 140736844531392 read: Toy Ambulance
Thread with TID = 140736834045632 read: Toy Bowling Set
Thread with TID = 140736720799424 read: Toy Drum Set
Thread with TID = 140736710313664 read: Building Blocks
Thread with TID = 140736699827904 read: Bow and Arrow Set
Thread with TID = 140736613844672 read: Yo-Yo
Thread with TID = 140736603358912 read: Mini Golf Set
Thread with TID = 140736561415872 read: Toy Fishing Set
Thread with TID = 140736479626944 read: Mini Pool Table
Thread with TID = 140736469141184 read: Puzzle
Thread with TID = 140736592873152 read: Lego Set
Thread with TID = 140736427198144 read: Superhero Costume
Thread with TID = 140736582387392 read: Toy Golf Set
Thread with TID = 140736334923456 read: Toy Air Hockey Table
Thread with TID = 140736458655424 read: Scrabble
Thread with TID = 140736448169664 read: Toy House
Thread with TID = 140736437683904 read: Monopoly
Thread with TID = 140736324437696 read: Stuffed Animal
Thread with TID = 140736571901632 read: Toy Guitar
Thread with TID = 140736345409216 read: Jigsaw Puzzle
Thread with TID = 140736313951936 read: Kite
Thread with TID = 140736303466176 read: Toy Vehicles
Thread with TID = 140736292980416 read: Toy Submarine
Thread with TID = 140736261523136 read: Wooden Train Set
Thread with TID = 140736251037376 read: Rubik's Cube
Thread with TID = 140736219580096 read: Water Gun
Thread with TID = 140736230065856 read: Uno Cards
Thread with TID = 140736272008896 read: Toy Spaceship
Thread with TID = 140736209094336 read: Robot Toy
Thread with TID = 140736282494656 read: Foam Sword
Thread with TID = 140736188122816 read: Toy Soldier Set
Thread with TID = 140736240551616 read: Toy Gardening Tools
Thread with TID = 140736167151296 read: Barbie Doll
Thread with TID = 140736146179776 read: Toy Train
Thread with TID = 140736135694016 read: Toy Airplane
Thread with TID = 140736177637056 read: Nerf Gun
Thread with TID = 140736114722496 read: Toy Animals
Thread with TID = 140736093750976 read: Basketball Hoop Toy
Thread with TID = 140736072779456 read: Board Game
Thread with TID = 140736083265216 read: Dinosaur Toy
Thread with TID = 140736104236736 read: Toy Cooking Tools
Thread with TID = 140736125208256 read: Fairy Wand
Thread with TID = 140736156665536 read: Toy Microscope
Thread with TID = 140736198608576 read: Marbles
