Process PID: 27783
Thread with TID = 140737326876352 read: Toy Fire Truck
Thread with TID = 140737316390592 read: Plush Toy
Thread with TID = 140737305904832 read: Chess Set
Thread with TID = 140737284933312 read: Toy Binoculars
Thread with TID = 140737150715584 read: Remote-Controlled Car
Thread with TID = 140737263961792 read: Miniature Train Set
Thread with TID = 140737242990272 read: Toy Crown
Thread with TID = 140737347847872 read: Toy Telescope
Thread with TID = 140737232504512 read: RC Helicopter
Thread with TID = 140737337362112 read: Teddy Bear
Thread with TID = 140737295419072 read: Spinning Top
Thread with TID = 140737140229824 read: Toy Kitchen Set
Thread with TID = 140737119258304 read: RC Drone
Thread with TID = 140737006012096 read: Playing Cards
Thread with TID = 140737016497856 read: Toy Police Car
Thread with TID = 140737108772544 read: Action Hero Figure
Thread with TID = 140736985040576 read: Toy Farm Set
Thread with TID = 140736964069056 read: Checkers
Thread with TID = 140736974554816 read: Princess Costume
Thread with TID = 140737253476032 read: Dart Board
Thread with TID = 140737098286784 read: Slime Kit
Thread with TID = 140737129744064 read: Bouncing Ball
Thread with TID = 140737274447552 read: Wooden Blocks
Thread with TID = 140736995526336 read: Slinky
Thread with TID = 140736882280128 read: Play-Doh Set
Thread with TID = 140736871794368 read: Toy Garage
Thread with TID = 140736861308608 read: Action Figure
Thread with TID = 140736850822848 read: Toy Train Set
Thread with TID = 140736840337088 read: Toy Castle
Thread with TID = 140736829851328 read: Toy Car
Thread with TID = 140736737576640 read: Toy Doctor Kit
Thread with TID = 140736748062400 read: Toy Camera
Thread with TID = 140736695633600 read: Toy Bowling Set
Thread with TID = 140736727090880 read: Magic Kit
Thread with TID = 140736479626944 read: Lego Set
Thread with TID = 140736427198144 read: Puzzle
Thread with TID = 140736613844672 read: Toy Boat
Thread with TID = 140736416712384 read: Scrabble
Thread with TID = 140736395740864 read: Monopoly
Thread with TID = 140736458655424 read: Toy Guitar
Thread with TID = 140736592873152 read: Building Blocks
Thread with TID = 140736385255104 read: Superhero Costume
Thread with TID = 140736406226624 read: Toy House
Thread with TID = 140736706119360 read: Toy Ambulance
Thread with TID = 140736364283584 read: Toy Air Hockey Table
Thread with TID = 140736716605120 read: Toy Zoo
Thread with TID = 140736374769344 read: Jigsaw Puzzle
Thread with TID = 140736469141184 read: Toy Golf Set
Thread with TID = 140736603358912 read: Toy Drum Set
Thread with TID = 140736582387392 read: Bow and Arrow Set
Thread with TID = 140736571901632 read: Yo-Yo
Thread with TID = 140736561415872 read: Mini Golf Set
Thread with TID = 140736448169664 read: Toy Fishing Set
Thread with TID = 140736437683904 read: Mini Pool Table
Thread with TID = 140736343312064 read: Kite
Thread with TID = 140736332826304 read: Toy Vehicles
Thread with TID = 140736353797824 read: Stuffed Animal
Thread with TID = 140736311854784 read: Foam Sword
Thread with TID = 140736322340544 read: Toy Submarine
Thread with TID = 140736301369024 read: Toy Spaceship
Thread with TID = 140736238454464 read: Robot Toy
Thread with TID = 140736217482944 read: Toy Soldier Set
Thread with TID = 140736280397504 read: Rubik's Cube
Thread with TID = 140736186025664 read: Toy Microscope
Thread with TID = 140736206997184 read: Nerf Gun
Thread with TID = 140736196511424 read: Barbie Doll
Thread with TID = 140736269911744 read: Toy Gardening Tools
Thread with TID = 140736248940224 read: Water Gun
Thread with TID = 140736259425984 read: Uno Cards
Thread with TID = 140736102139584 read: Board Game
Thread with TID = 140736112625344 read: Dinosaur Toy
Thread with TID = 140736227968704 read: Marbles
Thread with TID = 140736123111104 read: Basketball Hoop Toy
Thread with TID = 140736154568384 read: Fairy Wand
Thread with TID = 140736144082624 read: Toy Animals
Thread with TID = 140736165054144 read: Toy Airplane
Thread with TID = 140736290883264 read: Wooden Train Set
Thread with TID = 140736175539904 read: Toy Train
Thread with TID = 140736133596864 read: Toy Cooking Tools
