Process PID: 35189
Thread with TID = 132514255472320 read: Teddy Bear
Thread with TID = 132514234500800 read: Plush Toy
Thread with TID = 132514244986560 read: Toy Fire Truck
Thread with TID = 132514224015040 read: Chess Set
Thread with TID = 132514213529280 read: Spinning Top
Thread with TID = 132514203043520 read: Toy Binoculars
Thread with TID = 132514182072000 read: Miniature Train Set
Thread with TID = 132514058340032 read: Toy Kitchen Set
Thread with TID = 132514100283072 read: Dart Board
Thread with TID = 132514068825792 read: Remote-Controlled Car
Thread with TID = 132514079311552 read: RC Helicopter
Thread with TID = 132514089797312 read: Toy Crown
Thread with TID = 132514047854272 read: Bouncing Ball
Thread with TID = 132514265958080 read: Toy Telescope
Thread with TID = 132513966065344 read: RC Drone
Thread with TID = 132513955579584 read: Action Hero Figure
Thread with TID = 132514192557760 read: Wooden Blocks
Thread with TID = 132513945093824 read: Slime Kit
Thread with TID = 132513934608064 read: Toy Police Car
Thread with TID = 132513913636544 read: Slinky
Thread with TID = 132513821361856 read: Princess Costume
Thread with TID = 132513810876096 read: Checkers
Thread with TID = 132513831847616 read: Toy Farm Set
Thread with TID = 132513789904576 read: Toy Garage
Thread with TID = 132513924122304 read: Playing Cards
Thread with TID = 132513779418816 read: Action Figure
Thread with TID = 132513800390336 read: Play-Doh Set
Thread with TID = 132513768933056 read: Toy Train Set
Thread with TID = 132513758447296 read: Toy Castle
Thread with TID = 132513747961536 read: Toy Car
Thread with TID = 132513706018496 read: Toy Zoo
Thread with TID = 132513716504256 read: Magic Kit
Thread with TID = 132513695532736 read: Toy Ambulance
Thread with TID = 132513685046976 read: Toy Bowling Set
Thread with TID = 132513737475776 read: Toy Camera
Thread with TID = 132513653589696 read: Building Blocks
Thread with TID = 132513674561216 read: Toy Boat
Thread with TID = 132513664075456 read: Toy Drum Set
Thread with TID = 132513726990016 read: Toy Doctor Kit
Thread with TID = 132513643103936 read: Bow and Arrow Set
Thread with TID = 132513632618176 read: Yo-Yo
Thread with TID = 132513611646656 read: Lego Set
Thread with TID = 132513622132416 read: Mini Golf Set
Thread with TID = 132513580189376 read: Toy Fishing Set
Thread with TID = 132513601160896 read: Toy Golf Set
Thread with TID = 132513569703616 read: Mini Pool Table
Thread with TID = 132513559217856 read: Puzzle
Thread with TID = 132513590675136 read: Toy Guitar
Thread with TID = 132513548732096 read: Scrabble
Thread with TID = 132513527760576 read: Monopoly
Thread with TID = 132513538246336 read: Toy House
Thread with TID = 132513517274816 read: Superhero Costume
Thread with TID = 132513506789056 read: Jigsaw Puzzle
Thread with TID = 132513454360256 read: Toy Submarine
Thread with TID = 132513433388736 read: Toy Spaceship
Thread with TID = 132513422902976 read: Wooden Train Set
Thread with TID = 132513475331776 read: Kite
Thread with TID = 132513412417216 read: Rubik's Cube
Thread with TID = 132513443874496 read: Foam Sword
Thread with TID = 132513485817536 read: Stuffed Animal
Thread with TID = 132513401931456 read: Toy Gardening Tools
Thread with TID = 132513370474176 read: Robot Toy
Thread with TID = 132513380959936 read: Water Gun
Thread with TID = 132513496303296 read: Toy Air Hockey Table
Thread with TID = 132513464846016 read: Toy Vehicles
Thread with TID = 132513391445696 read: Uno Cards
Thread with TID = 132513359988416 read: Marbles
Thread with TID = 132513349502656 read: Toy Soldier Set
Thread with TID = 132513339016896 read: Nerf Gun
Thread with TID = 132513328531136 read: Barbie Doll
Thread with TID = 132513318045376 read: Toy Microscope
Thread with TID = 132513297073856 read: Toy Airplane
Thread with TID = 132513307559616 read: Toy Train
Thread with TID = 132513286588096 read: Fairy Wand
Thread with TID = 132513276102336 read: Toy Animals
Thread with TID = 132513265616576 read: Toy Cooking Tools
Thread with TID = 132513255130816 read: Basketball Hoop Toy
Thread with TID = 132513244645056 read: Dinosaur Toy
Thread with TID = 132513234159296 read: Board Game
