Process PID: 37191
Thread with TID = 133515014309568 read: Spinning Top
Thread with TID = 133515003823808 read: Toy Binoculars
Thread with TID = 133514972366528 read: Dart Board
Thread with TID = 133514951395008 read: RC Helicopter
Thread with TID = 133515066738368 read: Toy Telescope
Thread with TID = 133515056252608 read: Teddy Bear
Thread with TID = 133515045766848 read: Toy Fire Truck
Thread with TID = 133514940909248 read: Remote-Controlled Car
Thread with TID = 133515035281088 read: Plush Toy
Thread with TID = 133515024795328 read: Chess Set
Thread with TID = 133514982852288 read: Miniature Train Set
Thread with TID = 133514909451968 read: RC Drone
Thread with TID = 133514817177280 read: Slime Kit
Thread with TID = 133514796205760 read: Playing Cards
Thread with TID = 133514930423488 read: Toy Kitchen Set
Thread with TID = 133514919937728 read: Bouncing Ball
Thread with TID = 133514827663040 read: Action Hero Figure
Thread with TID = 133514806691520 read: Toy Police Car
Thread with TID = 133514775234240 read: Toy Farm Set
Thread with TID = 133514693445312 read: Princess Costume
Thread with TID = 133514548741824 read: Checkers
Thread with TID = 133514785720000 read: Slinky
Thread with TID = 133514961880768 read: Toy Crown
Thread with TID = 133514682959552 read: Play-Doh Set
Thread with TID = 133514609559232 read: Toy Doctor Kit
Thread with TID = 133514672473792 read: Toy Garage
Thread with TID = 133514641016512 read: Toy Castle
Thread with TID = 133514620044992 read: Toy Camera
Thread with TID = 133514599073472 read: Magic Kit
Thread with TID = 133514578101952 read: Toy Ambulance
Thread with TID = 133514588587712 read: Toy Zoo
Thread with TID = 133514517284544 read: Building Blocks
Thread with TID = 133514661988032 read: Action Figure
Thread with TID = 133514630530752 read: Toy Car
Thread with TID = 133514527770304 read: Toy Drum Set
Thread with TID = 133514425009856 read: Yo-Yo
Thread with TID = 133514506798784 read: Bow and Arrow Set
Thread with TID = 133514651502272 read: Toy Train Set
Thread with TID = 133514567616192 read: Toy Bowling Set
Thread with TID = 133514538256064 read: Toy Boat
Thread with TID = 133514414524096 read: Mini Golf Set
Thread with TID = 133514993338048 read: Wooden Blocks
Thread with TID = 133514290792128 read: Lego Set
Thread with TID = 133514404038336 read: Toy Golf Set
Thread with TID = 133514372581056 read: Mini Pool Table
Thread with TID = 133514393552576 read: Toy Guitar
Thread with TID = 133514383066816 read: Toy Fishing Set
Thread with TID = 133514269820608 read: Scrabble
Thread with TID = 133514248849088 read: Monopoly
Thread with TID = 133514259334848 read: Toy House
Thread with TID = 133514217391808 read: Toy Air Hockey Table
Thread with TID = 133514280306368 read: Puzzle
Thread with TID = 133514154477248 read: Toy Spaceship
Thread with TID = 133514175448768 read: Toy Submarine
Thread with TID = 133514164963008 read: Foam Sword
Thread with TID = 133514206906048 read: Stuffed Animal
Thread with TID = 133514185934528 read: Toy Vehicles
Thread with TID = 133514227877568 read: Jigsaw Puzzle
Thread with TID = 133514196420288 read: Kite
Thread with TID = 133514133505728 read: Rubik's Cube
Thread with TID = 133514143991488 read: Wooden Train Set
Thread with TID = 133514081076928 read: Marbles
Thread with TID = 133514112534208 read: Uno Cards
Thread with TID = 133514102048448 read: Water Gun
Thread with TID = 133514091562688 read: Robot Toy
Thread with TID = 133514123019968 read: Toy Gardening Tools
Thread with TID = 133514238363328 read: Superhero Costume
Thread with TID = 133514070591168 read: Toy Soldier Set
Thread with TID = 133514060105408 read: Nerf Gun
Thread with TID = 133514018162368 read: Toy Airplane
Thread with TID = 133514039133888 read: Toy Microscope
Thread with TID = 133513986705088 read: Toy Cooking Tools
Thread with TID = 133513976219328 read: Basketball Hoop Toy
Thread with TID = 133514007676608 read: Fairy Wand
Thread with TID = 133513997190848 read: Toy Animals
Thread with TID = 133513965733568 read: Dinosaur Toy
Thread with TID = 133514049619648 read: Barbie Doll
Thread with TID = 133513955247808 read: Board Game
Thread with TID = 133514028648128 read: Toy Train
