Process PID: 8693
Thread with TID = 124077425559232 read: Wooden Blocks
Thread with TID = 124077436044992 read: Toy Binoculars
Thread with TID = 124077415073472 read: Miniature Train Set
Thread with TID = 124077404587712 read: Dart Board
Thread with TID = 124077383616192 read: RC Helicopter
Thread with TID = 124077622691520 read: Teddy Bear
Thread with TID = 124077394101952 read: Toy Crown
Thread with TID = 124077633177280 read: Toy Telescope
Thread with TID = 124077457016512 read: Chess Set
Thread with TID = 124077320701632 read: Checkers
Thread with TID = 124077488473792 read: Action Hero Figure
Thread with TID = 124077591234240 read: Toy Kitchen Set
Thread with TID = 124077498959552 read: RC Drone
Thread with TID = 124077509445312 read: Bouncing Ball
Thread with TID = 124077230524096 read: Toy Garage
Thread with TID = 124077477988032 read: Slime Kit
Thread with TID = 124077467502272 read: Toy Police Car
Thread with TID = 124077362644672 read: Playing Cards
Thread with TID = 124077331187392 read: Princess Costume
Thread with TID = 124077241009856 read: Play-Doh Set
Thread with TID = 124077373130432 read: Remote-Controlled Car
Thread with TID = 124077352158912 read: Slinky
Thread with TID = 124077341673152 read: Toy Farm Set
Thread with TID = 124077446530752 read: Spinning Top
Thread with TID = 124077220038336 read: Action Figure
Thread with TID = 124077612205760 read: Toy Fire Truck
Thread with TID = 124077601720000 read: Plush Toy
Thread with TID = 124077199066816 read: Toy Castle
Thread with TID = 124077096306368 read: Toy Doctor Kit
Thread with TID = 124077209552576 read: Toy Train Set
Thread with TID = 124077106792128 read: Toy Camera
Thread with TID = 124077085820608 read: Magic Kit
Thread with TID = 124076771247808 read: Lego Set
Thread with TID = 124077075334848 read: Toy Zoo
Thread with TID = 124076760762048 read: Toy Golf Set
Thread with TID = 124077064849088 read: Toy Ambulance
Thread with TID = 124077188581056 read: Toy Car
Thread with TID = 124076750276288 read: Toy Guitar
Thread with TID = 124077054363328 read: Toy Bowling Set
Thread with TID = 124076905465536 read: Toy Boat
Thread with TID = 124076863522496 read: Yo-Yo
Thread with TID = 124076894979776 read: Toy Drum Set
Thread with TID = 124076884494016 read: Building Blocks
Thread with TID = 124076853036736 read: Mini Golf Set
Thread with TID = 124076874008256 read: Bow and Arrow Set
Thread with TID = 124076569921216 read: Scrabble
Thread with TID = 124076559435456 read: Toy House
Thread with TID = 124076739790528 read: Toy Fishing Set
Thread with TID = 124076548949696 read: Monopoly
Thread with TID = 124076538463936 read: Superhero Costume
Thread with TID = 124076527978176 read: Jigsaw Puzzle
Thread with TID = 124076517492416 read: Toy Air Hockey Table
Thread with TID = 124076507006656 read: Stuffed Animal
Thread with TID = 124076496520896 read: Kite
Thread with TID = 124076729304768 read: Mini Pool Table
Thread with TID = 124076718819008 read: Puzzle
Thread with TID = 124076475549376 read: Toy Submarine
Thread with TID = 124076486035136 read: Toy Vehicles
Thread with TID = 124076465063616 read: Foam Sword
Thread with TID = 124076444092096 read: Wooden Train Set
Thread with TID = 124076391663296 read: Robot Toy
Thread with TID = 124076402149056 read: Water Gun
Thread with TID = 124076381177536 read: Marbles
Thread with TID = 124076423120576 read: Toy Gardening Tools
Thread with TID = 124076370691776 read: Toy Soldier Set
Thread with TID = 124076360206016 read: Nerf Gun
Thread with TID = 124076339234496 read: Toy Microscope
Thread with TID = 124076454577856 read: Toy Spaceship
Thread with TID = 124076318262976 read: Toy Airplane
Thread with TID = 124076349720256 read: Barbie Doll
Thread with TID = 124076412634816 read: Uno Cards
Thread with TID = 124076328748736 read: Toy Train
Thread with TID = 124076433606336 read: Rubik's Cube
Thread with TID = 124076276319936 read: Basketball Hoop Toy
Thread with TID = 124076265834176 read: Dinosaur Toy
Thread with TID = 124076297291456 read: Toy Animals
Thread with TID = 124076255348416 read: Board Game
Thread with TID = 124076307777216 read: Fairy Wand
Thread with TID = 124076286805696 read: Toy Cooking Tools
