Process PID: 12838
Thread with TID = 126657664911040 read: Laptop
Thread with TID = 126657643939520 read: Robot Vacuum
Thread with TID = 126657654425280 read: Gaming Router
Thread with TID = 126657675396800 read: Camera
Thread with TID = 126657706854080 read: Surface Pro
Thread with TID = 126657685882560 read: Fitness Tracker
Thread with TID = 126657790740160 read: External Hard Drive
Thread with TID = 126657822197440 read: Wireless Earbuds
Thread with TID = 126657696368320 read: Bluetooth Speaker
Thread with TID = 126657717339840 read: Streaming Webcam
Thread with TID = 126657633453760 read: Gaming Chair
Thread with TID = 126657727825600 read: E-Reader
Thread with TID = 126657801225920 read: Bluetooth Keyboard
Thread with TID = 126657832683200 read: 4K Monitor
Thread with TID = 126657549567680 read: Smart Glasses
Thread with TID = 126657528596160 read: Digital Frame
Thread with TID = 126657539081920 read: USB Hub
Thread with TID = 126657570539200 read: MacBook Air
Thread with TID = 126657769768640 read: Smartphone
Thread with TID = 126657581024960 read: Tablet
Thread with TID = 126657811711680 read: MacBook Pro
Thread with TID = 126657497138880 read: Smart Light Bulb
Thread with TID = 126657780254400 read: Wireless Microphone
Thread with TID = 126657560053440 read: Gaming Mouse
Thread with TID = 126657323075264 read: Electric Kettle
Thread with TID = 126657163691712 read: Smart Thermostat
Thread with TID = 126656549226176 read: LED Strip Lights
Thread with TID = 126657507624640 read: Digital Tape Measure
Thread with TID = 126657518110400 read: Wireless Mouse
Thread with TID = 126657132234432 read: iPhone11
Thread with TID = 126657759282880 read: Wi-Fi Extender
Thread with TID = 126657748797120 read: Electric Scooter
Thread with TID = 126656951879360 read: Wireless Charger
Thread with TID = 126657738311360 read: Drone
Thread with TID = 126656761038528 read: iPhone14
Thread with TID = 126656740067008 read: Noise-Canceling Headphones
Thread with TID = 126657455195840 read: GoPro
Thread with TID = 126657365018304 read: Tablet Stand
Thread with TID = 126657174177472 read: Galaxy S23
Thread with TID = 126657622968000 read: Headphones
Thread with TID = 126657601996480 read: Smart Doorbell
Thread with TID = 126657612482240 read: Electric Bike
Thread with TID = 126657153205952 read: Portable Projector
Thread with TID = 126657344046784 read: Smart Showerhead
Thread with TID = 126656941393600 read: Smartwatch
Thread with TID = 126657142720192 read: Mini Fridge
Thread with TID = 126657476167360 read: Speaker
Thread with TID = 126656750552768 read: Action Camera
Thread with TID = 126656972850880 read: Dash Cam
Thread with TID = 126657354532544 read: Airpod3
Thread with TID = 126657333561024 read: Mechanical Keyboard
Thread with TID = 126657486653120 read: Portable Charger
Thread with TID = 126656570197696 read: TV
Thread with TID = 126656528254656 read: Soundbar
Thread with TID = 126656347899584 read: Electric Blanket
Thread with TID = 126657121748672 read: Digital Alarm Clock
Thread with TID = 126656517768896 read: Smart Plug
Thread with TID = 126656326928064 read: Kindle Paperwhite
Thread with TID = 126656538740416 read: Home Security Camera
Thread with TID = 126656316442304 read: Gaming Monitor
Thread with TID = 126656368871104 read: Mini Drone
Thread with TID = 126656337413824 read: iPhone13
Thread with TID = 126656125601472 read: Solar Charger
Thread with TID = 126656167544512 read: Studio Monitor
Thread with TID = 126657465681600 read: Smart Water Bottle
Thread with TID = 126656358385344 read: Smart Home Hub
Thread with TID = 126656920422080 read: Smart Backpack
Thread with TID = 126656157058752 read: Portable Bluetooth Adapter
Thread with TID = 126657591510720 read: Echo Dot
Thread with TID = 126656136087232 read: Gaming Console
Thread with TID = 126656146572992 read: Power Bank
Thread with TID = 126657375504064 read: 3D Printer
Thread with TID = 126656930907840 read: Electric Standing Desk
Thread with TID = 126656559711936 read: Laser Projector
Thread with TID = 126656729581248 read: Streaming Stick
Thread with TID = 126656719095488 read: AirPods
Thread with TID = 126656771524288 read: HD Webcam
Thread with TID = 126656962365120 read: VR Headset
