Process PID: 4358
Thread with TID = 138817942062784 read: Wireless Microphone
Thread with TID = 138817826719424 read: Drone
Thread with TID = 138817931577024 read: Smartphone
Thread with TID = 138817816233664 read: E-Reader
Thread with TID = 138817952548544 read: External Hard Drive
Thread with TID = 138817413580480 read: USB Hub
Thread with TID = 138817403094720 read: Digital Frame
Thread with TID = 138817837205184 read: Electric Scooter
Thread with TID = 138817805747904 read: Streaming Webcam
Thread with TID = 138817671530176 read: Gaming Router
Thread with TID = 138817784776384 read: Bluetooth Speaker
Thread with TID = 138817682015936 read: Laptop
Thread with TID = 138817963034304 read: Bluetooth Keyboard
Thread with TID = 138817984005824 read: Wireless Earbuds
Thread with TID = 138817795262144 read: Surface Pro
Thread with TID = 138817702987456 read: Fitness Tracker
Thread with TID = 138817921091264 read: Wi-Fi Extender
Thread with TID = 138817973520064 read: MacBook Pro
Thread with TID = 138817547798208 read: Smart Doorbell
Thread with TID = 138817526826688 read: Tablet
Thread with TID = 138817568769728 read: Headphones
Thread with TID = 138817537312448 read: Echo Dot
Thread with TID = 138817692501696 read: Camera
Thread with TID = 138817558283968 read: Electric Bike
Thread with TID = 138817650558656 read: Gaming Chair
Thread with TID = 138817994491584 read: 4K Monitor
Thread with TID = 138817382123200 read: Digital Tape Measure
Thread with TID = 138817516340928 read: MacBook Air
Thread with TID = 138817661044416 read: Robot Vacuum
Thread with TID = 138817424066240 read: Smart Glasses
Thread with TID = 138817392608960 read: Wireless Mouse
Thread with TID = 138817434552000 read: Gaming Mouse
Thread with TID = 138817289848512 read: Portable Charger
Thread with TID = 138817279362752 read: Speaker
Thread with TID = 138817247905472 read: 3D Printer
Thread with TID = 138817166116544 read: Tablet Stand
Thread with TID = 138817258391232 read: GoPro
Thread with TID = 138817300334272 read: Smart Light Bulb
Thread with TID = 138817268876992 read: Smart Water Bottle
Thread with TID = 138817155630784 read: Airpod3
Thread with TID = 138817134659264 read: Mechanical Keyboard
Thread with TID = 138817113687744 read: Galaxy S23
Thread with TID = 138817124173504 read: Electric Kettle
Thread with TID = 138817145145024 read: Smart Showerhead
Thread with TID = 138816989955776 read: Digital Alarm Clock
Thread with TID = 138816979470016 read: Dash Cam
Thread with TID = 138816887195328 read: Wireless Charger
Thread with TID = 138816897681088 read: VR Headset
Thread with TID = 138816742491840 read: Noise-Canceling Headphones
Thread with TID = 138816360810176 read: Smart Home Hub
Thread with TID = 138816350324416 read: Electric Blanket
Thread with TID = 138816318867136 read: Gaming Monitor
Thread with TID = 138816329352896 read: Kindle Paperwhite
Thread with TID = 138816876709568 read: Smartwatch
Thread with TID = 138816308381376 read: Studio Monitor
Thread with TID = 138816159483584 read: Portable Bluetooth Adapter
Thread with TID = 138817021413056 read: Portable Projector
Thread with TID = 138817000441536 read: iPhone11
Thread with TID = 138816128026304 read: Solar Charger
Thread with TID = 138816138512064 read: Gaming Console
Thread with TID = 138816711034560 read: TV
Thread with TID = 138816148997824 read: Power Bank
Thread with TID = 138816541165248 read: Home Security Camera
Thread with TID = 138817010927296 read: Mini Fridge
Thread with TID = 138816866223808 read: Electric Standing Desk
Thread with TID = 138816855738048 read: Smart Backpack
Thread with TID = 138816339838656 read: iPhone13
Thread with TID = 138817031898816 read: Smart Thermostat
Thread with TID = 138816845252288 read: HD Webcam
Thread with TID = 138816752977600 read: Action Camera
Thread with TID = 138816763463360 read: iPhone14
Thread with TID = 138816551651008 read: LED Strip Lights
Thread with TID = 138816509707968 read: Mini Drone
Thread with TID = 138816520193728 read: Smart Plug
Thread with TID = 138816530679488 read: Soundbar
Thread with TID = 138816732006080 read: Streaming Stick
Thread with TID = 138816562136768 read: Laser Projector
Thread with TID = 138816721520320 read: AirPods
