Process PID: 11250
Thread with TID = 125316422960832 read: Mini Drone
Thread with TID = 125316391503552 read: Gaming Router
Thread with TID = 125316381017792 read: Mini Fridge
Thread with TID = 125316433446592 read: Action Camera
Thread with TID = 125316401989312 read: Dash Cam
Thread with TID = 125316370532032 read: Smart Thermostat
Thread with TID = 125316412475072 read: Speaker
Thread with TID = 125316360046272 read: E-Reader
Thread with TID = 125316230022848 read: Bluetooth Keyboard
Thread with TID = 125316240508608 read: iPhone14
Thread with TID = 125316271965888 read: Electric Scooter
Thread with TID = 125316064347840 read: Portable Projector
Thread with TID = 125316095805120 read: TV
Thread with TID = 125316074833600 read: Electric Blanket
Thread with TID = 125316106290880 read: Digital Tape Measure
Thread with TID = 125316219537088 read: Mechanical Keyboard
Thread with TID = 125316137748160 read: Soundbar
Thread with TID = 125316261480128 read: Electric Kettle
Thread with TID = 125316043376320 read: iPhone13
Thread with TID = 125316053862080 read: Tablet
Thread with TID = 125316127262400 read: Digital Frame
Thread with TID = 125316116776640 read: Home Security Camera
Thread with TID = 125316085319360 read: MacBook Air
Thread with TID = 125316022404800 read: Bluetooth Speaker
Thread with TID = 125316032890560 read: LED Strip Lights
Thread with TID = 125316250994368 read: Portable Bluetooth Adapter
Thread with TID = 125316011919040 read: Headphones
Thread with TID = 125315980461760 read: Electric Standing Desk
Thread with TID = 125315938518720 read: Gaming Chair
Thread with TID = 125315928032960 read: USB Hub
Thread with TID = 125315959490240 read: Streaming Webcam
Thread with TID = 125315896575680 read: Laser Projector
Thread with TID = 125315990947520 read: Digital Alarm Clock
Thread with TID = 125315886089920 read: Wireless Mouse
Thread with TID = 125315875604160 read: Smartwatch
Thread with TID = 125315907061440 read: Portable Charger
Thread with TID = 125315949004480 read: Smart Backpack
Thread with TID = 125316001433280 read: AirPods
Thread with TID = 125315865118400 read: Camera
Thread with TID = 125315917547200 read: Robot Vacuum
Thread with TID = 125315854632640 read: Solar Charger
Thread with TID = 125315844146880 read: Electric Bike
Thread with TID = 125315823175360 read: Streaming Stick
Thread with TID = 125315833661120 read: MacBook Pro
Thread with TID = 125315600877248 read: VR Headset
Thread with TID = 125315969976000 read: 3D Printer
Thread with TID = 125315724609216 read: GoPro
Thread with TID = 125315714123456 read: Wireless Earbuds
Thread with TID = 125315735094976 read: Power Bank
Thread with TID = 125315703637696 read: Studio Monitor
Thread with TID = 125315693151936 read: Gaming Monitor
Thread with TID = 125315590391488 read: Echo Dot
Thread with TID = 125315682666176 read: Wi-Fi Extender
Thread with TID = 125315548448448 read: Smart Showerhead
Thread with TID = 125315516991168 read: Fitness Tracker
Thread with TID = 125315506505408 read: iPhone11
Thread with TID = 125315485533888 read: Gaming Mouse
Thread with TID = 125315537962688 read: Drone
Thread with TID = 125315579905728 read: Smart Glasses
Thread with TID = 125315527476928 read: Kindle Paperwhite
Thread with TID = 125315569419968 read: Wireless Charger
Thread with TID = 125315558934208 read: 4K Monitor
Thread with TID = 125315496019648 read: Airpod3
Thread with TID = 125315475048128 read: Smartphone
Thread with TID = 125315464562368 read: Smart Light Bulb
Thread with TID = 125315454076608 read: Wireless Microphone
Thread with TID = 125315433105088 read: Galaxy S23
Thread with TID = 125315380676288 read: Smart Water Bottle
Thread with TID = 125315370190528 read: Noise-Canceling Headphones
Thread with TID = 125315401647808 read: Laptop
Thread with TID = 125315391162048 read: Surface Pro
Thread with TID = 125315328247488 read: Tablet Stand
Thread with TID = 125315359704768 read: Gaming Console
Thread with TID = 125315443590848 read: Smart Home Hub
Thread with TID = 125315338733248 read: Smart Plug
Thread with TID = 125315422619328 read: HD Webcam
Thread with TID = 125315412133568 read: Smart Doorbell
Thread with TID = 125315349219008 read: External Hard Drive
