Process PID: 9060
Thread with TID = 137040257615552 read: Mini Fridge
Thread with TID = 137040391833280 read: E-Reader
Thread with TID = 137040349890240 read: iPhone14
Thread with TID = 137040360376000 read: Portable Bluetooth Adapter
Thread with TID = 137040370861760 read: Electric Kettle
Thread with TID = 137040381347520 read: Electric Scooter
Thread with TID = 137040473622208 read: Smart Thermostat
Thread with TID = 137040494593728 read: Dash Cam
Thread with TID = 137040526051008 read: Action Camera
Thread with TID = 137040484107968 read: Gaming Router
Thread with TID = 137040505079488 read: Speaker
Thread with TID = 137040515565248 read: Mini Drone
Thread with TID = 137040236644032 read: Soundbar
Thread with TID = 137040339404480 read: Bluetooth Keyboard
Thread with TID = 137040226158272 read: Digital Frame
Thread with TID = 137040247129792 read: Mechanical Keyboard
Thread with TID = 137040215672512 read: Home Security Camera
Thread with TID = 137040123397824 read: TV
Thread with TID = 137040112912064 read: MacBook Air
Thread with TID = 137040102426304 read: Electric Blanket
Thread with TID = 137040205186752 read: Digital Tape Measure
Thread with TID = 137040091940544 read: Portable Projector
Thread with TID = 137039787853504 read: LED Strip Lights
Thread with TID = 137040081454784 read: Tablet
Thread with TID = 137039777367744 read: Bluetooth Speaker
Thread with TID = 137039766881984 read: Headphones
Thread with TID = 137039724938944 read: 3D Printer
Thread with TID = 137040070969024 read: iPhone13
Thread with TID = 137039745910464 read: Digital Alarm Clock
Thread with TID = 137039756396224 read: AirPods
Thread with TID = 137039714453184 read: Streaming Webcam
Thread with TID = 137039693481664 read: Gaming Chair
Thread with TID = 137039735424704 read: Electric Standing Desk
Thread with TID = 137039703967424 read: Smart Backpack
Thread with TID = 137039662024384 read: Portable Charger
Thread with TID = 137039651538624 read: Laser Projector
Thread with TID = 137039682995904 read: USB Hub
Thread with TID = 137039672510144 read: Robot Vacuum
Thread with TID = 137039641052864 read: Wireless Mouse
Thread with TID = 137039630567104 read: Smartwatch
Thread with TID = 137039599109824 read: Electric Bike
Thread with TID = 137039588624064 read: MacBook Pro
Thread with TID = 137039620081344 read: Camera
Thread with TID = 137039567652544 read: VR Headset
Thread with TID = 137039609595584 read: Solar Charger
Thread with TID = 137039578138304 read: Streaming Stick
Thread with TID = 137039546681024 read: GoPro
Thread with TID = 137039536195264 read: Wireless Earbuds
Thread with TID = 137039557166784 read: Power Bank
Thread with TID = 137039494252224 read: Echo Dot
Thread with TID = 137039525709504 read: Studio Monitor
Thread with TID = 137039483766464 read: Smart Glasses
Thread with TID = 137039473280704 read: Wireless Charger
Thread with TID = 137039452309184 read: Smart Showerhead
Thread with TID = 137039462794944 read: 4K Monitor
Thread with TID = 137039504737984 read: Wi-Fi Extender
Thread with TID = 137039515223744 read: Gaming Monitor
Thread with TID = 137039441823424 read: Drone
Thread with TID = 137039420851904 read: Fitness Tracker
Thread with TID = 137039410366144 read: iPhone11
Thread with TID = 137039399880384 read: Airpod3
Thread with TID = 137039389394624 read: Gaming Mouse
Thread with TID = 137039378908864 read: Smartphone
Thread with TID = 137039357937344 read: Wireless Microphone
Thread with TID = 137039347451584 read: Smart Home Hub
Thread with TID = 137039431337664 read: Kindle Paperwhite
Thread with TID = 137039305508544 read: Laptop
Thread with TID = 137039326480064 read: HD Webcam
Thread with TID = 137039295022784 read: Surface Pro
Thread with TID = 137039284537024 read: Smart Water Bottle
Thread with TID = 137039336965824 read: Galaxy S23
Thread with TID = 137039315994304 read: Smart Doorbell
Thread with TID = 137039263565504 read: Gaming Console
Thread with TID = 137039242593984 read: Smart Plug
Thread with TID = 137039232108224 read: Tablet Stand
Thread with TID = 137039368423104 read: Smart Light Bulb
Thread with TID = 137039274051264 read: Noise-Canceling Headphones
Thread with TID = 137039253079744 read: External Hard Drive
