Process PID: 13458
Thread with TID = 134536365082304 read: Mini Drone
Thread with TID = 134536323139264 read: Mini Fridge
Thread with TID = 134536270710464 read: Portable Bluetooth Adapter
Thread with TID = 134536333625024 read: Gaming Router
Thread with TID = 134536260224704 read: iPhone14
Thread with TID = 134536281196224 read: Electric Kettle
Thread with TID = 134536291681984 read: Electric Scooter
Thread with TID = 134536094549696 read: Electric Blanket
Thread with TID = 134536239253184 read: Mechanical Keyboard
Thread with TID = 134536157464256 read: Soundbar
Thread with TID = 134536115521216 read: TV
Thread with TID = 134536375568064 read: Action Camera
Thread with TID = 134536136492736 read: Home Security Camera
Thread with TID = 134536073578176 read: Tablet
Thread with TID = 134536052606656 read: LED Strip Lights
Thread with TID = 134536126006976 read: Digital Tape Measure
Thread with TID = 134536105035456 read: MacBook Air
Thread with TID = 134535893223104 read: Smart Backpack
Thread with TID = 134536063092416 read: iPhone13
Thread with TID = 134536084063936 read: Portable Projector
Thread with TID = 134535882737344 read: Gaming Chair
Thread with TID = 134536249738944 read: Bluetooth Keyboard
Thread with TID = 134535945651904 read: AirPods
Thread with TID = 134535935166144 read: Digital Alarm Clock
Thread with TID = 134536146978496 read: Digital Frame
Thread with TID = 134535914194624 read: 3D Printer
Thread with TID = 134535830308544 read: Wireless Mouse
Thread with TID = 134535872251584 read: USB Hub
Thread with TID = 134535840794304 read: Laser Projector
Thread with TID = 134535903708864 read: Streaming Webcam
Thread with TID = 134536354596544 read: Speaker
Thread with TID = 134535819822784 read: Smartwatch
Thread with TID = 134536042120896 read: Bluetooth Speaker
Thread with TID = 134535956137664 read: Headphones
Thread with TID = 134536344110784 read: Dash Cam
Thread with TID = 134536312653504 read: Smart Thermostat
Thread with TID = 134536302167744 read: E-Reader
Thread with TID = 134535851280064 read: Portable Charger
Thread with TID = 134535861765824 read: Robot Vacuum
Thread with TID = 134535924680384 read: Electric Standing Desk
Thread with TID = 134535798851264 read: Solar Charger
Thread with TID = 134535767393984 read: Streaming Stick
Thread with TID = 134535666730688 read: GoPro
Thread with TID = 134535687702208 read: VR Headset
Thread with TID = 134535553484480 read: Wi-Fi Extender
Thread with TID = 134535542998720 read: Echo Dot
Thread with TID = 134535532512960 read: Smart Glasses
Thread with TID = 134535511541440 read: 4K Monitor
Thread with TID = 134535398295232 read: Fitness Tracker
Thread with TID = 134535677216448 read: Power Bank
Thread with TID = 134535285049024 read: Smartphone
Thread with TID = 134535366837952 read: Gaming Mouse
Thread with TID = 134535408780992 read: Kindle Paperwhite
Thread with TID = 134535501055680 read: Smart Showerhead
Thread with TID = 134535809337024 read: Camera
Thread with TID = 134535253591744 read: Smart Home Hub
Thread with TID = 134535419266752 read: Drone
Thread with TID = 134535777879744 read: MacBook Pro
Thread with TID = 134535788365504 read: Electric Bike
Thread with TID = 134535656244928 read: Wireless Earbuds
Thread with TID = 134535635273408 read: Gaming Monitor
Thread with TID = 134535645759168 read: Studio Monitor
Thread with TID = 134535522027200 read: Wireless Charger
Thread with TID = 134535274563264 read: Smart Light Bulb
Thread with TID = 134535377323712 read: Airpod3
Thread with TID = 134535243105984 read: Galaxy S23
Thread with TID = 134535232620224 read: HD Webcam
Thread with TID = 134535264077504 read: Wireless Microphone
Thread with TID = 134535387809472 read: iPhone11
Thread with TID = 134535211648704 read: Laptop
Thread with TID = 134535222134464 read: Smart Doorbell
Thread with TID = 134535180191424 read: Noise-Canceling Headphones
Thread with TID = 134535148734144 read: Smart Plug
Thread with TID = 134535190677184 read: Smart Water Bottle
Thread with TID = 134535201162944 read: Surface Pro
Thread with TID = 134535159219904 read: External Hard Drive
Thread with TID = 134535169705664 read: Gaming Console
Thread with TID = 134535138248384 read: Tablet Stand
