Process PID: 15650
Thread with TID = 138243716679360 read: Action Camera
Thread with TID = 138243674736320 read: Mini Fridge
Thread with TID = 138243576170176 read: Smart Thermostat
Thread with TID = 138243695707840 read: Speaker
Thread with TID = 138243706193600 read: Mini Drone
Thread with TID = 138243685222080 read: Dash Cam
Thread with TID = 138243565684416 read: E-Reader
Thread with TID = 138243555198656 read: Electric Scooter
Thread with TID = 138243586655936 read: Gaming Router
Thread with TID = 138243544712896 read: Electric Kettle
Thread with TID = 138243523741376 read: iPhone14
Thread with TID = 138243492284096 read: Soundbar
Thread with TID = 138243450341056 read: TV
Thread with TID = 138243534227136 read: Portable Bluetooth Adapter
Thread with TID = 138243460826816 read: Digital Tape Measure
Thread with TID = 138243439855296 read: MacBook Air
Thread with TID = 138243513255616 read: Bluetooth Keyboard
Thread with TID = 138243502769856 read: Mechanical Keyboard
Thread with TID = 138243471312576 read: Home Security Camera
Thread with TID = 138243481798336 read: Digital Frame
Thread with TID = 138243429369536 read: Electric Blanket
Thread with TID = 138243418883776 read: Portable Projector
Thread with TID = 138243387426496 read: LED Strip Lights
Thread with TID = 138243376940736 read: Bluetooth Speaker
Thread with TID = 138243397912256 read: iPhone13
Thread with TID = 138243324511936 read: 3D Printer
Thread with TID = 138243366454976 read: Headphones
Thread with TID = 138243314026176 read: Streaming Webcam
Thread with TID = 138243293054656 read: Gaming Chair
Thread with TID = 138243334997696 read: Electric Standing Desk
Thread with TID = 138243303540416 read: Smart Backpack
Thread with TID = 138243408398016 read: Tablet
Thread with TID = 138243355969216 read: AirPods
Thread with TID = 138243282568896 read: USB Hub
Thread with TID = 138243184002752 read: Robot Vacuum
Thread with TID = 138243110602432 read: Electric Bike
Thread with TID = 138243100116672 read: MacBook Pro
Thread with TID = 138243037202112 read: Studio Monitor
Thread with TID = 138243058173632 read: GoPro
Thread with TID = 138243026716352 read: Gaming Monitor
Thread with TID = 138243068659392 read: Power Bank
Thread with TID = 138243173516992 read: Portable Charger
Thread with TID = 138243142059712 read: Smartwatch
Thread with TID = 138243016230592 read: Wi-Fi Extender
Thread with TID = 138243005744832 read: Echo Dot
Thread with TID = 138243131573952 read: Camera
Thread with TID = 138243152545472 read: Wireless Mouse
Thread with TID = 138243121088192 read: Solar Charger
Thread with TID = 138243089630912 read: Streaming Stick
Thread with TID = 138243079145152 read: VR Headset
Thread with TID = 138243047687872 read: Wireless Earbuds
Thread with TID = 138242995259072 read: Smart Glasses
Thread with TID = 138243163031232 read: Laser Projector
Thread with TID = 138242984773312 read: Wireless Charger
Thread with TID = 138243345483456 read: Digital Alarm Clock
Thread with TID = 138242942830272 read: Fitness Tracker
Thread with TID = 138242963801792 read: Drone
Thread with TID = 138242796029632 read: Smart Home Hub
Thread with TID = 138242817001152 read: Smart Light Bulb
Thread with TID = 138242714240704 read: Galaxy S23
Thread with TID = 138242932344512 read: iPhone11
Thread with TID = 138242848458432 read: Airpod3
Thread with TID = 138242837972672 read: Gaming Mouse
Thread with TID = 138242953316032 read: Kindle Paperwhite
Thread with TID = 138242672297664 read: Surface Pro
Thread with TID = 138242693269184 read: Smart Doorbell
Thread with TID = 138242661811904 read: Smart Water Bottle
Thread with TID = 138242682783424       (read and found): ((Laptop))
Thread with TID = 138242703754944 read: HD Webcam
Thread with TID = 138243272083136 read: 4K Monitor
Thread with TID = 138242806515392 read: Wireless Microphone
Thread with TID = 138242974287552 read: Smart Showerhead
Thread with TID = 138242827486912 read: Smartphone
Thread with TID = 138242651326144 read: Noise-Canceling Headphones
Thread with TID = 138242640840384 read: Gaming Console
Thread with TID = 138242630354624 read: External Hard Drive
Thread with TID = 138242619868864 read: Smart Plug
Thread with TID = 138242609383104 read: Tablet Stand
