Process PID: 6252
Thread with TID = 125075932055232 read: Action Camera
Thread with TID = 125075911083712 read: Speaker
Thread with TID = 125075900597952 read: Dash Cam
Thread with TID = 125075820906176 read: Gaming Router
Thread with TID = 125075810420416 read: Mini Fridge
Thread with TID = 125075799934656 read: Smart Thermostat
Thread with TID = 125075921569472 read: Mini Drone
Thread with TID = 125075789448896 read: E-Reader
Thread with TID = 125075778963136 read: Electric Scooter
Thread with TID = 125075757991616 read: Portable Bluetooth Adapter
Thread with TID = 125075705562816 read: Digital Frame
Thread with TID = 125075695077056 read: Home Security Camera
Thread with TID = 125075716048576 read: Soundbar
Thread with TID = 125075747505856 read: iPhone14
Thread with TID = 125075674105536 read: TV
Thread with TID = 125075684591296 read: Digital Tape Measure
Thread with TID = 125075663619776 read: MacBook Air
Thread with TID = 125075653134016 read: Electric Blanket
Thread with TID = 125075552470720 read: iPhone13
Thread with TID = 125075642648256 read: Portable Projector
Thread with TID = 125075541984960 read: LED Strip Lights
Thread with TID = 125075521013440 read: Headphones
Thread with TID = 125075479070400 read: 3D Printer
Thread with TID = 125075531499200 read: Bluetooth Speaker
Thread with TID = 125075632162496 read: Tablet
Thread with TID = 125075510527680 read: AirPods
Thread with TID = 125075458098880 read: Smart Backpack
Thread with TID = 125075416155840 read: Portable Charger
Thread with TID = 125075447613120 read: Gaming Chair
Thread with TID = 125075405670080 read: Laser Projector
Thread with TID = 125075395184320 read: Wireless Mouse
Thread with TID = 125075468584640 read: Streaming Webcam
Thread with TID = 125075426641600 read: Robot Vacuum
Thread with TID = 125075500041920 read: Digital Alarm Clock
Thread with TID = 125075437127360 read: USB Hub
Thread with TID = 125075489556160 read: Electric Standing Desk
Thread with TID = 125075768477376 read: Electric Kettle
Thread with TID = 125075737020096 read: Bluetooth Keyboard
Thread with TID = 125075726534336 read: Mechanical Keyboard
Thread with TID = 125075374212800 read: Camera
Thread with TID = 125075353241280 read: Electric Bike
Thread with TID = 125075363727040 read: Solar Charger
Thread with TID = 125075342755520 read: MacBook Pro
Thread with TID = 125075269355200 read: Wi-Fi Extender
Thread with TID = 125075384698560 read: Smartwatch
Thread with TID = 125075321784000 read: VR Headset
Thread with TID = 125075248383680 read: Smart Glasses
Thread with TID = 125075290326720 read: Wireless Earbuds
Thread with TID = 125075237897920 read: Wireless Charger
Thread with TID = 125075258869440 read: Echo Dot
Thread with TID = 125075135137472 read: Gaming Monitor
Thread with TID = 125075332269760 read: Streaming Stick
Thread with TID = 125075311298240 read: Power Bank
Thread with TID = 125075279840960 read: Studio Monitor
Thread with TID = 125075300812480 read: GoPro
Thread with TID = 125075149817536 read: 4K Monitor
Thread with TID = 125075114165952 read: Drone
Thread with TID = 125075015599808 read: Fitness Tracker
Thread with TID = 125074984142528 read: Gaming Mouse
Thread with TID = 125075005114048 read: iPhone11
Thread with TID = 125075103680192 read: Kindle Paperwhite
Thread with TID = 125074973656768 read: Smartphone
Thread with TID = 125075124651712 read: Smart Showerhead
Thread with TID = 125074963171008 read: Smart Light Bulb
Thread with TID = 125074994628288 read: Airpod3
Thread with TID = 125074870896320 read: Smart Home Hub
Thread with TID = 125074839439040 read: Smart Doorbell
Thread with TID = 125074849924800 read: HD Webcam
Thread with TID = 125074881382080 read: Wireless Microphone
Thread with TID = 125074694735552 read: Smart Plug
Thread with TID = 125074860410560 read: Galaxy S23
Thread with TID = 125074705221312 read: External Hard Drive
Thread with TID = 125074726192832 read: Noise-Canceling Headphones
Thread with TID = 125074715707072 read: Gaming Console
Thread with TID = 125074828953280       (read and found): ((Laptop))
Thread with TID = 125074612946624 read: Tablet Stand
Thread with TID = 125074747164352 read: Surface Pro
Thread with TID = 125074736678592 read: Smart Water Bottle
