Process PID: 18085
Thread with TID = 132214478079680 read: Action Camera
Thread with TID = 132214446622400 read: Dash Cam
Thread with TID = 132214457108160 read: Speaker
Thread with TID = 132214467593920 read: Mini Drone
Thread with TID = 132214436136640 read: Gaming Router
Thread with TID = 132214324987584 read: Electric Scooter
Thread with TID = 132214404679360 read: E-Reader
Thread with TID = 132214304016064 read: Portable Bluetooth Adapter
Thread with TID = 132214314501824 read: Electric Kettle
Thread with TID = 132214283044544 read: Bluetooth Keyboard
Thread with TID = 132214425650880 read: Mini Fridge
Thread with TID = 132214272558784 read: Mechanical Keyboard
Thread with TID = 132214293530304 read: iPhone14
Thread with TID = 132214113175232 read: Digital Frame
Thread with TID = 132214102689472 read: Home Security Camera
Thread with TID = 132214415165120 read: Smart Thermostat
Thread with TID = 132214092203712 read: Digital Tape Measure
Thread with TID = 132214081717952 read: TV
Thread with TID = 132214123660992 read: Soundbar
Thread with TID = 132214071232192 read: MacBook Air
Thread with TID = 132214029289152 read: iPhone13
Thread with TID = 132213997831872 read: Headphones
Thread with TID = 132214018803392 read: LED Strip Lights
Thread with TID = 132213987346112 read: AirPods
Thread with TID = 132214008317632 read: Bluetooth Speaker
Thread with TID = 132213955888832 read: 3D Printer
Thread with TID = 132213976860352 read: Digital Alarm Clock
Thread with TID = 132213966374592 read: Electric Standing Desk
Thread with TID = 132213945403072 read: Streaming Webcam
Thread with TID = 132214060746432 read: Electric Blanket
Thread with TID = 132214050260672 read: Portable Projector
Thread with TID = 132214039774912 read: Tablet
Thread with TID = 132213934917312 read: Smart Backpack
Thread with TID = 132213924431552 read: Gaming Chair
Thread with TID = 132213892974272 read: Portable Charger
Thread with TID = 132213872002752 read: Wireless Mouse
Thread with TID = 132213903460032 read: Robot Vacuum
Thread with TID = 132213851031232 read: Camera
Thread with TID = 132213913945792 read: USB Hub
Thread with TID = 132213882488512 read: Laser Projector
Thread with TID = 132213861516992 read: Smartwatch
Thread with TID = 132213840545472 read: Solar Charger
Thread with TID = 132213798602432 read: VR Headset
Thread with TID = 132213830059712 read: Electric Bike
Thread with TID = 132213819573952 read: MacBook Pro
Thread with TID = 132213788116672 read: Power Bank
Thread with TID = 132213767145152 read: Wireless Earbuds
Thread with TID = 132213777630912 read: GoPro
Thread with TID = 132213756659392 read: Studio Monitor
Thread with TID = 132213809088192 read: Streaming Stick
Thread with TID = 132213746173632 read: Gaming Monitor
Thread with TID = 132213651801792 read: Fitness Tracker
Thread with TID = 132213704230592 read: Wireless Charger
Thread with TID = 132213641316032 read: iPhone11
Thread with TID = 132213693744832 read: 4K Monitor
Thread with TID = 132213620344512 read: Gaming Mouse
Thread with TID = 132213630830272 read: Airpod3
Thread with TID = 132213609858752 read: Smartphone
Thread with TID = 132213714716352 read: Smart Glasses
Thread with TID = 132213662287552 read: Kindle Paperwhite
Thread with TID = 132213465155264 read: Smart Light Bulb
Thread with TID = 132213672773312 read: Drone
Thread with TID = 132213683259072 read: Smart Showerhead
Thread with TID = 132213725202112 read: Echo Dot
Thread with TID = 132213735687872 read: Wi-Fi Extender
Thread with TID = 132213599372992 read: Wireless Microphone
Thread with TID = 132213509195456 read: Galaxy S23
Thread with TID = 132213488223936 read: Smart Doorbell
Thread with TID = 132213498709696 read: HD Webcam
Thread with TID = 132213477738176 read: Laptop
Thread with TID = 132213519681216 read: Smart Home Hub
Thread with TID = 132213423212224 read: Gaming Console
Thread with TID = 132213412726464 read: External Hard Drive
Thread with TID = 132213444183744 read: Smart Water Bottle
Thread with TID = 132213402240704 read: Smart Plug
Thread with TID = 132213391754944 read: Tablet Stand
Thread with TID = 132213433697984 read: Noise-Canceling Headphones
Thread with TID = 132213454669504 read: Surface Pro
