Process PID: 14945
Thread with TID = 131712405210816 read: 4K Monitor
Thread with TID = 131711916574400 read: Smart Showerhead
Thread with TID = 131711664916160 read: Home Security Camera
Thread with TID = 131712216467136 read: Robot Vacuum
Thread with TID = 131711885117120 read: Galaxy S23
Thread with TID = 131712132581056 read: Gaming Mouse
Thread with TID = 131712080152256 read: Digital Tape Measure
Thread with TID = 131712394725056 read: Wireless Earbuds
Thread with TID = 131712195495616 read: Headphones
Thread with TID = 131712153552576 read: Tablet
Thread with TID = 131712185009856 read: Electric Bike
Thread with TID = 131712174524096 read: Smart Doorbell
Thread with TID = 131712069666496 read: Smart Light Bulb
Thread with TID = 131712226952896 read: Gaming Router
Thread with TID = 131712289867456 read: Streaming Webcam
Thread with TID = 131712279381696 read: Surface Pro
Thread with TID = 131712268895936 read: Bluetooth Speaker
Thread with TID = 131712258410176 read: Fitness Tracker
Thread with TID = 131712027723456 read: GoPro
Thread with TID = 131712122095296 read: Smart Glasses
Thread with TID = 131712143066816 read: MacBook Air
Thread with TID = 131711717344960 read: Streaming Stick
Thread with TID = 131712247924416 read: Camera
Thread with TID = 131712237438656 read: Laptop
Thread with TID = 131712300353216 read: E-Reader
Thread with TID = 131712205981376 read: Gaming Chair
Thread with TID = 131712164038336 read: Echo Dot
Thread with TID = 131712111609536 read: USB Hub
Thread with TID = 131712101123776 read: Digital Frame
Thread with TID = 131712090638016 read: Wireless Mouse
Thread with TID = 131711759288000 read: HD Webcam
Thread with TID = 131711822202560 read: Dash Cam
Thread with TID = 131711696373440 read: TV
Thread with TID = 131711843174080 read: iPhone11
Thread with TID = 131711832688320 read: Digital Alarm Clock
Thread with TID = 131711927060160 read: Airpod3
Thread with TID = 131711895602880 read: Electric Kettle
Thread with TID = 131711948031680 read: 3D Printer
Thread with TID = 131711706859200 read: AirPods
Thread with TID = 131712048694976 read: Speaker
Thread with TID = 131712059180736 read: Portable Charger
Thread with TID = 131711853659840 read: Mini Fridge
Thread with TID = 131711780259520 read: Electric Standing Desk
Thread with TID = 131711937545920 read: Tablet Stand
Thread with TID = 131711685887680 read: Laser Projector
Thread with TID = 131711906088640 read: Mechanical Keyboard
Thread with TID = 131711864145600 read: Portable Projector
Thread with TID = 131711727830720 read: Noise-Canceling Headphones
Thread with TID = 131711539087040 read: Gaming Console
Thread with TID = 131711738316480 read: Action Camera
Thread with TID = 131711570544320 read: Studio Monitor
Thread with TID = 131711549572800 read: Power Bank
Thread with TID = 131711612487360 read: Electric Blanket
Thread with TID = 131711769773760 read: Smart Backpack
Thread with TID = 131711591515840 read: Kindle Paperwhite
Thread with TID = 131712038209216 read: Smart Water Bottle
Thread with TID = 131711790745280 read: Smartwatch
Thread with TID = 131711874631360 read: Smart Thermostat
Thread with TID = 131711811716800 read: VR Headset
Thread with TID = 131711801231040 read: Wireless Charger
Thread with TID = 131711748802240 read: iPhone14
Thread with TID = 131711675401920 read: LED Strip Lights
Thread with TID = 131711633458880 read: Mini Drone
Thread with TID = 131711602001600 read: iPhone13
Thread with TID = 131711654430400 read: Soundbar
Thread with TID = 131711643944640 read: Smart Plug
Thread with TID = 131711622973120 read: Smart Home Hub
Thread with TID = 131711581030080 read: Gaming Monitor
Thread with TID = 131711560058560 read: Portable Bluetooth Adapter
Thread with TID = 131711528601280 read: Solar Charger
Thread with TID = 131712384239296 read: MacBook Pro
Thread with TID = 131712373753536 read: Bluetooth Keyboard
Thread with TID = 131712363267776 read: External Hard Drive
Thread with TID = 131712352782016 read: Wireless Microphone
Thread with TID = 131712342296256 read: Smartphone
Thread with TID = 131712321324736 read: Electric Scooter
Thread with TID = 131712331810496 read: Wi-Fi Extender
Thread with TID = 131712310838976 read: Drone
