Process PID: 136105
Thread with TID = 140737347847872 read: Action Camera
Thread with TID = 140737305904832 read: Gaming Router
Thread with TID = 140737337362112 read: Mini Drone
Thread with TID = 140737326876352 read: Speaker
Thread with TID = 140737316390592 read: Dash Cam
Thread with TID = 140737207338688 read: Smart Thermostat
Thread with TID = 140737217824448 read: Mini Fridge
Thread with TID = 140737196852928 read: E-Reader
Thread with TID = 140737186367168 read: Electric Scooter
Thread with TID = 140737144424128 read: Bluetooth Keyboard
Thread with TID = 140737175881408 read: Electric Kettle
Thread with TID = 140737081509568 read: TV
Thread with TID = 140737165395648 read: Portable Bluetooth Adapter
Thread with TID = 140737071023808 read: MacBook Air
Thread with TID = 140737133938368 read: Mechanical Keyboard
Thread with TID = 140737091995328 read: Digital Tape Measure
Thread with TID = 140737112966848 read: Digital Frame
Thread with TID = 140737154909888 read: iPhone14
Thread with TID = 140737050052288 read: Portable Projector
Thread with TID = 140736917931712 read: AirPods
Thread with TID = 140736907445952 read: Digital Alarm Clock
Thread with TID = 140737029080768 read: iPhone13
Thread with TID = 140736949388992 read: LED Strip Lights
Thread with TID = 140736928417472 read: Headphones
Thread with TID = 140736938903232 read: Bluetooth Speaker
Thread with TID = 140737039566528 read: Tablet
Thread with TID = 140736896960192 read: Electric Standing Desk
Thread with TID = 140737123452608 read: Soundbar
Thread with TID = 140736804685504 read: Streaming Webcam
Thread with TID = 140736783713984 read: Gaming Chair
Thread with TID = 140736794199744 read: Smart Backpack
Thread with TID = 140736773228224 read: USB Hub
Thread with TID = 140736815171264 read: 3D Printer
Thread with TID = 140736680953536 read: Portable Charger
Thread with TID = 140736670467776 read: Laser Projector
Thread with TID = 140736659982016 read: Wireless Mouse
Thread with TID = 140736639010496 read: Camera
Thread with TID = 140736628524736 read: Solar Charger
Thread with TID = 140736762742464 read: Robot Vacuum
Thread with TID = 140736649496256 read: Smartwatch
Thread with TID = 140736381060800 read: VR Headset
Thread with TID = 140736370575040 read: Power Bank
Thread with TID = 140736391546560 read: Streaming Stick
Thread with TID = 140736412518080 read: Electric Bike
Thread with TID = 140736402032320 read: MacBook Pro
Thread with TID = 140737060538048 read: Electric Blanket
Thread with TID = 140737102481088 read: Home Security Camera
Thread with TID = 140736515278528 read: Wi-Fi Extender
Thread with TID = 140736360089280 read: GoPro
Thread with TID = 140736536250048 read: Studio Monitor
Thread with TID = 140736546735808 read: Wireless Earbuds
Thread with TID = 140736278300352 read: Wireless Charger
Thread with TID = 140736504792768 read: Echo Dot
Thread with TID = 140736257328832 read: Smart Showerhead
Thread with TID = 140736494307008 read: Smart Glasses
Thread with TID = 140736267814592 read: 4K Monitor
Thread with TID = 140736246843072 read: Drone
Thread with TID = 140736525764288 read: Gaming Monitor
Thread with TID = 140736236357312 read: Kindle Paperwhite
Thread with TID = 140736225871552 read: Fitness Tracker
Thread with TID = 140736144082624 read: iPhone11
Thread with TID = 140736133596864 read: Airpod3
Thread with TID = 140736112625344 read: Smartphone
Thread with TID = 140736123111104 read: Gaming Mouse
Thread with TID = 140736102139584 read: Smart Light Bulb
Thread with TID = 140736091653824 read: Wireless Microphone
Thread with TID = 140736081168064 read: Smart Home Hub
Thread with TID = 140736070682304 read: Galaxy S23
Thread with TID = 140736060196544 read: HD Webcam
Thread with TID = 140736039225024 read: Laptop
Thread with TID = 140736049710784 read: Smart Doorbell
Thread with TID = 140736028739264 read: Surface Pro
Thread with TID = 140736007767744 read: Noise-Canceling Headphones
Thread with TID = 140735997281984 read: Gaming Console
Thread with TID = 140735986796224 read: External Hard Drive
Thread with TID = 140736018253504 read: Smart Water Bottle
Thread with TID = 140735965824704 read: Tablet Stand
Thread with TID = 140735976310464 read: Smart Plug
