Process PID: 34175
Thread with TID = 140737305904832 read: Gaming Router
Thread with TID = 140737150715584 read: Smart Thermostat
Thread with TID = 140737295419072 read: Mini Fridge
Thread with TID = 140737284933312 read: E-Reader
Thread with TID = 140737347847872 read: Action Camera
Thread with TID = 140737337362112 read: Mini Drone
Thread with TID = 140737326876352 read: Speaker
Thread with TID = 140737316390592 read: Dash Cam
Thread with TID = 140737274447552 read: Electric Scooter
Thread with TID = 140737232504512 read: Bluetooth Keyboard
Thread with TID = 140737263961792 read: Electric Kettle
Thread with TID = 140737129744064 read: Soundbar
Thread with TID = 140737119258304 read: Digital Frame
Thread with TID = 140737098286784 read: Digital Tape Measure
Thread with TID = 140737108772544 read: Home Security Camera
Thread with TID = 140737253476032 read: Portable Bluetooth Adapter
Thread with TID = 140736995526336 read: Electric Blanket
Thread with TID = 140737006012096 read: MacBook Air
Thread with TID = 140737140229824 read: Mechanical Keyboard
Thread with TID = 140737242990272 read: iPhone14
Thread with TID = 140737016497856 read: TV
Thread with TID = 140736985040576 read: Portable Projector
Thread with TID = 140736840337088 read: Digital Alarm Clock
Thread with TID = 140736871794368 read: Bluetooth Speaker
Thread with TID = 140736819365568 read: 3D Printer
Thread with TID = 140736974554816 read: Tablet
Thread with TID = 140736964069056 read: iPhone13
Thread with TID = 140736882280128 read: LED Strip Lights
Thread with TID = 140736850822848 read: AirPods
Thread with TID = 140736808879808 read: Streaming Webcam
Thread with TID = 140736861308608 read: Headphones
Thread with TID = 140736829851328 read: Electric Standing Desk
Thread with TID = 140736798394048 read: Smart Backpack
Thread with TID = 140736787908288 read: Gaming Chair
Thread with TID = 140736766936768 read: Robot Vacuum
Thread with TID = 140736777422528 read: USB Hub
Thread with TID = 140736756451008 read: Portable Charger
Thread with TID = 140736714507968 read: Camera
Thread with TID = 140736745965248 read: Laser Projector
Thread with TID = 140736693536448 read: Electric Bike
Thread with TID = 140736735479488 read: Wireless Mouse
Thread with TID = 140736704022208 read: Solar Charger
Thread with TID = 140736724993728 read: Smartwatch
Thread with TID = 140736662079168 read: VR Headset
Thread with TID = 140736641107648 read: GoPro
Thread with TID = 140736609650368 read: Gaming Monitor
Thread with TID = 140736683050688 read: MacBook Pro
Thread with TID = 140736599164608 read: Wi-Fi Extender
Thread with TID = 140736567707328 read: Wireless Charger
Thread with TID = 140736588678848 read: Echo Dot
Thread with TID = 140736578193088 read: Smart Glasses
Thread with TID = 140736672564928 read: Streaming Stick
Thread with TID = 140736630621888 read: Wireless Earbuds
Thread with TID = 140736620136128 read: Studio Monitor
Thread with TID = 140736651593408 read: Power Bank
Thread with TID = 140736557221568 read: 4K Monitor
Thread with TID = 140736525764288 read: Kindle Paperwhite
Thread with TID = 140736546735808 read: Smart Showerhead
Thread with TID = 140736536250048 read: Drone
Thread with TID = 140736515278528 read: Fitness Tracker
Thread with TID = 140736504792768 read: iPhone11
Thread with TID = 140736494307008 read: Airpod3
Thread with TID = 140736483821248 read: Gaming Mouse
Thread with TID = 140736473335488 read: Smartphone
Thread with TID = 140736441878208 read: Smart Home Hub
Thread with TID = 140736420906688 read: HD Webcam
Thread with TID = 140736462849728 read: Smart Light Bulb
Thread with TID = 140736431392448 read: Galaxy S23
Thread with TID = 140736452363968 read: Wireless Microphone
Thread with TID = 140736410420928 read: Smart Doorbell
Thread with TID = 140736326534848 read: Tablet Stand
Thread with TID = 140736347506368 read: External Hard Drive
Thread with TID = 140736337020608 read: Smart Plug
Thread with TID = 140736357992128 read: Gaming Console
Thread with TID = 140736399935168 read: Laptop
Thread with TID = 140736378963648 read: Smart Water Bottle
Thread with TID = 140736368477888 read: Noise-Canceling Headphones
Thread with TID = 140736389449408 read: Surface Pro
