Process PID: 30267
Thread with TID = 138794143581888 read: Mini Drone
Thread with TID = 138794007267008 read: Soundbar
Thread with TID = 138794112124608 read: Gaming Router
Thread with TID = 138794101638848 read: Mini Fridge
Thread with TID = 138794070181568 read: Electric Scooter
Thread with TID = 138794133096128 read: Speaker
Thread with TID = 138794059695808 read: Electric Kettle
Thread with TID = 138794049210048 read: Portable Bluetooth Adapter
Thread with TID = 138794080667328 read: E-Reader
Thread with TID = 138794038724288 read: iPhone14
Thread with TID = 138793996781248 read: Digital Frame
Thread with TID = 138794028238528 read: Bluetooth Keyboard
Thread with TID = 138794154067648 read: Action Camera
Thread with TID = 138794017752768 read: Mechanical Keyboard
Thread with TID = 138794122610368 read: Dash Cam
Thread with TID = 138794091153088 read: Smart Thermostat
Thread with TID = 138793965323968 read: TV
Thread with TID = 138793986295488 read: Home Security Camera
Thread with TID = 138793975809728 read: Digital Tape Measure
Thread with TID = 138793868854976 read: Electric Blanket
Thread with TID = 138793724151488 read: AirPods
Thread with TID = 138793713665728 read: Digital Alarm Clock
Thread with TID = 138793692694208 read: 3D Printer
Thread with TID = 138793858369216 read: Portable Projector
Thread with TID = 138793847883456 read: Tablet
Thread with TID = 138793879340736 read: MacBook Air
Thread with TID = 138793640265408 read: Robot Vacuum
Thread with TID = 138793619293888 read: Laser Projector
Thread with TID = 138793745123008 read: Bluetooth Speaker
Thread with TID = 138793598322368 read: Smartwatch
Thread with TID = 138793661236928 read: Gaming Chair
Thread with TID = 138793734637248 read: Headphones
Thread with TID = 138793703179968 read: Electric Standing Desk
Thread with TID = 138793826911936 read: LED Strip Lights
Thread with TID = 138793629779648 read: Portable Charger
Thread with TID = 138793682208448 read: Streaming Webcam
Thread with TID = 138793566865088 read: Electric Bike
Thread with TID = 138793535407808 read: VR Headset
Thread with TID = 138793556379328 read: MacBook Pro
Thread with TID = 138793577350848 read: Solar Charger
Thread with TID = 138793545893568 read: Streaming Stick
Thread with TID = 138793503950528 read: Wireless Earbuds
Thread with TID = 138793524922048 read: Power Bank
Thread with TID = 138793608808128 read: Wireless Mouse
Thread with TID = 138793837397696 read: iPhone13
Thread with TID = 138793587836608 read: Camera
Thread with TID = 138793650751168 read: USB Hub
Thread with TID = 138793514436288 read: GoPro
Thread with TID = 138793472493248 read: Wi-Fi Extender
Thread with TID = 138793482979008 read: Gaming Monitor
Thread with TID = 138793141143232 read: Smart Showerhead
Thread with TID = 138793120171712 read: Kindle Paperwhite
Thread with TID = 138793130657472 read: Drone
Thread with TID = 138793099200192 read: iPhone11
Thread with TID = 138793430550208 read: 4K Monitor
Thread with TID = 138793109685952 read: Fitness Tracker
Thread with TID = 138793462007488 read: Echo Dot
Thread with TID = 138792975468224 read: Wireless Microphone
Thread with TID = 138793088714432 read: Airpod3
Thread with TID = 138792996439744 read: Smartphone
Thread with TID = 138793006925504 read: Gaming Mouse
Thread with TID = 138792964982464 read: Smart Home Hub
Thread with TID = 138793441035968 read: Wireless Charger
Thread with TID = 138792933525184 read: Smart Doorbell
Thread with TID = 138793493464768 read: Studio Monitor
Thread with TID = 138792954496704 read: Galaxy S23
Thread with TID = 138792944010944 read: HD Webcam
Thread with TID = 138792912553664 read: Surface Pro
Thread with TID = 138793451521728 read: Smart Glasses
Thread with TID = 138792923039424 read: Laptop
Thread with TID = 138792985953984 read: Smart Light Bulb
Thread with TID = 138793671722688 read: Smart Backpack
Thread with TID = 138792805598912 read: Smart Water Bottle
Thread with TID = 138792774141632 read: Tablet Stand
Thread with TID = 138792902067904 read: Noise-Canceling Headphones
Thread with TID = 138792795113152 read: External Hard Drive
Thread with TID = 138792784627392 read: Smart Plug
Thread with TID = 138792891582144 read: Gaming Console
