Process PID: 123900
Thread with TID = 140737347847872 read: Action Camera
Thread with TID = 140737326876352 read: Speaker
Thread with TID = 140737337362112 read: Mini Drone
Thread with TID = 140737316390592 read: Dash Cam
Thread with TID = 140737305904832 read: Gaming Router
Thread with TID = 140737207338688 read: Smart Thermostat
Thread with TID = 140737020692160 read: Digital Tape Measure
Thread with TID = 140737196852928 read: E-Reader
Thread with TID = 140736989234880 read: Electric Blanket
Thread with TID = 140737217824448 read: Mini Fridge
Thread with TID = 140736978749120 read: Portable Projector
Thread with TID = 140737073120960 read: Bluetooth Keyboard
Thread with TID = 140736999720640 read: MacBook Air
Thread with TID = 140737052149440 read: Soundbar
Thread with TID = 140737031177920 read: Home Security Camera
Thread with TID = 140737010206400 read: TV
Thread with TID = 140736968263360 read: Tablet
Thread with TID = 140736957777600 read: iPhone13
Thread with TID = 140737062635200 read: Mechanical Keyboard
Thread with TID = 140737041663680 read: Digital Frame
Thread with TID = 140737186367168 read: Electric Scooter
Thread with TID = 140737175881408 read: Electric Kettle
Thread with TID = 140737165395648 read: Portable Bluetooth Adapter
Thread with TID = 140736947291840 read: LED Strip Lights
Thread with TID = 140737083606720 read: iPhone14
Thread with TID = 140736936806080 read: Bluetooth Speaker
Thread with TID = 140736915834560 read: AirPods
Thread with TID = 140736894863040 read: Electric Standing Desk
Thread with TID = 140736926320320 read: Headphones
Thread with TID = 140736905348800 read: Digital Alarm Clock
Thread with TID = 140736815171264 read: 3D Printer
Thread with TID = 140736804685504 read: Streaming Webcam
Thread with TID = 140736783713984 read: Gaming Chair
Thread with TID = 140736762742464 read: Robot Vacuum
Thread with TID = 140736773228224 read: USB Hub
Thread with TID = 140736345409216 read: Portable Charger
Thread with TID = 140736334923456 read: Laser Projector
Thread with TID = 140736324437696 read: Wireless Mouse
Thread with TID = 140736794199744 read: Smart Backpack
Thread with TID = 140736303466176 read: Camera
Thread with TID = 140736292980416 read: Solar Charger
Thread with TID = 140736261523136 read: Streaming Stick
Thread with TID = 140736313951936 read: Smartwatch
Thread with TID = 140736282494656 read: Electric Bike
Thread with TID = 140736272008896 read: MacBook Pro
Thread with TID = 140736251037376 read: VR Headset
Thread with TID = 140736230065856 read: GoPro
Thread with TID = 140736240551616 read: Power Bank
Thread with TID = 140736209094336 read: Studio Monitor
Thread with TID = 140736167151296 read: Smart Glasses
Thread with TID = 140736188122816 read: Wi-Fi Extender
Thread with TID = 140736219580096 read: Wireless Earbuds
Thread with TID = 140736146179776 read: 4K Monitor
Thread with TID = 140736156665536 read: Wireless Charger
Thread with TID = 140736177637056 read: Echo Dot
Thread with TID = 140736198608576 read: Gaming Monitor
Thread with TID = 140736125208256 read: Drone
Thread with TID = 140736114722496 read: Kindle Paperwhite
Thread with TID = 140736135694016 read: Smart Showerhead
Thread with TID = 140736104236736 read: Fitness Tracker
Thread with TID = 140736083265216 read: Airpod3
Thread with TID = 140736093750976 read: iPhone11
Thread with TID = 140736062293696 read: Smartphone
Thread with TID = 140736072779456 read: Gaming Mouse
Thread with TID = 140736051807936 read: Smart Light Bulb
Thread with TID = 140736041322176 read: Wireless Microphone
Thread with TID = 140736030836416 read: Smart Home Hub
Thread with TID = 140736020350656 read: Galaxy S23
Thread with TID = 140736009864896 read: HD Webcam
Thread with TID = 140735999379136 read: Smart Doorbell
Thread with TID = 140735988893376 read: Laptop
Thread with TID = 140735978407616 read: Surface Pro
Thread with TID = 140735967921856 read: Smart Water Bottle
Thread with TID = 140735957436096 read: Noise-Canceling Headphones
Thread with TID = 140735946950336 read: Gaming Console
Thread with TID = 140735936464576 read: External Hard Drive
Thread with TID = 140735925978816 read: Smart Plug
Thread with TID = 140735915493056 read: Tablet Stand
