Process PID: 32250
Thread with TID = 133257607775936 read: Action Camera
Thread with TID = 133257597290176 read: Mini Drone
Thread with TID = 133257586804416 read: Speaker
Thread with TID = 133257565832896 read: Gaming Router
Thread with TID = 133257544861376 read: Smart Thermostat
Thread with TID = 133257555347136 read: Mini Fridge
Thread with TID = 133257576318656 read: Dash Cam
Thread with TID = 133257465169600 read: E-Reader
Thread with TID = 133257412740800 read: Bluetooth Keyboard
Thread with TID = 133257454683840 read: Electric Scooter
Thread with TID = 133257444198080 read: Electric Kettle
Thread with TID = 133257196734144 read: Mechanical Keyboard
Thread with TID = 133257433712320 read: Portable Bluetooth Adapter
Thread with TID = 133257186248384 read: Soundbar
Thread with TID = 133257175762624 read: Digital Frame
Thread with TID = 133257423226560 read: iPhone14
Thread with TID = 133257165276864 read: Home Security Camera
Thread with TID = 133257154791104 read: Digital Tape Measure
Thread with TID = 133257133819584 read: MacBook Air
Thread with TID = 133257144305344 read: TV
Thread with TID = 133257123333824 read: Electric Blanket
Thread with TID = 133257112848064 read: Portable Projector
Thread with TID = 133256934590144 read: Wireless Mouse
Thread with TID = 133257018476224 read: 3D Printer
Thread with TID = 133256966047424 read: Robot Vacuum
Thread with TID = 133256955561664 read: Portable Charger
Thread with TID = 133257102362304 read: Tablet
Thread with TID = 133257060419264 read: Headphones
Thread with TID = 133257049933504 read: AirPods
Thread with TID = 133256913618624 read: Camera
Thread with TID = 133257081390784 read: LED Strip Lights
Thread with TID = 133256903132864 read: Solar Charger
Thread with TID = 133257007990464 read: Streaming Webcam
Thread with TID = 133256892647104 read: Electric Bike
Thread with TID = 133257070905024 read: Bluetooth Speaker
Thread with TID = 133256997504704 read: Smart Backpack
Thread with TID = 133256987018944 read: Gaming Chair
Thread with TID = 133256976533184 read: USB Hub
Thread with TID = 133256945075904 read: Laser Projector
Thread with TID = 133256924104384 read: Smartwatch
Thread with TID = 133257028961984 read: Electric Standing Desk
Thread with TID = 133257039447744 read: Digital Alarm Clock
Thread with TID = 133256882161344 read: MacBook Pro
Thread with TID = 133256861189824 read: VR Headset
Thread with TID = 133256840218304 read: GoPro
Thread with TID = 133256829732544 read: Wireless Earbuds
Thread with TID = 133256819246784 read: Studio Monitor
Thread with TID = 133256808761024 read: Gaming Monitor
Thread with TID = 133256756332224 read: 4K Monitor
Thread with TID = 133256850704064 read: Power Bank
Thread with TID = 133256745846464 read: Smart Showerhead
Thread with TID = 133256798275264 read: Wi-Fi Extender
Thread with TID = 133256787789504 read: Echo Dot
Thread with TID = 133256871675584 read: Streaming Stick
Thread with TID = 133256777303744 read: Smart Glasses
Thread with TID = 133256766817984 read: Wireless Charger
Thread with TID = 133256735360704 read: Drone
Thread with TID = 133256724874944 read: Kindle Paperwhite
Thread with TID = 133256714389184 read: Fitness Tracker
Thread with TID = 133256703903424 read: iPhone11
Thread with TID = 133256693417664 read: Airpod3
Thread with TID = 133257091876544 read: iPhone13
Thread with TID = 133256672446144 read: Smartphone
Thread with TID = 133256682931904 read: Gaming Mouse
Thread with TID = 133256561297088 read: Galaxy S23
Thread with TID = 133256550811328 read: HD Webcam
Thread with TID = 133256592754368 read: Smart Light Bulb
Thread with TID = 133256529839808 read: Laptop
Thread with TID = 133256582268608 read: Wireless Microphone
Thread with TID = 133256540325568 read: Smart Doorbell
Thread with TID = 133256571782848 read: Smart Home Hub
Thread with TID = 133256487896768 read: Gaming Console
Thread with TID = 133256508868288 read: Smart Water Bottle
Thread with TID = 133256498382528 read: Noise-Canceling Headphones
Thread with TID = 133256477411008 read: External Hard Drive
Thread with TID = 133256466925248 read: Smart Plug
Thread with TID = 133256519354048 read: Surface Pro
Thread with TID = 133256456439488 read: Tablet Stand
