Process PID: 26967
Thread with TID = 123280583296704 read: Action Camera
Thread with TID = 123280572810944 read: Mini Drone
Thread with TID = 123280562325184 read: Speaker
Thread with TID = 123280551839424 read: Dash Cam
Thread with TID = 123280415524544 read: Electric Kettle
Thread with TID = 123280426010304 read: Electric Scooter
Thread with TID = 123280436496064 read: E-Reader
Thread with TID = 123280405038784 read: Portable Bluetooth Adapter
Thread with TID = 123280394553024 read: iPhone14
Thread with TID = 123280384067264 read: Bluetooth Keyboard
Thread with TID = 123280541353664 read: Gaming Router
Thread with TID = 123280446981824 read: Smart Thermostat
Thread with TID = 123280373581504 read: Mechanical Keyboard
Thread with TID = 123280457467584 read: Mini Fridge
Thread with TID = 123280363095744 read: Soundbar
Thread with TID = 123280352609984 read: Digital Frame
Thread with TID = 123280172254912 read: Bluetooth Speaker
Thread with TID = 123280203712192 read: Tablet
Thread with TID = 123280151283392 read: AirPods
Thread with TID = 123280193226432 read: iPhone13
Thread with TID = 123280119826112 read: 3D Printer
Thread with TID = 123280235169472 read: MacBook Air
Thread with TID = 123280224683712 read: Electric Blanket
Thread with TID = 123280214197952 read: Portable Projector
Thread with TID = 123280130311872 read: Electric Standing Desk
Thread with TID = 123280342124224 read: Home Security Camera
Thread with TID = 123280256140992 read: Digital Tape Measure
Thread with TID = 123280245655232 read: TV
Thread with TID = 123280182740672 read: LED Strip Lights
Thread with TID = 123280140797632 read: Digital Alarm Clock
Thread with TID = 123280161769152 read: Headphones
Thread with TID = 123280109340352 read: Streaming Webcam
Thread with TID = 123280056911552 read: Portable Charger
Thread with TID = 123280035940032 read: Wireless Mouse
Thread with TID = 123280077883072 read: USB Hub
Thread with TID = 123280046425792 read: Laser Projector
Thread with TID = 123280014968512 read: Camera
Thread with TID = 123280098854592 read: Smart Backpack
Thread with TID = 123280088368832 read: Gaming Chair
Thread with TID = 123280025454272 read: Smartwatch
Thread with TID = 123279993996992 read: Electric Bike
Thread with TID = 123279973025472 read: Streaming Stick
Thread with TID = 123279952053952 read: Power Bank
Thread with TID = 123280067397312 read: Robot Vacuum
Thread with TID = 123279941568192 read: GoPro
Thread with TID = 123279920596672 read: Studio Monitor
Thread with TID = 123279931082432 read: Wireless Earbuds
Thread with TID = 123279910110912 read: Gaming Monitor
Thread with TID = 123279899625152 read: Wi-Fi Extender
Thread with TID = 123280004482752 read: Solar Charger
Thread with TID = 123279962539712 read: VR Headset
Thread with TID = 123279983511232 read: MacBook Pro
Thread with TID = 123279889139392 read: Echo Dot
Thread with TID = 123279878653632 read: Smart Glasses
Thread with TID = 123279868167872 read: Wireless Charger
Thread with TID = 123279857682112 read: 4K Monitor
Thread with TID = 123279815739072 read: Fitness Tracker
Thread with TID = 123279805253312 read: iPhone11
Thread with TID = 123279847196352 read: Smart Showerhead
Thread with TID = 123279836710592 read: Drone
Thread with TID = 123279794767552 read: Airpod3
Thread with TID = 123279784281792 read: Gaming Mouse
Thread with TID = 123279773796032 read: Smartphone
Thread with TID = 123279752824512 read: Wireless Microphone
Thread with TID = 123279700395712 read: Laptop
Thread with TID = 123279742338752 read: Smart Home Hub
Thread with TID = 123279721367232 read: HD Webcam
Thread with TID = 123279731852992 read: Galaxy S23
Thread with TID = 123279763310272 read: Smart Light Bulb
Thread with TID = 123279710881472 read: Smart Doorbell
Thread with TID = 123279689909952 read: Surface Pro
Thread with TID = 123279679424192 read: Smart Water Bottle
Thread with TID = 123279668938432 read: Noise-Canceling Headphones
Thread with TID = 123279826224832 read: Kindle Paperwhite
Thread with TID = 123279585052352 read: Gaming Console
Thread with TID = 123279574566592 read: External Hard Drive
Thread with TID = 123279564080832 read: Smart Plug
Thread with TID = 123279553595072 read: Tablet Stand
