Process PID: 13587
Thread with TID = 140737347847872 read: Action Camera
Thread with TID = 140737337362112 read: Mini Drone
Thread with TID = 140737326876352 read: Speaker
Thread with TID = 140737316390592 read: Dash Cam
Thread with TID = 140737305904832 read: Gaming Router
Thread with TID = 140737217824448 read: Mini Fridge
Thread with TID = 140737165395648 read: Portable Bluetooth Adapter
Thread with TID = 140737175881408 read: Electric Kettle
Thread with TID = 140737186367168 read: Electric Scooter
Thread with TID = 140736999720640 read: Mechanical Keyboard
Thread with TID = 140737207338688 read: Smart Thermostat
Thread with TID = 140736989234880 read: Soundbar
Thread with TID = 140737010206400 read: Bluetooth Keyboard
Thread with TID = 140736978749120 read: Digital Frame
Thread with TID = 140737102481088 read: Electric Blanket
Thread with TID = 140737133938368 read: Digital Tape Measure
Thread with TID = 140737144424128 read: Home Security Camera
Thread with TID = 140737123452608 read: TV
Thread with TID = 140736802588352 read: LED Strip Lights
Thread with TID = 140737112966848 read: MacBook Air
Thread with TID = 140736813074112 read: iPhone13
Thread with TID = 140736834045632 read: Portable Projector
Thread with TID = 140737154909888 read: iPhone14
Thread with TID = 140736729188032 read: Streaming Webcam
Thread with TID = 140736760645312 read: Digital Alarm Clock
Thread with TID = 140736823559872 read: Tablet
Thread with TID = 140736750159552 read: Electric Standing Desk
Thread with TID = 140736708216512 read: Gaming Chair
Thread with TID = 140736739673792 read: 3D Printer
Thread with TID = 140736718702272 read: Smart Backpack
Thread with TID = 140736792102592 read: Bluetooth Speaker
Thread with TID = 140736687244992 read: Robot Vacuum
Thread with TID = 140736546735808 read: Laser Projector
Thread with TID = 140736771131072 read: AirPods
Thread with TID = 140736676759232 read: Portable Charger
Thread with TID = 140737196852928 read: E-Reader
Thread with TID = 140736697730752 read: USB Hub
Thread with TID = 140736968263360 read: Wireless Mouse
Thread with TID = 140736781616832 read: Headphones
Thread with TID = 140736882280128 read: Smartwatch
Thread with TID = 140736861308608 read: Solar Charger
Thread with TID = 140736871794368 read: Camera
Thread with TID = 140736655787712 read: Streaming Stick
Thread with TID = 140736515278528 read: Studio Monitor
Thread with TID = 140736666273472 read: MacBook Pro
Thread with TID = 140736494307008 read: Wi-Fi Extender
Thread with TID = 140736412518080 read: Echo Dot
Thread with TID = 140736525764288 read: Wireless Earbuds
Thread with TID = 140736850822848 read: Electric Bike
Thread with TID = 140736504792768 read: Gaming Monitor
Thread with TID = 140736536250048 read: GoPro
Thread with TID = 140736645301952 read: VR Headset
Thread with TID = 140736634816192 read: Power Bank
Thread with TID = 140736391546560 read: Wireless Charger
Thread with TID = 140736381060800 read: 4K Monitor
Thread with TID = 140736402032320 read: Smart Glasses
Thread with TID = 140736370575040 read: Smart Showerhead
Thread with TID = 140736360089280 read: Drone
Thread with TID = 140736246843072 read: Airpod3
Thread with TID = 140736257328832 read: iPhone11
Thread with TID = 140736278300352 read: Kindle Paperwhite
Thread with TID = 140736267814592 read: Fitness Tracker
Thread with TID = 140736236357312 read: Gaming Mouse
Thread with TID = 140736225871552 read: Smartphone
Thread with TID = 140736194414272 read: Smart Home Hub
Thread with TID = 140736173442752 read: HD Webcam
Thread with TID = 140736162956992 read: Smart Doorbell
Thread with TID = 140736152471232 read: Laptop
Thread with TID = 140736131499712 read: Smart Water Bottle
Thread with TID = 140736204900032 read: Wireless Microphone
Thread with TID = 140736215385792 read: Smart Light Bulb
Thread with TID = 140736121013952 read: Noise-Canceling Headphones
Thread with TID = 140736183928512 read: Galaxy S23
Thread with TID = 140736141985472 read: Surface Pro
Thread with TID = 140736110528192 read: Gaming Console
Thread with TID = 140736079070912 read: Tablet Stand
Thread with TID = 140736089556672 read: Smart Plug
Thread with TID = 140736100042432 read: External Hard Drive
