Process PID: 133810
Thread with TID = 140737347847872 read: Action Camera
Thread with TID = 140737337362112 read: Mini Drone
Thread with TID = 140737316390592 read: Dash Cam
Thread with TID = 140737305904832 read: Gaming Router
Thread with TID = 140737207338688 read: Smart Thermostat
Thread with TID = 140737326876352 read: Speaker
Thread with TID = 140737217824448 read: Mini Fridge
Thread with TID = 140737196852928 read: E-Reader
Thread with TID = 140737186367168 read: Electric Scooter
Thread with TID = 140737175881408 read: Electric Kettle
Thread with TID = 140737165395648 read: Portable Bluetooth Adapter
Thread with TID = 140737083606720 read: iPhone14
Thread with TID = 140737073120960 read: Bluetooth Keyboard
Thread with TID = 140737052149440 read: Soundbar
Thread with TID = 140737031177920 read: Home Security Camera
Thread with TID = 140737020692160 read: Digital Tape Measure
Thread with TID = 140737010206400 read: TV
Thread with TID = 140736989234880 read: Electric Blanket
Thread with TID = 140736999720640 read: MacBook Air
Thread with TID = 140737062635200 read: Mechanical Keyboard
Thread with TID = 140737041663680 read: Digital Frame
Thread with TID = 140736844531392 read: Portable Projector
Thread with TID = 140736978749120 read: Tablet
Thread with TID = 140736653690560 read: Laser Projector
Thread with TID = 140736622233280 read: Camera
Thread with TID = 140736643204800 read: Wireless Mouse
Thread with TID = 140736559318720 read: Power Bank
Thread with TID = 140736664176320 read: Portable Charger
Thread with TID = 140736861308608 read: Headphones
Thread with TID = 140736737576640 read: Electric Standing Desk
Thread with TID = 140736611747520 read: Solar Charger
Thread with TID = 140736706119360 read: Smart Backpack
Thread with TID = 140736968263360 read: iPhone13
Thread with TID = 140736685147840 read: USB Hub
Thread with TID = 140736601261760 read: Electric Bike
Thread with TID = 140736590776000 read: MacBook Pro
Thread with TID = 140736548832960 read: GoPro
Thread with TID = 140736517375680 read: Gaming Monitor
Thread with TID = 140736538347200 read: Wireless Earbuds
Thread with TID = 140736527861440 read: Studio Monitor
Thread with TID = 140736632719040 read: Smartwatch
Thread with TID = 140736506889920 read: Wi-Fi Extender
Thread with TID = 140736882280128 read: LED Strip Lights
Thread with TID = 140736834045632 read: AirPods
Thread with TID = 140736748062400 read: Digital Alarm Clock
Thread with TID = 140736716605120 read: Streaming Webcam
Thread with TID = 140736695633600 read: Gaming Chair
Thread with TID = 140736402032320       (read and found): ((Wireless Charger))
Thread with TID = 140736370575040 read: Drone
Thread with TID = 140736727090880 read: 3D Printer
Thread with TID = 140736496404160 read: Echo Dot
Thread with TID = 140736580290240 read: Streaming Stick
Thread with TID = 140736871794368 read: Bluetooth Speaker
Thread with TID = 140736674662080 read: Robot Vacuum
Thread with TID = 140736381060800 read: Smart Showerhead
Thread with TID = 140736360089280 read: Kindle Paperwhite
Thread with TID = 140736179734208 read: Gaming Mouse
Thread with TID = 140736190219968 read: Airpod3
Thread with TID = 140736211191488 read: Fitness Tracker
Thread with TID = 140736200705728       (read and found): ((iPhone11))
Thread with TID = 140736169248448       (read and found): ((Smartphone))
Thread with TID = 140736569804480 read: VR Headset
Thread with TID = 140736412518080 read: Smart Glasses
Thread with TID = 140736391546560 read: 4K Monitor
Thread with TID = 140736158762688 read: Smart Light Bulb
Thread with TID = 140735823218368 read: Smart Plug
Thread with TID = 140735875647168 read: Surface Pro
Thread with TID = 140736009864896 read: Wireless Microphone
Thread with TID = 140735999379136 read: Smart Home Hub
Thread with TID = 140735988893376 read: Galaxy S23
Thread with TID = 140735978407616 read: HD Webcam
Thread with TID = 140735967921856 read: Smart Doorbell
Thread with TID = 140735957436096       (read and found): ((Laptop))
Thread with TID = 140735865161408 read: Smart Water Bottle
Thread with TID = 140735854675648 read: Noise-Canceling Headphones
Thread with TID = 140735833704128 read: External Hard Drive
Thread with TID = 140735741429440 read: Tablet Stand
Thread with TID = 140735844189888 read: Gaming Console
