Process PID: 37218
Thread with TID = 133515045766848 read: Speaker
Thread with TID = 133515035281088 read: Dash Cam
Thread with TID = 133514961880768 read: Portable Bluetooth Adapter
Thread with TID = 133514898966208 read: Home Security Camera
Thread with TID = 133515066738368 read: Action Camera
Thread with TID = 133514930423488 read: Mechanical Keyboard
Thread with TID = 133515056252608 read: Mini Drone
Thread with TID = 133514951395008 read: iPhone14
Thread with TID = 133514940909248 read: Bluetooth Keyboard
Thread with TID = 133515024795328 read: Gaming Router
Thread with TID = 133515003823808 read: Smart Thermostat
Thread with TID = 133515014309568 read: Mini Fridge
Thread with TID = 133514993338048 read: E-Reader
Thread with TID = 133514982852288 read: Electric Scooter
Thread with TID = 133514972366528 read: Electric Kettle
Thread with TID = 133514919937728 read: Soundbar
Thread with TID = 133514909451968 read: Digital Frame
Thread with TID = 133514888480448 read: Digital Tape Measure
Thread with TID = 133514877994688 read: TV
Thread with TID = 133514857023168 read: Electric Blanket
Thread with TID = 133514867508928 read: MacBook Air
Thread with TID = 133514846537408 read: Portable Projector
Thread with TID = 133514760554176 read: Tablet
Thread with TID = 133514739582656 read: LED Strip Lights
Thread with TID = 133514750068416 read: iPhone13
Thread with TID = 133514729096896 read: Bluetooth Speaker
Thread with TID = 133514626336448 read: Digital Alarm Clock
Thread with TID = 133514708125376 read: AirPods
Thread with TID = 133514615850688 read: Electric Standing Desk
Thread with TID = 133514563421888 read: USB Hub
Thread with TID = 133514573907648 read: Gaming Chair
Thread with TID = 133514531964608 read: Laser Projector
Thread with TID = 133514605364928 read: 3D Printer
Thread with TID = 133514718611136 read: Headphones
Thread with TID = 133514552936128 read: Robot Vacuum
Thread with TID = 133514594879168 read: Streaming Webcam
Thread with TID = 133514510993088 read: Smartwatch
Thread with TID = 133514542450368 read: Portable Charger
Thread with TID = 133514584393408 read: Smart Backpack
Thread with TID = 133514521478848 read: Wireless Mouse
Thread with TID = 133514500507328 read: Camera
Thread with TID = 133514479535808 read: Electric Bike
Thread with TID = 133514448078528 read: VR Headset
Thread with TID = 133514437592768 read: Power Bank
Thread with TID = 133514490021568 read: Solar Charger
Thread with TID = 133514469050048 read: MacBook Pro
Thread with TID = 133514458564288 read: Streaming Stick
Thread with TID = 133514427107008 read: GoPro
Thread with TID = 133514416621248 read: Wireless Earbuds
Thread with TID = 133514406135488 read: Studio Monitor
Thread with TID = 133514343220928 read: 4K Monitor
Thread with TID = 133514395649728 read: Gaming Monitor
Thread with TID = 133514385163968 read: Wi-Fi Extender
Thread with TID = 133514374678208 read: Echo Dot
Thread with TID = 133514332735168 read: Smart Showerhead
Thread with TID = 133514364192448 read: Smart Glasses
Thread with TID = 133514353706688 read: Wireless Charger
Thread with TID = 133514322249408 read: Drone
Thread with TID = 133514311763648 read: Kindle Paperwhite
Thread with TID = 133514213197504 read: iPhone11
Thread with TID = 133514202711744 read: Airpod3
Thread with TID = 133514223683264 read: Fitness Tracker
Thread with TID = 133514192225984 read: Gaming Mouse
Thread with TID = 133514181740224 read: Smartphone
Thread with TID = 133514171254464 read: Smart Light Bulb
Thread with TID = 133514150282944 read: Smart Home Hub
Thread with TID = 133514139797184 read: Galaxy S23
Thread with TID = 133514129311424 read: HD Webcam
Thread with TID = 133514160768704 read: Wireless Microphone
Thread with TID = 133514118825664 read: Smart Doorbell
Thread with TID = 133514108339904       (read and found): ((Laptop))
Thread with TID = 133514097854144 read: Surface Pro
Thread with TID = 133514087368384 read: Smart Water Bottle
Thread with TID = 133514076882624 read: Noise-Canceling Headphones
Thread with TID = 133514066396864 read: Gaming Console
Thread with TID = 133514055911104 read: External Hard Drive
Thread with TID = 133514045425344 read: Smart Plug
Thread with TID = 133514034939584 read: Tablet Stand
