Process PID: 35256
Thread with TID = 132514255472320 read: Mini Drone
Thread with TID = 132514234500800 read: Dash Cam
Thread with TID = 132514192557760 read: E-Reader
Thread with TID = 132514203043520 read: Smart Thermostat
Thread with TID = 132514100283072 read: Electric Kettle
Thread with TID = 132514182072000 read: Electric Scooter
Thread with TID = 132514213529280 read: Mini Fridge
Thread with TID = 132514224015040 read: Gaming Router
Thread with TID = 132514244986560 read: Speaker
Thread with TID = 132514265958080 read: Action Camera
Thread with TID = 132514068825792 read: Bluetooth Keyboard
Thread with TID = 132514079311552 read: iPhone14
Thread with TID = 132514058340032 read: Mechanical Keyboard
Thread with TID = 132514047854272 read: Soundbar
Thread with TID = 132514089797312 read: Portable Bluetooth Adapter
Thread with TID = 132513563412160 read: Digital Frame
Thread with TID = 132513552926400 read: Home Security Camera
Thread with TID = 132513490011840 read: Tablet
Thread with TID = 132513521469120 read: MacBook Air
Thread with TID = 132513479526080 read: iPhone13
Thread with TID = 132513500497600 read: Portable Projector
Thread with TID = 132513510983360 read: Electric Blanket
Thread with TID = 132513469040320 read: LED Strip Lights
Thread with TID = 132513542440640 read: Digital Tape Measure
Thread with TID = 132513531954880 read: TV
Thread with TID = 132513458554560 read: Bluetooth Speaker
Thread with TID = 132513437583040 read: AirPods
Thread with TID = 132513406125760 read: 3D Printer
Thread with TID = 132513448068800 read: Headphones
Thread with TID = 132513427097280 read: Digital Alarm Clock
Thread with TID = 132513416611520 read: Electric Standing Desk
Thread with TID = 132513395640000 read: Streaming Webcam
Thread with TID = 132513364182720 read: USB Hub
Thread with TID = 132513385154240 read: Smart Backpack
Thread with TID = 132513374668480 read: Gaming Chair
Thread with TID = 132513353696960 read: Robot Vacuum
Thread with TID = 132513280296640 read: Electric Bike
Thread with TID = 132513311753920 read: Smartwatch
Thread with TID = 132513322239680 read: Wireless Mouse
Thread with TID = 132513269810880 read: MacBook Pro
Thread with TID = 132513259325120 read: Streaming Stick
Thread with TID = 132513238353600 read: Power Bank
Thread with TID = 132513248839360 read: VR Headset
Thread with TID = 132513301268160 read: Camera
Thread with TID = 132513343211200 read: Portable Charger
Thread with TID = 132513332725440 read: Laser Projector
Thread with TID = 132513227867840 read: GoPro
Thread with TID = 132513217382080 read: Wireless Earbuds
Thread with TID = 132513196410560 read: Gaming Monitor
Thread with TID = 132513143981760 read: 4K Monitor
Thread with TID = 132513123010240 read: Drone
Thread with TID = 132513164953280 read: Smart Glasses
Thread with TID = 132513175439040 read: Echo Dot
Thread with TID = 132513133496000 read: Smart Showerhead
Thread with TID = 132513154467520 read: Wireless Charger
Thread with TID = 132513081067200 read: Airpod3
Thread with TID = 132513185924800 read: Wi-Fi Extender
Thread with TID = 132513091552960 read: iPhone11
Thread with TID = 132513290782400 read: Solar Charger
Thread with TID = 132513112524480 read: Kindle Paperwhite
Thread with TID = 132513206896320 read: Studio Monitor
Thread with TID = 132513102038720 read: Fitness Tracker
Thread with TID = 132513070581440 read: Gaming Mouse
Thread with TID = 132513049609920 read: Smart Light Bulb
Thread with TID = 132513060095680 read: Smartphone
Thread with TID = 132513028638400 read: Smart Home Hub
Thread with TID = 132513007666880 read: HD Webcam
Thread with TID = 132512997181120 read: Smart Doorbell
Thread with TID = 132512986695360 read: Laptop
Thread with TID = 132513039124160 read: Wireless Microphone
Thread with TID = 132512976209600 read: Surface Pro
Thread with TID = 132513018152640 read: Galaxy S23
Thread with TID = 132512965723840 read: Smart Water Bottle
Thread with TID = 132512944752320 read: Gaming Console
Thread with TID = 132512955238080 read: Noise-Canceling Headphones
Thread with TID = 132512934266560 read: External Hard Drive
Thread with TID = 132512923780800 read: Smart Plug
Thread with TID = 132512913295040 read: Tablet Stand
