Process PID: 8733
Thread with TID = 124077633177280 read: Action Camera
Thread with TID = 124077622691520 read: Mini Drone
Thread with TID = 124077601720000 read: Dash Cam
Thread with TID = 124077488473792 read: E-Reader
Thread with TID = 124077477988032 read: Electric Scooter
Thread with TID = 124077591234240 read: Gaming Router
Thread with TID = 124077509445312 read: Mini Fridge
Thread with TID = 124077498959552 read: Smart Thermostat
Thread with TID = 124077446530752 read: iPhone14
Thread with TID = 124077457016512 read: Portable Bluetooth Adapter
Thread with TID = 124077436044992 read: Bluetooth Keyboard
Thread with TID = 124077259884224 read: Home Security Camera
Thread with TID = 124077163415232 read: TV
Thread with TID = 124077270369984 read: Digital Frame
Thread with TID = 124077173900992 read: Digital Tape Measure
Thread with TID = 124077280855744 read: Soundbar
Thread with TID = 124077467502272 read: Electric Kettle
Thread with TID = 124077291341504 read: Mechanical Keyboard
Thread with TID = 124077612205760 read: Speaker
Thread with TID = 124077152929472 read: MacBook Air
Thread with TID = 124077425559232 read: Portable Projector
Thread with TID = 124077142443712 read: Electric Blanket
Thread with TID = 124077415073472 read: Tablet
Thread with TID = 124077394101952 read: LED Strip Lights
Thread with TID = 124077404587712 read: iPhone13
Thread with TID = 124077308118720 read: Bluetooth Speaker
Thread with TID = 124077121472192 read: AirPods
Thread with TID = 124077131957952 read: Headphones
Thread with TID = 124076997740224 read: Smart Backpack
Thread with TID = 124077008225984 read: Streaming Webcam
Thread with TID = 124076884494016 read: Portable Charger
Thread with TID = 124077018711744 read: 3D Printer
Thread with TID = 124076905465536 read: USB Hub
Thread with TID = 124076987254464 read: Gaming Chair
Thread with TID = 124076894979776 read: Robot Vacuum
Thread with TID = 124076863522496 read: Wireless Mouse
Thread with TID = 124076771247808 read: Camera
Thread with TID = 124076853036736 read: Smartwatch
Thread with TID = 124076760762048 read: Solar Charger
Thread with TID = 124077039683264 read: Digital Alarm Clock
Thread with TID = 124077029197504 read: Electric Standing Desk
Thread with TID = 124076874008256 read: Laser Projector
Thread with TID = 124076739790528 read: MacBook Pro
Thread with TID = 124076729304768 read: Streaming Stick
Thread with TID = 124076718819008 read: VR Headset
Thread with TID = 124076637030080 read: Power Bank
Thread with TID = 124076626544320 read: GoPro
Thread with TID = 124076750276288 read: Electric Bike
Thread with TID = 124076595087040 read: Gaming Monitor
Thread with TID = 124076574115520 read: Echo Dot
Thread with TID = 124076605572800 read: Studio Monitor
Thread with TID = 124076584601280 read: Wi-Fi Extender
Thread with TID = 124076563629760 read: Smart Glasses
Thread with TID = 124076616058560 read: Wireless Earbuds
Thread with TID = 124076532172480 read: Smart Showerhead
Thread with TID = 124076553144000 read: Wireless Charger
Thread with TID = 124076542658240 read: 4K Monitor
Thread with TID = 124076521686720 read: Drone
Thread with TID = 124076511200960 read: Kindle Paperwhite
Thread with TID = 124076500715200 read: Fitness Tracker
Thread with TID = 124076490229440 read: iPhone11
Thread with TID = 124076479743680 read: Airpod3
Thread with TID = 124076469257920 read: Gaming Mouse
Thread with TID = 124076448286400 read: Smart Light Bulb
Thread with TID = 124076416829120 read: Galaxy S23
Thread with TID = 124076427314880 read: Smart Home Hub
Thread with TID = 124076458772160 read: Smartphone
Thread with TID = 124076406343360 read: HD Webcam
Thread with TID = 124076395857600 read: Smart Doorbell
Thread with TID = 124076385371840 read: Laptop
Thread with TID = 124076374886080 read: Surface Pro
Thread with TID = 124076437800640 read: Wireless Microphone
Thread with TID = 124076353914560 read: Noise-Canceling Headphones
Thread with TID = 124076364400320 read: Smart Water Bottle
Thread with TID = 124076343428800 read: Gaming Console
Thread with TID = 124076332943040 read: External Hard Drive
Thread with TID = 124076322457280 read: Smart Plug
Thread with TID = 124076311971520 read: Tablet Stand
