Process PID: 12830
Thread with TID = 126657811711680 read: Bunk Bed
Thread with TID = 126657769768640 read: Rocking Chair
Thread with TID = 126657748797120 read: Bedside Table
Thread with TID = 126657727825600 read: Wine Rack
Thread with TID = 126657801225920 read: Hallway Mirror
Thread with TID = 126657075611328 read: Utility Cart
Thread with TID = 126657685882560 read: Drawer Chest
Thread with TID = 126657696368320 read: Lamp
Thread with TID = 126657643939520 read: Patio Set
Thread with TID = 126657790740160 read: Hutch
Thread with TID = 126657633453760 read: Nightstand
Thread with TID = 126657822197440 read: Futon
Thread with TID = 126657717339840 read: Decorative Vase
Thread with TID = 126657664911040 read: Storage Trunk
Thread with TID = 126657706854080 read: Media Console
Thread with TID = 126657675396800 read: Coat Rack
Thread with TID = 126657654425280 read: Dining Chair
Thread with TID = 126657759282880 read: Accent Chair
Thread with TID = 126657780254400 read: Desk Lamp
Thread with TID = 126657738311360 read: Shoe Rack
Thread with TID = 126657832683200 read: Sofa
Thread with TID = 126657509721792 read: Entryway Bench
Thread with TID = 126657601996480 read: Sectional Sofa
Thread with TID = 126657622968000 read: Photo Frame
Thread with TID = 126657612482240 read: Storage Cabinet
Thread with TID = 126657591510720 read: Carpet
Thread with TID = 126657467778752 read: Hall Tree
Thread with TID = 126657308395200 read: Murphy Bed
Thread with TID = 126657297909440 read: Dining Hutch
Thread with TID = 126657266452160 read: Wall Clock
Thread with TID = 126657287423680 read: Kitchen Island
Thread with TID = 126657255966400 read: Bookcase
Thread with TID = 126657096582848 read: Floor Lamp
Thread with TID = 126657065125568 read: Outdoor Sofa
Thread with TID = 126657276937920 read: Bar Cart
Thread with TID = 126657488750272 read: Desk Organizer
Thread with TID = 126657086097088 read: Kitchen Stool
Thread with TID = 126656895256256 read: Office Desk
Thread with TID = 126657107068608 read: Ceiling Fan
Thread with TID = 126657054639808 read: Outdoor Umbrella
Thread with TID = 126656905742016 read: Chaise Lounge
Thread with TID = 126656461145792 read: Bedside Chest
Thread with TID = 126656683443904 read: Bar Stools
Thread with TID = 126656704415424 read: Dining Table
Thread with TID = 126656853313216 read: Filing Cabinet
Thread with TID = 126656450660032 read: Gaming Desk
Thread with TID = 126656301762240 read: Ladder Shelf
Thread with TID = 126656693929664 read: Dresser
Thread with TID = 126656884770496 read: Vanity Mirror
Thread with TID = 126656863798976 read: Daybed
Thread with TID = 126656874284736 read: Garden Bench
Thread with TID = 126656249333440 read: Wardrobe
Thread with TID = 126656100435648 read: Room Divider
Thread with TID = 126655878137536 read: Coffee Table
Thread with TID = 126655867651776 read: Standing Mirror
Thread with TID = 126655857166016 read: Electric Fan
Thread with TID = 126657457292992 read: Bed Frame
Thread with TID = 126656482117312 read: TV Stand
Thread with TID = 126656503088832 read: Electric Heater
Thread with TID = 126656270304960 read: Pendant Light
Thread with TID = 126655899109056 read: Armchair
Thread with TID = 126656662472384 read: Bookshelf
Thread with TID = 126655888623296 read: Ottoman
Thread with TID = 126657499236032 read: End Table
Thread with TID = 126656471631552 read: Porch Swing
Thread with TID = 126656280790720 read: Pantry Cabinet
Thread with TID = 126656058492608 read: Wall Shelf
Thread with TID = 126656259819200 read: Loveseat
Thread with TID = 126655687296704 read: Flower Pot
Thread with TID = 126656492603072 read: File Cabinet
Thread with TID = 126656672958144 read: Mattress
Thread with TID = 126656651986624 read: Patio Heater
Thread with TID = 126656291276480 read: Storage Bench
Thread with TID = 126656089949888 read: Table Lamp
Thread with TID = 126656079464128 read: Curtains
Thread with TID = 126656068978368 read: Console Table
Thread with TID = 126656048006848 read: Area Rug
Thread with TID = 126655846680256 read: Storage Cube
Thread with TID = 126655697782464 read: Throw Pillow
Thread with TID = 126655666325184 read: Rug
Thread with TID = 126655676810944 read: Recliner
Thread with TID = 126657478264512 read: Wardrobe Closet
