Process PID: 17166
Thread with TID = 135204213622464 read: Futon
Thread with TID = 135204140222144 read: Bedside Table
Thread with TID = 135204035364544 read: Patio Set
Thread with TID = 135204024878784 read: Nightstand
Thread with TID = 135204182165184 read: Hutch
Thread with TID = 135204203136704 read: Bunk Bed
Thread with TID = 135204192650944 read: Hallway Mirror
Thread with TID = 135204161193664 read: Rocking Chair
Thread with TID = 135204224108224 read: Sofa
Thread with TID = 135203951478464 read: Desk Organizer
Thread with TID = 135204066821824 read: Coat Rack
Thread with TID = 135204056336064 read: Storage Trunk
Thread with TID = 135204129736384 read: Shoe Rack
Thread with TID = 135203972449984 read: Entryway Bench
Thread with TID = 135203961964224 read: End Table
Thread with TID = 135203940992704 read: Wardrobe Closet
Thread with TID = 135204108764864 read: Decorative Vase
Thread with TID = 135204077307584 read: Drawer Chest
Thread with TID = 135204171679424 read: Desk Lamp
Thread with TID = 135204087793344 read: Lamp
Thread with TID = 135204150707904 read: Accent Chair
Thread with TID = 135204014393024 read: Photo Frame
Thread with TID = 135204119250624 read: Wine Rack
Thread with TID = 135203982935744 read: Carpet
Thread with TID = 135204003907264 read: Storage Cabinet
Thread with TID = 135203909535424 read: Murphy Bed
Thread with TID = 135203198600896 read: Mattress
Thread with TID = 135203018245824 read: File Cabinet
Thread with TID = 135202361837248 read: Throw Pillow
Thread with TID = 135203771123392 read: Ceiling Fan
Thread with TID = 135203622225600 read: Floor Lamp
Thread with TID = 135203792094912 read: Wall Clock
Thread with TID = 135203823552192 read: Dining Hutch
Thread with TID = 135203601254080 read: Utility Cart
Thread with TID = 135203802580672 read: Bar Cart
Thread with TID = 135203920021184 read: Bed Frame
Thread with TID = 135203781609152 read: Bookcase
Thread with TID = 135203813066432 read: Kitchen Island
Thread with TID = 135203177629376 read: Patio Heater
Thread with TID = 135203167143616 read: Electric Heater
Thread with TID = 135203389441728 read: Daybed
Thread with TID = 135203188115136 read: Bookshelf
Thread with TID = 135203378955968 read: Filing Cabinet
Thread with TID = 135202191967936 read: Rug
Thread with TID = 135202986788544 read: Bedside Chest
Thread with TID = 135203209086656 read: Bar Stools
Thread with TID = 135202997274304 read: Porch Swing
Thread with TID = 135203420899008 read: Office Desk
Thread with TID = 135203219572416 read: Dresser
Thread with TID = 135203611739840 read: Kitchen Stool
Thread with TID = 135203368470208 read: Dining Table
Thread with TID = 135202785461952 read: Loveseat
Thread with TID = 135202806433472 read: Pantry Cabinet
Thread with TID = 135203007760064 read: TV Stand
Thread with TID = 135202816919232 read: Storage Bench
Thread with TID = 135203410413248 read: Vanity Mirror
Thread with TID = 135203569796800 read: Chaise Lounge
Thread with TID = 135203399927488 read: Garden Bench
Thread with TID = 135202976302784 read: Gaming Desk
Thread with TID = 135202795947712 read: Pendant Light
Thread with TID = 135203590768320 read: Outdoor Sofa
Thread with TID = 135203580282560 read: Outdoor Umbrella
Thread with TID = 135202965817024 read: Ladder Shelf
Thread with TID = 135204098279104 read: Media Console
Thread with TID = 135203930506944 read: Hall Tree
Thread with TID = 135203993421504 read: Sectional Sofa
Thread with TID = 135202403780288 read: Coffee Table
Thread with TID = 135202563163840 read: Armchair
Thread with TID = 135202605106880 read: Curtains
Thread with TID = 135202764490432 read: Room Divider
Thread with TID = 135202202453696 read: Recliner
Thread with TID = 135202382808768 read: Electric Fan
Thread with TID = 135202372323008 read: Storage Cube
Thread with TID = 135202774976192 read: Wardrobe
Thread with TID = 135202393294528 read: Standing Mirror
Thread with TID = 135202414266048 read: Ottoman
Thread with TID = 135202573649600 read: Area Rug
Thread with TID = 135202594621120 read: Console Table
Thread with TID = 135202212939456 read: Flower Pot
Thread with TID = 135202615592640 read: Table Lamp
Thread with TID = 135204045850304 read: Dining Chair
Thread with TID = 135202584135360 read: Wall Shelf
