Process PID: 4338
Thread with TID = 138817984005824 read: Futon
Thread with TID = 138817952548544 read: Hutch
Thread with TID = 138817868662464 read: Media Console
Thread with TID = 138817847690944 read: Drawer Chest
Thread with TID = 138817942062784 read: Desk Lamp
Thread with TID = 138817889633984 read: Wine Rack
Thread with TID = 138817963034304 read: Hallway Mirror
Thread with TID = 138817900119744 read: Shoe Rack
Thread with TID = 138817837205184 read: Coat Rack
Thread with TID = 138817879148224 read: Decorative Vase
Thread with TID = 138817973520064 read: Bunk Bed
Thread with TID = 138817921091264 read: Accent Chair
Thread with TID = 138817858176704 read: Lamp
Thread with TID = 138817931577024 read: Rocking Chair
Thread with TID = 138817910605504 read: Bedside Table
Thread with TID = 138817816233664 read: Dining Chair
Thread with TID = 138817826719424 read: Storage Trunk
Thread with TID = 138817805747904 read: Patio Set
Thread with TID = 138817795262144 read: Nightstand
Thread with TID = 138817994491584 read: Sofa
Thread with TID = 138817480689344 read: Bed Frame
Thread with TID = 138817692501696 read: Sectional Sofa
Thread with TID = 138817702987456 read: Storage Cabinet
Thread with TID = 138817501660864 read: Wardrobe Closet
Thread with TID = 138817671530176 read: Entryway Bench
Thread with TID = 138817650558656 read: Desk Organizer
Thread with TID = 138817661044416 read: End Table
Thread with TID = 138817491175104 read: Hall Tree
Thread with TID = 138817682015936 read: Carpet
Thread with TID = 138817784776384 read: Photo Frame
Thread with TID = 138817470203584 read: Murphy Bed
Thread with TID = 138817300334272 read: Bar Cart
Thread with TID = 138817279362752 read: Bookcase
Thread with TID = 138817449232064 read: Kitchen Island
Thread with TID = 138817258391232 read: Floor Lamp
Thread with TID = 138817459717824 read: Dining Hutch
Thread with TID = 138817289848512 read: Wall Clock
Thread with TID = 138817088521920 read: Outdoor Sofa
Thread with TID = 138816463570624 read: Ladder Shelf
Thread with TID = 138817078036160 read: Outdoor Umbrella
Thread with TID = 138816442599104 read: Pantry Cabinet
Thread with TID = 138817268876992 read: Ceiling Fan
Thread with TID = 138816484542144 read: Bedside Chest
Thread with TID = 138816897681088 read: Garden Bench
Thread with TID = 138817067550400 read: Chaise Lounge
Thread with TID = 138816453084864 read: Storage Bench
Thread with TID = 138816685868736 read: Bookshelf
Thread with TID = 138817247905472 read: Kitchen Stool
Thread with TID = 138816664897216 read: Electric Heater
Thread with TID = 138816643925696 read: TV Stand
Thread with TID = 138817057064640 read: Office Desk
Thread with TID = 138816696354496 read: Mattress
Thread with TID = 138817099007680 read: Utility Cart
Thread with TID = 138816474056384 read: Gaming Desk
Thread with TID = 138816495027904 read: Porch Swing
Thread with TID = 138816675382976 read: Patio Heater
Thread with TID = 138816654411456 read: File Cabinet
Thread with TID = 138816845252288 read: Bar Stools
Thread with TID = 138816855738048 read: Dresser
Thread with TID = 138816866223808 read: Dining Table
Thread with TID = 138816876709568 read: Filing Cabinet
Thread with TID = 138816887195328 read: Daybed
Thread with TID = 138817046578880 read: Vanity Mirror
Thread with TID = 138816251758272 read: Table Lamp
Thread with TID = 138816241272512 read: Curtains
Thread with TID = 138816272729792 read: Wardrobe
Thread with TID = 138816283215552 read: Loveseat
Thread with TID = 138816262244032 read: Room Divider
Thread with TID = 138815987517120 read: Flower Pot
Thread with TID = 138816039945920 read: Coffee Table
Thread with TID = 138816060917440 read: Armchair
Thread with TID = 138816092374720 read: Console Table
Thread with TID = 138816050431680 read: Ottoman
Thread with TID = 138816071403200 read: Area Rug
Thread with TID = 138816029460160 read: Standing Mirror
Thread with TID = 138816081888960 read: Wall Shelf
Thread with TID = 138816018974400 read: Electric Fan
Thread with TID = 138816008488640 read: Storage Cube
Thread with TID = 138815966545600 read: Rug
Thread with TID = 138815977031360 read: Recliner
Thread with TID = 138815998002880 read: Throw Pillow
Thread with TID = 138816293701312 read: Pendant Light
