Process PID: 8951
Thread with TID = 137040505079488 read: Photo Frame
Thread with TID = 137040431679168 read: Patio Heater
Thread with TID = 137040442164928 read: Standing Mirror
Thread with TID = 137040484107968 read: Storage Bench
Thread with TID = 137040515565248 read: Porch Swing
Thread with TID = 137040494593728 read: Wardrobe Closet
Thread with TID = 137040421193408 read: TV Stand
Thread with TID = 137040473622208 read: Bedside Table
Thread with TID = 137040526051008 read: Daybed
Thread with TID = 137040410707648 read: Pantry Cabinet
Thread with TID = 137040123397824 read: Dining Chair
Thread with TID = 137040463136448 read: Outdoor Umbrella
Thread with TID = 137040452650688 read: Electric Heater
Thread with TID = 137040324724416 read: Floor Lamp
Thread with TID = 137040293267136 read: Ottoman
Thread with TID = 137040303752896 read: Recliner
Thread with TID = 137040102426304 read: Sectional Sofa
Thread with TID = 137040091940544 read: Throw Pillow
Thread with TID = 137040081454784 read: Patio Set
Thread with TID = 137040314238656 read: Futon
Thread with TID = 137040272295616 read: Curtains
Thread with TID = 137040112912064 read: Office Desk
Thread with TID = 137040070969024 read: Dining Hutch
Thread with TID = 137040282781376 read: Coat Rack
Thread with TID = 137039911585472 read: Bunk Bed
Thread with TID = 137039922071232 read: File Cabinet
Thread with TID = 137039901099712 read: Gaming Desk
Thread with TID = 137039890613952 read: Desk Lamp
Thread with TID = 137039880128192 read: Storage Cabinet
Thread with TID = 137039838185152 read: Murphy Bed
Thread with TID = 137039827699392 read: Storage Trunk
Thread with TID = 137039806727872 read: Shoe Rack
Thread with TID = 137039817213632 read: Kitchen Island
Thread with TID = 137039796242112 read: Carpet
Thread with TID = 137039859156672 read: Mattress
Thread with TID = 137039775270592 read: Flower Pot
Thread with TID = 137039785756352 read: Storage Cube
Thread with TID = 137039848670912 read: Bed Frame
Thread with TID = 137039869642432 read: Loveseat
Thread with TID = 137039764784832 read: Wardrobe
Thread with TID = 137039743813312 read: Decorative Vase
Thread with TID = 137039754299072 read: Hutch
Thread with TID = 137039733327552 read: Entryway Bench
Thread with TID = 137039712356032 read: Wall Shelf
Thread with TID = 137039722841792 read: Sofa
Thread with TID = 137039680898752 read: Ladder Shelf
Thread with TID = 137039701870272 read: Chaise Lounge
Thread with TID = 137039670412992 read: Media Console
Thread with TID = 137039649441472 read: Hall Tree
Thread with TID = 137039659927232 read: Bar Stools
Thread with TID = 137039638955712 read: Kitchen Stool
Thread with TID = 137039691384512 read: Lamp
Thread with TID = 137039628469952 read: Dining Table
Thread with TID = 137039617984192 read: Nightstand
Thread with TID = 137039597012672 read: Vanity Mirror
Thread with TID = 137039607498432 read: End Table
Thread with TID = 137039586526912 read: Pendant Light
Thread with TID = 137039576041152 read: Accent Chair
Thread with TID = 137039565555392 read: Room Divider
Thread with TID = 137039471183552 read: Rug
Thread with TID = 137039513126592 read: Bookshelf
Thread with TID = 137039502640832 read: Ceiling Fan
Thread with TID = 137039555069632 read: Bookcase
Thread with TID = 137039450212032 read: Garden Bench
Thread with TID = 137039481669312 read: Drawer Chest
Thread with TID = 137039544583872 read: Dresser
Thread with TID = 137039534098112 read: Bedside Chest
Thread with TID = 137039523612352 read: Bar Cart
Thread with TID = 137039460697792 read: Wine Rack
Thread with TID = 137039492155072 read: Electric Fan
Thread with TID = 137039439726272 read: Utility Cart
Thread with TID = 137039429240512 read: Outdoor Sofa
Thread with TID = 137039418754752 read: Area Rug
Thread with TID = 137039408268992 read: Table Lamp
Thread with TID = 137039387297472 read: Armchair
Thread with TID = 137039355840192 read: Console Table
Thread with TID = 137039345354432 read: Wall Clock
Thread with TID = 137039334868672 read: Coffee Table
Thread with TID = 137039324382912 read: Hallway Mirror
Thread with TID = 137039376811712 read: Filing Cabinet
Thread with TID = 137039397783232 read: Desk Organizer
Thread with TID = 137039366325952 read: Rocking Chair
