Process PID: 13358
Thread with TID = 134536291681984 read: Standing Mirror
Thread with TID = 134536375568064 read: Daybed
Thread with TID = 134536365082304 read: Porch Swing
Thread with TID = 134536354596544 read: Photo Frame
Thread with TID = 134536323139264 read: Bedside Table
Thread with TID = 134536312653504 read: Outdoor Umbrella
Thread with TID = 134536249738944 read: Dining Chair
Thread with TID = 134536260224704 read: Pantry Cabinet
Thread with TID = 134536302167744 read: Electric Heater
Thread with TID = 134536344110784 read: Wardrobe Closet
Thread with TID = 134536218281664 read: Recliner
Thread with TID = 134536270710464 read: TV Stand
Thread with TID = 134536281196224 read: Patio Heater
Thread with TID = 134536333625024 read: Storage Bench
Thread with TID = 134536239253184 read: Floor Lamp
Thread with TID = 134536228767424 read: Futon
Thread with TID = 134536207795904 read: Ottoman
Thread with TID = 134536197310144 read: Coat Rack
Thread with TID = 134536090355392 read: Sectional Sofa
Thread with TID = 134536186824384 read: Curtains
Thread with TID = 134536176338624 read: Office Desk
Thread with TID = 134535857571520 read: Loveseat
Thread with TID = 134536048412352 read: File Cabinet
Thread with TID = 134536058898112 read: Dining Hutch
Thread with TID = 134536037926592 read: Bunk Bed
Thread with TID = 134536079869632 read: Throw Pillow
Thread with TID = 134535889028800 read: Gaming Desk
Thread with TID = 134535878543040 read: Desk Lamp
Thread with TID = 134536069383872 read: Patio Set
Thread with TID = 134535868057280 read: Storage Cabinet
Thread with TID = 134535847085760 read: Mattress
Thread with TID = 134535836600000 read: Bed Frame
Thread with TID = 134535826114240 read: Murphy Bed
Thread with TID = 134535784171200 read: Carpet
Thread with TID = 134535815628480 read: Storage Trunk
Thread with TID = 134535763199680 read: Flower Pot
Thread with TID = 134535773685440 read: Storage Cube
Thread with TID = 134535805142720 read: Kitchen Island
Thread with TID = 134535794656960 read: Shoe Rack
Thread with TID = 134535752713920 read: Wardrobe
Thread with TID = 134535721256640 read: Entryway Bench
Thread with TID = 134535668827840 read: Ladder Shelf
Thread with TID = 134535710770880 read: Sofa
Thread with TID = 134535742228160 read: Hutch
Thread with TID = 134535689799360 read: Chaise Lounge
Thread with TID = 134535658342080 read: Media Console
Thread with TID = 134535605913280 read: Nightstand
Thread with TID = 134535637370560 read: Hall Tree
Thread with TID = 134535731742400 read: Decorative Vase
Thread with TID = 134535584941760 read: Vanity Mirror
Thread with TID = 134535626884800 read: Kitchen Stool
Thread with TID = 134535700285120 read: Wall Shelf
Thread with TID = 134535553484480 read: Room Divider
Thread with TID = 134535679313600 read: Lamp
Thread with TID = 134535563970240 read: Accent Chair
Thread with TID = 134535616399040 read: Dining Table
Thread with TID = 134535595427520 read: End Table
Thread with TID = 134535574456000 read: Pendant Light
Thread with TID = 134535647856320 read: Bar Stools
Thread with TID = 134535542998720 read: Bookcase
Thread with TID = 134535532512960 read: Bedside Chest
Thread with TID = 134535419266752 read: Dresser
Thread with TID = 134535511541440 read: Bookshelf
Thread with TID = 134535501055680 read: Ceiling Fan
Thread with TID = 134535408780992 read: Electric Fan
Thread with TID = 134535522027200 read: Bar Cart
Thread with TID = 134535398295232 read: Drawer Chest
Thread with TID = 134535366837952 read: Garden Bench
Thread with TID = 134535345866432 read: Outdoor Sofa
Thread with TID = 134535314409152 read: Desk Organizer
Thread with TID = 134535272466112 read: Console Table
Thread with TID = 134535261980352 read: Wall Clock
Thread with TID = 134535282951872 read: Rocking Chair
Thread with TID = 134535335380672 read: Area Rug
Thread with TID = 134535387809472 read: Rug
Thread with TID = 134535377323712 read: Wine Rack
Thread with TID = 134535356352192 read: Utility Cart
Thread with TID = 134535324894912 read: Table Lamp
Thread with TID = 134535303923392 read: Armchair
Thread with TID = 134535293437632 read: Filing Cabinet
Thread with TID = 134535251494592 read: Coffee Table
Thread with TID = 134535241008832 read: Hallway Mirror
