Process PID: 11188
Thread with TID = 125316433446592 read: Daybed
Thread with TID = 125316339074752 read: Patio Heater
Thread with TID = 125316381017792 read: Bedside Table
Thread with TID = 125316422960832 read: Porch Swing
Thread with TID = 125316412475072 read: Photo Frame
Thread with TID = 125316360046272 read: Electric Heater
Thread with TID = 125316307617472 read: Floor Lamp
Thread with TID = 125316328588992 read: TV Stand
Thread with TID = 125316204857024 read: Dining Chair
Thread with TID = 125316297131712 read: Futon
Thread with TID = 125316318103232 read: Pantry Cabinet
Thread with TID = 125316194371264 read: Ottoman
Thread with TID = 125316401989312 read: Wardrobe Closet
Thread with TID = 125316183885504 read: Coat Rack
Thread with TID = 125316173399744 read: Curtains
Thread with TID = 125316060153536 read: Patio Set
Thread with TID = 125316286645952 read: Recliner
Thread with TID = 125316049667776 read: Dining Hutch
Thread with TID = 125316391503552 read: Storage Bench
Thread with TID = 125316039182016 read: File Cabinet
Thread with TID = 125316028696256 read: Bunk Bed
Thread with TID = 125316162913984 read: Office Desk
Thread with TID = 125316152428224 read: Sectional Sofa
Thread with TID = 125316070639296 read: Throw Pillow
Thread with TID = 125316018210496 read: Gaming Desk
Thread with TID = 125316370532032 read: Outdoor Umbrella
Thread with TID = 125316349560512 read: Standing Mirror
Thread with TID = 125315936421568 read: Desk Lamp
Thread with TID = 125315915450048 read: Loveseat
Thread with TID = 125315904964288 read: Mattress
Thread with TID = 125315894478528 read: Bed Frame
Thread with TID = 125315925935808 read: Storage Cabinet
Thread with TID = 125315883992768 read: Murphy Bed
Thread with TID = 125315802203840 read: Storage Trunk
Thread with TID = 125315770746560 read: Carpet
Thread with TID = 125315667986112 read: Wardrobe
Thread with TID = 125315636528832 read: Entryway Bench
Thread with TID = 125315749775040 read: Flower Pot
Thread with TID = 125315657500352 read: Hutch
Thread with TID = 125315760260800 read: Storage Cube
Thread with TID = 125315647014592 read: Decorative Vase
Thread with TID = 125315781232320 read: Shoe Rack
Thread with TID = 125315791718080 read: Kitchen Island
Thread with TID = 125315626043072 read: Sofa
Thread with TID = 125315531671232 read: Dining Table
Thread with TID = 125315605071552 read: Chaise Lounge
Thread with TID = 125315552642752 read: Hall Tree
Thread with TID = 125315510699712 read: End Table
Thread with TID = 125315615557312 read: Wall Shelf
Thread with TID = 125315594585792 read: Lamp
Thread with TID = 125315573614272 read: Media Console
Thread with TID = 125315542156992 read: Kitchen Stool
Thread with TID = 125315584100032 read: Ladder Shelf
Thread with TID = 125315521185472 read: Nightstand
Thread with TID = 125315563128512 read: Bar Stools
Thread with TID = 125315500213952 read: Vanity Mirror
Thread with TID = 125315489728192 read: Pendant Light
Thread with TID = 125315468756672 read: Room Divider
Thread with TID = 125315426813632 read: Bar Cart
Thread with TID = 125315405842112 read: Ceiling Fan
Thread with TID = 125315395356352 read: Electric Fan
Thread with TID = 125315384870592 read: Drawer Chest
Thread with TID = 125315363899072 read: Wine Rack
Thread with TID = 125315374384832 read: Rug
Thread with TID = 125315437299392 read: Bedside Chest
Thread with TID = 125315353413312 read: Garden Bench
Thread with TID = 125315479242432 read: Accent Chair
Thread with TID = 125315416327872 read: Bookshelf
Thread with TID = 125315342927552 read: Utility Cart
Thread with TID = 125315447785152 read: Dresser
Thread with TID = 125315458270912 read: Bookcase
Thread with TID = 125315332441792 read: Outdoor Sofa
Thread with TID = 125315311470272 read: Table Lamp
Thread with TID = 125315321956032 read: Area Rug
Thread with TID = 125315300984512 read: Desk Organizer
Thread with TID = 125315280012992 read: Filing Cabinet
Thread with TID = 125315269527232 read: Rocking Chair
Thread with TID = 125315248555712 read: Wall Clock
Thread with TID = 125315238069952 read: Coffee Table
Thread with TID = 125315227584192 read: Hallway Mirror
Thread with TID = 125315259041472 read: Console Table
Thread with TID = 125315290498752 read: Armchair
