Process PID: 15536
Thread with TID = 138243716679360 read: Daybed
Thread with TID = 138243685222080 read: Wardrobe Closet
Thread with TID = 138243590850240 read: Dining Chair
Thread with TID = 138243695707840 read: Photo Frame
Thread with TID = 138243622307520 read: Patio Heater
Thread with TID = 138243706193600 read: Porch Swing
Thread with TID = 138243632793280 read: Standing Mirror
Thread with TID = 138243601336000 read: Pantry Cabinet
Thread with TID = 138243611821760 read: TV Stand
Thread with TID = 138243506964160 read: Sectional Sofa
Thread with TID = 138243664250560 read: Bedside Table
Thread with TID = 138243674736320 read: Storage Bench
Thread with TID = 138243653764800 read: Outdoor Umbrella
Thread with TID = 138243580364480 read: Floor Lamp
Thread with TID = 138243559392960 read: Recliner
Thread with TID = 138243569878720 read: Futon
Thread with TID = 138243548907200 read: Ottoman
Thread with TID = 138243538421440 read: Coat Rack
Thread with TID = 138243527935680 read: Curtains
Thread with TID = 138243517449920 read: Office Desk
Thread with TID = 138243643279040 read: Electric Heater
Thread with TID = 138243496478400 read: Throw Pillow
Thread with TID = 138243475506880 read: Dining Hutch
Thread with TID = 138243343386304 read: Loveseat
Thread with TID = 138243385329344 read: Bunk Bed
Thread with TID = 138243465021120 read: File Cabinet
Thread with TID = 138243353872064 read: Storage Cabinet
Thread with TID = 138242905081536 read: Flower Pot
Thread with TID = 138243332900544 read: Mattress
Thread with TID = 138243184002752 read: Bed Frame
Thread with TID = 138243173516992 read: Murphy Bed
Thread with TID = 138243142059712 read: Shoe Rack
Thread with TID = 138243374843584 read: Gaming Desk
Thread with TID = 138243163031232 read: Storage Trunk
Thread with TID = 138243131573952 read: Carpet
Thread with TID = 138243485992640 read: Patio Set
Thread with TID = 138243152545472 read: Kitchen Island
Thread with TID = 138242894595776 read: Wardrobe
Thread with TID = 138243364357824 read: Desk Lamp
Thread with TID = 138242915567296 read: Storage Cube
Thread with TID = 138242873624256 read: Decorative Vase
Thread with TID = 138242884110016 read: Hutch
Thread with TID = 138242781349568 read: Sofa
Thread with TID = 138242760378048 read: Chaise Lounge
Thread with TID = 138242770863808 read: Wall Shelf
Thread with TID = 138242739406528 read: Ladder Shelf
Thread with TID = 138242863138496 read: Entryway Bench
Thread with TID = 138242728920768 read: Media Console
Thread with TID = 138242686977728 read: Dining Table
Thread with TID = 138242666006208 read: End Table
Thread with TID = 138242676491968 read: Nightstand
Thread with TID = 138242697463488 read: Kitchen Stool
Thread with TID = 138242718435008 read: Bar Stools
Thread with TID = 138242749892288 read: Lamp
Thread with TID = 138242655520448 read: Vanity Mirror
Thread with TID = 138242707949248 read: Hall Tree
Thread with TID = 138242645034688 read: Pendant Light
Thread with TID = 138242603091648 read: Dresser
Thread with TID = 138242613577408 read: Bookcase
Thread with TID = 138242634548928 read: Accent Chair
Thread with TID = 138242592605888 read: Bedside Chest
Thread with TID = 138242624063168 read: Room Divider
Thread with TID = 138242508719808 read: Garden Bench
Thread with TID = 138242498234048 read: Utility Cart
Thread with TID = 138242571634368 read: Bookshelf
Thread with TID = 138242582120128 read: Bar Cart
Thread with TID = 138242561148608 read: Ceiling Fan
Thread with TID = 138242550662848 read: Electric Fan
Thread with TID = 138242540177088 read: Drawer Chest
Thread with TID = 138242529691328 read: Rug
Thread with TID = 138242519205568 read: Wine Rack
Thread with TID = 138242487748288 read: Outdoor Sofa
Thread with TID = 138242477262528 read: Area Rug
Thread with TID = 138242456291008 read: Desk Organizer
Thread with TID = 138242466776768 read: Table Lamp
Thread with TID = 138242445805248 read: Armchair
Thread with TID = 138242435319488 read: Filing Cabinet
Thread with TID = 138242414347968 read: Console Table
Thread with TID = 138242424833728 read: Rocking Chair
Thread with TID = 138242403862208 read: Wall Clock
Thread with TID = 138242382890688 read: Hallway Mirror
Thread with TID = 138242393376448 read: Coffee Table
