Process PID: 6164
Thread with TID = 125075900597952 read: Wardrobe Closet
Thread with TID = 125075932055232 read: Daybed
Thread with TID = 125075921569472 read: Porch Swing
Thread with TID = 125075911083712 read: Photo Frame
Thread with TID = 125075890112192 read: Storage Bench
Thread with TID = 125075879626432 read: Bedside Table
Thread with TID = 125075848169152 read: Standing Mirror
Thread with TID = 125075869140672 read: Outdoor Umbrella
Thread with TID = 125075858654912 read: Electric Heater
Thread with TID = 125075837683392 read: Patio Heater
Thread with TID = 125075701368512 read: Recliner
Thread with TID = 125075753797312 read: TV Stand
Thread with TID = 125075743311552 read: Pantry Cabinet
Thread with TID = 125075732825792 read: Dining Chair
Thread with TID = 125075567150784 read: Throw Pillow
Thread with TID = 125075722340032 read: Floor Lamp
Thread with TID = 125075464390336 read: File Cabinet
Thread with TID = 125075711854272 read: Futon
Thread with TID = 125075619579584 read: Ottoman
Thread with TID = 125075609093824 read: Coat Rack
Thread with TID = 125075474876096 read: Dining Hutch
Thread with TID = 125075577636544 read: Sectional Sofa
Thread with TID = 125075598608064 read: Curtains
Thread with TID = 125075485361856 read: Patio Set
Thread with TID = 125075588122304 read: Office Desk
Thread with TID = 125075453904576 read: Bunk Bed
Thread with TID = 125075443418816 read: Gaming Desk
Thread with TID = 125075432933056 read: Desk Lamp
Thread with TID = 125075351144128 read: Storage Cabinet
Thread with TID = 125075340658368 read: Loveseat
Thread with TID = 125075309201088 read: Murphy Bed
Thread with TID = 125075330172608 read: Mattress
Thread with TID = 125075298715328 read: Storage Trunk
Thread with TID = 125075288229568 read: Kitchen Island
Thread with TID = 125075277743808 read: Shoe Rack
Thread with TID = 125075267258048 read: Carpet
Thread with TID = 125075319686848 read: Bed Frame
Thread with TID = 125075235800768 read: Wardrobe
Thread with TID = 125075246286528 read: Flower Pot
Thread with TID = 125075256772288 read: Storage Cube
Thread with TID = 125075214829248 read: Decorative Vase
Thread with TID = 125075225315008 read: Hutch
Thread with TID = 125075204343488 read: Entryway Bench
Thread with TID = 125075193857728 read: Sofa
Thread with TID = 125075183371968 read: Wall Shelf
Thread with TID = 125075162400448 read: Lamp
Thread with TID = 125075172886208 read: Chaise Lounge
Thread with TID = 125075109971648 read: Kitchen Stool
Thread with TID = 125075120457408 read: Hall Tree
Thread with TID = 125075099485888 read: Dining Table
Thread with TID = 125075089000128 read: Nightstand
Thread with TID = 125075047057088 read: Accent Chair
Thread with TID = 125075151914688 read: Ladder Shelf
Thread with TID = 125075130943168 read: Bar Stools
Thread with TID = 125075078514368 read: End Table
Thread with TID = 125075015599808 read: Dresser
Thread with TID = 125075005114048 read: Bedside Chest
Thread with TID = 125075068028608 read: Vanity Mirror
Thread with TID = 125075141428928 read: Media Console
Thread with TID = 125075036571328 read: Room Divider
Thread with TID = 125074973656768 read: Ceiling Fan
Thread with TID = 125075026085568 read: Bookcase
Thread with TID = 125074984142528 read: Bookshelf
Thread with TID = 125075057542848 read: Pendant Light
Thread with TID = 125074994628288 read: Bar Cart
Thread with TID = 125074963171008 read: Electric Fan
Thread with TID = 125074942199488 read: Rug
Thread with TID = 125074952685248 read: Drawer Chest
Thread with TID = 125074931713728 read: Wine Rack
Thread with TID = 125074780718784 read: Filing Cabinet
Thread with TID = 125074879284928 read: Table Lamp
Thread with TID = 125074921227968 read: Garden Bench
Thread with TID = 125074910742208 read: Utility Cart
Thread with TID = 125074889770688 read: Area Rug
Thread with TID = 125074858313408 read: Armchair
Thread with TID = 125074868799168 read: Desk Organizer
Thread with TID = 125074900256448 read: Outdoor Sofa
Thread with TID = 125074837341888 read: Console Table
Thread with TID = 125074847827648 read: Rocking Chair
Thread with TID = 125074826856128 read: Wall Clock
Thread with TID = 125074816370368 read: Coffee Table
Thread with TID = 125074805884608 read: Hallway Mirror
