Process PID: 14930
Thread with TID = 131711880922816 read: Bar Stools
Thread with TID = 131712153552576 read: Entryway Bench
Thread with TID = 131711891408576 read: Dresser
Thread with TID = 131712174524096 read: Sectional Sofa
Thread with TID = 131711859951296 read: Bookshelf
Thread with TID = 131711870437056 read: Mattress
Thread with TID = 131712185009856 read: Storage Cabinet
Thread with TID = 131712164038336 read: Carpet
Thread with TID = 131712394725056 read: Futon
Thread with TID = 131711996266176 read: Utility Cart
Thread with TID = 131712006751936 read: Kitchen Stool
Thread with TID = 131711922865856 read: Daybed
Thread with TID = 131711943837376 read: Vanity Mirror
Thread with TID = 131711933351616 read: Garden Bench
Thread with TID = 131711954323136 read: Office Desk
Thread with TID = 131711912380096 read: Filing Cabinet
Thread with TID = 131711964808896 read: Chaise Lounge
Thread with TID = 131712017237696 read: Floor Lamp
Thread with TID = 131711975294656 read: Outdoor Umbrella
Thread with TID = 131712027723456 read: Ceiling Fan
Thread with TID = 131711985780416 read: Outdoor Sofa
Thread with TID = 131712038209216 read: Bookcase
Thread with TID = 131712384239296 read: Bunk Bed
Thread with TID = 131712405210816 read: Sofa
Thread with TID = 131711694276288 read: Storage Bench
Thread with TID = 131711838979776 read: Electric Heater
Thread with TID = 131711746705088 read: TV Stand
Thread with TID = 131711736219328 read: Porch Swing
Thread with TID = 131712352782016 read: Desk Lamp
Thread with TID = 131711725733568 read: Bedside Chest
Thread with TID = 131711828494016 read: File Cabinet
Thread with TID = 131712101123776 read: Bed Frame
Thread with TID = 131712048694976 read: Wall Clock
Thread with TID = 131712090638016 read: Murphy Bed
Thread with TID = 131712059180736 read: Bar Cart
Thread with TID = 131712080152256 read: Dining Hutch
Thread with TID = 131712111609536 read: Hall Tree
Thread with TID = 131712331810496 read: Accent Chair
Thread with TID = 131712342296256 read: Rocking Chair
Thread with TID = 131712321324736 read: Bedside Table
Thread with TID = 131712268895936 read: Lamp
Thread with TID = 131712237438656 read: Storage Trunk
Thread with TID = 131712258410176 read: Drawer Chest
Thread with TID = 131712247924416 read: Coat Rack
Thread with TID = 131712279381696 read: Media Console
Thread with TID = 131711704762048 read: Ladder Shelf
Thread with TID = 131712226952896 read: Dining Chair
Thread with TID = 131712216467136 read: Patio Set
Thread with TID = 131712300353216 read: Wine Rack
Thread with TID = 131712205981376 read: Nightstand
Thread with TID = 131711901894336 read: Dining Table
Thread with TID = 131712310838976 read: Shoe Rack
Thread with TID = 131712363267776 read: Hutch
Thread with TID = 131712373753536 read: Hallway Mirror
Thread with TID = 131711591515840 read: Loveseat
Thread with TID = 131712289867456 read: Decorative Vase
Thread with TID = 131712195495616 read: Photo Frame
Thread with TID = 131711323080384 read: Electric Fan
Thread with TID = 131711560058560 read: Table Lamp
Thread with TID = 131711849465536 read: Patio Heater
Thread with TID = 131711715247808 read: Gaming Desk
Thread with TID = 131712143066816 read: End Table
Thread with TID = 131712132581056 read: Desk Organizer
Thread with TID = 131712069666496 read: Kitchen Island
Thread with TID = 131712122095296 read: Wardrobe Closet
Thread with TID = 131711612487360 read: Pantry Cabinet
Thread with TID = 131711602001600 read: Pendant Light
Thread with TID = 131711581030080 read: Wardrobe
Thread with TID = 131711570544320 read: Room Divider
Thread with TID = 131711478269632 read: Curtains
Thread with TID = 131711467783872 read: Console Table
Thread with TID = 131711457298112 read: Wall Shelf
Thread with TID = 131711436326592 read: Armchair
Thread with TID = 131711446812352 read: Area Rug
Thread with TID = 131711344051904 read: Coffee Table
Thread with TID = 131711333566144 read: Standing Mirror
Thread with TID = 131711291623104 read: Flower Pot
Thread with TID = 131711425840832 read: Ottoman
Thread with TID = 131711199348416 read: Rug
Thread with TID = 131711312594624 read: Storage Cube
Thread with TID = 131711302108864 read: Throw Pillow
Thread with TID = 131711209834176 read: Recliner
