Process PID: 34102
Thread with TID = 140737337362112 read: Porch Swing
Thread with TID = 140737347847872 read: Daybed
Thread with TID = 140737295419072 read: Bedside Table
Thread with TID = 140737316390592 read: Wardrobe Closet
Thread with TID = 140737305904832 read: Storage Bench
Thread with TID = 140737274447552 read: Standing Mirror
Thread with TID = 140737284933312 read: Outdoor Umbrella
Thread with TID = 140737140229824 read: Electric Heater
Thread with TID = 140737253476032 read: TV Stand
Thread with TID = 140737242990272 read: Pantry Cabinet
Thread with TID = 140737263961792 read: Patio Heater
Thread with TID = 140737326876352 read: Photo Frame
Thread with TID = 140737150715584 read: Floor Lamp
Thread with TID = 140737129744064 read: Futon
Thread with TID = 140737119258304 read: Recliner
Thread with TID = 140737006012096 read: Office Desk
Thread with TID = 140737232504512 read: Dining Chair
Thread with TID = 140736964069056 read: Dining Hutch
Thread with TID = 140737098286784 read: Coat Rack
Thread with TID = 140737108772544 read: Ottoman
Thread with TID = 140736995526336 read: Sectional Sofa
Thread with TID = 140736882280128 read: File Cabinet
Thread with TID = 140736829851328 read: Loveseat
Thread with TID = 140736840337088 read: Storage Cabinet
Thread with TID = 140736985040576 read: Throw Pillow
Thread with TID = 140737016497856 read: Curtains
Thread with TID = 140736974554816 read: Patio Set
Thread with TID = 140736680953536 read: Mattress
Thread with TID = 140736871794368 read: Bunk Bed
Thread with TID = 140736861308608 read: Gaming Desk
Thread with TID = 140736850822848 read: Desk Lamp
Thread with TID = 140736649496256 read: Storage Trunk
Thread with TID = 140736670467776 read: Bed Frame
Thread with TID = 140736628524736 read: Shoe Rack
Thread with TID = 140736639010496 read: Kitchen Island
Thread with TID = 140736479626944 read: Carpet
Thread with TID = 140736659982016 read: Murphy Bed
Thread with TID = 140736469141184 read: Storage Cube
Thread with TID = 140736437683904 read: Hutch
Thread with TID = 140736458655424 read: Flower Pot
Thread with TID = 140736448169664 read: Wardrobe
Thread with TID = 140736416712384 read: Entryway Bench
Thread with TID = 140736406226624 read: Sofa
Thread with TID = 140736395740864 read: Wall Shelf
Thread with TID = 140736427198144 read: Decorative Vase
Thread with TID = 140736374769344 read: Lamp
Thread with TID = 140736385255104 read: Chaise Lounge
Thread with TID = 140736332826304 read: Hall Tree
Thread with TID = 140736322340544 read: Kitchen Stool
Thread with TID = 140736301369024 read: Nightstand
Thread with TID = 140736280397504 read: Vanity Mirror
Thread with TID = 140736238454464 read: Bookcase
Thread with TID = 140736227968704 read: Dresser
Thread with TID = 140736364283584 read: Ladder Shelf
Thread with TID = 140736353797824 read: Media Console
Thread with TID = 140736343312064 read: Bar Stools
Thread with TID = 140736311854784 read: Dining Table
Thread with TID = 140736290883264 read: End Table
Thread with TID = 140736269911744 read: Pendant Light
Thread with TID = 140736248940224 read: Room Divider
Thread with TID = 140736259425984 read: Accent Chair
Thread with TID = 140736217482944 read: Bedside Chest
Thread with TID = 140736196511424 read: Bookshelf
Thread with TID = 140736186025664 read: Ceiling Fan
Thread with TID = 140736154568384 read: Rug
Thread with TID = 140736175539904 read: Electric Fan
Thread with TID = 140736144082624 read: Wine Rack
Thread with TID = 140736206997184 read: Bar Cart
Thread with TID = 140736165054144 read: Drawer Chest
Thread with TID = 140736102139584 read: Area Rug
Thread with TID = 140736133596864 read: Garden Bench
Thread with TID = 140736081168064 read: Desk Organizer
Thread with TID = 140736091653824 read: Table Lamp
Thread with TID = 140736060196544 read: Filing Cabinet
Thread with TID = 140736123111104 read: Utility Cart
Thread with TID = 140736070682304 read: Armchair
Thread with TID = 140736112625344 read: Outdoor Sofa
Thread with TID = 140736028739264 read: Wall Clock
Thread with TID = 140736049710784 read: Rocking Chair
Thread with TID = 140736039225024 read: Console Table
Thread with TID = 140736018253504 read: Coffee Table
Thread with TID = 140736007767744 read: Hallway Mirror
