Process PID: 32220
Thread with TID = 133257465169600 read: Wardrobe Closet
Thread with TID = 133257454683840 read: Storage Bench
Thread with TID = 133257444198080 read: Bedside Table
Thread with TID = 133257607775936 read: Daybed
Thread with TID = 133257586804416 read: Photo Frame
Thread with TID = 133257597290176 read: Porch Swing
Thread with TID = 133257433712320 read: Outdoor Umbrella
Thread with TID = 133257576318656 read: Electric Heater
Thread with TID = 133257555347136 read: Patio Heater
Thread with TID = 133257565832896 read: Standing Mirror
Thread with TID = 133257330951872 read: Floor Lamp
Thread with TID = 133257320466112 read: Futon
Thread with TID = 133257412740800 read: Dining Chair
Thread with TID = 133257544861376 read: TV Stand
Thread with TID = 133257423226560 read: Pantry Cabinet
Thread with TID = 133257299494592 read: Ottoman
Thread with TID = 133257309980352 read: Recliner
Thread with TID = 133257278523072 read: Curtains
Thread with TID = 133257196734144 read: Office Desk
Thread with TID = 133257289008832 read: Coat Rack
Thread with TID = 133257186248384 read: Sectional Sofa
Thread with TID = 133257175762624 read: Throw Pillow
Thread with TID = 133257154791104 read: Dining Hutch
Thread with TID = 133257144305344 read: File Cabinet
Thread with TID = 133257165276864 read: Patio Set
Thread with TID = 133257062516416 read: Bunk Bed
Thread with TID = 133257052030656 read: Gaming Desk
Thread with TID = 133256989116096 read: Murphy Bed
Thread with TID = 133257041544896 read: Desk Lamp
Thread with TID = 133257020573376 read: Loveseat
Thread with TID = 133257031059136 read: Storage Cabinet
Thread with TID = 133256936687296 read: Storage Cube
Thread with TID = 133256947173056 read: Carpet
Thread with TID = 133257010087616 read: Mattress
Thread with TID = 133256999601856 read: Bed Frame
Thread with TID = 133256978630336 read: Storage Trunk
Thread with TID = 133256968144576 read: Kitchen Island
Thread with TID = 133256957658816 read: Shoe Rack
Thread with TID = 133256926201536 read: Flower Pot
Thread with TID = 133256915715776 read: Wardrobe
Thread with TID = 133256894744256 read: Decorative Vase
Thread with TID = 133256884258496 read: Entryway Bench
Thread with TID = 133256863286976 read: Wall Shelf
Thread with TID = 133256852801216 read: Chaise Lounge
Thread with TID = 133256842315456 read: Lamp
Thread with TID = 133256873772736 read: Sofa
Thread with TID = 133256800372416 read: Hall Tree
Thread with TID = 133256779400896 read: Dining Table
Thread with TID = 133256821343936 read: Media Console
Thread with TID = 133256905230016 read: Hutch
Thread with TID = 133256747943616 read: Vanity Mirror
Thread with TID = 133256810858176 read: Bar Stools
Thread with TID = 133256831829696 read: Ladder Shelf
Thread with TID = 133256789886656 read: Kitchen Stool
Thread with TID = 133256768915136 read: Nightstand
Thread with TID = 133256758429376 read: End Table
Thread with TID = 133256737457856 read: Pendant Light
Thread with TID = 133256726972096 read: Accent Chair
Thread with TID = 133256601142976 read: Garden Bench
Thread with TID = 133256716486336 read: Room Divider
Thread with TID = 133256706000576 read: Bookcase
Thread with TID = 133256590657216 read: Utility Cart
Thread with TID = 133256611628736 read: Wine Rack
Thread with TID = 133256695514816 read: Dresser
Thread with TID = 133256685029056 read: Bedside Chest
Thread with TID = 133256559199936 read: Table Lamp
Thread with TID = 133256548714176 read: Desk Organizer
Thread with TID = 133256674543296 read: Bar Cart
Thread with TID = 133256580171456 read: Outdoor Sofa
Thread with TID = 133256664057536 read: Bookshelf
Thread with TID = 133256569685696 read: Area Rug
Thread with TID = 133256653571776 read: Ceiling Fan
Thread with TID = 133256643086016 read: Electric Fan
Thread with TID = 133256632600256 read: Drawer Chest
Thread with TID = 133256622114496 read: Rug
Thread with TID = 133256506771136 read: Console Table
Thread with TID = 133256538228416 read: Armchair
Thread with TID = 133256496285376 read: Wall Clock
Thread with TID = 133256527742656 read: Filing Cabinet
Thread with TID = 133256517256896 read: Rocking Chair
Thread with TID = 133256485799616 read: Coffee Table
Thread with TID = 133256475313856 read: Hallway Mirror
