Process PID: 26953
Thread with TID = 123280583296704 read: Daybed
Thread with TID = 123280562325184 read: Photo Frame
Thread with TID = 123280551839424 read: Wardrobe Closet
Thread with TID = 123280541353664 read: Storage Bench
Thread with TID = 123280530867904 read: Bedside Table
Thread with TID = 123280572810944 read: Porch Swing
Thread with TID = 123280520382144 read: Outdoor Umbrella
Thread with TID = 123280509896384 read: Electric Heater
Thread with TID = 123280358901440 read: Futon
Thread with TID = 123280348415680 read: Recliner
Thread with TID = 123280390358720 read: Pantry Cabinet
Thread with TID = 123280337929920 read: Ottoman
Thread with TID = 123280369387200 read: Floor Lamp
Thread with TID = 123280189032128 read: Coat Rack
Thread with TID = 123280178546368 read: Curtains
Thread with TID = 123280379872960 read: Dining Chair
Thread with TID = 123280488924864 read: Patio Heater
Thread with TID = 123280147089088 read: Throw Pillow
Thread with TID = 123280499410624 read: Standing Mirror
Thread with TID = 123280136603328 read: Patio Set
Thread with TID = 123280478439104 read: TV Stand
Thread with TID = 123280115631808 read: File Cabinet
Thread with TID = 123280126117568 read: Dining Hutch
Thread with TID = 123280094660288 read: Gaming Desk
Thread with TID = 123280073688768 read: Storage Cabinet
Thread with TID = 123280157574848 read: Sectional Sofa
Thread with TID = 123280105146048 read: Bunk Bed
Thread with TID = 123280168060608 read: Office Desk
Thread with TID = 123280084174528 read: Desk Lamp
Thread with TID = 123280031745728 read: Murphy Bed
Thread with TID = 123280021259968 read: Storage Trunk
Thread with TID = 123280063203008 read: Loveseat
Thread with TID = 123279979316928 read: Storage Cube
Thread with TID = 123280052717248 read: Mattress
Thread with TID = 123280042231488 read: Bed Frame
Thread with TID = 123280010774208 read: Kitchen Island
Thread with TID = 123280000288448 read: Shoe Rack
Thread with TID = 123279989802688 read: Carpet
Thread with TID = 123279968831168 read: Flower Pot
Thread with TID = 123279958345408 read: Wardrobe
Thread with TID = 123279905916608 read: Wall Shelf
Thread with TID = 123279895430848 read: Chaise Lounge
Thread with TID = 123279916402368 read: Sofa
Thread with TID = 123279947859648 read: Hutch
Thread with TID = 123279874459328 read: Ladder Shelf
Thread with TID = 123279853487808 read: Bar Stools
Thread with TID = 123279863973568 read: Media Console
Thread with TID = 123279884945088 read: Lamp
Thread with TID = 123279843002048 read: Hall Tree
Thread with TID = 123279937373888 read: Decorative Vase
Thread with TID = 123279926888128 read: Entryway Bench
Thread with TID = 123279832516288 read: Kitchen Stool
Thread with TID = 123279822030528 read: Dining Table
Thread with TID = 123279748630208 read: Bookcase
Thread with TID = 123279738144448 read: Dresser
Thread with TID = 123279759115968 read: Room Divider
Thread with TID = 123279706687168 read: Bookshelf
Thread with TID = 123279780087488 read: Pendant Light
Thread with TID = 123279717172928 read: Bar Cart
Thread with TID = 123279769601728 read: Accent Chair
Thread with TID = 123279696201408 read: Ceiling Fan
Thread with TID = 123279790573248 read: Vanity Mirror
Thread with TID = 123279727658688 read: Bedside Chest
Thread with TID = 123279801059008 read: End Table
Thread with TID = 123279811544768 read: Nightstand
Thread with TID = 123279664744128 read: Rug
Thread with TID = 123279585052352 read: Wine Rack
Thread with TID = 123279564080832 read: Utility Cart
Thread with TID = 123279574566592 read: Garden Bench
Thread with TID = 123279553595072 read: Outdoor Sofa
Thread with TID = 123279543109312 read: Area Rug
Thread with TID = 123279532623552 read: Table Lamp
Thread with TID = 123279459223232 read: Coffee Table
Thread with TID = 123279448737472 read: Hallway Mirror
Thread with TID = 123279501166272 read: Filing Cabinet
Thread with TID = 123279522137792 read: Desk Organizer
Thread with TID = 123279511652032 read: Armchair
Thread with TID = 123279490680512 read: Rocking Chair
Thread with TID = 123279480194752 read: Console Table
Thread with TID = 123279469708992 read: Wall Clock
Thread with TID = 123279675229888 read: Drawer Chest
Thread with TID = 123279685715648 read: Electric Fan
