Process PID: 7672
Thread with TID = 140737295419072 read: Bedside Table
Thread with TID = 140737284933312 read: Outdoor Umbrella
Thread with TID = 140737253476032 read: Patio Heater
Thread with TID = 140737242990272 read: TV Stand
Thread with TID = 140737073120960 read: Floor Lamp
Thread with TID = 140737337362112 read: Porch Swing
Thread with TID = 140737263961792 read: Standing Mirror
Thread with TID = 140737083606720 read: Dining Chair
Thread with TID = 140737305904832 read: Storage Bench
Thread with TID = 140737232504512 read: Pantry Cabinet
Thread with TID = 140737347847872 read: Daybed
Thread with TID = 140737326876352 read: Photo Frame
Thread with TID = 140736928417472 read: Futon
Thread with TID = 140737274447552 read: Electric Heater
Thread with TID = 140737316390592 read: Wardrobe Closet
Thread with TID = 140737031177920 read: Curtains
Thread with TID = 140736949388992 read: Office Desk
Thread with TID = 140737041663680 read: Coat Rack
Thread with TID = 140736917931712 read: Throw Pillow
Thread with TID = 140737052149440 read: Ottoman
Thread with TID = 140737062635200 read: Recliner
Thread with TID = 140736907445952 read: Patio Set
Thread with TID = 140736938903232 read: Sectional Sofa
Thread with TID = 140736794199744 read: Gaming Desk
Thread with TID = 140736773228224 read: Storage Cabinet
Thread with TID = 140736762742464 read: Loveseat
Thread with TID = 140736582387392 read: Storage Trunk
Thread with TID = 140736896960192 read: Dining Hutch
Thread with TID = 140736815171264 read: File Cabinet
Thread with TID = 140736804685504 read: Bunk Bed
Thread with TID = 140736571901632 read: Kitchen Island
Thread with TID = 140736613844672 read: Mattress
Thread with TID = 140736783713984 read: Desk Lamp
Thread with TID = 140736592873152 read: Murphy Bed
Thread with TID = 140736603358912 read: Bed Frame
Thread with TID = 140736540444352 read: Storage Cube
Thread with TID = 140736529958592 read: Flower Pot
Thread with TID = 140736561415872 read: Shoe Rack
Thread with TID = 140736550930112 read: Carpet
Thread with TID = 140736519472832 read: Wardrobe
Thread with TID = 140736508987072 read: Hutch
Thread with TID = 140736488015552 read: Entryway Bench
Thread with TID = 140736456558272 read: Chaise Lounge
Thread with TID = 140736446072512 read: Lamp
Thread with TID = 140736425100992 read: Media Console
Thread with TID = 140736435586752 read: Ladder Shelf
Thread with TID = 140736477529792 read: Sofa
Thread with TID = 140736498501312 read: Decorative Vase
Thread with TID = 140736467044032 read: Wall Shelf
Thread with TID = 140736404129472 read: Hall Tree
Thread with TID = 140736393643712 read: Kitchen Stool
Thread with TID = 140736414615232 read: Bar Stools
Thread with TID = 140736320243392 read: Room Divider
Thread with TID = 140736362186432 read: End Table
Thread with TID = 140736351700672 read: Vanity Mirror
Thread with TID = 140736383157952 read: Dining Table
Thread with TID = 140736372672192 read: Nightstand
Thread with TID = 140736309757632 read: Bookcase
Thread with TID = 140736341214912 read: Pendant Light
Thread with TID = 140736267814592 read: Bookshelf
Thread with TID = 140736299271872 read: Dresser
Thread with TID = 140736330729152 read: Accent Chair
Thread with TID = 140736288786112 read: Bedside Chest
Thread with TID = 140736278300352 read: Bar Cart
Thread with TID = 140736225871552 read: Rug
Thread with TID = 140736215385792 read: Wine Rack
Thread with TID = 140736257328832 read: Ceiling Fan
Thread with TID = 140736194414272 read: Utility Cart
Thread with TID = 140736204900032 read: Garden Bench
Thread with TID = 140736246843072 read: Electric Fan
Thread with TID = 140736236357312 read: Drawer Chest
Thread with TID = 140736183928512 read: Outdoor Sofa
Thread with TID = 140736152471232 read: Desk Organizer
Thread with TID = 140736141985472 read: Armchair
Thread with TID = 140736131499712 read: Filing Cabinet
Thread with TID = 140736173442752 read: Area Rug
Thread with TID = 140736110528192 read: Console Table
Thread with TID = 140736100042432 read: Wall Clock
Thread with TID = 140736162956992 read: Table Lamp
Thread with TID = 140736121013952 read: Rocking Chair
Thread with TID = 140736089556672 read: Coffee Table
Thread with TID = 140736079070912 read: Hallway Mirror
