Process PID: 9905
Thread with TID = 140737180075712 read: Ottoman
Thread with TID = 140737169589952 read: Coat Rack
Thread with TID = 140737274447552 read: Electric Heater
Thread with TID = 140737337362112 read: Porch Swing
Thread with TID = 140737326876352 read: Photo Frame
Thread with TID = 140737347847872 read: Daybed
Thread with TID = 140737138132672 read: Sectional Sofa
Thread with TID = 140737305904832 read: Storage Bench
Thread with TID = 140737316390592 read: Wardrobe Closet
Thread with TID = 140737148618432 read: Office Desk
Thread with TID = 140737295419072 read: Bedside Table
Thread with TID = 140737242990272 read: TV Stand
Thread with TID = 140737263961792 read: Standing Mirror
Thread with TID = 140737232504512 read: Pantry Cabinet
Thread with TID = 140737222018752 read: Dining Chair
Thread with TID = 140737211532992 read: Floor Lamp
Thread with TID = 140737201047232 read: Futon
Thread with TID = 140737159104192 read: Curtains
Thread with TID = 140737253476032 read: Patio Heater
Thread with TID = 140737117161152 read: Patio Set
Thread with TID = 140737016497856 read: Bunk Bed
Thread with TID = 140737284933312 read: Outdoor Umbrella
Thread with TID = 140736985040576 read: Storage Cabinet
Thread with TID = 140737127646912 read: Throw Pillow
Thread with TID = 140737106675392 read: Dining Hutch
Thread with TID = 140737096189632 read: File Cabinet
Thread with TID = 140737006012096 read: Gaming Desk
Thread with TID = 140736995526336 read: Desk Lamp
Thread with TID = 140737190561472 read: Recliner
Thread with TID = 140736974554816 read: Loveseat
Thread with TID = 140736964069056 read: Mattress
Thread with TID = 140736882280128 read: Bed Frame
Thread with TID = 140736861308608 read: Storage Trunk
Thread with TID = 140736871794368 read: Murphy Bed
Thread with TID = 140736850822848 read: Kitchen Island
Thread with TID = 140736840337088 read: Shoe Rack
Thread with TID = 140736829851328 read: Carpet
Thread with TID = 140736613844672 read: Sofa
Thread with TID = 140736748062400 read: Storage Cube
Thread with TID = 140736727090880 read: Wardrobe
Thread with TID = 140736582387392 read: Lamp
Thread with TID = 140736561415872 read: Media Console
Thread with TID = 140736706119360 read: Decorative Vase
Thread with TID = 140736469141184 read: Hall Tree
Thread with TID = 140736437683904 read: Nightstand
Thread with TID = 140736695633600 read: Entryway Bench
Thread with TID = 140736345409216 read: Vanity Mirror
Thread with TID = 140736479626944 read: Bar Stools
Thread with TID = 140736458655424 read: Kitchen Stool
Thread with TID = 140736603358912 read: Wall Shelf
Thread with TID = 140736716605120 read: Hutch
Thread with TID = 140736448169664 read: Dining Table
Thread with TID = 140736334923456 read: Pendant Light
Thread with TID = 140736324437696 read: Accent Chair
Thread with TID = 140736592873152 read: Chaise Lounge
Thread with TID = 140736571901632 read: Ladder Shelf
Thread with TID = 140736066488000 read: Wine Rack
Thread with TID = 140736158762688 read: Drawer Chest
Thread with TID = 140736211191488 read: Bedside Chest
Thread with TID = 140736190219968 read: Bookshelf
Thread with TID = 140736179734208 read: Ceiling Fan
Thread with TID = 140736076973760 read: Rug
Thread with TID = 140736427198144 read: End Table
Thread with TID = 140736056002240 read: Garden Bench
Thread with TID = 140736292980416 read: Dresser
Thread with TID = 140736313951936 read: Room Divider
Thread with TID = 140736045516480 read: Utility Cart
Thread with TID = 140736169248448 read: Electric Fan
Thread with TID = 140736303466176 read: Bookcase
Thread with TID = 140736024544960 read: Area Rug
Thread with TID = 140736200705728 read: Bar Cart
Thread with TID = 140736737576640 read: Flower Pot
Thread with TID = 140736035030720 read: Outdoor Sofa
Thread with TID = 140735942756032 read: Table Lamp
Thread with TID = 140735921784512 read: Armchair
Thread with TID = 140735911298752 read: Filing Cabinet
Thread with TID = 140735808538304 read: Wall Clock
Thread with TID = 140735890327232 read: Console Table
Thread with TID = 140735932270272 read: Desk Organizer
Thread with TID = 140735798052544 read: Coffee Table
Thread with TID = 140735787566784 read: Hallway Mirror
Thread with TID = 140735900812992 read: Rocking Chair
