Process PID: 30207
Thread with TID = 138794112124608 read: Storage Bench
Thread with TID = 138794133096128 read: Photo Frame
Thread with TID = 138793982101184 read: Patio Heater
Thread with TID = 138794003072704 read: Electric Heater
Thread with TID = 138793879340736 read: Dining Chair
Thread with TID = 138793992586944 read: Standing Mirror
Thread with TID = 138793971615424 read: TV Stand
Thread with TID = 138793868854976 read: Floor Lamp
Thread with TID = 138793858369216 read: Futon
Thread with TID = 138793847883456 read: Recliner
Thread with TID = 138793826911936 read: Coat Rack
Thread with TID = 138793837397696 read: Ottoman
Thread with TID = 138793816426176 read: Curtains
Thread with TID = 138793753511616 read: File Cabinet
Thread with TID = 138794154067648 read: Daybed
Thread with TID = 138793774483136 read: Patio Set
Thread with TID = 138794013558464 read: Outdoor Umbrella
Thread with TID = 138794101638848 read: Bedside Table
Thread with TID = 138793732540096 read: Gaming Desk
Thread with TID = 138793805940416 read: Office Desk
Thread with TID = 138793961129664 read: Pantry Cabinet
Thread with TID = 138793784968896 read: Throw Pillow
Thread with TID = 138793763997376 read: Dining Hutch
Thread with TID = 138793795454656 read: Sectional Sofa
Thread with TID = 138793743025856 read: Bunk Bed
Thread with TID = 138793722054336 read: Desk Lamp
Thread with TID = 138794143581888 read: Porch Swing
Thread with TID = 138794122610368 read: Wardrobe Closet
Thread with TID = 138793701082816 read: Loveseat
Thread with TID = 138793690597056 read: Mattress
Thread with TID = 138793711568576 read: Storage Cabinet
Thread with TID = 138793445230272 read: Hutch
Thread with TID = 138793424258752 read: Entryway Bench
Thread with TID = 138793600419520 read: Murphy Bed
Thread with TID = 138793300526784 read: Ladder Shelf
Thread with TID = 138793321498304 read: Chaise Lounge
Thread with TID = 138793610905280 read: Bed Frame
Thread with TID = 138793568962240 read: Shoe Rack
Thread with TID = 138793455716032 read: Wardrobe
Thread with TID = 138793208252096 read: Bar Stools
Thread with TID = 138793589933760 read: Storage Trunk
Thread with TID = 138793558476480 read: Carpet
Thread with TID = 138793476687552 read: Storage Cube
Thread with TID = 138793311012544 read: Lamp
Thread with TID = 138793466201792 read: Flower Pot
Thread with TID = 138793434744512 read: Decorative Vase
Thread with TID = 138793579448000 read: Kitchen Island
Thread with TID = 138793342469824 read: Sofa
Thread with TID = 138793331984064 read: Wall Shelf
Thread with TID = 138793290041024 read: Media Console
Thread with TID = 138793197766336 read: Hall Tree
Thread with TID = 138793145337536 read: Vanity Mirror
Thread with TID = 138793092908736 read: Dresser
Thread with TID = 138793134851776 read: Pendant Light
Thread with TID = 138793187280576 read: Kitchen Stool
Thread with TID = 138793176794816 read: Dining Table
Thread with TID = 138793166309056 read: Nightstand
Thread with TID = 138793155823296 read: End Table
Thread with TID = 138793124366016 read: Accent Chair
Thread with TID = 138793113880256 read: Room Divider
Thread with TID = 138793071937216 read: Bar Cart
Thread with TID = 138793103394496 read: Bookcase
Thread with TID = 138793082422976 read: Bedside Chest
Thread with TID = 138793061451456 read: Bookshelf
Thread with TID = 138793029994176 read: Drawer Chest
Thread with TID = 138793050965696 read: Ceiling Fan
Thread with TID = 138793040479936 read: Electric Fan
Thread with TID = 138793009022656 read: Wine Rack
Thread with TID = 138793019508416 read: Rug
Thread with TID = 138792956593856 read: Table Lamp
Thread with TID = 138792935622336 read: Armchair
Thread with TID = 138792946108096 read: Desk Organizer
Thread with TID = 138792977565376 read: Outdoor Sofa
Thread with TID = 138792967079616 read: Area Rug
Thread with TID = 138792998536896 read: Garden Bench
Thread with TID = 138792925136576 read: Filing Cabinet
Thread with TID = 138792893679296 read: Wall Clock
Thread with TID = 138792872707776 read: Hallway Mirror
Thread with TID = 138792988051136 read: Utility Cart
Thread with TID = 138792883193536 read: Coffee Table
Thread with TID = 138792914650816 read: Rocking Chair
Thread with TID = 138792904165056 read: Console Table
