Process PID: 24621
Thread with TID = 140737347847872 read: Daybed
Thread with TID = 140737337362112 read: Porch Swing
Thread with TID = 140737133938368 read: Floor Lamp
Thread with TID = 140737316390592 read: Wardrobe Closet
Thread with TID = 140737305904832 read: Storage Bench
Thread with TID = 140737326876352 read: Photo Frame
Thread with TID = 140737123452608 read: Futon
Thread with TID = 140737217824448 read: Bedside Table
Thread with TID = 140737154909888 read: Pantry Cabinet
Thread with TID = 140737186367168 read: Standing Mirror
Thread with TID = 140737144424128 read: Dining Chair
Thread with TID = 140737112966848 read: Recliner
Thread with TID = 140737102481088 read: Ottoman
Thread with TID = 140737207338688 read: Outdoor Umbrella
Thread with TID = 140737196852928 read: Electric Heater
Thread with TID = 140737175881408 read: Patio Heater
Thread with TID = 140737165395648 read: TV Stand
Thread with TID = 140737091995328 read: Coat Rack
Thread with TID = 140737060538048 read: Sectional Sofa
Thread with TID = 140737050052288 read: Throw Pillow
Thread with TID = 140737039566528 read: Patio Set
Thread with TID = 140737081509568 read: Curtains
Thread with TID = 140737029080768 read: Dining Hutch
Thread with TID = 140736938903232 read: Bunk Bed
Thread with TID = 140737071023808 read: Office Desk
Thread with TID = 140736949388992 read: File Cabinet
Thread with TID = 140736844531392 read: Kitchen Island
Thread with TID = 140736813074112 read: Storage Cube
Thread with TID = 140736834045632 read: Shoe Rack
Thread with TID = 140736781616832 read: Hutch
Thread with TID = 140736886474432 read: Mattress
Thread with TID = 140736802588352 read: Flower Pot
Thread with TID = 140736896960192 read: Loveseat
Thread with TID = 140736928417472 read: Gaming Desk
Thread with TID = 140736855017152 read: Storage Trunk
Thread with TID = 140736907445952 read: Storage Cabinet
Thread with TID = 140736771131072 read: Decorative Vase
Thread with TID = 140736680953536 read: Entryway Bench
Thread with TID = 140736659982016 read: Wall Shelf
Thread with TID = 140736649496256 read: Chaise Lounge
Thread with TID = 140736639010496 read: Lamp
Thread with TID = 140736628524736 read: Ladder Shelf
Thread with TID = 140736875988672 read: Bed Frame
Thread with TID = 140736670467776 read: Sofa
Thread with TID = 140736618038976 read: Media Console
Thread with TID = 140736607553216 read: Hall Tree
Thread with TID = 140736565610176 read: End Table
Thread with TID = 140736479626944 read: Vanity Mirror
Thread with TID = 140736469141184 read: Pendant Light
Thread with TID = 140736576095936 read: Nightstand
Thread with TID = 140736458655424 read: Accent Chair
Thread with TID = 140736597067456 read: Kitchen Stool
Thread with TID = 140736586581696 read: Dining Table
Thread with TID = 140736760645312 read: Bar Stools
Thread with TID = 140736917931712 read: Desk Lamp
Thread with TID = 140736448169664 read: Room Divider
Thread with TID = 140736865502912 read: Murphy Bed
Thread with TID = 140736823559872 read: Carpet
Thread with TID = 140736792102592 read: Wardrobe
Thread with TID = 140736437683904 read: Bookcase
Thread with TID = 140736427198144 read: Dresser
Thread with TID = 140736334923456 read: Bar Cart
Thread with TID = 140736303466176 read: Electric Fan
Thread with TID = 140736345409216 read: Bedside Chest
Thread with TID = 140736200705728 read: Wine Rack
Thread with TID = 140736324437696 read: Bookshelf
Thread with TID = 140736313951936 read: Ceiling Fan
Thread with TID = 140736292980416 read: Drawer Chest
Thread with TID = 140736158762688 read: Area Rug
Thread with TID = 140736066488000 read: Desk Organizer
Thread with TID = 140736179734208 read: Utility Cart
Thread with TID = 140736211191488 read: Rug
Thread with TID = 140736024544960 read: Console Table
Thread with TID = 140736014059200 read: Wall Clock
Thread with TID = 140735993087680 read: Hallway Mirror
Thread with TID = 140736169248448 read: Outdoor Sofa
Thread with TID = 140736190219968 read: Garden Bench
Thread with TID = 140736056002240 read: Armchair
Thread with TID = 140736045516480 read: Filing Cabinet
Thread with TID = 140736076973760 read: Table Lamp
Thread with TID = 140736035030720 read: Rocking Chair
Thread with TID = 140736003573440 read: Coffee Table
