Process PID: 13545
Thread with TID = 140737347847872 read: Daybed
Thread with TID = 140737305904832 read: Storage Bench
Thread with TID = 140737337362112 read: Porch Swing
Thread with TID = 140737326876352 read: Photo Frame
Thread with TID = 140737316390592 read: Wardrobe Closet
Thread with TID = 140737217824448 read: Bedside Table
Thread with TID = 140737196852928 read: Electric Heater
Thread with TID = 140737186367168 read: Standing Mirror
Thread with TID = 140737207338688 read: Outdoor Umbrella
Thread with TID = 140737175881408 read: Patio Heater
Thread with TID = 140737165395648 read: TV Stand
Thread with TID = 140737154909888 read: Pantry Cabinet
Thread with TID = 140737133938368 read: Floor Lamp
Thread with TID = 140737102481088 read: Ottoman
Thread with TID = 140737112966848 read: Recliner
Thread with TID = 140737144424128 read: Dining Chair
Thread with TID = 140737123452608 read: Futon
Thread with TID = 140737050052288 read: Throw Pillow
Thread with TID = 140737039566528 read: Patio Set
Thread with TID = 140737081509568 read: Curtains
Thread with TID = 140737029080768 read: Dining Hutch
Thread with TID = 140736987137728 read: Desk Lamp
Thread with TID = 140737018595008 read: File Cabinet
Thread with TID = 140737060538048 read: Sectional Sofa
Thread with TID = 140736976651968 read: Storage Cabinet
Thread with TID = 140736934708928 read: Murphy Bed
Thread with TID = 140736903251648 read: Shoe Rack
Thread with TID = 140736762742464 read: Decorative Vase
Thread with TID = 140737008109248 read: Bunk Bed
Thread with TID = 140736997623488 read: Gaming Desk
Thread with TID = 140736966166208 read: Loveseat
Thread with TID = 140736955680448 read: Mattress
Thread with TID = 140737071023808 read: Office Desk
Thread with TID = 140736815171264 read: Carpet
Thread with TID = 140736804685504 read: Storage Cube
Thread with TID = 140737091995328 read: Coat Rack
Thread with TID = 140736924223168 read: Storage Trunk
Thread with TID = 140736773228224 read: Hutch
Thread with TID = 140736913737408 read: Kitchen Island
Thread with TID = 140736945194688 read: Bed Frame
Thread with TID = 140736546735808 read: Entryway Bench
Thread with TID = 140736783713984 read: Wardrobe
Thread with TID = 140736794199744 read: Flower Pot
Thread with TID = 140736525764288 read: Hall Tree
Thread with TID = 140736649496256 read: Lamp
Thread with TID = 140736504792768 read: Dining Table
Thread with TID = 140736494307008 read: Nightstand
Thread with TID = 140736334923456 read: Vanity Mirror
Thread with TID = 140736324437696 read: Pendant Light
Thread with TID = 140736536250048 read: Bar Stools
Thread with TID = 140736680953536 read: Sofa
Thread with TID = 140736292980416 read: Bookcase
Thread with TID = 140735932270272 read: Bedside Chest
Thread with TID = 140736659982016 read: Chaise Lounge
Thread with TID = 140736639010496 read: Ladder Shelf
Thread with TID = 140736515278528 read: Kitchen Stool
Thread with TID = 140736313951936 read: Accent Chair
Thread with TID = 140736303466176 read: Room Divider
Thread with TID = 140735942756032 read: Dresser
Thread with TID = 140735921784512 read: Bar Cart
Thread with TID = 140736670467776 read: Wall Shelf
Thread with TID = 140736628524736 read: Media Console
Thread with TID = 140736345409216 read: End Table
Thread with TID = 140735911298752 read: Bookshelf
Thread with TID = 140735879841472 read: Drawer Chest
Thread with TID = 140735806441152 read: Table Lamp
Thread with TID = 140735785469632 read: Armchair
Thread with TID = 140735774983872 read: Filing Cabinet
Thread with TID = 140735890327232 read: Electric Fan
Thread with TID = 140735837898432 read: Utility Cart
Thread with TID = 140735743526592 read: Wall Clock
Thread with TID = 140735900812992 read: Ceiling Fan
Thread with TID = 140735848384192 read: Garden Bench
Thread with TID = 140735795955392 read: Desk Organizer
Thread with TID = 140735816926912 read: Area Rug
Thread with TID = 140735733040832 read: Coffee Table
Thread with TID = 140735722555072 read: Hallway Mirror
Thread with TID = 140735754012352 read: Console Table
Thread with TID = 140735827412672 read: Outdoor Sofa
Thread with TID = 140735869355712 read: Rug
Thread with TID = 140735858869952 read: Wine Rack
Thread with TID = 140735764498112 read: Rocking Chair
