Process PID: 18508
Thread with TID = 124190963271360 read: Storage Bench
Thread with TID = 124190900356800 read: TV Stand
Thread with TID = 124190910842560 read: Patio Heater
Thread with TID = 124190921328320 read: Standing Mirror
Thread with TID = 124190994728640 read: Porch Swing
Thread with TID = 124190868899520 read: Floor Lamp
Thread with TID = 124190952785600 read: Bedside Table
Thread with TID = 124190931814080 read: Electric Heater
Thread with TID = 124190889871040 read: Pantry Cabinet
Thread with TID = 124190973757120 read: Wardrobe Closet
Thread with TID = 124190789207744 read: Futon
Thread with TID = 124190489315008 read: Curtains
Thread with TID = 124190478829248 read: Office Desk
Thread with TID = 124190386554560 read: Throw Pillow
Thread with TID = 124190365583040 read: Dining Hutch
Thread with TID = 124190376068800 read: Patio Set
Thread with TID = 124190499800768 read: Coat Rack
Thread with TID = 124190520772288 read: Recliner
Thread with TID = 124190879385280 read: Dining Chair
Thread with TID = 124190984242880 read: Photo Frame
Thread with TID = 124190510286528 read: Ottoman
Thread with TID = 124190942299840 read: Outdoor Umbrella
Thread with TID = 124191005214400 read: Daybed
Thread with TID = 124190768236224 read: Bunk Bed
Thread with TID = 124190778721984 read: File Cabinet
Thread with TID = 124190757750464 read: Gaming Desk
Thread with TID = 124190654990016 read: Loveseat
Thread with TID = 124190747264704 read: Desk Lamp
Thread with TID = 124190736778944 read: Storage Cabinet
Thread with TID = 124190613046976 read: Storage Trunk
Thread with TID = 124190623532736 read: Murphy Bed
Thread with TID = 124190644504256 read: Mattress
Thread with TID = 124190164256448 read: Hutch
Thread with TID = 124190153770688 read: Decorative Vase
Thread with TID = 124190634018496 read: Bed Frame
Thread with TID = 124190143284928 read: Entryway Bench
Thread with TID = 124190334125760 read: Storage Cube
Thread with TID = 124190132799168 read: Sofa
Thread with TID = 124190122313408 read: Wall Shelf
Thread with TID = 124190111827648 read: Chaise Lounge
Thread with TID = 124190101341888 read: Lamp
Thread with TID = 124190468343488 read: Sectional Sofa
Thread with TID = 124190185227968 read: Flower Pot
Thread with TID = 124190174742208 read: Wardrobe
Thread with TID = 124190355097280 read: Shoe Rack
Thread with TID = 124190344611520 read: Carpet
Thread with TID = 124190602561216 read: Kitchen Island
Thread with TID = 124190090856128 read: Ladder Shelf
Thread with TID = 124190069884608 read: Bar Stools
Thread with TID = 124190059398848 read: Hall Tree
Thread with TID = 124190017455808 read: End Table
Thread with TID = 124190080370368 read: Media Console
Thread with TID = 124190038427328 read: Dining Table
Thread with TID = 124190048913088 read: Kitchen Stool
Thread with TID = 124190027941568 read: Nightstand
Thread with TID = 124189996484288 read: Pendant Light
Thread with TID = 124189985998528 read: Accent Chair
Thread with TID = 124189912598208 read: Ceiling Fan
Thread with TID = 124189860169408 read: Garden Bench
Thread with TID = 124189870655168 read: Wine Rack
Thread with TID = 124189839197888 read: Outdoor Sofa
Thread with TID = 124189902112448 read: Electric Fan
Thread with TID = 124189944055488 read: Bedside Chest
Thread with TID = 124189818226368 read: Table Lamp
Thread with TID = 124189933569728 read: Bar Cart
Thread with TID = 124189881140928 read: Rug
Thread with TID = 124190006970048 read: Vanity Mirror
Thread with TID = 124189891626688 read: Drawer Chest
Thread with TID = 124189954541248 read: Dresser
Thread with TID = 124189828712128 read: Area Rug
Thread with TID = 124189975512768 read: Room Divider
Thread with TID = 124189807740608 read: Desk Organizer
Thread with TID = 124189755311808 read: Wall Clock
Thread with TID = 124189849683648 read: Utility Cart
Thread with TID = 124189797254848 read: Armchair
Thread with TID = 124189965027008 read: Bookcase
Thread with TID = 124189734340288 read: Hallway Mirror
Thread with TID = 124189765797568 read: Console Table
Thread with TID = 124189923083968 read: Bookshelf
Thread with TID = 124189786769088 read: Filing Cabinet
Thread with TID = 124189744826048 read: Coffee Table
Thread with TID = 124189776283328 read: Rocking Chair
