Process PID: 133812
Thread with TID = 140737337362112 read: Porch Swing
Thread with TID = 140737217824448 read: Storage Bench
Thread with TID = 140737347847872 read: Daybed
Thread with TID = 140737071023808 read: Office Desk
Thread with TID = 140737316390592 read: Wardrobe Closet
Thread with TID = 140737165395648 read: TV Stand
Thread with TID = 140737326876352 read: Photo Frame
Thread with TID = 140737154909888 read: Pantry Cabinet
Thread with TID = 140737175881408 read: Patio Heater
Thread with TID = 140737144424128 read: Dining Chair
Thread with TID = 140737091995328 read: Coat Rack
Thread with TID = 140737081509568 read: Curtains
Thread with TID = 140737133938368 read: Floor Lamp
Thread with TID = 140737060538048 read: Sectional Sofa
Thread with TID = 140737305904832 read: Bedside Table
Thread with TID = 140737050052288 read: Throw Pillow
Thread with TID = 140737123452608 read: Futon
Thread with TID = 140737196852928 read: Electric Heater
Thread with TID = 140737112966848 read: Recliner
Thread with TID = 140737186367168 read: Standing Mirror
Thread with TID = 140737102481088 read: Ottoman
Thread with TID = 140737207338688 read: Outdoor Umbrella
Thread with TID = 140736907445952 read: Storage Cabinet
Thread with TID = 140736896960192 read: Loveseat
Thread with TID = 140737039566528 read: Patio Set
Thread with TID = 140736938903232 read: Bunk Bed
Thread with TID = 140736928417472 read: Gaming Desk
Thread with TID = 140737029080768 read: Dining Hutch
Thread with TID = 140736917931712 read: Desk Lamp
Thread with TID = 140736949388992 read: File Cabinet
Thread with TID = 140736794199744 read: Murphy Bed
Thread with TID = 140736783713984 read: Storage Trunk
Thread with TID = 140736731285184 read: Flower Pot
Thread with TID = 140736720799424 read: Wardrobe
Thread with TID = 140736762742464 read: Shoe Rack
Thread with TID = 140736710313664 read: Hutch
Thread with TID = 140736815171264 read: Mattress
Thread with TID = 140736804685504 read: Bed Frame
Thread with TID = 140736752256704 read: Carpet
Thread with TID = 140736741770944 read: Storage Cube
Thread with TID = 140736773228224 read: Kitchen Island
Thread with TID = 140736699827904 read: Decorative Vase
Thread with TID = 140736689342144 read: Entryway Bench
Thread with TID = 140736678856384 read: Sofa
Thread with TID = 140736668370624 read: Wall Shelf
Thread with TID = 140736657884864 read: Chaise Lounge
Thread with TID = 140736647399104 read: Lamp
Thread with TID = 140736636913344 read: Ladder Shelf
Thread with TID = 140736626427584 read: Media Console
Thread with TID = 140736605456064 read: Hall Tree
Thread with TID = 140736594970304 read: Kitchen Stool
Thread with TID = 140736615941824 read: Bar Stools
Thread with TID = 140736563513024 read: End Table
Thread with TID = 140736542541504 read: Pendant Light
Thread with TID = 140736573998784 read: Nightstand
Thread with TID = 140736553027264 read: Vanity Mirror
Thread with TID = 140736532055744 read: Accent Chair
Thread with TID = 140736521569984 read: Room Divider
Thread with TID = 140736511084224 read: Bookcase
Thread with TID = 140736500598464 read: Dresser
Thread with TID = 140736584484544 read: Dining Table
Thread with TID = 140736490112704 read: Bedside Chest
Thread with TID = 140736469141184 read: Bookshelf
Thread with TID = 140736479626944 read: Bar Cart
Thread with TID = 140736448169664 read: Electric Fan
Thread with TID = 140736437683904 read: Drawer Chest
Thread with TID = 140736416712384 read: Wine Rack
Thread with TID = 140736406226624 read: Garden Bench
Thread with TID = 140736427198144 read: Rug
Thread with TID = 140736385255104 read: Outdoor Sofa
Thread with TID = 140736458655424 read: Ceiling Fan
Thread with TID = 140736364283584 read: Table Lamp
Thread with TID = 140736374769344 read: Area Rug
Thread with TID = 140736395740864 read: Utility Cart
Thread with TID = 140736353797824 read: Desk Organizer
Thread with TID = 140736343312064 read: Armchair
Thread with TID = 140736332826304 read: Filing Cabinet
Thread with TID = 140736311854784 read: Console Table
Thread with TID = 140736322340544 read: Rocking Chair
Thread with TID = 140736301369024 read: Wall Clock
Thread with TID = 140736290883264 read: Coffee Table
Thread with TID = 140736280397504 read: Hallway Mirror
