Process PID: 37187
Thread with TID = 133514919937728 read: Futon
Thread with TID = 133514867508928 read: Office Desk
Thread with TID = 133515056252608 read: Porch Swing
Thread with TID = 133515066738368 read: Daybed
Thread with TID = 133515035281088 read: Wardrobe Closet
Thread with TID = 133515014309568 read: Bedside Table
Thread with TID = 133515003823808 read: Outdoor Umbrella
Thread with TID = 133514972366528 read: Patio Heater
Thread with TID = 133515045766848 read: Photo Frame
Thread with TID = 133515024795328 read: Storage Bench
Thread with TID = 133514993338048 read: Electric Heater
Thread with TID = 133514930423488 read: Floor Lamp
Thread with TID = 133514909451968 read: Recliner
Thread with TID = 133514982852288 read: Standing Mirror
Thread with TID = 133514951395008 read: Pantry Cabinet
Thread with TID = 133514940909248 read: Dining Chair
Thread with TID = 133514898966208 read: Ottoman
Thread with TID = 133514888480448 read: Coat Rack
Thread with TID = 133514857023168 read: Sectional Sofa
Thread with TID = 133514961880768 read: TV Stand
Thread with TID = 133514877994688 read: Curtains
Thread with TID = 133514846537408 read: Throw Pillow
Thread with TID = 133514760554176 read: Patio Set
Thread with TID = 133514739582656 read: File Cabinet
Thread with TID = 133514750068416 read: Dining Hutch
Thread with TID = 133514729096896 read: Bunk Bed
Thread with TID = 133514559227584 read: Storage Cabinet
Thread with TID = 133514718611136 read: Gaming Desk
Thread with TID = 133514708125376 read: Desk Lamp
Thread with TID = 133514538256064 read: Mattress
Thread with TID = 133514548741824 read: Loveseat
Thread with TID = 133514527770304 read: Bed Frame
Thread with TID = 133514517284544 read: Murphy Bed
Thread with TID = 133514506798784 read: Storage Trunk
Thread with TID = 133514496313024 read: Kitchen Island
Thread with TID = 133514485827264 read: Shoe Rack
Thread with TID = 133514464855744 read: Storage Cube
Thread with TID = 133514475341504 read: Carpet
Thread with TID = 133514454369984 read: Flower Pot
Thread with TID = 133514443884224 read: Wardrobe
Thread with TID = 133514412426944 read: Entryway Bench
Thread with TID = 133514433398464 read: Hutch
Thread with TID = 133514370483904 read: Lamp
Thread with TID = 133514401941184 read: Sofa
Thread with TID = 133514359998144 read: Ladder Shelf
Thread with TID = 133514422912704 read: Decorative Vase
Thread with TID = 133514318055104 read: Kitchen Stool
Thread with TID = 133514307569344 read: Dining Table
Thread with TID = 133514391455424 read: Wall Shelf
Thread with TID = 133514286597824 read: End Table
Thread with TID = 133514339026624 read: Bar Stools
Thread with TID = 133514349512384 read: Media Console
Thread with TID = 133514276112064 read: Vanity Mirror
Thread with TID = 133514297083584 read: Nightstand
Thread with TID = 133514328540864 read: Hall Tree
Thread with TID = 133514255140544 read: Accent Chair
Thread with TID = 133513976219328 read: Room Divider
Thread with TID = 133513944762048 read: Bedside Chest
Thread with TID = 133513923790528 read: Bookshelf
Thread with TID = 133513965733568 read: Bookcase
Thread with TID = 133513955247808 read: Dresser
Thread with TID = 133513934276288 read: Bar Cart
Thread with TID = 133514265626304 read: Pendant Light
Thread with TID = 133514380969664 read: Chaise Lounge
Thread with TID = 133513913304768 read: Ceiling Fan
Thread with TID = 133514146088640 read: Rug
Thread with TID = 133514135602880 read: Wine Rack
Thread with TID = 133514125117120 read: Garden Bench
Thread with TID = 133514114631360 read: Utility Cart
Thread with TID = 133514244654784 read: Electric Fan
Thread with TID = 133514104145600 read: Outdoor Sofa
Thread with TID = 133514156574400 read: Drawer Chest
Thread with TID = 133514022356672 read: Area Rug
Thread with TID = 133514011870912 read: Table Lamp
Thread with TID = 133514001385152 read: Desk Organizer
Thread with TID = 133513990899392 read: Armchair
Thread with TID = 133513902819008 read: Filing Cabinet
Thread with TID = 133513892333248 read: Rocking Chair
Thread with TID = 133513881847488 read: Console Table
Thread with TID = 133513871361728 read: Wall Clock
Thread with TID = 133513860875968 read: Coffee Table
Thread with TID = 133513850390208 read: Hallway Mirror
