Process PID: 35168
Thread with TID = 132514234500800 read: Wardrobe Closet
Thread with TID = 132514265958080 read: Daybed
Thread with TID = 132514213529280 read: Bedside Table
Thread with TID = 132513955579584 read: Ottoman
Thread with TID = 132514203043520 read: Outdoor Umbrella
Thread with TID = 132514047854272 read: Futon
Thread with TID = 132514192557760 read: Electric Heater
Thread with TID = 132513924122304 read: Office Desk
Thread with TID = 132514182072000 read: Standing Mirror
Thread with TID = 132513934608064 read: Curtains
Thread with TID = 132513945093824 read: Coat Rack
Thread with TID = 132514089797312 read: TV Stand
Thread with TID = 132514068825792 read: Dining Chair
Thread with TID = 132514079311552 read: Pantry Cabinet
Thread with TID = 132514100283072 read: Patio Heater
Thread with TID = 132514058340032 read: Floor Lamp
Thread with TID = 132514244986560 read: Photo Frame
Thread with TID = 132514224015040 read: Storage Bench
Thread with TID = 132514255472320 read: Porch Swing
Thread with TID = 132513810876096 read: Dining Hutch
Thread with TID = 132513800390336 read: File Cabinet
Thread with TID = 132513966065344 read: Recliner
Thread with TID = 132513821361856 read: Patio Set
Thread with TID = 132513831847616 read: Throw Pillow
Thread with TID = 132513789904576 read: Bunk Bed
Thread with TID = 132513687144128 read: Storage Cabinet
Thread with TID = 132513697629888 read: Desk Lamp
Thread with TID = 132513779418816 read: Gaming Desk
Thread with TID = 132513676658368 read: Loveseat
Thread with TID = 132513913636544 read: Sectional Sofa
Thread with TID = 132513666172608 read: Mattress
Thread with TID = 132513655686848 read: Bed Frame
Thread with TID = 132513542440640 read: Shoe Rack
Thread with TID = 132513531954880 read: Carpet
Thread with TID = 132513563412160 read: Storage Trunk
Thread with TID = 132513521469120 read: Storage Cube
Thread with TID = 132513645201088 read: Murphy Bed
Thread with TID = 132513510983360 read: Flower Pot
Thread with TID = 132513552926400 read: Kitchen Island
Thread with TID = 132513479526080 read: Decorative Vase
Thread with TID = 132513469040320 read: Entryway Bench
Thread with TID = 132513458554560 read: Sofa
Thread with TID = 132513448068800 read: Wall Shelf
Thread with TID = 132513437583040 read: Chaise Lounge
Thread with TID = 132513427097280 read: Lamp
Thread with TID = 132513500497600 read: Wardrobe
Thread with TID = 132513490011840 read: Hutch
Thread with TID = 132513416611520 read: Ladder Shelf
Thread with TID = 132513395640000 read: Bar Stools
Thread with TID = 132513364182720 read: Dining Table
Thread with TID = 132513406125760 read: Media Console
Thread with TID = 132513374668480 read: Kitchen Stool
Thread with TID = 132513385154240 read: Hall Tree
Thread with TID = 132513353696960 read: Nightstand
Thread with TID = 132513343211200 read: End Table
Thread with TID = 132513332725440 read: Vanity Mirror
Thread with TID = 132513322239680 read: Pendant Light
Thread with TID = 132513311753920 read: Accent Chair
Thread with TID = 132513301268160 read: Room Divider
Thread with TID = 132513238353600 read: Ceiling Fan
Thread with TID = 132513290782400 read: Bookcase
Thread with TID = 132513217382080 read: Drawer Chest
Thread with TID = 132513248839360 read: Bookshelf
Thread with TID = 132513259325120 read: Bar Cart
Thread with TID = 132513280296640 read: Dresser
Thread with TID = 132513269810880 read: Bedside Chest
Thread with TID = 132513206896320 read: Rug
Thread with TID = 132513196410560 read: Wine Rack
Thread with TID = 132513227867840 read: Electric Fan
Thread with TID = 132513143981760 read: Table Lamp
Thread with TID = 132513091552960 read: Console Table
Thread with TID = 132513123010240 read: Armchair
Thread with TID = 132513112524480 read: Filing Cabinet
Thread with TID = 132513070581440 read: Coffee Table
Thread with TID = 132513102038720 read: Rocking Chair
Thread with TID = 132513081067200 read: Wall Clock
Thread with TID = 132513175439040 read: Utility Cart
Thread with TID = 132513154467520 read: Area Rug
Thread with TID = 132513133496000 read: Desk Organizer
Thread with TID = 132513185924800 read: Garden Bench
Thread with TID = 132513164953280 read: Outdoor Sofa
Thread with TID = 132513060095680 read: Hallway Mirror
