Process PID: 8684
Thread with TID = 124077601720000 read: Wardrobe Closet
Thread with TID = 124077633177280 read: Daybed
Thread with TID = 124077612205760 read: Photo Frame
Thread with TID = 124077570262720 read: Outdoor Umbrella
Thread with TID = 124077559776960 read: Electric Heater
Thread with TID = 124077528319680 read: TV Stand
Thread with TID = 124077580748480 read: Bedside Table
Thread with TID = 124077549291200 read: Standing Mirror
Thread with TID = 124077591234240 read: Storage Bench
Thread with TID = 124077431850688 read: Dining Chair
Thread with TID = 124077622691520 read: Porch Swing
Thread with TID = 124077442336448 read: Pantry Cabinet
Thread with TID = 124077410879168 read: Futon
Thread with TID = 124077538805440 read: Patio Heater
Thread with TID = 124077421364928 read: Floor Lamp
Thread with TID = 124077400393408 read: Recliner
Thread with TID = 124077389907648 read: Ottoman
Thread with TID = 124077308118720 read: Coat Rack
Thread with TID = 124077276661440 read: Sectional Sofa
Thread with TID = 124077297632960 read: Curtains
Thread with TID = 124077173900992 read: Dining Hutch
Thread with TID = 124077255689920 read: Patio Set
Thread with TID = 124077287147200 read: Office Desk
Thread with TID = 124077163415232 read: File Cabinet
Thread with TID = 124077266175680 read: Throw Pillow
Thread with TID = 124077121472192 read: Storage Cabinet
Thread with TID = 124077142443712 read: Gaming Desk
Thread with TID = 124076905465536 read: Loveseat
Thread with TID = 124077152929472 read: Bunk Bed
Thread with TID = 124076894979776 read: Mattress
Thread with TID = 124076821579456 read: Storage Cube
Thread with TID = 124077131957952 read: Desk Lamp
Thread with TID = 124076832065216 read: Carpet
Thread with TID = 124076842550976 read: Shoe Rack
Thread with TID = 124076874008256 read: Murphy Bed
Thread with TID = 124076863522496 read: Storage Trunk
Thread with TID = 124076884494016 read: Bed Frame
Thread with TID = 124076853036736 read: Kitchen Island
Thread with TID = 124076811093696 read: Flower Pot
Thread with TID = 124076779636416 read: Decorative Vase
Thread with TID = 124076800607936 read: Wardrobe
Thread with TID = 124076758664896 read: Sofa
Thread with TID = 124076748179136 read: Wall Shelf
Thread with TID = 124076727207616 read: Lamp
Thread with TID = 124076769150656 read: Entryway Bench
Thread with TID = 124076790122176 read: Hutch
Thread with TID = 124076716721856 read: Ladder Shelf
Thread with TID = 124076695750336 read: Bar Stools
Thread with TID = 124076674778816 read: Kitchen Stool
Thread with TID = 124076685264576 read: Hall Tree
Thread with TID = 124076737693376 read: Chaise Lounge
Thread with TID = 124076706236096 read: Media Console
Thread with TID = 124076601378496 read: Room Divider
Thread with TID = 124076611864256 read: Accent Chair
Thread with TID = 124076664293056 read: Dining Table
Thread with TID = 124076622350016 read: Pendant Light
Thread with TID = 124076569921216 read: Bedside Chest
Thread with TID = 124076643321536 read: End Table
Thread with TID = 124076559435456 read: Bar Cart
Thread with TID = 124076632835776 read: Vanity Mirror
Thread with TID = 124076548949696 read: Bookshelf
Thread with TID = 124076653807296 read: Nightstand
Thread with TID = 124076538463936 read: Ceiling Fan
Thread with TID = 124076580406976 read: Dresser
Thread with TID = 124076527978176 read: Electric Fan
Thread with TID = 124076590892736 read: Bookcase
Thread with TID = 124076496520896 read: Wine Rack
Thread with TID = 124076517492416 read: Drawer Chest
Thread with TID = 124076454577856 read: Area Rug
Thread with TID = 124076475549376 read: Utility Cart
Thread with TID = 124076465063616 read: Outdoor Sofa
Thread with TID = 124076507006656 read: Rug
Thread with TID = 124076486035136 read: Garden Bench
Thread with TID = 124076444092096 read: Table Lamp
Thread with TID = 124076412634816 read: Filing Cabinet
Thread with TID = 124076423120576 read: Armchair
Thread with TID = 124076433606336 read: Desk Organizer
Thread with TID = 124076381177536 read: Wall Clock
Thread with TID = 124076370691776 read: Coffee Table
Thread with TID = 124076360206016 read: Hallway Mirror
Thread with TID = 124076402149056 read: Rocking Chair
Thread with TID = 124076391663296 read: Console Table
