Process PID: 4349
Thread with TID = 138817910605504 read: Bedside Table
Thread with TID = 138817774290624 read: Storage Cabinet
Thread with TID = 138817889633984 read: Wine Rack
Thread with TID = 138817763804864 read: Sectional Sofa
Thread with TID = 138817837205184 read: Coat Rack
Thread with TID = 138817784776384 read: Photo Frame
Thread with TID = 138817847690944 read: Drawer Chest
Thread with TID = 138817900119744 read: Shoe Rack
Thread with TID = 138817963034304 read: Hallway Mirror
Thread with TID = 138817879148224 read: Decorative Vase
Thread with TID = 138817753319104 read: Carpet
Thread with TID = 138817973520064 read: Bunk Bed
Thread with TID = 138817868662464 read: Media Console
Thread with TID = 138817994491584 read: Sofa
Thread with TID = 138817805747904 read: Patio Set
Thread with TID = 138817921091264 read: Accent Chair
Thread with TID = 138817795262144 read: Nightstand
Thread with TID = 138817816233664 read: Dining Chair
Thread with TID = 138817931577024 read: Rocking Chair
Thread with TID = 138817984005824 read: Futon
Thread with TID = 138817858176704 read: Lamp
Thread with TID = 138817826719424 read: Storage Trunk
Thread with TID = 138817952548544 read: Hutch
Thread with TID = 138817942062784 read: Desk Lamp
Thread with TID = 138816799114944 read: Electric Heater
Thread with TID = 138816788629184 read: File Cabinet
Thread with TID = 138816417433280 read: Loveseat
Thread with TID = 138816184649408 read: Ottoman
Thread with TID = 138817434552000 read: Bar Cart
Thread with TID = 138817233225408 read: Utility Cart
Thread with TID = 138817222739648 read: Outdoor Sofa
Thread with TID = 138817413580480 read: Bookcase
Thread with TID = 138817403094720 read: Ceiling Fan
Thread with TID = 138817721861824 read: Desk Organizer
Thread with TID = 138817742833344 read: Entryway Bench
Thread with TID = 138816375490240 read: Curtains
Thread with TID = 138816226592448 read: Console Table
Thread with TID = 138817021413056 read: Daybed
Thread with TID = 138817593935552 read: Dining Hutch
Thread with TID = 138816205620928 read: Area Rug
Thread with TID = 138816618759872 read: Bedside Chest
Thread with TID = 138816597788352 read: Ladder Shelf
Thread with TID = 138816587302592 read: Storage Bench
Thread with TID = 138817583449792 read: Kitchen Island
Thread with TID = 138816216106688 read: Wall Shelf
Thread with TID = 138817604421312 read: Murphy Bed
Thread with TID = 138816385976000 read: Table Lamp
Thread with TID = 138817382123200 read: Kitchen Stool
Thread with TID = 138816195135168 read: Armchair
Thread with TID = 138817392608960 read: Floor Lamp
Thread with TID = 138816014780096 read: Electric Fan
Thread with TID = 138817000441536 read: Dining Table
Thread with TID = 138815993808576 read: Throw Pillow
Thread with TID = 138816979470016 read: Bar Stools
Thread with TID = 138816174163648 read: Coffee Table
Thread with TID = 138817732347584 read: End Table
Thread with TID = 138817625392832 read: Hall Tree
Thread with TID = 138816778143424 read: TV Stand
Thread with TID = 138817635878592 read: Wardrobe Closet
Thread with TID = 138816809600704 read: Patio Heater
Thread with TID = 138817201768128 read: Chaise Lounge
Thread with TID = 138816820086464 read: Bookshelf
Thread with TID = 138817424066240 read: Wall Clock
Thread with TID = 138817212253888 read: Outdoor Umbrella
Thread with TID = 138817191282368 read: Office Desk
Thread with TID = 138817031898816 read: Garden Bench
Thread with TID = 138816608274112 read: Gaming Desk
Thread with TID = 138817010927296 read: Filing Cabinet
Thread with TID = 138817180796608 read: Vanity Mirror
Thread with TID = 138816004294336 read: Storage Cube
Thread with TID = 138815983322816 read: Flower Pot
Thread with TID = 138815972837056 read: Recliner
Thread with TID = 138816830572224 read: Mattress
Thread with TID = 138816406947520 read: Wardrobe
Thread with TID = 138815823939264 read: Rug
Thread with TID = 138816025265856 read: Standing Mirror
Thread with TID = 138816396461760 read: Room Divider
Thread with TID = 138816427919040 read: Pendant Light
Thread with TID = 138816576816832 read: Pantry Cabinet
Thread with TID = 138817614907072 read: Bed Frame
Thread with TID = 138816989955776 read: Dresser
Thread with TID = 138816629245632 read: Porch Swing
