Process PID: 11189
Thread with TID = 125316349560512 read: Standing Mirror
Thread with TID = 125316328588992 read: TV Stand
Thread with TID = 125316307617472 read: Floor Lamp
Thread with TID = 125316391503552 read: Storage Bench
Thread with TID = 125316339074752 read: Patio Heater
Thread with TID = 125316412475072 read: Photo Frame
Thread with TID = 125316297131712 read: Futon
Thread with TID = 125316433446592 read: Daybed
Thread with TID = 125316422960832 read: Porch Swing
Thread with TID = 125316194371264 read: Ottoman
Thread with TID = 125316286645952 read: Recliner
Thread with TID = 125316204857024 read: Dining Chair
Thread with TID = 125316070639296 read: Throw Pillow
Thread with TID = 125316401989312 read: Wardrobe Closet
Thread with TID = 125316370532032 read: Outdoor Umbrella
Thread with TID = 125316060153536 read: Patio Set
Thread with TID = 125316039182016 read: File Cabinet
Thread with TID = 125316162913984 read: Office Desk
Thread with TID = 125316018210496 read: Gaming Desk
Thread with TID = 125316028696256 read: Bunk Bed
Thread with TID = 125316173399744 read: Curtains
Thread with TID = 125316152428224 read: Sectional Sofa
Thread with TID = 125315936421568 read: Desk Lamp
Thread with TID = 125315925935808 read: Storage Cabinet
Thread with TID = 125316049667776 read: Dining Hutch
Thread with TID = 125316318103232 read: Pantry Cabinet
Thread with TID = 125316381017792 read: Bedside Table
Thread with TID = 125316183885504 read: Coat Rack
Thread with TID = 125316360046272 read: Electric Heater
Thread with TID = 125315915450048 read: Loveseat
Thread with TID = 125315831563968 read: Storage Cube
Thread with TID = 125315894478528 read: Bed Frame
Thread with TID = 125315852535488 read: Shoe Rack
Thread with TID = 125315821078208 read: Flower Pot
Thread with TID = 125315800106688 read: Hutch
Thread with TID = 125315789620928 read: Decorative Vase
Thread with TID = 125315779135168 read: Entryway Bench
Thread with TID = 125315768649408 read: Sofa
Thread with TID = 125315758163648 read: Wall Shelf
Thread with TID = 125315747677888 read: Chaise Lounge
Thread with TID = 125315863021248 read: Kitchen Island
Thread with TID = 125315904964288 read: Mattress
Thread with TID = 125315883992768 read: Murphy Bed
Thread with TID = 125315873507008 read: Storage Trunk
Thread with TID = 125315842049728 read: Carpet
Thread with TID = 125315810592448 read: Wardrobe
Thread with TID = 125315642820288 read: Vanity Mirror
Thread with TID = 125315621848768 read: Accent Chair
Thread with TID = 125315632334528 read: Pendant Light
Thread with TID = 125315611363008 read: Room Divider
Thread with TID = 125315600877248 read: Bookcase
Thread with TID = 125315737192128 read: Lamp
Thread with TID = 125315590391488 read: Dresser
Thread with TID = 125315579905728 read: Bedside Chest
Thread with TID = 125315569419968 read: Bar Cart
Thread with TID = 125315726706368 read: Ladder Shelf
Thread with TID = 125315527476928 read: Drawer Chest
Thread with TID = 125315716220608 read: Media Console
Thread with TID = 125315516991168 read: Rug
Thread with TID = 125315653306048 read: End Table
Thread with TID = 125315684763328 read: Kitchen Stool
Thread with TID = 125315674277568 read: Dining Table
Thread with TID = 125315485533888 read: Utility Cart
Thread with TID = 125315464562368 read: Area Rug
Thread with TID = 125315558934208 read: Bookshelf
Thread with TID = 125315506505408 read: Wine Rack
Thread with TID = 125315548448448 read: Ceiling Fan
Thread with TID = 125315537962688 read: Electric Fan
Thread with TID = 125315496019648 read: Garden Bench
Thread with TID = 125315475048128 read: Outdoor Sofa
Thread with TID = 125315705734848 read: Bar Stools
Thread with TID = 125315454076608 read: Table Lamp
Thread with TID = 125315695249088 read: Hall Tree
Thread with TID = 125315663791808 read: Nightstand
Thread with TID = 125315443590848 read: Desk Organizer
Thread with TID = 125315198224064 read: Console Table
Thread with TID = 125315166766784 read: Hallway Mirror
Thread with TID = 125315422619328 read: Filing Cabinet
Thread with TID = 125315412133568 read: Rocking Chair
Thread with TID = 125315433105088 read: Armchair
Thread with TID = 125315187738304 read: Wall Clock
Thread with TID = 125315177252544 read: Coffee Table
