Process PID: 8968
Thread with TID = 137040452650688 read: Electric Heater
Thread with TID = 137040410707648 read: Pantry Cabinet
Thread with TID = 137040431679168 read: Patio Heater
Thread with TID = 137040526051008 read: Daybed
Thread with TID = 137040505079488 read: Photo Frame
Thread with TID = 137040421193408 read: TV Stand
Thread with TID = 137040442164928 read: Standing Mirror
Thread with TID = 137040494593728 read: Wardrobe Closet
Thread with TID = 137040515565248 read: Porch Swing
Thread with TID = 137040484107968 read: Storage Bench
Thread with TID = 137040314238656 read: Floor Lamp
Thread with TID = 137040303752896 read: Futon
Thread with TID = 137040293267136 read: Recliner
Thread with TID = 137040473622208 read: Bedside Table
Thread with TID = 137040463136448 read: Outdoor Umbrella
Thread with TID = 137040324724416 read: Dining Chair
Thread with TID = 137040282781376 read: Ottoman
Thread with TID = 137040272295616 read: Coat Rack
Thread with TID = 137040190506688 read: Curtains
Thread with TID = 137040169535168 read: Sectional Sofa
Thread with TID = 137040138077888 read: Dining Hutch
Thread with TID = 137040159049408 read: Throw Pillow
Thread with TID = 137040127592128 read: File Cabinet
Thread with TID = 137040180020928 read: Office Desk
Thread with TID = 137040106620608 read: Gaming Desk
Thread with TID = 137040085649088 read: Storage Cabinet
Thread with TID = 137040096134848 read: Desk Lamp
Thread with TID = 137040148563648 read: Patio Set
Thread with TID = 137040117106368 read: Bunk Bed
Thread with TID = 137040075163328 read: Loveseat
Thread with TID = 137039978694336 read: Bed Frame
Thread with TID = 137039989180096 read: Mattress
Thread with TID = 137039947237056 read: Kitchen Island
Thread with TID = 137039854962368 read: Carpet
Thread with TID = 137039968208576 read: Murphy Bed
Thread with TID = 137039823505088 read: Wardrobe
Thread with TID = 137039957722816 read: Storage Trunk
Thread with TID = 137039844476608 read: Storage Cube
Thread with TID = 137039720744640 read: Entryway Bench
Thread with TID = 137039833990848 read: Flower Pot
Thread with TID = 137039710258880 read: Sofa
Thread with TID = 137039699773120 read: Wall Shelf
Thread with TID = 137039802533568 read: Decorative Vase
Thread with TID = 137039678801600 read: Lamp
Thread with TID = 137039936751296 read: Shoe Rack
Thread with TID = 137039689287360 read: Chaise Lounge
Thread with TID = 137039813019328 read: Hutch
Thread with TID = 137039668315840 read: Ladder Shelf
Thread with TID = 137039657830080 read: Media Console
Thread with TID = 137039626372800 read: Kitchen Stool
Thread with TID = 137039615887040 read: Dining Table
Thread with TID = 137039647344320 read: Bar Stools
Thread with TID = 137039584429760 read: Vanity Mirror
Thread with TID = 137039573944000 read: Pendant Light
Thread with TID = 137039636858560 read: Hall Tree
Thread with TID = 137039563458240 read: Accent Chair
Thread with TID = 137039605401280 read: Nightstand
Thread with TID = 137039552972480 read: Room Divider
Thread with TID = 137039594915520 read: End Table
Thread with TID = 137039542486720 read: Bookcase
Thread with TID = 137039521515200 read: Bedside Chest
Thread with TID = 137039532000960 read: Dresser
Thread with TID = 137039500543680 read: Bookshelf
Thread with TID = 137039490057920 read: Ceiling Fan
Thread with TID = 137039469086400 read: Drawer Chest
Thread with TID = 137039458600640 read: Rug
Thread with TID = 137039448114880 read: Wine Rack
Thread with TID = 137039427143360 read: Utility Cart
Thread with TID = 137039385200320 read: Desk Organizer
Thread with TID = 137039416657600 read: Outdoor Sofa
Thread with TID = 137039374714560 read: Armchair
Thread with TID = 137039406171840 read: Area Rug
Thread with TID = 137039395686080 read: Table Lamp
Thread with TID = 137039364228800 read: Filing Cabinet
Thread with TID = 137039353743040 read: Rocking Chair
Thread with TID = 137039343257280 read: Console Table
Thread with TID = 137039479572160 read: Electric Fan
Thread with TID = 137039437629120 read: Garden Bench
Thread with TID = 137039322285760 read: Coffee Table
Thread with TID = 137039511029440 read: Bar Cart
Thread with TID = 137039332771520 read: Wall Clock
Thread with TID = 137039311800000 read: Hallway Mirror
