Process PID: 13370
Thread with TID = 134536365082304 read: Porch Swing
Thread with TID = 134536281196224 read: Patio Heater
Thread with TID = 134536126006976 read: Pantry Cabinet
Thread with TID = 134536291681984 read: Standing Mirror
Thread with TID = 134536302167744 read: Electric Heater
Thread with TID = 134536270710464 read: TV Stand
Thread with TID = 134536354596544 read: Photo Frame
Thread with TID = 134536323139264 read: Bedside Table
Thread with TID = 134536312653504 read: Outdoor Umbrella
Thread with TID = 134536344110784 read: Wardrobe Closet
Thread with TID = 134536333625024 read: Storage Bench
Thread with TID = 134536375568064 read: Daybed
Thread with TID = 134536260224704 read: Dining Chair
Thread with TID = 134536105035456 read: Office Desk
Thread with TID = 134536115521216 read: Curtains
Thread with TID = 134536023246528 read: Sectional Sofa
Thread with TID = 134536249738944 read: Floor Lamp
Thread with TID = 134536157464256 read: Recliner
Thread with TID = 134536146978496 read: Ottoman
Thread with TID = 134536136492736 read: Coat Rack
Thread with TID = 134536239253184 read: Futon
Thread with TID = 134536012760768 read: Throw Pillow
Thread with TID = 134536002275008 read: Patio Set
Thread with TID = 134535991789248 read: Dining Hutch
Thread with TID = 134535981303488 read: File Cabinet
Thread with TID = 134535970817728 read: Bunk Bed
Thread with TID = 134535889028800 read: Gaming Desk
Thread with TID = 134535847085760 read: Mattress
Thread with TID = 134535878543040 read: Desk Lamp
Thread with TID = 134535754811072 read: Murphy Bed
Thread with TID = 134535836600000 read: Bed Frame
Thread with TID = 134535868057280 read: Storage Cabinet
Thread with TID = 134535857571520 read: Loveseat
Thread with TID = 134535733839552 read: Kitchen Island
Thread with TID = 134535723353792 read: Shoe Rack
Thread with TID = 134535744325312 read: Storage Trunk
Thread with TID = 134535712868032 read: Carpet
Thread with TID = 134535702382272 read: Storage Cube
Thread with TID = 134535620593344 read: Flower Pot
Thread with TID = 134535610107584 read: Wardrobe
Thread with TID = 134535589136064 read: Decorative Vase
Thread with TID = 134535599621824 read: Hutch
Thread with TID = 134535557678784 read: Wall Shelf
Thread with TID = 134535505249984 read: Bar Stools
Thread with TID = 134535463306944 read: Nightstand
Thread with TID = 134535473792704 read: Dining Table
Thread with TID = 134535536707264 read: Lamp
Thread with TID = 134535547193024 read: Chaise Lounge
Thread with TID = 134535526221504 read: Ladder Shelf
Thread with TID = 134535568164544 read: Sofa
Thread with TID = 134535410878144 read: Room Divider
Thread with TID = 134535578650304 read: Entryway Bench
Thread with TID = 134535400392384 read: Bookcase
Thread with TID = 134535494764224 read: Hall Tree
Thread with TID = 134535389906624 read: Dresser
Thread with TID = 134535515735744 read: Media Console
Thread with TID = 134535379420864 read: Bedside Chest
Thread with TID = 134535442335424 read: Vanity Mirror
Thread with TID = 134535421363904 read: Accent Chair
Thread with TID = 134535368935104 read: Bar Cart
Thread with TID = 134535484278464 read: Kitchen Stool
Thread with TID = 134535431849664 read: Pendant Light
Thread with TID = 134535358449344 read: Bookshelf
Thread with TID = 134535452821184 read: End Table
Thread with TID = 134535347963584 read: Ceiling Fan
Thread with TID = 134535326992064 read: Drawer Chest
Thread with TID = 134535316506304 read: Rug
Thread with TID = 134535306020544 read: Wine Rack
Thread with TID = 134535217940160 read: Garden Bench
Thread with TID = 134535337477824 read: Electric Fan
Thread with TID = 134535196968640 read: Outdoor Sofa
Thread with TID = 134535186482880 read: Area Rug
Thread with TID = 134535207454400 read: Utility Cart
Thread with TID = 134535165511360 read: Desk Organizer
Thread with TID = 134535134054080 read: Rocking Chair
Thread with TID = 134535092111040 read: Hallway Mirror
Thread with TID = 134535123568320 read: Console Table
Thread with TID = 134535113082560 read: Wall Clock
Thread with TID = 134535175997120 read: Table Lamp
Thread with TID = 134535155025600 read: Armchair
Thread with TID = 134535102596800 read: Coffee Table
Thread with TID = 134535144539840 read: Filing Cabinet
