Process PID: 15546
Thread with TID = 138243706193600 read: Porch Swing
Thread with TID = 138243569878720 read: Futon
Thread with TID = 138243611821760 read: TV Stand
Thread with TID = 138243685222080 read: Wardrobe Closet
Thread with TID = 138243674736320 read: Storage Bench
Thread with TID = 138243590850240 read: Dining Chair
Thread with TID = 138243664250560 read: Bedside Table
Thread with TID = 138243632793280 read: Standing Mirror
Thread with TID = 138243452438208 read: Recliner
Thread with TID = 138243622307520 read: Patio Heater
Thread with TID = 138243580364480 read: Floor Lamp
Thread with TID = 138243601336000 read: Pantry Cabinet
Thread with TID = 138243716679360 read: Daybed
Thread with TID = 138243653764800 read: Outdoor Umbrella
Thread with TID = 138243695707840 read: Photo Frame
Thread with TID = 138243643279040 read: Electric Heater
Thread with TID = 138243420980928 read: Throw Pillow
Thread with TID = 138243559392960 read: Ottoman
Thread with TID = 138243441952448 read: Office Desk
Thread with TID = 138243548907200 read: Coat Rack
Thread with TID = 138243538421440 read: Curtains
Thread with TID = 138243400009408 read: Dining Hutch
Thread with TID = 138243410495168 read: Patio Set
Thread with TID = 138243318220480 read: File Cabinet
Thread with TID = 138243431466688 read: Sectional Sofa
Thread with TID = 138243307734720 read: Bunk Bed
Thread with TID = 138243184002752 read: Mattress
Thread with TID = 138243163031232 read: Murphy Bed
Thread with TID = 138243142059712 read: Kitchen Island
Thread with TID = 138243152545472 read: Storage Trunk
Thread with TID = 138243297248960 read: Gaming Desk
Thread with TID = 138243286763200 read: Desk Lamp
Thread with TID = 138243276277440 read: Storage Cabinet
Thread with TID = 138243028813504 read: Flower Pot
Thread with TID = 138243265791680 read: Loveseat
Thread with TID = 138243007841984 read: Hutch
Thread with TID = 138243049785024 read: Carpet
Thread with TID = 138243173516992 read: Bed Frame
Thread with TID = 138242894595776 read: Wall Shelf
Thread with TID = 138242997356224 read: Decorative Vase
Thread with TID = 138243131573952 read: Shoe Rack
Thread with TID = 138243039299264 read: Storage Cube
Thread with TID = 138242873624256 read: Lamp
Thread with TID = 138242915567296 read: Entryway Bench
Thread with TID = 138243018327744 read: Wardrobe
Thread with TID = 138242905081536 read: Sofa
Thread with TID = 138242884110016 read: Chaise Lounge
Thread with TID = 138242863138496 read: Ladder Shelf
Thread with TID = 138242770863808 read: Bar Stools
Thread with TID = 138242781349568 read: Media Console
Thread with TID = 138242760378048 read: Hall Tree
Thread with TID = 138242739406528 read: Dining Table
Thread with TID = 138242749892288 read: Kitchen Stool
Thread with TID = 138242728920768 read: Nightstand
Thread with TID = 138242718435008 read: End Table
Thread with TID = 138242676491968 read: Room Divider
Thread with TID = 138242666006208 read: Bookcase
Thread with TID = 138242686977728 read: Accent Chair
Thread with TID = 138242707949248 read: Vanity Mirror
Thread with TID = 138242655520448 read: Dresser
Thread with TID = 138242582120128 read: Rug
Thread with TID = 138242624063168 read: Bookshelf
Thread with TID = 138242697463488 read: Pendant Light
Thread with TID = 138242561148608 read: Garden Bench
Thread with TID = 138242613577408 read: Ceiling Fan
Thread with TID = 138242550662848 read: Utility Cart
Thread with TID = 138242645034688 read: Bedside Chest
Thread with TID = 138242634548928 read: Bar Cart
Thread with TID = 138242571634368 read: Wine Rack
Thread with TID = 138242603091648 read: Electric Fan
Thread with TID = 138242592605888 read: Drawer Chest
Thread with TID = 138242540177088 read: Outdoor Sofa
Thread with TID = 138242529691328 read: Area Rug
Thread with TID = 138242519205568 read: Table Lamp
Thread with TID = 138242508719808 read: Desk Organizer
Thread with TID = 138242498234048 read: Armchair
Thread with TID = 138242487748288 read: Filing Cabinet
Thread with TID = 138242456291008 read: Wall Clock
Thread with TID = 138242477262528 read: Rocking Chair
Thread with TID = 138242445805248 read: Coffee Table
Thread with TID = 138242466776768 read: Console Table
Thread with TID = 138242435319488 read: Hallway Mirror
