Process PID: 6169
Thread with TID = 125075932055232 read: Daybed
Thread with TID = 125075774768832 read: Recliner
Thread with TID = 125075837683392 read: Patio Heater
Thread with TID = 125075806226112 read: Dining Chair
Thread with TID = 125075869140672 read: Outdoor Umbrella
Thread with TID = 125075858654912 read: Electric Heater
Thread with TID = 125075665716928 read: Curtains
Thread with TID = 125075686688448 read: Ottoman
Thread with TID = 125075676202688 read: Coat Rack
Thread with TID = 125075644745408 read: Sectional Sofa
Thread with TID = 125075827197632 read: TV Stand
Thread with TID = 125075655231168 read: Office Desk
Thread with TID = 125075795740352 read: Floor Lamp
Thread with TID = 125075552470720 read: Patio Set
Thread with TID = 125075879626432 read: Bedside Table
Thread with TID = 125075848169152 read: Standing Mirror
Thread with TID = 125075785254592 read: Futon
Thread with TID = 125075890112192 read: Storage Bench
Thread with TID = 125075911083712 read: Photo Frame
Thread with TID = 125075634259648 read: Throw Pillow
Thread with TID = 125075921569472 read: Porch Swing
Thread with TID = 125075541984960 read: Dining Hutch
Thread with TID = 125075816711872 read: Pantry Cabinet
Thread with TID = 125075900597952 read: Wardrobe Closet
Thread with TID = 125075531499200 read: File Cabinet
Thread with TID = 125075521013440 read: Bunk Bed
Thread with TID = 125075397281472 read: Mattress
Thread with TID = 125075510527680 read: Gaming Desk
Thread with TID = 125075418252992 read: Storage Cabinet
Thread with TID = 125075386795712 read: Bed Frame
Thread with TID = 125075500041920 read: Desk Lamp
Thread with TID = 125075273549504 read: Shoe Rack
Thread with TID = 125075263063744 read: Carpet
Thread with TID = 125075407767232 read: Loveseat
Thread with TID = 125075082708672 read: Hutch
Thread with TID = 125075252577984 read: Storage Cube
Thread with TID = 125075072222912 read: Decorative Vase
Thread with TID = 125075365824192 read: Storage Trunk
Thread with TID = 125075051251392 read: Sofa
Thread with TID = 125075040765632 read: Wall Shelf
Thread with TID = 125074948490944 read: Lamp
Thread with TID = 125075376309952 read: Murphy Bed
Thread with TID = 125075030279872 read: Chaise Lounge
Thread with TID = 125075242092224 read: Flower Pot
Thread with TID = 125074772330176 read: Pendant Light
Thread with TID = 125074803787456 read: Nightstand
Thread with TID = 125074917033664 read: Bar Stools
Thread with TID = 125074793301696 read: End Table
Thread with TID = 125075284035264 read: Kitchen Island
Thread with TID = 125074814273216 read: Dining Table
Thread with TID = 125074896062144 read: Kitchen Stool
Thread with TID = 125075231606464 read: Wardrobe
Thread with TID = 125074761844416 read: Accent Chair
Thread with TID = 125074782815936 read: Vanity Mirror
Thread with TID = 125074751358656 read: Room Divider
Thread with TID = 125074709415616 read: Bar Cart
Thread with TID = 125074740872896 read: Bookcase
Thread with TID = 125074677958336 read: Electric Fan
Thread with TID = 125074938005184 read: Ladder Shelf
Thread with TID = 125074927519424 read: Media Console
Thread with TID = 125074698929856 read: Bookshelf
Thread with TID = 125074730387136 read: Dresser
Thread with TID = 125074906547904 read: Hall Tree
Thread with TID = 125074719901376 read: Bedside Chest
Thread with TID = 125074656986816 read: Rug
Thread with TID = 125074573100736 read: Armchair
Thread with TID = 125074667472576 read: Drawer Chest
Thread with TID = 125074625529536 read: Utility Cart
Thread with TID = 125074688444096 read: Ceiling Fan
Thread with TID = 125074552129216 read: Rocking Chair
Thread with TID = 125074510186176 read: Hallway Mirror
Thread with TID = 125074583586496 read: Desk Organizer
Thread with TID = 125074646501056 read: Wine Rack
Thread with TID = 125074541643456 read: Console Table
Thread with TID = 125074615043776 read: Outdoor Sofa
Thread with TID = 125074604558016 read: Area Rug
Thread with TID = 125074594072256 read: Table Lamp
Thread with TID = 125075061737152 read: Entryway Bench
Thread with TID = 125074562614976 read: Filing Cabinet
Thread with TID = 125074520671936 read: Coffee Table
Thread with TID = 125074531157696 read: Wall Clock
Thread with TID = 125074636015296 read: Garden Bench
