Process PID: 18016
Thread with TID = 132214467593920 read: Porch Swing
Thread with TID = 132214478079680 read: Daybed
Thread with TID = 132214293530304 read: Pantry Cabinet
Thread with TID = 132214324987584 read: Standing Mirror
Thread with TID = 132214283044544 read: Dining Chair
Thread with TID = 132214314501824 read: Patio Heater
Thread with TID = 132214304016064 read: TV Stand
Thread with TID = 132214457108160 read: Photo Frame
Thread with TID = 132214180284096 read: Recliner
Thread with TID = 132214148826816 read: Curtains
Thread with TID = 132214169798336 read: Ottoman
Thread with TID = 132214190769856 read: Futon
Thread with TID = 132214159312576 read: Coat Rack
Thread with TID = 132214446622400 read: Wardrobe Closet
Thread with TID = 132214436136640 read: Storage Bench
Thread with TID = 132214425650880 read: Bedside Table
Thread with TID = 132214415165120 read: Outdoor Umbrella
Thread with TID = 132214404679360 read: Electric Heater
Thread with TID = 132214272558784 read: Floor Lamp
Thread with TID = 132214056552128 read: Office Desk
Thread with TID = 132214138341056 read: Sectional Sofa
Thread with TID = 132214014609088 read: File Cabinet
Thread with TID = 132214046066368 read: Throw Pillow
Thread with TID = 132213993637568 read: Gaming Desk
Thread with TID = 132214035580608 read: Patio Set
Thread with TID = 132213983151808 read: Desk Lamp
Thread with TID = 132214004123328 read: Bunk Bed
Thread with TID = 132213920237248 read: Storage Trunk
Thread with TID = 132213962180288 read: Loveseat
Thread with TID = 132214025094848 read: Dining Hutch
Thread with TID = 132213941208768 read: Bed Frame
Thread with TID = 132213951694528 read: Mattress
Thread with TID = 132213930723008 read: Murphy Bed
Thread with TID = 132213972666048 read: Storage Cabinet
Thread with TID = 132213909751488 read: Kitchen Island
Thread with TID = 132213899265728 read: Shoe Rack
Thread with TID = 132213888779968 read: Carpet
Thread with TID = 132213857322688 read: Wardrobe
Thread with TID = 132213846836928 read: Hutch
Thread with TID = 132213836351168 read: Decorative Vase
Thread with TID = 132213815379648 read: Sofa
Thread with TID = 132213804893888 read: Wall Shelf
Thread with TID = 132213825865408 read: Entryway Bench
Thread with TID = 132213794408128 read: Chaise Lounge
Thread with TID = 132213783922368 read: Lamp
Thread with TID = 132213867808448 read: Flower Pot
Thread with TID = 132213773436608 read: Ladder Shelf
Thread with TID = 132213878294208 read: Storage Cube
Thread with TID = 132213741979328 read: Hall Tree
Thread with TID = 132213721007808 read: Dining Table
Thread with TID = 132213710522048 read: Nightstand
Thread with TID = 132213752465088 read: Bar Stools
Thread with TID = 132213731493568 read: Kitchen Stool
Thread with TID = 132213762950848 read: Media Console
Thread with TID = 132213679064768 read: Pendant Light
Thread with TID = 132213700036288 read: End Table
Thread with TID = 132213689550528 read: Vanity Mirror
Thread with TID = 132213668579008 read: Accent Chair
Thread with TID = 132213658093248 read: Room Divider
Thread with TID = 132213647607488 read: Bookcase
Thread with TID = 132213626635968 read: Bedside Chest
Thread with TID = 132213616150208 read: Bar Cart
Thread with TID = 132213637121728 read: Dresser
Thread with TID = 132213605664448 read: Bookshelf
Thread with TID = 132213595178688 read: Ceiling Fan
Thread with TID = 132213584692928 read: Electric Fan
Thread with TID = 132213574207168 read: Drawer Chest
Thread with TID = 132213553235648 read: Wine Rack
Thread with TID = 132213563721408 read: Rug
Thread with TID = 132213385463488 read: Rocking Chair
Thread with TID = 132213542749888 read: Garden Bench
Thread with TID = 132213532264128 read: Utility Cart
Thread with TID = 132213521778368 read: Outdoor Sofa
Thread with TID = 132213469349568 read: Filing Cabinet
Thread with TID = 132213500806848 read: Table Lamp
Thread with TID = 132213490321088 read: Desk Organizer
Thread with TID = 132213479835328 read: Armchair
Thread with TID = 132213374977728 read: Console Table
Thread with TID = 132213511292608 read: Area Rug
Thread with TID = 132213364491968 read: Wall Clock
Thread with TID = 132213354006208 read: Coffee Table
Thread with TID = 132213343520448 read: Hallway Mirror
