Process PID: 14932
Thread with TID = 131712195495616 read: Photo Frame
Thread with TID = 131712029820608 read: Bed Frame
Thread with TID = 131711948031680 read: Murphy Bed
Thread with TID = 131711895602880 read: Bookcase
Thread with TID = 131711885117120 read: Ceiling Fan
Thread with TID = 131711469881024 read: Console Table
Thread with TID = 131711480366784 read: Curtains
Thread with TID = 131711927060160 read: Kitchen Island
Thread with TID = 131711585224384 read: Bedside Chest
Thread with TID = 131711417452224 read: Coffee Table
Thread with TID = 131711396480704 read: Electric Fan
Thread with TID = 131711490852544 read: Table Lamp
Thread with TID = 131711406966464 read: Standing Mirror
Thread with TID = 131711916574400 read: Bar Cart
Thread with TID = 131711853659840 read: Utility Cart
Thread with TID = 131711385994944 read: Storage Cube
Thread with TID = 131711459395264 read: Wall Shelf
Thread with TID = 131712394725056 read: Futon
Thread with TID = 131711658624704 read: Mattress
Thread with TID = 131711937545920 read: Dining Hutch
Thread with TID = 131711543281344 read: Pantry Cabinet
Thread with TID = 131711522309824 read: Loveseat
Thread with TID = 131711532795584 read: Pendant Light
Thread with TID = 131712082249408 read: End Table
Thread with TID = 131711669110464 read: Bar Stools
Thread with TID = 131711427937984 read: Ottoman
Thread with TID = 131711564252864 read: Ladder Shelf
Thread with TID = 131711759288000 read: Dining Table
Thread with TID = 131711627167424 read: Electric Heater
Thread with TID = 131711780259520 read: Daybed
Thread with TID = 131711606195904 read: TV Stand
Thread with TID = 131712300353216 read: Wine Rack
Thread with TID = 131711574738624 read: Gaming Desk
Thread with TID = 131712289867456 read: Decorative Vase
Thread with TID = 131711637653184 read: Patio Heater
Thread with TID = 131711375509184 read: Throw Pillow
Thread with TID = 131711790745280 read: Garden Bench
Thread with TID = 131711769773760 read: Filing Cabinet
Thread with TID = 131711344051904 read: Rug
Thread with TID = 131712258410176 read: Drawer Chest
Thread with TID = 131711874631360 read: Floor Lamp
Thread with TID = 131712247924416 read: Coat Rack
Thread with TID = 131711616681664 read: File Cabinet
Thread with TID = 131711679596224 read: Dresser
Thread with TID = 131711595710144 read: Porch Swing
Thread with TID = 131711511824064 read: Wardrobe
Thread with TID = 131711843174080 read: Outdoor Sofa
Thread with TID = 131712384239296 read: Bunk Bed
Thread with TID = 131712342296256 read: Rocking Chair
Thread with TID = 131711864145600 read: Kitchen Stool
Thread with TID = 131712321324736 read: Bedside Table
Thread with TID = 131712071763648 read: Desk Organizer
Thread with TID = 131712279381696 read: Media Console
Thread with TID = 131712050792128 read: Storage Cabinet
Thread with TID = 131711832688320 read: Outdoor Umbrella
Thread with TID = 131711822202560 read: Chaise Lounge
Thread with TID = 131711801231040 read: Vanity Mirror
Thread with TID = 131711648138944 read: Bookshelf
Thread with TID = 131712268895936 read: Lamp
Thread with TID = 131712363267776 read: Hutch
Thread with TID = 131712185009856 read: Sectional Sofa
Thread with TID = 131712216467136 read: Patio Set
Thread with TID = 131712205981376 read: Nightstand
Thread with TID = 131712405210816 read: Sofa
Thread with TID = 131712373753536 read: Hallway Mirror
Thread with TID = 131712061277888 read: Wardrobe Closet
Thread with TID = 131712352782016 read: Desk Lamp
Thread with TID = 131712164038336 read: Entryway Bench
Thread with TID = 131712174524096 read: Carpet
Thread with TID = 131712226952896 read: Dining Chair
Thread with TID = 131712237438656 read: Storage Trunk
Thread with TID = 131712331810496 read: Accent Chair
Thread with TID = 131712310838976 read: Shoe Rack
Thread with TID = 131712040306368 read: Hall Tree
Thread with TID = 131711811716800 read: Office Desk
Thread with TID = 131711553767104 read: Storage Bench
Thread with TID = 131711448909504 read: Area Rug
Thread with TID = 131711501338304 read: Room Divider
Thread with TID = 131711438423744 read: Armchair
Thread with TID = 131711354537664 read: Recliner
Thread with TID = 131711906088640 read: Wall Clock
Thread with TID = 131711365023424 read: Flower Pot
