Process PID: 136057
Thread with TID = 140737035372224 read: Coat Rack
Thread with TID = 140737337362112 read: Porch Swing
Thread with TID = 140737316390592 read: Wardrobe Closet
Thread with TID = 140737087801024 read: Dining Chair
Thread with TID = 140737263961792 read: Standing Mirror
Thread with TID = 140737077315264 read: Floor Lamp
Thread with TID = 140737242990272 read: TV Stand
Thread with TID = 140737014400704 read: Office Desk
Thread with TID = 140737056343744 read: Recliner
Thread with TID = 140737024886464 read: Curtains
Thread with TID = 140737003914944 read: Sectional Sofa
Thread with TID = 140737253476032 read: Patio Heater
Thread with TID = 140737347847872 read: Daybed
Thread with TID = 140737326876352 read: Photo Frame
Thread with TID = 140737305904832 read: Storage Bench
Thread with TID = 140737045857984 read: Ottoman
Thread with TID = 140737284933312 read: Outdoor Umbrella
Thread with TID = 140737295419072 read: Bedside Table
Thread with TID = 140737232504512 read: Pantry Cabinet
Thread with TID = 140737066829504 read: Futon
Thread with TID = 140737274447552 read: Electric Heater
Thread with TID = 140736882280128 read: Throw Pillow
Thread with TID = 140737140229824 read: Dining Hutch
Thread with TID = 140737129744064 read: File Cabinet
Thread with TID = 140737150715584 read: Patio Set
Thread with TID = 140737119258304 read: Bunk Bed
Thread with TID = 140737108772544 read: Gaming Desk
Thread with TID = 140737098286784 read: Desk Lamp
Thread with TID = 140736972457664 read: Mattress
Thread with TID = 140736871794368 read: Murphy Bed
Thread with TID = 140736850822848 read: Kitchen Island
Thread with TID = 140736748062400 read: Storage Cube
Thread with TID = 140736993429184 read: Storage Cabinet
Thread with TID = 140736829851328 read: Carpet
Thread with TID = 140736840337088 read: Shoe Rack
Thread with TID = 140736737576640 read: Flower Pot
Thread with TID = 140736695633600 read: Entryway Bench
Thread with TID = 140736613844672 read: Sofa
Thread with TID = 140736727090880 read: Wardrobe
Thread with TID = 140736706119360 read: Decorative Vase
Thread with TID = 140736982943424 read: Loveseat
Thread with TID = 140736861308608 read: Storage Trunk
Thread with TID = 140736961971904 read: Bed Frame
Thread with TID = 140736716605120 read: Hutch
Thread with TID = 140736603358912 read: Wall Shelf
Thread with TID = 140736571901632 read: Ladder Shelf
Thread with TID = 140736592873152 read: Chaise Lounge
Thread with TID = 140736246843072 read: Room Divider
Thread with TID = 140736144082624 read: Bedside Chest
Thread with TID = 140736133596864 read: Bar Cart
Thread with TID = 140736236357312 read: Bookcase
Thread with TID = 140736267814592 read: Pendant Light
Thread with TID = 140736257328832 read: Accent Chair
Thread with TID = 140736582387392 read: Lamp
Thread with TID = 140736402032320 read: Hall Tree
Thread with TID = 140736370575040 read: Nightstand
Thread with TID = 140736381060800 read: Dining Table
Thread with TID = 140736278300352 read: Vanity Mirror
Thread with TID = 140736360089280 read: End Table
Thread with TID = 140736123111104 read: Bookshelf
Thread with TID = 140736561415872 read: Media Console
Thread with TID = 140736412518080 read: Bar Stools
Thread with TID = 140736391546560 read: Kitchen Stool
Thread with TID = 140736225871552 read: Dresser
Thread with TID = 140736112625344 read: Ceiling Fan
Thread with TID = 140735999379136 read: Wine Rack
Thread with TID = 140736009864896 read: Rug
Thread with TID = 140735844189888 read: Filing Cabinet
Thread with TID = 140735741429440 read: Wall Clock
Thread with TID = 140735978407616 read: Utility Cart
Thread with TID = 140736102139584 read: Electric Fan
Thread with TID = 140735823218368 read: Console Table
Thread with TID = 140735967921856 read: Outdoor Sofa
Thread with TID = 140735865161408 read: Desk Organizer
Thread with TID = 140735875647168 read: Table Lamp
Thread with TID = 140735988893376 read: Garden Bench
Thread with TID = 140735957436096 read: Area Rug
Thread with TID = 140736091653824 read: Drawer Chest
Thread with TID = 140735730943680 read: Coffee Table
Thread with TID = 140735833704128 read: Rocking Chair
Thread with TID = 140735854675648 read: Armchair
Thread with TID = 140735720457920 read: Hallway Mirror
