Process PID: 34096
Thread with TID = 140737295419072 read: Bedside Table
Thread with TID = 140737150715584 read: Standing Mirror
Thread with TID = 140737253476032 read: TV Stand
Thread with TID = 140737140229824 read: Floor Lamp
Thread with TID = 140737232504512 read: Dining Chair
Thread with TID = 140737242990272 read: Pantry Cabinet
Thread with TID = 140737326876352 read: Photo Frame
Thread with TID = 140737284933312 read: Outdoor Umbrella
Thread with TID = 140737316390592 read: Wardrobe Closet
Thread with TID = 140737305904832 read: Storage Bench
Thread with TID = 140737263961792 read: Patio Heater
Thread with TID = 140737347847872 read: Daybed
Thread with TID = 140737119258304 read: Recliner
Thread with TID = 140737129744064 read: Futon
Thread with TID = 140737108772544 read: Ottoman
Thread with TID = 140737274447552 read: Electric Heater
Thread with TID = 140737098286784 read: Coat Rack
Thread with TID = 140737006012096 read: Office Desk
Thread with TID = 140736995526336 read: Sectional Sofa
Thread with TID = 140737016497856 read: Curtains
Thread with TID = 140736964069056 read: Dining Hutch
Thread with TID = 140736985040576 read: Throw Pillow
Thread with TID = 140736871794368 read: Bunk Bed
Thread with TID = 140737337362112 read: Porch Swing
Thread with TID = 140736861308608 read: Gaming Desk
Thread with TID = 140736974554816 read: Patio Set
Thread with TID = 140736882280128 read: File Cabinet
Thread with TID = 140736840337088 read: Storage Cabinet
Thread with TID = 140736850822848 read: Desk Lamp
Thread with TID = 140736829851328 read: Loveseat
Thread with TID = 140736748062400 read: Mattress
Thread with TID = 140736727090880 read: Murphy Bed
Thread with TID = 140736695633600 read: Shoe Rack
Thread with TID = 140736674662080 read: Storage Cube
Thread with TID = 140736653690560 read: Wardrobe
Thread with TID = 140736611747520 read: Sofa
Thread with TID = 140736601261760 read: Wall Shelf
Thread with TID = 140736590776000 read: Chaise Lounge
Thread with TID = 140736580290240 read: Lamp
Thread with TID = 140736737576640 read: Bed Frame
Thread with TID = 140736716605120 read: Storage Trunk
Thread with TID = 140736664176320 read: Flower Pot
Thread with TID = 140736685147840 read: Carpet
Thread with TID = 140736643204800 read: Hutch
Thread with TID = 140736632719040 read: Decorative Vase
Thread with TID = 140736706119360 read: Kitchen Island
Thread with TID = 140736622233280 read: Entryway Bench
Thread with TID = 140736559318720 read: Media Console
Thread with TID = 140736569804480 read: Ladder Shelf
Thread with TID = 140736548832960 read: Bar Stools
Thread with TID = 140736538347200 read: Hall Tree
Thread with TID = 140736527861440 read: Kitchen Stool
Thread with TID = 140736506889920 read: Nightstand
Thread with TID = 140736496404160 read: End Table
Thread with TID = 140736517375680 read: Dining Table
Thread with TID = 140736475432640 read: Pendant Light
Thread with TID = 140736443975360 read: Bookcase
Thread with TID = 140736433489600 read: Dresser
Thread with TID = 140736370575040 read: Drawer Chest
Thread with TID = 140736412518080 read: Bar Cart
Thread with TID = 140736485918400 read: Vanity Mirror
Thread with TID = 140736255231680 read: Rocking Chair
Thread with TID = 140736360089280 read: Rug
Thread with TID = 140736349603520 read: Wine Rack
Thread with TID = 140736234260160 read: Wall Clock
Thread with TID = 140736339117760 read: Garden Bench
Thread with TID = 140736328632000 read: Utility Cart
Thread with TID = 140736381060800 read: Electric Fan
Thread with TID = 140736464946880 read: Accent Chair
Thread with TID = 140736297174720 read: Table Lamp
Thread with TID = 140736423003840 read: Bedside Chest
Thread with TID = 140736454461120 read: Room Divider
Thread with TID = 140736402032320 read: Bookshelf
Thread with TID = 140736391546560 read: Ceiling Fan
Thread with TID = 140736276203200 read: Armchair
Thread with TID = 140736318146240 read: Outdoor Sofa
Thread with TID = 140736307660480 read: Area Rug
Thread with TID = 140736286688960 read: Desk Organizer
Thread with TID = 140736265717440 read: Filing Cabinet
Thread with TID = 140736244745920 read: Console Table
Thread with TID = 140736213288640 read: Hallway Mirror
Thread with TID = 140736223774400 read: Coffee Table
