Process PID: 7660
Thread with TID = 140737284933312 read: Outdoor Umbrella
Thread with TID = 140737263961792 read: Standing Mirror
Thread with TID = 140737305904832 read: Storage Bench
Thread with TID = 140737253476032 read: Patio Heater
Thread with TID = 140737150715584 read: TV Stand
Thread with TID = 140737295419072 read: Bedside Table
Thread with TID = 140737119258304 read: Recliner
Thread with TID = 140737326876352 read: Photo Frame
Thread with TID = 140737347847872 read: Daybed
Thread with TID = 140737337362112 read: Porch Swing
Thread with TID = 140737098286784 read: Coat Rack
Thread with TID = 140737274447552 read: Electric Heater
Thread with TID = 140737108772544 read: Ottoman
Thread with TID = 140737016497856 read: Curtains
Thread with TID = 140737232504512 read: Dining Chair
Thread with TID = 140737140229824 read: Floor Lamp
Thread with TID = 140737129744064 read: Futon
Thread with TID = 140736815171264 read: File Cabinet
Thread with TID = 140737316390592 read: Wardrobe Closet
Thread with TID = 140736964069056 read: Dining Hutch
Thread with TID = 140737006012096 read: Office Desk
Thread with TID = 140736995526336 read: Sectional Sofa
Thread with TID = 140737242990272 read: Pantry Cabinet
Thread with TID = 140736974554816 read: Patio Set
Thread with TID = 140736985040576 read: Throw Pillow
Thread with TID = 140736804685504 read: Bunk Bed
Thread with TID = 140736783713984 read: Desk Lamp
Thread with TID = 140736794199744 read: Gaming Desk
Thread with TID = 140736773228224 read: Storage Cabinet
Thread with TID = 140736762742464 read: Loveseat
Thread with TID = 140736680953536 read: Mattress
Thread with TID = 140736670467776 read: Bed Frame
Thread with TID = 140736659982016 read: Murphy Bed
Thread with TID = 140736649496256 read: Storage Trunk
Thread with TID = 140736639010496 read: Kitchen Island
Thread with TID = 140736628524736 read: Shoe Rack
Thread with TID = 140736546735808 read: Carpet
Thread with TID = 140736536250048 read: Storage Cube
Thread with TID = 140736525764288 read: Flower Pot
Thread with TID = 140736515278528 read: Wardrobe
Thread with TID = 140736504792768 read: Hutch
Thread with TID = 140736494307008 read: Decorative Vase
Thread with TID = 140736412518080 read: Entryway Bench
Thread with TID = 140736402032320 read: Sofa
Thread with TID = 140736391546560 read: Wall Shelf
Thread with TID = 140736381060800 read: Chaise Lounge
Thread with TID = 140736370575040 read: Lamp
Thread with TID = 140736360089280 read: Ladder Shelf
Thread with TID = 140736278300352 read: Media Console
Thread with TID = 140736267814592 read: Bar Stools
Thread with TID = 140736257328832 read: Hall Tree
Thread with TID = 140736246843072 read: Kitchen Stool
Thread with TID = 140736236357312 read: Dining Table
Thread with TID = 140736225871552 read: Nightstand
Thread with TID = 140736215385792 read: End Table
Thread with TID = 140736204900032 read: Vanity Mirror
Thread with TID = 140736194414272 read: Pendant Light
Thread with TID = 140736183928512 read: Accent Chair
Thread with TID = 140736173442752 read: Room Divider
Thread with TID = 140736162956992 read: Bookcase
Thread with TID = 140736152471232 read: Dresser
Thread with TID = 140736141985472 read: Bedside Chest
Thread with TID = 140736121013952 read: Bookshelf
Thread with TID = 140736131499712 read: Bar Cart
Thread with TID = 140736110528192 read: Ceiling Fan
Thread with TID = 140736100042432 read: Electric Fan
Thread with TID = 140736089556672 read: Drawer Chest
Thread with TID = 140736079070912 read: Rug
Thread with TID = 140736047613632 read: Utility Cart
Thread with TID = 140736037127872 read: Outdoor Sofa
Thread with TID = 140736005670592 read: Desk Organizer
Thread with TID = 140736058099392 read: Garden Bench
Thread with TID = 140736068585152 read: Wine Rack
Thread with TID = 140736026642112 read: Area Rug
Thread with TID = 140736016156352 read: Table Lamp
Thread with TID = 140735984699072 read: Filing Cabinet
Thread with TID = 140735974213312 read: Rocking Chair
Thread with TID = 140735995184832 read: Armchair
Thread with TID = 140735942756032 read: Coffee Table
Thread with TID = 140735932270272 read: Hallway Mirror
Thread with TID = 140735963727552 read: Console Table
Thread with TID = 140735953241792 read: Wall Clock
