Process PID: 32228
Thread with TID = 133257597290176 read: Porch Swing
Thread with TID = 133257576318656 read: Wardrobe Closet
Thread with TID = 133257586804416 read: Photo Frame
Thread with TID = 133257565832896 read: Storage Bench
Thread with TID = 133257555347136 read: Bedside Table
Thread with TID = 133257607775936 read: Daybed
Thread with TID = 133257544861376 read: Outdoor Umbrella
Thread with TID = 133257454683840 read: Standing Mirror
Thread with TID = 133257465169600 read: Electric Heater
Thread with TID = 133257423226560 read: Pantry Cabinet
Thread with TID = 133257330951872 read: Floor Lamp
Thread with TID = 133257320466112 read: Futon
Thread with TID = 133257433712320 read: TV Stand
Thread with TID = 133257299494592 read: Ottoman
Thread with TID = 133257412740800 read: Dining Chair
Thread with TID = 133257444198080 read: Patio Heater
Thread with TID = 133257257551552 read: Throw Pillow
Thread with TID = 133257129625280 read: Bunk Bed
Thread with TID = 133257247065792 read: Patio Set
Thread with TID = 133257236580032 read: Dining Hutch
Thread with TID = 133257226094272 read: File Cabinet
Thread with TID = 133257119139520 read: Gaming Desk
Thread with TID = 133257211414208 read: Curtains
Thread with TID = 133256984921792 read: Murphy Bed
Thread with TID = 133257268037312 read: Sectional Sofa
Thread with TID = 133256995407552 read: Bed Frame
Thread with TID = 133257098168000 read: Storage Cabinet
Thread with TID = 133257289008832 read: Coat Rack
Thread with TID = 133257278523072 read: Office Desk
Thread with TID = 133257309980352 read: Recliner
Thread with TID = 133257087682240 read: Loveseat
Thread with TID = 133256974436032 read: Storage Trunk
Thread with TID = 133256963950272 read: Kitchen Island
Thread with TID = 133256953464512 read: Shoe Rack
Thread with TID = 133256942978752 read: Carpet
Thread with TID = 133257077196480 read: Mattress
Thread with TID = 133256794080960 read: Storage Cube
Thread with TID = 133257108653760 read: Desk Lamp
Thread with TID = 133256773109440 read: Wardrobe
Thread with TID = 133256762623680 read: Hutch
Thread with TID = 133256741652160 read: Entryway Bench
Thread with TID = 133256783595200 read: Flower Pot
Thread with TID = 133256659863232 read: Sofa
Thread with TID = 133256607434432 read: Media Console
Thread with TID = 133256752137920 read: Decorative Vase
Thread with TID = 133256649377472 read: Wall Shelf
Thread with TID = 133256638891712 read: Chaise Lounge
Thread with TID = 133256617920192 read: Ladder Shelf
Thread with TID = 133256628405952 read: Lamp
Thread with TID = 133256525645504 read: Bar Stools
Thread with TID = 133256515159744 read: Hall Tree
Thread with TID = 133256504673984 read: Kitchen Stool
Thread with TID = 133256494188224 read: Dining Table
Thread with TID = 133256370456256 read: Accent Chair
Thread with TID = 133256338998976 read: Dresser
Thread with TID = 133256225752768 read: Ceiling Fan
Thread with TID = 133256257210048 read: Bedside Chest
Thread with TID = 133256246724288 read: Bar Cart
Thread with TID = 133256483702464 read: Nightstand
Thread with TID = 133256391427776 read: Vanity Mirror
Thread with TID = 133256359970496 read: Room Divider
Thread with TID = 133256236238528 read: Bookshelf
Thread with TID = 133256473216704 read: End Table
Thread with TID = 133256204781248 read: Drawer Chest
Thread with TID = 133256112506560 read: Wine Rack
Thread with TID = 133256380942016 read: Pendant Light
Thread with TID = 133256349484736 read: Bookcase
Thread with TID = 133256215267008 read: Electric Fan
Thread with TID = 133256122992320 read: Rug
Thread with TID = 133256102020800 read: Garden Bench
Thread with TID = 133256091535040 read: Utility Cart
Thread with TID = 133256049592000 read: Desk Organizer
Thread with TID = 133256039106240 read: Armchair
Thread with TID = 133256028620480 read: Filing Cabinet
Thread with TID = 133256081049280 read: Outdoor Sofa
Thread with TID = 133256070563520 read: Area Rug
Thread with TID = 133256060077760 read: Table Lamp
Thread with TID = 133256018134720 read: Rocking Chair
Thread with TID = 133256007648960 read: Console Table
Thread with TID = 133255997163200 read: Wall Clock
Thread with TID = 133255986677440 read: Coffee Table
Thread with TID = 133255976191680 read: Hallway Mirror
