Process PID: 9894
Thread with TID = 140737326876352 read: Photo Frame
Thread with TID = 140737222018752 read: Dining Chair
Thread with TID = 140737316390592 read: Wardrobe Closet
Thread with TID = 140737347847872 read: Daybed
Thread with TID = 140737337362112 read: Porch Swing
Thread with TID = 140737295419072 read: Bedside Table
Thread with TID = 140737284933312 read: Outdoor Umbrella
Thread with TID = 140737190561472 read: Recliner
Thread with TID = 140737211532992 read: Floor Lamp
Thread with TID = 140737305904832 read: Storage Bench
Thread with TID = 140737253476032 read: Patio Heater
Thread with TID = 140737232504512 read: Pantry Cabinet
Thread with TID = 140737263961792 read: Standing Mirror
Thread with TID = 140737242990272 read: TV Stand
Thread with TID = 140737169589952 read: Coat Rack
Thread with TID = 140737052149440 read: Throw Pillow
Thread with TID = 140737041663680 read: Patio Set
Thread with TID = 140737062635200 read: Sectional Sofa
Thread with TID = 140737031177920 read: Dining Hutch
Thread with TID = 140737201047232 read: Futon
Thread with TID = 140736938903232 read: Bunk Bed
Thread with TID = 140736928417472 read: Gaming Desk
Thread with TID = 140736949388992 read: File Cabinet
Thread with TID = 140737180075712 read: Ottoman
Thread with TID = 140736907445952 read: Storage Cabinet
Thread with TID = 140736917931712 read: Desk Lamp
Thread with TID = 140737073120960 read: Office Desk
Thread with TID = 140737083606720 read: Curtains
Thread with TID = 140736896960192 read: Loveseat
Thread with TID = 140736815171264 read: Mattress
Thread with TID = 140737274447552 read: Electric Heater
Thread with TID = 140736804685504 read: Bed Frame
Thread with TID = 140736794199744 read: Murphy Bed
Thread with TID = 140736783713984 read: Storage Trunk
Thread with TID = 140736773228224 read: Kitchen Island
Thread with TID = 140736762742464 read: Shoe Rack
Thread with TID = 140736680953536 read: Carpet
Thread with TID = 140736670467776 read: Storage Cube
Thread with TID = 140736649496256 read: Wardrobe
Thread with TID = 140736659982016 read: Flower Pot
Thread with TID = 140736639010496 read: Hutch
Thread with TID = 140736628524736 read: Decorative Vase
Thread with TID = 140736452363968 read: Kitchen Stool
Thread with TID = 140736536250048 read: Sofa
Thread with TID = 140736441878208 read: Dining Table
Thread with TID = 140736494307008 read: Ladder Shelf
Thread with TID = 140736420906688 read: End Table
Thread with TID = 140736410420928 read: Vanity Mirror
Thread with TID = 140736515278528 read: Chaise Lounge
Thread with TID = 140736473335488 read: Bar Stools
Thread with TID = 140736525764288 read: Wall Shelf
Thread with TID = 140736462849728 read: Hall Tree
Thread with TID = 140736546735808 read: Entryway Bench
Thread with TID = 140736504792768 read: Lamp
Thread with TID = 140736389449408 read: Accent Chair
Thread with TID = 140736483821248 read: Media Console
Thread with TID = 140736378963648 read: Room Divider
Thread with TID = 140736431392448 read: Nightstand
Thread with TID = 140736357992128 read: Dresser
Thread with TID = 140736347506368 read: Bedside Chest
Thread with TID = 140736399935168 read: Pendant Light
Thread with TID = 140736337020608 read: Bar Cart
Thread with TID = 140736326534848 read: Bookshelf
Thread with TID = 140736316049088 read: Ceiling Fan
Thread with TID = 140736305563328 read: Electric Fan
Thread with TID = 140736263620288 read: Garden Bench
Thread with TID = 140736211191488 read: Desk Organizer
Thread with TID = 140736368477888 read: Bookcase
Thread with TID = 140736284591808 read: Rug
Thread with TID = 140736221677248 read: Table Lamp
Thread with TID = 140736232163008 read: Area Rug
Thread with TID = 140736295077568 read: Drawer Chest
Thread with TID = 140736242648768 read: Outdoor Sofa
Thread with TID = 140736274106048 read: Wine Rack
Thread with TID = 140736179734208 read: Rocking Chair
Thread with TID = 140736169248448 read: Console Table
Thread with TID = 140736253134528 read: Utility Cart
Thread with TID = 140736158762688 read: Wall Clock
Thread with TID = 140736190219968 read: Filing Cabinet
Thread with TID = 140736200705728 read: Armchair
Thread with TID = 140736148276928 read: Coffee Table
Thread with TID = 140736137791168 read: Hallway Mirror
