Process PID: 30209
Thread with TID = 138794143581888 read: Porch Swing
Thread with TID = 138794112124608 read: Storage Bench
Thread with TID = 138794154067648 read: Daybed
Thread with TID = 138794133096128 read: Photo Frame
Thread with TID = 138794122610368 read: Wardrobe Closet
Thread with TID = 138794013558464 read: Bedside Table
Thread with TID = 138794101638848 read: Outdoor Umbrella
Thread with TID = 138794003072704 read: Electric Heater
Thread with TID = 138793992586944 read: Standing Mirror
Thread with TID = 138793982101184 read: Patio Heater
Thread with TID = 138793971615424 read: TV Stand
Thread with TID = 138793961129664 read: Pantry Cabinet
Thread with TID = 138793940158144 read: Floor Lamp
Thread with TID = 138793908700864 read: Ottoman
Thread with TID = 138793950643904 read: Dining Chair
Thread with TID = 138793919186624 read: Recliner
Thread with TID = 138793929672384 read: Futon
Thread with TID = 138793801746112 read: Office Desk
Thread with TID = 138793791260352 read: Sectional Sofa
Thread with TID = 138793812231872 read: Curtains
Thread with TID = 138793780774592 read: Throw Pillow
Thread with TID = 138793898215104 read: Coat Rack
Thread with TID = 138793770288832 read: Patio Set
Thread with TID = 138793749317312 read: File Cabinet
Thread with TID = 138793686402752 read: Mattress
Thread with TID = 138793696888512 read: Loveseat
Thread with TID = 138793728345792 read: Gaming Desk
Thread with TID = 138793675916992 read: Bed Frame
Thread with TID = 138793665431232 read: Murphy Bed
Thread with TID = 138793654945472 read: Storage Trunk
Thread with TID = 138793499756224 read: Shoe Rack
Thread with TID = 138793717860032 read: Desk Lamp
Thread with TID = 138793468298944 read: Flower Pot
Thread with TID = 138793707374272 read: Storage Cabinet
Thread with TID = 138793489270464 read: Carpet
Thread with TID = 138793759803072 read: Dining Hutch
Thread with TID = 138793447327424 read: Hutch
Thread with TID = 138793436841664 read: Decorative Vase
Thread with TID = 138793543796416 read: Entryway Bench
Thread with TID = 138793426355904 read: Chaise Lounge
Thread with TID = 138793533310656 read: Sofa
Thread with TID = 138793478784704 read: Storage Cube
Thread with TID = 138793457813184 read: Wardrobe
Thread with TID = 138793279555264 read: Dining Table
Thread with TID = 138793510241984 read: Kitchen Island
Thread with TID = 138793258583744 read: End Table
Thread with TID = 138793522824896 read: Wall Shelf
Thread with TID = 138793185183424 read: Bedside Chest
Thread with TID = 138793206154944 read: Bookcase
Thread with TID = 138793331984064 read: Ladder Shelf
Thread with TID = 138793342469824 read: Lamp
Thread with TID = 138793237612224 read: Pendant Light
Thread with TID = 138793269069504 read: Nightstand
Thread with TID = 138793227126464 read: Accent Chair
Thread with TID = 138793311012544 read: Bar Stools
Thread with TID = 138793216640704 read: Room Divider
Thread with TID = 138793300526784 read: Hall Tree
Thread with TID = 138793143240384 read: Electric Fan
Thread with TID = 138793111783104 read: Wine Rack
Thread with TID = 138793321498304 read: Media Console
Thread with TID = 138793290041024 read: Kitchen Stool
Thread with TID = 138793195669184 read: Dresser
Thread with TID = 138793153726144 read: Ceiling Fan
Thread with TID = 138793080325824 read: Outdoor Sofa
Thread with TID = 138793069840064 read: Area Rug
Thread with TID = 138793101297344 read: Garden Bench
Thread with TID = 138793132754624 read: Drawer Chest
Thread with TID = 138793248097984 read: Vanity Mirror
Thread with TID = 138793122268864 read: Rug
Thread with TID = 138793174697664 read: Bar Cart
Thread with TID = 138793164211904 read: Bookshelf
Thread with TID = 138793090811584 read: Utility Cart
Thread with TID = 138793738831552 read: Bunk Bed
Thread with TID = 138793059354304 read: Filing Cabinet
Thread with TID = 138793038382784 read: Console Table
Thread with TID = 138793006925504 read: Hallway Mirror
Thread with TID = 138793027897024 read: Wall Clock
Thread with TID = 138793017411264 read: Coffee Table
Thread with TID = 138793623488192 read: Armchair
Thread with TID = 138793633973952 read: Desk Organizer
Thread with TID = 138793644459712 read: Table Lamp
Thread with TID = 138793048868544 read: Rocking Chair
