Process PID: 26954
Thread with TID = 123280530867904 read: Bedside Table
Thread with TID = 123280509896384 read: Electric Heater
Thread with TID = 123280348415680 read: Recliner
Thread with TID = 123280369387200 read: Floor Lamp
Thread with TID = 123280379872960 read: Dining Chair
Thread with TID = 123280245655232 read: Curtains
Thread with TID = 123280235169472 read: Office Desk
Thread with TID = 123280224683712 read: Sectional Sofa
Thread with TID = 123280193226432 read: Dining Hutch
Thread with TID = 123280256140992 read: Coat Rack
Thread with TID = 123280214197952 read: Throw Pillow
Thread with TID = 123280551839424 read: Wardrobe Closet
Thread with TID = 123280499410624 read: Standing Mirror
Thread with TID = 123280572810944 read: Porch Swing
Thread with TID = 123280151283392 read: Desk Lamp
Thread with TID = 123280562325184 read: Photo Frame
Thread with TID = 123280172254912 read: Bunk Bed
Thread with TID = 123280541353664 read: Storage Bench
Thread with TID = 123280478439104 read: TV Stand
Thread with TID = 123280161769152 read: Gaming Desk
Thread with TID = 123280140797632 read: Storage Cabinet
Thread with TID = 123280488924864 read: Patio Heater
Thread with TID = 123280358901440 read: Futon
Thread with TID = 123280390358720 read: Pantry Cabinet
Thread with TID = 123280337929920 read: Ottoman
Thread with TID = 123280203712192 read: Patio Set
Thread with TID = 123280583296704 read: Daybed
Thread with TID = 123280520382144 read: Outdoor Umbrella
Thread with TID = 123280130311872 read: Loveseat
Thread with TID = 123280098854592 read: Murphy Bed
Thread with TID = 123280109340352 read: Bed Frame
Thread with TID = 123280077883072 read: Kitchen Island
Thread with TID = 123280067397312 read: Shoe Rack
Thread with TID = 123279889139392 read: Wardrobe
Thread with TID = 123279899625152 read: Flower Pot
Thread with TID = 123279517943488 read: Entryway Bench
Thread with TID = 123280088368832 read: Storage Trunk
Thread with TID = 123279868167872 read: Decorative Vase
Thread with TID = 123279920596672 read: Carpet
Thread with TID = 123279507457728 read: Sofa
Thread with TID = 123280182740672 read: File Cabinet
Thread with TID = 123279496971968 read: Wall Shelf
Thread with TID = 123280119826112 read: Mattress
Thread with TID = 123279476000448 read: Lamp
Thread with TID = 123279465514688 read: Ladder Shelf
Thread with TID = 123279486486208 read: Chaise Lounge
Thread with TID = 123279878653632 read: Hutch
Thread with TID = 123279455028928 read: Media Console
Thread with TID = 123279910110912 read: Storage Cube
Thread with TID = 123279444543168 read: Bar Stools
Thread with TID = 123279423571648 read: Kitchen Stool
Thread with TID = 123279434057408 read: Hall Tree
Thread with TID = 123279413085888 read: Dining Table
Thread with TID = 123279381628608 read: Vanity Mirror
Thread with TID = 123279392114368 read: End Table
Thread with TID = 123279371142848 read: Pendant Light
Thread with TID = 123279402600128 read: Nightstand
Thread with TID = 123279360657088 read: Accent Chair
Thread with TID = 123279318714048 read: Bedside Chest
Thread with TID = 123279276771008 read: Electric Fan
Thread with TID = 123279350171328 read: Room Divider
Thread with TID = 123279308228288 read: Bar Cart
Thread with TID = 123279297742528 read: Bookshelf
Thread with TID = 123279329199808 read: Dresser
Thread with TID = 123279339685568 read: Bookcase
Thread with TID = 123279287256768 read: Ceiling Fan
Thread with TID = 123279266285248 read: Drawer Chest
Thread with TID = 123279224342208 read: Utility Cart
Thread with TID = 123279203370688 read: Area Rug
Thread with TID = 123279192884928 read: Table Lamp
Thread with TID = 123279245313728 read: Wine Rack
Thread with TID = 123279234827968 read: Garden Bench
Thread with TID = 123279213856448 read: Outdoor Sofa
Thread with TID = 123279255799488 read: Rug
Thread with TID = 123279171913408 read: Armchair
Thread with TID = 123279161427648 read: Filing Cabinet
Thread with TID = 123279150941888 read: Rocking Chair
Thread with TID = 123279182399168 read: Desk Organizer
Thread with TID = 123279129970368 read: Wall Clock
Thread with TID = 123279119484608 read: Coffee Table
Thread with TID = 123279108998848 read: Hallway Mirror
Thread with TID = 123279140456128 read: Console Table
