Process PID: 32698
Thread with TID = 140737347847872 read: Daybed
Thread with TID = 140737337362112 read: Porch Swing
Thread with TID = 140737316390592 read: Wardrobe Closet
Thread with TID = 140737217824448 read: Bedside Table
Thread with TID = 140737326876352 read: Photo Frame
Thread with TID = 140737186367168 read: Standing Mirror
Thread with TID = 140737305904832 read: Storage Bench
Thread with TID = 140737207338688 read: Outdoor Umbrella
Thread with TID = 140737175881408 read: Patio Heater
Thread with TID = 140737165395648 read: TV Stand
Thread with TID = 140737196852928 read: Electric Heater
Thread with TID = 140737083606720 read: Pantry Cabinet
Thread with TID = 140737041663680 read: Recliner
Thread with TID = 140737031177920 read: Ottoman
Thread with TID = 140737062635200 read: Floor Lamp
Thread with TID = 140736882280128 read: Coat Rack
Thread with TID = 140737073120960 read: Dining Chair
Thread with TID = 140737052149440 read: Futon
Thread with TID = 140736871794368 read: Curtains
Thread with TID = 140736861308608 read: Office Desk
Thread with TID = 140736850822848 read: Sectional Sofa
Thread with TID = 140736840337088 read: Throw Pillow
Thread with TID = 140736829851328 read: Patio Set
Thread with TID = 140736819365568 read: Dining Hutch
Thread with TID = 140736808879808 read: File Cabinet
Thread with TID = 140736798394048 read: Bunk Bed
Thread with TID = 140736787908288 read: Gaming Desk
Thread with TID = 140736777422528 read: Desk Lamp
Thread with TID = 140736766936768 read: Storage Cabinet
Thread with TID = 140736756451008 read: Loveseat
Thread with TID = 140736745965248 read: Mattress
Thread with TID = 140736735479488 read: Bed Frame
Thread with TID = 140736714507968 read: Storage Trunk
Thread with TID = 140736724993728 read: Murphy Bed
Thread with TID = 140736704022208 read: Kitchen Island
Thread with TID = 140736693536448 read: Shoe Rack
Thread with TID = 140736672564928 read: Storage Cube
Thread with TID = 140736683050688 read: Carpet
Thread with TID = 140736662079168 read: Flower Pot
Thread with TID = 140736641107648 read: Hutch
Thread with TID = 140736630621888 read: Decorative Vase
Thread with TID = 140736609650368 read: Sofa
Thread with TID = 140736620136128 read: Entryway Bench
Thread with TID = 140736599164608 read: Wall Shelf
Thread with TID = 140736588678848 read: Chaise Lounge
Thread with TID = 140736578193088 read: Lamp
Thread with TID = 140736567707328 read: Ladder Shelf
Thread with TID = 140736651593408 read: Wardrobe
Thread with TID = 140736525764288 read: Kitchen Stool
Thread with TID = 140736536250048 read: Hall Tree
Thread with TID = 140736546735808 read: Bar Stools
Thread with TID = 140736494307008 read: End Table
Thread with TID = 140736557221568 read: Media Console
Thread with TID = 140736504792768 read: Nightstand
Thread with TID = 140736515278528 read: Dining Table
Thread with TID = 140736452363968 read: Room Divider
Thread with TID = 140736483821248 read: Vanity Mirror
Thread with TID = 140736462849728 read: Accent Chair
Thread with TID = 140736473335488 read: Pendant Light
Thread with TID = 140736441878208 read: Bookcase
Thread with TID = 140736431392448 read: Dresser
Thread with TID = 140736420906688 read: Bedside Chest
Thread with TID = 140736410420928 read: Bar Cart
Thread with TID = 140736399935168 read: Bookshelf
Thread with TID = 140736378963648 read: Electric Fan
Thread with TID = 140736368477888 read: Drawer Chest
Thread with TID = 140736357992128 read: Rug
Thread with TID = 140736347506368 read: Wine Rack
Thread with TID = 140736389449408 read: Ceiling Fan
Thread with TID = 140736337020608 read: Garden Bench
Thread with TID = 140736326534848 read: Utility Cart
Thread with TID = 140736316049088 read: Outdoor Sofa
Thread with TID = 140736305563328 read: Area Rug
Thread with TID = 140736295077568 read: Table Lamp
Thread with TID = 140736284591808 read: Desk Organizer
Thread with TID = 140736274106048 read: Armchair
Thread with TID = 140736263620288 read: Filing Cabinet
Thread with TID = 140736253134528 read: Rocking Chair
Thread with TID = 140736242648768 read: Console Table
Thread with TID = 140736232163008 read: Wall Clock
Thread with TID = 140736221677248 read: Coffee Table
Thread with TID = 140736211191488 read: Hallway Mirror
