Process PID: 37198
Thread with TID = 133515056252608 read: Porch Swing
Thread with TID = 133514919937728 read: Futon
Thread with TID = 133515003823808 read: Outdoor Umbrella
Thread with TID = 133514898966208 read: Ottoman
Thread with TID = 133514993338048 read: Electric Heater
Thread with TID = 133514888480448 read: Coat Rack
Thread with TID = 133515045766848 read: Photo Frame
Thread with TID = 133514909451968 read: Recliner
Thread with TID = 133515066738368 read: Daybed
Thread with TID = 133514982852288 read: Standing Mirror
Thread with TID = 133515035281088 read: Wardrobe Closet
Thread with TID = 133515014309568 read: Bedside Table
Thread with TID = 133514877994688 read: Curtains
Thread with TID = 133514739582656 read: File Cabinet
Thread with TID = 133514972366528 read: Patio Heater
Thread with TID = 133514940909248 read: Dining Chair
Thread with TID = 133514867508928 read: Office Desk
Thread with TID = 133514951395008 read: Pantry Cabinet
Thread with TID = 133514961880768 read: TV Stand
Thread with TID = 133514930423488 read: Floor Lamp
Thread with TID = 133515024795328 read: Storage Bench
Thread with TID = 133514857023168 read: Sectional Sofa
Thread with TID = 133514846537408 read: Throw Pillow
Thread with TID = 133514760554176 read: Patio Set
Thread with TID = 133514584393408 read: Murphy Bed
Thread with TID = 133514718611136 read: Gaming Desk
Thread with TID = 133514626336448 read: Storage Cabinet
Thread with TID = 133514750068416 read: Dining Hutch
Thread with TID = 133514481632960 read: Shoe Rack
Thread with TID = 133514594879168 read: Bed Frame
Thread with TID = 133514729096896 read: Bunk Bed
Thread with TID = 133514708125376 read: Desk Lamp
Thread with TID = 133514615850688 read: Loveseat
Thread with TID = 133514573907648 read: Storage Trunk
Thread with TID = 133514605364928 read: Mattress
Thread with TID = 133514450175680 read: Flower Pot
Thread with TID = 133514357900992 read: Hutch
Thread with TID = 133514492118720 read: Kitchen Island
Thread with TID = 133514471147200 read: Carpet
Thread with TID = 133514439689920 read: Wardrobe
Thread with TID = 133514460661440 read: Storage Cube
Thread with TID = 133514347415232 read: Decorative Vase
Thread with TID = 133514213197504 read: Ladder Shelf
Thread with TID = 133514315957952 read: Wall Shelf
Thread with TID = 133514192225984 read: Bar Stools
Thread with TID = 133514305472192 read: Chaise Lounge
Thread with TID = 133514078979776 read: Nightstand
Thread with TID = 133514202711744 read: Media Console
Thread with TID = 133514223683264 read: Lamp
Thread with TID = 133514181740224 read: Hall Tree
Thread with TID = 133513944762048 read: Bookcase
Thread with TID = 133513789572800 read: Rug
Thread with TID = 133513821030080 read: Ceiling Fan
Thread with TID = 133513800058560 read: Drawer Chest
Thread with TID = 133513934276288 read: Dresser
Thread with TID = 133514068494016 read: End Table
Thread with TID = 133514089465536 read: Dining Table
Thread with TID = 133513902819008 read: Bookshelf
Thread with TID = 133513810544320 read: Electric Fan
Thread with TID = 133513955247808 read: Room Divider
Thread with TID = 133514047522496 read: Pendant Light
Thread with TID = 133513913304768 read: Bar Cart
Thread with TID = 133513779087040 read: Wine Rack
Thread with TID = 133513923790528 read: Bedside Chest
Thread with TID = 133514336929472 read: Entryway Bench
Thread with TID = 133514171254464 read: Kitchen Stool
Thread with TID = 133514058008256 read: Vanity Mirror
Thread with TID = 133514326443712 read: Sofa
Thread with TID = 133514037036736 read: Accent Chair
Thread with TID = 133513768601280 read: Garden Bench
Thread with TID = 133513686812352 read: Utility Cart
Thread with TID = 133513676326592 read: Outdoor Sofa
Thread with TID = 133513644869312 read: Desk Organizer
Thread with TID = 133513454028480 read: Wall Clock
Thread with TID = 133513634383552 read: Armchair
Thread with TID = 133513475000000 read: Rocking Chair
Thread with TID = 133513464514240 read: Console Table
Thread with TID = 133513443542720 read: Coffee Table
Thread with TID = 133513485485760 read: Filing Cabinet
Thread with TID = 133513433056960 read: Hallway Mirror
Thread with TID = 133513665840832 read: Area Rug
Thread with TID = 133513655355072 read: Table Lamp
