Process PID: 35187
Thread with TID = 132514140128960 read: Dining Chair
Thread with TID = 132513953482432 read: Coat Rack
Thread with TID = 132513963968192 read: Ottoman
Thread with TID = 132513995425472 read: Floor Lamp
Thread with TID = 132513942996672 read: Curtains
Thread with TID = 132513922025152 read: Sectional Sofa
Thread with TID = 132514244986560 read: Photo Frame
Thread with TID = 132513932510912 read: Office Desk
Thread with TID = 132514213529280 read: Bedside Table
Thread with TID = 132514150614720 read: Pantry Cabinet
Thread with TID = 132514265958080 read: Daybed
Thread with TID = 132514182072000 read: Standing Mirror
Thread with TID = 132514255472320 read: Porch Swing
Thread with TID = 132513984939712 read: Futon
Thread with TID = 132513974453952 read: Recliner
Thread with TID = 132514171586240 read: Patio Heater
Thread with TID = 132514203043520 read: Outdoor Umbrella
Thread with TID = 132514192557760 read: Electric Heater
Thread with TID = 132514234500800 read: Wardrobe Closet
Thread with TID = 132514033174208 read: File Cabinet
Thread with TID = 132513911539392 read: Throw Pillow
Thread with TID = 132514161100480 read: TV Stand
Thread with TID = 132514224015040 read: Storage Bench
Thread with TID = 132514012202688 read: Gaming Desk
Thread with TID = 132513831847616 read: Desk Lamp
Thread with TID = 132514119157440 read: Dining Hutch
Thread with TID = 132514022688448 read: Bunk Bed
Thread with TID = 132514129643200 read: Patio Set
Thread with TID = 132513789904576 read: Bed Frame
Thread with TID = 132513810876096 read: Loveseat
Thread with TID = 132513779418816 read: Murphy Bed
Thread with TID = 132513821361856 read: Storage Cabinet
Thread with TID = 132513697629888 read: Storage Trunk
Thread with TID = 132513800390336 read: Mattress
Thread with TID = 132513676658368 read: Shoe Rack
Thread with TID = 132513687144128 read: Kitchen Island
Thread with TID = 132513645201088 read: Flower Pot
Thread with TID = 132513666172608 read: Carpet
Thread with TID = 132513563412160 read: Wardrobe
Thread with TID = 132513542440640 read: Decorative Vase
Thread with TID = 132513655686848 read: Storage Cube
Thread with TID = 132513531954880 read: Entryway Bench
Thread with TID = 132513521469120 read: Sofa
Thread with TID = 132513552926400 read: Hutch
Thread with TID = 132513510983360 read: Wall Shelf
Thread with TID = 132513387251392 read: Bar Stools
Thread with TID = 132513429194432 read: Chaise Lounge
Thread with TID = 132513294976704 read: Kitchen Stool
Thread with TID = 132513418708672 read: Lamp
Thread with TID = 132513408222912 read: Ladder Shelf
Thread with TID = 132513284490944 read: Dining Table
Thread with TID = 132513274005184 read: Nightstand
Thread with TID = 132513397737152 read: Media Console
Thread with TID = 132513376765632 read: Hall Tree
Thread with TID = 132513263519424 read: End Table
Thread with TID = 132513253033664 read: Vanity Mirror
Thread with TID = 132513139787456 read: Bookcase
Thread with TID = 132513242547904 read: Pendant Light
Thread with TID = 132513108330176 read: Bar Cart
Thread with TID = 132513026541248 read: Bookshelf
Thread with TID = 132513016055488 read: Ceiling Fan
Thread with TID = 132512995083968 read: Drawer Chest
Thread with TID = 132513160758976 read: Accent Chair
Thread with TID = 132513150273216 read: Room Divider
Thread with TID = 132513129301696 read: Dresser
Thread with TID = 132513118815936 read: Bedside Chest
Thread with TID = 132513005569728 read: Electric Fan
Thread with TID = 132512984598208 read: Rug
Thread with TID = 132512881837760 read: Utility Cart
Thread with TID = 132512892323520 read: Garden Bench
Thread with TID = 132512860866240 read: Area Rug
Thread with TID = 132512839894720 read: Desk Organizer
Thread with TID = 132512758105792 read: Armchair
Thread with TID = 132512747620032 read: Filing Cabinet
Thread with TID = 132512737134272 read: Rocking Chair
Thread with TID = 132512726648512 read: Console Table
Thread with TID = 132512850380480 read: Table Lamp
Thread with TID = 132512716162752 read: Wall Clock
Thread with TID = 132512871352000 read: Outdoor Sofa
Thread with TID = 132512974112448 read: Wine Rack
Thread with TID = 132512705676992 read: Coffee Table
Thread with TID = 132512623888064 read: Hallway Mirror
