Process PID: 8685
Thread with TID = 124077570262720 read: Outdoor Umbrella
Thread with TID = 124077580748480 read: Bedside Table
Thread with TID = 124077442336448 read: TV Stand
Thread with TID = 124077601720000 read: Wardrobe Closet
Thread with TID = 124077431850688 read: Pantry Cabinet
Thread with TID = 124077633177280 read: Daybed
Thread with TID = 124077421364928 read: Dining Chair
Thread with TID = 124077622691520 read: Porch Swing
Thread with TID = 124077612205760 read: Photo Frame
Thread with TID = 124077528319680 read: Floor Lamp
Thread with TID = 124077410879168 read: Futon
Thread with TID = 124077538805440 read: Patio Heater
Thread with TID = 124077559776960 read: Electric Heater
Thread with TID = 124077400393408 read: Recliner
Thread with TID = 124077591234240 read: Storage Bench
Thread with TID = 124077549291200 read: Standing Mirror
Thread with TID = 124077308118720 read: Coat Rack
Thread with TID = 124077297632960 read: Curtains
Thread with TID = 124077389907648 read: Ottoman
Thread with TID = 124077255689920 read: Patio Set
Thread with TID = 124077266175680 read: Throw Pillow
Thread with TID = 124077287147200 read: Office Desk
Thread with TID = 124077142443712 read: Gaming Desk
Thread with TID = 124077173900992 read: Dining Hutch
Thread with TID = 124077121472192 read: Storage Cabinet
Thread with TID = 124077276661440 read: Sectional Sofa
Thread with TID = 124077163415232 read: File Cabinet
Thread with TID = 124077131957952 read: Desk Lamp
Thread with TID = 124077152929472 read: Bunk Bed
Thread with TID = 124077039683264 read: Loveseat
Thread with TID = 124077008225984 read: Murphy Bed
Thread with TID = 124077029197504 read: Mattress
Thread with TID = 124076853036736 read: Hutch
Thread with TID = 124077018711744 read: Bed Frame
Thread with TID = 124076863522496 read: Wardrobe
Thread with TID = 124076704138944 read: Decorative Vase
Thread with TID = 124076987254464 read: Kitchen Island
Thread with TID = 124076894979776 read: Carpet
Thread with TID = 124076874008256 read: Flower Pot
Thread with TID = 124076905465536 read: Shoe Rack
Thread with TID = 124076884494016 read: Storage Cube
Thread with TID = 124076997740224 read: Storage Trunk
Thread with TID = 124076693653184 read: Entryway Bench
Thread with TID = 124076683167424 read: Sofa
Thread with TID = 124076672681664 read: Wall Shelf
Thread with TID = 124076662195904 read: Chaise Lounge
Thread with TID = 124076259542720 read: Accent Chair
Thread with TID = 124076569921216 read: Ladder Shelf
Thread with TID = 124076651710144 read: Lamp
Thread with TID = 124076291000000 read: Bookcase
Thread with TID = 124076548949696 read: Bar Stools
Thread with TID = 124076538463936 read: Hall Tree
Thread with TID = 124076280514240 read: Dresser
Thread with TID = 124076517492416 read: Dining Table
Thread with TID = 124076301485760 read: Room Divider
Thread with TID = 124076559435456 read: Media Console
Thread with TID = 124076238571200 read: Bookshelf
Thread with TID = 124076217599680 read: Electric Fan
Thread with TID = 124076425217728 read: End Table
Thread with TID = 124076270028480 read: Bedside Chest
Thread with TID = 124076249056960 read: Bar Cart
Thread with TID = 124076228085440 read: Ceiling Fan
Thread with TID = 124076207113920 read: Drawer Chest
Thread with TID = 124076527978176 read: Kitchen Stool
Thread with TID = 124076404246208 read: Pendant Light
Thread with TID = 124076435703488 read: Nightstand
Thread with TID = 124076414731968 read: Vanity Mirror
Thread with TID = 124076393760448 read: Rug
Thread with TID = 124076196628160 read: Garden Bench
Thread with TID = 124076100159168 read: Outdoor Sofa
Thread with TID = 124076186142400 read: Utility Cart
Thread with TID = 124076383274688 read: Wine Rack
Thread with TID = 124076089673408 read: Area Rug
Thread with TID = 124076079187648 read: Table Lamp
Thread with TID = 124076068701888 read: Desk Organizer
Thread with TID = 124076058216128 read: Armchair
Thread with TID = 124076047730368 read: Filing Cabinet
Thread with TID = 124075965941440 read: Rocking Chair
Thread with TID = 124075944969920 read: Wall Clock
Thread with TID = 124075923998400 read: Hallway Mirror
Thread with TID = 124075934484160 read: Coffee Table
Thread with TID = 124075955455680 read: Console Table
