Process PID: 17164
Thread with TID = 135203961964224 read: End Table
Thread with TID = 135203982935744 read: Carpet
Thread with TID = 135203972449984 read: Entryway Bench
Thread with TID = 135203940992704 read: Wardrobe Closet
Thread with TID = 135203448161984 read: Coffee Table
Thread with TID = 135203888563904 read: Kitchen Island
Thread with TID = 135203500590784 read: Console Table
Thread with TID = 135203899049664 read: Dining Hutch
Thread with TID = 135203762734784 read: Vanity Mirror
Thread with TID = 135204224108224 read: Sofa
Thread with TID = 135203710305984 read: Dresser
Thread with TID = 135204066821824 read: Coat Rack
Thread with TID = 135204056336064 read: Storage Trunk
Thread with TID = 135203699820224 read: Bar Stools
Thread with TID = 135204119250624 read: Wine Rack
Thread with TID = 135203647391424 read: File Cabinet
Thread with TID = 135204129736384 read: Shoe Rack
Thread with TID = 135203930506944 read: Hall Tree
Thread with TID = 135203909535424 read: Murphy Bed
Thread with TID = 135203825649344 read: Kitchen Stool
Thread with TID = 135203636905664 read: TV Stand
Thread with TID = 135204161193664 read: Rocking Chair
Thread with TID = 135203920021184 read: Bed Frame
Thread with TID = 135204203136704 read: Bunk Bed
Thread with TID = 135204213622464 read: Futon
Thread with TID = 135203731277504 read: Filing Cabinet
Thread with TID = 135203689334464 read: Mattress
Thread with TID = 135203773220544 read: Office Desk
Thread with TID = 135204003907264 read: Storage Cabinet
Thread with TID = 135203951478464 read: Desk Organizer
Thread with TID = 135203741763264 read: Daybed
Thread with TID = 135204045850304 read: Dining Chair
Thread with TID = 135204087793344 read: Lamp
Thread with TID = 135203720791744 read: Dining Table
Thread with TID = 135203542533824 read: Wardrobe
Thread with TID = 135203458647744 read: Ottoman
Thread with TID = 135203678848704 read: Bookshelf
Thread with TID = 135203490105024 read: Wall Shelf
Thread with TID = 135203993421504 read: Sectional Sofa
Thread with TID = 135203657877184 read: Electric Heater
Thread with TID = 135203532048064 read: Room Divider
Thread with TID = 135203395733184 read: Flower Pot
Thread with TID = 135203626419904 read: Porch Swing
Thread with TID = 135204171679424 read: Desk Lamp
Thread with TID = 135203416704704 read: Storage Cube
Thread with TID = 135203878078144 read: Bar Cart
Thread with TID = 135203385247424 read: Recliner
Thread with TID = 135203374761664 read: Rug
Thread with TID = 135203511076544 read: Curtains
Thread with TID = 135204192650944 read: Hallway Mirror
Thread with TID = 135204098279104 read: Media Console
Thread with TID = 135203605448384 read: Gaming Desk
Thread with TID = 135203469133504 read: Armchair
Thread with TID = 135203563505344 read: Pendant Light
Thread with TID = 135203668362944 read: Patio Heater
Thread with TID = 135204108764864 read: Decorative Vase
Thread with TID = 135203573991104 read: Pantry Cabinet
Thread with TID = 135203479619264 read: Area Rug
Thread with TID = 135203857106624 read: Bookcase
Thread with TID = 135203521562304 read: Table Lamp
Thread with TID = 135203867592384 read: Wall Clock
Thread with TID = 135203815163584 read: Utility Cart
Thread with TID = 135203406218944 read: Throw Pillow
Thread with TID = 135203794192064 read: Outdoor Umbrella
Thread with TID = 135203804677824 read: Outdoor Sofa
Thread with TID = 135203752249024 read: Garden Bench
Thread with TID = 135203553019584 read: Loveseat
Thread with TID = 135203615934144 read: Bedside Chest
Thread with TID = 135203437676224 read: Standing Mirror
Thread with TID = 135204077307584 read: Drawer Chest
Thread with TID = 135203594962624 read: Ladder Shelf
Thread with TID = 135203783706304 read: Chaise Lounge
Thread with TID = 135203846620864 read: Ceiling Fan
Thread with TID = 135204182165184 read: Hutch
Thread with TID = 135203427190464 read: Electric Fan
Thread with TID = 135204014393024 read: Photo Frame
Thread with TID = 135204150707904 read: Accent Chair
Thread with TID = 135204140222144 read: Bedside Table
Thread with TID = 135204024878784 read: Nightstand
Thread with TID = 135203584476864 read: Storage Bench
Thread with TID = 135204035364544 read: Patio Set
Thread with TID = 135203836135104 read: Floor Lamp
