Process PID: 12828
Thread with TID = 126657591510720 read: Carpet
Thread with TID = 126657622968000 read: Photo Frame
Thread with TID = 126657560053440 read: Desk Organizer
Thread with TID = 126657549567680 read: Wardrobe Closet
Thread with TID = 126657643939520 read: Patio Set
Thread with TID = 126657601996480 read: Sectional Sofa
Thread with TID = 126657612482240 read: Storage Cabinet
Thread with TID = 126657539081920 read: Hall Tree
Thread with TID = 126657528596160 read: Bed Frame
Thread with TID = 126657570539200 read: End Table
Thread with TID = 126657738311360 read: Shoe Rack
Thread with TID = 126657633453760 read: Nightstand
Thread with TID = 126657581024960 read: Entryway Bench
Thread with TID = 126657748797120 read: Bedside Table
Thread with TID = 126657822197440 read: Futon
Thread with TID = 126657811711680 read: Bunk Bed
Thread with TID = 126657769768640 read: Rocking Chair
Thread with TID = 126657832683200 read: Sofa
Thread with TID = 126657727825600 read: Wine Rack
Thread with TID = 126657675396800 read: Coat Rack
Thread with TID = 126657664911040 read: Storage Trunk
Thread with TID = 126657790740160 read: Hutch
Thread with TID = 126657685882560 read: Drawer Chest
Thread with TID = 126657696368320 read: Lamp
Thread with TID = 126657706854080 read: Media Console
Thread with TID = 126657717339840 read: Decorative Vase
Thread with TID = 126657654425280 read: Dining Chair
Thread with TID = 126657801225920 read: Hallway Mirror
Thread with TID = 126657780254400 read: Desk Lamp
Thread with TID = 126657759282880 read: Accent Chair
Thread with TID = 126656203196096 read: Console Table
Thread with TID = 126656234653376 read: Room Divider
Thread with TID = 126656213681856 read: Curtains
Thread with TID = 126656626820800 read: File Cabinet
Thread with TID = 126656192710336 read: Wall Shelf
Thread with TID = 126656435979968 read: Ladder Shelf
Thread with TID = 126657400669888 read: Wall Clock
Thread with TID = 126656404522688 read: Pendant Light
Thread with TID = 126657432127168 read: Dining Hutch
Thread with TID = 126656415008448 read: Pantry Cabinet
Thread with TID = 126656584877760 read: Gaming Desk
Thread with TID = 126656224167616 read: Table Lamp
Thread with TID = 126656838633152 read: Dining Table
Thread with TID = 126657390184128 read: Bookcase
Thread with TID = 126657411155648 read: Bar Cart
Thread with TID = 126657241286336 read: Ceiling Fan
Thread with TID = 126656605849280 read: Porch Swing
Thread with TID = 126657199343296 read: Outdoor Sofa
Thread with TID = 126656383551168 read: Wardrobe
Thread with TID = 126657421641408 read: Kitchen Island
Thread with TID = 126657230800576 read: Floor Lamp
Thread with TID = 126656987530944 read: Filing Cabinet
Thread with TID = 126656637306560 read: Electric Heater
Thread with TID = 126656998016704 read: Daybed
Thread with TID = 126657442612928 read: Murphy Bed
Thread with TID = 126656828147392 read: Dresser
Thread with TID = 126656786204352 read: Patio Heater
Thread with TID = 126656796690112 read: Bookshelf
Thread with TID = 126656595363520 read: Bedside Chest
Thread with TID = 126656425494208 read: Storage Bench
Thread with TID = 126657029473984 read: Office Desk
Thread with TID = 126656394036928 read: Loveseat
Thread with TID = 126657188857536 read: Outdoor Umbrella
Thread with TID = 126657220314816 read: Kitchen Stool
Thread with TID = 126657039959744 read: Chaise Lounge
Thread with TID = 126657008502464 read: Garden Bench
Thread with TID = 126657018988224 read: Vanity Mirror
Thread with TID = 126656807175872 read: Mattress
Thread with TID = 126657209829056 read: Utility Cart
Thread with TID = 126656817661632 read: Bar Stools
Thread with TID = 126656616335040 read: TV Stand
Thread with TID = 126655991383744 read: Electric Fan
Thread with TID = 126655800542912 read: Rug
Thread with TID = 126656033326784 read: Armchair
Thread with TID = 126655811028672 read: Recliner
Thread with TID = 126655832000192 read: Throw Pillow
Thread with TID = 126656182224576 read: Area Rug
Thread with TID = 126656012355264 read: Coffee Table
Thread with TID = 126655821514432 read: Flower Pot
Thread with TID = 126656022841024 read: Ottoman
Thread with TID = 126655980897984 read: Storage Cube
Thread with TID = 126656001869504 read: Standing Mirror
