Process PID: 11187
Thread with TID = 125316412475072 read: Photo Frame
Thread with TID = 125316433446592 read: Daybed
Thread with TID = 125316422960832 read: Porch Swing
Thread with TID = 125316401989312 read: Wardrobe Closet
Thread with TID = 125316381017792 read: Outdoor Umbrella
Thread with TID = 125316391503552 read: Bedside Table
Thread with TID = 125316370532032 read: Electric Heater
Thread with TID = 125316271965888 read: Patio Heater
Thread with TID = 125316225828544 read: Dining Chair
Thread with TID = 125316246800064 read: TV Stand
Thread with TID = 125316236314304 read: Pantry Cabinet
Thread with TID = 125316137748160 read: Floor Lamp
Thread with TID = 125316127262400 read: Futon
Thread with TID = 125316095805120 read: Coat Rack
Thread with TID = 125316085319360 read: Curtains
Thread with TID = 125315993044672 read: Sectional Sofa
Thread with TID = 125316106290880 read: Ottoman
Thread with TID = 125316116776640 read: Recliner
Thread with TID = 125316257285824 read: Storage Bench
Thread with TID = 125315858826944 read: Gaming Desk
Thread with TID = 125315982558912 read: Throw Pillow
Thread with TID = 125315848341184 read: Desk Lamp
Thread with TID = 125315972073152 read: Patio Set
Thread with TID = 125315961587392 read: Dining Hutch
Thread with TID = 125315951101632 read: File Cabinet
Thread with TID = 125316003530432 read: Office Desk
Thread with TID = 125315837855424 read: Storage Cabinet
Thread with TID = 125315869312704 read: Bunk Bed
Thread with TID = 125316360046272 read: Standing Mirror
Thread with TID = 125315827369664 read: Loveseat
Thread with TID = 125315795912384 read: Murphy Bed
Thread with TID = 125315785426624 read: Storage Trunk
Thread with TID = 125315774940864 read: Kitchen Island
Thread with TID = 125315764455104 read: Shoe Rack
Thread with TID = 125315816883904 read: Mattress
Thread with TID = 125315806398144 read: Bed Frame
Thread with TID = 125315722512064 read: Wardrobe
Thread with TID = 125315753969344 read: Carpet
Thread with TID = 125315680569024 read: Sofa
Thread with TID = 125315732997824 read: Flower Pot
Thread with TID = 125315712026304 read: Hutch
Thread with TID = 125315701540544 read: Decorative Vase
Thread with TID = 125315743483584 read: Storage Cube
Thread with TID = 125315691054784 read: Entryway Bench
Thread with TID = 125315670083264 read: Wall Shelf
Thread with TID = 125315628140224 read: Media Console
Thread with TID = 125315649111744 read: Lamp
Thread with TID = 125315607168704 read: Hall Tree
Thread with TID = 125315638625984 read: Ladder Shelf
Thread with TID = 125315586197184 read: Dining Table
Thread with TID = 125315617654464 read: Bar Stools
Thread with TID = 125315596682944 read: Kitchen Stool
Thread with TID = 125315544254144 read: Pendant Light
Thread with TID = 125315565225664 read: End Table
Thread with TID = 125315575711424 read: Nightstand
Thread with TID = 125315554739904 read: Vanity Mirror
Thread with TID = 125315659597504 read: Chaise Lounge
Thread with TID = 125315533768384 read: Accent Chair
Thread with TID = 125315470853824 read: Bookshelf
Thread with TID = 125315491825344 read: Bedside Chest
Thread with TID = 125315397453504 read: Utility Cart
Thread with TID = 125315502311104 read: Dresser
Thread with TID = 125315386967744 read: Outdoor Sofa
Thread with TID = 125315439396544 read: Drawer Chest
Thread with TID = 125315428910784 read: Rug
Thread with TID = 125315418425024 read: Wine Rack
Thread with TID = 125315460368064 read: Ceiling Fan
Thread with TID = 125315523282624 read: Room Divider
Thread with TID = 125315512796864 read: Bookcase
Thread with TID = 125315481339584 read: Bar Cart
Thread with TID = 125315365996224 read: Table Lamp
Thread with TID = 125315449882304 read: Electric Fan
Thread with TID = 125315376481984 read: Area Rug
Thread with TID = 125315407939264 read: Garden Bench
Thread with TID = 125315345024704 read: Armchair
Thread with TID = 125315324053184 read: Rocking Chair
Thread with TID = 125315334538944 read: Filing Cabinet
Thread with TID = 125315313567424 read: Console Table
Thread with TID = 125315355510464 read: Desk Organizer
Thread with TID = 125315292595904 read: Coffee Table
Thread with TID = 125315282110144 read: Hallway Mirror
Thread with TID = 125315303081664 read: Wall Clock
