Process PID: 8952
Thread with TID = 137040421193408 read: Pantry Cabinet
Thread with TID = 137040410707648 read: Dining Chair
Thread with TID = 137040324724416 read: Floor Lamp
Thread with TID = 137040442164928 read: Patio Heater
Thread with TID = 137040286975680 read: Recliner
Thread with TID = 137040297461440 read: Futon
Thread with TID = 137040515565248 read: Porch Swing
Thread with TID = 137040473622208 read: Bedside Table
Thread with TID = 137040526051008 read: Daybed
Thread with TID = 137040484107968 read: Storage Bench
Thread with TID = 137040494593728 read: Wardrobe Closet
Thread with TID = 137040431679168 read: TV Stand
Thread with TID = 137040307947200 read: Standing Mirror
Thread with TID = 137040463136448 read: Outdoor Umbrella
Thread with TID = 137040276489920 read: Ottoman
Thread with TID = 137040190506688 read: Coat Rack
Thread with TID = 137040180020928 read: Curtains
Thread with TID = 137040169535168 read: Office Desk
Thread with TID = 137040159049408 read: Sectional Sofa
Thread with TID = 137040505079488 read: Photo Frame
Thread with TID = 137039978694336 read: File Cabinet
Thread with TID = 137040138077888 read: Patio Set
Thread with TID = 137040148563648 read: Throw Pillow
Thread with TID = 137039968208576 read: Bunk Bed
Thread with TID = 137040452650688 read: Electric Heater
Thread with TID = 137039989180096 read: Dining Hutch
Thread with TID = 137039957722816 read: Gaming Desk
Thread with TID = 137039854962368 read: Loveseat
Thread with TID = 137039947237056 read: Desk Lamp
Thread with TID = 137039936751296 read: Storage Cabinet
Thread with TID = 137039813019328 read: Storage Trunk
Thread with TID = 137039720744640 read: Shoe Rack
Thread with TID = 137039710258880 read: Carpet
Thread with TID = 137039802533568 read: Kitchen Island
Thread with TID = 137039844476608 read: Mattress
Thread with TID = 137039823505088 read: Murphy Bed
Thread with TID = 137039668315840 read: Hutch
Thread with TID = 137039699773120 read: Storage Cube
Thread with TID = 137039678801600 read: Wardrobe
Thread with TID = 137039833990848 read: Bed Frame
Thread with TID = 137039689287360 read: Flower Pot
Thread with TID = 137039586526912 read: Decorative Vase
Thread with TID = 137039576041152 read: Entryway Bench
Thread with TID = 137039534098112 read: Lamp
Thread with TID = 137039555069632 read: Wall Shelf
Thread with TID = 137039441823424 read: Media Console
Thread with TID = 137039565555392 read: Sofa
Thread with TID = 137039452309184 read: Ladder Shelf
Thread with TID = 137039544583872 read: Chaise Lounge
Thread with TID = 137039420851904 read: Hall Tree
Thread with TID = 137039410366144 read: Kitchen Stool
Thread with TID = 137039399880384 read: Dining Table
Thread with TID = 137039431337664 read: Bar Stools
Thread with TID = 137039307605696 read: End Table
Thread with TID = 137039286634176 read: Pendant Light
Thread with TID = 137039276148416 read: Accent Chair
Thread with TID = 137039265662656 read: Room Divider
Thread with TID = 137039318091456 read: Nightstand
Thread with TID = 137039183873728 read: Bookcase
Thread with TID = 137039173387968 read: Dresser
Thread with TID = 137039297119936 read: Vanity Mirror
Thread with TID = 137039162902208 read: Bedside Chest
Thread with TID = 137039152416448 read: Bar Cart
Thread with TID = 137039131444928 read: Ceiling Fan
Thread with TID = 137039049656000 read: Electric Fan
Thread with TID = 137039039170240 read: Drawer Chest
Thread with TID = 137039018198720 read: Wine Rack
Thread with TID = 137038997227200 read: Utility Cart
Thread with TID = 137038915438272 read: Outdoor Sofa
Thread with TID = 137039007712960 read: Garden Bench
Thread with TID = 137039141930688 read: Bookshelf
Thread with TID = 137039028684480 read: Rug
Thread with TID = 137038904952512 read: Area Rug
Thread with TID = 137038894466752 read: Table Lamp
Thread with TID = 137038883980992 read: Desk Organizer
Thread with TID = 137038873495232 read: Armchair
Thread with TID = 137038863009472 read: Filing Cabinet
Thread with TID = 137038852523712 read: Rocking Chair
Thread with TID = 137038842037952 read: Console Table
Thread with TID = 137038831552192 read: Wall Clock
Thread with TID = 137038821066432 read: Coffee Table
Thread with TID = 137038810580672 read: Hallway Mirror
