Process PID: 13357
Thread with TID = 134536375568064 read: Daybed
Thread with TID = 134536365082304 read: Porch Swing
Thread with TID = 134536354596544 read: Photo Frame
Thread with TID = 134536333625024 read: Storage Bench
Thread with TID = 134536302167744 read: Electric Heater
Thread with TID = 134536323139264 read: Bedside Table
Thread with TID = 134536281196224 read: Patio Heater
Thread with TID = 134536291681984 read: Standing Mirror
Thread with TID = 134536344110784 read: Wardrobe Closet
Thread with TID = 134536270710464 read: TV Stand
Thread with TID = 134536157464256 read: Recliner
Thread with TID = 134536136492736 read: Coat Rack
Thread with TID = 134536146978496 read: Ottoman
Thread with TID = 134536023246528 read: Sectional Sofa
Thread with TID = 134536115521216 read: Curtains
Thread with TID = 134536312653504 read: Outdoor Umbrella
Thread with TID = 134536260224704 read: Dining Chair
Thread with TID = 134536012760768 read: Throw Pillow
Thread with TID = 134536249738944 read: Floor Lamp
Thread with TID = 134536002275008 read: Patio Set
Thread with TID = 134536239253184 read: Futon
Thread with TID = 134535991789248 read: Dining Hutch
Thread with TID = 134535677216448 read: Storage Trunk
Thread with TID = 134535981303488 read: File Cabinet
Thread with TID = 134535821919936 read: Gaming Desk
Thread with TID = 134535811434176 read: Desk Lamp
Thread with TID = 134535666730688 read: Kitchen Island
Thread with TID = 134535656244928 read: Shoe Rack
Thread with TID = 134535645759168 read: Carpet
Thread with TID = 134535779976896 read: Mattress
Thread with TID = 134535687702208 read: Murphy Bed
Thread with TID = 134536105035456 read: Office Desk
Thread with TID = 134535769491136 read: Bed Frame
Thread with TID = 134535970817728 read: Bunk Bed
Thread with TID = 134536126006976 read: Pantry Cabinet
Thread with TID = 134535624787648 read: Flower Pot
Thread with TID = 134535800948416 read: Storage Cabinet
Thread with TID = 134535635273408 read: Storage Cube
Thread with TID = 134535614301888 read: Wardrobe
Thread with TID = 134535572358848 read: Sofa
Thread with TID = 134535603816128 read: Hutch
Thread with TID = 134535551387328 read: Chaise Lounge
Thread with TID = 134535790462656 read: Loveseat
Thread with TID = 134535540901568 read: Lamp
Thread with TID = 134535593330368 read: Decorative Vase
Thread with TID = 134535582844608 read: Entryway Bench
Thread with TID = 134535457015488 read: End Table
Thread with TID = 134535488472768 read: Kitchen Stool
Thread with TID = 134535530415808 read: Ladder Shelf
Thread with TID = 134535498958528 read: Hall Tree
Thread with TID = 134535446529728 read: Vanity Mirror
Thread with TID = 134535519930048 read: Media Console
Thread with TID = 134535509444288 read: Bar Stools
Thread with TID = 134535477987008 read: Dining Table
Thread with TID = 134535404586688 read: Bookcase
Thread with TID = 134535436043968 read: Pendant Light
Thread with TID = 134535425558208 read: Accent Chair
Thread with TID = 134535415072448 read: Room Divider
Thread with TID = 134535467501248 read: Nightstand
Thread with TID = 134535561873088 read: Wall Shelf
Thread with TID = 134535394100928 read: Dresser
Thread with TID = 134535362643648 read: Bookshelf
Thread with TID = 134535383615168 read: Bedside Chest
Thread with TID = 134535352157888 read: Ceiling Fan
Thread with TID = 134535341672128 read: Electric Fan
Thread with TID = 134535373129408 read: Bar Cart
Thread with TID = 134535310214848 read: Wine Rack
Thread with TID = 134535331186368 read: Drawer Chest
Thread with TID = 134535320700608 read: Rug
Thread with TID = 134535299729088 read: Garden Bench
Thread with TID = 134535289243328 read: Utility Cart
Thread with TID = 134535268271808 read: Area Rug
Thread with TID = 134535226328768 read: Filing Cabinet
Thread with TID = 134535257786048 read: Table Lamp
Thread with TID = 134535205357248 read: Console Table
Thread with TID = 134535194871488 read: Wall Clock
Thread with TID = 134535215843008 read: Rocking Chair
Thread with TID = 134535278757568 read: Outdoor Sofa
Thread with TID = 134535236814528 read: Armchair
Thread with TID = 134535247300288 read: Desk Organizer
Thread with TID = 134535173899968 read: Hallway Mirror
Thread with TID = 134535184385728 read: Coffee Table
