Process PID: 15534
Thread with TID = 138243716679360 read: Daybed
Thread with TID = 138243643279040 read: Electric Heater
Thread with TID = 138243706193600 read: Porch Swing
Thread with TID = 138243695707840 read: Photo Frame
Thread with TID = 138243674736320 read: Storage Bench
Thread with TID = 138243601336000 read: Pantry Cabinet
Thread with TID = 138243569878720 read: Futon
Thread with TID = 138243611821760 read: TV Stand
Thread with TID = 138243580364480 read: Floor Lamp
Thread with TID = 138243590850240 read: Dining Chair
Thread with TID = 138243559392960 read: Recliner
Thread with TID = 138243538421440 read: Coat Rack
Thread with TID = 138243685222080 read: Wardrobe Closet
Thread with TID = 138243517449920 read: Office Desk
Thread with TID = 138243506964160 read: Sectional Sofa
Thread with TID = 138243622307520 read: Patio Heater
Thread with TID = 138243485992640 read: Patio Set
Thread with TID = 138243548907200 read: Ottoman
Thread with TID = 138243527935680 read: Curtains
Thread with TID = 138243664250560 read: Bedside Table
Thread with TID = 138243465021120 read: File Cabinet
Thread with TID = 138243374843584 read: Gaming Desk
Thread with TID = 138243385329344 read: Bunk Bed
Thread with TID = 138243632793280 read: Standing Mirror
Thread with TID = 138243364357824 read: Desk Lamp
Thread with TID = 138243496478400 read: Throw Pillow
Thread with TID = 138243475506880 read: Dining Hutch
Thread with TID = 138243353872064 read: Storage Cabinet
Thread with TID = 138243653764800 read: Outdoor Umbrella
Thread with TID = 138243173516992 read: Murphy Bed
Thread with TID = 138243184002752 read: Bed Frame
Thread with TID = 138243131573952 read: Carpet
Thread with TID = 138243152545472 read: Kitchen Island
Thread with TID = 138243343386304 read: Loveseat
Thread with TID = 138242982676160 read: Storage Cube
Thread with TID = 138242972190400 read: Flower Pot
Thread with TID = 138242951218880 read: Hutch
Thread with TID = 138243142059712 read: Shoe Rack
Thread with TID = 138242961704640 read: Wardrobe
Thread with TID = 138243332900544 read: Mattress
Thread with TID = 138243163031232 read: Storage Trunk
Thread with TID = 138242940733120 read: Decorative Vase
Thread with TID = 138242919761600 read: Sofa
Thread with TID = 138242898790080 read: Chaise Lounge
Thread with TID = 138242877818560 read: Ladder Shelf
Thread with TID = 138242930247360 read: Entryway Bench
Thread with TID = 138242846361280 read: Hall Tree
Thread with TID = 138242867332800 read: Media Console
Thread with TID = 138242888304320 read: Lamp
Thread with TID = 138242835875520 read: Kitchen Stool
Thread with TID = 138242909275840 read: Wall Shelf
Thread with TID = 138242856847040 read: Bar Stools
Thread with TID = 138242825389760 read: Dining Table
Thread with TID = 138242814904000 read: Nightstand
Thread with TID = 138242804418240 read: End Table
Thread with TID = 138242762475200 read: Room Divider
Thread with TID = 138242783446720 read: Pendant Light
Thread with TID = 138242710046400 read: Bookshelf
Thread with TID = 138242720532160 read: Bar Cart
Thread with TID = 138242793932480 read: Vanity Mirror
Thread with TID = 138242699560640 read: Ceiling Fan
Thread with TID = 138242751989440 read: Bookcase
Thread with TID = 138242741503680 read: Dresser
Thread with TID = 138242689074880 read: Electric Fan
Thread with TID = 138242678589120 read: Drawer Chest
Thread with TID = 138242772960960 read: Accent Chair
Thread with TID = 138242731017920 read: Bedside Chest
Thread with TID = 138242668103360 read: Rug
Thread with TID = 138242636646080 read: Utility Cart
Thread with TID = 138242626160320 read: Outdoor Sofa
Thread with TID = 138242615674560 read: Area Rug
Thread with TID = 138242657617600 read: Wine Rack
Thread with TID = 138242647131840 read: Garden Bench
Thread with TID = 138242605188800 read: Table Lamp
Thread with TID = 138242584217280 read: Armchair
Thread with TID = 138242573731520 read: Filing Cabinet
Thread with TID = 138242563245760 read: Rocking Chair
Thread with TID = 138242594703040 read: Desk Organizer
Thread with TID = 138242552760000 read: Console Table
Thread with TID = 138242542274240 read: Wall Clock
Thread with TID = 138242531788480 read: Coffee Table
Thread with TID = 138242521302720 read: Hallway Mirror
