Process PID: 6167
Thread with TID = 125075932055232 read: Daybed
Thread with TID = 125075921569472 read: Porch Swing
Thread with TID = 125075879626432 read: Bedside Table
Thread with TID = 125075869140672 read: Outdoor Umbrella
Thread with TID = 125075911083712 read: Photo Frame
Thread with TID = 125075858654912 read: Electric Heater
Thread with TID = 125075753797312 read: Coat Rack
Thread with TID = 125075806226112 read: Dining Chair
Thread with TID = 125075774768832 read: Recliner
Thread with TID = 125075764283072 read: Ottoman
Thread with TID = 125075890112192 read: Storage Bench
Thread with TID = 125075848169152 read: Standing Mirror
Thread with TID = 125075837683392 read: Patio Heater
Thread with TID = 125075900597952 read: Wardrobe Closet
Thread with TID = 125075795740352 read: Floor Lamp
Thread with TID = 125075827197632 read: TV Stand
Thread with TID = 125075785254592 read: Futon
Thread with TID = 125075816711872 read: Pantry Cabinet
Thread with TID = 125075722340032 read: Sectional Sofa
Thread with TID = 125075743311552 read: Curtains
Thread with TID = 125075619579584 read: Dining Hutch
Thread with TID = 125075701368512 read: Patio Set
Thread with TID = 125075732825792 read: Office Desk
Thread with TID = 125075711854272 read: Throw Pillow
Thread with TID = 125075588122304 read: Gaming Desk
Thread with TID = 125075577636544 read: Desk Lamp
Thread with TID = 125075567150784 read: Storage Cabinet
Thread with TID = 125075418252992 read: Loveseat
Thread with TID = 125075609093824 read: File Cabinet
Thread with TID = 125075407767232 read: Mattress
Thread with TID = 125075598608064 read: Bunk Bed
Thread with TID = 125075376309952 read: Storage Trunk
Thread with TID = 125075365824192 read: Kitchen Island
Thread with TID = 125075386795712 read: Murphy Bed
Thread with TID = 125075397281472 read: Bed Frame
Thread with TID = 125075344852672 read: Carpet
Thread with TID = 125075334366912 read: Storage Cube
Thread with TID = 125075355338432 read: Shoe Rack
Thread with TID = 125075323881152 read: Flower Pot
Thread with TID = 125075313395392 read: Wardrobe
Thread with TID = 125075302909632 read: Hutch
Thread with TID = 125075271452352 read: Sofa
Thread with TID = 125075229509312 read: Ladder Shelf
Thread with TID = 125075292423872 read: Decorative Vase
Thread with TID = 125075250480832 read: Chaise Lounge
Thread with TID = 125075281938112 read: Entryway Bench
Thread with TID = 125075219023552 read: Media Console
Thread with TID = 125075239995072 read: Lamp
Thread with TID = 125075260966592 read: Wall Shelf
Thread with TID = 125075208537792 read: Bar Stools
Thread with TID = 125075198052032 read: Hall Tree
Thread with TID = 125075187566272 read: Kitchen Stool
Thread with TID = 125075156108992 read: End Table
Thread with TID = 125075177080512 read: Dining Table
Thread with TID = 125075124651712 read: Accent Chair
Thread with TID = 125075114165952 read: Room Divider
Thread with TID = 125074963171008 read: Electric Fan
Thread with TID = 125074973656768 read: Ceiling Fan
Thread with TID = 125075005114048 read: Bedside Chest
Thread with TID = 125074803787456 read: Rug
Thread with TID = 125074814273216 read: Drawer Chest
Thread with TID = 125075166594752 read: Nightstand
Thread with TID = 125074984142528 read: Bookshelf
Thread with TID = 125075135137472 read: Pendant Light
Thread with TID = 125075103680192 read: Bookcase
Thread with TID = 125075145623232 read: Vanity Mirror
Thread with TID = 125074994628288 read: Bar Cart
Thread with TID = 125074772330176 read: Utility Cart
Thread with TID = 125074761844416 read: Outdoor Sofa
Thread with TID = 125074669569728 read: Table Lamp
Thread with TID = 125074659083968 read: Desk Organizer
Thread with TID = 125074627626688 read: Rocking Chair
Thread with TID = 125074638112448 read: Filing Cabinet
Thread with TID = 125074648598208 read: Armchair
Thread with TID = 125074514380480 read: Hallway Mirror
Thread with TID = 125074524866240 read: Coffee Table
Thread with TID = 125075015599808 read: Dresser
Thread with TID = 125074535352000 read: Wall Clock
Thread with TID = 125074782815936 read: Garden Bench
Thread with TID = 125074793301696 read: Wine Rack
Thread with TID = 125074545837760 read: Console Table
Thread with TID = 125074680055488 read: Area Rug
