Process PID: 18010
Thread with TID = 132214446622400 read: Wardrobe Closet
Thread with TID = 132214478079680 read: Daybed
Thread with TID = 132214425650880 read: Bedside Table
Thread with TID = 132214299821760 read: Coat Rack
Thread with TID = 132214467593920 read: Porch Swing
Thread with TID = 132214457108160 read: Photo Frame
Thread with TID = 132214436136640 read: Storage Bench
Thread with TID = 132214310307520 read: Ottoman
Thread with TID = 132214190769856 read: Sectional Sofa
Thread with TID = 132214404679360 read: Electric Heater
Thread with TID = 132214341764800 read: Floor Lamp
Thread with TID = 132214415165120 read: Outdoor Umbrella
Thread with TID = 132214289336000 read: Curtains
Thread with TID = 132214352250560 read: Dining Chair
Thread with TID = 132214278850240 read: Office Desk
Thread with TID = 132214320793280 read: Recliner
Thread with TID = 132214331279040 read: Futon
Thread with TID = 132214373222080 read: TV Stand
Thread with TID = 132214394193600 read: Standing Mirror
Thread with TID = 132214383707840 read: Patio Heater
Thread with TID = 132214362736320 read: Pantry Cabinet
Thread with TID = 132214180284096 read: Throw Pillow
Thread with TID = 132214148826816 read: File Cabinet
Thread with TID = 132214056552128 read: Gaming Desk
Thread with TID = 132214169798336 read: Patio Set
Thread with TID = 132214159312576 read: Dining Hutch
Thread with TID = 132214138341056 read: Bunk Bed
Thread with TID = 132214035580608 read: Storage Cabinet
Thread with TID = 132214046066368 read: Desk Lamp
Thread with TID = 132213844739776 read: Storage Trunk
Thread with TID = 132214025094848 read: Loveseat
Thread with TID = 132214004123328 read: Bed Frame
Thread with TID = 132213834254016 read: Kitchen Island
Thread with TID = 132213823768256 read: Shoe Rack
Thread with TID = 132214014609088 read: Mattress
Thread with TID = 132213855225536 read: Murphy Bed
Thread with TID = 132213813282496 read: Carpet
Thread with TID = 132213802796736 read: Storage Cube
Thread with TID = 132213721007808 read: Flower Pot
Thread with TID = 132213710522048 read: Wardrobe
Thread with TID = 132213700036288 read: Hutch
Thread with TID = 132213689550528 read: Decorative Vase
Thread with TID = 132213679064768 read: Entryway Bench
Thread with TID = 132213647607488 read: Chaise Lounge
Thread with TID = 132213605664448 read: Bar Stools
Thread with TID = 132213658093248 read: Wall Shelf
Thread with TID = 132213616150208 read: Media Console
Thread with TID = 132213637121728 read: Lamp
Thread with TID = 132213626635968 read: Ladder Shelf
Thread with TID = 132213668579008 read: Sofa
Thread with TID = 132213595178688 read: Hall Tree
Thread with TID = 132213584692928 read: Kitchen Stool
Thread with TID = 132213574207168 read: Dining Table
Thread with TID = 132213563721408 read: Nightstand
Thread with TID = 132213427406528 read: Drawer Chest
Thread with TID = 132213553235648 read: End Table
Thread with TID = 132213521778368 read: Accent Chair
Thread with TID = 132213542749888 read: Vanity Mirror
Thread with TID = 132213490321088 read: Dresser
Thread with TID = 132213532264128 read: Pendant Light
Thread with TID = 132213469349568 read: Bar Cart
Thread with TID = 132213458863808 read: Bookshelf
Thread with TID = 132213511292608 read: Room Divider
Thread with TID = 132213437892288 read: Electric Fan
Thread with TID = 132213500806848 read: Bookcase
Thread with TID = 132213479835328 read: Bedside Chest
Thread with TID = 132213448378048 read: Ceiling Fan
Thread with TID = 132213416920768 read: Rug
Thread with TID = 132213406435008 read: Wine Rack
Thread with TID = 132213395949248 read: Garden Bench
Thread with TID = 132213354006208 read: Table Lamp
Thread with TID = 132213364491968 read: Area Rug
Thread with TID = 132213374977728 read: Outdoor Sofa
Thread with TID = 132213343520448 read: Desk Organizer
Thread with TID = 132213333034688 read: Armchair
Thread with TID = 132213385463488 read: Utility Cart
Thread with TID = 132213322548928 read: Filing Cabinet
Thread with TID = 132213312063168 read: Rocking Chair
Thread with TID = 132213301577408 read: Console Table
Thread with TID = 132213291091648 read: Wall Clock
Thread with TID = 132213280605888 read: Coffee Table
Thread with TID = 132213270120128 read: Hallway Mirror
