Process PID: 14931
Thread with TID = 131712405210816 read: Sofa
Thread with TID = 131712384239296 read: Bunk Bed
Thread with TID = 131712363267776 read: Hutch
Thread with TID = 131712373753536 read: Hallway Mirror
Thread with TID = 131712394725056 read: Futon
Thread with TID = 131712331810496 read: Accent Chair
Thread with TID = 131712310838976 read: Shoe Rack
Thread with TID = 131712321324736 read: Bedside Table
Thread with TID = 131712342296256 read: Rocking Chair
Thread with TID = 131712352782016 read: Desk Lamp
Thread with TID = 131712166135488 read: Wine Rack
Thread with TID = 131711406966464 read: Electric Heater
Thread with TID = 131711396480704 read: File Cabinet
Thread with TID = 131711490852544 read: Daybed
Thread with TID = 131711375509184 read: Porch Swing
Thread with TID = 131711365023424 read: Bedside Chest
Thread with TID = 131711627167424 read: Bar Cart
Thread with TID = 131711543281344 read: Outdoor Umbrella
Thread with TID = 131711165793984 read: Storage Cube
Thread with TID = 131711501338304 read: Garden Bench
Thread with TID = 131711616681664 read: Wall Clock
Thread with TID = 131711880922816 read: Sectional Sofa
Thread with TID = 131712050792128 read: Nightstand
Thread with TID = 131712040306368 read: Photo Frame
Thread with TID = 131711859951296 read: Entryway Bench
Thread with TID = 131712195495616 read: Drawer Chest
Thread with TID = 131712300353216 read: Decorative Vase
Thread with TID = 131711522309824 read: Office Desk
Thread with TID = 131711417452224 read: Patio Heater
Thread with TID = 131711448909504 read: Bar Stools
Thread with TID = 131711438423744 read: Mattress
Thread with TID = 131712029820608 read: Storage Cabinet
Thread with TID = 131712205981376 read: Lamp
Thread with TID = 131711427937984 read: Bookshelf
Thread with TID = 131711870437056 read: Carpet
Thread with TID = 131711838979776 read: Desk Organizer
Thread with TID = 131711606195904 read: Bookcase
Thread with TID = 131711669110464 read: Bed Frame
Thread with TID = 131711459395264 read: Dresser
Thread with TID = 131712061277888 read: Patio Set
Thread with TID = 131711553767104 read: Outdoor Sofa
Thread with TID = 131711585224384 read: Floor Lamp
Thread with TID = 131711648138944 read: Dining Hutch
Thread with TID = 131711828494016 read: Wardrobe Closet
Thread with TID = 131711679596224 read: Hall Tree
Thread with TID = 131711658624704 read: Murphy Bed
Thread with TID = 131712216467136 read: Media Console
Thread with TID = 131711564252864 read: Utility Cart
Thread with TID = 131711595710144 read: Ceiling Fan
Thread with TID = 131711469881024 read: Dining Table
Thread with TID = 131711574738624 read: Kitchen Stool
Thread with TID = 131711637653184 read: Kitchen Island
Thread with TID = 131711354537664 read: Gaming Desk
Thread with TID = 131711532795584 read: Chaise Lounge
Thread with TID = 131711849465536 read: End Table
Thread with TID = 131711511824064 read: Vanity Mirror
Thread with TID = 131711480366784 read: Filing Cabinet
Thread with TID = 131711385994944 read: TV Stand
Thread with TID = 131711344051904 read: Ladder Shelf
Thread with TID = 131711333566144 read: Storage Bench
Thread with TID = 131711312594624 read: Pendant Light
Thread with TID = 131711302108864 read: Loveseat
Thread with TID = 131711291623104 read: Wardrobe
Thread with TID = 131711281137344 read: Room Divider
Thread with TID = 131711260165824 read: Curtains
Thread with TID = 131711249680064 read: Console Table
Thread with TID = 131711270651584 read: Table Lamp
Thread with TID = 131711218222784 read: Armchair
Thread with TID = 131711228708544 read: Area Rug
Thread with TID = 131711207737024 read: Ottoman
Thread with TID = 131711186765504 read: Standing Mirror
Thread with TID = 131711239194304 read: Wall Shelf
Thread with TID = 131711197251264 read: Coffee Table
Thread with TID = 131712071763648 read: Dining Chair
Thread with TID = 131711155308224 read: Throw Pillow
Thread with TID = 131712185009856 read: Coat Rack
Thread with TID = 131711134336704 read: Recliner
Thread with TID = 131711144822464 read: Flower Pot
Thread with TID = 131711123850944 read: Rug
Thread with TID = 131712082249408 read: Storage Trunk
Thread with TID = 131711323080384 read: Pantry Cabinet
Thread with TID = 131711176279744 read: Electric Fan
