Process PID: 136049
Thread with TID = 140737242990272 read: TV Stand
Thread with TID = 140737316390592 read: Wardrobe Closet
Thread with TID = 140737305904832 read: Storage Bench
Thread with TID = 140737263961792 read: Standing Mirror
Thread with TID = 140737274447552 read: Electric Heater
Thread with TID = 140737284933312 read: Outdoor Umbrella
Thread with TID = 140737150715584 read: Dining Chair
Thread with TID = 140737337362112 read: Porch Swing
Thread with TID = 140737016497856 read: Floor Lamp
Thread with TID = 140737326876352 read: Photo Frame
Thread with TID = 140737140229824 read: Futon
Thread with TID = 140737295419072 read: Bedside Table
Thread with TID = 140737347847872 read: Daybed
Thread with TID = 140737129744064 read: Recliner
Thread with TID = 140737253476032 read: Patio Heater
Thread with TID = 140737108772544 read: Coat Rack
Thread with TID = 140737098286784 read: Curtains
Thread with TID = 140737119258304 read: Ottoman
Thread with TID = 140737006012096 read: Office Desk
Thread with TID = 140736964069056 read: Dining Hutch
Thread with TID = 140736995526336 read: Sectional Sofa
Thread with TID = 140736850822848 read: Desk Lamp
Thread with TID = 140736974554816 read: Patio Set
Thread with TID = 140736861308608 read: Gaming Desk
Thread with TID = 140736871794368 read: Bunk Bed
Thread with TID = 140736985040576 read: Throw Pillow
Thread with TID = 140736882280128 read: File Cabinet
Thread with TID = 140736829851328 read: Loveseat
Thread with TID = 140736737576640 read: Bed Frame
Thread with TID = 140736571901632 read: Hutch
Thread with TID = 140736582387392 read: Wardrobe
Thread with TID = 140736561415872 read: Decorative Vase
Thread with TID = 140736592873152 read: Flower Pot
Thread with TID = 140736716605120 read: Storage Trunk
Thread with TID = 140736706119360 read: Kitchen Island
Thread with TID = 140737232504512 read: Pantry Cabinet
Thread with TID = 140736603358912 read: Storage Cube
Thread with TID = 140736479626944 read: Entryway Bench
Thread with TID = 140736469141184 read: Sofa
Thread with TID = 140736840337088 read: Storage Cabinet
Thread with TID = 140736748062400 read: Mattress
Thread with TID = 140736458655424 read: Wall Shelf
Thread with TID = 140736727090880 read: Murphy Bed
Thread with TID = 140736695633600 read: Shoe Rack
Thread with TID = 140736613844672 read: Carpet
Thread with TID = 140736303466176 read: Dining Table
Thread with TID = 140736448169664 read: Chaise Lounge
Thread with TID = 140736324437696 read: Hall Tree
Thread with TID = 140736437683904 read: Lamp
Thread with TID = 140736272008896 read: Vanity Mirror
Thread with TID = 140736282494656 read: End Table
Thread with TID = 140736427198144 read: Ladder Shelf
Thread with TID = 140736345409216 read: Media Console
Thread with TID = 140736261523136 read: Pendant Light
Thread with TID = 140736313951936 read: Kitchen Stool
Thread with TID = 140736292980416 read: Nightstand
Thread with TID = 140736251037376 read: Accent Chair
Thread with TID = 140736334923456 read: Bar Stools
Thread with TID = 140736240551616 read: Room Divider
Thread with TID = 140736230065856 read: Bookcase
Thread with TID = 140736219580096 read: Dresser
Thread with TID = 140736188122816 read: Bookshelf
Thread with TID = 140736209094336 read: Bedside Chest
Thread with TID = 140736198608576 read: Bar Cart
Thread with TID = 140736156665536 read: Drawer Chest
Thread with TID = 140736177637056 read: Ceiling Fan
Thread with TID = 140736167151296 read: Electric Fan
Thread with TID = 140736125208256 read: Garden Bench
Thread with TID = 140736135694016 read: Wine Rack
Thread with TID = 140736146179776 read: Rug
Thread with TID = 140736104236736 read: Outdoor Sofa
Thread with TID = 140736062293696 read: Armchair
Thread with TID = 140736041322176 read: Rocking Chair
Thread with TID = 140736114722496 read: Utility Cart
Thread with TID = 140736030836416 read: Console Table
Thread with TID = 140736083265216 read: Table Lamp
Thread with TID = 140736072779456 read: Desk Organizer
Thread with TID = 140736020350656 read: Wall Clock
Thread with TID = 140736051807936 read: Filing Cabinet
Thread with TID = 140735999379136 read: Hallway Mirror
Thread with TID = 140736093750976 read: Area Rug
Thread with TID = 140736009864896 read: Coffee Table
