Process PID: 34094
Thread with TID = 140737347847872 read: Daybed
Thread with TID = 140737144424128 read: Dining Chair
Thread with TID = 140737112966848 read: Recliner
Thread with TID = 140737217824448 read: Bedside Table
Thread with TID = 140737133938368 read: Floor Lamp
Thread with TID = 140737081509568 read: Curtains
Thread with TID = 140737316390592 read: Wardrobe Closet
Thread with TID = 140737207338688 read: Outdoor Umbrella
Thread with TID = 140737326876352 read: Photo Frame
Thread with TID = 140737050052288 read: Throw Pillow
Thread with TID = 140737186367168 read: Standing Mirror
Thread with TID = 140737102481088 read: Ottoman
Thread with TID = 140737337362112 read: Porch Swing
Thread with TID = 140737091995328 read: Coat Rack
Thread with TID = 140737196852928 read: Electric Heater
Thread with TID = 140737305904832 read: Storage Bench
Thread with TID = 140737154909888 read: Pantry Cabinet
Thread with TID = 140737123452608 read: Futon
Thread with TID = 140737060538048 read: Sectional Sofa
Thread with TID = 140737071023808 read: Office Desk
Thread with TID = 140737039566528 read: Patio Set
Thread with TID = 140737175881408 read: Patio Heater
Thread with TID = 140737165395648 read: TV Stand
Thread with TID = 140736949388992 read: File Cabinet
Thread with TID = 140736783713984 read: Storage Trunk
Thread with TID = 140736794199744 read: Murphy Bed
Thread with TID = 140736773228224 read: Kitchen Island
Thread with TID = 140736670467776 read: Storage Cube
Thread with TID = 140736804685504 read: Bed Frame
Thread with TID = 140737029080768 read: Dining Hutch
Thread with TID = 140736917931712 read: Desk Lamp
Thread with TID = 140736896960192 read: Loveseat
Thread with TID = 140736680953536 read: Carpet
Thread with TID = 140736649496256 read: Wardrobe
Thread with TID = 140736762742464 read: Shoe Rack
Thread with TID = 140736938903232 read: Bunk Bed
Thread with TID = 140736815171264 read: Mattress
Thread with TID = 140736928417472 read: Gaming Desk
Thread with TID = 140736907445952 read: Storage Cabinet
Thread with TID = 140736659982016 read: Flower Pot
Thread with TID = 140736628524736 read: Decorative Vase
Thread with TID = 140736546735808 read: Entryway Bench
Thread with TID = 140736536250048 read: Sofa
Thread with TID = 140736525764288 read: Wall Shelf
Thread with TID = 140736639010496 read: Hutch
Thread with TID = 140736515278528 read: Chaise Lounge
Thread with TID = 140736494307008 read: Ladder Shelf
Thread with TID = 140736200705728 read: Bar Stools
Thread with TID = 140736504792768 read: Lamp
Thread with TID = 140736211191488 read: Media Console
Thread with TID = 140736190219968 read: Hall Tree
Thread with TID = 140736179734208 read: Kitchen Stool
Thread with TID = 140736169248448 read: Dining Table
Thread with TID = 140736137791168 read: Vanity Mirror
Thread with TID = 140736116819648 read: Accent Chair
Thread with TID = 140736095848128 read: Bookcase
Thread with TID = 140736127305408 read: Pendant Light
Thread with TID = 140736053905088 read: Bookshelf
Thread with TID = 140736043419328 read: Ceiling Fan
Thread with TID = 140736032933568 read: Electric Fan
Thread with TID = 140736022447808 read: Drawer Chest
Thread with TID = 140736064390848 read: Bar Cart
Thread with TID = 140736074876608 read: Bedside Chest
Thread with TID = 140736158762688 read: Nightstand
Thread with TID = 140735990990528 read: Garden Bench
Thread with TID = 140735980504768 read: Utility Cart
Thread with TID = 140736148276928 read: End Table
Thread with TID = 140736106333888 read: Room Divider
Thread with TID = 140736085362368 read: Dresser
Thread with TID = 140736001476288 read: Wine Rack
Thread with TID = 140736011962048 read: Rug
Thread with TID = 140735970019008 read: Outdoor Sofa
Thread with TID = 140735938561728 read: Desk Organizer
Thread with TID = 140735959533248 read: Area Rug
Thread with TID = 140735907104448 read: Rocking Chair
Thread with TID = 140735875647168 read: Coffee Table
Thread with TID = 140735865161408 read: Hallway Mirror
Thread with TID = 140735886132928 read: Wall Clock
Thread with TID = 140735917590208 read: Filing Cabinet
Thread with TID = 140735949047488 read: Table Lamp
Thread with TID = 140735928075968 read: Armchair
Thread with TID = 140735896618688 read: Console Table
