Process PID: 9893
Thread with TID = 140737222018752 read: Dining Chair
Thread with TID = 140737347847872 read: Daybed
Thread with TID = 140737305904832 read: Storage Bench
Thread with TID = 140737295419072 read: Bedside Table
Thread with TID = 140737316390592 read: Wardrobe Closet
Thread with TID = 140737337362112 read: Porch Swing
Thread with TID = 140737253476032 read: Patio Heater
Thread with TID = 140737232504512 read: Pantry Cabinet
Thread with TID = 140737190561472 read: Recliner
Thread with TID = 140737073120960 read: Office Desk
Thread with TID = 140737284933312 read: Outdoor Umbrella
Thread with TID = 140737083606720 read: Curtains
Thread with TID = 140737201047232 read: Futon
Thread with TID = 140737180075712 read: Ottoman
Thread with TID = 140737169589952 read: Coat Rack
Thread with TID = 140737242990272 read: TV Stand
Thread with TID = 140737211532992 read: Floor Lamp
Thread with TID = 140737274447552 read: Electric Heater
Thread with TID = 140737062635200 read: Sectional Sofa
Thread with TID = 140737041663680 read: Patio Set
Thread with TID = 140737263961792 read: Standing Mirror
Thread with TID = 140737052149440 read: Throw Pillow
Thread with TID = 140737326876352 read: Photo Frame
Thread with TID = 140736949388992 read: File Cabinet
Thread with TID = 140736938903232 read: Bunk Bed
Thread with TID = 140736928417472 read: Gaming Desk
Thread with TID = 140737031177920 read: Dining Hutch
Thread with TID = 140736917931712 read: Desk Lamp
Thread with TID = 140736896960192 read: Loveseat
Thread with TID = 140736794199744 read: Murphy Bed
Thread with TID = 140736804685504 read: Bed Frame
Thread with TID = 140736783713984 read: Storage Trunk
Thread with TID = 140736773228224 read: Kitchen Island
Thread with TID = 140736907445952 read: Storage Cabinet
Thread with TID = 140736670467776 read: Storage Cube
Thread with TID = 140736762742464 read: Shoe Rack
Thread with TID = 140736536250048 read: Sofa
Thread with TID = 140736494307008 read: Ladder Shelf
Thread with TID = 140736515278528 read: Chaise Lounge
Thread with TID = 140736815171264 read: Mattress
Thread with TID = 140736680953536 read: Carpet
Thread with TID = 140736525764288 read: Wall Shelf
Thread with TID = 140736412518080 read: Media Console
Thread with TID = 140736639010496 read: Hutch
Thread with TID = 140736504792768 read: Lamp
Thread with TID = 140736402032320 read: Bar Stools
Thread with TID = 140736649496256 read: Wardrobe
Thread with TID = 140736659982016 read: Flower Pot
Thread with TID = 140736628524736 read: Decorative Vase
Thread with TID = 140736546735808 read: Entryway Bench
Thread with TID = 140736391546560 read: Hall Tree
Thread with TID = 140736381060800 read: Kitchen Stool
Thread with TID = 140736370575040 read: Dining Table
Thread with TID = 140736360089280 read: Nightstand
Thread with TID = 140736162956992 read: Electric Fan
Thread with TID = 140736246843072 read: Accent Chair
Thread with TID = 140736173442752 read: Ceiling Fan
Thread with TID = 140736152471232 read: Drawer Chest
Thread with TID = 140736131499712 read: Wine Rack
Thread with TID = 140736121013952 read: Garden Bench
Thread with TID = 140736141985472 read: Rug
Thread with TID = 140736278300352 read: End Table
Thread with TID = 140736225871552 read: Bookcase
Thread with TID = 140736236357312 read: Room Divider
Thread with TID = 140736267814592 read: Vanity Mirror
Thread with TID = 140736215385792 read: Dresser
Thread with TID = 140736204900032 read: Bedside Chest
Thread with TID = 140736194414272 read: Bar Cart
Thread with TID = 140736183928512 read: Bookshelf
Thread with TID = 140736257328832 read: Pendant Light
Thread with TID = 140736089556672 read: Area Rug
Thread with TID = 140736110528192 read: Utility Cart
Thread with TID = 140736068585152 read: Desk Organizer
Thread with TID = 140736100042432 read: Outdoor Sofa
Thread with TID = 140736058099392 read: Armchair
Thread with TID = 140736079070912 read: Table Lamp
Thread with TID = 140736016156352 read: Wall Clock
Thread with TID = 140735995184832 read: Hallway Mirror
Thread with TID = 140736037127872 read: Rocking Chair
Thread with TID = 140736005670592 read: Coffee Table
Thread with TID = 140736026642112 read: Console Table
Thread with TID = 140736047613632 read: Filing Cabinet
