Process PID: 26952
Thread with TID = 123280583296704 read: Daybed
Thread with TID = 123280551839424 read: Wardrobe Closet
Thread with TID = 123280446981824 read: Outdoor Umbrella
Thread with TID = 123280572810944 read: Porch Swing
Thread with TID = 123280562325184 read: Photo Frame
Thread with TID = 123280541353664 read: Storage Bench
Thread with TID = 123280302278336 read: Floor Lamp
Thread with TID = 123280415524544 read: Patio Heater
Thread with TID = 123280291792576 read: Futon
Thread with TID = 123280270821056 read: Ottoman
Thread with TID = 123280260335296 read: Coat Rack
Thread with TID = 123280281306816 read: Recliner
Thread with TID = 123280218392256 read: Throw Pillow
Thread with TID = 123280207906496 read: Patio Set
Thread with TID = 123280197420736 read: Dining Hutch
Thread with TID = 123280239363776 read: Office Desk
Thread with TID = 123280323249856 read: Pantry Cabinet
Thread with TID = 123280031745728 read: Gaming Desk
Thread with TID = 123280228878016 read: Sectional Sofa
Thread with TID = 123280021259968 read: Desk Lamp
Thread with TID = 123279989802688 read: Mattress
Thread with TID = 123279979316928 read: Bed Frame
Thread with TID = 123280000288448 read: Loveseat
Thread with TID = 123280405038784 read: TV Stand
Thread with TID = 123280312764096 read: Dining Chair
Thread with TID = 123280249849536 read: Curtains
Thread with TID = 123279958345408 read: Storage Trunk
Thread with TID = 123280186934976 read: File Cabinet
Thread with TID = 123280457467584 read: Bedside Table
Thread with TID = 123280436496064 read: Electric Heater
Thread with TID = 123279968831168 read: Murphy Bed
Thread with TID = 123280176449216 read: Bunk Bed
Thread with TID = 123280426010304 read: Standing Mirror
Thread with TID = 123280054814400 read: Flower Pot
Thread with TID = 123280134506176 read: Storage Cube
Thread with TID = 123279947859648 read: Hutch
Thread with TID = 123280165963456 read: Kitchen Island
Thread with TID = 123280010774208 read: Storage Cabinet
Thread with TID = 123279843002048 read: Sofa
Thread with TID = 123279853487808 read: Entryway Bench
Thread with TID = 123279937373888 read: Decorative Vase
Thread with TID = 123280044328640 read: Wardrobe
Thread with TID = 123280144991936 read: Carpet
Thread with TID = 123279832516288 read: Wall Shelf
Thread with TID = 123279719270080 read: Media Console
Thread with TID = 123279708784320 read: Bar Stools
Thread with TID = 123279677327040 read: Dining Table
Thread with TID = 123279687812800 read: Kitchen Stool
Thread with TID = 123279666841280 read: Nightstand
Thread with TID = 123280155477696 read: Shoe Rack
Thread with TID = 123279822030528 read: Chaise Lounge
Thread with TID = 123279811544768 read: Lamp
Thread with TID = 123279801059008 read: Ladder Shelf
Thread with TID = 123279585052352 read: End Table
Thread with TID = 123279574566592 read: Vanity Mirror
Thread with TID = 123279698298560 read: Hall Tree
Thread with TID = 123279564080832 read: Pendant Light
Thread with TID = 123279553595072 read: Accent Chair
Thread with TID = 123279532623552 read: Bookcase
Thread with TID = 123279543109312 read: Room Divider
Thread with TID = 123279522137792 read: Dresser
Thread with TID = 123279511652032 read: Bedside Chest
Thread with TID = 123279438251712 read: Wine Rack
Thread with TID = 123279417280192 read: Utility Cart
Thread with TID = 123279448737472 read: Rug
Thread with TID = 123279396308672 read: Area Rug
Thread with TID = 123279375337152 read: Desk Organizer
Thread with TID = 123279364851392 read: Armchair
Thread with TID = 123279354365632 read: Filing Cabinet
Thread with TID = 123279501166272 read: Bar Cart
Thread with TID = 123279490680512 read: Bookshelf
Thread with TID = 123279480194752 read: Ceiling Fan
Thread with TID = 123279469708992 read: Electric Fan
Thread with TID = 123279385822912 read: Table Lamp
Thread with TID = 123279427765952 read: Garden Bench
Thread with TID = 123279459223232 read: Drawer Chest
Thread with TID = 123279406794432 read: Outdoor Sofa
Thread with TID = 123279343879872 read: Rocking Chair
Thread with TID = 123279333394112 read: Console Table
Thread with TID = 123279312422592 read: Coffee Table
Thread with TID = 123279301936832 read: Hallway Mirror
Thread with TID = 123279322908352 read: Wall Clock
