Process PID: 123857
Thread with TID = 140737016497856 read: Dining Chair
Thread with TID = 140737129744064 read: Recliner
Thread with TID = 140737150715584 read: Floor Lamp
Thread with TID = 140737274447552 read: Electric Heater
Thread with TID = 140737119258304 read: Ottoman
Thread with TID = 140737284933312 read: Outdoor Umbrella
Thread with TID = 140737263961792 read: Standing Mirror
Thread with TID = 140737347847872 read: Daybed
Thread with TID = 140737140229824 read: Futon
Thread with TID = 140737337362112 read: Porch Swing
Thread with TID = 140737253476032 read: Patio Heater
Thread with TID = 140737326876352 read: Photo Frame
Thread with TID = 140737232504512 read: Pantry Cabinet
Thread with TID = 140737305904832 read: Storage Bench
Thread with TID = 140737316390592 read: Wardrobe Closet
Thread with TID = 140737295419072 read: Bedside Table
Thread with TID = 140737242990272 read: TV Stand
Thread with TID = 140736871794368 read: Bunk Bed
Thread with TID = 140737006012096 read: Office Desk
Thread with TID = 140737108772544 read: Coat Rack
Thread with TID = 140736974554816 read: Patio Set
Thread with TID = 140737098286784 read: Curtains
Thread with TID = 140736861308608 read: Gaming Desk
Thread with TID = 140736964069056 read: Dining Hutch
Thread with TID = 140736850822848 read: Desk Lamp
Thread with TID = 140736840337088 read: Storage Cabinet
Thread with TID = 140736882280128 read: File Cabinet
Thread with TID = 140736829851328 read: Loveseat
Thread with TID = 140736995526336 read: Sectional Sofa
Thread with TID = 140736985040576 read: Throw Pillow
Thread with TID = 140736076973760 read: Mattress
Thread with TID = 140736056002240 read: Murphy Bed
Thread with TID = 140736066488000 read: Bed Frame
Thread with TID = 140736035030720 read: Kitchen Island
Thread with TID = 140736024544960 read: Shoe Rack
Thread with TID = 140736045516480 read: Storage Trunk
Thread with TID = 140736003573440 read: Storage Cube
Thread with TID = 140736014059200 read: Carpet
Thread with TID = 140735972116160 read: Hutch
Thread with TID = 140735982601920 read: Wardrobe
Thread with TID = 140735993087680 read: Flower Pot
Thread with TID = 140735951144640 read: Entryway Bench
Thread with TID = 140735961630400 read: Decorative Vase
Thread with TID = 140735930173120 read: Wall Shelf
Thread with TID = 140735919687360 read: Chaise Lounge
Thread with TID = 140735909201600 read: Lamp
Thread with TID = 140735940658880 read: Sofa
Thread with TID = 140735846287040 read: Dining Table
Thread with TID = 140735835801280 read: Nightstand
Thread with TID = 140735888230080 read: Media Console
Thread with TID = 140735814829760 read: Vanity Mirror
Thread with TID = 140735898715840 read: Ladder Shelf
Thread with TID = 140735804344000 read: Pendant Light
Thread with TID = 140735877744320 read: Bar Stools
Thread with TID = 140735825315520 read: End Table
Thread with TID = 140735867258560 read: Hall Tree
Thread with TID = 140735793858240 read: Accent Chair
Thread with TID = 140735856772800 read: Kitchen Stool
Thread with TID = 140735783372480 read: Room Divider
Thread with TID = 140735772886720 read: Bookcase
Thread with TID = 140735762400960 read: Dresser
Thread with TID = 140735751915200 read: Bedside Chest
Thread with TID = 140735741429440 read: Bar Cart
Thread with TID = 140735730943680 read: Bookshelf
Thread with TID = 140735720457920 read: Ceiling Fan
Thread with TID = 140735709972160 read: Electric Fan
Thread with TID = 140735699486400 read: Drawer Chest
Thread with TID = 140735689000640 read: Rug
Thread with TID = 140735678514880 read: Wine Rack
Thread with TID = 140735668029120 read: Garden Bench
Thread with TID = 140735657543360 read: Utility Cart
Thread with TID = 140735647057600 read: Outdoor Sofa
Thread with TID = 140735636571840 read: Area Rug
Thread with TID = 140735626086080 read: Table Lamp
Thread with TID = 140735615600320 read: Desk Organizer
Thread with TID = 140735605114560 read: Armchair
Thread with TID = 140735594628800 read: Filing Cabinet
Thread with TID = 140735584143040 read: Rocking Chair
Thread with TID = 140735573657280 read: Console Table
Thread with TID = 140735563171520 read: Wall Clock
Thread with TID = 140735552685760 read: Coffee Table
Thread with TID = 140735542200000 read: Hallway Mirror
