Process PID: 32221
Thread with TID = 133257607775936 read: Daybed
Thread with TID = 133257586804416 read: Photo Frame
Thread with TID = 133257597290176 read: Porch Swing
Thread with TID = 133257465169600 read: Wardrobe Closet
Thread with TID = 133257576318656 read: Storage Bench
Thread with TID = 133257555347136 read: Outdoor Umbrella
Thread with TID = 133257565832896 read: Bedside Table
Thread with TID = 133257412740800 read: Dining Chair
Thread with TID = 133257444198080 read: Patio Heater
Thread with TID = 133257433712320 read: TV Stand
Thread with TID = 133257423226560 read: Pantry Cabinet
Thread with TID = 133257454683840 read: Standing Mirror
Thread with TID = 133257278523072 read: Curtains
Thread with TID = 133257320466112 read: Futon
Thread with TID = 133257309980352 read: Recliner
Thread with TID = 133257544861376 read: Electric Heater
Thread with TID = 133257299494592 read: Ottoman
Thread with TID = 133257289008832 read: Coat Rack
Thread with TID = 133257268037312 read: Office Desk
Thread with TID = 133257257551552 read: Sectional Sofa
Thread with TID = 133257102362304 read: Patio Set
Thread with TID = 133257091876544 read: Dining Hutch
Thread with TID = 133257112848064 read: Throw Pillow
Thread with TID = 133257070905024 read: Bunk Bed
Thread with TID = 133257330951872 read: Floor Lamp
Thread with TID = 133257129625280 read: Gaming Desk
Thread with TID = 133257060419264 read: Desk Lamp
Thread with TID = 133257236580032 read: Loveseat
Thread with TID = 133257081390784 read: File Cabinet
Thread with TID = 133257215608512 read: Bed Frame
Thread with TID = 133257247065792 read: Storage Cabinet
Thread with TID = 133257049933504 read: Murphy Bed
Thread with TID = 133257226094272 read: Mattress
Thread with TID = 133257007990464 read: Carpet
Thread with TID = 133257018476224 read: Shoe Rack
Thread with TID = 133257039447744 read: Storage Trunk
Thread with TID = 133256997504704 read: Storage Cube
Thread with TID = 133257028961984 read: Kitchen Island
Thread with TID = 133256945075904 read: Entryway Bench
Thread with TID = 133256955561664 read: Decorative Vase
Thread with TID = 133256934590144 read: Sofa
Thread with TID = 133256924104384 read: Wall Shelf
Thread with TID = 133256987018944 read: Flower Pot
Thread with TID = 133256892647104 read: Ladder Shelf
Thread with TID = 133256861189824 read: Hall Tree
Thread with TID = 133256871675584 read: Bar Stools
Thread with TID = 133256976533184 read: Wardrobe
Thread with TID = 133256966047424 read: Hutch
Thread with TID = 133256913618624 read: Chaise Lounge
Thread with TID = 133256903132864 read: Lamp
Thread with TID = 133256882161344 read: Media Console
Thread with TID = 133256840218304 read: Dining Table
Thread with TID = 133256850704064 read: Kitchen Stool
Thread with TID = 133256819246784 read: End Table
Thread with TID = 133256808761024 read: Vanity Mirror
Thread with TID = 133256685029056 read: Dresser
Thread with TID = 133256829732544 read: Nightstand
Thread with TID = 133256706000576 read: Room Divider
Thread with TID = 133256726972096 read: Pendant Light
Thread with TID = 133256550811328 read: Drawer Chest
Thread with TID = 133256674543296 read: Bedside Chest
Thread with TID = 133256592754368 read: Bar Cart
Thread with TID = 133256582268608 read: Bookshelf
Thread with TID = 133256540325568 read: Rug
Thread with TID = 133256561297088 read: Electric Fan
Thread with TID = 133256695514816 read: Bookcase
Thread with TID = 133256716486336 read: Accent Chair
Thread with TID = 133256571782848 read: Ceiling Fan
Thread with TID = 133256458536640 read: Wine Rack
Thread with TID = 133256385136320 read: Armchair
Thread with TID = 133256395622080 read: Desk Organizer
Thread with TID = 133256374650560 read: Filing Cabinet
Thread with TID = 133256427079360 read: Outdoor Sofa
Thread with TID = 133256448050880 read: Garden Bench
Thread with TID = 133256332707520 read: Coffee Table
Thread with TID = 133256322221760 read: Hallway Mirror
Thread with TID = 133256406107840 read: Table Lamp
Thread with TID = 133256364164800 read: Rocking Chair
Thread with TID = 133256437565120 read: Utility Cart
Thread with TID = 133256353679040 read: Console Table
Thread with TID = 133256343193280 read: Wall Clock
Thread with TID = 133256416593600 read: Area Rug
