Process PID: 13522
Thread with TID = 140737347847872 read: Daybed
Thread with TID = 140737253476032 read: Patio Heater
Thread with TID = 140737337362112 read: Porch Swing
Thread with TID = 140737326876352 read: Photo Frame
Thread with TID = 140737274447552 read: Electric Heater
Thread with TID = 140737316390592 read: Wardrobe Closet
Thread with TID = 140737295419072 read: Bedside Table
Thread with TID = 140737232504512 read: Pantry Cabinet
Thread with TID = 140737284933312 read: Outdoor Umbrella
Thread with TID = 140737305904832 read: Storage Bench
Thread with TID = 140737242990272 read: TV Stand
Thread with TID = 140737263961792 read: Standing Mirror
Thread with TID = 140737150715584 read: Dining Chair
Thread with TID = 140736928417472 read: Sectional Sofa
Thread with TID = 140736949388992 read: Curtains
Thread with TID = 140737129744064 read: Futon
Thread with TID = 140736875988672 read: Bunk Bed
Thread with TID = 140736938903232 read: Office Desk
Thread with TID = 140737119258304 read: Recliner
Thread with TID = 140737108772544 read: Ottoman
Thread with TID = 140736865502912 read: Gaming Desk
Thread with TID = 140737140229824 read: Floor Lamp
Thread with TID = 140737098286784 read: Coat Rack
Thread with TID = 140736855017152 read: Desk Lamp
Thread with TID = 140736896960192 read: Dining Hutch
Thread with TID = 140736907445952 read: Patio Set
Thread with TID = 140736917931712 read: Throw Pillow
Thread with TID = 140736886474432 read: File Cabinet
Thread with TID = 140736844531392 read: Storage Cabinet
Thread with TID = 140736834045632 read: Loveseat
Thread with TID = 140736802588352 read: Murphy Bed
Thread with TID = 140736771131072 read: Shoe Rack
Thread with TID = 140736823559872 read: Mattress
Thread with TID = 140736813074112 read: Bed Frame
Thread with TID = 140736792102592 read: Storage Trunk
Thread with TID = 140736781616832 read: Kitchen Island
Thread with TID = 140736760645312 read: Carpet
Thread with TID = 140736750159552 read: Storage Cube
Thread with TID = 140736718702272 read: Hutch
Thread with TID = 140736739673792 read: Flower Pot
Thread with TID = 140736708216512 read: Decorative Vase
Thread with TID = 140736729188032 read: Wardrobe
Thread with TID = 140736697730752 read: Entryway Bench
Thread with TID = 140736687244992 read: Sofa
Thread with TID = 140736676759232 read: Wall Shelf
Thread with TID = 140736645301952 read: Ladder Shelf
Thread with TID = 140736634816192 read: Media Console
Thread with TID = 140736624330432 read: Bar Stools
Thread with TID = 140736666273472 read: Chaise Lounge
Thread with TID = 140736603358912 read: Kitchen Stool
Thread with TID = 140736655787712 read: Lamp
Thread with TID = 140736613844672 read: Hall Tree
Thread with TID = 140736592873152 read: Dining Table
Thread with TID = 140736582387392 read: Nightstand
Thread with TID = 140736571901632 read: End Table
Thread with TID = 140736529958592 read: Room Divider
Thread with TID = 140736561415872 read: Vanity Mirror
Thread with TID = 140736488015552 read: Bar Cart
Thread with TID = 140736540444352 read: Accent Chair
Thread with TID = 140736550930112 read: Pendant Light
Thread with TID = 140736519472832 read: Bookcase
Thread with TID = 140736477529792 read: Bookshelf
Thread with TID = 140736508987072 read: Dresser
Thread with TID = 140736456558272 read: Electric Fan
Thread with TID = 140736498501312 read: Bedside Chest
Thread with TID = 140736446072512 read: Drawer Chest
Thread with TID = 140736467044032 read: Ceiling Fan
Thread with TID = 140736435586752 read: Rug
Thread with TID = 140736404129472 read: Utility Cart
Thread with TID = 140736425100992 read: Wine Rack
Thread with TID = 140736372672192 read: Table Lamp
Thread with TID = 140736414615232 read: Garden Bench
Thread with TID = 140736393643712 read: Outdoor Sofa
Thread with TID = 140736341214912 read: Filing Cabinet
Thread with TID = 140736320243392 read: Console Table
Thread with TID = 140736351700672 read: Armchair
Thread with TID = 140736330729152 read: Rocking Chair
Thread with TID = 140736299271872 read: Coffee Table
Thread with TID = 140736288786112 read: Hallway Mirror
Thread with TID = 140736362186432 read: Desk Organizer
Thread with TID = 140736383157952 read: Area Rug
Thread with TID = 140736309757632 read: Wall Clock
