Process PID: 133792
Thread with TID = 140737337362112 read: Porch Swing
Thread with TID = 140737316390592 read: Wardrobe Closet
Thread with TID = 140737347847872 read: Daybed
Thread with TID = 140737217824448 read: Storage Bench
Thread with TID = 140737196852928 read: Electric Heater
Thread with TID = 140737207338688 read: Outdoor Umbrella
Thread with TID = 140737305904832 read: Bedside Table
Thread with TID = 140737326876352 read: Photo Frame
Thread with TID = 140737175881408 read: Patio Heater
Thread with TID = 140736886474432 read: Dining Hutch
Thread with TID = 140737083606720 read: Pantry Cabinet
Thread with TID = 140736834045632 read: Storage Cabinet
Thread with TID = 140736875988672 read: File Cabinet
Thread with TID = 140736823559872 read: Loveseat
Thread with TID = 140736865502912 read: Bunk Bed
Thread with TID = 140736855017152 read: Gaming Desk
Thread with TID = 140736781616832 read: Storage Trunk
Thread with TID = 140737073120960 read: Dining Chair
Thread with TID = 140736813074112 read: Mattress
Thread with TID = 140737062635200 read: Floor Lamp
Thread with TID = 140737186367168 read: Standing Mirror
Thread with TID = 140736802588352 read: Bed Frame
Thread with TID = 140736917931712 read: Sectional Sofa
Thread with TID = 140737052149440 read: Futon
Thread with TID = 140736844531392 read: Desk Lamp
Thread with TID = 140736792102592 read: Murphy Bed
Thread with TID = 140736907445952 read: Throw Pillow
Thread with TID = 140736896960192 read: Patio Set
Thread with TID = 140737041663680 read: Recliner
Thread with TID = 140737165395648 read: TV Stand
Thread with TID = 140737031177920 read: Ottoman
Thread with TID = 140736949388992 read: Coat Rack
Thread with TID = 140736938903232 read: Curtains
Thread with TID = 140736928417472 read: Office Desk
Thread with TID = 140736771131072 read: Kitchen Island
Thread with TID = 140736760645312 read: Shoe Rack
Thread with TID = 140736624330432 read: Media Console
Thread with TID = 140736603358912 read: Hall Tree
Thread with TID = 140736613844672 read: Bar Stools
Thread with TID = 140736750159552 read: Carpet
Thread with TID = 140736550930112 read: Vanity Mirror
Thread with TID = 140736739673792 read: Storage Cube
Thread with TID = 140736540444352 read: Pendant Light
Thread with TID = 140736729188032 read: Flower Pot
Thread with TID = 140736592873152 read: Kitchen Stool
Thread with TID = 140736561415872 read: End Table
Thread with TID = 140736529958592 read: Accent Chair
Thread with TID = 140736687244992 read: Entryway Bench
Thread with TID = 140736582387392 read: Dining Table
Thread with TID = 140736519472832 read: Room Divider
Thread with TID = 140736676759232 read: Sofa
Thread with TID = 140736666273472 read: Wall Shelf
Thread with TID = 140736655787712 read: Chaise Lounge
Thread with TID = 140736645301952 read: Lamp
Thread with TID = 140736634816192 read: Ladder Shelf
Thread with TID = 140736718702272 read: Wardrobe
Thread with TID = 140736508987072 read: Bookcase
Thread with TID = 140736708216512 read: Hutch
Thread with TID = 140736697730752 read: Decorative Vase
Thread with TID = 140736571901632 read: Nightstand
Thread with TID = 140736498501312 read: Dresser
Thread with TID = 140736412518080 read: Bedside Chest
Thread with TID = 140736391546560 read: Bookshelf
Thread with TID = 140736381060800 read: Ceiling Fan
Thread with TID = 140736370575040 read: Electric Fan
Thread with TID = 140736402032320 read: Bar Cart
Thread with TID = 140736360089280 read: Drawer Chest
Thread with TID = 140736267814592 read: Wine Rack
Thread with TID = 140736278300352 read: Rug
Thread with TID = 140736215385792 read: Table Lamp
Thread with TID = 140736204900032 read: Desk Organizer
Thread with TID = 140736225871552 read: Area Rug
Thread with TID = 140736257328832 read: Garden Bench
Thread with TID = 140736246843072 read: Utility Cart
Thread with TID = 140736236357312 read: Outdoor Sofa
Thread with TID = 140736183928512 read: Filing Cabinet
Thread with TID = 140736194414272 read: Armchair
Thread with TID = 140736173442752 read: Rocking Chair
Thread with TID = 140736162956992 read: Console Table
Thread with TID = 140736131499712 read: Hallway Mirror
Thread with TID = 140736152471232 read: Wall Clock
Thread with TID = 140736141985472 read: Coffee Table
