Process PID: 37186
Thread with TID = 133515045766848 read: Photo Frame
Thread with TID = 133515066738368 read: Daybed
Thread with TID = 133515035281088 read: Wardrobe Closet
Thread with TID = 133515024795328 read: Storage Bench
Thread with TID = 133515014309568 read: Bedside Table
Thread with TID = 133515003823808 read: Outdoor Umbrella
Thread with TID = 133514993338048 read: Electric Heater
Thread with TID = 133514982852288 read: Standing Mirror
Thread with TID = 133514972366528 read: Patio Heater
Thread with TID = 133514961880768 read: TV Stand
Thread with TID = 133514951395008 read: Pantry Cabinet
Thread with TID = 133514940909248 read: Dining Chair
Thread with TID = 133514930423488 read: Floor Lamp
Thread with TID = 133514919937728 read: Futon
Thread with TID = 133514909451968 read: Recliner
Thread with TID = 133515056252608 read: Porch Swing
Thread with TID = 133514827663040 read: Ottoman
Thread with TID = 133514785720000 read: Sectional Sofa
Thread with TID = 133514764748480 read: Patio Set
Thread with TID = 133514796205760 read: Office Desk
Thread with TID = 133514806691520 read: Curtains
Thread with TID = 133514817177280 read: Coat Rack
Thread with TID = 133514775234240 read: Throw Pillow
Thread with TID = 133514743776960 read: File Cabinet
Thread with TID = 133514754262720 read: Dining Hutch
Thread with TID = 133514701833920 read: Storage Cabinet
Thread with TID = 133514722805440 read: Gaming Desk
Thread with TID = 133514691348160 read: Loveseat
Thread with TID = 133514712319680 read: Desk Lamp
Thread with TID = 133514659890880 read: Murphy Bed
Thread with TID = 133514638919360 read: Kitchen Island
Thread with TID = 133514680862400 read: Mattress
Thread with TID = 133514649405120 read: Storage Trunk
Thread with TID = 133514670376640 read: Bed Frame
Thread with TID = 133514733291200 read: Bunk Bed
Thread with TID = 133514628433600 read: Shoe Rack
Thread with TID = 133514596976320 read: Flower Pot
Thread with TID = 133514586490560 read: Wardrobe
Thread with TID = 133514576004800 read: Hutch
Thread with TID = 133514617947840 read: Carpet
Thread with TID = 133514607462080 read: Storage Cube
Thread with TID = 133514565519040 read: Decorative Vase
Thread with TID = 133514555033280 read: Entryway Bench
Thread with TID = 133514534061760 read: Wall Shelf
Thread with TID = 133514544547520 read: Sofa
Thread with TID = 133514513090240 read: Lamp
Thread with TID = 133514425009856 read: Ladder Shelf
Thread with TID = 133514523576000 read: Chaise Lounge
Thread with TID = 133514404038336 read: Bar Stools
Thread with TID = 133514393552576 read: Hall Tree
Thread with TID = 133514414524096 read: Media Console
Thread with TID = 133514383066816 read: Kitchen Stool
Thread with TID = 133514362095296 read: Nightstand
Thread with TID = 133514341123776 read: Vanity Mirror
Thread with TID = 133514351609536 read: End Table
Thread with TID = 133514372581056 read: Dining Table
Thread with TID = 133514320152256 read: Accent Chair
Thread with TID = 133514309666496 read: Room Divider
Thread with TID = 133514299180736 read: Bookcase
Thread with TID = 133514330638016 read: Pendant Light
Thread with TID = 133514288694976 read: Dresser
Thread with TID = 133514278209216 read: Bedside Chest
Thread with TID = 133514246751936 read: Ceiling Fan
Thread with TID = 133514257237696 read: Bookshelf
Thread with TID = 133514267723456 read: Bar Cart
Thread with TID = 133514236266176 read: Electric Fan
Thread with TID = 133514156574400 read: Drawer Chest
Thread with TID = 133514146088640 read: Rug
Thread with TID = 133514135602880 read: Wine Rack
Thread with TID = 133514125117120 read: Garden Bench
Thread with TID = 133514114631360 read: Utility Cart
Thread with TID = 133514104145600 read: Outdoor Sofa
Thread with TID = 133514093659840 read: Area Rug
Thread with TID = 133514083174080 read: Table Lamp
Thread with TID = 133514072688320 read: Desk Organizer
Thread with TID = 133514062202560 read: Armchair
Thread with TID = 133514051716800 read: Filing Cabinet
Thread with TID = 133514041231040 read: Rocking Chair
Thread with TID = 133514030745280 read: Console Table
Thread with TID = 133514020259520 read: Wall Clock
Thread with TID = 133514009773760 read: Coffee Table
Thread with TID = 133513999288000 read: Hallway Mirror
