Process PID: 35172
Thread with TID = 132514265958080 read: Daybed
Thread with TID = 132514213529280 read: Bedside Table
Thread with TID = 132514255472320 read: Porch Swing
Thread with TID = 132514182072000 read: Standing Mirror
Thread with TID = 132514203043520 read: Outdoor Umbrella
Thread with TID = 132514171586240 read: Patio Heater
Thread with TID = 132514192557760 read: Electric Heater
Thread with TID = 132514224015040 read: Storage Bench
Thread with TID = 132514161100480 read: TV Stand
Thread with TID = 132514234500800 read: Wardrobe Closet
Thread with TID = 132514119157440 read: Futon
Thread with TID = 132514140128960 read: Dining Chair
Thread with TID = 132514022688448 read: Ottoman
Thread with TID = 132514001716928 read: Curtains
Thread with TID = 132514012202688 read: Coat Rack
Thread with TID = 132514244986560 read: Photo Frame
Thread with TID = 132514033174208 read: Recliner
Thread with TID = 132513991231168 read: Office Desk
Thread with TID = 132513980745408 read: Sectional Sofa
Thread with TID = 132514150614720 read: Pantry Cabinet
Thread with TID = 132513898956480 read: Throw Pillow
Thread with TID = 132513877984960 read: Dining Hutch
Thread with TID = 132513836041920 read: Desk Lamp
Thread with TID = 132513867499200 read: File Cabinet
Thread with TID = 132513846527680 read: Gaming Desk
Thread with TID = 132513888470720 read: Patio Set
Thread with TID = 132514129643200 read: Floor Lamp
Thread with TID = 132513815070400 read: Loveseat
Thread with TID = 132513794098880 read: Bed Frame
Thread with TID = 132513825556160 read: Storage Cabinet
Thread with TID = 132513804584640 read: Mattress
Thread with TID = 132513620035264 read: Kitchen Island
Thread with TID = 132513609549504 read: Shoe Rack
Thread with TID = 132513857013440 read: Bunk Bed
Thread with TID = 132513630521024 read: Storage Trunk
Thread with TID = 132513599063744 read: Carpet
Thread with TID = 132513588577984 read: Storage Cube
Thread with TID = 132513557120704 read: Hutch
Thread with TID = 132513567606464 read: Wardrobe
Thread with TID = 132513783613120 read: Murphy Bed
Thread with TID = 132513578092224 read: Flower Pot
Thread with TID = 132513504691904 read: Chaise Lounge
Thread with TID = 132513546634944 read: Decorative Vase
Thread with TID = 132513536149184 read: Entryway Bench
Thread with TID = 132513494206144 read: Lamp
Thread with TID = 132513431291584 read: Dining Table
Thread with TID = 132513452263104 read: Hall Tree
Thread with TID = 132513515177664 read: Wall Shelf
Thread with TID = 132513410320064 read: End Table
Thread with TID = 132513525663424 read: Sofa
Thread with TID = 132513441777344 read: Kitchen Stool
Thread with TID = 132513378862784 read: Accent Chair
Thread with TID = 132513473234624 read: Media Console
Thread with TID = 132513483720384 read: Ladder Shelf
Thread with TID = 132513462748864 read: Bar Stools
Thread with TID = 132513399834304 read: Vanity Mirror
Thread with TID = 132513420805824 read: Nightstand
Thread with TID = 132513389348544 read: Pendant Light
Thread with TID = 132513368377024 read: Room Divider
Thread with TID = 132513357891264 read: Bookcase
Thread with TID = 132513347405504 read: Dresser
Thread with TID = 132513336919744 read: Bedside Chest
Thread with TID = 132513315948224 read: Bookshelf
Thread with TID = 132513326433984 read: Bar Cart
Thread with TID = 132513294976704 read: Electric Fan
Thread with TID = 132513284490944 read: Drawer Chest
Thread with TID = 132513305462464 read: Ceiling Fan
Thread with TID = 132513274005184 read: Rug
Thread with TID = 132513253033664 read: Garden Bench
Thread with TID = 132513242547904 read: Utility Cart
Thread with TID = 132513211090624 read: Table Lamp
Thread with TID = 132513221576384 read: Area Rug
Thread with TID = 132513232062144 read: Outdoor Sofa
Thread with TID = 132513190119104 read: Armchair
Thread with TID = 132513200604864 read: Desk Organizer
Thread with TID = 132513179633344 read: Filing Cabinet
Thread with TID = 132513263519424 read: Wine Rack
Thread with TID = 132513158661824 read: Console Table
Thread with TID = 132513148176064 read: Wall Clock
Thread with TID = 132513169147584 read: Rocking Chair
Thread with TID = 132513137690304 read: Coffee Table
Thread with TID = 132513127204544 read: Hallway Mirror
