Process PID: 8683
Thread with TID = 124077633177280 read: Daybed
Thread with TID = 124077559776960 read: Electric Heater
Thread with TID = 124077612205760 read: Photo Frame
Thread with TID = 124077570262720 read: Outdoor Umbrella
Thread with TID = 124077601720000 read: Wardrobe Closet
Thread with TID = 124077580748480 read: Bedside Table
Thread with TID = 124077622691520 read: Porch Swing
Thread with TID = 124077591234240 read: Storage Bench
Thread with TID = 124077549291200 read: Standing Mirror
Thread with TID = 124077528319680 read: TV Stand
Thread with TID = 124077538805440 read: Patio Heater
Thread with TID = 124077442336448 read: Pantry Cabinet
Thread with TID = 124077421364928 read: Floor Lamp
Thread with TID = 124077410879168 read: Futon
Thread with TID = 124077400393408 read: Recliner
Thread with TID = 124077431850688 read: Dining Chair
Thread with TID = 124077297632960 read: Curtains
Thread with TID = 124077308118720 read: Coat Rack
Thread with TID = 124077163415232 read: File Cabinet
Thread with TID = 124077389907648 read: Ottoman
Thread with TID = 124077255689920 read: Patio Set
Thread with TID = 124077287147200 read: Office Desk
Thread with TID = 124077173900992 read: Dining Hutch
Thread with TID = 124077266175680 read: Throw Pillow
Thread with TID = 124077142443712 read: Gaming Desk
Thread with TID = 124077276661440 read: Sectional Sofa
Thread with TID = 124077152929472 read: Bunk Bed
Thread with TID = 124077131957952 read: Desk Lamp
Thread with TID = 124077039683264 read: Loveseat
Thread with TID = 124077121472192 read: Storage Cabinet
Thread with TID = 124076934825664 read: Wardrobe
Thread with TID = 124076945311424 read: Flower Pot
Thread with TID = 124076913854144 read: Decorative Vase
Thread with TID = 124076892882624 read: Sofa
Thread with TID = 124077029197504 read: Mattress
Thread with TID = 124077018711744 read: Bed Frame
Thread with TID = 124077008225984 read: Murphy Bed
Thread with TID = 124076997740224 read: Storage Trunk
Thread with TID = 124076987254464 read: Kitchen Island
Thread with TID = 124076976768704 read: Shoe Rack
Thread with TID = 124076955797184 read: Storage Cube
Thread with TID = 124076966282944 read: Carpet
Thread with TID = 124076924339904 read: Hutch
Thread with TID = 124076871911104 read: Chaise Lounge
Thread with TID = 124076861425344 read: Lamp
Thread with TID = 124076903368384 read: Entryway Bench
Thread with TID = 124076882396864 read: Wall Shelf
Thread with TID = 124076850939584 read: Ladder Shelf
Thread with TID = 124076819482304 read: Hall Tree
Thread with TID = 124076840453824 read: Media Console
Thread with TID = 124076808996544 read: Kitchen Stool
Thread with TID = 124076829968064 read: Bar Stools
Thread with TID = 124076798510784 read: Dining Table
Thread with TID = 124076788025024 read: Nightstand
Thread with TID = 124076777539264 read: End Table
Thread with TID = 124076725110464 read: Bookcase
Thread with TID = 124076735596224 read: Room Divider
Thread with TID = 124076746081984 read: Accent Chair
Thread with TID = 124076714624704 read: Dresser
Thread with TID = 124076693653184 read: Bar Cart
Thread with TID = 124076704138944 read: Bedside Chest
Thread with TID = 124076651710144 read: Drawer Chest
Thread with TID = 124076630738624 read: Wine Rack
Thread with TID = 124076672681664 read: Ceiling Fan
Thread with TID = 124076662195904 read: Electric Fan
Thread with TID = 124076641224384 read: Rug
Thread with TID = 124076683167424 read: Bookshelf
Thread with TID = 124076620252864 read: Garden Bench
Thread with TID = 124076767053504 read: Vanity Mirror
Thread with TID = 124076756567744 read: Pendant Light
Thread with TID = 124076609767104 read: Utility Cart
Thread with TID = 124076599281344 read: Outdoor Sofa
Thread with TID = 124076588795584 read: Area Rug
Thread with TID = 124076578309824 read: Table Lamp
Thread with TID = 124076504909504 read: Coffee Table
Thread with TID = 124076567824064 read: Desk Organizer
Thread with TID = 124076557338304 read: Armchair
Thread with TID = 124076546852544 read: Filing Cabinet
Thread with TID = 124076536366784 read: Rocking Chair
Thread with TID = 124076525881024 read: Console Table
Thread with TID = 124076515395264 read: Wall Clock
Thread with TID = 124076494423744 read: Hallway Mirror
