Process PID: 17170
Thread with TID = 135204182165184 read: Hair Oil
Thread with TID = 135204098279104 read: Detangler Spray
Thread with TID = 135204129736384 read: Micellar Water
Thread with TID = 135204161193664 read: Mascara
Thread with TID = 135204150707904 read: Bronzer
Thread with TID = 135204171679424 read: Shaving Cream
Thread with TID = 135204140222144 read: Lip Liner
Thread with TID = 135204077307584 read: Hair Shampoo
Thread with TID = 135204213622464 read: Essence
Thread with TID = 135204119250624 read: Clay Mask
Thread with TID = 135204192650944 read: Dry Shampoo
Thread with TID = 135204203136704 read: Hair Curler
Thread with TID = 135204087793344 read: BB Cream
Thread with TID = 135204066821824 read: Nail Buffer
Thread with TID = 135204045850304 read: Hairbrush
Thread with TID = 135204108764864 read: Face Mask
Thread with TID = 135204056336064 read: Sunscreen
Thread with TID = 135204224108224 read: Cleansing Oil
Thread with TID = 135203957769920 read: Face Serum
Thread with TID = 135203745957568 read: Cuticle Cream
Thread with TID = 135203905341120 read: Lip Gloss
Thread with TID = 135203915826880 read: Heat Protection Spray
Thread with TID = 135203926312640 read: Perfume
Thread with TID = 135203724986048 read: Hair Serum
Thread with TID = 135203947284160 read: Lip Scrub
Thread with TID = 135203756443328 read: Sheet Mask
Thread with TID = 135203936798400 read: Face Powder
Thread with TID = 135202305214144 read: Blush
Thread with TID = 135203704014528 read: Comb
Thread with TID = 135202336671424 read: Hand Cream
Thread with TID = 135203100034752 read: Anti-Aging Cream
Thread with TID = 135203322332864 read: Hair Spray
Thread with TID = 135203152463552 read: Eyeshadow Palette
Thread with TID = 135203110520512 read: Beard Oil
Thread with TID = 135203714500288 read: Moisturizer
Thread with TID = 135203121006272 read: CC Cream
Thread with TID = 135203131492032 read: Body Lotion
Thread with TID = 135203502687936 read: Lip Balm
Thread with TID = 135202739324608 read: Hair Wax
Thread with TID = 135203534145216 read: Face Wash
Thread with TID = 135203735471808 read: Cuticle Oil
Thread with TID = 135203353790144 read: Makeup Remover
Thread with TID = 135202919679680 read: Acne Treatment
Thread with TID = 135202548483776 read: Leave-In Conditioner
Thread with TID = 135202930165440 read: Nail Strengthener
Thread with TID = 135202898708160 read: Exfoliator
Thread with TID = 135202951136960 read: Peel-Off Mask
Thread with TID = 135203523659456 read: Eye Cream
Thread with TID = 135202728838848 read: Aftershave Balm
Thread with TID = 135203513173696 read: Epilator
Thread with TID = 135203332818624 read: Beard Wash
Thread with TID = 135202718353088 read: Scrub
Thread with TID = 135203141977792 read: Hair Mask
Thread with TID = 135202909193920 read: Compact Powder
Thread with TID = 135203555116736 read: Beard Balm
Thread with TID = 135203544630976 read: Body Scrub
Thread with TID = 135202707867328 read: Lipstick
Thread with TID = 135203311847104 read: Foundation
Thread with TID = 135202749810368 read: Highlighter
Thread with TID = 135202326185664 read: Body Butter
Thread with TID = 135202315699904 read: Nail Polish
Thread with TID = 135202940651200 read: Toner
Thread with TID = 135203343304384 read: Eyeliner
Thread with TID = 135203301361344 read: Under-Eye Gel
Thread with TID = 135202697381568 read: Foot Cream
Thread with TID = 135202537998016 read: Body Mist
Thread with TID = 135202506540736 read: Concealer
Thread with TID = 135202517026496 read: Hair Dryer
Thread with TID = 135202347157184 read: Hair Conditioner
Thread with TID = 135202527512256 read: Hair Mousse
Thread with TID = 135202496054976 read: Hair Straightener
Thread with TID = 135202294728384 read: Hair Gel
