Process PID: 4340
Thread with TID = 138817795262144 read: Lip Scrub
Thread with TID = 138817784776384 read: Face Powder
Thread with TID = 138817763804864 read: Heat Protection Spray
Thread with TID = 138817805747904 read: Face Serum
Thread with TID = 138817826719424 read: Sunscreen
Thread with TID = 138817816233664 read: Hairbrush
Thread with TID = 138817774290624 read: Perfume
Thread with TID = 138817669433024 read: Body Scrub
Thread with TID = 138817910605504 read: Lip Liner
Thread with TID = 138817931577024 read: Mascara
Thread with TID = 138817868662464 read: Detangler Spray
Thread with TID = 138817268876992 read: Hair Mousse
Thread with TID = 138816897681088 read: Hair Gel
Thread with TID = 138817963034304 read: Dry Shampoo
Thread with TID = 138817099007680 read: Hair Straightener
Thread with TID = 138817658947264 read: Face Wash
Thread with TID = 138817449232064 read: Compact Powder
Thread with TID = 138817753319104 read: Lip Gloss
Thread with TID = 138817858176704 read: BB Cream
Thread with TID = 138817417774784 read: Hair Wax
Thread with TID = 138817606518464 read: Eyeliner
Thread with TID = 138817984005824 read: Essence
Thread with TID = 138817952548544 read: Hair Oil
Thread with TID = 138817942062784 read: Shaving Cream
Thread with TID = 138817994491584 read: Cleansing Oil
Thread with TID = 138817407289024 read: Aftershave Balm
Thread with TID = 138817879148224 read: Face Mask
Thread with TID = 138817973520064 read: Hair Curler
Thread with TID = 138817522632384 read: CC Cream
Thread with TID = 138817596032704 read: Beard Wash
Thread with TID = 138817921091264 read: Bronzer
Thread with TID = 138817067550400 read: Body Butter
Thread with TID = 138817078036160 read: Hand Cream
Thread with TID = 138817300334272 read: Foot Cream
Thread with TID = 138817088521920 read: Hair Conditioner
Thread with TID = 138817847690944 read: Hair Shampoo
Thread with TID = 138817459717824 read: Acne Treatment
Thread with TID = 138817057064640 read: Nail Polish
Thread with TID = 138817279362752 read: Body Mist
Thread with TID = 138817386317504 read: Lipstick
Thread with TID = 138817627489984 read: Lip Balm
Thread with TID = 138817554089664 read: Eyeshadow Palette
Thread with TID = 138817575061184 read: Foundation
Thread with TID = 138817700890304 read: Moisturizer
Thread with TID = 138817491175104 read: Peel-Off Mask
Thread with TID = 138817637975744 read: Epilator
Thread with TID = 138817289848512 read: Leave-In Conditioner
Thread with TID = 138817721861824 read: Cuticle Oil
Thread with TID = 138817396803264 read: Scrub
Thread with TID = 138817837205184 read: Nail Buffer
Thread with TID = 138817247905472 read: Concealer
Thread with TID = 138817900119744 read: Micellar Water
Thread with TID = 138817512146624 read: Beard Oil
Thread with TID = 138817648461504 read: Eye Cream
Thread with TID = 138817679918784 read: Beard Balm
Thread with TID = 138817543603904 read: Hair Mask
Thread with TID = 138817742833344 read: Sheet Mask
Thread with TID = 138817889633984 read: Clay Mask
Thread with TID = 138817564575424 read: Under-Eye Gel
Thread with TID = 138817585546944 read: Hair Spray
Thread with TID = 138817438746304 read: Exfoliator
Thread with TID = 138817617004224 read: Makeup Remover
Thread with TID = 138817046578880 read: Blush
Thread with TID = 138817258391232 read: Hair Dryer
Thread with TID = 138817428260544 read: Highlighter
Thread with TID = 138817732347584 read: Cuticle Cream
Thread with TID = 138817690404544 read: Comb
Thread with TID = 138817533118144 read: Body Lotion
Thread with TID = 138817501660864 read: Anti-Aging Cream
Thread with TID = 138817711376064 read: Hair Serum
Thread with TID = 138817470203584 read: Nail Strengthener
Thread with TID = 138817480689344 read: Toner
