Process PID: 11287
Thread with TID = 125316401989312 read: Hair Oil
Thread with TID = 125316391503552 read: Sunscreen
Thread with TID = 125316381017792 read: Essence
Thread with TID = 125316433446592 read: Hand Cream
Thread with TID = 125316412475072 read: CC Cream
Thread with TID = 125316250994368 read: Body Butter
Thread with TID = 125316230022848 read: Body Mist
Thread with TID = 125316271965888 read: Hair Conditioner
Thread with TID = 125316177594048 read: Under-Eye Gel
Thread with TID = 125316261480128 read: Cuticle Cream
Thread with TID = 125316167108288 read: Lip Balm
Thread with TID = 125316198565568 read: Epilator
Thread with TID = 125316240508608 read: Lip Liner
Thread with TID = 125316422960832 read: Hair Wax
Thread with TID = 125316370532032 read: Hair Dryer
Thread with TID = 125316219537088 read: Comb
Thread with TID = 125316209051328 read: Sheet Mask
Thread with TID = 125316188079808 read: Peel-Off Mask
Thread with TID = 125316156622528 read: Nail Strengthener
Thread with TID = 125316360046272 read: Hair Mousse
Thread with TID = 125315990947520 read: Acne Treatment
Thread with TID = 125316146136768 read: Foot Cream
Thread with TID = 125316125165248 read: Hair Straightener
Thread with TID = 125316135651008 read: Face Powder
Thread with TID = 125316114679488 read: Face Serum
Thread with TID = 125316093707968 read: Hair Gel
Thread with TID = 125316083222208 read: Heat Protection Spray
Thread with TID = 125315980461760 read: Lip Scrub
Thread with TID = 125315949004480 read: BB Cream
Thread with TID = 125316003530432 read: Body Lotion
Thread with TID = 125316104193728 read: Bronzer
Thread with TID = 125315959490240 read: Hair Serum
Thread with TID = 125315869312704 read: Blush
Thread with TID = 125315858826944 read: Eyeshadow Palette
Thread with TID = 125315848341184 read: Exfoliator
Thread with TID = 125315969976000 read: Detangler Spray
Thread with TID = 125315837855424 read: Dry Shampoo
Thread with TID = 125315827369664 read: Hair Mask
Thread with TID = 125315703637696 read: Hair Spray
Thread with TID = 125315816883904 read: Beard Oil
Thread with TID = 125315714123456 read: Clay Mask
Thread with TID = 125315693151936 read: Nail Buffer
Thread with TID = 125315682666176 read: Eyeliner
Thread with TID = 125315672180416 read: Moisturizer
Thread with TID = 125315661694656 read: Face Wash
Thread with TID = 125315651208896 read: Leave-In Conditioner
Thread with TID = 125315724609216 read: Perfume
Thread with TID = 125315735094976 read: Lip Gloss
Thread with TID = 125315640723136 read: Cuticle Oil
Thread with TID = 125315630237376 read: Concealer
Thread with TID = 125315609265856 read: Shaving Cream
Thread with TID = 125315619751616 read: Highlighter
Thread with TID = 125315598780096 read: Compact Powder
Thread with TID = 125315535865536 read: Aftershave Balm
Thread with TID = 125315577808576 read: Eye Cream
Thread with TID = 125315514894016 read: Face Mask
Thread with TID = 125315567322816 read: Beard Wash
Thread with TID = 125315556837056 read: Toner
Thread with TID = 125315546351296 read: Body Scrub
Thread with TID = 125315525379776 read: Nail Polish
Thread with TID = 125315588294336 read: Micellar Water
Thread with TID = 125315493922496 read: Hair Shampoo
Thread with TID = 125315451979456 read: Scrub
Thread with TID = 125315472950976 read: Hairbrush
Thread with TID = 125315504408256 read: Anti-Aging Cream
Thread with TID = 125315441493696 read: Lipstick
Thread with TID = 125315462465216 read: Beard Balm
Thread with TID = 125315431007936 read: Foundation
Thread with TID = 125315483436736 read: Mascara
Thread with TID = 125315420522176 read: Cleansing Oil
Thread with TID = 125315399550656 read: Hair Curler
Thread with TID = 125315410036416 read: Makeup Remover
