Process PID: 13464
Thread with TID = 134536354596544 read: CC Cream
Thread with TID = 134536323139264 read: Essence
Thread with TID = 134536344110784 read: Hair Oil
Thread with TID = 134536375568064 read: Hand Cream
Thread with TID = 134536312653504 read: Hair Dryer
Thread with TID = 134536239253184 read: Comb
Thread with TID = 134535889028800 read: Sheet Mask
Thread with TID = 134536291681984 read: Hair Conditioner
Thread with TID = 134536302167744 read: Hair Mousse
Thread with TID = 134536281196224 read: Cuticle Cream
Thread with TID = 134536365082304 read: Hair Wax
Thread with TID = 134536270710464 read: Body Butter
Thread with TID = 134535847085760 read: Lip Balm
Thread with TID = 134536249738944 read: Body Mist
Thread with TID = 134536260224704 read: Lip Liner
Thread with TID = 134535857571520 read: Under-Eye Gel
Thread with TID = 134535868057280 read: Peel-Off Mask
Thread with TID = 134535878543040 read: Epilator
Thread with TID = 134535702382272 read: Nail Strengthener
Thread with TID = 134536333625024 read: Sunscreen
Thread with TID = 134535733839552 read: Hair Straightener
Thread with TID = 134535836600000 read: Foot Cream
Thread with TID = 134535712868032 read: Bronzer
Thread with TID = 134535754811072 read: Face Powder
Thread with TID = 134535723353792 read: Face Serum
Thread with TID = 134535744325312 read: Acne Treatment
Thread with TID = 134535620593344 read: Hair Gel
Thread with TID = 134535610107584 read: Heat Protection Spray
Thread with TID = 134535568164544 read: Hair Serum
Thread with TID = 134535578650304 read: Detangler Spray
Thread with TID = 134535473792704 read: Perfume
Thread with TID = 134535536707264 read: Eyeshadow Palette
Thread with TID = 134535463306944 read: Clay Mask
Thread with TID = 134535442335424 read: Nail Buffer
Thread with TID = 134535452821184 read: Hair Spray
Thread with TID = 134535589136064 read: Lip Scrub
Thread with TID = 134535547193024 read: Blush
Thread with TID = 134535599621824 read: Body Lotion
Thread with TID = 134535557678784 read: BB Cream
Thread with TID = 134535515735744 read: Dry Shampoo
Thread with TID = 134535505249984 read: Hair Mask
Thread with TID = 134535494764224 read: Beard Oil
Thread with TID = 134535484278464 read: Lip Gloss
Thread with TID = 134535526221504 read: Exfoliator
Thread with TID = 134535431849664 read: Eyeliner
Thread with TID = 134535421363904 read: Moisturizer
Thread with TID = 134535389906624 read: Cuticle Oil
Thread with TID = 134535400392384 read: Leave-In Conditioner
Thread with TID = 134535379420864 read: Concealer
Thread with TID = 134535358449344 read: Shaving Cream
Thread with TID = 134535410878144 read: Face Wash
Thread with TID = 134535368935104 read: Highlighter
Thread with TID = 134535347963584 read: Compact Powder
Thread with TID = 134535337477824 read: Micellar Water
Thread with TID = 134535326992064 read: Eye Cream
Thread with TID = 134535285049024 read: Aftershave Balm
Thread with TID = 134535264077504 read: Face Mask
Thread with TID = 134535295534784 read: Body Scrub
Thread with TID = 134535253591744 read: Anti-Aging Cream
Thread with TID = 134535306020544 read: Toner
Thread with TID = 134535274563264 read: Nail Polish
Thread with TID = 134535316506304 read: Beard Wash
Thread with TID = 134535243105984 read: Hair Shampoo
Thread with TID = 134535222134464 read: Hairbrush
Thread with TID = 134535211648704 read: Beard Balm
Thread with TID = 134535201162944 read: Scrub
Thread with TID = 134535190677184 read: Lipstick
Thread with TID = 134535180191424 read: Foundation
Thread with TID = 134535232620224 read: Mascara
Thread with TID = 134535169705664 read: Cleansing Oil
Thread with TID = 134535159219904 read: Makeup Remover
Thread with TID = 134535148734144 read: Hair Curler
