Process PID: 15625
Thread with TID = 138243685222080 read: Hair Oil
Thread with TID = 138243695707840 read: CC Cream
Thread with TID = 138243664250560 read: Essence
Thread with TID = 138243519547072 read: Cuticle Cream
Thread with TID = 138243674736320 read: Sunscreen
Thread with TID = 138243653764800 read: Hair Dryer
Thread with TID = 138243716679360 read: Hand Cream
Thread with TID = 138243706193600 read: Hair Wax
Thread with TID = 138243643279040 read: Hair Mousse
Thread with TID = 138243632793280 read: Hair Conditioner
Thread with TID = 138243611821760 read: Lip Liner
Thread with TID = 138243601336000 read: Body Mist
Thread with TID = 138243622307520 read: Body Butter
Thread with TID = 138243509061312 read: Comb
Thread with TID = 138243498575552 read: Sheet Mask
Thread with TID = 138243488089792 read: Epilator
Thread with TID = 138243477604032 read: Peel-Off Mask
Thread with TID = 138243230140096 read: Hair Gel
Thread with TID = 138243209168576 read: Body Lotion
Thread with TID = 138243085436608 read: Blush
Thread with TID = 138243064465088 read: Exfoliator
Thread with TID = 138243053979328 read: Dry Shampoo
Thread with TID = 138243343386304 read: Acne Treatment
Thread with TID = 138243033007808 read: Beard Oil
Thread with TID = 138243022522048 read: Lip Gloss
Thread with TID = 138243251111616 read: Face Serum
Thread with TID = 138243467118272 read: Under-Eye Gel
Thread with TID = 138243012036288 read: Perfume
Thread with TID = 138243385329344 read: Lip Balm
Thread with TID = 138243240625856 read: Bronzer
Thread with TID = 138243374843584 read: Nail Strengthener
Thread with TID = 138243116893888 read: Detangler Spray
Thread with TID = 138243364357824 read: Foot Cream
Thread with TID = 138243106408128 read: Hair Serum
Thread with TID = 138243353872064 read: Face Powder
Thread with TID = 138243095922368 read: BB Cream
Thread with TID = 138243198682816 read: Lip Scrub
Thread with TID = 138243332900544 read: Hair Straightener
Thread with TID = 138243219654336 read: Heat Protection Spray
Thread with TID = 138243001550528 read: Clay Mask
Thread with TID = 138242991064768 read: Hair Spray
Thread with TID = 138242959607488 read: Moisturizer
Thread with TID = 138242938635968 read: Leave-In Conditioner
Thread with TID = 138243074950848 read: Eyeshadow Palette
Thread with TID = 138242980579008 read: Nail Buffer
Thread with TID = 138243043493568 read: Hair Mask
Thread with TID = 138242917664448 read: Concealer
Thread with TID = 138242970093248 read: Eyeliner
Thread with TID = 138242949121728 read: Face Wash
Thread with TID = 138242928150208 read: Cuticle Oil
Thread with TID = 138242907178688 read: Highlighter
Thread with TID = 138242886207168 read: Compact Powder
Thread with TID = 138242865235648 read: Eye Cream
Thread with TID = 138242896692928 read: Shaving Cream
Thread with TID = 138242844264128 read: Toner
Thread with TID = 138242854749888 read: Beard Wash
Thread with TID = 138242833778368 read: Body Scrub
Thread with TID = 138242823292608 read: Aftershave Balm
Thread with TID = 138242812806848 read: Nail Polish
Thread with TID = 138242802321088 read: Face Mask
Thread with TID = 138242791835328 read: Anti-Aging Cream
Thread with TID = 138242875721408 read: Micellar Water
Thread with TID = 138242781349568 read: Hair Shampoo
Thread with TID = 138242686977728 read: Hair Curler
Thread with TID = 138242770863808 read: Mascara
Thread with TID = 138242760378048 read: Hairbrush
Thread with TID = 138242749892288 read: Beard Balm
Thread with TID = 138242739406528 read: Scrub
Thread with TID = 138242728920768 read: Lipstick
Thread with TID = 138242718435008 read: Foundation
Thread with TID = 138242707949248 read: Cleansing Oil
Thread with TID = 138242697463488 read: Makeup Remover
