Process PID: 6231
Thread with TID = 125075932055232 read: Hand Cream
Thread with TID = 125075921569472 read: Hair Wax
Thread with TID = 125075820906176 read: Hair Oil
Thread with TID = 125075911083712 read: CC Cream
Thread with TID = 125075900597952 read: Sunscreen
Thread with TID = 125075810420416 read: Essence
Thread with TID = 125075789448896 read: Hair Mousse
Thread with TID = 125075768477376 read: Cuticle Cream
Thread with TID = 125075686688448 read: Body Butter
Thread with TID = 125075676202688 read: Lip Liner
Thread with TID = 125075799934656 read: Hair Dryer
Thread with TID = 125075778963136 read: Hair Conditioner
Thread with TID = 125075592316608 read: Nail Strengthener
Thread with TID = 125075634259648 read: Epilator
Thread with TID = 125075581830848 read: Foot Cream
Thread with TID = 125075602802368 read: Lip Balm
Thread with TID = 125075665716928 read: Body Mist
Thread with TID = 125075539887808 read: Face Serum
Thread with TID = 125075518916288 read: Hair Gel
Thread with TID = 125075476973248 read: Detangler Spray
Thread with TID = 125075487459008 read: Lip Scrub
Thread with TID = 125075644745408 read: Sheet Mask
Thread with TID = 125075529402048 read: Bronzer
Thread with TID = 125075655231168 read: Comb
Thread with TID = 125075319686848 read: Beard Oil
Thread with TID = 125075309201088 read: Lip Gloss
Thread with TID = 125075550373568 read: Hair Straightener
Thread with TID = 125075351144128 read: Exfoliator
Thread with TID = 125075466487488 read: Hair Serum
Thread with TID = 125075445515968 read: Blush
Thread with TID = 125075277743808 read: Hair Spray
Thread with TID = 125075256772288 read: Eyeliner
Thread with TID = 125075298715328 read: Perfume
Thread with TID = 125075435030208 read: Eyeshadow Palette
Thread with TID = 125075288229568 read: Clay Mask
Thread with TID = 125075267258048 read: Nail Buffer
Thread with TID = 125075235800768 read: Face Wash
Thread with TID = 125075225315008 read: Leave-In Conditioner
Thread with TID = 125075080611520 read: Cuticle Oil
Thread with TID = 125075059640000 read: Highlighter
Thread with TID = 125075049154240 read: Shaving Cream
Thread with TID = 125075070125760 read: Concealer
Thread with TID = 125075017696960 read: Eye Cream
Thread with TID = 125075456001728 read: BB Cream
Thread with TID = 125074996725440 read: Toner
Thread with TID = 125075623773888 read: Peel-Off Mask
Thread with TID = 125075340658368 read: Dry Shampoo
Thread with TID = 125075613288128 read: Under-Eye Gel
Thread with TID = 125075508430528 read: Heat Protection Spray
Thread with TID = 125075330172608 read: Hair Mask
Thread with TID = 125074923325120 read: Mascara
Thread with TID = 125074912839360 read: Hairbrush
Thread with TID = 125075007211200 read: Beard Wash
Thread with TID = 125075497944768 read: Body Lotion
Thread with TID = 125075246286528 read: Moisturizer
Thread with TID = 125074986239680 read: Body Scrub
Thread with TID = 125074933810880 read: Hair Shampoo
Thread with TID = 125074954782400 read: Face Mask
Thread with TID = 125074965268160 read: Nail Polish
Thread with TID = 125075038668480 read: Compact Powder
Thread with TID = 125075571345088 read: Face Powder
Thread with TID = 125075560859328 read: Acne Treatment
Thread with TID = 125075214829248 read: Foundation
Thread with TID = 125074944296640 read: Anti-Aging Cream
Thread with TID = 125075028182720 read: Micellar Water
Thread with TID = 125074891867840 read: Scrub
Thread with TID = 125074975753920 read: Aftershave Balm
Thread with TID = 125075183371968 read: Hair Curler
Thread with TID = 125075193857728 read: Makeup Remover
Thread with TID = 125074902353600 read: Beard Balm
Thread with TID = 125074881382080 read: Lipstick
Thread with TID = 125075204343488 read: Cleansing Oil
