Process PID: 18423
Thread with TID = 132214467593920 read: Hair Wax
Thread with TID = 132214457108160 read: CC Cream
Thread with TID = 132214478079680 read: Hand Cream
Thread with TID = 132214446622400 read: Hair Oil
Thread with TID = 132214436136640 read: Sunscreen
Thread with TID = 132214425650880 read: Essence
Thread with TID = 132214415165120 read: Hair Dryer
Thread with TID = 132214404679360 read: Hair Mousse
Thread with TID = 132214293530304 read: Lip Liner
Thread with TID = 132214324987584 read: Hair Conditioner
Thread with TID = 132214314501824 read: Cuticle Cream
Thread with TID = 132214304016064 read: Body Butter
Thread with TID = 132214272558784 read: Comb
Thread with TID = 132214180284096 read: Epilator
Thread with TID = 132214159312576 read: Under-Eye Gel
Thread with TID = 132214138341056 read: Nail Strengthener
Thread with TID = 132214190769856 read: Sheet Mask
Thread with TID = 132214148826816 read: Lip Balm
Thread with TID = 132214106883776 read: Acne Treatment
Thread with TID = 132214085912256 read: Face Serum
Thread with TID = 132214127855296 read: Foot Cream
Thread with TID = 132214075426496 read: Bronzer
Thread with TID = 132214283044544 read: Body Mist
Thread with TID = 132214117369536 read: Face Powder
Thread with TID = 132214096398016 read: Hair Straightener
Thread with TID = 132214064940736 read: Hair Gel
Thread with TID = 132213920237248 read: Heat Protection Spray
Thread with TID = 132214169798336 read: Peel-Off Mask
Thread with TID = 132214022997696 read: Hair Serum
Thread with TID = 132214043969216 read: Lip Scrub
Thread with TID = 132214054454976 read: Body Lotion
Thread with TID = 132214012511936 read: BB Cream
Thread with TID = 132213878294208 read: Hair Mask
Thread with TID = 132213867808448 read: Beard Oil
Thread with TID = 132213909751488 read: Eyeshadow Palette
Thread with TID = 132213846836928 read: Perfume
Thread with TID = 132213836351168 read: Clay Mask
Thread with TID = 132213899265728 read: Exfoliator
Thread with TID = 132214002026176 read: Blush
Thread with TID = 132214033483456 read: Detangler Spray
Thread with TID = 132213888779968 read: Dry Shampoo
Thread with TID = 132213857322688 read: Lip Gloss
Thread with TID = 132213815379648 read: Nail Buffer
Thread with TID = 132213825865408 read: Hair Spray
Thread with TID = 132213783922368 read: Face Wash
Thread with TID = 132213762950848 read: Cuticle Oil
Thread with TID = 132213773436608 read: Leave-In Conditioner
Thread with TID = 132213804893888 read: Eyeliner
Thread with TID = 132213741979328 read: Highlighter
Thread with TID = 132213794408128 read: Moisturizer
Thread with TID = 132213731493568 read: Shaving Cream
Thread with TID = 132213721007808 read: Compact Powder
Thread with TID = 132213752465088 read: Concealer
Thread with TID = 132213689550528 read: Beard Wash
Thread with TID = 132213679064768 read: Toner
Thread with TID = 132213710522048 read: Micellar Water
Thread with TID = 132213700036288 read: Eye Cream
Thread with TID = 132213668579008 read: Body Scrub
Thread with TID = 132213658093248 read: Aftershave Balm
Thread with TID = 132213637121728 read: Face Mask
Thread with TID = 132213626635968 read: Anti-Aging Cream
Thread with TID = 132213616150208 read: Hair Shampoo
Thread with TID = 132213647607488 read: Nail Polish
Thread with TID = 132213605664448 read: Mascara
Thread with TID = 132213553235648 read: Foundation
Thread with TID = 132213542749888 read: Cleansing Oil
Thread with TID = 132213595178688 read: Hairbrush
Thread with TID = 132213532264128 read: Makeup Remover
Thread with TID = 132213574207168 read: Scrub
Thread with TID = 132213584692928 read: Beard Balm
Thread with TID = 132213563721408 read: Lipstick
Thread with TID = 132213521778368 read: Hair Curler
