Process PID: 14939
Thread with TID = 131712342296256 read: Mascara
Thread with TID = 131712279381696 read: Detangler Spray
Thread with TID = 131712384239296 read: Hair Curler
Thread with TID = 131712352782016 read: Shaving Cream
Thread with TID = 131712373753536 read: Dry Shampoo
Thread with TID = 131712363267776 read: Hair Oil
Thread with TID = 131712321324736 read: Lip Liner
Thread with TID = 131712258410176 read: Hair Shampoo
Thread with TID = 131712394725056 read: Essence
Thread with TID = 131712310838976 read: Micellar Water
Thread with TID = 131712268895936 read: BB Cream
Thread with TID = 131712331810496 read: Bronzer
Thread with TID = 131712300353216 read: Clay Mask
Thread with TID = 131712405210816 read: Cleansing Oil
Thread with TID = 131712289867456 read: Face Mask
Thread with TID = 131712237438656 read: Sunscreen
Thread with TID = 131712216467136 read: Face Serum
Thread with TID = 131712226952896 read: Hairbrush
Thread with TID = 131712205981376 read: Lip Scrub
Thread with TID = 131712247924416 read: Nail Buffer
Thread with TID = 131710874289856 read: Leave-In Conditioner
Thread with TID = 131711446812352 read: CC Cream
Thread with TID = 131711679596224 read: Makeup Remover
Thread with TID = 131711648138944 read: Hair Spray
Thread with TID = 131711669110464 read: Eyeliner
Thread with TID = 131711828494016 read: Lip Balm
Thread with TID = 131711849465536 read: Eye Cream
Thread with TID = 131712029820608 read: Comb
Thread with TID = 131711870437056 read: Body Scrub
Thread with TID = 131711880922816 read: Beard Balm
Thread with TID = 131712050792128 read: Hair Serum
Thread with TID = 131711457298112 read: Body Lotion
Thread with TID = 131711838979776 read: Epilator
Thread with TID = 131711425840832 read: Anti-Aging Cream
Thread with TID = 131711637653184 read: Foundation
Thread with TID = 131712185009856 read: Perfume
Thread with TID = 131712061277888 read: Cuticle Oil
Thread with TID = 131711658624704 read: Beard Wash
Thread with TID = 131712082249408 read: Sheet Mask
Thread with TID = 131711436326592 read: Beard Oil
Thread with TID = 131711276943040 read: Peel-Off Mask
Thread with TID = 131711266457280 read: Toner
Thread with TID = 131711859951296 read: Face Wash
Thread with TID = 131711467783872 read: Hair Mask
Thread with TID = 131711478269632 read: Eyeshadow Palette
Thread with TID = 131711224514240 read: Exfoliator
Thread with TID = 131712164038336 read: Lip Gloss
Thread with TID = 131712071763648 read: Cuticle Cream
Thread with TID = 131712195495616 read: Face Powder
Thread with TID = 131712174524096 read: Heat Protection Spray
Thread with TID = 131710620534464 read: Hair Gel
Thread with TID = 131711235000000 read: Compact Powder
Thread with TID = 131711044159168 read: Scrub
Thread with TID = 131710832346816 read: Concealer
Thread with TID = 131711054644928 read: Aftershave Balm
Thread with TID = 131710853318336 read: Hair Mousse
Thread with TID = 131711075616448 read: Highlighter
Thread with TID = 131710631020224 read: Blush
Thread with TID = 131711023187648 read: Foot Cream
Thread with TID = 131711255971520 read: Nail Strengthener
Thread with TID = 131711245485760 read: Acne Treatment
Thread with TID = 131710672963264 read: Hair Conditioner
Thread with TID = 131711065130688 read: Hair Wax
Thread with TID = 131711033673408 read: Lipstick
Thread with TID = 131710863804096 read: Body Mist
Thread with TID = 131710842832576 read: Hair Dryer
Thread with TID = 131710821861056 read: Hair Straightener
Thread with TID = 131710662477504 read: Hand Cream
Thread with TID = 131710651991744 read: Body Butter
Thread with TID = 131710641505984 read: Nail Polish
Thread with TID = 131711627167424 read: Under-Eye Gel
Thread with TID = 131712040306368 read: Moisturizer
