Process PID: 34235
Thread with TID = 140737305904832 read: Sunscreen
Thread with TID = 140737347847872 read: Hand Cream
Thread with TID = 140737326876352 read: CC Cream
Thread with TID = 140737150715584 read: Body Mist
Thread with TID = 140737316390592 read: Hair Oil
Thread with TID = 140737263961792 read: Hair Conditioner
Thread with TID = 140737337362112 read: Hair Wax
Thread with TID = 140737295419072 read: Essence
Thread with TID = 140737284933312       (read and found): ((Hair Dryer))
Thread with TID = 140737140229824 read: Comb
Thread with TID = 140737274447552 read: Hair Mousse
Thread with TID = 140737242990272       (read and found): ((Body Butter))
Thread with TID = 140737232504512 read: Lip Liner
Thread with TID = 140737253476032 read: Cuticle Cream
Thread with TID = 140737129744064 read: Sheet Mask
Thread with TID = 140737108772544 read: Peel-Off Mask
Thread with TID = 140737016497856 read: Lip Balm
Thread with TID = 140736974554816 read: Acne Treatment
Thread with TID = 140737098286784 read: Under-Eye Gel
Thread with TID = 140736964069056 read: Hair Straightener
Thread with TID = 140736850822848 read: Heat Protection Spray
Thread with TID = 140737119258304 read: Epilator
Thread with TID = 140736882280128 read: Face Serum
Thread with TID = 140736871794368 read: Bronzer
Thread with TID = 140736861308608 read: Hair Gel
Thread with TID = 140736829851328 read: Lip Scrub
Thread with TID = 140736985040576 read: Face Powder
Thread with TID = 140736840337088 read: Body Lotion
Thread with TID = 140737006012096 read: Nail Strengthener
Thread with TID = 140736995526336 read: Foot Cream
Thread with TID = 140736748062400 read: Detangler Spray
Thread with TID = 140736737576640 read: Hair Serum
Thread with TID = 140736727090880 read: BB Cream
Thread with TID = 140736716605120 read: Blush
Thread with TID = 140736695633600 read: Exfoliator
Thread with TID = 140736706119360 read: Eyeshadow Palette
Thread with TID = 140736664176320 read: Beard Oil
Thread with TID = 140736622233280 read: Hair Spray
Thread with TID = 140736632719040 read: Clay Mask
Thread with TID = 140736643204800 read: Perfume
Thread with TID = 140736601261760 read: Eyeliner
Thread with TID = 140736653690560 read: Lip Gloss
Thread with TID = 140736590776000 read: Moisturizer
Thread with TID = 140736569804480 read: Leave-In Conditioner
Thread with TID = 140736580290240 read: Face Wash
Thread with TID = 140736674662080 read: Hair Mask
Thread with TID = 140736685147840 read: Dry Shampoo
Thread with TID = 140736611747520 read: Nail Buffer
Thread with TID = 140736517375680 read: Compact Powder
Thread with TID = 140736559318720 read: Cuticle Oil
Thread with TID = 140736454461120 read: Aftershave Balm
Thread with TID = 140736475432640 read: Toner
Thread with TID = 140736485918400 read: Beard Wash
Thread with TID = 140736443975360 read: Nail Polish
Thread with TID = 140736506889920 read: Micellar Water
Thread with TID = 140736423003840 read: Anti-Aging Cream
Thread with TID = 140736464946880 read: Body Scrub
Thread with TID = 140736548832960 read: Concealer
Thread with TID = 140736538347200 read: Highlighter
Thread with TID = 140736527861440       (read and found): ((Shaving Cream))
Thread with TID = 140736496404160 read: Eye Cream
Thread with TID = 140736433489600 read: Face Mask
Thread with TID = 140736412518080 read: Hair Shampoo
Thread with TID = 140736402032320 read: Mascara
Thread with TID = 140736391546560 read: Hairbrush
Thread with TID = 140736339117760 read: Cleansing Oil
Thread with TID = 140736381060800 read: Beard Balm
Thread with TID = 140736370575040 read: Scrub
Thread with TID = 140736318146240 read: Hair Curler
Thread with TID = 140736360089280       (read and found): ((Lipstick))
Thread with TID = 140736349603520 read: Foundation
Thread with TID = 140736328632000 read: Makeup Remover
