Process PID: 123960
Thread with TID = 140737347847872 read: Hand Cream
Thread with TID = 140737326876352 read: CC Cream
Thread with TID = 140737284933312 read: Hair Dryer
Thread with TID = 140737295419072 read: Essence
Thread with TID = 140737337362112 read: Hair Wax
Thread with TID = 140737316390592 read: Hair Oil
Thread with TID = 140737274447552 read: Hair Mousse
Thread with TID = 140737263961792 read: Hair Conditioner
Thread with TID = 140736278300352 read: Detangler Spray
Thread with TID = 140736267814592 read: Hair Serum
Thread with TID = 140736374769344 read: Body Lotion
Thread with TID = 140736364283584 read: Lip Scrub
Thread with TID = 140737242990272 read: Body Butter
Thread with TID = 140736246843072 read: Blush
Thread with TID = 140737305904832 read: Sunscreen
Thread with TID = 140736066488000 read: Hair Mask
Thread with TID = 140737140229824 read: Comb
Thread with TID = 140736236357312 read: Eyeshadow Palette
Thread with TID = 140736056002240 read: Beard Oil
Thread with TID = 140736225871552 read: Exfoliator
Thread with TID = 140736045516480 read: Lip Gloss
Thread with TID = 140737108772544 read: Peel-Off Mask
Thread with TID = 140736385255104 read: Heat Protection Spray
Thread with TID = 140737253476032 read: Cuticle Cream
Thread with TID = 140736458655424 read: Foot Cream
Thread with TID = 140736469141184 read: Nail Strengthener
Thread with TID = 140736437683904 read: Acne Treatment
Thread with TID = 140736448169664 read: Face Powder
Thread with TID = 140736427198144 read: Hair Straightener
Thread with TID = 140736416712384 read: Face Serum
Thread with TID = 140736406226624 read: Bronzer
Thread with TID = 140737119258304 read: Epilator
Thread with TID = 140736479626944 read: Lip Balm
Thread with TID = 140737232504512 read: Lip Liner
Thread with TID = 140737129744064 read: Sheet Mask
Thread with TID = 140736076973760 read: Dry Shampoo
Thread with TID = 140737150715584 read: Body Mist
Thread with TID = 140736035030720 read: Perfume
Thread with TID = 140736257328832 read: BB Cream
Thread with TID = 140737098286784 read: Under-Eye Gel
Thread with TID = 140735921784512 read: Eyeliner
Thread with TID = 140735911298752 read: Moisturizer
Thread with TID = 140736024544960 read: Clay Mask
Thread with TID = 140735900812992 read: Face Wash
Thread with TID = 140735787566784 read: Highlighter
Thread with TID = 140736395740864 read: Hair Gel
Thread with TID = 140735674320576 read: Eye Cream
Thread with TID = 140735756109504 read: Micellar Water
Thread with TID = 140735642863296 read: Body Scrub
Thread with TID = 140735621891776 read: Nail Polish
Thread with TID = 140735519131328 read: Hair Shampoo
Thread with TID = 140735498159808 read: Hairbrush
Thread with TID = 140735395399360 read: Lipstick
Thread with TID = 140735540102848 read: Face Mask
Thread with TID = 140735405885120 read: Scrub
Thread with TID = 140735508645568 read: Mascara
Thread with TID = 140735384913600 read: Foundation
Thread with TID = 140735374427840 read: Cleansing Oil
Thread with TID = 140735487674048 read: Beard Balm
Thread with TID = 140735942756032 read: Hair Spray
Thread with TID = 140735777081024 read: Shaving Cream
Thread with TID = 140735529617088 read: Anti-Aging Cream
Thread with TID = 140735663834816 read: Beard Wash
Thread with TID = 140735766595264 read: Compact Powder
Thread with TID = 140735808538304 read: Cuticle Oil
Thread with TID = 140735798052544 read: Concealer
Thread with TID = 140735653349056 read: Toner
Thread with TID = 140735890327232 read: Leave-In Conditioner
Thread with TID = 140735632377536 read: Aftershave Balm
Thread with TID = 140735363942080 read: Makeup Remover
Thread with TID = 140735932270272 read: Nail Buffer
Thread with TID = 140735353456320 read: Hair Curler
