Process PID: 30276
Thread with TID = 138794080667328 read: Hair Mousse
Thread with TID = 138794070181568 read: Hair Conditioner
Thread with TID = 138794038724288 read: Lip Liner
Thread with TID = 138794154067648 read: Hand Cream
Thread with TID = 138794112124608 read: Sunscreen
Thread with TID = 138794143581888 read: Hair Wax
Thread with TID = 138794091153088 read: Hair Dryer
Thread with TID = 138794028238528 read: Body Mist
Thread with TID = 138793946449600 read: Comb
Thread with TID = 138793935963840 read: Sheet Mask
Thread with TID = 138794133096128 read: CC Cream
Thread with TID = 138794122610368 read: Hair Oil
Thread with TID = 138794101638848 read: Essence
Thread with TID = 138794059695808 read: Cuticle Cream
Thread with TID = 138794049210048 read: Body Butter
Thread with TID = 138793925478080 read: Epilator
Thread with TID = 138793883535040 read: Nail Strengthener
Thread with TID = 138793894020800 read: Lip Balm
Thread with TID = 138793904506560 read: Under-Eye Gel
Thread with TID = 138793914992320 read: Peel-Off Mask
Thread with TID = 138793862563520 read: Face Powder
Thread with TID = 138793841592000 read: Hair Straightener
Thread with TID = 138793810134720 read: Hair Gel
Thread with TID = 138793789163200 read: Body Lotion
Thread with TID = 138793831106240 read: Face Serum
Thread with TID = 138793799648960 read: Heat Protection Spray
Thread with TID = 138793820620480 read: Bronzer
Thread with TID = 138793873049280 read: Foot Cream
Thread with TID = 138793852077760 read: Acne Treatment
Thread with TID = 138793768191680 read: Detangler Spray
Thread with TID = 138793778677440 read: Lip Scrub
Thread with TID = 138793667528384 read: Blush
Thread with TID = 138793757705920 read: Hair Serum
Thread with TID = 138793657042624 read: Eyeshadow Palette
Thread with TID = 138793678014144 read: BB Cream
Thread with TID = 138793625585344 read: Hair Mask
Thread with TID = 138793533310656 read: Lip Gloss
Thread with TID = 138793522824896 read: Perfume
Thread with TID = 138793636071104 read: Dry Shampoo
Thread with TID = 138793417967296 read: Highlighter
Thread with TID = 138793543796416 read: Beard Oil
Thread with TID = 138793386510016 read: Micellar Water
Thread with TID = 138793396995776 read: Compact Powder
Thread with TID = 138793501853376 read: Hair Spray
Thread with TID = 138793376024256 read: Eye Cream
Thread with TID = 138793646556864 read: Exfoliator
Thread with TID = 138793355052736 read: Toner
Thread with TID = 138793438938816 read: Cuticle Oil
Thread with TID = 138793480881856 read: Eyeliner
Thread with TID = 138793449424576 read: Leave-In Conditioner
Thread with TID = 138793512339136 read: Clay Mask
Thread with TID = 138793365538496 read: Beard Wash
Thread with TID = 138793323595456 read: Nail Polish
Thread with TID = 138793313109696 read: Face Mask
Thread with TID = 138793302623936 read: Anti-Aging Cream
Thread with TID = 138793344566976 read: Body Scrub
Thread with TID = 138793491367616 read: Nail Buffer
Thread with TID = 138793470396096 read: Moisturizer
Thread with TID = 138793459910336 read: Face Wash
Thread with TID = 138793334081216 read: Aftershave Balm
Thread with TID = 138793407481536 read: Shaving Cream
Thread with TID = 138793197766336 read: Hairbrush
Thread with TID = 138793187280576 read: Beard Balm
Thread with TID = 138793292138176 read: Hair Shampoo
Thread with TID = 138793208252096 read: Mascara
Thread with TID = 138793428453056 read: Concealer
Thread with TID = 138793166309056 read: Lipstick
Thread with TID = 138793074034368 read: Cleansing Oil
Thread with TID = 138793063548608 read: Makeup Remover
Thread with TID = 138793176794816 read: Scrub
Thread with TID = 138793053062848 read: Hair Curler
Thread with TID = 138793155823296 read: Foundation
