Process PID: 26980
Thread with TID = 123280583296704 read: Hand Cream
Thread with TID = 123280572810944 read: Hair Wax
Thread with TID = 123280562325184 read: CC Cream
Thread with TID = 123280415524544 read: Cuticle Cream
Thread with TID = 123280551839424 read: Hair Oil
Thread with TID = 123280373581504 read: Comb
Thread with TID = 123280405038784 read: Body Butter
Thread with TID = 123280384067264 read: Body Mist
Thread with TID = 123280541353664 read: Sunscreen
Thread with TID = 123280457467584 read: Essence
Thread with TID = 123280352609984 read: Epilator
Thread with TID = 123280342124224 read: Peel-Off Mask
Thread with TID = 123280394553024 read: Lip Liner
Thread with TID = 123280256140992 read: Under-Eye Gel
Thread with TID = 123280426010304 read: Hair Conditioner
Thread with TID = 123280446981824 read: Hair Dryer
Thread with TID = 123280436496064 read: Hair Mousse
Thread with TID = 123280363095744 read: Sheet Mask
Thread with TID = 123280245655232 read: Lip Balm
Thread with TID = 123280235169472 read: Nail Strengthener
Thread with TID = 123280203712192 read: Acne Treatment
Thread with TID = 123280214197952 read: Face Powder
Thread with TID = 123280224683712 read: Foot Cream
Thread with TID = 123280172254912 read: Bronzer
Thread with TID = 123280161769152 read: Hair Gel
Thread with TID = 123280193226432 read: Hair Straightener
Thread with TID = 123280182740672 read: Face Serum
Thread with TID = 123280151283392 read: Heat Protection Spray
Thread with TID = 123280140797632 read: Body Lotion
Thread with TID = 123280130311872 read: Lip Scrub
Thread with TID = 123280109340352 read: Hair Serum
Thread with TID = 123280119826112 read: Detangler Spray
Thread with TID = 123280077883072 read: Eyeshadow Palette
Thread with TID = 123280035940032 read: Beard Oil
Thread with TID = 123279993996992 read: Hair Spray
Thread with TID = 123280098854592 read: BB Cream
Thread with TID = 123279962539712 read: Moisturizer
Thread with TID = 123280067397312 read: Exfoliator
Thread with TID = 123280004482752 read: Clay Mask
Thread with TID = 123279920596672 read: Concealer
Thread with TID = 123280046425792 read: Hair Mask
Thread with TID = 123279983511232 read: Nail Buffer
Thread with TID = 123279973025472 read: Eyeliner
Thread with TID = 123280014968512 read: Perfume
Thread with TID = 123279889139392 read: Compact Powder
Thread with TID = 123280056911552 read: Dry Shampoo
Thread with TID = 123279931082432 read: Cuticle Oil
Thread with TID = 123279952053952 read: Face Wash
Thread with TID = 123280088368832 read: Blush
Thread with TID = 123279910110912 read: Highlighter
Thread with TID = 123279878653632 read: Micellar Water
Thread with TID = 123279868167872 read: Eye Cream
Thread with TID = 123279899625152 read: Shaving Cream
Thread with TID = 123279941568192 read: Leave-In Conditioner
Thread with TID = 123279719270080 read: Beard Wash
Thread with TID = 123279687812800 read: Aftershave Balm
Thread with TID = 123279677327040 read: Nail Polish
Thread with TID = 123280025454272 read: Lip Gloss
Thread with TID = 123279666841280 read: Face Mask
Thread with TID = 123279708784320 read: Toner
Thread with TID = 123279543109312 read: Beard Balm
Thread with TID = 123279585052352 read: Anti-Aging Cream
Thread with TID = 123279698298560 read: Body Scrub
Thread with TID = 123279564080832 read: Mascara
Thread with TID = 123279574566592 read: Hair Shampoo
Thread with TID = 123279553595072 read: Hairbrush
Thread with TID = 123279532623552 read: Scrub
Thread with TID = 123279316616896 read: Lipstick
Thread with TID = 123279306131136 read: Foundation
Thread with TID = 123279295645376 read: Cleansing Oil
Thread with TID = 123279285159616 read: Makeup Remover
Thread with TID = 123279274673856 read: Hair Curler
