Process PID: 32245
Thread with TID = 133257607775936 read: Hand Cream
Thread with TID = 133257586804416 read: CC Cream
Thread with TID = 133257576318656 read: Hair Oil
Thread with TID = 133257565832896 read: Sunscreen
Thread with TID = 133257555347136 read: Essence
Thread with TID = 133257597290176 read: Hair Wax
Thread with TID = 133257465169600 read: Hair Mousse
Thread with TID = 133257544861376 read: Hair Dryer
Thread with TID = 133257444198080 read: Cuticle Cream
Thread with TID = 133257433712320 read: Body Butter
Thread with TID = 133257423226560 read: Lip Liner
Thread with TID = 133257454683840 read: Hair Conditioner
Thread with TID = 133257330951872 read: Comb
Thread with TID = 133257412740800 read: Body Mist
Thread with TID = 133257320466112 read: Sheet Mask
Thread with TID = 133257309980352 read: Epilator
Thread with TID = 133257236580032 read: Acne Treatment
Thread with TID = 133257226094272 read: Hair Straightener
Thread with TID = 133257215608512 read: Face Serum
Thread with TID = 133257194636992 read: Hair Gel
Thread with TID = 133257289008832 read: Under-Eye Gel
Thread with TID = 133257205122752 read: Bronzer
Thread with TID = 133257299494592 read: Peel-Off Mask
Thread with TID = 133257278523072 read: Lip Balm
Thread with TID = 133257268037312 read: Nail Strengthener
Thread with TID = 133257257551552 read: Foot Cream
Thread with TID = 133257247065792 read: Face Powder
Thread with TID = 133257152693952 read: Detangler Spray
Thread with TID = 133257142208192 read: Hair Serum
Thread with TID = 133257110750912 read: Eyeshadow Palette
Thread with TID = 133257131722432 read: BB Cream
Thread with TID = 133257121236672 read: Blush
Thread with TID = 133257184151232 read: Heat Protection Spray
Thread with TID = 133257173665472 read: Body Lotion
Thread with TID = 133257100265152 read: Exfoliator
Thread with TID = 133257163179712 read: Lip Scrub
Thread with TID = 133257089779392 read: Dry Shampoo
Thread with TID = 133257058322112 read: Lip Gloss
Thread with TID = 133257016379072 read: Nail Buffer
Thread with TID = 133257047836352 read: Perfume
Thread with TID = 133257005893312 read: Eyeliner
Thread with TID = 133257037350592 read: Clay Mask
Thread with TID = 133257079293632 read: Hair Mask
Thread with TID = 133257068807872 read: Beard Oil
Thread with TID = 133256995407552 read: Moisturizer
Thread with TID = 133256974436032 read: Leave-In Conditioner
Thread with TID = 133257026864832 read: Hair Spray
Thread with TID = 133256984921792 read: Face Wash
Thread with TID = 133256953464512 read: Concealer
Thread with TID = 133256963950272 read: Cuticle Oil
Thread with TID = 133256942978752 read: Highlighter
Thread with TID = 133256932492992 read: Shaving Cream
Thread with TID = 133256922007232 read: Compact Powder
Thread with TID = 133256911521472 read: Micellar Water
Thread with TID = 133256848606912 read: Nail Polish
Thread with TID = 133256880064192 read: Toner
Thread with TID = 133256890549952 read: Beard Wash
Thread with TID = 133256901035712 read: Eye Cream
Thread with TID = 133256827635392 read: Anti-Aging Cream
Thread with TID = 133256869578432 read: Body Scrub
Thread with TID = 133256838121152 read: Face Mask
Thread with TID = 133256817149632 read: Hair Shampoo
Thread with TID = 133256859092672 read: Aftershave Balm
Thread with TID = 133256806663872 read: Mascara
Thread with TID = 133256796178112 read: Hairbrush
Thread with TID = 133256697611968 read: Lipstick
Thread with TID = 133256785692352 read: Beard Balm
Thread with TID = 133256775206592 read: Foundation
Thread with TID = 133256708097728 read: Scrub
Thread with TID = 133256764720832 read: Cleansing Oil
Thread with TID = 133256754235072 read: Makeup Remover
Thread with TID = 133256743749312 read: Hair Curler
