Process PID: 24761
Thread with TID = 140737284933312 read: Hair Dryer
Thread with TID = 140737295419072 read: Essence
Thread with TID = 140737274447552 read: Hair Mousse
Thread with TID = 140737305904832 read: Sunscreen
Thread with TID = 140737150715584 read: Hair Conditioner
Thread with TID = 140737347847872 read: Hand Cream
Thread with TID = 140737263961792 read: Cuticle Cream
Thread with TID = 140737326876352 read: CC Cream
Thread with TID = 140737316390592 read: Hair Oil
Thread with TID = 140737337362112 read: Hair Wax
Thread with TID = 140737253476032 read: Body Butter
Thread with TID = 140737242990272 read: Lip Liner
Thread with TID = 140737140229824 read: Comb
Thread with TID = 140737119258304 read: Epilator
Thread with TID = 140737232504512 read: Body Mist
Thread with TID = 140737129744064 read: Sheet Mask
Thread with TID = 140737108772544 read: Peel-Off Mask
Thread with TID = 140737098286784 read: Under-Eye Gel
Thread with TID = 140737006012096 read: Nail Strengthener
Thread with TID = 140736964069056 read: Hair Straightener
Thread with TID = 140736995526336 read: Foot Cream
Thread with TID = 140736974554816 read: Acne Treatment
Thread with TID = 140736953583296 read: Face Serum
Thread with TID = 140736943097536 read: Bronzer
Thread with TID = 140736985040576 read: Face Powder
Thread with TID = 140737016497856 read: Lip Balm
Thread with TID = 140736901154496 read: Lip Scrub
Thread with TID = 140736922126016 read: Heat Protection Spray
Thread with TID = 140736890668736 read: Detangler Spray
Thread with TID = 140736880182976 read: Hair Serum
Thread with TID = 140736859211456 read: Blush
Thread with TID = 140736869697216 read: BB Cream
Thread with TID = 140736932611776 read: Hair Gel
Thread with TID = 140736838239936 read: Exfoliator
Thread with TID = 140736848725696 read: Eyeshadow Palette
Thread with TID = 140736911640256 read: Body Lotion
Thread with TID = 140736716605120 read: Perfume
Thread with TID = 140736737576640 read: Beard Oil
Thread with TID = 140736695633600 read: Hair Spray
Thread with TID = 140736706119360 read: Clay Mask
Thread with TID = 140736632719040 read: Cuticle Oil
Thread with TID = 140736611747520 read: Highlighter
Thread with TID = 140736748062400 read: Hair Mask
Thread with TID = 140736827754176 read: Dry Shampoo
Thread with TID = 140736727090880 read: Lip Gloss
Thread with TID = 140736685147840 read: Nail Buffer
Thread with TID = 140736664176320 read: Moisturizer
Thread with TID = 140736622233280 read: Concealer
Thread with TID = 140736643204800 read: Leave-In Conditioner
Thread with TID = 140736653690560 read: Face Wash
Thread with TID = 140736674662080 read: Eyeliner
Thread with TID = 140736601261760 read: Shaving Cream
Thread with TID = 140736580290240 read: Micellar Water
Thread with TID = 140736559318720 read: Beard Wash
Thread with TID = 140736590776000 read: Compact Powder
Thread with TID = 140736569804480 read: Eye Cream
Thread with TID = 140736538347200 read: Body Scrub
Thread with TID = 140736485918400 read: Hair Shampoo
Thread with TID = 140736402032320 read: Makeup Remover
Thread with TID = 140736391546560 read: Hair Curler
Thread with TID = 140736506889920 read: Face Mask
Thread with TID = 140736548832960 read: Toner
Thread with TID = 140736475432640 read: Mascara
Thread with TID = 140736496404160 read: Anti-Aging Cream
Thread with TID = 140736464946880 read: Hairbrush
Thread with TID = 140736527861440 read: Aftershave Balm
Thread with TID = 140736517375680 read: Nail Polish
Thread with TID = 140736454461120 read: Beard Balm
Thread with TID = 140736443975360 read: Scrub
Thread with TID = 140736423003840 read: Foundation
Thread with TID = 140736412518080 read: Cleansing Oil
Thread with TID = 140736433489600 read: Lipstick
