Process PID: 13659
Thread with TID = 140737347847872 read: Hand Cream
Thread with TID = 140737337362112 read: Hair Wax
Thread with TID = 140737316390592 read: Hair Oil
Thread with TID = 140737326876352 read: CC Cream
Thread with TID = 140737305904832 read: Sunscreen
Thread with TID = 140737196852928 read: Hair Mousse
Thread with TID = 140737217824448 read: Essence
Thread with TID = 140737154909888 read: Lip Liner
Thread with TID = 140737175881408 read: Cuticle Cream
Thread with TID = 140737207338688 read: Hair Dryer
Thread with TID = 140737186367168 read: Hair Conditioner
Thread with TID = 140737144424128 read: Body Mist
Thread with TID = 140737123452608 read: Sheet Mask
Thread with TID = 140737165395648 read: Body Butter
Thread with TID = 140737133938368 read: Comb
Thread with TID = 140736995526336 read: Nail Strengthener
Thread with TID = 140737016497856 read: Under-Eye Gel
Thread with TID = 140737102481088 read: Peel-Off Mask
Thread with TID = 140737006012096 read: Lip Balm
Thread with TID = 140736985040576 read: Foot Cream
Thread with TID = 140736943097536 read: Face Serum
Thread with TID = 140736922126016 read: Hair Gel
Thread with TID = 140737112966848 read: Epilator
Thread with TID = 140736901154496 read: Body Lotion
Thread with TID = 140736859211456 read: BB Cream
Thread with TID = 140736796296896 read: Beard Oil
Thread with TID = 140736817268416 read: Dry Shampoo
Thread with TID = 140736880182976 read: Detangler Spray
Thread with TID = 140736974554816 read: Face Powder
Thread with TID = 140736964069056 read: Acne Treatment
Thread with TID = 140736869697216 read: Hair Serum
Thread with TID = 140736953583296 read: Hair Straightener
Thread with TID = 140736827754176 read: Exfoliator
Thread with TID = 140736806782656 read: Hair Mask
Thread with TID = 140736932611776 read: Bronzer
Thread with TID = 140736911640256 read: Heat Protection Spray
Thread with TID = 140736659982016 read: Eyeliner
Thread with TID = 140736360089280 read: Micellar Water
Thread with TID = 140736785811136 read: Lip Gloss
Thread with TID = 140736381060800 read: Shaving Cream
Thread with TID = 140736370575040 read: Compact Powder
Thread with TID = 140736649496256 read: Moisturizer
Thread with TID = 140736764839616 read: Clay Mask
Thread with TID = 140736318146240 read: Body Scrub
Thread with TID = 140736680953536 read: Hair Spray
Thread with TID = 140736391546560 read: Highlighter
Thread with TID = 140736639010496 read: Face Wash
Thread with TID = 140736670467776 read: Nail Buffer
Thread with TID = 140736628524736 read: Leave-In Conditioner
Thread with TID = 140736349603520 read: Eye Cream
Thread with TID = 140736234260160 read: Beard Balm
Thread with TID = 140736339117760 read: Beard Wash
Thread with TID = 140736286688960 read: Face Mask
Thread with TID = 140736890668736 read: Lip Scrub
Thread with TID = 140736276203200 read: Anti-Aging Cream
Thread with TID = 140736848725696 read: Blush
Thread with TID = 140736328632000 read: Toner
Thread with TID = 140736402032320 read: Concealer
Thread with TID = 140736412518080 read: Cuticle Oil
Thread with TID = 140736775325376 read: Perfume
Thread with TID = 140736244745920 read: Hairbrush
Thread with TID = 140736265717440 read: Hair Shampoo
Thread with TID = 140736255231680 read: Mascara
Thread with TID = 140736307660480 read: Aftershave Balm
Thread with TID = 140736297174720 read: Nail Polish
Thread with TID = 140736546735808 read: Scrub
Thread with TID = 140736536250048 read: Lipstick
Thread with TID = 140736525764288 read: Foundation
Thread with TID = 140736515278528 read: Cleansing Oil
Thread with TID = 140736494307008 read: Hair Curler
Thread with TID = 140736504792768 read: Makeup Remover
Thread with TID = 140736838239936 read: Eyeshadow Palette
