Process PID: 18588
Thread with TID = 124191005214400 read: Hand Cream
Thread with TID = 124190984242880 read: CC Cream
Thread with TID = 124190994728640 read: Hair Wax
Thread with TID = 124190839539392 read: Hair Oil
Thread with TID = 124190952785600 read: Hair Dryer
Thread with TID = 124190942299840 read: Hair Mousse
Thread with TID = 124190829053632 read: Cuticle Cream
Thread with TID = 124190818567872 read: Body Butter
Thread with TID = 124190973757120 read: Sunscreen
Thread with TID = 124190776624832 read: Sheet Mask
Thread with TID = 124190963271360 read: Essence
Thread with TID = 124190631921344 read: Epilator
Thread with TID = 124190797596352 read: Body Mist
Thread with TID = 124190589978304 read: Face Powder
Thread with TID = 124190787110592 read: Comb
Thread with TID = 124190485120704 read: Hair Serum
Thread with TID = 124190808082112 read: Lip Liner
Thread with TID = 124190495606464 read: Detangler Spray
Thread with TID = 124190569006784 read: Hair Straightener
Thread with TID = 124190856316608 read: Hair Conditioner
Thread with TID = 124190516577984 read: Body Lotion
Thread with TID = 124190654990016 read: Peel-Off Mask
Thread with TID = 124190600464064 read: Foot Cream
Thread with TID = 124190220879552 read: Face Wash
Thread with TID = 124190376068800 read: Beard Oil
Thread with TID = 124190199908032 read: Cuticle Oil
Thread with TID = 124190210393792 read: Leave-In Conditioner
Thread with TID = 124190118119104 read: Concealer
Thread with TID = 124190579492544 read: Acne Treatment
Thread with TID = 124190766139072 read: BB Cream
Thread with TID = 124190621435584 read: Lip Balm
Thread with TID = 124190558521024 read: Face Serum
Thread with TID = 124190527063744 read: Heat Protection Spray
Thread with TID = 124190644504256 read: Under-Eye Gel
Thread with TID = 124190506092224 read: Lip Scrub
Thread with TID = 124190241851072 read: Eyeliner
Thread with TID = 124190755653312 read: Blush
Thread with TID = 124190107633344 read: Highlighter
Thread with TID = 124190231365312 read: Moisturizer
Thread with TID = 124190386554560 read: Hair Mask
Thread with TID = 124190097147584 read: Shaving Cream
Thread with TID = 124190076176064 read: Micellar Water
Thread with TID = 124189885335232 read: Aftershave Balm
Thread with TID = 124189916792512 read: Beard Wash
Thread with TID = 124189864363712 read: Face Mask
Thread with TID = 124190065690304 read: Eye Cream
Thread with TID = 124189874849472 read: Nail Polish
Thread with TID = 124190086661824 read: Compact Powder
Thread with TID = 124189895820992 read: Body Scrub
Thread with TID = 124189715465920 read: Anti-Aging Cream
Thread with TID = 124189493167808 read: Cleansing Oil
Thread with TID = 124190344611520 read: Clay Mask
Thread with TID = 124189684008640 read: Hairbrush
Thread with TID = 124189673522880 read: Beard Balm
Thread with TID = 124189906306752 read: Toner
Thread with TID = 124189663037120 read: Scrub
Thread with TID = 124189514139328 read: Lipstick
Thread with TID = 124190252336832 read: Nail Buffer
Thread with TID = 124190745167552 read: Eyeshadow Palette
Thread with TID = 124189694494400 read: Mascara
Thread with TID = 124189503653568 read: Foundation
Thread with TID = 124190610949824 read: Nail Strengthener
Thread with TID = 124190537549504 read: Hair Gel
Thread with TID = 124190548035264 read: Bronzer
Thread with TID = 124190355097280 read: Perfume
Thread with TID = 124189704980160 read: Hair Shampoo
Thread with TID = 124190734681792 read: Exfoliator
Thread with TID = 124189472196288 read: Hair Curler
Thread with TID = 124189482682048 read: Makeup Remover
Thread with TID = 124190334125760 read: Hair Spray
Thread with TID = 124190365583040 read: Lip Gloss
Thread with TID = 124190474634944 read: Dry Shampoo
