Process PID: 133897
Thread with TID = 140737337362112 read: Hair Wax
Thread with TID = 140737316390592 read: Hair Oil
Thread with TID = 140737347847872 read: Hand Cream
Thread with TID = 140737186367168 read: Hair Conditioner
Thread with TID = 140737326876352 read: CC Cream
Thread with TID = 140737305904832 read: Sunscreen
Thread with TID = 140737196852928 read: Hair Mousse
Thread with TID = 140737217824448 read: Essence
Thread with TID = 140737207338688 read: Hair Dryer
Thread with TID = 140737175881408 read: Cuticle Cream
Thread with TID = 140737165395648 read: Body Butter
Thread with TID = 140737083606720 read: Lip Liner
Thread with TID = 140737073120960 read: Body Mist
Thread with TID = 140737062635200 read: Comb
Thread with TID = 140737020692160 read: Under-Eye Gel
Thread with TID = 140736989234880 read: Foot Cream
Thread with TID = 140736915834560 read: Heat Protection Spray
Thread with TID = 140737052149440 read: Sheet Mask
Thread with TID = 140737041663680 read: Epilator
Thread with TID = 140736957777600 read: Hair Straightener
Thread with TID = 140736947291840 read: Face Serum
Thread with TID = 140736936806080 read: Bronzer
Thread with TID = 140736926320320 read: Hair Gel
Thread with TID = 140737010206400 read: Lip Balm
Thread with TID = 140736905348800 read: Body Lotion
Thread with TID = 140736978749120 read: Face Powder
Thread with TID = 140736968263360 read: Acne Treatment
Thread with TID = 140736884377280 read: Detangler Spray
Thread with TID = 140736873891520 read: Hair Serum
Thread with TID = 140736863405760 read: BB Cream
Thread with TID = 140736999720640 read: Nail Strengthener
Thread with TID = 140736852920000 read: Blush
Thread with TID = 140736894863040 read: Lip Scrub
Thread with TID = 140736842434240 read: Eyeshadow Palette
Thread with TID = 140737031177920 read: Peel-Off Mask
Thread with TID = 140736737576640 read: Hair Mask
Thread with TID = 140736515278528 read: Moisturizer
Thread with TID = 140736831948480 read: Exfoliator
Thread with TID = 140736345409216 read: Cuticle Oil
Thread with TID = 140736748062400 read: Dry Shampoo
Thread with TID = 140736536250048 read: Nail Buffer
Thread with TID = 140736494307008 read: Leave-In Conditioner
Thread with TID = 140736695633600 read: Clay Mask
Thread with TID = 140736525764288 read: Eyeliner
Thread with TID = 140736727090880 read: Beard Oil
Thread with TID = 140736716605120 read: Lip Gloss
Thread with TID = 140736334923456 read: Concealer
Thread with TID = 140736706119360 read: Perfume
Thread with TID = 140736504792768 read: Face Wash
Thread with TID = 140736546735808 read: Hair Spray
Thread with TID = 140736303466176 read: Compact Powder
Thread with TID = 140736292980416 read: Micellar Water
Thread with TID = 140736324437696 read: Highlighter
Thread with TID = 140736313951936 read: Shaving Cream
Thread with TID = 140736133596864 read: Beard Wash
Thread with TID = 140736144082624 read: Eye Cream
Thread with TID = 140736091653824 read: Nail Polish
Thread with TID = 140736112625344 read: Body Scrub
Thread with TID = 140736102139584 read: Aftershave Balm
Thread with TID = 140736123111104 read: Toner
Thread with TID = 140736081168064 read: Face Mask
Thread with TID = 140736070682304 read: Anti-Aging Cream
Thread with TID = 140736060196544 read: Hair Shampoo
Thread with TID = 140736049710784 read: Mascara
Thread with TID = 140736039225024 read: Hairbrush
Thread with TID = 140736028739264 read: Beard Balm
Thread with TID = 140736007767744 read: Lipstick
Thread with TID = 140736018253504 read: Scrub
Thread with TID = 140735997281984 read: Foundation
Thread with TID = 140735986796224 read: Cleansing Oil
Thread with TID = 140735976310464 read: Makeup Remover
Thread with TID = 140735965824704 read: Hair Curler
