Process PID: 37211
Thread with TID = 133515056252608 read: Hair Wax
Thread with TID = 133515045766848 read: CC Cream
Thread with TID = 133514993338048 read: Hair Mousse
Thread with TID = 133515014309568 read: Essence
Thread with TID = 133515024795328 read: Sunscreen
Thread with TID = 133515035281088 read: Hair Oil
Thread with TID = 133514940909248 read: Body Mist
Thread with TID = 133514951395008 read: Lip Liner
Thread with TID = 133515003823808 read: Hair Dryer
Thread with TID = 133514909451968 read: Epilator
Thread with TID = 133514930423488 read: Comb
Thread with TID = 133514919937728 read: Sheet Mask
Thread with TID = 133514961880768 read: Body Butter
Thread with TID = 133515066738368 read: Hand Cream
Thread with TID = 133514972366528 read: Cuticle Cream
Thread with TID = 133514877994688 read: Lip Balm
Thread with TID = 133514898966208 read: Peel-Off Mask
Thread with TID = 133514888480448 read: Under-Eye Gel
Thread with TID = 133514857023168 read: Foot Cream
Thread with TID = 133514867508928 read: Nail Strengthener
Thread with TID = 133514739582656 read: Face Serum
Thread with TID = 133514559227584 read: Body Lotion
Thread with TID = 133514729096896 read: Bronzer
Thread with TID = 133514982852288 read: Hair Conditioner
Thread with TID = 133514517284544 read: BB Cream
Thread with TID = 133514708125376 read: Heat Protection Spray
Thread with TID = 133514750068416 read: Hair Straightener
Thread with TID = 133514846537408 read: Face Powder
Thread with TID = 133514548741824 read: Lip Scrub
Thread with TID = 133514527770304 read: Hair Serum
Thread with TID = 133514538256064 read: Detangler Spray
Thread with TID = 133514425009856 read: Eyeshadow Palette
Thread with TID = 133514506798784 read: Blush
Thread with TID = 133514718611136 read: Hair Gel
Thread with TID = 133514414524096 read: Exfoliator
Thread with TID = 133514760554176 read: Acne Treatment
Thread with TID = 133514404038336 read: Dry Shampoo
Thread with TID = 133514383066816 read: Beard Oil
Thread with TID = 133514351609536 read: Clay Mask
Thread with TID = 133514341123776 read: Hair Spray
Thread with TID = 133514320152256 read: Eyeliner
Thread with TID = 133514393552576 read: Hair Mask
Thread with TID = 133514330638016 read: Nail Buffer
Thread with TID = 133514278209216 read: Cuticle Oil
Thread with TID = 133514372581056 read: Lip Gloss
Thread with TID = 133514267723456 read: Concealer
Thread with TID = 133514309666496 read: Moisturizer
Thread with TID = 133514257237696 read: Highlighter
Thread with TID = 133514299180736 read: Face Wash
Thread with TID = 133514246751936 read: Shaving Cream
Thread with TID = 133514236266176 read: Compact Powder
Thread with TID = 133514362095296 read: Perfume
Thread with TID = 133514288694976 read: Leave-In Conditioner
Thread with TID = 133514225780416 read: Micellar Water
Thread with TID = 133514215294656 read: Eye Cream
Thread with TID = 133514204808896 read: Beard Wash
Thread with TID = 133514194323136 read: Toner
Thread with TID = 133514183837376 read: Body Scrub
Thread with TID = 133514152380096 read: Face Mask
Thread with TID = 133514173351616 read: Aftershave Balm
Thread with TID = 133514162865856 read: Nail Polish
Thread with TID = 133514099951296 read: Beard Balm
Thread with TID = 133514131408576 read: Hair Shampoo
Thread with TID = 133514120922816 read: Mascara
Thread with TID = 133514089465536 read: Scrub
Thread with TID = 133514078979776 read: Lipstick
Thread with TID = 133514110437056 read: Hairbrush
Thread with TID = 133514141894336 read: Anti-Aging Cream
Thread with TID = 133514058008256 read: Cleansing Oil
Thread with TID = 133514068494016 read: Foundation
Thread with TID = 133514037036736 read: Hair Curler
Thread with TID = 133514047522496 read: Makeup Remover
