Process PID: 35238
Thread with TID = 132514244986560 read: CC Cream
Thread with TID = 132514203043520 read: Hair Dryer
Thread with TID = 132514234500800 read: Hair Oil
Thread with TID = 132514224015040 read: Sunscreen
Thread with TID = 132514265958080 read: Hand Cream
Thread with TID = 132514213529280 read: Essence
Thread with TID = 132514255472320 read: Hair Wax
Thread with TID = 132514182072000 read: Hair Conditioner
Thread with TID = 132514100283072 read: Cuticle Cream
Thread with TID = 132514068825792 read: Body Mist
Thread with TID = 132514079311552 read: Lip Liner
Thread with TID = 132514058340032 read: Comb
Thread with TID = 132513955579584 read: Peel-Off Mask
Thread with TID = 132514047854272 read: Sheet Mask
Thread with TID = 132513966065344 read: Epilator
Thread with TID = 132513687144128 read: Acne Treatment
Thread with TID = 132513934608064 read: Lip Balm
Thread with TID = 132514089797312 read: Body Butter
Thread with TID = 132513634715328 read: Heat Protection Spray
Thread with TID = 132513945093824 read: Under-Eye Gel
Thread with TID = 132513913636544 read: Foot Cream
Thread with TID = 132513924122304 read: Nail Strengthener
Thread with TID = 132513592772288 read: Hair Serum
Thread with TID = 132513582286528 read: BB Cream
Thread with TID = 132513697629888 read: Face Powder
Thread with TID = 132513624229568 read: Body Lotion
Thread with TID = 132513676658368 read: Hair Straightener
Thread with TID = 132513666172608 read: Face Serum
Thread with TID = 132513613743808 read: Lip Scrub
Thread with TID = 132513655686848 read: Bronzer
Thread with TID = 132513645201088 read: Hair Gel
Thread with TID = 132513603258048 read: Detangler Spray
Thread with TID = 132514192557760 read: Hair Mousse
Thread with TID = 132513571800768 read: Blush
Thread with TID = 132513831847616 read: Eyeshadow Palette
Thread with TID = 132513789904576 read: Beard Oil
Thread with TID = 132513550829248 read: Clay Mask
Thread with TID = 132513561315008 read: Perfume
Thread with TID = 132513540343488 read: Hair Spray
Thread with TID = 132513529857728 read: Nail Buffer
Thread with TID = 132513519371968 read: Eyeliner
Thread with TID = 132513821361856 read: Exfoliator
Thread with TID = 132513810876096 read: Dry Shampoo
Thread with TID = 132513800390336 read: Hair Mask
Thread with TID = 132513779418816 read: Lip Gloss
Thread with TID = 132513508886208 read: Moisturizer
Thread with TID = 132513487914688 read: Leave-In Conditioner
Thread with TID = 132513498400448 read: Face Wash
Thread with TID = 132513466943168 read: Concealer
Thread with TID = 132513456457408 read: Highlighter
Thread with TID = 132513477428928 read: Cuticle Oil
Thread with TID = 132513435485888 read: Compact Powder
Thread with TID = 132513425000128 read: Micellar Water
Thread with TID = 132513341114048 read: Anti-Aging Cream
Thread with TID = 132513414514368 read: Eye Cream
Thread with TID = 132513362085568 read: Nail Polish
Thread with TID = 132513445971648 read: Shaving Cream
Thread with TID = 132513351599808 read: Face Mask
Thread with TID = 132513404028608 read: Beard Wash
Thread with TID = 132513393542848 read: Toner
Thread with TID = 132513383057088 read: Body Scrub
Thread with TID = 132513372571328 read: Aftershave Balm
Thread with TID = 132513330628288 read: Hair Shampoo
Thread with TID = 132513320142528 read: Mascara
Thread with TID = 132513299171008 read: Beard Balm
Thread with TID = 132513267713728 read: Foundation
Thread with TID = 132513288685248 read: Scrub
Thread with TID = 132513246742208 read: Makeup Remover
Thread with TID = 132513257227968 read: Cleansing Oil
Thread with TID = 132513278199488 read: Lipstick
Thread with TID = 132513309656768 read: Hairbrush
Thread with TID = 132513236256448 read: Hair Curler
