Process PID: 8759
Thread with TID = 124077612205760 read: CC Cream
Thread with TID = 124077591234240 read: Sunscreen
Thread with TID = 124077622691520 read: Hair Wax
Thread with TID = 124077580748480 read: Essence
Thread with TID = 124077570262720 read: Hair Dryer
Thread with TID = 124077538805440 read: Cuticle Cream
Thread with TID = 124077633177280 read: Hand Cream
Thread with TID = 124077601720000 read: Hair Oil
Thread with TID = 124077559776960 read: Hair Mousse
Thread with TID = 124077549291200 read: Hair Conditioner
Thread with TID = 124077528319680 read: Body Butter
Thread with TID = 124077442336448 read: Lip Liner
Thread with TID = 124077389907648 read: Peel-Off Mask
Thread with TID = 124077410879168 read: Sheet Mask
Thread with TID = 124077431850688 read: Body Mist
Thread with TID = 124077400393408 read: Epilator
Thread with TID = 124077421364928 read: Comb
Thread with TID = 124077085820608 read: Nail Strengthener
Thread with TID = 124077096306368 read: Lip Balm
Thread with TID = 124077054363328 read: Acne Treatment
Thread with TID = 124077075334848 read: Foot Cream
Thread with TID = 124077106792128 read: Under-Eye Gel
Thread with TID = 124077064849088 read: Face Powder
Thread with TID = 124077043877568 read: Hair Straightener
Thread with TID = 124077033391808 read: Face Serum
Thread with TID = 124077001934528 read: Heat Protection Spray
Thread with TID = 124077022906048 read: Bronzer
Thread with TID = 124077012420288 read: Hair Gel
Thread with TID = 124076991448768 read: Body Lotion
Thread with TID = 124076949505728 read: BB Cream
Thread with TID = 124076959991488 read: Hair Serum
Thread with TID = 124076928534208 read: Eyeshadow Palette
Thread with TID = 124076980963008 read: Lip Scrub
Thread with TID = 124076907562688 read: Dry Shampoo
Thread with TID = 124076970477248 read: Detangler Spray
Thread with TID = 124076939019968 read: Blush
Thread with TID = 124076918048448 read: Exfoliator
Thread with TID = 124076897076928 read: Hair Mask
Thread with TID = 124076886591168 read: Beard Oil
Thread with TID = 124076876105408 read: Lip Gloss
Thread with TID = 124076855133888 read: Clay Mask
Thread with TID = 124076844648128 read: Hair Spray
Thread with TID = 124076834162368 read: Nail Buffer
Thread with TID = 124076865619648 read: Perfume
Thread with TID = 124076823676608 read: Eyeliner
Thread with TID = 124076813190848 read: Moisturizer
Thread with TID = 124076781733568 read: Cuticle Oil
Thread with TID = 124076760762048 read: Highlighter
Thread with TID = 124076771247808 read: Concealer
Thread with TID = 124076792219328 read: Leave-In Conditioner
Thread with TID = 124076718819008 read: Eye Cream
Thread with TID = 124076750276288 read: Shaving Cream
Thread with TID = 124076802705088 read: Face Wash
Thread with TID = 124076739790528 read: Compact Powder
Thread with TID = 124076729304768 read: Micellar Water
Thread with TID = 124076708333248 read: Beard Wash
Thread with TID = 124076687361728 read: Body Scrub
Thread with TID = 124076676875968 read: Aftershave Balm
Thread with TID = 124076613961408 read: Hairbrush
Thread with TID = 124076697847488 read: Toner
Thread with TID = 124076561532608 read: Cleansing Oil
Thread with TID = 124076582504128 read: Lipstick
Thread with TID = 124076666390208 read: Nail Polish
Thread with TID = 124076655904448 read: Face Mask
Thread with TID = 124076634932928 read: Hair Shampoo
Thread with TID = 124076624447168 read: Mascara
Thread with TID = 124076603475648 read: Beard Balm
Thread with TID = 124076572018368 read: Foundation
Thread with TID = 124076645418688 read: Anti-Aging Cream
Thread with TID = 124076551046848 read: Makeup Remover
Thread with TID = 124076540561088 read: Hair Curler
Thread with TID = 124076592989888 read: Scrub
