Process PID: 12834
Thread with TID = 126657832683200 read: Cleansing Oil
Thread with TID = 126657822197440 read: Essence
Thread with TID = 126657811711680 read: Hair Curler
Thread with TID = 126657801225920 read: Dry Shampoo
Thread with TID = 126657780254400 read: Shaving Cream
Thread with TID = 126657759282880 read: Bronzer
Thread with TID = 126657717339840 read: Face Mask
Thread with TID = 126657727825600 read: Clay Mask
Thread with TID = 126657748797120 read: Lip Liner
Thread with TID = 126657706854080 read: Detangler Spray
Thread with TID = 126657696368320 read: BB Cream
Thread with TID = 126657769768640 read: Mascara
Thread with TID = 126657790740160 read: Hair Oil
Thread with TID = 126657685882560 read: Hair Shampoo
Thread with TID = 126657738311360 read: Micellar Water
Thread with TID = 126657365018304 read: Sheet Mask
Thread with TID = 126657675396800 read: Nail Buffer
Thread with TID = 126657375504064 read: Lip Gloss
Thread with TID = 126657664911040 read: Sunscreen
Thread with TID = 126657555859136 read: Lip Scrub
Thread with TID = 126657534887616 read: Perfume
Thread with TID = 126657344046784 read: Cuticle Oil
Thread with TID = 126657354532544 read: Cuticle Cream
Thread with TID = 126657576830656 read: Hairbrush
Thread with TID = 126657545373376 read: Face Powder
Thread with TID = 126657566344896 read: Face Serum
Thread with TID = 126657163691712 read: Beard Balm
Thread with TID = 126657174177472 read: Comb
Thread with TID = 126657132234432 read: Eye Cream
Thread with TID = 126657142720192 read: Face Wash
Thread with TID = 126657333561024 read: Hair Serum
Thread with TID = 126657524401856 read: Heat Protection Spray
Thread with TID = 126657121748672 read: Epilator
Thread with TID = 126657323075264 read: Moisturizer
Thread with TID = 126657153205952 read: Body Scrub
Thread with TID = 126655924274880 read: Nail Polish
Thread with TID = 126655945246400 read: Hand Cream
Thread with TID = 126656962365120 read: Makeup Remover
Thread with TID = 126656941393600 read: Beard Wash
Thread with TID = 126656930907840 read: Hair Spray
Thread with TID = 126656771524288 read: Under-Eye Gel
Thread with TID = 126656972850880 read: Lip Balm
Thread with TID = 126656951879360 read: Eyeliner
Thread with TID = 126655764891328 read: Hair Gel
Thread with TID = 126656517768896 read: Compact Powder
Thread with TID = 126655913789120 read: Blush
Thread with TID = 126656136087232 read: Hair Mousse
Thread with TID = 126656146572992 read: Body Mist
Thread with TID = 126656167544512 read: Foot Cream
Thread with TID = 126656157058752 read: Leave-In Conditioner
Thread with TID = 126656125601472 read: Hair Dryer
Thread with TID = 126656549226176 read: Toner
Thread with TID = 126655934760640 read: Body Butter
Thread with TID = 126656750552768 read: Hair Mask
Thread with TID = 126656115115712 read: Concealer
Thread with TID = 126656570197696 read: Anti-Aging Cream
Thread with TID = 126655966217920 read: Hair Straightener
Thread with TID = 126655955732160 read: Hair Conditioner
Thread with TID = 126656538740416 read: Nail Strengthener
Thread with TID = 126656316442304 read: Lipstick
Thread with TID = 126656719095488 read: Beard Oil
Thread with TID = 126656920422080 read: Foundation
Thread with TID = 126656368871104 read: Exfoliator
Thread with TID = 126656559711936 read: Peel-Off Mask
Thread with TID = 126656347899584 read: Hair Wax
Thread with TID = 126656326928064 read: Scrub
Thread with TID = 126656337413824 read: Aftershave Balm
Thread with TID = 126656528254656 read: Acne Treatment
Thread with TID = 126656740067008 read: Body Lotion
Thread with TID = 126656729581248 read: CC Cream
Thread with TID = 126656761038528 read: Eyeshadow Palette
Thread with TID = 126656358385344 read: Highlighter
