Process PID: 4354
Thread with TID = 138817910605504 read: Lip Liner
Thread with TID = 138817963034304 read: Dry Shampoo
Thread with TID = 138817816233664 read: Hairbrush
Thread with TID = 138817952548544 read: Hair Oil
Thread with TID = 138817921091264 read: Bronzer
Thread with TID = 138817702987456 read: Perfume
Thread with TID = 138817858176704 read: BB Cream
Thread with TID = 138817784776384 read: Face Powder
Thread with TID = 138817795262144 read: Lip Scrub
Thread with TID = 138817805747904 read: Face Serum
Thread with TID = 138817258391232 read: Eyeliner
Thread with TID = 138817889633984 read: Clay Mask
Thread with TID = 138817424066240 read: Hair Spray
Thread with TID = 138817434552000 read: Beard Wash
Thread with TID = 138817692501696 read: Heat Protection Spray
Thread with TID = 138817671530176 read: Sheet Mask
Thread with TID = 138817392608960 read: Eyeshadow Palette
Thread with TID = 138817661044416 read: Cuticle Cream
Thread with TID = 138817868662464 read: Detangler Spray
Thread with TID = 138817879148224 read: Face Mask
Thread with TID = 138817568769728 read: Hair Serum
Thread with TID = 138817413580480 read: Foundation
Thread with TID = 138817547798208 read: Comb
Thread with TID = 138817403094720 read: Under-Eye Gel
Thread with TID = 138817558283968 read: Moisturizer
Thread with TID = 138817650558656 read: Cuticle Oil
Thread with TID = 138817994491584 read: Cleansing Oil
Thread with TID = 138817826719424 read: Sunscreen
Thread with TID = 138817942062784 read: Shaving Cream
Thread with TID = 138817382123200 read: Hair Mask
Thread with TID = 138817900119744 read: Micellar Water
Thread with TID = 138817289848512 read: Epilator
Thread with TID = 138817268876992 read: Makeup Remover
Thread with TID = 138817279362752 read: Lip Balm
Thread with TID = 138817300334272 read: Eye Cream
Thread with TID = 138817516340928 read: Face Wash
Thread with TID = 138817682015936 read: Lip Gloss
Thread with TID = 138817931577024 read: Mascara
Thread with TID = 138817837205184 read: Nail Buffer
Thread with TID = 138817526826688 read: Body Scrub
Thread with TID = 138817078036160 read: Anti-Aging Cream
Thread with TID = 138817099007680 read: CC Cream
Thread with TID = 138817088521920 read: Beard Oil
Thread with TID = 138817537312448 read: Beard Balm
Thread with TID = 138817247905472 read: Body Lotion
Thread with TID = 138817067550400 read: Peel-Off Mask
Thread with TID = 138817973520064 read: Hair Curler
Thread with TID = 138817057064640 read: Toner
Thread with TID = 138817046578880 read: Nail Strengthener
Thread with TID = 138816922846912 read: Hair Wax
Thread with TID = 138816954304192 read: Compact Powder
Thread with TID = 138816830572224 read: Scrub
Thread with TID = 138816788629184 read: Body Mist
Thread with TID = 138816696354496 read: Hair Dryer
Thread with TID = 138816964789952 read: Acne Treatment
Thread with TID = 138816809600704 read: Foot Cream
Thread with TID = 138816912361152 read: Aftershave Balm
Thread with TID = 138816820086464 read: Lipstick
Thread with TID = 138816943818432 read: Exfoliator
Thread with TID = 138816778143424 read: Hair Mousse
Thread with TID = 138816799114944 read: Leave-In Conditioner
Thread with TID = 138816933332672 read: Highlighter
Thread with TID = 138817847690944 read: Hair Shampoo
Thread with TID = 138816551651008 read: Blush
Thread with TID = 138816664897216 read: Hair Conditioner
Thread with TID = 138816654411456 read: Hand Cream
Thread with TID = 138816675382976 read: Hair Straightener
Thread with TID = 138816562136768 read: Nail Polish
Thread with TID = 138816685868736 read: Concealer
Thread with TID = 138816541165248 read: Hair Gel
Thread with TID = 138816643925696 read: Body Butter
Thread with TID = 138817984005824 read: Essence
