Process PID: 17172
Thread with TID = 135204077307584 read: Hair Shampoo
Thread with TID = 135204224108224 read: Cleansing Oil
Thread with TID = 135204066821824 read: Nail Buffer
Thread with TID = 135204213622464 read: Essence
Thread with TID = 135204192650944 read: Dry Shampoo
Thread with TID = 135204182165184 read: Hair Oil
Thread with TID = 135204171679424 read: Shaving Cream
Thread with TID = 135204161193664 read: Mascara
Thread with TID = 135204150707904 read: Bronzer
Thread with TID = 135204108764864 read: Face Mask
Thread with TID = 135204119250624 read: Clay Mask
Thread with TID = 135204140222144 read: Lip Liner
Thread with TID = 135204129736384 read: Micellar Water
Thread with TID = 135204087793344 read: BB Cream
Thread with TID = 135204045850304 read: Hairbrush
Thread with TID = 135204056336064 read: Sunscreen
Thread with TID = 135204035364544 read: Face Serum
Thread with TID = 135204098279104 read: Detangler Spray
Thread with TID = 135204203136704 read: Hair Curler
Thread with TID = 135204024878784 read: Lip Scrub
Thread with TID = 135203622225600 read: Body Scrub
Thread with TID = 135202806433472 read: Body Butter
Thread with TID = 135203745957568 read: Cuticle Oil
Thread with TID = 135203477522112 read: Beard Wash
Thread with TID = 135203993421504 read: Heat Protection Spray
Thread with TID = 135202930165440 read: Hair Dryer
Thread with TID = 135202919679680 read: Concealer
Thread with TID = 135202909193920 read: Hair Straightener
Thread with TID = 135204014393024 read: Face Powder
Thread with TID = 135202816919232 read: Hand Cream
Thread with TID = 135203735471808 read: Hair Serum
Thread with TID = 135204003907264 read: Perfume
Thread with TID = 135203982935744 read: Lip Gloss
Thread with TID = 135203972449984 read: Sheet Mask
Thread with TID = 135203756443328 read: Cuticle Cream
Thread with TID = 135203601254080 read: Eye Cream
Thread with TID = 135202774976192 read: Hair Gel
Thread with TID = 135203590768320 read: Epilator
Thread with TID = 135203488007872 read: Eyeliner
Thread with TID = 135203580282560 read: Lip Balm
Thread with TID = 135203569796800 read: Makeup Remover
Thread with TID = 135203467036352 read: Hair Spray
Thread with TID = 135203456550592 read: Foundation
Thread with TID = 135203188115136 read: Compact Powder
Thread with TID = 135202898708160 read: Hair Conditioner
Thread with TID = 135203198600896 read: Acne Treatment
Thread with TID = 135203353790144 read: Hair Mask
Thread with TID = 135203343304384 read: Body Lotion
Thread with TID = 135203064383168 read: Scrub
Thread with TID = 135202795947712 read: Nail Polish
Thread with TID = 135203074868928 read: Aftershave Balm
Thread with TID = 135202785461952 read: Blush
Thread with TID = 135203053897408 read: Lipstick
Thread with TID = 135203446064832 read: Under-Eye Gel
Thread with TID = 135203177629376 read: Exfoliator
Thread with TID = 135203435579072 read: Eyeshadow Palette
Thread with TID = 135203167143616 read: Highlighter
Thread with TID = 135202940651200 read: Hair Mousse
Thread with TID = 135203301361344 read: Peel-Off Mask
Thread with TID = 135203085354688 read: Hair Wax
Thread with TID = 135203724986048 read: Moisturizer
Thread with TID = 135202951136960 read: Body Mist
Thread with TID = 135203043411648 read: Foot Cream
Thread with TID = 135203032925888 read: Leave-In Conditioner
Thread with TID = 135203209086656 read: Nail Strengthener
Thread with TID = 135203311847104 read: Anti-Aging Cream
Thread with TID = 135203704014528 read: Beard Balm
Thread with TID = 135203611739840 read: Face Wash
Thread with TID = 135203332818624 read: CC Cream
Thread with TID = 135203714500288 read: Comb
Thread with TID = 135203219572416 read: Toner
Thread with TID = 135203322332864 read: Beard Oil
