Process PID: 11293
Thread with TID = 125316433446592 read: Hand Cream
Thread with TID = 125316286645952 read: Hair Mousse
Thread with TID = 125316194371264 read: Cuticle Cream
Thread with TID = 125316328588992 read: Hair Oil
Thread with TID = 125316204857024 read: Hair Conditioner
Thread with TID = 125316173399744 read: Lip Liner
Thread with TID = 125316422960832 read: Hair Wax
Thread with TID = 125316297131712 read: Hair Dryer
Thread with TID = 125316339074752 read: CC Cream
Thread with TID = 125316318103232 read: Sunscreen
Thread with TID = 125316183885504 read: Body Butter
Thread with TID = 125316307617472 read: Essence
Thread with TID = 125316162913984 read: Body Mist
Thread with TID = 125316152428224 read: Comb
Thread with TID = 125316110485184 read: Under-Eye Gel
Thread with TID = 125316089513664 read: Nail Strengthener
Thread with TID = 125316058056384 read: Acne Treatment
Thread with TID = 125316016113344 read: Heat Protection Spray
Thread with TID = 125316099999424 read: Lip Balm
Thread with TID = 125316141942464 read: Sheet Mask
Thread with TID = 125316068542144 read: Face Powder
Thread with TID = 125316047570624 read: Hair Straightener
Thread with TID = 125315925935808 read: Body Lotion
Thread with TID = 125315883992768 read: BB Cream
Thread with TID = 125315915450048 read: Lip Scrub
Thread with TID = 125315894478528 read: Hair Serum
Thread with TID = 125315749775040 read: Beard Oil
Thread with TID = 125316079027904 read: Foot Cream
Thread with TID = 125315936421568 read: Face Serum
Thread with TID = 125315802203840 read: Blush
Thread with TID = 125315667986112 read: Lip Gloss
Thread with TID = 125315904964288 read: Detangler Spray
Thread with TID = 125316120970944 read: Peel-Off Mask
Thread with TID = 125315791718080 read: Eyeshadow Palette
Thread with TID = 125316026599104 read: Hair Gel
Thread with TID = 125315657500352 read: Perfume
Thread with TID = 125315647014592 read: Clay Mask
Thread with TID = 125316131456704 read: Epilator
Thread with TID = 125315781232320 read: Exfoliator
Thread with TID = 125315770746560 read: Dry Shampoo
Thread with TID = 125315760260800 read: Hair Mask
Thread with TID = 125315393259200 read: Compact Powder
Thread with TID = 125315424716480 read: Concealer
Thread with TID = 125315382773440 read: Micellar Water
Thread with TID = 125315351316160 read: Toner
Thread with TID = 125315340830400 read: Body Scrub
Thread with TID = 125315361801920 read: Beard Wash
Thread with TID = 125315456173760 read: Face Wash
Thread with TID = 125315330344640 read: Aftershave Balm
Thread with TID = 125315319858880 read: Nail Polish
Thread with TID = 125316037084864 read: Bronzer
Thread with TID = 125315309373120 read: Face Mask
Thread with TID = 125315435202240 read: Cuticle Oil
Thread with TID = 125315298887360 read: Anti-Aging Cream
Thread with TID = 125315636528832 read: Hair Spray
Thread with TID = 125315414230720 read: Highlighter
Thread with TID = 125315615557312 read: Eyeliner
Thread with TID = 125315466659520 read: Moisturizer
Thread with TID = 125315445688000 read: Leave-In Conditioner
Thread with TID = 125315626043072 read: Nail Buffer
Thread with TID = 125315288401600 read: Hair Shampoo
Thread with TID = 125315372287680 read: Eye Cream
Thread with TID = 125315403744960 read: Shaving Cream
Thread with TID = 125315277915840 read: Mascara
Thread with TID = 125315256944320 read: Beard Balm
Thread with TID = 125315235972800 read: Lipstick
Thread with TID = 125315267430080 read: Hairbrush
Thread with TID = 125315215001280 read: Cleansing Oil
Thread with TID = 125315204515520 read: Makeup Remover
Thread with TID = 125315225487040 read: Foundation
Thread with TID = 125315194029760 read: Hair Curler
Thread with TID = 125315246458560 read: Scrub
