Process PID: 9309
Thread with TID = 137040526051008 read: Hand Cream
Thread with TID = 137040473622208 read: Essence
Thread with TID = 137040484107968 read: Sunscreen
Thread with TID = 137040515565248 read: Hair Wax
Thread with TID = 137040505079488 read: CC Cream
Thread with TID = 137040494593728 read: Hair Oil
Thread with TID = 137040257615552 read: Hair Dryer
Thread with TID = 137040391833280 read: Hair Mousse
Thread with TID = 137040360376000 read: Body Butter
Thread with TID = 137040247129792 read: Comb
Thread with TID = 137040381347520 read: Hair Conditioner
Thread with TID = 137040349890240 read: Lip Liner
Thread with TID = 137040226158272 read: Epilator
Thread with TID = 137040236644032 read: Sheet Mask
Thread with TID = 137040370861760 read: Cuticle Cream
Thread with TID = 137040194700992 read: Lip Balm
Thread with TID = 137040205186752 read: Under-Eye Gel
Thread with TID = 137040215672512 read: Peel-Off Mask
Thread with TID = 137040339404480 read: Body Mist
Thread with TID = 137040163243712 read: Face Powder
Thread with TID = 137040142272192 read: Hair Straightener
Thread with TID = 137040184215232 read: Nail Strengthener
Thread with TID = 137040152757952 read: Acne Treatment
Thread with TID = 137040173729472 read: Foot Cream
Thread with TID = 137040121300672 read: Bronzer
Thread with TID = 137040131786432 read: Face Serum
Thread with TID = 137040089843392 read: Body Lotion
Thread with TID = 137040110814912 read: Hair Gel
Thread with TID = 137040058386112 read: Hair Serum
Thread with TID = 137040026928832 read: Eyeshadow Palette
Thread with TID = 137040047900352 read: BB Cream
Thread with TID = 137040016443072 read: Exfoliator
Thread with TID = 137040005957312 read: Dry Shampoo
Thread with TID = 137039995471552 read: Hair Mask
Thread with TID = 137040079357632 read: Lip Scrub
Thread with TID = 137040068871872 read: Detangler Spray
Thread with TID = 137040100329152 read: Heat Protection Spray
Thread with TID = 137040037414592 read: Blush
Thread with TID = 137039953528512 read: Clay Mask
Thread with TID = 137039911585472 read: Moisturizer
Thread with TID = 137039984985792 read: Beard Oil
Thread with TID = 137039974500032 read: Lip Gloss
Thread with TID = 137039964014272 read: Perfume
Thread with TID = 137039943042752 read: Hair Spray
Thread with TID = 137039932556992 read: Nail Buffer
Thread with TID = 137039901099712 read: Face Wash
Thread with TID = 137039922071232 read: Eyeliner
Thread with TID = 137039890613952 read: Leave-In Conditioner
Thread with TID = 137039859156672 read: Highlighter
Thread with TID = 137039848670912 read: Shaving Cream
Thread with TID = 137039838185152 read: Compact Powder
Thread with TID = 137039785756352 read: Body Scrub
Thread with TID = 137039764784832 read: Nail Polish
Thread with TID = 137039775270592 read: Aftershave Balm
Thread with TID = 137039754299072 read: Face Mask
Thread with TID = 137039743813312 read: Anti-Aging Cream
Thread with TID = 137039733327552 read: Hair Shampoo
Thread with TID = 137039869642432 read: Concealer
Thread with TID = 137039827699392 read: Micellar Water
Thread with TID = 137039817213632 read: Eye Cream
Thread with TID = 137039880128192 read: Cuticle Oil
Thread with TID = 137039806727872 read: Beard Wash
Thread with TID = 137039796242112 read: Toner
Thread with TID = 137039722841792 read: Mascara
Thread with TID = 137039701870272 read: Beard Balm
Thread with TID = 137039691384512 read: Scrub
Thread with TID = 137039670412992 read: Foundation
Thread with TID = 137039680898752 read: Lipstick
Thread with TID = 137039659927232 read: Cleansing Oil
Thread with TID = 137039649441472 read: Makeup Remover
Thread with TID = 137039638955712 read: Hair Curler
Thread with TID = 137039712356032 read: Hairbrush
