Process PID: 13754
Thread with TID = 134536365082304 read: Hair Wax
Thread with TID = 134536333625024 read: Sunscreen
Thread with TID = 134536344110784 read: Hair Oil
Thread with TID = 134536354596544 read: CC Cream
Thread with TID = 134536323139264 read: Essence
Thread with TID = 134536312653504 read: Hair Dryer
Thread with TID = 134536146978496 read: Comb
Thread with TID = 134536157464256 read: Body Mist
Thread with TID = 134536302167744 read: Hair Mousse
Thread with TID = 134536136492736 read: Sheet Mask
Thread with TID = 134536126006976 read: Epilator
Thread with TID = 134536239253184 read: Under-Eye Gel
Thread with TID = 134536260224704 read: Lip Liner
Thread with TID = 134536105035456 read: Nail Strengthener
Thread with TID = 134536270710464 read: Body Butter
Thread with TID = 134536115521216 read: Lip Balm
Thread with TID = 134536249738944 read: Peel-Off Mask
Thread with TID = 134536023246528 read: Foot Cream
Thread with TID = 134536291681984 read: Hair Conditioner
Thread with TID = 134536375568064 read: Hand Cream
Thread with TID = 134536281196224 read: Cuticle Cream
Thread with TID = 134536012760768 read: Face Powder
Thread with TID = 134535970817728 read: Bronzer
Thread with TID = 134535889028800 read: Hair Gel
Thread with TID = 134535878543040 read: Heat Protection Spray
Thread with TID = 134535847085760 read: Detangler Spray
Thread with TID = 134535868057280 read: Body Lotion
Thread with TID = 134535857571520 read: Lip Scrub
Thread with TID = 134535754811072 read: BB Cream
Thread with TID = 134535991789248 read: Hair Straightener
Thread with TID = 134535981303488 read: Face Serum
Thread with TID = 134535836600000 read: Hair Serum
Thread with TID = 134535744325312 read: Blush
Thread with TID = 134536002275008 read: Acne Treatment
Thread with TID = 134535702382272 read: Hair Mask
Thread with TID = 134535610107584 read: Lip Gloss
Thread with TID = 134535620593344 read: Beard Oil
Thread with TID = 134535599621824 read: Perfume
Thread with TID = 134535712868032 read: Dry Shampoo
Thread with TID = 134535723353792 read: Exfoliator
Thread with TID = 134535589136064 read: Clay Mask
Thread with TID = 134535733839552 read: Eyeshadow Palette
Thread with TID = 134535578650304 read: Hair Spray
Thread with TID = 134535568164544 read: Nail Buffer
Thread with TID = 134535475889856 read: Moisturizer
Thread with TID = 134535486375616 read: Eyeliner
Thread with TID = 134535454918336 read: Leave-In Conditioner
Thread with TID = 134535465404096 read: Face Wash
Thread with TID = 134535444432576 read: Cuticle Oil
Thread with TID = 134535433946816 read: Concealer
Thread with TID = 134535352157888 read: Highlighter
Thread with TID = 134535341672128 read: Shaving Cream
Thread with TID = 134535299729088 read: Beard Wash
Thread with TID = 134535310214848 read: Eye Cream
Thread with TID = 134535217940160 read: Toner
Thread with TID = 134535207454400 read: Body Scrub
Thread with TID = 134535186482880 read: Nail Polish
Thread with TID = 134535331186368 read: Compact Powder
Thread with TID = 134535175997120 read: Face Mask
Thread with TID = 134535083722432 read: Hair Shampoo
Thread with TID = 134535073236672 read: Mascara
Thread with TID = 134535062750912 read: Hairbrush
Thread with TID = 134535052265152 read: Beard Balm
Thread with TID = 134535320700608 read: Micellar Water
Thread with TID = 134535165511360 read: Anti-Aging Cream
Thread with TID = 134535041779392 read: Scrub
Thread with TID = 134535031293632 read: Lipstick
Thread with TID = 134535196968640 read: Aftershave Balm
Thread with TID = 134534949504704 read: Foundation
Thread with TID = 134534928533184 read: Makeup Remover
Thread with TID = 134534939018944 read: Cleansing Oil
Thread with TID = 134534918047424 read: Hair Curler
