Process PID: 15988
Thread with TID = 138243716679360 read: Hand Cream
Thread with TID = 138243706193600 read: Hair Wax
Thread with TID = 138243586655936 read: CC Cream
Thread with TID = 138243674736320 read: Essence
Thread with TID = 138243452438208 read: Lip Liner
Thread with TID = 138243685222080 read: Sunscreen
Thread with TID = 138243555198656 read: Hair Conditioner
Thread with TID = 138243431466688 read: Comb
Thread with TID = 138243544712896 read: Cuticle Cream
Thread with TID = 138243534227136 read: Body Butter
Thread with TID = 138243420980928 read: Sheet Mask
Thread with TID = 138243695707840 read: Hair Oil
Thread with TID = 138243400009408 read: Peel-Off Mask
Thread with TID = 138243389523648 read: Under-Eye Gel
Thread with TID = 138243337094848 read: Acne Treatment
Thread with TID = 138243347580608 read: Face Powder
Thread with TID = 138243410495168 read: Epilator
Thread with TID = 138243358066368 read: Foot Cream
Thread with TID = 138243368552128 read: Nail Strengthener
Thread with TID = 138243171419840 read: Bronzer
Thread with TID = 138243160934080 read: Hair Gel
Thread with TID = 138243150448320 read: Heat Protection Spray
Thread with TID = 138243129476800 read: Lip Scrub
Thread with TID = 138243441952448 read: Body Mist
Thread with TID = 138243326609088 read: Hair Straightener
Thread with TID = 138243108505280 read: Hair Serum
Thread with TID = 138243118991040 read: Detangler Spray
Thread with TID = 138243181905600 read: Face Serum
Thread with TID = 138243576170176 read: Hair Dryer
Thread with TID = 138243565684416 read: Hair Mousse
Thread with TID = 138243379037888 read: Lip Balm
Thread with TID = 138243305637568 read: Eyeshadow Palette
Thread with TID = 138243295151808 read: Exfoliator
Thread with TID = 138243263694528 read: Beard Oil
Thread with TID = 138243274180288 read: Hair Mask
Thread with TID = 138243098019520 read: BB Cream
Thread with TID = 138242932344512 read: Clay Mask
Thread with TID = 138242953316032 read: Lip Gloss
Thread with TID = 138243316123328 read: Blush
Thread with TID = 138242942830272 read: Perfume
Thread with TID = 138243284666048 read: Dry Shampoo
Thread with TID = 138242911372992 read: Nail Buffer
Thread with TID = 138242900887232 read: Eyeliner
Thread with TID = 138242890401472 read: Moisturizer
Thread with TID = 138242858944192 read: Cuticle Oil
Thread with TID = 138242796029632 read: Eye Cream
Thread with TID = 138242785543872 read: Beard Wash
Thread with TID = 138242921858752 read: Hair Spray
Thread with TID = 138242869429952 read: Leave-In Conditioner
Thread with TID = 138242879915712 read: Face Wash
Thread with TID = 138242848458432 read: Concealer
Thread with TID = 138242806515392 read: Micellar Water
Thread with TID = 138242837972672 read: Highlighter
Thread with TID = 138242827486912 read: Shaving Cream
Thread with TID = 138242817001152 read: Compact Powder
Thread with TID = 138242775058112 read: Toner
Thread with TID = 138243139962560 read: Body Lotion
Thread with TID = 138242982676160 read: Face Mask
Thread with TID = 138242733115072 read: Beard Balm
Thread with TID = 138242764572352 read: Hair Shampoo
Thread with TID = 138242972190400 read: Anti-Aging Cream
Thread with TID = 138243066562240 read: Nail Polish
Thread with TID = 138242722629312 read: Scrub
Thread with TID = 138243077048000 read: Aftershave Balm
Thread with TID = 138243087533760 read: Body Scrub
Thread with TID = 138242754086592 read: Mascara
Thread with TID = 138242743600832 read: Hairbrush
Thread with TID = 138242556954304 read: Cleansing Oil
Thread with TID = 138242701657792 read: Foundation
Thread with TID = 138242546468544 read: Makeup Remover
Thread with TID = 138242535982784 read: Hair Curler
Thread with TID = 138242712143552 read: Lipstick
