Process PID: 6473
Thread with TID = 125075921569472 read: Hair Wax
Thread with TID = 125075848169152 read: Hair Conditioner
Thread with TID = 125075879626432 read: Essence
Thread with TID = 125075858654912 read: Hair Mousse
Thread with TID = 125075900597952 read: Hair Oil
Thread with TID = 125075890112192 read: Sunscreen
Thread with TID = 125075837683392 read: Cuticle Cream
Thread with TID = 125075932055232 read: Hand Cream
Thread with TID = 125075911083712 read: CC Cream
Thread with TID = 125075869140672 read: Hair Dryer
Thread with TID = 125075743311552 read: Lip Liner
Thread with TID = 125075732825792 read: Body Mist
Thread with TID = 125075753797312 read: Body Butter
Thread with TID = 125075588122304 read: Comb
Thread with TID = 125075711854272 read: Epilator
Thread with TID = 125075722340032 read: Sheet Mask
Thread with TID = 125075701368512 read: Peel-Off Mask
Thread with TID = 125075577636544 read: Foot Cream
Thread with TID = 125075567150784 read: Face Powder
Thread with TID = 125075556665024 read: Acne Treatment
Thread with TID = 125075546179264 read: Hair Straightener
Thread with TID = 125075386795712 read: Heat Protection Spray
Thread with TID = 125075407767232 read: Bronzer
Thread with TID = 125075418252992 read: Face Serum
Thread with TID = 125075397281472 read: Hair Gel
Thread with TID = 125075619579584 read: Under-Eye Gel
Thread with TID = 125075609093824 read: Lip Balm
Thread with TID = 125075376309952 read: Body Lotion
Thread with TID = 125075365824192 read: Lip Scrub
Thread with TID = 125075535693504 read: Hair Serum
Thread with TID = 125075355338432 read: Detangler Spray
Thread with TID = 125075504236224 read: Eyeshadow Palette
Thread with TID = 125075302909632 read: Lip Gloss
Thread with TID = 125075292423872 read: Perfume
Thread with TID = 125075344852672 read: Exfoliator
Thread with TID = 125075281938112 read: Clay Mask
Thread with TID = 125075271452352 read: Hair Spray
Thread with TID = 125075260966592 read: Nail Buffer
Thread with TID = 125075525207744 read: BB Cream
Thread with TID = 125075334366912 read: Dry Shampoo
Thread with TID = 125075514721984 read: Blush
Thread with TID = 125075323881152 read: Hair Mask
Thread with TID = 125075313395392 read: Beard Oil
Thread with TID = 125075598608064 read: Nail Strengthener
Thread with TID = 125075208537792 read: Cuticle Oil
Thread with TID = 125075250480832 read: Eyeliner
Thread with TID = 125075198052032 read: Concealer
Thread with TID = 125075239995072 read: Moisturizer
Thread with TID = 125075187566272 read: Highlighter
Thread with TID = 125075166594752 read: Compact Powder
Thread with TID = 125075124651712 read: Toner
Thread with TID = 125075005114048 read: Nail Polish
Thread with TID = 125075145623232 read: Eye Cream
Thread with TID = 125075114165952 read: Body Scrub
Thread with TID = 125075229509312 read: Face Wash
Thread with TID = 125075135137472 read: Beard Wash
Thread with TID = 125075219023552 read: Leave-In Conditioner
Thread with TID = 125075015599808 read: Aftershave Balm
Thread with TID = 125075177080512 read: Shaving Cream
Thread with TID = 125075103680192 read: Face Mask
Thread with TID = 125075156108992 read: Micellar Water
Thread with TID = 125074984142528 read: Hair Shampoo
Thread with TID = 125074860410560 read: Lipstick
Thread with TID = 125074973656768 read: Mascara
Thread with TID = 125074849924800 read: Foundation
Thread with TID = 125074870896320 read: Scrub
Thread with TID = 125074839439040 read: Cleansing Oil
Thread with TID = 125074881382080 read: Beard Balm
Thread with TID = 125074828953280 read: Makeup Remover
Thread with TID = 125074994628288 read: Anti-Aging Cream
Thread with TID = 125074963171008 read: Hairbrush
Thread with TID = 125074747164352 read: Hair Curler
