Process PID: 14938
Thread with TID = 131712405210816 read: Cleansing Oil
Thread with TID = 131712082249408 read: Sheet Mask
Thread with TID = 131712384239296 read: Hair Curler
Thread with TID = 131712289867456 read: Face Mask
Thread with TID = 131712279381696 read: Detangler Spray
Thread with TID = 131712258410176 read: Hair Shampoo
Thread with TID = 131712216467136 read: Face Serum
Thread with TID = 131712185009856 read: Perfume
Thread with TID = 131712164038336 read: Lip Gloss
Thread with TID = 131711841076928 read: Anti-Aging Cream
Thread with TID = 131711809619648 read: Nail Strengthener
Thread with TID = 131711778162368 read: Exfoliator
Thread with TID = 131711715247808 read: Foot Cream
Thread with TID = 131712268895936 read: BB Cream
Thread with TID = 131711788648128 read: Compact Powder
Thread with TID = 131712331810496 read: Bronzer
Thread with TID = 131711883019968 read: Hair Mask
Thread with TID = 131712071763648 read: Cuticle Cream
Thread with TID = 131712174524096 read: Heat Protection Spray
Thread with TID = 131711872534208 read: Body Lotion
Thread with TID = 131711893505728 read: Eyeshadow Palette
Thread with TID = 131712300353216 read: Clay Mask
Thread with TID = 131711903991488 read: Under-Eye Gel
Thread with TID = 131712321324736 read: Lip Liner
Thread with TID = 131711799133888 read: Acne Treatment
Thread with TID = 131711862048448 read: CC Cream
Thread with TID = 131712205981376 read: Lip Scrub
Thread with TID = 131711757190848 read: Hair Wax
Thread with TID = 131711830591168 read: Peel-Off Mask
Thread with TID = 131712352782016 read: Shaving Cream
Thread with TID = 131711820105408 read: Toner
Thread with TID = 131711746705088 read: Aftershave Balm
Thread with TID = 131712226952896 read: Hairbrush
Thread with TID = 131712310838976 read: Micellar Water
Thread with TID = 131712008849088 read: Body Scrub
Thread with TID = 131711977391808 read: Epilator
Thread with TID = 131712342296256 read: Mascara
Thread with TID = 131712040306368 read: Moisturizer
Thread with TID = 131711924963008 read: Hair Spray
Thread with TID = 131712247924416 read: Nail Buffer
Thread with TID = 131712061277888 read: Cuticle Oil
Thread with TID = 131711725733568 read: Lipstick
Thread with TID = 131712363267776 read: Hair Oil
Thread with TID = 131711966906048 read: Lip Balm
Thread with TID = 131712029820608 read: Comb
Thread with TID = 131711945934528 read: Eyeliner
Thread with TID = 131711736219328 read: Scrub
Thread with TID = 131711935448768 read: Beard Wash
Thread with TID = 131711987877568 read: Eye Cream
Thread with TID = 131711851562688 read: Beard Oil
Thread with TID = 131711998363328 read: Face Wash
Thread with TID = 131711956420288 read: Makeup Remover
Thread with TID = 131712195495616 read: Face Powder
Thread with TID = 131712019334848 read: Beard Balm
Thread with TID = 131712050792128 read: Hair Serum
Thread with TID = 131711631361728 read: Hand Cream
Thread with TID = 131711610390208 read: Nail Polish
Thread with TID = 131711704762048 read: Leave-In Conditioner
Thread with TID = 131711599904448 read: Blush
Thread with TID = 131711683790528 read: Hair Mousse
Thread with TID = 131711662819008 read: Concealer
Thread with TID = 131711652333248 read: Hair Straightener
Thread with TID = 131711694276288 read: Body Mist
Thread with TID = 131711673304768 read: Hair Dryer
Thread with TID = 131711914477248 read: Foundation
Thread with TID = 131711641847488 read: Hair Conditioner
Thread with TID = 131711589418688 read: Hair Gel
Thread with TID = 131712394725056 read: Essence
Thread with TID = 131711620875968 read: Body Butter
Thread with TID = 131711767676608 read: Highlighter
Thread with TID = 131712237438656 read: Sunscreen
Thread with TID = 131712373753536 read: Dry Shampoo
