Process PID: 136138
Thread with TID = 140737295419072 read: Essence
Thread with TID = 140737316390592 read: Hair Oil
Thread with TID = 140737305904832 read: Sunscreen
Thread with TID = 140737274447552 read: Hair Mousse
Thread with TID = 140737337362112 read: Hair Wax
Thread with TID = 140737347847872 read: Hand Cream
Thread with TID = 140737242990272 read: Lip Liner
Thread with TID = 140737284933312 read: Hair Dryer
Thread with TID = 140736943097536 read: Nail Strengthener
Thread with TID = 140736922126016 read: Face Powder
Thread with TID = 140736953583296 read: Lip Balm
Thread with TID = 140736932611776 read: Foot Cream
Thread with TID = 140736911640256 read: Acne Treatment
Thread with TID = 140737006012096 read: Comb
Thread with TID = 140736995526336 read: Sheet Mask
Thread with TID = 140736773228224 read: Body Lotion
Thread with TID = 140736964069056 read: Under-Eye Gel
Thread with TID = 140737263961792 read: Cuticle Cream
Thread with TID = 140737253476032 read: Body Butter
Thread with TID = 140736985040576 read: Epilator
Thread with TID = 140736762742464 read: Lip Scrub
Thread with TID = 140736649496256 read: Blush
Thread with TID = 140736901154496 read: Hair Straightener
Thread with TID = 140736783713984 read: Heat Protection Spray
Thread with TID = 140736680953536 read: Detangler Spray
Thread with TID = 140736974554816 read: Peel-Off Mask
Thread with TID = 140737232504512 read: Body Mist
Thread with TID = 140736794199744 read: Hair Gel
Thread with TID = 140736804685504 read: Bronzer
Thread with TID = 140736815171264 read: Face Serum
Thread with TID = 140736670467776 read: Hair Serum
Thread with TID = 140736659982016 read: BB Cream
Thread with TID = 140737150715584 read: Hair Conditioner
Thread with TID = 140737326876352 read: CC Cream
Thread with TID = 140736639010496 read: Perfume
Thread with TID = 140737140229824 read: Eyeshadow Palette
Thread with TID = 140737129744064 read: Exfoliator
Thread with TID = 140737119258304 read: Dry Shampoo
Thread with TID = 140736525764288 read: Eyeliner
Thread with TID = 140736515278528 read: Moisturizer
Thread with TID = 140737108772544 read: Hair Mask
Thread with TID = 140736546735808 read: Hair Spray
Thread with TID = 140737098286784 read: Beard Oil
Thread with TID = 140737016497856 read: Lip Gloss
Thread with TID = 140736504792768 read: Face Wash
Thread with TID = 140736441878208 read: Compact Powder
Thread with TID = 140736494307008 read: Leave-In Conditioner
Thread with TID = 140736473335488 read: Concealer
Thread with TID = 140736368477888 read: Nail Polish
Thread with TID = 140736483821248 read: Cuticle Oil
Thread with TID = 140736452363968 read: Shaving Cream
Thread with TID = 140736357992128 read: Face Mask
Thread with TID = 140736536250048 read: Nail Buffer
Thread with TID = 140736462849728 read: Highlighter
Thread with TID = 140736628524736 read: Clay Mask
Thread with TID = 140736399935168 read: Toner
Thread with TID = 140736420906688 read: Eye Cream
Thread with TID = 140736431392448 read: Micellar Water
Thread with TID = 140736378963648 read: Aftershave Balm
Thread with TID = 140736389449408 read: Body Scrub
Thread with TID = 140736410420928 read: Beard Wash
Thread with TID = 140736347506368 read: Anti-Aging Cream
Thread with TID = 140736337020608 read: Hair Shampoo
Thread with TID = 140736284591808 read: Lipstick
Thread with TID = 140736326534848 read: Mascara
Thread with TID = 140736274106048 read: Foundation
Thread with TID = 140736263620288 read: Cleansing Oil
Thread with TID = 140736316049088 read: Hairbrush
Thread with TID = 140736253134528 read: Makeup Remover
Thread with TID = 140736242648768 read: Hair Curler
Thread with TID = 140736305563328 read: Beard Balm
Thread with TID = 140736295077568 read: Scrub
