Process PID: 34230
Thread with TID = 140737347847872 read: Hand Cream
Thread with TID = 140737316390592 read: Hair Oil
Thread with TID = 140737305904832 read: Sunscreen
Thread with TID = 140737196852928 read: Hair Mousse
Thread with TID = 140737165395648       (read and found): ((Body Butter))
Thread with TID = 140737154909888 read: Lip Liner
Thread with TID = 140737337362112 read: Hair Wax
Thread with TID = 140737175881408 read: Cuticle Cream
Thread with TID = 140737144424128 read: Body Mist
Thread with TID = 140737207338688       (read and found): ((Hair Dryer))
Thread with TID = 140737186367168 read: Hair Conditioner
Thread with TID = 140737133938368 read: Comb
Thread with TID = 140737217824448 read: Essence
Thread with TID = 140737326876352 read: CC Cream
Thread with TID = 140737112966848 read: Epilator
Thread with TID = 140737123452608 read: Sheet Mask
Thread with TID = 140737102481088 read: Peel-Off Mask
Thread with TID = 140736985040576 read: Foot Cream
Thread with TID = 140736964069056 read: Acne Treatment
Thread with TID = 140737016497856 read: Under-Eye Gel
Thread with TID = 140736882280128 read: Hair Straightener
Thread with TID = 140736995526336 read: Nail Strengthener
Thread with TID = 140737006012096 read: Lip Balm
Thread with TID = 140736861308608 read: Bronzer
Thread with TID = 140736829851328 read: Body Lotion
Thread with TID = 140736850822848 read: Hair Gel
Thread with TID = 140736871794368 read: Face Serum
Thread with TID = 140736840337088 read: Heat Protection Spray
Thread with TID = 140736808879808 read: Detangler Spray
Thread with TID = 140736819365568 read: Lip Scrub
Thread with TID = 140736798394048 read: Hair Serum
Thread with TID = 140736974554816 read: Face Powder
Thread with TID = 140736787908288 read: BB Cream
Thread with TID = 140736670467776 read: Dry Shampoo
Thread with TID = 140736777422528 read: Blush
Thread with TID = 140736639010496 read: Lip Gloss
Thread with TID = 140736766936768 read: Eyeshadow Palette
Thread with TID = 140736618038976 read: Clay Mask
Thread with TID = 140736597067456 read: Nail Buffer
Thread with TID = 140736649496256 read: Beard Oil
Thread with TID = 140736586581696 read: Eyeliner
Thread with TID = 140736576095936 read: Moisturizer
Thread with TID = 140736607553216 read: Hair Spray
Thread with TID = 140736628524736 read: Perfume
Thread with TID = 140736565610176 read: Face Wash
Thread with TID = 140736680953536 read: Exfoliator
Thread with TID = 140736659982016 read: Hair Mask
Thread with TID = 140736555124416 read: Leave-In Conditioner
Thread with TID = 140736534152896 read: Concealer
Thread with TID = 140736523667136 read: Highlighter
Thread with TID = 140736502695616 read: Compact Powder
Thread with TID = 140736492209856 read: Micellar Water
Thread with TID = 140736513181376       (read and found): ((Shaving Cream))
Thread with TID = 140736460752576 read: Toner
Thread with TID = 140736471238336 read: Beard Wash
Thread with TID = 140736481724096 read: Eye Cream
Thread with TID = 140736450266816 read: Body Scrub
Thread with TID = 140736544638656 read: Cuticle Oil
Thread with TID = 140736439781056 read: Aftershave Balm
Thread with TID = 140736418809536 read: Face Mask
Thread with TID = 140736408323776 read: Anti-Aging Cream
Thread with TID = 140736397838016 read: Hair Shampoo
Thread with TID = 140736429295296 read: Nail Polish
Thread with TID = 140736376866496 read: Hairbrush
Thread with TID = 140736366380736 read: Beard Balm
Thread with TID = 140736345409216       (read and found): ((Lipstick))
Thread with TID = 140736334923456 read: Foundation
Thread with TID = 140736387352256 read: Mascara
Thread with TID = 140736303466176 read: Hair Curler
Thread with TID = 140736313951936 read: Makeup Remover
Thread with TID = 140736324437696 read: Cleansing Oil
Thread with TID = 140736355894976 read: Scrub
