Process PID: 9997
Thread with TID = 140737347847872 read: Hand Cream
Thread with TID = 140737274447552 read: Hair Mousse
Thread with TID = 140737263961792 read: Hair Conditioner
Thread with TID = 140737326876352 read: CC Cream
Thread with TID = 140737253476032 read: Cuticle Cream
Thread with TID = 140737305904832 read: Sunscreen
Thread with TID = 140737295419072 read: Essence
Thread with TID = 140737284933312 read: Hair Dryer
Thread with TID = 140737316390592 read: Hair Oil
Thread with TID = 140737242990272 read: Body Butter
Thread with TID = 140737150715584 read: Lip Liner
Thread with TID = 140737337362112 read: Hair Wax
Thread with TID = 140737140229824 read: Comb
Thread with TID = 140737087801024 read: Lip Balm
Thread with TID = 140737232504512 read: Body Mist
Thread with TID = 140737056343744 read: Face Powder
Thread with TID = 140737108772544 read: Peel-Off Mask
Thread with TID = 140737119258304 read: Epilator
Thread with TID = 140737077315264 read: Nail Strengthener
Thread with TID = 140737035372224 read: Hair Straightener
Thread with TID = 140737066829504 read: Foot Cream
Thread with TID = 140737045857984 read: Acne Treatment
Thread with TID = 140736938903232 read: Bronzer
Thread with TID = 140737098286784 read: Under-Eye Gel
Thread with TID = 140736949388992 read: Face Serum
Thread with TID = 140736928417472 read: Hair Gel
Thread with TID = 140736917931712 read: Heat Protection Spray
Thread with TID = 140736907445952 read: Body Lotion
Thread with TID = 140736804685504 read: Hair Serum
Thread with TID = 140736815171264 read: Detangler Spray
Thread with TID = 140736896960192 read: Lip Scrub
Thread with TID = 140736794199744 read: BB Cream
Thread with TID = 140736783713984 read: Blush
Thread with TID = 140736689342144 read: Hair Spray
Thread with TID = 140736752256704 read: Dry Shampoo
Thread with TID = 140736741770944 read: Hair Mask
Thread with TID = 140737129744064 read: Sheet Mask
Thread with TID = 140736720799424 read: Lip Gloss
Thread with TID = 140736710313664 read: Perfume
Thread with TID = 140736762742464 read: Exfoliator
Thread with TID = 140736678856384 read: Nail Buffer
Thread with TID = 140736657884864 read: Moisturizer
Thread with TID = 140736773228224 read: Eyeshadow Palette
Thread with TID = 140736731285184 read: Beard Oil
Thread with TID = 140736647399104 read: Face Wash
Thread with TID = 140736559318720 read: Cuticle Oil
Thread with TID = 140736458655424 read: Shaving Cream
Thread with TID = 140736469141184 read: Highlighter
Thread with TID = 140736448169664 read: Compact Powder
Thread with TID = 140736427198144 read: Eye Cream
Thread with TID = 140736479626944 read: Concealer
Thread with TID = 140736437683904 read: Micellar Water
Thread with TID = 140736395740864 read: Body Scrub
Thread with TID = 140736569804480 read: Leave-In Conditioner
Thread with TID = 140736364283584 read: Face Mask
Thread with TID = 140736385255104 read: Aftershave Balm
Thread with TID = 140736353797824 read: Anti-Aging Cream
Thread with TID = 140736416712384 read: Beard Wash
Thread with TID = 140736374769344 read: Nail Polish
Thread with TID = 140736406226624 read: Toner
Thread with TID = 140736668370624 read: Eyeliner
Thread with TID = 140736636913344 read: Hair Shampoo
Thread with TID = 140736343312064 read: Foundation
Thread with TID = 140736626427584 read: Mascara
Thread with TID = 140736615941824 read: Hairbrush
Thread with TID = 140736594970304 read: Scrub
Thread with TID = 140736605456064 read: Beard Balm
Thread with TID = 140736584484544 read: Lipstick
Thread with TID = 140736332826304 read: Cleansing Oil
Thread with TID = 140736322340544 read: Makeup Remover
Thread with TID = 140736311854784 read: Hair Curler
Thread with TID = 140736699827904 read: Clay Mask
