Process PID: 30292
Thread with TID = 138793986295488 read: Peel-Off Mask
Thread with TID = 138794154067648 read: Hand Cream
Thread with TID = 138793996781248 read: Epilator
Thread with TID = 138794080667328 read: Hair Mousse
Thread with TID = 138794059695808 read: Cuticle Cream
Thread with TID = 138794143581888 read: Hair Wax
Thread with TID = 138794122610368 read: Hair Oil
Thread with TID = 138794049210048 read: Body Butter
Thread with TID = 138794070181568 read: Hair Conditioner
Thread with TID = 138794038724288 read: Lip Liner
Thread with TID = 138794028238528 read: Body Mist
Thread with TID = 138794007267008 read: Sheet Mask
Thread with TID = 138794101638848 read: Essence
Thread with TID = 138793975809728 read: Under-Eye Gel
Thread with TID = 138793745123008 read: Nail Strengthener
Thread with TID = 138794091153088 read: Hair Dryer
Thread with TID = 138794017752768 read: Comb
Thread with TID = 138794133096128 read: CC Cream
Thread with TID = 138793724151488 read: Face Powder
Thread with TID = 138793734637248 read: Foot Cream
Thread with TID = 138793868854976 read: Hair Straightener
Thread with TID = 138793703179968 read: Lip Scrub
Thread with TID = 138793692694208 read: Detangler Spray
Thread with TID = 138793965323968 read: Lip Balm
Thread with TID = 138793600419520 read: BB Cream
Thread with TID = 138793858369216 read: Face Serum
Thread with TID = 138793826911936 read: Heat Protection Spray
Thread with TID = 138793879340736 read: Acne Treatment
Thread with TID = 138793568962240 read: Exfoliator
Thread with TID = 138793579448000 read: Eyeshadow Palette
Thread with TID = 138793713665728 read: Body Lotion
Thread with TID = 138793847883456 read: Bronzer
Thread with TID = 138793610905280 read: Hair Serum
Thread with TID = 138793837397696 read: Hair Gel
Thread with TID = 138794112124608 read: Sunscreen
Thread with TID = 138793589933760 read: Blush
Thread with TID = 138793476687552 read: Hair Mask
Thread with TID = 138793558476480 read: Dry Shampoo
Thread with TID = 138793466201792 read: Beard Oil
Thread with TID = 138793455716032 read: Lip Gloss
Thread with TID = 138793445230272 read: Perfume
Thread with TID = 138793413772992 read: Nail Buffer
Thread with TID = 138793424258752 read: Hair Spray
Thread with TID = 138793403287232 read: Eyeliner
Thread with TID = 138793434744512 read: Clay Mask
Thread with TID = 138793382315712 read: Face Wash
Thread with TID = 138793361344192 read: Cuticle Oil
Thread with TID = 138793287943872 read: Beard Wash
Thread with TID = 138793319401152 read: Compact Powder
Thread with TID = 138793329886912 read: Shaving Cream
Thread with TID = 138793350858432 read: Concealer
Thread with TID = 138793392801472 read: Moisturizer
Thread with TID = 138793298429632 read: Eye Cream
Thread with TID = 138793308915392 read: Micellar Water
Thread with TID = 138793371829952 read: Leave-In Conditioner
Thread with TID = 138793277458112 read: Toner
Thread with TID = 138793340372672 read: Highlighter
Thread with TID = 138793090811584 read: Anti-Aging Cream
Thread with TID = 138793266972352 read: Body Scrub
Thread with TID = 138793256486592 read: Aftershave Balm
Thread with TID = 138793235515072 read: Scrub
Thread with TID = 138793246000832 read: Nail Polish
Thread with TID = 138792862222016 read: Mascara
Thread with TID = 138792872707776 read: Hair Shampoo
Thread with TID = 138792841250496 read: Beard Balm
Thread with TID = 138793101297344 read: Face Mask
Thread with TID = 138792851736256 read: Hairbrush
Thread with TID = 138793141143232 read: Foundation
Thread with TID = 138793225029312 read: Lipstick
Thread with TID = 138793120171712 read: Makeup Remover
Thread with TID = 138793130657472 read: Cleansing Oil
Thread with TID = 138793006925504 read: Hair Curler
