Process PID: 7741
Thread with TID = 140737326876352 read: CC Cream
Thread with TID = 140737337362112 read: Hair Wax
Thread with TID = 140737347847872 read: Hand Cream
Thread with TID = 140737305904832 read: Hair Dryer
Thread with TID = 140737182172864 read: Hair Oil
Thread with TID = 140737316390592 read: Essence
Thread with TID = 140737171687104 read: Sunscreen
Thread with TID = 140737217824448 read: Hair Mousse
Thread with TID = 140737083606720 read: Body Butter
Thread with TID = 140737062635200 read: Body Mist
Thread with TID = 140737073120960 read: Lip Liner
Thread with TID = 140737207338688 read: Hair Conditioner
Thread with TID = 140737196852928 read: Cuticle Cream
Thread with TID = 140737031177920 read: Epilator
Thread with TID = 140737041663680 read: Sheet Mask
Thread with TID = 140737052149440 read: Comb
Thread with TID = 140736815171264 read: Peel-Off Mask
Thread with TID = 140736804685504 read: Under-Eye Gel
Thread with TID = 140736794199744 read: Lip Balm
Thread with TID = 140736783713984 read: Nail Strengthener
Thread with TID = 140736762742464 read: Face Powder
Thread with TID = 140736773228224 read: Foot Cream
Thread with TID = 140736752256704 read: Acne Treatment
Thread with TID = 140736710313664 read: Hair Gel
Thread with TID = 140736720799424 read: Bronzer
Thread with TID = 140736689342144 read: Body Lotion
Thread with TID = 140736678856384 read: Lip Scrub
Thread with TID = 140736699827904 read: Heat Protection Spray
Thread with TID = 140736668370624 read: Detangler Spray
Thread with TID = 140736647399104 read: BB Cream
Thread with TID = 140736657884864 read: Hair Serum
Thread with TID = 140736741770944 read: Hair Straightener
Thread with TID = 140736731285184 read: Face Serum
Thread with TID = 140736636913344 read: Blush
Thread with TID = 140736615941824 read: Exfoliator
Thread with TID = 140736532055744 read: Nail Buffer
Thread with TID = 140736573998784 read: Lip Gloss
Thread with TID = 140736594970304 read: Hair Mask
Thread with TID = 140736553027264 read: Clay Mask
Thread with TID = 140736521569984 read: Eyeliner
Thread with TID = 140736563513024 read: Perfume
Thread with TID = 140736542541504 read: Hair Spray
Thread with TID = 140736511084224 read: Moisturizer
Thread with TID = 140736490112704 read: Leave-In Conditioner
Thread with TID = 140736626427584 read: Eyeshadow Palette
Thread with TID = 140736605456064 read: Dry Shampoo
Thread with TID = 140736500598464 read: Face Wash
Thread with TID = 140736584484544 read: Beard Oil
Thread with TID = 140736479626944 read: Cuticle Oil
Thread with TID = 140736469141184 read: Concealer
Thread with TID = 140736427198144 read: Micellar Water
Thread with TID = 140736448169664 read: Shaving Cream
Thread with TID = 140736458655424 read: Highlighter
Thread with TID = 140736416712384 read: Eye Cream
Thread with TID = 140736406226624 read: Beard Wash
Thread with TID = 140736395740864 read: Toner
Thread with TID = 140736385255104 read: Body Scrub
Thread with TID = 140736374769344 read: Aftershave Balm
Thread with TID = 140736364283584 read: Nail Polish
Thread with TID = 140736343312064 read: Anti-Aging Cream
Thread with TID = 140736353797824 read: Face Mask
Thread with TID = 140736332826304 read: Hair Shampoo
Thread with TID = 140736437683904 read: Compact Powder
Thread with TID = 140736322340544 read: Mascara
Thread with TID = 140736311854784 read: Hairbrush
Thread with TID = 140736301369024 read: Beard Balm
Thread with TID = 140736290883264 read: Scrub
Thread with TID = 140736280397504 read: Lipstick
Thread with TID = 140736259425984 read: Cleansing Oil
Thread with TID = 140736269911744 read: Foundation
Thread with TID = 140736248940224 read: Makeup Remover
Thread with TID = 140736238454464 read: Hair Curler
