Process PID: 26978
Thread with TID = 123280572810944 read: Hair Wax
Thread with TID = 123280384067264 read: Body Mist
Thread with TID = 123280583296704 read: Hand Cream
Thread with TID = 123280562325184 read: CC Cream
Thread with TID = 123280541353664 read: Sunscreen
Thread with TID = 123280551839424 read: Hair Oil
Thread with TID = 123280446981824 read: Hair Dryer
Thread with TID = 123280363095744 read: Sheet Mask
Thread with TID = 123280426010304 read: Hair Conditioner
Thread with TID = 123280415524544 read: Cuticle Cream
Thread with TID = 123280405038784 read: Body Butter
Thread with TID = 123280268723904 read: Hair Straightener
Thread with TID = 123280394553024 read: Lip Liner
Thread with TID = 123280289695424 read: Face Powder
Thread with TID = 123280279209664 read: Acne Treatment
Thread with TID = 123280321152704 read: Lip Balm
Thread with TID = 123280258238144 read: Face Serum
Thread with TID = 123280436496064 read: Hair Mousse
Thread with TID = 123280226780864 read: Heat Protection Spray
Thread with TID = 123280216295104 read: Body Lotion
Thread with TID = 123280331638464 read: Under-Eye Gel
Thread with TID = 123280184837824 read: Hair Serum
Thread with TID = 123280205809344 read: Lip Scrub
Thread with TID = 123280237266624 read: Hair Gel
Thread with TID = 123280310666944 read: Nail Strengthener
Thread with TID = 123280163866304 read: Eyeshadow Palette
Thread with TID = 123279910110912 read: Hair Mask
Thread with TID = 123279899625152 read: Beard Oil
Thread with TID = 123279868167872 read: Clay Mask
Thread with TID = 123280457467584 read: Essence
Thread with TID = 123280153380544 read: Exfoliator
Thread with TID = 123280342124224 read: Peel-Off Mask
Thread with TID = 123280142894784 read: Dry Shampoo
Thread with TID = 123279878653632 read: Perfume
Thread with TID = 123279889139392 read: Lip Gloss
Thread with TID = 123280300181184 read: Foot Cream
Thread with TID = 123280373581504 read: Comb
Thread with TID = 123280054814400 read: BB Cream
Thread with TID = 123280174352064 read: Blush
Thread with TID = 123279857682112 read: Hair Spray
Thread with TID = 123280352609984 read: Epilator
Thread with TID = 123280247752384 read: Bronzer
Thread with TID = 123279847196352 read: Concealer
Thread with TID = 123280012871360 read: Face Wash
Thread with TID = 123279719270080 read: Eye Cream
Thread with TID = 123279708784320 read: Beard Wash
Thread with TID = 123279836710592 read: Highlighter
Thread with TID = 123279698298560 read: Toner
Thread with TID = 123279687812800 read: Body Scrub
Thread with TID = 123279677327040 read: Aftershave Balm
Thread with TID = 123279666841280 read: Nail Polish
Thread with TID = 123279585052352 read: Face Mask
Thread with TID = 123279553595072 read: Mascara
Thread with TID = 123279543109312 read: Hairbrush
Thread with TID = 123279450834624 read: Scrub
Thread with TID = 123279532623552 read: Beard Balm
Thread with TID = 123279440348864 read: Lipstick
Thread with TID = 123280044328640 read: Nail Buffer
Thread with TID = 123280033842880 read: Eyeliner
Thread with TID = 123280023357120 read: Moisturizer
Thread with TID = 123280002385600 read: Leave-In Conditioner
Thread with TID = 123279920596672 read: Cuticle Oil
Thread with TID = 123279826224832 read: Shaving Cream
Thread with TID = 123279815739072 read: Compact Powder
Thread with TID = 123279805253312 read: Micellar Water
Thread with TID = 123279429863104 read: Foundation
Thread with TID = 123279574566592 read: Anti-Aging Cream
Thread with TID = 123279564080832 read: Hair Shampoo
Thread with TID = 123280195323584 read: Detangler Spray
Thread with TID = 123279419377344 read: Cleansing Oil
Thread with TID = 123279408891584 read: Makeup Remover
Thread with TID = 123279398405824 read: Hair Curler
