Process PID: 32265
Thread with TID = 133257586804416 read: CC Cream
Thread with TID = 133257555347136 read: Essence
Thread with TID = 133257576318656 read: Hair Oil
Thread with TID = 133257544861376 read: Hair Dryer
Thread with TID = 133257565832896 read: Sunscreen
Thread with TID = 133257196734144 read: Hair Mousse
Thread with TID = 133257465169600 read: Hair Conditioner
Thread with TID = 133257433712320 read: Lip Liner
Thread with TID = 133257454683840 read: Cuticle Cream
Thread with TID = 133257423226560 read: Body Mist
Thread with TID = 133257597290176 read: Hair Wax
Thread with TID = 133257330951872 read: Sheet Mask
Thread with TID = 133257320466112 read: Epilator
Thread with TID = 133257444198080 read: Body Butter
Thread with TID = 133257412740800 read: Comb
Thread with TID = 133257607775936 read: Hand Cream
Thread with TID = 133257309980352 read: Peel-Off Mask
Thread with TID = 133257299494592 read: Under-Eye Gel
Thread with TID = 133257175762624 read: Face Powder
Thread with TID = 133257289008832 read: Lip Balm
Thread with TID = 133257165276864 read: Acne Treatment
Thread with TID = 133257144305344 read: Face Serum
Thread with TID = 133256995407552 read: Bronzer
Thread with TID = 133257278523072 read: Nail Strengthener
Thread with TID = 133257154791104 read: Hair Straightener
Thread with TID = 133257186248384 read: Foot Cream
Thread with TID = 133256984921792 read: Hair Gel
Thread with TID = 133256963950272 read: Body Lotion
Thread with TID = 133256932492992 read: Hair Serum
Thread with TID = 133256953464512 read: Lip Scrub
Thread with TID = 133256974436032 read: Heat Protection Spray
Thread with TID = 133256942978752 read: Detangler Spray
Thread with TID = 133256922007232 read: BB Cream
Thread with TID = 133256911521472 read: Blush
Thread with TID = 133256869578432 read: Hair Mask
Thread with TID = 133256806663872 read: Nail Buffer
Thread with TID = 133256796178112 read: Eyeliner
Thread with TID = 133256785692352 read: Moisturizer
Thread with TID = 133256890549952 read: Exfoliator
Thread with TID = 133256827635392 read: Clay Mask
Thread with TID = 133256880064192 read: Dry Shampoo
Thread with TID = 133256817149632 read: Hair Spray
Thread with TID = 133256754235072 read: Cuticle Oil
Thread with TID = 133256743749312 read: Concealer
Thread with TID = 133256722777792 read: Shaving Cream
Thread with TID = 133256733263552 read: Highlighter
Thread with TID = 133256859092672 read: Beard Oil
Thread with TID = 133256712292032 read: Compact Powder
Thread with TID = 133256901035712 read: Eyeshadow Palette
Thread with TID = 133256848606912 read: Lip Gloss
Thread with TID = 133256838121152 read: Perfume
Thread with TID = 133256775206592 read: Face Wash
Thread with TID = 133256764720832 read: Leave-In Conditioner
Thread with TID = 133256701806272 read: Micellar Water
Thread with TID = 133256691320512 read: Eye Cream
Thread with TID = 133256670348992 read: Toner
Thread with TID = 133256680834752 read: Beard Wash
Thread with TID = 133256649377472 read: Aftershave Balm
Thread with TID = 133256659863232 read: Body Scrub
Thread with TID = 133256638891712 read: Nail Polish
Thread with TID = 133256628405952 read: Face Mask
Thread with TID = 133256607434432 read: Hair Shampoo
Thread with TID = 133256617920192 read: Anti-Aging Cream
Thread with TID = 133256596948672 read: Mascara
Thread with TID = 133256586462912 read: Hairbrush
Thread with TID = 133256575977152 read: Beard Balm
Thread with TID = 133256565491392 read: Scrub
Thread with TID = 133256555005632 read: Lipstick
Thread with TID = 133256544519872 read: Foundation
Thread with TID = 133256534034112 read: Cleansing Oil
Thread with TID = 133256523548352 read: Makeup Remover
Thread with TID = 133256513062592 read: Hair Curler
