Process PID: 32724
Thread with TID = 140737337362112 read: Hair Wax
Thread with TID = 140737347847872 read: Hand Cream
Thread with TID = 140737326876352 read: CC Cream
Thread with TID = 140737305904832 read: Sunscreen
Thread with TID = 140737316390592 read: Hair Oil
Thread with TID = 140737083606720 read: Essence
Thread with TID = 140737217824448 read: Hair Dryer
Thread with TID = 140737165395648 read: Lip Liner
Thread with TID = 140737196852928 read: Hair Conditioner
Thread with TID = 140737175881408 read: Body Butter
Thread with TID = 140737186367168 read: Cuticle Cream
Thread with TID = 140737073120960 read: Body Mist
Thread with TID = 140737207338688 read: Hair Mousse
Thread with TID = 140737062635200 read: Comb
Thread with TID = 140737052149440 read: Sheet Mask
Thread with TID = 140737041663680 read: Epilator
Thread with TID = 140737031177920 read: Peel-Off Mask
Thread with TID = 140736882280128 read: Under-Eye Gel
Thread with TID = 140736871794368 read: Lip Balm
Thread with TID = 140736861308608 read: Nail Strengthener
Thread with TID = 140736850822848 read: Foot Cream
Thread with TID = 140736840337088 read: Face Powder
Thread with TID = 140736829851328 read: Acne Treatment
Thread with TID = 140736819365568 read: Hair Straightener
Thread with TID = 140736808879808 read: Face Serum
Thread with TID = 140736798394048 read: Bronzer
Thread with TID = 140736787908288 read: Hair Gel
Thread with TID = 140736777422528 read: Heat Protection Spray
Thread with TID = 140736766936768 read: Body Lotion
Thread with TID = 140736756451008 read: Lip Scrub
Thread with TID = 140736745965248 read: Detangler Spray
Thread with TID = 140736704022208 read: Eyeshadow Palette
Thread with TID = 140736693536448 read: Exfoliator
Thread with TID = 140736714507968 read: Blush
Thread with TID = 140736662079168 read: Beard Oil
Thread with TID = 140736724993728 read: BB Cream
Thread with TID = 140736683050688 read: Dry Shampoo
Thread with TID = 140736672564928 read: Hair Mask
Thread with TID = 140736651593408 read: Lip Gloss
Thread with TID = 140736735479488 read: Hair Serum
Thread with TID = 140736641107648 read: Perfume
Thread with TID = 140736630621888 read: Clay Mask
Thread with TID = 140736609650368 read: Nail Buffer
Thread with TID = 140736599164608 read: Eyeliner
Thread with TID = 140736588678848 read: Moisturizer
Thread with TID = 140736620136128 read: Hair Spray
Thread with TID = 140736578193088 read: Face Wash
Thread with TID = 140736536250048 read: Highlighter
Thread with TID = 140736525764288 read: Shaving Cream
Thread with TID = 140736567707328 read: Leave-In Conditioner
Thread with TID = 140736557221568 read: Cuticle Oil
Thread with TID = 140736515278528 read: Compact Powder
Thread with TID = 140736546735808 read: Concealer
Thread with TID = 140736504792768 read: Micellar Water
Thread with TID = 140736494307008 read: Eye Cream
Thread with TID = 140736483821248 read: Beard Wash
Thread with TID = 140736473335488 read: Toner
Thread with TID = 140736462849728 read: Body Scrub
Thread with TID = 140736452363968 read: Aftershave Balm
Thread with TID = 140736441878208 read: Nail Polish
Thread with TID = 140736431392448 read: Face Mask
Thread with TID = 140736420906688 read: Anti-Aging Cream
Thread with TID = 140736410420928 read: Hair Shampoo
Thread with TID = 140736399935168 read: Mascara
Thread with TID = 140736389449408 read: Hairbrush
Thread with TID = 140736368477888 read: Scrub
Thread with TID = 140736378963648 read: Beard Balm
Thread with TID = 140736357992128 read: Lipstick
Thread with TID = 140736347506368 read: Foundation
Thread with TID = 140736337020608 read: Cleansing Oil
Thread with TID = 140736326534848 read: Makeup Remover
Thread with TID = 140736316049088 read: Hair Curler
