Process PID: 133833
Thread with TID = 140737316390592 read: Hair Oil
Thread with TID = 140737295419072 read: Essence
Thread with TID = 140737347847872 read: Hand Cream
Thread with TID = 140737337362112 read: Hair Wax
Thread with TID = 140737326876352 read: CC Cream
Thread with TID = 140737253476032 read: Cuticle Cream
Thread with TID = 140737242990272 read: Body Butter
Thread with TID = 140737305904832 read: Sunscreen
Thread with TID = 140737232504512 read: Lip Liner
Thread with TID = 140737284933312 read: Hair Dryer
Thread with TID = 140737274447552 read: Hair Mousse
Thread with TID = 140737083606720 read: Body Mist
Thread with TID = 140737263961792 read: Hair Conditioner
Thread with TID = 140737073120960 read: Comb
Thread with TID = 140737062635200 read: Sheet Mask
Thread with TID = 140737052149440 read: Epilator
Thread with TID = 140736968263360 read: Hair Straightener
Thread with TID = 140736947291840 read: Bronzer
Thread with TID = 140736936806080 read: Hair Gel
Thread with TID = 140736957777600 read: Face Serum
Thread with TID = 140737041663680 read: Peel-Off Mask
Thread with TID = 140737031177920 read: Under-Eye Gel
Thread with TID = 140737020692160 read: Lip Balm
Thread with TID = 140736915834560 read: Body Lotion
Thread with TID = 140737010206400 read: Nail Strengthener
Thread with TID = 140736905348800 read: Lip Scrub
Thread with TID = 140736999720640 read: Foot Cream
Thread with TID = 140736863405760 read: Blush
Thread with TID = 140736989234880 read: Face Powder
Thread with TID = 140736873891520 read: BB Cream
Thread with TID = 140736926320320 read: Heat Protection Spray
Thread with TID = 140736852920000 read: Eyeshadow Palette
Thread with TID = 140736842434240 read: Exfoliator
Thread with TID = 140736831948480 read: Dry Shampoo
Thread with TID = 140736737576640 read: Beard Oil
Thread with TID = 140736716605120 read: Perfume
Thread with TID = 140736479626944 read: Nail Buffer
Thread with TID = 140736978749120 read: Acne Treatment
Thread with TID = 140736706119360 read: Clay Mask
Thread with TID = 140736748062400 read: Hair Mask
Thread with TID = 140736727090880 read: Lip Gloss
Thread with TID = 140736458655424 read: Moisturizer
Thread with TID = 140736469141184 read: Eyeliner
Thread with TID = 140736448169664 read: Face Wash
Thread with TID = 140736695633600 read: Hair Spray
Thread with TID = 140736437683904 read: Leave-In Conditioner
Thread with TID = 140736158762688 read: Eye Cream
Thread with TID = 140736179734208 read: Compact Powder
Thread with TID = 140736211191488 read: Concealer
Thread with TID = 140736148276928 read: Beard Wash
Thread with TID = 140736427198144 read: Cuticle Oil
Thread with TID = 140736169248448 read: Micellar Water
Thread with TID = 140736137791168 read: Toner
Thread with TID = 140736190219968 read: Shaving Cream
Thread with TID = 140736011962048 read: Foundation
Thread with TID = 140736200705728 read: Highlighter
Thread with TID = 140736001476288 read: Cleansing Oil
Thread with TID = 140736884377280 read: Hair Serum
Thread with TID = 140736894863040 read: Detangler Spray
Thread with TID = 140736116819648 read: Aftershave Balm
Thread with TID = 140736106333888 read: Nail Polish
Thread with TID = 140736043419328 read: Beard Balm
Thread with TID = 140736095848128 read: Face Mask
Thread with TID = 140736085362368 read: Anti-Aging Cream
Thread with TID = 140736032933568 read: Scrub
Thread with TID = 140735990990528 read: Makeup Remover
Thread with TID = 140736064390848 read: Mascara
Thread with TID = 140735980504768 read: Hair Curler
Thread with TID = 140736022447808 read: Lipstick
Thread with TID = 140736127305408 read: Body Scrub
Thread with TID = 140736074876608 read: Hair Shampoo
Thread with TID = 140736053905088 read: Hairbrush
