Process PID: 35307
Thread with TID = 132514224015040 read: Sunscreen
Thread with TID = 132514068825792 read: Body Mist
Thread with TID = 132514192557760 read: Hair Mousse
Thread with TID = 132514244986560 read: CC Cream
Thread with TID = 132514089797312 read: Body Butter
Thread with TID = 132514203043520 read: Hair Dryer
Thread with TID = 132514255472320 read: Hair Wax
Thread with TID = 132514265958080 read: Hand Cream
Thread with TID = 132513924122304 read: Comb
Thread with TID = 132514100283072 read: Cuticle Cream
Thread with TID = 132514234500800 read: Hair Oil
Thread with TID = 132514079311552 read: Lip Liner
Thread with TID = 132514182072000 read: Hair Conditioner
Thread with TID = 132514213529280 read: Essence
Thread with TID = 132514058340032 read: Sheet Mask
Thread with TID = 132513955579584 read: Under-Eye Gel
Thread with TID = 132514047854272 read: Epilator
Thread with TID = 132513966065344 read: Peel-Off Mask
Thread with TID = 132513945093824 read: Lip Balm
Thread with TID = 132513831847616 read: Face Powder
Thread with TID = 132513800390336 read: Face Serum
Thread with TID = 132513789904576 read: Bronzer
Thread with TID = 132513821361856 read: Acne Treatment
Thread with TID = 132513810876096 read: Hair Straightener
Thread with TID = 132513934608064 read: Nail Strengthener
Thread with TID = 132513913636544 read: Foot Cream
Thread with TID = 132513687144128 read: Body Lotion
Thread with TID = 132513645201088 read: BB Cream
Thread with TID = 132513563412160 read: Blush
Thread with TID = 132513521469120 read: Hair Mask
Thread with TID = 132513697629888 read: Heat Protection Spray
Thread with TID = 132513779418816 read: Hair Gel
Thread with TID = 132513552926400 read: Eyeshadow Palette
Thread with TID = 132513666172608 read: Detangler Spray
Thread with TID = 132513655686848 read: Hair Serum
Thread with TID = 132513676658368 read: Lip Scrub
Thread with TID = 132513542440640 read: Exfoliator
Thread with TID = 132513531954880 read: Dry Shampoo
Thread with TID = 132513429194432 read: Lip Gloss
Thread with TID = 132513418708672 read: Perfume
Thread with TID = 132513408222912 read: Clay Mask
Thread with TID = 132513510983360 read: Beard Oil
Thread with TID = 132513397737152 read: Hair Spray
Thread with TID = 132513387251392 read: Nail Buffer
Thread with TID = 132513376765632 read: Eyeliner
Thread with TID = 132513294976704 read: Moisturizer
Thread with TID = 132513284490944 read: Face Wash
Thread with TID = 132513274005184 read: Leave-In Conditioner
Thread with TID = 132513263519424 read: Cuticle Oil
Thread with TID = 132513242547904 read: Highlighter
Thread with TID = 132513253033664 read: Concealer
Thread with TID = 132513150273216 read: Compact Powder
Thread with TID = 132513160758976 read: Shaving Cream
Thread with TID = 132513139787456 read: Micellar Water
Thread with TID = 132513129301696 read: Eye Cream
Thread with TID = 132513118815936 read: Beard Wash
Thread with TID = 132513108330176 read: Toner
Thread with TID = 132513026541248 read: Body Scrub
Thread with TID = 132513016055488 read: Aftershave Balm
Thread with TID = 132513005569728 read: Nail Polish
Thread with TID = 132512995083968 read: Face Mask
Thread with TID = 132512984598208 read: Anti-Aging Cream
Thread with TID = 132512974112448 read: Hair Shampoo
Thread with TID = 132512892323520 read: Mascara
Thread with TID = 132512881837760 read: Hairbrush
Thread with TID = 132512871352000 read: Beard Balm
Thread with TID = 132512860866240 read: Scrub
Thread with TID = 132512850380480 read: Lipstick
Thread with TID = 132512839894720 read: Foundation
Thread with TID = 132512758105792 read: Cleansing Oil
Thread with TID = 132512747620032 read: Makeup Remover
Thread with TID = 132512737134272 read: Hair Curler
