Process PID: 37229
Thread with TID = 133515066738368 read: Hand Cream
Thread with TID = 133515056252608 read: Hair Wax
Thread with TID = 133515024795328 read: Sunscreen
Thread with TID = 133515045766848 read: CC Cream
Thread with TID = 133515035281088 read: Hair Oil
Thread with TID = 133515014309568 read: Essence
Thread with TID = 133515003823808 read: Hair Dryer
Thread with TID = 133514993338048 read: Hair Mousse
Thread with TID = 133514982852288 read: Hair Conditioner
Thread with TID = 133514961880768 read: Body Butter
Thread with TID = 133514951395008 read: Lip Liner
Thread with TID = 133514919937728 read: Sheet Mask
Thread with TID = 133514806691520 read: Lip Balm
Thread with TID = 133514909451968 read: Epilator
Thread with TID = 133514796205760 read: Nail Strengthener
Thread with TID = 133514827663040 read: Peel-Off Mask
Thread with TID = 133514817177280 read: Under-Eye Gel
Thread with TID = 133514940909248 read: Body Mist
Thread with TID = 133514930423488 read: Comb
Thread with TID = 133514972366528 read: Cuticle Cream
Thread with TID = 133514785720000 read: Foot Cream
Thread with TID = 133514775234240 read: Face Powder
Thread with TID = 133514599073472 read: Hair Serum
Thread with TID = 133514515187392 read: Lip Gloss
Thread with TID = 133514567616192 read: Eyeshadow Palette
Thread with TID = 133514525673152 read: Beard Oil
Thread with TID = 133514504701632 read: Perfume
Thread with TID = 133514546644672 read: Dry Shampoo
Thread with TID = 133514578101952 read: Blush
Thread with TID = 133514536158912 read: Hair Mask
Thread with TID = 133514693445312 read: Acne Treatment
Thread with TID = 133514682959552 read: Hair Straightener
Thread with TID = 133514494215872 read: Clay Mask
Thread with TID = 133514661988032 read: Bronzer
Thread with TID = 133514651502272 read: Hair Gel
Thread with TID = 133514557130432 read: Exfoliator
Thread with TID = 133514641016512 read: Heat Protection Spray
Thread with TID = 133514620044992 read: Lip Scrub
Thread with TID = 133514609559232 read: Detangler Spray
Thread with TID = 133514672473792 read: Face Serum
Thread with TID = 133514588587712 read: BB Cream
Thread with TID = 133514483730112 read: Hair Spray
Thread with TID = 133514462758592 read: Eyeliner
Thread with TID = 133514452272832 read: Moisturizer
Thread with TID = 133514473244352 read: Nail Buffer
Thread with TID = 133514441787072 read: Face Wash
Thread with TID = 133514357900992 read: Leave-In Conditioner
Thread with TID = 133514630530752 read: Body Lotion
Thread with TID = 133514347415232 read: Cuticle Oil
Thread with TID = 133514336929472 read: Concealer
Thread with TID = 133514326443712 read: Highlighter
Thread with TID = 133514315957952 read: Shaving Cream
Thread with TID = 133514156574400 read: Micellar Water
Thread with TID = 133514146088640 read: Eye Cream
Thread with TID = 133514135602880 read: Beard Wash
Thread with TID = 133514305472192 read: Compact Powder
Thread with TID = 133514125117120 read: Toner
Thread with TID = 133514114631360 read: Body Scrub
Thread with TID = 133514104145600 read: Aftershave Balm
Thread with TID = 133514093659840 read: Nail Polish
Thread with TID = 133514083174080 read: Face Mask
Thread with TID = 133514072688320 read: Anti-Aging Cream
Thread with TID = 133514062202560 read: Hair Shampoo
Thread with TID = 133514051716800 read: Mascara
Thread with TID = 133514041231040 read: Hairbrush
Thread with TID = 133514030745280 read: Beard Balm
Thread with TID = 133514020259520 read: Scrub
Thread with TID = 133514009773760 read: Lipstick
Thread with TID = 133513999288000 read: Foundation
Thread with TID = 133513988802240 read: Cleansing Oil
Thread with TID = 133513978316480 read: Makeup Remover
Thread with TID = 133513967830720 read: Hair Curler
