Process PID: 8768
Thread with TID = 124077633177280 read: Hand Cream
Thread with TID = 124077622691520 read: Hair Wax
Thread with TID = 124077591234240 read: Sunscreen
Thread with TID = 124077612205760 read: CC Cream
Thread with TID = 124077477988032 read: Hair Conditioner
Thread with TID = 124077509445312 read: Essence
Thread with TID = 124077375227584 read: Lip Liner
Thread with TID = 124077354256064 read: Comb
Thread with TID = 124077457016512 read: Body Butter
Thread with TID = 124077364741824 read: Body Mist
Thread with TID = 124077601720000 read: Hair Oil
Thread with TID = 124077488473792 read: Hair Mousse
Thread with TID = 124077498959552 read: Hair Dryer
Thread with TID = 124077467502272 read: Cuticle Cream
Thread with TID = 124077333284544 read: Epilator
Thread with TID = 124077343770304 read: Sheet Mask
Thread with TID = 124077322798784 read: Peel-Off Mask
Thread with TID = 124077259884224 read: Acne Treatment
Thread with TID = 124077312313024 read: Under-Eye Gel
Thread with TID = 124077249398464 read: Hair Straightener
Thread with TID = 124077301827264 read: Lip Balm
Thread with TID = 124077238912704 read: Face Serum
Thread with TID = 124077207455424 read: Heat Protection Spray
Thread with TID = 124077291341504 read: Nail Strengthener
Thread with TID = 124077228426944 read: Bronzer
Thread with TID = 124077280855744 read: Foot Cream
Thread with TID = 124077186483904 read: Lip Scrub
Thread with TID = 124077175998144 read: Detangler Spray
Thread with TID = 124077217941184 read: Hair Gel
Thread with TID = 124077123569344 read: Exfoliator
Thread with TID = 124077165512384 read: Hair Serum
Thread with TID = 124077270369984 read: Face Powder
Thread with TID = 124077039683264 read: Dry Shampoo
Thread with TID = 124077029197504 read: Hair Mask
Thread with TID = 124077196969664 read: Body Lotion
Thread with TID = 124077155026624 read: BB Cream
Thread with TID = 124076997740224 read: Perfume
Thread with TID = 124076616058560 read: Highlighter
Thread with TID = 124077144540864 read: Blush
Thread with TID = 124076894979776 read: Nail Buffer
Thread with TID = 124076626544320 read: Concealer
Thread with TID = 124076905465536 read: Hair Spray
Thread with TID = 124077134055104 read: Eyeshadow Palette
Thread with TID = 124077018711744 read: Beard Oil
Thread with TID = 124076884494016 read: Eyeliner
Thread with TID = 124076605572800 read: Shaving Cream
Thread with TID = 124076987254464 read: Clay Mask
Thread with TID = 124076874008256 read: Moisturizer
Thread with TID = 124076595087040 read: Compact Powder
Thread with TID = 124076425217728 read: Beard Wash
Thread with TID = 124076414731968 read: Toner
Thread with TID = 124076393760448 read: Aftershave Balm
Thread with TID = 124076435703488 read: Eye Cream
Thread with TID = 124076234376896 read: Face Mask
Thread with TID = 124076863522496 read: Face Wash
Thread with TID = 124077008225984 read: Lip Gloss
Thread with TID = 124076584601280 read: Micellar Water
Thread with TID = 124076637030080 read: Cuticle Oil
Thread with TID = 124076853036736 read: Leave-In Conditioner
Thread with TID = 124076213405376 read: Hair Shampoo
Thread with TID = 124076223891136 read: Anti-Aging Cream
Thread with TID = 124076404246208 read: Body Scrub
Thread with TID = 124076383274688 read: Nail Polish
Thread with TID = 124076202919616 read: Mascara
Thread with TID = 124076192433856 read: Hairbrush
Thread with TID = 124076079187648 read: Foundation
Thread with TID = 124076089673408 read: Lipstick
Thread with TID = 124076181948096 read: Beard Balm
Thread with TID = 124076100159168 read: Scrub
Thread with TID = 124076068701888 read: Cleansing Oil
Thread with TID = 124076047730368 read: Hair Curler
Thread with TID = 124076058216128 read: Makeup Remover
