Process PID: 12835
Thread with TID = 126657633453760 read: Slinky
Thread with TID = 126657622968000 read: Toy Fishing Set
Thread with TID = 126657643939520 read: Remote-Controlled Car
Thread with TID = 126657654425280 read: Jigsaw Puzzle
Thread with TID = 126657706854080 read: Toy Crown
Thread with TID = 126657685882560 read: Toy Zoo
Thread with TID = 126657790740160 read: Spinning Top
Thread with TID = 126657696368320 read: Toy Submarine
Thread with TID = 126657664911040 read: Action Hero Figure
Thread with TID = 126657801225920 read: Mini Pool Table
Thread with TID = 126657748797120 read: Water Gun
Thread with TID = 126657675396800 read: Puzzle
Thread with TID = 126657811711680 read: Dinosaur Toy
Thread with TID = 126657832683200 read: Toy Camera
Thread with TID = 126657717339840 read: Yo-Yo
Thread with TID = 126657759282880 read: Robot Toy
Thread with TID = 126657769768640 read: Toy House
Thread with TID = 126657780254400 read: Monopoly
Thread with TID = 126657738311360 read: Toy Telescope
Thread with TID = 126657822197440 read: Marbles
Thread with TID = 126657727825600 read: Plush Toy
Thread with TID = 126657591510720 read: Action Figure
Thread with TID = 126657509721792 read: Toy Boat
Thread with TID = 126657601996480 read: Bow and Arrow Set
Thread with TID = 126657612482240 read: Basketball Hoop Toy
Thread with TID = 126657065125568 read: Toy Doctor Kit
Thread with TID = 126657266452160 read: Toy Car
Thread with TID = 126657308395200 read: Toy Kitchen Set
Thread with TID = 126657255966400 read: Toy Golf Set
Thread with TID = 126657086097088 read: Toy Guitar
Thread with TID = 126657096582848 read: RC Helicopter
Thread with TID = 126657276937920 read: Toy Vehicles
Thread with TID = 126657297909440 read: Teddy Bear
Thread with TID = 126657287423680 read: Toy Train
Thread with TID = 126656905742016 read: Lego Set
Thread with TID = 126657054639808 read: Toy Castle
Thread with TID = 126657107068608 read: Board Game
Thread with TID = 126657467778752 read: Toy Soldier Set
Thread with TID = 126657457292992 read: Toy Gardening Tools
Thread with TID = 126657488750272 read: Toy Binoculars
Thread with TID = 126657499236032 read: Toy Ambulance
Thread with TID = 126657478264512 read: Foam Sword
Thread with TID = 126657075611328 read: Superhero Costume
Thread with TID = 126656651986624 read: Rubik's Cube
Thread with TID = 126656704415424 read: Play-Doh Set
Thread with TID = 126656853313216 read: Toy Drum Set
Thread with TID = 126656874284736 read: Toy Microscope
Thread with TID = 126656863798976 read: Toy Airplane
Thread with TID = 126656662472384 read: Uno Cards
Thread with TID = 126656461145792 read: Princess Costume
Thread with TID = 126656693929664 read: Scrabble
Thread with TID = 126656895256256 read: Building Blocks
Thread with TID = 126656672958144 read: Toy Cooking Tools
Thread with TID = 126656482117312 read: Toy Train Set
Thread with TID = 126656884770496 read: Wooden Blocks
Thread with TID = 126656492603072 read: Checkers
Thread with TID = 126656471631552 read: Toy Bowling Set
Thread with TID = 126656249333440 read: Miniature Train Set
Thread with TID = 126656450660032 read: Toy Garage
Thread with TID = 126656301762240 read: Wooden Train Set
Thread with TID = 126656291276480 read: Stuffed Animal
Thread with TID = 126656270304960 read: Toy Animals
Thread with TID = 126656259819200 read: Slime Kit
Thread with TID = 126656280790720 read: Toy Fire Truck
Thread with TID = 126656100435648 read: Dart Board
Thread with TID = 126656683443904 read: Chess Set
Thread with TID = 126656503088832 read: Kite
Thread with TID = 126656089949888 read: Barbie Doll
Thread with TID = 126655888623296 read: Bouncing Ball
Thread with TID = 126655867651776 read: Toy Police Car
Thread with TID = 126656058492608 read: Magic Kit
Thread with TID = 126655857166016 read: Fairy Wand
Thread with TID = 126655899109056 read: Toy Farm Set
Thread with TID = 126656068978368 read: Nerf Gun
Thread with TID = 126656048006848 read: Toy Spaceship
Thread with TID = 126655846680256 read: Toy Air Hockey Table
Thread with TID = 126655878137536 read: Mini Golf Set
Thread with TID = 126656079464128 read: RC Drone
Thread with TID = 126655764891328 read: Playing Cards
