Process PID: 17175
Thread with TID = 135204150707904 read: Robot Toy
Thread with TID = 135204192650944 read: Mini Pool Table
Thread with TID = 135204182165184 read: Spinning Top
Thread with TID = 135204108764864 read: Yo-Yo
Thread with TID = 135204119250624 read: Plush Toy
Thread with TID = 135204161193664 read: Toy House
Thread with TID = 135204066821824 read: Puzzle
Thread with TID = 135204171679424 read: Monopoly
Thread with TID = 135204140222144 read: Water Gun
Thread with TID = 135204098279104 read: Toy Crown
Thread with TID = 135204045850304 read: Jigsaw Puzzle
Thread with TID = 135204129736384 read: Toy Telescope
Thread with TID = 135204224108224 read: Toy Camera
Thread with TID = 135204056336064 read: Action Hero Figure
Thread with TID = 135204213622464 read: Marbles
Thread with TID = 135204024878784 read: Slinky
Thread with TID = 135204014393024 read: Toy Fishing Set
Thread with TID = 135204087793344 read: Toy Submarine
Thread with TID = 135204003907264 read: Basketball Hoop Toy
Thread with TID = 135203846620864 read: Board Game
Thread with TID = 135203857106624 read: Toy Golf Set
Thread with TID = 135204035364544 read: Remote-Controlled Car
Thread with TID = 135203878078144 read: Toy Vehicles
Thread with TID = 135203888563904 read: Toy Train
Thread with TID = 135203867592384 read: Toy Car
Thread with TID = 135203783706304 read: Lego Set
Thread with TID = 135203899049664 read: Teddy Bear
Thread with TID = 135203804677824 read: Toy Doctor Kit
Thread with TID = 135203815163584 read: Superhero Costume
Thread with TID = 135203794192064 read: Toy Castle
Thread with TID = 135204077307584 read: Toy Zoo
Thread with TID = 135203993421504 read: Bow and Arrow Set
Thread with TID = 135203972449984 read: Toy Boat
Thread with TID = 135203825649344 read: Toy Guitar
Thread with TID = 135203909535424 read: Toy Kitchen Set
Thread with TID = 135203836135104 read: RC Helicopter
Thread with TID = 135204203136704 read: Dinosaur Toy
Thread with TID = 135203982935744 read: Action Figure
Thread with TID = 135203961964224 read: Toy Ambulance
Thread with TID = 135203523659456 read: Wooden Train Set
Thread with TID = 135203534145216 read: Toy Garage
Thread with TID = 135203940992704 read: Foam Sword
Thread with TID = 135203731277504 read: Toy Drum Set
Thread with TID = 135203555116736 read: Toy Bowling Set
Thread with TID = 135203762734784 read: Wooden Blocks
Thread with TID = 135203710305984 read: Scrabble
Thread with TID = 135203678848704 read: Uno Cards
Thread with TID = 135203741763264 read: Toy Airplane
Thread with TID = 135203752249024 read: Toy Microscope
Thread with TID = 135203720791744 read: Play-Doh Set
Thread with TID = 135203773220544 read: Building Blocks
Thread with TID = 135203657877184 read: Kite
Thread with TID = 135203699820224 read: Chess Set
Thread with TID = 135203513173696 read: Stuffed Animal
Thread with TID = 135203502687936 read: Toy Fire Truck
Thread with TID = 135203636905664 read: Toy Train Set
Thread with TID = 135203544630976 read: Princess Costume
Thread with TID = 135203647391424 read: Checkers
Thread with TID = 135203668362944 read: Rubik's Cube
Thread with TID = 135203930506944 read: Toy Soldier Set
Thread with TID = 135203689334464 read: Toy Cooking Tools
Thread with TID = 135203951478464 read: Toy Binoculars
Thread with TID = 135203332818624 read: Miniature Train Set
Thread with TID = 135203353790144 read: Toy Animals
Thread with TID = 135203100034752 read: Mini Golf Set
Thread with TID = 135203110520512 read: Bouncing Ball
Thread with TID = 135203131492032 read: Toy Spaceship
Thread with TID = 135203121006272 read: Toy Farm Set
Thread with TID = 135202919679680 read: Playing Cards
Thread with TID = 135203152463552 read: Nerf Gun
Thread with TID = 135202940651200 read: Fairy Wand
Thread with TID = 135202930165440 read: Toy Air Hockey Table
Thread with TID = 135203301361344 read: RC Drone
Thread with TID = 135203141977792 read: Magic Kit
Thread with TID = 135203322332864 read: Dart Board
Thread with TID = 135202951136960 read: Toy Police Car
Thread with TID = 135203343304384 read: Slime Kit
Thread with TID = 135203311847104 read: Barbie Doll
Thread with TID = 135203920021184 read: Toy Gardening Tools
