Process PID: 11228
Thread with TID = 125316412475072 read: Toy Fire Truck
Thread with TID = 125316401989312 read: Plush Toy
Thread with TID = 125316370532032 read: Wooden Blocks
Thread with TID = 125316271965888 read: Dart Board
Thread with TID = 125316261480128 read: Toy Crown
Thread with TID = 125316391503552 read: Chess Set
Thread with TID = 125316236314304 read: Toy Binoculars
Thread with TID = 125316433446592 read: Toy Telescope
Thread with TID = 125316422960832 read: Teddy Bear
Thread with TID = 125316250994368 read: RC Helicopter
Thread with TID = 125316360046272 read: Miniature Train Set
Thread with TID = 125316225828544 read: Remote-Controlled Car
Thread with TID = 125316381017792 read: Spinning Top
Thread with TID = 125316137748160 read: Toy Kitchen Set
Thread with TID = 125316116776640 read: RC Drone
Thread with TID = 125316127262400 read: Bouncing Ball
Thread with TID = 125316106290880 read: Action Hero Figure
Thread with TID = 125316095805120 read: Slime Kit
Thread with TID = 125316064347840 read: Slinky
Thread with TID = 125316053862080 read: Toy Farm Set
Thread with TID = 125316001433280 read: Action Figure
Thread with TID = 125316043376320 read: Princess Costume
Thread with TID = 125316032890560 read: Checkers
Thread with TID = 125316022404800 read: Play-Doh Set
Thread with TID = 125316011919040 read: Toy Garage
Thread with TID = 125315980461760 read: Toy Castle
Thread with TID = 125315969976000 read: Toy Car
Thread with TID = 125316085319360 read: Toy Police Car
Thread with TID = 125315990947520 read: Toy Train Set
Thread with TID = 125316074833600 read: Playing Cards
Thread with TID = 125315959490240 read: Toy Camera
Thread with TID = 125315858826944 read: Toy Zoo
Thread with TID = 125315837855424 read: Toy Bowling Set
Thread with TID = 125315949004480 read: Toy Doctor Kit
Thread with TID = 125315869312704 read: Magic Kit
Thread with TID = 125315848341184 read: Toy Ambulance
Thread with TID = 125315827369664 read: Toy Boat
Thread with TID = 125315795912384 read: Bow and Arrow Set
Thread with TID = 125315806398144 read: Building Blocks
Thread with TID = 125315785426624 read: Yo-Yo
Thread with TID = 125315816883904 read: Toy Drum Set
Thread with TID = 125315753969344 read: Toy Golf Set
Thread with TID = 125315743483584 read: Toy Guitar
Thread with TID = 125315774940864 read: Mini Golf Set
Thread with TID = 125315764455104 read: Lego Set
Thread with TID = 125315732997824 read: Toy Fishing Set
Thread with TID = 125315649111744 read: Toy Air Hockey Table
Thread with TID = 125315701540544 read: Scrabble
Thread with TID = 125315680569024 read: Monopoly
Thread with TID = 125315638625984 read: Stuffed Animal
Thread with TID = 125315712026304 read: Puzzle
Thread with TID = 125315691054784 read: Toy House
Thread with TID = 125315670083264 read: Superhero Costume
Thread with TID = 125315628140224 read: Kite
Thread with TID = 125315659597504 read: Jigsaw Puzzle
Thread with TID = 125315722512064 read: Mini Pool Table
Thread with TID = 125315617654464 read: Toy Vehicles
Thread with TID = 125315607168704 read: Toy Submarine
Thread with TID = 125315565225664 read: Rubik's Cube
Thread with TID = 125315596682944 read: Foam Sword
Thread with TID = 125315586197184 read: Toy Spaceship
Thread with TID = 125315575711424 read: Wooden Train Set
Thread with TID = 125315554739904 read: Toy Gardening Tools
Thread with TID = 125315533768384 read: Water Gun
Thread with TID = 125315544254144 read: Uno Cards
Thread with TID = 125315523282624 read: Robot Toy
Thread with TID = 125315512796864 read: Marbles
Thread with TID = 125315491825344 read: Nerf Gun
Thread with TID = 125315502311104 read: Toy Soldier Set
Thread with TID = 125315470853824 read: Toy Microscope
Thread with TID = 125315481339584 read: Barbie Doll
Thread with TID = 125315449882304 read: Toy Airplane
Thread with TID = 125315460368064 read: Toy Train
Thread with TID = 125315439396544 read: Fairy Wand
Thread with TID = 125315428910784 read: Toy Animals
Thread with TID = 125315386967744 read: Board Game
Thread with TID = 125315407939264 read: Basketball Hoop Toy
Thread with TID = 125315418425024 read: Toy Cooking Tools
Thread with TID = 125315397453504 read: Dinosaur Toy
