Process PID: 9033
Thread with TID = 137040452650688 read: Wooden Blocks
Thread with TID = 137040494593728 read: Plush Toy
Thread with TID = 137040463136448 read: Toy Binoculars
Thread with TID = 137040515565248 read: Teddy Bear
Thread with TID = 137040505079488 read: Toy Fire Truck
Thread with TID = 137040442164928 read: Miniature Train Set
Thread with TID = 137040526051008 read: Toy Telescope
Thread with TID = 137040484107968 read: Chess Set
Thread with TID = 137040324724416 read: Dart Board
Thread with TID = 137040431679168 read: Toy Crown
Thread with TID = 137040421193408 read: RC Helicopter
Thread with TID = 137040473622208 read: Spinning Top
Thread with TID = 137040410707648 read: Remote-Controlled Car
Thread with TID = 137040169535168 read: Slinky
Thread with TID = 137040282781376 read: Action Hero Figure
Thread with TID = 137040314238656 read: Toy Kitchen Set
Thread with TID = 137040159049408 read: Toy Farm Set
Thread with TID = 137040303752896 read: Bouncing Ball
Thread with TID = 137040272295616 read: Slime Kit
Thread with TID = 137040138077888 read: Checkers
Thread with TID = 137040180020928 read: Playing Cards
Thread with TID = 137040293267136 read: RC Drone
Thread with TID = 137040190506688 read: Toy Police Car
Thread with TID = 137040148563648 read: Princess Costume
Thread with TID = 137040056288960 read: Play-Doh Set
Thread with TID = 137040024831680 read: Toy Train Set
Thread with TID = 137040045803200 read: Toy Garage
Thread with TID = 137040003860160 read: Toy Car
Thread with TID = 137040035317440 read: Action Figure
Thread with TID = 137040014345920 read: Toy Castle
Thread with TID = 137039922071232 read: Toy Camera
Thread with TID = 137039880128192 read: Toy Ambulance
Thread with TID = 137039890613952 read: Toy Zoo
Thread with TID = 137039777367744 read: Toy Drum Set
Thread with TID = 137039901099712 read: Magic Kit
Thread with TID = 137039869642432 read: Toy Bowling Set
Thread with TID = 137039745910464 read: Yo-Yo
Thread with TID = 137039787853504 read: Toy Boat
Thread with TID = 137039911585472 read: Toy Doctor Kit
Thread with TID = 137039766881984 read: Building Blocks
Thread with TID = 137039756396224 read: Bow and Arrow Set
Thread with TID = 137039735424704 read: Mini Golf Set
Thread with TID = 137039724938944 read: Lego Set
Thread with TID = 137039703967424 read: Toy Guitar
Thread with TID = 137039693481664 read: Toy Fishing Set
Thread with TID = 137039682995904 read: Mini Pool Table
Thread with TID = 137039714453184 read: Toy Golf Set
Thread with TID = 137039651538624 read: Toy House
Thread with TID = 137039620081344 read: Jigsaw Puzzle
Thread with TID = 137039641052864 read: Monopoly
Thread with TID = 137039672510144 read: Puzzle
Thread with TID = 137039525709504 read: Rubik's Cube
Thread with TID = 137039567652544 read: Toy Submarine
Thread with TID = 137039609595584 read: Toy Air Hockey Table
Thread with TID = 137039546681024 read: Toy Spaceship
Thread with TID = 137039588624064 read: Kite
Thread with TID = 137039536195264 read: Wooden Train Set
Thread with TID = 137039515223744 read: Toy Gardening Tools
Thread with TID = 137039557166784 read: Foam Sword
Thread with TID = 137039578138304 read: Toy Vehicles
Thread with TID = 137039662024384 read: Scrabble
Thread with TID = 137039630567104 read: Superhero Costume
Thread with TID = 137039599109824 read: Stuffed Animal
Thread with TID = 137039504737984 read: Uno Cards
Thread with TID = 137039494252224 read: Water Gun
Thread with TID = 137039483766464 read: Robot Toy
Thread with TID = 137039473280704 read: Marbles
Thread with TID = 137039462794944 read: Toy Soldier Set
Thread with TID = 137039452309184 read: Nerf Gun
Thread with TID = 137039441823424 read: Barbie Doll
Thread with TID = 137039431337664 read: Toy Microscope
Thread with TID = 137039420851904 read: Toy Train
Thread with TID = 137039410366144 read: Toy Airplane
Thread with TID = 137039399880384 read: Fairy Wand
Thread with TID = 137039389394624 read: Toy Animals
Thread with TID = 137039378908864 read: Toy Cooking Tools
Thread with TID = 137039368423104 read: Basketball Hoop Toy
Thread with TID = 137039347451584 read: Board Game
Thread with TID = 137039357937344 read: Dinosaur Toy
