Process PID: 13424
Thread with TID = 134536375568064 read: Toy Telescope
Thread with TID = 134536344110784 read: Plush Toy
Thread with TID = 134536354596544 read: Toy Fire Truck
Thread with TID = 134536224573120 read: Wooden Blocks
Thread with TID = 134536365082304 read: Teddy Bear
Thread with TID = 134536312653504 read: Toy Binoculars
Thread with TID = 134536333625024 read: Chess Set
Thread with TID = 134536323139264 read: Spinning Top
Thread with TID = 134536182630080 read: RC Helicopter
Thread with TID = 134536193115840 read: Toy Crown
Thread with TID = 134536023246528 read: Toy Kitchen Set
Thread with TID = 134536172144320 read: Remote-Controlled Car
Thread with TID = 134536203601600 read: Dart Board
Thread with TID = 134535991789248 read: Action Hero Figure
Thread with TID = 134535960331968 read: Playing Cards
Thread with TID = 134536214087360 read: Miniature Train Set
Thread with TID = 134535981303488 read: Slime Kit
Thread with TID = 134536002275008 read: RC Drone
Thread with TID = 134535970817728 read: Toy Police Car
Thread with TID = 134536012760768 read: Bouncing Ball
Thread with TID = 134535939360448 read: Toy Farm Set
Thread with TID = 134535949846208 read: Slinky
Thread with TID = 134535928874688 read: Princess Costume
Thread with TID = 134535918388928 read: Checkers
Thread with TID = 134535800948416 read: Toy Train Set
Thread with TID = 134535790462656 read: Toy Castle
Thread with TID = 134535779976896 read: Toy Car
Thread with TID = 134535769491136 read: Toy Camera
Thread with TID = 134535620593344 read: Toy Doctor Kit
Thread with TID = 134535589136064 read: Toy Ambulance
Thread with TID = 134535610107584 read: Magic Kit
Thread with TID = 134535578650304 read: Toy Bowling Set
Thread with TID = 134535599621824 read: Toy Zoo
Thread with TID = 134535907903168 read: Play-Doh Set
Thread with TID = 134535821919936 read: Toy Garage
Thread with TID = 134535811434176 read: Action Figure
Thread with TID = 134535486375616 read: Toy Drum Set
Thread with TID = 134535402489536 read: Toy Fishing Set
Thread with TID = 134535433946816 read: Lego Set
Thread with TID = 134535381518016 read: Puzzle
Thread with TID = 134535371032256 read: Scrabble
Thread with TID = 134535475889856 read: Building Blocks
Thread with TID = 134535360546496 read: Toy House
Thread with TID = 134535568164544 read: Toy Boat
Thread with TID = 134535350060736 read: Monopoly
Thread with TID = 134535318603456 read: Toy Air Hockey Table
Thread with TID = 134535297631936 read: Kite
Thread with TID = 134535287146176 read: Toy Vehicles
Thread with TID = 134535339574976 read: Superhero Costume
Thread with TID = 134535266174656 read: Foam Sword
Thread with TID = 134535308117696 read: Stuffed Animal
Thread with TID = 134535245203136 read: Wooden Train Set
Thread with TID = 134535224231616 read: Toy Gardening Tools
Thread with TID = 134535465404096 read: Bow and Arrow Set
Thread with TID = 134535454918336 read: Yo-Yo
Thread with TID = 134535444432576 read: Mini Golf Set
Thread with TID = 134535234717376 read: Rubik's Cube
Thread with TID = 134535329089216 read: Jigsaw Puzzle
Thread with TID = 134535423461056 read: Toy Golf Set
Thread with TID = 134535412975296 read: Toy Guitar
Thread with TID = 134535276660416 read: Toy Submarine
Thread with TID = 134535392003776 read: Mini Pool Table
Thread with TID = 134535255688896 read: Toy Spaceship
Thread with TID = 134535213745856 read: Uno Cards
Thread with TID = 134535150831296 read: Barbie Doll
Thread with TID = 134535140345536 read: Toy Microscope
Thread with TID = 134535119374016 read: Toy Airplane
Thread with TID = 134535108888256 read: Fairy Wand
Thread with TID = 134535192774336 read: Robot Toy
Thread with TID = 134535203260096 read: Water Gun
Thread with TID = 134535182288576 read: Marbles
Thread with TID = 134535077430976 read: Basketball Hoop Toy
Thread with TID = 134535171802816 read: Toy Soldier Set
Thread with TID = 134535161317056 read: Nerf Gun
Thread with TID = 134535066945216 read: Dinosaur Toy
Thread with TID = 134535056459456 read: Board Game
Thread with TID = 134535129859776 read: Toy Train
Thread with TID = 134535098402496 read: Toy Animals
Thread with TID = 134535087916736 read: Toy Cooking Tools
