Process PID: 15614
Thread with TID = 138243622307520 read: Dart Board
Thread with TID = 138243664250560 read: Spinning Top
Thread with TID = 138243706193600 read: Teddy Bear
Thread with TID = 138243643279040 read: Wooden Blocks
Thread with TID = 138243632793280 read: Miniature Train Set
Thread with TID = 138243716679360 read: Toy Telescope
Thread with TID = 138243653764800 read: Toy Binoculars
Thread with TID = 138243353872064 read: RC Drone
Thread with TID = 138243374843584 read: Toy Kitchen Set
Thread with TID = 138243364357824 read: Bouncing Ball
Thread with TID = 138243343386304 read: Action Hero Figure
Thread with TID = 138243385329344 read: Remote-Controlled Car
Thread with TID = 138243685222080 read: Plush Toy
Thread with TID = 138243674736320 read: Chess Set
Thread with TID = 138243611821760 read: Toy Crown
Thread with TID = 138243695707840 read: Toy Fire Truck
Thread with TID = 138243601336000 read: RC Helicopter
Thread with TID = 138243519547072 read: Slime Kit
Thread with TID = 138243509061312 read: Toy Police Car
Thread with TID = 138243498575552 read: Playing Cards
Thread with TID = 138243488089792 read: Slinky
Thread with TID = 138243477604032 read: Toy Farm Set
Thread with TID = 138243467118272 read: Princess Costume
Thread with TID = 138243116893888 read: Play-Doh Set
Thread with TID = 138243095922368 read: Action Figure
Thread with TID = 138243085436608 read: Toy Train Set
Thread with TID = 138243332900544 read: Checkers
Thread with TID = 138243074950848 read: Toy Castle
Thread with TID = 138243012036288 read: Toy Ambulance
Thread with TID = 138243053979328 read: Toy Camera
Thread with TID = 138243043493568 read: Toy Doctor Kit
Thread with TID = 138243106408128 read: Toy Garage
Thread with TID = 138243064465088 read: Toy Car
Thread with TID = 138242991064768 read: Toy Boat
Thread with TID = 138243033007808 read: Magic Kit
Thread with TID = 138243022522048 read: Toy Zoo
Thread with TID = 138243001550528 read: Toy Bowling Set
Thread with TID = 138242959607488 read: Bow and Arrow Set
Thread with TID = 138242949121728 read: Yo-Yo
Thread with TID = 138242980579008 read: Toy Drum Set
Thread with TID = 138242970093248 read: Building Blocks
Thread with TID = 138242875721408 read: Puzzle
Thread with TID = 138242844264128 read: Monopoly
Thread with TID = 138242833778368 read: Superhero Costume
Thread with TID = 138242907178688 read: Toy Guitar
Thread with TID = 138242938635968 read: Mini Golf Set
Thread with TID = 138242928150208 read: Lego Set
Thread with TID = 138242917664448 read: Toy Golf Set
Thread with TID = 138242896692928 read: Toy Fishing Set
Thread with TID = 138242865235648 read: Scrabble
Thread with TID = 138242886207168 read: Mini Pool Table
Thread with TID = 138242854749888 read: Toy House
Thread with TID = 138242823292608 read: Jigsaw Puzzle
Thread with TID = 138242812806848 read: Toy Air Hockey Table
Thread with TID = 138242770863808 read: Toy Submarine
Thread with TID = 138242760378048 read: Foam Sword
Thread with TID = 138242802321088 read: Stuffed Animal
Thread with TID = 138242781349568 read: Toy Vehicles
Thread with TID = 138242791835328 read: Kite
Thread with TID = 138242739406528 read: Wooden Train Set
Thread with TID = 138242749892288 read: Toy Spaceship
Thread with TID = 138242728920768 read: Rubik's Cube
Thread with TID = 138242718435008 read: Toy Gardening Tools
Thread with TID = 138242707949248 read: Uno Cards
Thread with TID = 138242676491968 read: Marbles
Thread with TID = 138242666006208 read: Toy Soldier Set
Thread with TID = 138242655520448 read: Nerf Gun
Thread with TID = 138242645034688 read: Barbie Doll
Thread with TID = 138242686977728 read: Robot Toy
Thread with TID = 138242634548928 read: Toy Microscope
Thread with TID = 138242624063168 read: Toy Train
Thread with TID = 138242697463488 read: Water Gun
Thread with TID = 138242613577408 read: Toy Airplane
Thread with TID = 138242603091648 read: Fairy Wand
Thread with TID = 138242592605888 read: Toy Animals
Thread with TID = 138242582120128 read: Toy Cooking Tools
Thread with TID = 138242561148608 read: Dinosaur Toy
Thread with TID = 138242571634368 read: Basketball Hoop Toy
Thread with TID = 138242550662848 read: Board Game
