Process PID: 6217
Thread with TID = 125075921569472 read: Teddy Bear
Thread with TID = 125075900597952 read: Plush Toy
Thread with TID = 125075932055232 read: Toy Telescope
Thread with TID = 125075911083712 read: Toy Fire Truck
Thread with TID = 125075810420416 read: Spinning Top
Thread with TID = 125075789448896 read: Wooden Blocks
Thread with TID = 125075820906176 read: Chess Set
Thread with TID = 125075799934656 read: Toy Binoculars
Thread with TID = 125075665716928 read: Remote-Controlled Car
Thread with TID = 125075655231168 read: Toy Kitchen Set
Thread with TID = 125075644745408 read: Bouncing Ball
Thread with TID = 125075778963136 read: Miniature Train Set
Thread with TID = 125075768477376 read: Dart Board
Thread with TID = 125075686688448 read: Toy Crown
Thread with TID = 125075676202688 read: RC Helicopter
Thread with TID = 125075623773888 read: Action Hero Figure
Thread with TID = 125075602802368 read: Toy Police Car
Thread with TID = 125075634259648 read: RC Drone
Thread with TID = 125075416155840 read: Checkers
Thread with TID = 125075395184320 read: Toy Garage
Thread with TID = 125075474876096 read: Toy Train Set
Thread with TID = 125075485361856 read: Action Figure
Thread with TID = 125075374212800 read: Toy Car
Thread with TID = 125075384698560 read: Toy Castle
Thread with TID = 125075284035264 read: Toy Doctor Kit
Thread with TID = 125075613288128 read: Slime Kit
Thread with TID = 125075447613120 read: Slinky
Thread with TID = 125075592316608 read: Magic Kit
Thread with TID = 125075581830848 read: Toy Zoo
Thread with TID = 125075273549504 read: Toy Bowling Set
Thread with TID = 125075231606464 read: Bow and Arrow Set
Thread with TID = 125075263063744 read: Toy Boat
Thread with TID = 125075571345088 read: Toy Ambulance
Thread with TID = 125075242092224 read: Building Blocks
Thread with TID = 125075252577984 read: Toy Drum Set
Thread with TID = 125075458098880 read: Playing Cards
Thread with TID = 125075437127360 read: Toy Farm Set
Thread with TID = 125075179177664 read: Toy Guitar
Thread with TID = 125075168691904 read: Toy Fishing Set
Thread with TID = 125075158206144 read: Mini Pool Table
Thread with TID = 125075147720384 read: Puzzle
Thread with TID = 125075137234624 read: Scrabble
Thread with TID = 125075221120704 read: Yo-Yo
Thread with TID = 125075126748864 read: Toy House
Thread with TID = 125075189663424 read: Toy Golf Set
Thread with TID = 125075095291584 read: Jigsaw Puzzle
Thread with TID = 125075426641600 read: Princess Costume
Thread with TID = 125075063834304 read: Kite
Thread with TID = 125075053348544 read: Toy Vehicles
Thread with TID = 125075084805824 read: Toy Air Hockey Table
Thread with TID = 125075116263104 read: Monopoly
Thread with TID = 125075105777344 read: Superhero Costume
Thread with TID = 125075042862784 read: Toy Submarine
Thread with TID = 125075021891264 read: Toy Spaceship
Thread with TID = 125075032377024 read: Foam Sword
Thread with TID = 125075011405504 read: Wooden Train Set
Thread with TID = 125075000919744 read: Rubik's Cube
Thread with TID = 125074969462464 read: Water Gun
Thread with TID = 125075210634944 read: Mini Golf Set
Thread with TID = 125074860410560 read: Toy Soldier Set
Thread with TID = 125074979948224 read: Uno Cards
Thread with TID = 125075200149184 read: Lego Set
Thread with TID = 125074766038720 read: Basketball Hoop Toy
Thread with TID = 125074755552960 read: Dinosaur Toy
Thread with TID = 125074990433984 read: Toy Gardening Tools
Thread with TID = 125075074320064 read: Stuffed Animal
Thread with TID = 125074787010240 read: Toy Animals
Thread with TID = 125074849924800 read: Nerf Gun
Thread with TID = 125074776524480 read: Toy Cooking Tools
Thread with TID = 125074839439040 read: Barbie Doll
Thread with TID = 125074807981760 read: Toy Airplane
Thread with TID = 125074828953280 read: Toy Microscope
Thread with TID = 125074797496000 read: Fairy Wand
Thread with TID = 125075405670080 read: Play-Doh Set
Thread with TID = 125074818467520 read: Toy Train
Thread with TID = 125074881382080 read: Robot Toy
Thread with TID = 125075363727040 read: Toy Camera
Thread with TID = 125074745067200 read: Board Game
Thread with TID = 125074870896320 read: Marbles
