Process PID: 18056
Thread with TID = 132214404679360 read: Wooden Blocks
Thread with TID = 132214257878720 read: Dart Board
Thread with TID = 132214394193600 read: Miniature Train Set
Thread with TID = 132214383707840 read: Toy Crown
Thread with TID = 132214362736320 read: Remote-Controlled Car
Thread with TID = 132214478079680 read: Toy Telescope
Thread with TID = 132214467593920 read: Teddy Bear
Thread with TID = 132214415165120 read: Toy Binoculars
Thread with TID = 132214457108160 read: Toy Fire Truck
Thread with TID = 132214446622400 read: Plush Toy
Thread with TID = 132214436136640 read: Chess Set
Thread with TID = 132214425650880 read: Spinning Top
Thread with TID = 132214352250560 read: Toy Kitchen Set
Thread with TID = 132214113175232 read: Action Hero Figure
Thread with TID = 132214071232192 read: Slinky
Thread with TID = 132214102689472 read: Slime Kit
Thread with TID = 132213989443264 read: Toy Farm Set
Thread with TID = 132213968471744 read: Checkers
Thread with TID = 132213978957504 read: Princess Costume
Thread with TID = 132214092203712 read: Toy Police Car
Thread with TID = 132213957985984 read: Play-Doh Set
Thread with TID = 132214341764800 read: Bouncing Ball
Thread with TID = 132213926528704 read: Toy Train Set
Thread with TID = 132213947500224 read: Toy Garage
Thread with TID = 132214123660992 read: RC Drone
Thread with TID = 132214081717952 read: Playing Cards
Thread with TID = 132213937014464 read: Action Figure
Thread with TID = 132213916042944 read: Toy Castle
Thread with TID = 132214373222080 read: RC Helicopter
Thread with TID = 132214247392960 read: Toy Car
Thread with TID = 132214215935680 read: Magic Kit
Thread with TID = 132214236907200 read: Toy Camera
Thread with TID = 132213905557184 read: Toy Ambulance
Thread with TID = 132213853128384 read: Bow and Arrow Set
Thread with TID = 132214226421440 read: Toy Doctor Kit
Thread with TID = 132213800699584 read: Toy Guitar
Thread with TID = 132213842642624 read: Yo-Yo
Thread with TID = 132213811185344 read: Toy Golf Set
Thread with TID = 132213884585664 read: Toy Boat
Thread with TID = 132213895071424 read: Toy Bowling Set
Thread with TID = 132213863614144 read: Building Blocks
Thread with TID = 132213874099904 read: Toy Drum Set
Thread with TID = 132213821671104 read: Lego Set
Thread with TID = 132213832156864 read: Mini Golf Set
Thread with TID = 132214205449920 read: Toy Zoo
Thread with TID = 132213679064768 read: Toy House
Thread with TID = 132213721007808 read: Toy Fishing Set
Thread with TID = 132213668579008 read: Monopoly
Thread with TID = 132213576304320 read: Jigsaw Puzzle
Thread with TID = 132213710522048 read: Mini Pool Table
Thread with TID = 132213586790080 read: Superhero Costume
Thread with TID = 132213565818560 read: Toy Air Hockey Table
Thread with TID = 132213700036288 read: Puzzle
Thread with TID = 132213555332800 read: Stuffed Animal
Thread with TID = 132213544847040 read: Kite
Thread with TID = 132213689550528 read: Scrabble
Thread with TID = 132213523875520 read: Toy Submarine
Thread with TID = 132213513389760 read: Foam Sword
Thread with TID = 132213502904000 read: Toy Spaceship
Thread with TID = 132213534361280 read: Toy Vehicles
Thread with TID = 132213439989440 read: Robot Toy
Thread with TID = 132213492418240 read: Wooden Train Set
Thread with TID = 132213450475200 read: Water Gun
Thread with TID = 132213481932480 read: Rubik's Cube
Thread with TID = 132213471446720 read: Toy Gardening Tools
Thread with TID = 132213460960960 read: Uno Cards
Thread with TID = 132213408532160 read: Nerf Gun
Thread with TID = 132213419017920 read: Toy Soldier Set
Thread with TID = 132213303674560 read: Board Game
Thread with TID = 132213429503680 read: Marbles
Thread with TID = 132213335131840 read: Toy Cooking Tools
Thread with TID = 132213377074880 read: Toy Train
Thread with TID = 132213324646080 read: Basketball Hoop Toy
Thread with TID = 132213398046400 read: Barbie Doll
Thread with TID = 132213366589120 read: Toy Airplane
Thread with TID = 132213356103360 read: Fairy Wand
Thread with TID = 132213314160320 read: Dinosaur Toy
Thread with TID = 132213387560640 read: Toy Microscope
Thread with TID = 132213345617600 read: Toy Animals
