Process PID: 14941
Thread with TID = 131712258410176 read: Toy Zoo
Thread with TID = 131712247924416 read: Puzzle
Thread with TID = 131712237438656 read: Action Hero Figure
Thread with TID = 131712216467136 read: Remote-Controlled Car
Thread with TID = 131712143066816 read: Toy Ambulance
Thread with TID = 131712122095296 read: Foam Sword
Thread with TID = 131712080152256 read: Teddy Bear
Thread with TID = 131711901894336 read: Play-Doh Set
Thread with TID = 131711713150656 read: Dart Board
Thread with TID = 131711681693376 read: Nerf Gun
Thread with TID = 131711629264576 read: Mini Golf Set
Thread with TID = 131711660721856 read: Toy Spaceship
Thread with TID = 131711692179136 read: RC Drone
Thread with TID = 131711702664896 read: Barbie Doll
Thread with TID = 131711650236096 read: Toy Farm Set
Thread with TID = 131711671207616 read: Magic Kit
Thread with TID = 131711639750336 read: Bouncing Ball
Thread with TID = 131712394725056 read: Marbles
Thread with TID = 131712331810496 read: Robot Toy
Thread with TID = 131711828494016 read: Checkers
Thread with TID = 131712342296256 read: Toy House
Thread with TID = 131711818008256 read: Toy Train Set
Thread with TID = 131711849465536 read: Rubik's Cube
Thread with TID = 131712279381696 read: Toy Crown
Thread with TID = 131712405210816 read: Toy Camera
Thread with TID = 131712027723456 read: Board Game
Thread with TID = 131712384239296 read: Dinosaur Toy
Thread with TID = 131712373753536 read: Mini Pool Table
Thread with TID = 131712363267776 read: Spinning Top
Thread with TID = 131712310838976 read: Toy Telescope
Thread with TID = 131712352782016 read: Monopoly
Thread with TID = 131711922865856 read: Toy Airplane
Thread with TID = 131711891408576 read: Scrabble
Thread with TID = 131712321324736 read: Water Gun
Thread with TID = 131712300353216 read: Plush Toy
Thread with TID = 131712289867456 read: Yo-Yo
Thread with TID = 131712268895936 read: Toy Submarine
Thread with TID = 131711912380096 read: Toy Drum Set
Thread with TID = 131711880922816 read: Chess Set
Thread with TID = 131711870437056 read: Toy Cooking Tools
Thread with TID = 131712017237696 read: RC Helicopter
Thread with TID = 131711786550976 read: Toy Garage
Thread with TID = 131712101123776 read: Toy Gardening Tools
Thread with TID = 131711807522496 read: Toy Bowling Set
Thread with TID = 131712090638016 read: Toy Kitchen Set
Thread with TID = 131711776065216 read: Wooden Train Set
Thread with TID = 131711838979776 read: Kite
Thread with TID = 131711964808896 read: Lego Set
Thread with TID = 131712038209216 read: Toy Golf Set
Thread with TID = 131711797036736 read: Princess Costume
Thread with TID = 131711859951296 read: Uno Cards
Thread with TID = 131712048694976 read: Toy Car
Thread with TID = 131711723636416 read: Miniature Train Set
Thread with TID = 131711985780416 read: Toy Doctor Kit
Thread with TID = 131711608293056 read: Fairy Wand
Thread with TID = 131712226952896 read: Jigsaw Puzzle
Thread with TID = 131712164038336 read: Action Figure
Thread with TID = 131712153552576 read: Toy Boat
Thread with TID = 131712132581056 read: Toy Binoculars
Thread with TID = 131712111609536 read: Toy Soldier Set
Thread with TID = 131712059180736 read: Toy Vehicles
Thread with TID = 131712205981376 read: Slinky
Thread with TID = 131712069666496 read: Toy Train
Thread with TID = 131711975294656 read: Toy Castle
Thread with TID = 131712006751936 read: Toy Guitar
Thread with TID = 131711996266176 read: Superhero Costume
Thread with TID = 131711943837376 read: Wooden Blocks
Thread with TID = 131711954323136 read: Building Blocks
Thread with TID = 131711933351616 read: Toy Microscope
Thread with TID = 131711765579456 read: Stuffed Animal
Thread with TID = 131711755093696 read: Toy Fire Truck
Thread with TID = 131711744607936 read: Toy Animals
Thread with TID = 131711734122176 read: Slime Kit
Thread with TID = 131711618778816 read: Toy Police Car
Thread with TID = 131711587321536 read: Playing Cards
Thread with TID = 131711597807296 read: Toy Air Hockey Table
Thread with TID = 131712174524096 read: Bow and Arrow Set
Thread with TID = 131712185009856 read: Basketball Hoop Toy
Thread with TID = 131712195495616 read: Toy Fishing Set
