Process PID: 136086
Thread with TID = 140737182172864 read: Miniature Train Set
Thread with TID = 140737150715584 read: RC Helicopter
Thread with TID = 140737217824448 read: Toy Binoculars
Thread with TID = 140737192658624 read: Toy Fire Truck
Thread with TID = 140737316390592 read: Chess Set
Thread with TID = 140737161201344 read: Toy Crown
Thread with TID = 140737171687104 read: Dart Board
Thread with TID = 140737140229824 read: Remote-Controlled Car
Thread with TID = 140737207338688 read: Wooden Blocks
Thread with TID = 140737326876352 read: Plush Toy
Thread with TID = 140737305904832 read: Spinning Top
Thread with TID = 140737347847872 read: Toy Telescope
Thread with TID = 140737129744064 read: Toy Kitchen Set
Thread with TID = 140737337362112 read: Teddy Bear
Thread with TID = 140736985040576 read: Bouncing Ball
Thread with TID = 140736882280128 read: Checkers
Thread with TID = 140737108772544 read: Action Hero Figure
Thread with TID = 140736974554816 read: Toy Farm Set
Thread with TID = 140737006012096 read: Playing Cards
Thread with TID = 140736995526336 read: Slinky
Thread with TID = 140736727090880 read: Toy Doctor Kit
Thread with TID = 140736850822848 read: Action Figure
Thread with TID = 140737119258304 read: RC Drone
Thread with TID = 140736829851328 read: Toy Castle
Thread with TID = 140737098286784 read: Slime Kit
Thread with TID = 140736737576640 read: Toy Camera
Thread with TID = 140737016497856 read: Toy Police Car
Thread with TID = 140736871794368 read: Play-Doh Set
Thread with TID = 140736840337088 read: Toy Train Set
Thread with TID = 140736748062400 read: Toy Car
Thread with TID = 140736685147840 read: Toy Bowling Set
Thread with TID = 140736716605120 read: Magic Kit
Thread with TID = 140736861308608 read: Toy Garage
Thread with TID = 140736706119360 read: Toy Zoo
Thread with TID = 140736964069056 read: Princess Costume
Thread with TID = 140736695633600 read: Toy Ambulance
Thread with TID = 140736674662080 read: Toy Boat
Thread with TID = 140736664176320 read: Toy Drum Set
Thread with TID = 140736653690560 read: Building Blocks
Thread with TID = 140736643204800 read: Bow and Arrow Set
Thread with TID = 140736590776000 read: Toy Guitar
Thread with TID = 140736622233280 read: Mini Golf Set
Thread with TID = 140736611747520 read: Lego Set
Thread with TID = 140736559318720 read: Puzzle
Thread with TID = 140736601261760 read: Toy Golf Set
Thread with TID = 140736632719040 read: Yo-Yo
Thread with TID = 140736538347200 read: Toy House
Thread with TID = 140736569804480 read: Mini Pool Table
Thread with TID = 140736580290240 read: Toy Fishing Set
Thread with TID = 140736548832960 read: Scrabble
Thread with TID = 140736527861440 read: Monopoly
Thread with TID = 140736517375680 read: Superhero Costume
Thread with TID = 140736496404160 read: Toy Air Hockey Table
Thread with TID = 140736485918400 read: Stuffed Animal
Thread with TID = 140736464946880 read: Toy Vehicles
Thread with TID = 140736506889920 read: Jigsaw Puzzle
Thread with TID = 140736454461120 read: Toy Submarine
Thread with TID = 140736475432640 read: Kite
Thread with TID = 140736443975360 read: Foam Sword
Thread with TID = 140736402032320 read: Toy Gardening Tools
Thread with TID = 140736391546560 read: Uno Cards
Thread with TID = 140736423003840 read: Wooden Train Set
Thread with TID = 140736381060800 read: Water Gun
Thread with TID = 140736370575040 read: Robot Toy
Thread with TID = 140736349603520 read: Toy Soldier Set
Thread with TID = 140736339117760 read: Nerf Gun
Thread with TID = 140736318146240 read: Toy Microscope
Thread with TID = 140736433489600 read: Toy Spaceship
Thread with TID = 140736412518080 read: Rubik's Cube
Thread with TID = 140736265717440 read: Toy Cooking Tools
Thread with TID = 140736307660480 read: Toy Train
Thread with TID = 140736276203200 read: Toy Animals
Thread with TID = 140736297174720 read: Toy Airplane
Thread with TID = 140736286688960 read: Fairy Wand
Thread with TID = 140736234260160 read: Board Game
Thread with TID = 140736360089280 read: Marbles
Thread with TID = 140736255231680 read: Basketball Hoop Toy
Thread with TID = 140736244745920 read: Dinosaur Toy
Thread with TID = 140736328632000 read: Barbie Doll
