Process PID: 34142
Thread with TID = 140737274447552 read: Wooden Blocks
Thread with TID = 140737263961792 read: Miniature Train Set
Thread with TID = 140737295419072 read: Spinning Top
Thread with TID = 140737347847872 read: Toy Telescope
Thread with TID = 140737326876352 read: Toy Fire Truck
Thread with TID = 140737316390592 read: Plush Toy
Thread with TID = 140737305904832 read: Chess Set
Thread with TID = 140737253476032 read: Dart Board
Thread with TID = 140737140229824 read: Toy Kitchen Set
Thread with TID = 140737242990272 read: Toy Crown
Thread with TID = 140737119258304 read: RC Drone
Thread with TID = 140737108772544 read: Action Hero Figure
Thread with TID = 140737337362112 read: Teddy Bear
Thread with TID = 140737129744064 read: Bouncing Ball
Thread with TID = 140737006012096 read: Playing Cards
Thread with TID = 140737098286784 read: Slime Kit
Thread with TID = 140736985040576 read: Toy Farm Set
Thread with TID = 140737150715584 read: Remote-Controlled Car
Thread with TID = 140736995526336 read: Slinky
Thread with TID = 140736974554816 read: Princess Costume
Thread with TID = 140737232504512 read: RC Helicopter
Thread with TID = 140736964069056 read: Checkers
Thread with TID = 140737284933312 read: Toy Binoculars
Thread with TID = 140736953583296 read: Play-Doh Set
Thread with TID = 140736823559872 read: Toy Camera
Thread with TID = 140736855017152 read: Toy Train Set
Thread with TID = 140736802588352 read: Magic Kit
Thread with TID = 140736844531392 read: Toy Castle
Thread with TID = 140736834045632 read: Toy Car
Thread with TID = 140736760645312 read: Toy Boat
Thread with TID = 140736813074112 read: Toy Doctor Kit
Thread with TID = 140736792102592 read: Toy Zoo
Thread with TID = 140736771131072 read: Toy Bowling Set
Thread with TID = 140736875988672 read: Toy Garage
Thread with TID = 140736865502912 read: Action Figure
Thread with TID = 140736750159552 read: Toy Drum Set
Thread with TID = 140736901154496 read: Lego Set
Thread with TID = 140736594970304 read: Toy Fishing Set
Thread with TID = 140736943097536 read: Building Blocks
Thread with TID = 140736584484544 read: Mini Pool Table
Thread with TID = 140736890668736 read: Toy Golf Set
Thread with TID = 140736932611776 read: Bow and Arrow Set
Thread with TID = 140736922126016 read: Yo-Yo
Thread with TID = 140736563513024 read: Scrabble
Thread with TID = 140736605456064 read: Toy Guitar
Thread with TID = 140736911640256 read: Mini Golf Set
Thread with TID = 140736573998784 read: Puzzle
Thread with TID = 140736708216512 read: Toy Air Hockey Table
Thread with TID = 140736469141184 read: Kite
Thread with TID = 140736458655424 read: Toy Vehicles
Thread with TID = 140736479626944 read: Toy House
Thread with TID = 140736781616832 read: Toy Ambulance
Thread with TID = 140736729188032 read: Superhero Costume
Thread with TID = 140736718702272 read: Jigsaw Puzzle
Thread with TID = 140736448169664 read: Toy Submarine
Thread with TID = 140736437683904 read: Foam Sword
Thread with TID = 140736427198144 read: Toy Spaceship
Thread with TID = 140736739673792 read: Monopoly
Thread with TID = 140736697730752 read: Stuffed Animal
Thread with TID = 140736211191488 read: Wooden Train Set
Thread with TID = 140737016497856 read: Toy Police Car
Thread with TID = 140736345409216 read: Rubik's Cube
Thread with TID = 140736334923456 read: Toy Gardening Tools
Thread with TID = 140736324437696 read: Uno Cards
Thread with TID = 140736303466176 read: Robot Toy
Thread with TID = 140736292980416 read: Marbles
Thread with TID = 140736313951936 read: Water Gun
Thread with TID = 140736200705728 read: Toy Soldier Set
Thread with TID = 140736190219968 read: Nerf Gun
Thread with TID = 140736127305408 read: Toy Animals
Thread with TID = 140736169248448 read: Toy Microscope
Thread with TID = 140736095848128 read: Dinosaur Toy
Thread with TID = 140736148276928 read: Toy Airplane
Thread with TID = 140736116819648 read: Toy Cooking Tools
Thread with TID = 140736179734208 read: Barbie Doll
Thread with TID = 140736085362368 read: Board Game
Thread with TID = 140736137791168 read: Fairy Wand
Thread with TID = 140736158762688 read: Toy Train
Thread with TID = 140736106333888 read: Basketball Hoop Toy
