Process PID: 30242
Thread with TID = 138793799648960 read: Toy Farm Set
Thread with TID = 138794028238528 read: Remote-Controlled Car
Thread with TID = 138793789163200 read: Princess Costume
Thread with TID = 138794017752768 read: Toy Kitchen Set
Thread with TID = 138794007267008 read: Bouncing Ball
Thread with TID = 138794091153088 read: Toy Binoculars
Thread with TID = 138793820620480 read: Playing Cards
Thread with TID = 138794143581888 read: Teddy Bear
Thread with TID = 138793975809728 read: Slime Kit
Thread with TID = 138794133096128 read: Toy Fire Truck
Thread with TID = 138794122610368 read: Plush Toy
Thread with TID = 138794112124608 read: Chess Set
Thread with TID = 138794101638848 read: Spinning Top
Thread with TID = 138793778677440 read: Checkers
Thread with TID = 138794080667328 read: Wooden Blocks
Thread with TID = 138793768191680 read: Play-Doh Set
Thread with TID = 138794070181568 read: Miniature Train Set
Thread with TID = 138794059695808 read: Dart Board
Thread with TID = 138794049210048 read: Toy Crown
Thread with TID = 138793996781248 read: RC Drone
Thread with TID = 138793986295488 read: Action Hero Figure
Thread with TID = 138794038724288 read: RC Helicopter
Thread with TID = 138794154067648 read: Toy Telescope
Thread with TID = 138793831106240 read: Toy Police Car
Thread with TID = 138793810134720 read: Slinky
Thread with TID = 138793965323968 read: Toy Garage
Thread with TID = 138793879340736 read: Action Figure
Thread with TID = 138793868854976 read: Toy Train Set
Thread with TID = 138793667528384 read: Magic Kit
Thread with TID = 138793858369216 read: Toy Castle
Thread with TID = 138793847883456 read: Toy Car
Thread with TID = 138793491367616 read: Lego Set
Thread with TID = 138793625585344 read: Toy Boat
Thread with TID = 138793646556864 read: Toy Ambulance
Thread with TID = 138793657042624 read: Toy Zoo
Thread with TID = 138793533310656 read: Building Blocks
Thread with TID = 138793678014144 read: Toy Doctor Kit
Thread with TID = 138793636071104 read: Toy Bowling Set
Thread with TID = 138793367635648 read: Puzzle
Thread with TID = 138793197766336 read: Monopoly
Thread with TID = 138793357149888 read: Scrabble
Thread with TID = 138793543796416 read: Toy Drum Set
Thread with TID = 138793208252096 read: Toy House
Thread with TID = 138793501853376 read: Mini Golf Set
Thread with TID = 138793176794816 read: Jigsaw Puzzle
Thread with TID = 138793074034368 read: Kite
Thread with TID = 138793378121408 read: Mini Pool Table
Thread with TID = 138793021605568 read: Wooden Train Set
Thread with TID = 138793053062848 read: Toy Submarine
Thread with TID = 138792887387840 read: Marbles
Thread with TID = 138793032091328 read: Toy Spaceship
Thread with TID = 138793166309056 read: Toy Air Hockey Table
Thread with TID = 138792897873600 read: Robot Toy
Thread with TID = 138792908359360 read: Water Gun
Thread with TID = 138793042577088 read: Foam Sword
Thread with TID = 138792784627392 read: Barbie Doll
Thread with TID = 138793757705920 read: Toy Camera
Thread with TID = 138792795113152 read: Nerf Gun
Thread with TID = 138792763655872 read: Toy Train
Thread with TID = 138793409578688 read: Toy Golf Set
Thread with TID = 138792671381184 read: Fairy Wand
Thread with TID = 138792939816640 read: Rubik's Cube
Thread with TID = 138792918845120 read: Uno Cards
Thread with TID = 138793399092928 read: Toy Guitar
Thread with TID = 138793512339136 read: Yo-Yo
Thread with TID = 138792774141632 read: Toy Microscope
Thread with TID = 138793155823296 read: Stuffed Animal
Thread with TID = 138792650409664 read: Toy Cooking Tools
Thread with TID = 138793388607168 read: Toy Fishing Set
Thread with TID = 138793063548608 read: Toy Vehicles
Thread with TID = 138792753170112 read: Toy Airplane
Thread with TID = 138792929330880 read: Toy Gardening Tools
Thread with TID = 138792618952384 read: Board Game
Thread with TID = 138792805598912 read: Toy Soldier Set
Thread with TID = 138792660895424 read: Toy Animals
Thread with TID = 138793187280576 read: Superhero Costume
Thread with TID = 138793522824896 read: Bow and Arrow Set
Thread with TID = 138792629438144 read: Dinosaur Toy
Thread with TID = 138792639923904 read: Basketball Hoop Toy
