Process PID: 32243
Thread with TID = 133257544861376 read: Toy Binoculars
Thread with TID = 133257597290176 read: Teddy Bear
Thread with TID = 133257586804416 read: Toy Fire Truck
Thread with TID = 133257534375616 read: Wooden Blocks
Thread with TID = 133257576318656 read: Plush Toy
Thread with TID = 133257565832896 read: Chess Set
Thread with TID = 133257555347136 read: Spinning Top
Thread with TID = 133257523889856 read: Miniature Train Set
Thread with TID = 133257607775936 read: Toy Telescope
Thread with TID = 133257513404096 read: Dart Board
Thread with TID = 133257481946816 read: Remote-Controlled Car
Thread with TID = 133257398060736 read: Toy Kitchen Set
Thread with TID = 133257502918336 read: Toy Crown
Thread with TID = 133257345631936 read: Toy Police Car
Thread with TID = 133257356117696 read: Slime Kit
Thread with TID = 133257492432576 read: RC Helicopter
Thread with TID = 133257196734144 read: Playing Cards
Thread with TID = 133257387574976 read: Bouncing Ball
Thread with TID = 133257186248384 read: Slinky
Thread with TID = 133257377089216 read: RC Drone
Thread with TID = 133257366603456 read: Action Hero Figure
Thread with TID = 133257165276864 read: Princess Costume
Thread with TID = 133257175762624 read: Toy Farm Set
Thread with TID = 133257154791104 read: Checkers
Thread with TID = 133257062516416 read: Toy Garage
Thread with TID = 133257020573376 read: Toy Car
Thread with TID = 133257041544896 read: Toy Train Set
Thread with TID = 133257052030656 read: Action Figure
Thread with TID = 133257010087616 read: Toy Camera
Thread with TID = 133257031059136 read: Toy Castle
Thread with TID = 133256999601856 read: Toy Doctor Kit
Thread with TID = 133257144305344 read: Play-Doh Set
Thread with TID = 133256989116096 read: Magic Kit
Thread with TID = 133256978630336 read: Toy Zoo
Thread with TID = 133256957658816 read: Toy Bowling Set
Thread with TID = 133256968144576 read: Toy Ambulance
Thread with TID = 133256936687296 read: Toy Drum Set
Thread with TID = 133256947173056 read: Toy Boat
Thread with TID = 133256915715776 read: Bow and Arrow Set
Thread with TID = 133256926201536 read: Building Blocks
Thread with TID = 133256905230016 read: Yo-Yo
Thread with TID = 133256894744256 read: Mini Golf Set
Thread with TID = 133256873772736 read: Toy Golf Set
Thread with TID = 133256863286976 read: Toy Guitar
Thread with TID = 133256842315456 read: Mini Pool Table
Thread with TID = 133256821343936 read: Scrabble
Thread with TID = 133256789886656 read: Superhero Costume
Thread with TID = 133256884258496 read: Lego Set
Thread with TID = 133256831829696 read: Puzzle
Thread with TID = 133256800372416 read: Monopoly
Thread with TID = 133256747943616 read: Kite
Thread with TID = 133256737457856 read: Toy Vehicles
Thread with TID = 133256852801216 read: Toy Fishing Set
Thread with TID = 133256726972096 read: Toy Submarine
Thread with TID = 133256758429376 read: Stuffed Animal
Thread with TID = 133256716486336 read: Foam Sword
Thread with TID = 133256810858176 read: Toy House
Thread with TID = 133256706000576 read: Toy Spaceship
Thread with TID = 133256685029056 read: Rubik's Cube
Thread with TID = 133256695514816 read: Wooden Train Set
Thread with TID = 133256779400896 read: Jigsaw Puzzle
Thread with TID = 133256664057536 read: Water Gun
Thread with TID = 133256653571776 read: Robot Toy
Thread with TID = 133256607434432 read: Toy Gardening Tools
Thread with TID = 133256632600256 read: Toy Soldier Set
Thread with TID = 133256643086016 read: Marbles
Thread with TID = 133256596948672 read: Barbie Doll
Thread with TID = 133256565491392 read: Toy Airplane
Thread with TID = 133256622114496 read: Nerf Gun
Thread with TID = 133256768915136 read: Toy Air Hockey Table
Thread with TID = 133256555005632 read: Fairy Wand
Thread with TID = 133256458536640 read: Toy Animals
Thread with TID = 133256586462912 read: Toy Microscope
Thread with TID = 133256575977152 read: Toy Train
Thread with TID = 133256674543296 read: Uno Cards
Thread with TID = 133256448050880 read: Basketball Hoop Toy
Thread with TID = 133256437565120 read: Dinosaur Toy
Thread with TID = 133256427079360 read: Board Game
Thread with TID = 133256544519872 read: Toy Cooking Tools
