Process PID: 7671
Thread with TID = 140737326876352 read: Toy Fire Truck
Thread with TID = 140737347847872 read: Toy Telescope
Thread with TID = 140737337362112 read: Teddy Bear
Thread with TID = 140737305904832 read: Chess Set
Thread with TID = 140737316390592 read: Plush Toy
Thread with TID = 140737217824448 read: Spinning Top
Thread with TID = 140737207338688 read: Toy Binoculars
Thread with TID = 140737196852928 read: Wooden Blocks
Thread with TID = 140737175881408 read: Dart Board
Thread with TID = 140737165395648 read: Toy Crown
Thread with TID = 140737083606720 read: RC Helicopter
Thread with TID = 140737186367168 read: Miniature Train Set
Thread with TID = 140737073120960 read: Remote-Controlled Car
Thread with TID = 140737062635200 read: Toy Kitchen Set
Thread with TID = 140736938903232 read: Toy Police Car
Thread with TID = 140737041663680 read: RC Drone
Thread with TID = 140736949388992 read: Slime Kit
Thread with TID = 140736855017152 read: Action Figure
Thread with TID = 140737031177920 read: Action Hero Figure
Thread with TID = 140736865502912 read: Toy Garage
Thread with TID = 140737052149440 read: Bouncing Ball
Thread with TID = 140736928417472 read: Playing Cards
Thread with TID = 140736896960192 read: Princess Costume
Thread with TID = 140736917931712 read: Slinky
Thread with TID = 140736886474432 read: Checkers
Thread with TID = 140736844531392 read: Toy Train Set
Thread with TID = 140736823559872 read: Toy Car
Thread with TID = 140736813074112 read: Toy Camera
Thread with TID = 140736792102592 read: Magic Kit
Thread with TID = 140736781616832 read: Toy Zoo
Thread with TID = 140736771131072 read: Toy Ambulance
Thread with TID = 140736802588352 read: Toy Doctor Kit
Thread with TID = 140736907445952 read: Toy Farm Set
Thread with TID = 140736875988672 read: Play-Doh Set
Thread with TID = 140736834045632 read: Toy Castle
Thread with TID = 140736760645312 read: Toy Bowling Set
Thread with TID = 140736750159552 read: Toy Boat
Thread with TID = 140736729188032 read: Building Blocks
Thread with TID = 140736739673792 read: Toy Drum Set
Thread with TID = 140736718702272 read: Bow and Arrow Set
Thread with TID = 140736708216512 read: Yo-Yo
Thread with TID = 140736687244992 read: Lego Set
Thread with TID = 140736697730752 read: Mini Golf Set
Thread with TID = 140736676759232 read: Toy Golf Set
Thread with TID = 140736666273472 read: Toy Guitar
Thread with TID = 140736645301952 read: Mini Pool Table
Thread with TID = 140736624330432 read: Scrabble
Thread with TID = 140736634816192 read: Puzzle
Thread with TID = 140736603358912 read: Monopoly
Thread with TID = 140736592873152 read: Superhero Costume
Thread with TID = 140736613844672 read: Toy House
Thread with TID = 140736571901632 read: Toy Air Hockey Table
Thread with TID = 140736655787712 read: Toy Fishing Set
Thread with TID = 140736582387392 read: Jigsaw Puzzle
Thread with TID = 140736561415872 read: Stuffed Animal
Thread with TID = 140736519472832 read: Foam Sword
Thread with TID = 140736508987072 read: Toy Spaceship
Thread with TID = 140736456558272 read: Water Gun
Thread with TID = 140736446072512 read: Robot Toy
Thread with TID = 140736488015552 read: Rubik's Cube
Thread with TID = 140736467044032 read: Uno Cards
Thread with TID = 140736404129472 read: Barbie Doll
Thread with TID = 140736383157952 read: Toy Train
Thread with TID = 140736393643712 read: Toy Microscope
Thread with TID = 140736498501312 read: Wooden Train Set
Thread with TID = 140736550930112 read: Kite
Thread with TID = 140736362186432 read: Fairy Wand
Thread with TID = 140736341214912 read: Toy Cooking Tools
Thread with TID = 140736529958592 read: Toy Submarine
Thread with TID = 140736540444352 read: Toy Vehicles
Thread with TID = 140736372672192 read: Toy Airplane
Thread with TID = 140736414615232 read: Nerf Gun
Thread with TID = 140736477529792 read: Toy Gardening Tools
Thread with TID = 140736425100992 read: Toy Soldier Set
Thread with TID = 140736435586752 read: Marbles
Thread with TID = 140736351700672 read: Toy Animals
Thread with TID = 140736330729152 read: Basketball Hoop Toy
Thread with TID = 140736309757632 read: Board Game
Thread with TID = 140736320243392 read: Dinosaur Toy
