Process PID: 9912
Thread with TID = 140737305904832 read: Chess Set
Thread with TID = 140737253476032 read: Dart Board
Thread with TID = 140737242990272 read: Toy Crown
Thread with TID = 140737222018752 read: Remote-Controlled Car
Thread with TID = 140737232504512 read: RC Helicopter
Thread with TID = 140737284933312 read: Toy Binoculars
Thread with TID = 140737274447552 read: Wooden Blocks
Thread with TID = 140737347847872 read: Toy Telescope
Thread with TID = 140737263961792 read: Miniature Train Set
Thread with TID = 140737337362112 read: Teddy Bear
Thread with TID = 140737326876352 read: Toy Fire Truck
Thread with TID = 140737316390592 read: Plush Toy
Thread with TID = 140737083606720 read: Toy Kitchen Set
Thread with TID = 140737211532992 read: Bouncing Ball
Thread with TID = 140737031177920 read: Checkers
Thread with TID = 140737201047232 read: RC Drone
Thread with TID = 140737041663680 read: Princess Costume
Thread with TID = 140737169589952 read: Toy Police Car
Thread with TID = 140736886474432 read: Play-Doh Set
Thread with TID = 140736949388992 read: Toy Garage
Thread with TID = 140737190561472 read: Action Hero Figure
Thread with TID = 140737073120960 read: Playing Cards
Thread with TID = 140736917931712 read: Toy Castle
Thread with TID = 140737180075712 read: Slime Kit
Thread with TID = 140736928417472 read: Toy Train Set
Thread with TID = 140736865502912 read: Magic Kit
Thread with TID = 140737052149440 read: Toy Farm Set
Thread with TID = 140736938903232 read: Action Figure
Thread with TID = 140736907445952 read: Toy Car
Thread with TID = 140736896960192 read: Toy Camera
Thread with TID = 140736875988672 read: Toy Doctor Kit
Thread with TID = 140736855017152 read: Toy Zoo
Thread with TID = 140737062635200 read: Slinky
Thread with TID = 140736844531392 read: Toy Ambulance
Thread with TID = 140736737576640 read: Toy Drum Set
Thread with TID = 140736706119360 read: Yo-Yo
Thread with TID = 140736748062400 read: Toy Boat
Thread with TID = 140736727090880 read: Building Blocks
Thread with TID = 140736716605120 read: Bow and Arrow Set
Thread with TID = 140736546735808 read: Lego Set
Thread with TID = 140736695633600 read: Mini Golf Set
Thread with TID = 140736525764288 read: Toy Guitar
Thread with TID = 140736504792768 read: Mini Pool Table
Thread with TID = 140736494307008 read: Puzzle
Thread with TID = 140736834045632 read: Toy Bowling Set
Thread with TID = 140736420906688 read: Stuffed Animal
Thread with TID = 140736483821248 read: Scrabble
Thread with TID = 140736441878208 read: Jigsaw Puzzle
Thread with TID = 140736357992128 read: Wooden Train Set
Thread with TID = 140737295419072 read: Spinning Top
Thread with TID = 140736399935168 read: Toy Vehicles
Thread with TID = 140736368477888 read: Toy Spaceship
Thread with TID = 140736347506368 read: Rubik's Cube
Thread with TID = 140736389449408 read: Toy Submarine
Thread with TID = 140736462849728 read: Monopoly
Thread with TID = 140736452363968 read: Superhero Costume
Thread with TID = 140736378963648 read: Foam Sword
Thread with TID = 140736473335488 read: Toy House
Thread with TID = 140736515278528 read: Toy Fishing Set
Thread with TID = 140736410420928 read: Kite
Thread with TID = 140736431392448 read: Toy Air Hockey Table
Thread with TID = 140736536250048 read: Toy Golf Set
Thread with TID = 140736337020608 read: Toy Gardening Tools
Thread with TID = 140736326534848 read: Uno Cards
Thread with TID = 140736305563328 read: Robot Toy
Thread with TID = 140736316049088 read: Water Gun
Thread with TID = 140736274106048 read: Nerf Gun
Thread with TID = 140736284591808 read: Toy Soldier Set
Thread with TID = 140736295077568 read: Marbles
Thread with TID = 140736263620288 read: Barbie Doll
Thread with TID = 140736242648768 read: Toy Train
Thread with TID = 140736253134528 read: Toy Microscope
Thread with TID = 140736232163008 read: Toy Airplane
Thread with TID = 140736221677248 read: Fairy Wand
Thread with TID = 140736211191488 read: Toy Animals
Thread with TID = 140736179734208 read: Dinosaur Toy
Thread with TID = 140736190219968 read: Basketball Hoop Toy
Thread with TID = 140736169248448 read: Board Game
Thread with TID = 140736200705728 read: Toy Cooking Tools
