Process PID: 26963
Thread with TID = 123280583296704 read: Toy Telescope
Thread with TID = 123280572810944 read: Teddy Bear
Thread with TID = 123280541353664 read: Chess Set
Thread with TID = 123280509896384 read: Wooden Blocks
Thread with TID = 123280530867904 read: Spinning Top
Thread with TID = 123280478439104 read: Toy Crown
Thread with TID = 123280551839424 read: Plush Toy
Thread with TID = 123280562325184 read: Toy Fire Truck
Thread with TID = 123280520382144 read: Toy Binoculars
Thread with TID = 123280499410624 read: Miniature Train Set
Thread with TID = 123280488924864 read: Dart Board
Thread with TID = 123280390358720 read: RC Helicopter
Thread with TID = 123280379872960 read: Remote-Controlled Car
Thread with TID = 123280358901440 read: Bouncing Ball
Thread with TID = 123280369387200 read: Toy Kitchen Set
Thread with TID = 123280348415680 read: RC Drone
Thread with TID = 123280245655232 read: Toy Police Car
Thread with TID = 123280256140992 read: Slime Kit
Thread with TID = 123280337929920 read: Action Hero Figure
Thread with TID = 123280235169472 read: Playing Cards
Thread with TID = 123280214197952 read: Toy Farm Set
Thread with TID = 123280193226432 read: Checkers
Thread with TID = 123280077883072 read: Toy Ambulance
Thread with TID = 123280130311872 read: Toy Car
Thread with TID = 123280172254912 read: Toy Garage
Thread with TID = 123280161769152 read: Action Figure
Thread with TID = 123280067397312 read: Toy Bowling Set
Thread with TID = 123280224683712 read: Slinky
Thread with TID = 123280203712192 read: Princess Costume
Thread with TID = 123280119826112 read: Toy Camera
Thread with TID = 123280098854592 read: Magic Kit
Thread with TID = 123280088368832 read: Toy Zoo
Thread with TID = 123280182740672 read: Play-Doh Set
Thread with TID = 123280109340352 read: Toy Doctor Kit
Thread with TID = 123280140797632 read: Toy Castle
Thread with TID = 123280151283392 read: Toy Train Set
Thread with TID = 123280056911552 read: Toy Boat
Thread with TID = 123280046425792 read: Toy Drum Set
Thread with TID = 123280035940032 read: Building Blocks
Thread with TID = 123280004482752 read: Mini Golf Set
Thread with TID = 123280025454272 read: Bow and Arrow Set
Thread with TID = 123280014968512 read: Yo-Yo
Thread with TID = 123279920596672 read: Lego Set
Thread with TID = 123279910110912 read: Toy Golf Set
Thread with TID = 123279899625152 read: Toy Guitar
Thread with TID = 123279889139392 read: Toy Fishing Set
Thread with TID = 123279878653632 read: Mini Pool Table
Thread with TID = 123279826224832 read: Superhero Costume
Thread with TID = 123279815739072 read: Jigsaw Puzzle
Thread with TID = 123279784281792 read: Kite
Thread with TID = 123279805253312 read: Toy Air Hockey Table
Thread with TID = 123279868167872 read: Puzzle
Thread with TID = 123279857682112 read: Scrabble
Thread with TID = 123279794767552 read: Stuffed Animal
Thread with TID = 123279847196352 read: Toy House
Thread with TID = 123279773796032 read: Toy Vehicles
Thread with TID = 123279836710592 read: Monopoly
Thread with TID = 123279763310272 read: Toy Submarine
Thread with TID = 123279752824512 read: Foam Sword
Thread with TID = 123279742338752 read: Toy Spaceship
Thread with TID = 123279689909952 read: Water Gun
Thread with TID = 123279710881472 read: Toy Gardening Tools
Thread with TID = 123279679424192 read: Robot Toy
Thread with TID = 123279700395712 read: Uno Cards
Thread with TID = 123279721367232 read: Rubik's Cube
Thread with TID = 123279668938432 read: Marbles
Thread with TID = 123279731852992 read: Wooden Train Set
Thread with TID = 123279616509632 read: Toy Train
Thread with TID = 123279626995392 read: Toy Microscope
Thread with TID = 123279585052352 read: Toy Animals
Thread with TID = 123279564080832 read: Basketball Hoop Toy
Thread with TID = 123279647966912 read: Nerf Gun
Thread with TID = 123279574566592 read: Toy Cooking Tools
Thread with TID = 123279637481152 read: Barbie Doll
Thread with TID = 123279543109312 read: Board Game
Thread with TID = 123279606023872 read: Toy Airplane
Thread with TID = 123279595538112 read: Fairy Wand
Thread with TID = 123279553595072 read: Dinosaur Toy
Thread with TID = 123279658452672 read: Toy Soldier Set
