Process PID: 18563
Thread with TID = 124190942299840 read: Toy Binoculars
Thread with TID = 124190803887808 read: Remote-Controlled Car
Thread with TID = 124190824859328 read: Toy Crown
Thread with TID = 124190835345088 read: Dart Board
Thread with TID = 124190654990016 read: Toy Kitchen Set
Thread with TID = 124190973757120 read: Plush Toy
Thread with TID = 124190644504256 read: Bouncing Ball
Thread with TID = 124190856316608 read: Wooden Blocks
Thread with TID = 124190952785600 read: Spinning Top
Thread with TID = 124190845830848 read: Miniature Train Set
Thread with TID = 124190984242880 read: Toy Fire Truck
Thread with TID = 124190602561216 read: Toy Police Car
Thread with TID = 124190814373568 read: RC Helicopter
Thread with TID = 124191005214400 read: Toy Telescope
Thread with TID = 124190634018496 read: RC Drone
Thread with TID = 124190623532736 read: Action Hero Figure
Thread with TID = 124190613046976 read: Slime Kit
Thread with TID = 124190592075456 read: Playing Cards
Thread with TID = 124190581589696 read: Slinky
Thread with TID = 124190963271360 read: Chess Set
Thread with TID = 124190443177664 read: Action Figure
Thread with TID = 124190560618176 read: Princess Costume
Thread with TID = 124190994728640 read: Teddy Bear
Thread with TID = 124190539646656 read: Play-Doh Set
Thread with TID = 124190453663424 read: Toy Garage
Thread with TID = 124190550132416 read: Checkers
Thread with TID = 124190241851072 read: Magic Kit
Thread with TID = 124190401234624 read: Toy Camera
Thread with TID = 124190571103936 read: Toy Farm Set
Thread with TID = 124190220879552 read: Toy Ambulance
Thread with TID = 124190231365312 read: Toy Zoo
Thread with TID = 124190432691904 read: Toy Train Set
Thread with TID = 124190411720384 read: Toy Car
Thread with TID = 124190422206144 read: Toy Castle
Thread with TID = 124190252336832 read: Toy Doctor Kit
Thread with TID = 124190210393792 read: Toy Bowling Set
Thread with TID = 124190086661824 read: Yo-Yo
Thread with TID = 124190118119104 read: Toy Drum Set
Thread with TID = 124190097147584 read: Bow and Arrow Set
Thread with TID = 124190076176064 read: Mini Golf Set
Thread with TID = 124190065690304 read: Lego Set
Thread with TID = 124190199908032 read: Toy Boat
Thread with TID = 124190107633344 read: Building Blocks
Thread with TID = 124189973415616 read: Toy Guitar
Thread with TID = 124189983901376 read: Toy Golf Set
Thread with TID = 124189952444096 read: Mini Pool Table
Thread with TID = 124189962929856 read: Toy Fishing Set
Thread with TID = 124189931472576 read: Scrabble
Thread with TID = 124189849683648 read: Toy House
Thread with TID = 124189839197888 read: Monopoly
Thread with TID = 124189797254848 read: Stuffed Animal
Thread with TID = 124189828712128 read: Superhero Costume
Thread with TID = 124189765797568 read: Toy Submarine
Thread with TID = 124189807740608 read: Toy Air Hockey Table
Thread with TID = 124189941958336 read: Puzzle
Thread with TID = 124189786769088 read: Kite
Thread with TID = 124189776283328 read: Toy Vehicles
Thread with TID = 124189818226368 read: Jigsaw Puzzle
Thread with TID = 124189755311808 read: Foam Sword
Thread with TID = 124189744826048 read: Toy Spaceship
Thread with TID = 124189734340288 read: Wooden Train Set
Thread with TID = 124189723854528 read: Rubik's Cube
Thread with TID = 124189702883008 read: Uno Cards
Thread with TID = 124189692397248 read: Water Gun
Thread with TID = 124189681911488 read: Robot Toy
Thread with TID = 124189713368768 read: Toy Gardening Tools
Thread with TID = 124189671425728 read: Marbles
Thread with TID = 124189650454208 read: Nerf Gun
Thread with TID = 124189660939968 read: Toy Soldier Set
Thread with TID = 124189639968448 read: Barbie Doll
Thread with TID = 124189618996928 read: Toy Train
Thread with TID = 124189629482688 read: Toy Microscope
Thread with TID = 124189598025408 read: Fairy Wand
Thread with TID = 124189608511168 read: Toy Airplane
Thread with TID = 124189577053888 read: Toy Cooking Tools
Thread with TID = 124189545596608 read: Board Game
Thread with TID = 124189556082368 read: Dinosaur Toy
Thread with TID = 124189587539648 read: Toy Animals
Thread with TID = 124189566568128 read: Basketball Hoop Toy
