Process PID: 35231
Thread with TID = 132514192557760 read: Wooden Blocks
Thread with TID = 132514234500800 read: Plush Toy
Thread with TID = 132514244986560 read: Toy Fire Truck
Thread with TID = 132514255472320 read: Teddy Bear
Thread with TID = 132514265958080 read: Toy Telescope
Thread with TID = 132514213529280 read: Spinning Top
Thread with TID = 132514079311552 read: RC Helicopter
Thread with TID = 132514058340032 read: Toy Kitchen Set
Thread with TID = 132514068825792 read: Remote-Controlled Car
Thread with TID = 132514089797312 read: Toy Crown
Thread with TID = 132514182072000 read: Dart Board
Thread with TID = 132513966065344 read: RC Drone
Thread with TID = 132514224015040 read: Chess Set
Thread with TID = 132514203043520 read: Toy Binoculars
Thread with TID = 132514047854272 read: Bouncing Ball
Thread with TID = 132513955579584 read: Action Hero Figure
Thread with TID = 132514100283072 read: Miniature Train Set
Thread with TID = 132513934608064 read: Toy Police Car
Thread with TID = 132513903150784 read: Toy Farm Set
Thread with TID = 132513913636544 read: Slinky
Thread with TID = 132513892665024 read: Princess Costume
Thread with TID = 132513945093824 read: Slime Kit
Thread with TID = 132513924122304 read: Playing Cards
Thread with TID = 132513882179264 read: Checkers
Thread with TID = 132513850721984 read: Action Figure
Thread with TID = 132513829750464 read: Toy Castle
Thread with TID = 132513819264704 read: Toy Car
Thread with TID = 132513766835904 read: Toy Ambulance
Thread with TID = 132513840236224 read: Toy Train Set
Thread with TID = 132513756350144 read: Toy Bowling Set
Thread with TID = 132513714407104 read: Bow and Arrow Set
Thread with TID = 132513745864384 read: Toy Boat
Thread with TID = 132513871693504 read: Play-Doh Set
Thread with TID = 132513735378624 read: Toy Drum Set
Thread with TID = 132513777321664 read: Toy Zoo
Thread with TID = 132513861207744 read: Toy Garage
Thread with TID = 132513724892864 read: Building Blocks
Thread with TID = 132513703921344 read: Yo-Yo
Thread with TID = 132513798293184 read: Toy Doctor Kit
Thread with TID = 132513787807424 read: Magic Kit
Thread with TID = 132513808778944 read: Toy Camera
Thread with TID = 132513693435584 read: Mini Golf Set
Thread with TID = 132513682949824 read: Lego Set
Thread with TID = 132513563412160 read: Mini Pool Table
Thread with TID = 132513651492544 read: Toy Fishing Set
Thread with TID = 132513542440640 read: Scrabble
Thread with TID = 132513661978304 read: Toy Guitar
Thread with TID = 132513672464064 read: Toy Golf Set
Thread with TID = 132513552926400 read: Puzzle
Thread with TID = 132513521469120 read: Monopoly
Thread with TID = 132513510983360 read: Superhero Costume
Thread with TID = 132513429194432 read: Jigsaw Puzzle
Thread with TID = 132513531954880 read: Toy House
Thread with TID = 132513418708672 read: Toy Air Hockey Table
Thread with TID = 132513408222912 read: Stuffed Animal
Thread with TID = 132513397737152 read: Kite
Thread with TID = 132513387251392 read: Toy Vehicles
Thread with TID = 132513376765632 read: Toy Submarine
Thread with TID = 132513366279872 read: Foam Sword
Thread with TID = 132513345308352 read: Wooden Train Set
Thread with TID = 132513355794112 read: Toy Spaceship
Thread with TID = 132513334822592 read: Rubik's Cube
Thread with TID = 132513324336832 read: Toy Gardening Tools
Thread with TID = 132513313851072 read: Uno Cards
Thread with TID = 132513303365312 read: Water Gun
Thread with TID = 132513292879552 read: Robot Toy
Thread with TID = 132513271908032 read: Toy Soldier Set
Thread with TID = 132513261422272 read: Nerf Gun
Thread with TID = 132513240450752 read: Toy Microscope
Thread with TID = 132513250936512 read: Barbie Doll
Thread with TID = 132513229964992 read: Toy Train
Thread with TID = 132513219479232 read: Toy Airplane
Thread with TID = 132513198507712 read: Toy Animals
Thread with TID = 132513208993472 read: Fairy Wand
Thread with TID = 132513177536192 read: Basketball Hoop Toy
Thread with TID = 132513282393792 read: Marbles
Thread with TID = 132513167050432 read: Dinosaur Toy
Thread with TID = 132513188021952 read: Toy Cooking Tools
Thread with TID = 132513156564672 read: Board Game
