Process PID: 37214
Thread with TID = 133514919937728 read: Bouncing Ball
Thread with TID = 133515035281088 read: Plush Toy
Thread with TID = 133515066738368 read: Toy Telescope
Thread with TID = 133515024795328 read: Chess Set
Thread with TID = 133515056252608 read: Teddy Bear
Thread with TID = 133514930423488 read: Toy Kitchen Set
Thread with TID = 133514972366528 read: Dart Board
Thread with TID = 133515045766848 read: Toy Fire Truck
Thread with TID = 133514827663040 read: Action Hero Figure
Thread with TID = 133514982852288 read: Miniature Train Set
Thread with TID = 133514594879168 read: Toy Garage
Thread with TID = 133515014309568 read: Spinning Top
Thread with TID = 133515003823808 read: Toy Binoculars
Thread with TID = 133514951395008 read: RC Helicopter
Thread with TID = 133514961880768 read: Toy Crown
Thread with TID = 133514785720000 read: Slinky
Thread with TID = 133514775234240 read: Toy Farm Set
Thread with TID = 133514796205760 read: Playing Cards
Thread with TID = 133514993338048 read: Wooden Blocks
Thread with TID = 133514817177280 read: Slime Kit
Thread with TID = 133514806691520 read: Toy Police Car
Thread with TID = 133514615850688 read: Checkers
Thread with TID = 133514940909248 read: Remote-Controlled Car
Thread with TID = 133514573907648 read: Toy Train Set
Thread with TID = 133514626336448 read: Princess Costume
Thread with TID = 133514605364928 read: Play-Doh Set
Thread with TID = 133514481632960 read: Toy Camera
Thread with TID = 133514357900992 read: Toy Castle
Thread with TID = 133514584393408 read: Action Figure
Thread with TID = 133514492118720 read: Toy Car
Thread with TID = 133514471147200 read: Toy Doctor Kit
Thread with TID = 133514909451968 read: RC Drone
Thread with TID = 133514460661440 read: Magic Kit
Thread with TID = 133514439689920 read: Toy Ambulance
Thread with TID = 133514347415232 read: Toy Bowling Set
Thread with TID = 133514450175680 read: Toy Zoo
Thread with TID = 133514336929472 read: Toy Boat
Thread with TID = 133514315957952 read: Building Blocks
Thread with TID = 133514326443712 read: Toy Drum Set
Thread with TID = 133514305472192 read: Bow and Arrow Set
Thread with TID = 133514223683264 read: Yo-Yo
Thread with TID = 133514202711744 read: Lego Set
Thread with TID = 133514171254464 read: Toy Fishing Set
Thread with TID = 133514150282944 read: Puzzle
Thread with TID = 133514213197504 read: Mini Golf Set
Thread with TID = 133514181740224 read: Toy Guitar
Thread with TID = 133514118825664 read: Monopoly
Thread with TID = 133514108339904 read: Superhero Costume
Thread with TID = 133514192225984 read: Toy Golf Set
Thread with TID = 133514139797184 read: Scrabble
Thread with TID = 133514076882624 read: Stuffed Animal
Thread with TID = 133514097854144 read: Jigsaw Puzzle
Thread with TID = 133514160768704 read: Mini Pool Table
Thread with TID = 133514087368384 read: Toy Air Hockey Table
Thread with TID = 133514066396864 read: Kite
Thread with TID = 133514129311424 read: Toy House
Thread with TID = 133514045425344 read: Toy Submarine
Thread with TID = 133514024453824 read: Toy Spaceship
Thread with TID = 133514013968064 read: Wooden Train Set
Thread with TID = 133514055911104 read: Toy Vehicles
Thread with TID = 133514034939584 read: Foam Sword
Thread with TID = 133514003482304 read: Rubik's Cube
Thread with TID = 133513972025024 read: Water Gun
Thread with TID = 133513951053504 read: Marbles
Thread with TID = 133513961539264 read: Robot Toy
Thread with TID = 133513867167424 read: Toy Animals
Thread with TID = 133513919596224 read: Barbie Doll
Thread with TID = 133513940567744 read: Toy Soldier Set
Thread with TID = 133513992996544 read: Toy Gardening Tools
Thread with TID = 133513888138944 read: Toy Airplane
Thread with TID = 133513982510784 read: Uno Cards
Thread with TID = 133513846195904 read: Basketball Hoop Toy
Thread with TID = 133513909110464 read: Toy Microscope
Thread with TID = 133513877653184 read: Fairy Wand
Thread with TID = 133513930081984 read: Nerf Gun
Thread with TID = 133513898624704 read: Toy Train
Thread with TID = 133513835710144 read: Dinosaur Toy
Thread with TID = 133513856681664 read: Toy Cooking Tools
Thread with TID = 133513825224384 read: Board Game
