Process PID: 8707
Thread with TID = 124077622691520 read: Teddy Bear
Thread with TID = 124077633177280 read: Toy Telescope
Thread with TID = 124077580748480 read: Spinning Top
Thread with TID = 124077528319680 read: Toy Crown
Thread with TID = 124077549291200 read: Miniature Train Set
Thread with TID = 124077538805440 read: Dart Board
Thread with TID = 124077570262720 read: Toy Binoculars
Thread with TID = 124077612205760 read: Toy Fire Truck
Thread with TID = 124077601720000 read: Plush Toy
Thread with TID = 124077559776960 read: Wooden Blocks
Thread with TID = 124077442336448 read: RC Helicopter
Thread with TID = 124077591234240 read: Chess Set
Thread with TID = 124077400393408 read: RC Drone
Thread with TID = 124077241009856 read: Slime Kit
Thread with TID = 124077389907648 read: Action Hero Figure
Thread with TID = 124077410879168 read: Bouncing Ball
Thread with TID = 124077431850688 read: Remote-Controlled Car
Thread with TID = 124077230524096 read: Toy Police Car
Thread with TID = 124077209552576 read: Slinky
Thread with TID = 124077188581056 read: Princess Costume
Thread with TID = 124077421364928 read: Toy Kitchen Set
Thread with TID = 124077199066816 read: Toy Farm Set
Thread with TID = 124077106792128 read: Checkers
Thread with TID = 124077096306368 read: Play-Doh Set
Thread with TID = 124077220038336 read: Playing Cards
Thread with TID = 124077085820608 read: Toy Garage
Thread with TID = 124077075334848 read: Action Figure
Thread with TID = 124077054363328 read: Toy Castle
Thread with TID = 124077064849088 read: Toy Train Set
Thread with TID = 124076972574400 read: Toy Car
Thread with TID = 124076962088640 read: Toy Camera
Thread with TID = 124076951602880 read: Toy Doctor Kit
Thread with TID = 124076941117120 read: Magic Kit
Thread with TID = 124076920145600 read: Toy Ambulance
Thread with TID = 124076899174080 read: Toy Boat
Thread with TID = 124076888688320 read: Toy Drum Set
Thread with TID = 124076909659840 read: Toy Bowling Set
Thread with TID = 124076930631360 read: Toy Zoo
Thread with TID = 124076878202560 read: Building Blocks
Thread with TID = 124076867716800 read: Bow and Arrow Set
Thread with TID = 124076857231040 read: Yo-Yo
Thread with TID = 124076846745280 read: Mini Golf Set
Thread with TID = 124076836259520 read: Lego Set
Thread with TID = 124076825773760 read: Toy Golf Set
Thread with TID = 124076815288000 read: Toy Guitar
Thread with TID = 124076794316480 read: Mini Pool Table
Thread with TID = 124076804802240 read: Toy Fishing Set
Thread with TID = 124076762859200 read: Toy House
Thread with TID = 124076752373440 read: Monopoly
Thread with TID = 124076720916160 read: Toy Air Hockey Table
Thread with TID = 124076731401920 read: Jigsaw Puzzle
Thread with TID = 124076783830720 read: Puzzle
Thread with TID = 124076710430400 read: Stuffed Animal
Thread with TID = 124076773344960 read: Scrabble
Thread with TID = 124076689458880 read: Toy Vehicles
Thread with TID = 124076741887680 read: Superhero Costume
Thread with TID = 124076699944640 read: Kite
Thread with TID = 124076678973120 read: Toy Submarine
Thread with TID = 124076668487360 read: Foam Sword
Thread with TID = 124076658001600 read: Toy Spaceship
Thread with TID = 124076637030080 read: Rubik's Cube
Thread with TID = 124076626544320 read: Toy Gardening Tools
Thread with TID = 124076595087040 read: Robot Toy
Thread with TID = 124076584601280 read: Marbles
Thread with TID = 124076605572800 read: Water Gun
Thread with TID = 124076553144000 read: Barbie Doll
Thread with TID = 124076563629760 read: Nerf Gun
Thread with TID = 124076542658240 read: Toy Microscope
Thread with TID = 124076532172480 read: Toy Train
Thread with TID = 124076647515840 read: Wooden Train Set
Thread with TID = 124076574115520 read: Toy Soldier Set
Thread with TID = 124076521686720 read: Toy Airplane
Thread with TID = 124076616058560 read: Uno Cards
Thread with TID = 124076490229440 read: Toy Cooking Tools
Thread with TID = 124076458772160 read: Board Game
Thread with TID = 124076469257920 read: Dinosaur Toy
Thread with TID = 124076500715200 read: Toy Animals
Thread with TID = 124076479743680 read: Basketball Hoop Toy
Thread with TID = 124076511200960 read: Fairy Wand
