Process PID: 17179
Thread with TID = 135204213622464 read: Bread
Thread with TID = 135204224108224 read: Soy Milk
Thread with TID = 135204203136704 read: Pancake Mix
Thread with TID = 135204182165184 read: Sunflower Seeds
Thread with TID = 135203402024640 read: Turmeric
Thread with TID = 135204060530368 read: Cashews
Thread with TID = 135203664168640 read: Vinegar
Thread with TID = 135203548825280 read: Honey
Thread with TID = 135203821455040 read: Cheese
Thread with TID = 135203475424960 read: Yogurt
Thread with TID = 135204091987648 read: Fruit Juice
Thread with TID = 135203517368000 read: Peanut Butter
Thread with TID = 135203485910720 read: Raisins
Thread with TID = 135203779512000 read: Green Tea
Thread with TID = 135203810969280 read: Herbal Tea
Thread with TID = 135203800483520 read: Cinnamon
Thread with TID = 135203538339520 read: Protein Bars
Thread with TID = 135203527853760 read: Energy Drinks
Thread with TID = 135203789997760 read: Mints
Thread with TID = 135203601254080 read: Beef Stock
Thread with TID = 135203769026240 read: Almonds
Thread with TID = 135203758540480 read: Noodles
Thread with TID = 135203748054720 read: Cooking Wine
Thread with TID = 135203737568960 read: Rice
Thread with TID = 135203716597440 read: Butter
Thread with TID = 135203727083200 read: Mustard
Thread with TID = 135203496396480 read: Canned Soup
Thread with TID = 135203443967680 read: Rice Cakes
Thread with TID = 135204071016128 read: Marshmallows
Thread with TID = 135203706111680 read: Granola Bars
Thread with TID = 135203559311040 read: Walnuts
Thread with TID = 135203674654400 read: Eggs
Thread with TID = 135203569796800 read: Pasta
Thread with TID = 135203590768320 read: Almond Milk
Thread with TID = 135203622225600 read: Flavored Water
Thread with TID = 135203695625920 read: Popcorn
Thread with TID = 135203685140160 read: Chips
Thread with TID = 135203464939200 read: Burger Patties
Thread with TID = 135203632711360 read: Cooking Oil
Thread with TID = 135203643197120 read: Soup Mix
Thread with TID = 135203653682880 read: Lollipops
Thread with TID = 135203611739840 read: Cake Mix
Thread with TID = 135203433481920 read: Canned Beans
Thread with TID = 135204039558848 read: Pumpkin Seeds
Thread with TID = 135203454453440 read: Candies
Thread with TID = 135203957769920 read: Ketchup
Thread with TID = 135204171679424 read: Black Tea
Thread with TID = 135203412510400 read: Black Pepper
Thread with TID = 135203947284160 read: Oats
Thread with TID = 135203936798400 read: Chicken Nuggets
Thread with TID = 135203915826880 read: Jam
Thread with TID = 135203391538880 read: Milk
Thread with TID = 135204081501888 read: Spices
Thread with TID = 135203831940800 read: Dried Fruits
Thread with TID = 135203894855360 read: Frozen Pizza
Thread with TID = 135203884369600 read: Coconut Milk
Thread with TID = 135204050044608 read: Fish Fingers
Thread with TID = 135203506882240 read: Powdered Milk
Thread with TID = 135203842426560 read: Soy Sauce
Thread with TID = 135203905341120 read: Olive Oil Spray
Thread with TID = 135203863398080 read: Ground Coffee
Thread with TID = 135203580282560 read: Brownie Mix
Thread with TID = 135203852912320 read: Sugar
Thread with TID = 135203873883840 read: Soft Drinks
Thread with TID = 135204192650944 read: Instant Coffee
Thread with TID = 135203926312640 read: Wheat Flour
Thread with TID = 135202640758464 read: Chocolates
Thread with TID = 135202661729984 read: Chocolate Spread
Thread with TID = 135202651244224 read: Pickles
Thread with TID = 135202682701504 read: Energy Bars
Thread with TID = 135202672215744 read: Yeast
Thread with TID = 135202831599296 read: Herbs
Thread with TID = 135203043411648 read: Canned Fish
Thread with TID = 135203074868928 read: Chia Seeds
Thread with TID = 135203032925888 read: Hot Sauce
Thread with TID = 135203064383168 read: Biscuits
Thread with TID = 135202863056576 read: Ice Cream
Thread with TID = 135202873542336 read: Vegetable Stock
Thread with TID = 135203381053120 read: Cereal
Thread with TID = 135203053897408 read: Crackers
Thread with TID = 135203265709760 read: Frozen Vegetables
Thread with TID = 135203234252480 read: Canned Fruit
Thread with TID = 135202852570816 read: Frozen Berries
Thread with TID = 135203244738240 read: Coffee Beans
Thread with TID = 135203085354688 read: Chicken Stock
Thread with TID = 135202884028096 read: Coffee
Thread with TID = 135203276195520 read: Pistachios
Thread with TID = 135203286681280 read: Baking Powder
Thread with TID = 135203255224000 read: Quinoa
Thread with TID = 135203422996160 read: Cookies
Thread with TID = 135202842085056 read: Stock Cubes
Thread with TID = 135203370567360 read: Salt
Thread with TID = 135202630272704 read: Tea
