Process PID: 4343
Thread with TID = 138817963034304 read: Instant Coffee
Thread with TID = 138817994491584 read: Soy Milk
Thread with TID = 138817491175104 read: Wheat Flour
Thread with TID = 138817973520064 read: Pancake Mix
Thread with TID = 138817984005824 read: Bread
Thread with TID = 138817952548544 read: Sunflower Seeds
Thread with TID = 138817625392832 read: Jam
Thread with TID = 138817805747904 read: Pumpkin Seeds
Thread with TID = 138817816233664 read: Fish Fingers
Thread with TID = 138817614907072 read: Olive Oil Spray
Thread with TID = 138817826719424 read: Cashews
Thread with TID = 138817583449792 read: Soft Drinks
Thread with TID = 138817604421312 read: Frozen Pizza
Thread with TID = 138817795262144 read: Ketchup
Thread with TID = 138817593935552 read: Coconut Milk
Thread with TID = 138817635878592 read: Chicken Nuggets
Thread with TID = 138817784776384 read: Oats
Thread with TID = 138817837205184 read: Marshmallows
Thread with TID = 138817942062784 read: Black Tea
Thread with TID = 138817931577024 read: Fruit Juice
Thread with TID = 138817921091264 read: Spices
Thread with TID = 138817459717824 read: Dried Fruits
Thread with TID = 138817449232064 read: Cheese
Thread with TID = 138817346471616 read: Mints
Thread with TID = 138817356957376 read: Cinnamon
Thread with TID = 138817480689344 read: Sugar
Thread with TID = 138817335985856 read: Green Tea
Thread with TID = 138816417433280 read: Cookies
Thread with TID = 138816551651008 read: Raisins
Thread with TID = 138816643925696 read: Powdered Milk
Thread with TID = 138816509707968 read: Rice Cakes
Thread with TID = 138816562136768 read: Canned Soup
Thread with TID = 138816799114944 read: Almond Milk
Thread with TID = 138816788629184 read: Brownie Mix
Thread with TID = 138816530679488 read: Burger Patties
Thread with TID = 138816654411456 read: Peanut Butter
Thread with TID = 138816664897216 read: Energy Drinks
Thread with TID = 138816809600704 read: Beef Stock
Thread with TID = 138816778143424 read: Pasta
Thread with TID = 138816541165248 read: Yogurt
Thread with TID = 138816685868736 read: Honey
Thread with TID = 138816520193728 read: Candies
Thread with TID = 138816696354496 read: Walnuts
Thread with TID = 138816427919040 read: Canned Beans
Thread with TID = 138817134659264 read: Butter
Thread with TID = 138816675382976 read: Protein Bars
Thread with TID = 138817155630784 read: Rice
Thread with TID = 138817501660864 read: Ground Coffee
Thread with TID = 138817470203584 read: Soy Sauce
Thread with TID = 138817315014336 read: Noodles
Thread with TID = 138816406947520 read: Black Pepper
Thread with TID = 138816820086464 read: Cake Mix
Thread with TID = 138816396461760 read: Turmeric
Thread with TID = 138817113687744 read: Popcorn
Thread with TID = 138816830572224 read: Flavored Water
Thread with TID = 138817166116544 read: Cooking Wine
Thread with TID = 138816385976000 read: Milk
Thread with TID = 138817124173504 read: Granola Bars
Thread with TID = 138817367443136 read: Herbal Tea
Thread with TID = 138816933332672 read: Lollipops
Thread with TID = 138816964789952 read: Chips
Thread with TID = 138817145145024 read: Mustard
Thread with TID = 138816375490240 read: Cereal
Thread with TID = 138816943818432 read: Vinegar
Thread with TID = 138817325500096 read: Almonds
Thread with TID = 138816226592448 read: Salt
Thread with TID = 138816195135168 read: Frozen Vegetables
Thread with TID = 138816922846912 read: Soup Mix
Thread with TID = 138816184649408 read: Quinoa
Thread with TID = 138816912361152 read: Cooking Oil
Thread with TID = 138816954304192 read: Eggs
Thread with TID = 138816025265856 read: Canned Fruit
Thread with TID = 138815813453504 read: Coffee
Thread with TID = 138816174163648 read: Coffee Beans
Thread with TID = 138816014780096 read: Chicken Stock
Thread with TID = 138815993808576 read: Biscuits
Thread with TID = 138816216106688 read: Baking Powder
Thread with TID = 138816205620928 read: Pistachios
Thread with TID = 138815972837056 read: Canned Fish
Thread with TID = 138816004294336 read: Chia Seeds
Thread with TID = 138815983322816 read: Crackers
Thread with TID = 138815823939264 read: Hot Sauce
Thread with TID = 138815792481984 read: Ice Cream
Thread with TID = 138815802967744 read: Vegetable Stock
Thread with TID = 138815781996224 read: Frozen Berries
Thread with TID = 138815689721536 read: Herbs
Thread with TID = 138815679235776 read: Energy Bars
Thread with TID = 138815771510464 read: Stock Cubes
Thread with TID = 138815658264256 read: Chocolate Spread
Thread with TID = 138815668750016 read: Yeast
Thread with TID = 138815647778496 read: Pickles
Thread with TID = 138815555503808 read: Tea
Thread with TID = 138815637292736 read: Chocolates
