Process PID: 12843
Thread with TID = 126657759282880 read: Spices
Thread with TID = 126657738311360 read: Cashews
Thread with TID = 126657769768640 read: Fruit Juice
Thread with TID = 126657622968000 read: Oats
Thread with TID = 126657643939520 read: Pumpkin Seeds
Thread with TID = 126657442612928 read: Olive Oil Spray
Thread with TID = 126657157400256 read: Noodles
Thread with TID = 126657400669888 read: Ground Coffee
Thread with TID = 126657411155648 read: Soft Drinks
Thread with TID = 126657421641408 read: Coconut Milk
Thread with TID = 126657241286336 read: Soy Sauce
Thread with TID = 126657390184128 read: Sugar
Thread with TID = 126657209829056 read: Herbal Tea
Thread with TID = 126657230800576 read: Dried Fruits
Thread with TID = 126657220314816 read: Cheese
Thread with TID = 126657199343296 read: Cinnamon
Thread with TID = 126657188857536 read: Mints
Thread with TID = 126657178371776 read: Green Tea
Thread with TID = 126657167886016 read: Almonds
Thread with TID = 126656425494208 read: Peanut Butter
Thread with TID = 126657136428736 read: Rice
Thread with TID = 126657039959744 read: Butter
Thread with TID = 126657018988224 read: Popcorn
Thread with TID = 126657125942976 read: Mustard
Thread with TID = 126657008502464 read: Chips
Thread with TID = 126656987530944 read: Vinegar
Thread with TID = 126657029473984 read: Granola Bars
Thread with TID = 126656998016704 read: Eggs
Thread with TID = 126656838633152 read: Lollipops
Thread with TID = 126656213681856 read: Rice Cakes
Thread with TID = 126656192710336 read: Cookies
Thread with TID = 126656828147392 read: Soup Mix
Thread with TID = 126656203196096 read: Canned Beans
Thread with TID = 126656182224576 read: Black Pepper
Thread with TID = 126656058492608 read: Baking Powder
Thread with TID = 126656079464128 read: Cereal
Thread with TID = 126656089949888 read: Milk
Thread with TID = 126656100435648 read: Turmeric
Thread with TID = 126656068978368 read: Salt
Thread with TID = 126656048006848 read: Pistachios
Thread with TID = 126655945246400 read: Coffee Beans
Thread with TID = 126655955732160 read: Quinoa
Thread with TID = 126655924274880 read: Chicken Stock
Thread with TID = 126655832000192 read: Biscuits
Thread with TID = 126655966217920 read: Frozen Vegetables
Thread with TID = 126655934760640 read: Canned Fruit
Thread with TID = 126655790057152 read: Coffee
Thread with TID = 126655779571392 read: Vegetable Stock
Thread with TID = 126655913789120 read: Chia Seeds
Thread with TID = 126655655839424 read: Energy Bars
Thread with TID = 126655697782464 read: Ice Cream
Thread with TID = 126655676810944 read: Stock Cubes
Thread with TID = 126655563564736 read: Chocolate Spread
Thread with TID = 126655666325184 read: Herbs
Thread with TID = 126655821514432 read: Crackers
Thread with TID = 126655811028672 read: Canned Fish
Thread with TID = 126655645353664 read: Yeast
Thread with TID = 126655687296704 read: Frozen Berries
Thread with TID = 126655553078976 read: Pickles
Thread with TID = 126655542593216 read: Chocolates
Thread with TID = 126655532107456 read: Tea
Thread with TID = 126655800542912 read: Hot Sauce
Thread with TID = 126657146914496 read: Cooking Wine
Thread with TID = 126657832683200 read: Soy Milk
Thread with TID = 126657748797120 read: Marshmallows
Thread with TID = 126657633453760 read: Ketchup
Thread with TID = 126657780254400 read: Black Tea
Thread with TID = 126657591510720 read: Jam
Thread with TID = 126657601996480 read: Wheat Flour
Thread with TID = 126657790740160 read: Sunflower Seeds
Thread with TID = 126656415008448 read: Powdered Milk
Thread with TID = 126657822197440 read: Bread
Thread with TID = 126656394036928 read: Raisins
Thread with TID = 126656435979968 read: Energy Drinks
Thread with TID = 126656404522688 read: Canned Soup
Thread with TID = 126656605849280 read: Walnuts
Thread with TID = 126657432127168 read: Frozen Pizza
Thread with TID = 126656584877760 read: Protein Bars
Thread with TID = 126657612482240 read: Chicken Nuggets
Thread with TID = 126656817661632 read: Cooking Oil
Thread with TID = 126656595363520 read: Honey
Thread with TID = 126656626820800 read: Brownie Mix
Thread with TID = 126656616335040 read: Pasta
Thread with TID = 126656637306560 read: Almond Milk
Thread with TID = 126657801225920 read: Instant Coffee
Thread with TID = 126657727825600 read: Fish Fingers
Thread with TID = 126656786204352 read: Beef Stock
Thread with TID = 126656796690112 read: Cake Mix
Thread with TID = 126656234653376 read: Burger Patties
Thread with TID = 126656807175872 read: Flavored Water
Thread with TID = 126657811711680 read: Pancake Mix
Thread with TID = 126656224167616 read: Candies
Thread with TID = 126656383551168 read: Yogurt
