Process PID: 13355
Thread with TID = 134536375568064 read: Mustard
Thread with TID = 134536365082304 read: Sunflower Seeds
Thread with TID = 134536354596544 read: Coffee Beans
Thread with TID = 134536323139264 read: Eggs
Thread with TID = 134536344110784 read: Cooking Wine
Thread with TID = 134536333625024 read: Baking Powder
Thread with TID = 134536312653504 read: Sugar
Thread with TID = 134536302167744 read: Canned Beans
Thread with TID = 134536291681984 read: Cinnamon
Thread with TID = 134536249738944 read: Instant Coffee
Thread with TID = 134536239253184 read: Stock Cubes
Thread with TID = 134536218281664 read: Cake Mix
Thread with TID = 134536281196224 read: Chicken Nuggets
Thread with TID = 134536270710464 read: Dried Fruits
Thread with TID = 134536228767424 read: Wheat Flour
Thread with TID = 134536260224704 read: Fish Fingers
Thread with TID = 134536186824384 read: Hot Sauce
Thread with TID = 134536176338624 read: Chicken Stock
Thread with TID = 134536090355392 read: Mints
Thread with TID = 134536069383872 read: Milk
Thread with TID = 134536058898112 read: Ketchup
Thread with TID = 134535945651904 read: Popcorn
Thread with TID = 134536197310144 read: Frozen Vegetables
Thread with TID = 134535914194624 read: Vinegar
Thread with TID = 134536079869632 read: Rice Cakes
Thread with TID = 134535903708864 read: Flavored Water
Thread with TID = 134536037926592 read: Soy Sauce
Thread with TID = 134535800948416 read: Salt
Thread with TID = 134535811434176 read: Cashews
Thread with TID = 134535935166144 read: Coffee
Thread with TID = 134535821919936 read: Soup Mix
Thread with TID = 134535727548096 read: Jam
Thread with TID = 134535610107584 read: Herbal Tea
Thread with TID = 134535924680384 read: Canned Fruit
Thread with TID = 134535717062336 read: Canned Fish
Thread with TID = 134535599621824 read: Olive Oil Spray
Thread with TID = 134535779976896 read: Turmeric
Thread with TID = 134535748519616 read: Frozen Berries
Thread with TID = 134535790462656 read: Frozen Pizza
Thread with TID = 134535759005376 read: Almonds
Thread with TID = 134535589136064 read: Bread
Thread with TID = 134535956137664 read: Almond Milk
Thread with TID = 134535578650304 read: Rice
Thread with TID = 134535769491136 read: Powdered Milk
Thread with TID = 134536048412352 read: Raisins
Thread with TID = 134535620593344 read: Tea
Thread with TID = 134535568164544 read: Biscuits
Thread with TID = 134535738033856 read: Spices
Thread with TID = 134535706576576 read: Cookies
Thread with TID = 134536207795904 read: Pasta
Thread with TID = 134535419266752 read: Brownie Mix
Thread with TID = 134535408780992 read: Pickles
Thread with TID = 134535398295232 read: Black Tea
Thread with TID = 134535387809472 read: Crackers
Thread with TID = 134535377323712 read: Energy Drinks
Thread with TID = 134535366837952 read: Cooking Oil
Thread with TID = 134535356352192 read: Chips
Thread with TID = 134535335380672 read: Soft Drinks
Thread with TID = 134535345866432 read: Granola Bars
Thread with TID = 134535324894912 read: Candies
Thread with TID = 134535293437632 read: Protein Bars
Thread with TID = 134535272466112 read: Chocolate Spread
Thread with TID = 134535230523072 read: Oats
Thread with TID = 134535314409152 read: Butter
Thread with TID = 134535251494592 read: Green Tea
Thread with TID = 134535303923392 read: Fruit Juice
Thread with TID = 134535261980352 read: Soy Milk
Thread with TID = 134535241008832 read: Ice Cream
Thread with TID = 134535199065792 read: Coconut Milk
Thread with TID = 134535282951872 read: Peanut Butter
Thread with TID = 134535209551552 read: Noodles
Thread with TID = 134535220037312 read: Beef Stock
Thread with TID = 134535178094272 read: Ground Coffee
Thread with TID = 134535146636992 read: Pumpkin Seeds
Thread with TID = 134535136151232 read: Marshmallows
Thread with TID = 134535125665472 read: Quinoa
Thread with TID = 134535115179712 read: Energy Bars
Thread with TID = 134535188580032 read: Canned Soup
Thread with TID = 134535083722432 read: Chocolates
Thread with TID = 134535167608512 read: Lollipops
Thread with TID = 134535157122752 read: Vegetable Stock
Thread with TID = 134535094208192 read: Yogurt
Thread with TID = 134535041779392 read: Herbs
Thread with TID = 134535073236672 read: Honey
Thread with TID = 134535052265152 read: Pancake Mix
Thread with TID = 134535104693952 read: Pistachios
Thread with TID = 134535062750912 read: Walnuts
Thread with TID = 134534989350592 read: Black Pepper
Thread with TID = 134535031293632 read: Cereal
Thread with TID = 134534978864832 read: Yeast
Thread with TID = 134535020807872 read: Chia Seeds
Thread with TID = 134535010322112 read: Cheese
Thread with TID = 134534999836352 read: Burger Patties
