Process PID: 8948
Thread with TID = 137040494593728 read: Cooking Wine
Thread with TID = 137040484107968 read: Baking Powder
Thread with TID = 137040318432960 read: Stock Cubes
Thread with TID = 137040381347520 read: Canned Beans
Thread with TID = 137040526051008 read: Mustard
Thread with TID = 137040515565248 read: Sunflower Seeds
Thread with TID = 137040505079488 read: Coffee Beans
Thread with TID = 137040276489920 read: Frozen Vegetables
Thread with TID = 137040286975680 read: Pasta
Thread with TID = 137040102426304 read: Rice Cakes
Thread with TID = 137040339404480 read: Fish Fingers
Thread with TID = 137040473622208 read: Eggs
Thread with TID = 137040391833280 read: Sugar
Thread with TID = 137040018540224 read: Canned Fruit
Thread with TID = 137039955625664 read: Frozen Pizza
Thread with TID = 137039934654144 read: Powdered Milk
Thread with TID = 137039924168384 read: Almonds
Thread with TID = 137040360376000 read: Chicken Nuggets
Thread with TID = 137040349890240 read: Dried Fruits
Thread with TID = 137039966111424 read: Salt
Thread with TID = 137040112912064 read: Mints
Thread with TID = 137040091940544 read: Milk
Thread with TID = 137040081454784 read: Ketchup
Thread with TID = 137040266004160 read: Hot Sauce
Thread with TID = 137040070969024 read: Raisins
Thread with TID = 137039997568704 read: Flavored Water
Thread with TID = 137039945139904 read: Turmeric
Thread with TID = 137040123397824 read: Chicken Stock
Thread with TID = 137039987082944 read: Soup Mix
Thread with TID = 137039976597184 read: Cashews
Thread with TID = 137040060483264 read: Soy Sauce
Thread with TID = 137040297461440 read: Cake Mix
Thread with TID = 137040370861760 read: Cinnamon
Thread with TID = 137040049997504 read: Almond Milk
Thread with TID = 137040307947200 read: Wheat Flour
Thread with TID = 137039903196864 read: Tea
Thread with TID = 137039913682624 read: Frozen Berries
Thread with TID = 137040328918720 read: Instant Coffee
Thread with TID = 137040039511744 read: Popcorn
Thread with TID = 137040255518400 read: Spices
Thread with TID = 137040029025984 read: Coffee
Thread with TID = 137040008054464 read: Vinegar
Thread with TID = 137040203089600 read: Olive Oil Spray
Thread with TID = 137040245032640 read: Jam
Thread with TID = 137039766881984 read: Black Tea
Thread with TID = 137039777367744 read: Pickles
Thread with TID = 137039892711104 read: Bread
Thread with TID = 137040213575360 read: Herbal Tea
Thread with TID = 137040234546880 read: Canned Fish
Thread with TID = 137039882225344 read: Rice
Thread with TID = 137039787853504 read: Brownie Mix
Thread with TID = 137039653635776 read: Chips
Thread with TID = 137039632664256 read: Soft Drinks
Thread with TID = 137039756396224 read: Crackers
Thread with TID = 137040224061120 read: Cookies
Thread with TID = 137039643150016 read: Granola Bars
Thread with TID = 137039871739584 read: Biscuits
Thread with TID = 137039745910464 read: Energy Drinks
Thread with TID = 137039735424704 read: Cooking Oil
Thread with TID = 137039611692736 read: Butter
Thread with TID = 137039622178496 read: Candies
Thread with TID = 137039601206976 read: Fruit Juice
Thread with TID = 137039519418048 read: Protein Bars
Thread with TID = 137039487960768 read: Soy Milk
Thread with TID = 137039477475008 read: Green Tea
Thread with TID = 137039508932288 read: Peanut Butter
Thread with TID = 137039385200320 read: Oats
Thread with TID = 137039466989248 read: Ice Cream
Thread with TID = 137039353743040 read: Coconut Milk
Thread with TID = 137039364228800 read: Noodles
Thread with TID = 137039498446528 read: Chocolate Spread
Thread with TID = 137039374714560 read: Beef Stock
Thread with TID = 137039343257280 read: Canned Soup
Thread with TID = 137039332771520 read: Ground Coffee
Thread with TID = 137039250982592 read: Lollipops
Thread with TID = 137039240496832 read: Vegetable Stock
Thread with TID = 137039135639232 read: Pancake Mix
Thread with TID = 137039188068032 read: Pistachios
Thread with TID = 137039177582272 read: Yogurt
Thread with TID = 137039167096512 read: Chocolates
Thread with TID = 137039156610752 read: Honey
Thread with TID = 137039146124992 read: Walnuts
Thread with TID = 137039125153472 read: Herbs
Thread with TID = 137039219525312 read: Marshmallows
Thread with TID = 137039114667712 read: Cereal
Thread with TID = 137039209039552 read: Quinoa
Thread with TID = 137039104181952 read: Chia Seeds
Thread with TID = 137039230011072 read: Pumpkin Seeds
Thread with TID = 137039062238912 read: Yeast
Thread with TID = 137039198553792 read: Energy Bars
Thread with TID = 137039093696192 read: Cheese
Thread with TID = 137039083210432 read: Burger Patties
Thread with TID = 137039072724672 read: Black Pepper
