Process PID: 11185
Thread with TID = 125316381017792 read: Eggs
Thread with TID = 125316433446592 read: Mustard
Thread with TID = 125316422960832 read: Sunflower Seeds
Thread with TID = 125316391503552 read: Baking Powder
Thread with TID = 125316401989312 read: Cooking Wine
Thread with TID = 125316271965888 read: Cinnamon
Thread with TID = 125316412475072 read: Coffee Beans
Thread with TID = 125316261480128 read: Chicken Nuggets
Thread with TID = 125316370532032 read: Sugar
Thread with TID = 125316360046272 read: Canned Beans
Thread with TID = 125316250994368 read: Dried Fruits
Thread with TID = 125316230022848 read: Instant Coffee
Thread with TID = 125316209051328 read: Wheat Flour
Thread with TID = 125316198565568 read: Cake Mix
Thread with TID = 125316177594048 read: Frozen Vegetables
Thread with TID = 125316156622528 read: Chicken Stock
Thread with TID = 125316240508608 read: Fish Fingers
Thread with TID = 125316125165248 read: Milk
Thread with TID = 125316219537088 read: Stock Cubes
Thread with TID = 125316188079808 read: Pasta
Thread with TID = 125316167108288 read: Hot Sauce
Thread with TID = 125316135651008 read: Rice Cakes
Thread with TID = 125316114679488 read: Ketchup
Thread with TID = 125316146136768 read: Mints
Thread with TID = 125316104193728 read: Raisins
Thread with TID = 125316041279168 read: Vinegar
Thread with TID = 125315999336128 read: Salt
Thread with TID = 125316030793408 read: Flavored Water
Thread with TID = 125316083222208 read: Almond Milk
Thread with TID = 125316020307648 read: Soup Mix
Thread with TID = 125316062250688 read: Coffee
Thread with TID = 125316093707968 read: Soy Sauce
Thread with TID = 125316072736448 read: Popcorn
Thread with TID = 125315869312704 read: Frozen Pizza
Thread with TID = 125315724609216 read: Tea
Thread with TID = 125315693151936 read: Canned Fish
Thread with TID = 125315672180416 read: Herbal Tea
Thread with TID = 125315714123456 read: Spices
Thread with TID = 125315703637696 read: Jam
Thread with TID = 125315682666176 read: Cookies
Thread with TID = 125315661694656 read: Olive Oil Spray
Thread with TID = 125315988850368 read: Turmeric
Thread with TID = 125315978364608 read: Powdered Milk
Thread with TID = 125315967878848 read: Almonds
Thread with TID = 125315957393088 read: Frozen Berries
Thread with TID = 125315651208896 read: Bread
Thread with TID = 125315735094976 read: Rice
Thread with TID = 125315640723136 read: Biscuits
Thread with TID = 125315609265856 read: Black Tea
Thread with TID = 125315598780096 read: Crackers
Thread with TID = 125315619751616 read: Pickles
Thread with TID = 125315630237376 read: Brownie Mix
Thread with TID = 125315588294336 read: Energy Drinks
Thread with TID = 125315577808576 read: Cooking Oil
Thread with TID = 125316051764928 read: Canned Fruit
Thread with TID = 125316009821888 read: Cashews
Thread with TID = 125315546351296 read: Peanut Butter
Thread with TID = 125315435202240 read: Ice Cream
Thread with TID = 125315858826944 read: Chips
Thread with TID = 125315848341184 read: Granola Bars
Thread with TID = 125315837855424 read: Soft Drinks
Thread with TID = 125315827369664 read: Candies
Thread with TID = 125315816883904 read: Butter
Thread with TID = 125315567322816 read: Fruit Juice
Thread with TID = 125315556837056 read: Protein Bars
Thread with TID = 125315466659520 read: Chocolate Spread
Thread with TID = 125315456173760 read: Soy Milk
Thread with TID = 125315445688000 read: Green Tea
Thread with TID = 125315393259200 read: Coconut Milk
Thread with TID = 125315340830400 read: Pumpkin Seeds
Thread with TID = 125315424716480 read: Oats
Thread with TID = 125315351316160 read: Vegetable Stock
Thread with TID = 125315414230720 read: Beef Stock
Thread with TID = 125315403744960 read: Noodles
Thread with TID = 125315298887360 read: Pistachios
Thread with TID = 125315361801920 read: Lollipops
Thread with TID = 125315319858880 read: Quinoa
Thread with TID = 125315288401600 read: Yogurt
Thread with TID = 125315309373120 read: Energy Bars
Thread with TID = 125315330344640 read: Marshmallows
Thread with TID = 125315277915840 read: Chocolates
Thread with TID = 125315256944320 read: Walnuts
Thread with TID = 125315267430080 read: Honey
Thread with TID = 125315382773440 read: Canned Soup
Thread with TID = 125315372287680 read: Ground Coffee
Thread with TID = 125315246458560 read: Pancake Mix
Thread with TID = 125315194029760 read: Burger Patties
Thread with TID = 125315173058240 read: Yeast
Thread with TID = 125315183544000 read: Black Pepper
Thread with TID = 125315204515520 read: Cheese
Thread with TID = 125315235972800 read: Herbs
Thread with TID = 125315225487040 read: Cereal
Thread with TID = 125315215001280 read: Chia Seeds
