Process PID: 15533
Thread with TID = 138243716679360 read: Mustard
Thread with TID = 138243706193600 read: Sunflower Seeds
Thread with TID = 138243674736320 read: Baking Powder
Thread with TID = 138243695707840 read: Coffee Beans
Thread with TID = 138243643279040 read: Canned Beans
Thread with TID = 138243685222080 read: Cooking Wine
Thread with TID = 138243580364480 read: Stock Cubes
Thread with TID = 138243611821760 read: Dried Fruits
Thread with TID = 138243622307520 read: Chicken Nuggets
Thread with TID = 138243538421440 read: Frozen Vegetables
Thread with TID = 138243527935680 read: Hot Sauce
Thread with TID = 138243632793280 read: Cinnamon
Thread with TID = 138243559392960 read: Cake Mix
Thread with TID = 138243517449920 read: Chicken Stock
Thread with TID = 138243664250560 read: Eggs
Thread with TID = 138243569878720 read: Wheat Flour
Thread with TID = 138243601336000 read: Fish Fingers
Thread with TID = 138243653764800 read: Sugar
Thread with TID = 138243590850240 read: Instant Coffee
Thread with TID = 138243485992640 read: Milk
Thread with TID = 138243465021120 read: Raisins
Thread with TID = 138243496478400 read: Rice Cakes
Thread with TID = 138243385329344 read: Soy Sauce
Thread with TID = 138243374843584 read: Almond Milk
Thread with TID = 138243475506880 read: Ketchup
Thread with TID = 138243548907200 read: Pasta
Thread with TID = 138243506964160 read: Mints
Thread with TID = 138243364357824 read: Popcorn
Thread with TID = 138243343386304 read: Canned Fruit
Thread with TID = 138243332900544 read: Vinegar
Thread with TID = 138243152545472 read: Salt
Thread with TID = 138243163031232 read: Cashews
Thread with TID = 138243184002752 read: Flavored Water
Thread with TID = 138243353872064 read: Coffee
Thread with TID = 138243173516992 read: Soup Mix
Thread with TID = 138243131573952 read: Turmeric
Thread with TID = 138243049785024 read: Powdered Milk
Thread with TID = 138243039299264 read: Almonds
Thread with TID = 138243142059712 read: Frozen Pizza
Thread with TID = 138243028813504 read: Frozen Berries
Thread with TID = 138242997356224 read: Jam
Thread with TID = 138243018327744 read: Tea
Thread with TID = 138243007841984 read: Spices
Thread with TID = 138242915567296 read: Canned Fish
Thread with TID = 138242905081536 read: Cookies
Thread with TID = 138242894595776 read: Herbal Tea
Thread with TID = 138242781349568 read: Biscuits
Thread with TID = 138242749892288 read: Black Tea
Thread with TID = 138242770863808 read: Brownie Mix
Thread with TID = 138242739406528 read: Crackers
Thread with TID = 138242873624256 read: Bread
Thread with TID = 138242884110016 read: Olive Oil Spray
Thread with TID = 138242863138496 read: Rice
Thread with TID = 138242760378048 read: Pickles
Thread with TID = 138242728920768 read: Energy Drinks
Thread with TID = 138242718435008 read: Cooking Oil
Thread with TID = 138242697463488 read: Granola Bars
Thread with TID = 138242686977728 read: Soft Drinks
Thread with TID = 138242676491968 read: Candies
Thread with TID = 138242707949248 read: Chips
Thread with TID = 138242592605888 read: Ice Cream
Thread with TID = 138242624063168 read: Chocolate Spread
Thread with TID = 138242613577408 read: Soy Milk
Thread with TID = 138242603091648 read: Green Tea
Thread with TID = 138242582120128 read: Oats
Thread with TID = 138242655520448 read: Fruit Juice
Thread with TID = 138242561148608 read: Noodles
Thread with TID = 138242666006208 read: Butter
Thread with TID = 138242571634368 read: Beef Stock
Thread with TID = 138242634548928 read: Peanut Butter
Thread with TID = 138242529691328 read: Ground Coffee
Thread with TID = 138242508719808 read: Vegetable Stock
Thread with TID = 138242477262528 read: Quinoa
Thread with TID = 138242519205568 read: Lollipops
Thread with TID = 138242456291008 read: Pistachios
Thread with TID = 138242540177088 read: Canned Soup
Thread with TID = 138242414347968 read: Walnuts
Thread with TID = 138242498234048 read: Pumpkin Seeds
Thread with TID = 138242550662848 read: Coconut Milk
Thread with TID = 138242435319488 read: Chocolates
Thread with TID = 138242487748288 read: Marshmallows
Thread with TID = 138242466776768 read: Energy Bars
Thread with TID = 138242424833728 read: Honey
Thread with TID = 138242403862208 read: Pancake Mix
Thread with TID = 138242393376448 read: Herbs
Thread with TID = 138242645034688 read: Protein Bars
Thread with TID = 138242445805248 read: Yogurt
Thread with TID = 138242340947648 read: Black Pepper
Thread with TID = 138242361919168 read: Cheese
Thread with TID = 138242372404928 read: Chia Seeds
Thread with TID = 138242382890688 read: Cereal
Thread with TID = 138242351433408 read: Burger Patties
Thread with TID = 138242330461888 read: Yeast
