Process PID: 6161
Thread with TID = 125075900597952 read: Cooking Wine
Thread with TID = 125075869140672 read: Sugar
Thread with TID = 125075890112192 read: Baking Powder
Thread with TID = 125075879626432 read: Eggs
Thread with TID = 125075743311552 read: Fish Fingers
Thread with TID = 125075858654912 read: Canned Beans
Thread with TID = 125075619579584 read: Pasta
Thread with TID = 125075837683392 read: Chicken Nuggets
Thread with TID = 125075732825792 read: Instant Coffee
Thread with TID = 125075848169152 read: Cinnamon
Thread with TID = 125075711854272 read: Wheat Flour
Thread with TID = 125075588122304 read: Chicken Stock
Thread with TID = 125075609093824 read: Frozen Vegetables
Thread with TID = 125075485361856 read: Milk
Thread with TID = 125075722340032 read: Stock Cubes
Thread with TID = 125075701368512 read: Cake Mix
Thread with TID = 125075474876096 read: Ketchup
Thread with TID = 125075577636544 read: Mints
Thread with TID = 125075464390336 read: Raisins
Thread with TID = 125075567150784 read: Rice Cakes
Thread with TID = 125075932055232 read: Mustard
Thread with TID = 125075921569472 read: Sunflower Seeds
Thread with TID = 125075753797312 read: Dried Fruits
Thread with TID = 125075598608064 read: Hot Sauce
Thread with TID = 125075453904576 read: Almond Milk
Thread with TID = 125075319686848 read: Soy Sauce
Thread with TID = 125075443418816 read: Popcorn
Thread with TID = 125075340658368 read: Vinegar
Thread with TID = 125075309201088 read: Soup Mix
Thread with TID = 125075351144128 read: Canned Fruit
Thread with TID = 125075432933056 read: Coffee
Thread with TID = 125075330172608 read: Flavored Water
Thread with TID = 125075082708672 read: Tea
Thread with TID = 125075174983360 read: Almonds
Thread with TID = 125075040765632 read: Cookies
Thread with TID = 125075164497600 read: Frozen Berries
Thread with TID = 125075072222912 read: Spices
Thread with TID = 125075206440640 read: Frozen Pizza
Thread with TID = 125075030279872 read: Herbal Tea
Thread with TID = 125075061737152 read: Jam
Thread with TID = 125075298715328 read: Cashews
Thread with TID = 125074927519424 read: Rice
Thread with TID = 125075216926400 read: Salt
Thread with TID = 125075185469120 read: Powdered Milk
Thread with TID = 125074938005184 read: Bread
Thread with TID = 125075195954880 read: Turmeric
Thread with TID = 125075051251392 read: Canned Fish
Thread with TID = 125074948490944 read: Olive Oil Spray
Thread with TID = 125074917033664 read: Biscuits
Thread with TID = 125074896062144 read: Pickles
Thread with TID = 125075911083712 read: Coffee Beans
Thread with TID = 125074680055488 read: Black Tea
Thread with TID = 125074906547904 read: Brownie Mix
Thread with TID = 125074814273216 read: Crackers
Thread with TID = 125074761844416 read: Soft Drinks
Thread with TID = 125074669569728 read: Candies
Thread with TID = 125074638112448 read: Protein Bars
Thread with TID = 125074617140928 read: Chocolate Spread
Thread with TID = 125074803787456 read: Energy Drinks
Thread with TID = 125074659083968 read: Butter
Thread with TID = 125074596169408 read: Green Tea
Thread with TID = 125074585683648 read: Ice Cream
Thread with TID = 125074648598208 read: Fruit Juice
Thread with TID = 125074627626688 read: Peanut Butter
Thread with TID = 125074782815936 read: Chips
Thread with TID = 125074772330176 read: Granola Bars
Thread with TID = 125074793301696 read: Cooking Oil
Thread with TID = 125074606655168 read: Soy Milk
Thread with TID = 125074575197888 read: Oats
Thread with TID = 125074564712128 read: Beef Stock
Thread with TID = 125074533254848 read: Canned Soup
Thread with TID = 125074501797568 read: Vegetable Stock
Thread with TID = 125074543740608 read: Coconut Milk
Thread with TID = 125074512283328 read: Lollipops
Thread with TID = 125074522769088 read: Ground Coffee
Thread with TID = 125074554226368 read: Noodles
Thread with TID = 125074491311808 read: Pumpkin Seeds
Thread with TID = 125074480826048 read: Marshmallows
Thread with TID = 125074470340288 read: Quinoa
Thread with TID = 125074459854528 read: Energy Bars
Thread with TID = 125074449368768 read: Pistachios
Thread with TID = 125074438883008 read: Yogurt
Thread with TID = 125074428397248 read: Chocolates
Thread with TID = 125074417911488 read: Honey
Thread with TID = 125074396939968 read: Pancake Mix
Thread with TID = 125074386454208 read: Herbs
Thread with TID = 125074407425728 read: Walnuts
Thread with TID = 125074365482688 read: Chia Seeds
Thread with TID = 125074375968448 read: Cereal
Thread with TID = 125074354996928 read: Cheese
Thread with TID = 125074334025408 read: Black Pepper
Thread with TID = 125074344511168 read: Burger Patties
Thread with TID = 125074323539648 read: Yeast
