Process PID: 18012
Thread with TID = 132214415165120 read: Sugar
Thread with TID = 132214467593920 read: Sunflower Seeds
Thread with TID = 132214373222080 read: Dried Fruits
Thread with TID = 132214352250560 read: Instant Coffee
Thread with TID = 132214341764800 read: Stock Cubes
Thread with TID = 132214362736320 read: Fish Fingers
Thread with TID = 132214383707840 read: Chicken Nuggets
Thread with TID = 132214446622400 read: Cooking Wine
Thread with TID = 132214394193600 read: Cinnamon
Thread with TID = 132214478079680 read: Mustard
Thread with TID = 132214404679360 read: Canned Beans
Thread with TID = 132214425650880 read: Eggs
Thread with TID = 132214436136640 read: Baking Powder
Thread with TID = 132214457108160 read: Coffee Beans
Thread with TID = 132214247392960 read: Cake Mix
Thread with TID = 132214236907200 read: Pasta
Thread with TID = 132214226421440 read: Frozen Vegetables
Thread with TID = 132214205449920 read: Chicken Stock
Thread with TID = 132214215935680 read: Hot Sauce
Thread with TID = 132214123660992 read: Mints
Thread with TID = 132214113175232 read: Rice Cakes
Thread with TID = 132214092203712 read: Ketchup
Thread with TID = 132214102689472 read: Milk
Thread with TID = 132214257878720 read: Wheat Flour
Thread with TID = 132214071232192 read: Soy Sauce
Thread with TID = 132214081717952 read: Raisins
Thread with TID = 132213890877120 read: Canned Fruit
Thread with TID = 132213880391360 read: Vinegar
Thread with TID = 132213689550528 read: Frozen Pizza
Thread with TID = 132213922334400 read: Almond Milk
Thread with TID = 132213901362880 read: Coffee
Thread with TID = 132213710522048 read: Cashews
Thread with TID = 132213911848640 read: Popcorn
Thread with TID = 132213721007808 read: Soup Mix
Thread with TID = 132213700036288 read: Salt
Thread with TID = 132213869905600 read: Flavored Water
Thread with TID = 132213679064768 read: Turmeric
Thread with TID = 132213658093248 read: Almonds
Thread with TID = 132213637121728 read: Tea
Thread with TID = 132213626635968 read: Spices
Thread with TID = 132213668579008 read: Powdered Milk
Thread with TID = 132213616150208 read: Jam
Thread with TID = 132213584692928 read: Herbal Tea
Thread with TID = 132213647607488 read: Frozen Berries
Thread with TID = 132213595178688 read: Cookies
Thread with TID = 132213532264128 read: Brownie Mix
Thread with TID = 132213542749888 read: Biscuits
Thread with TID = 132213511292608 read: Black Tea
Thread with TID = 132213574207168 read: Olive Oil Spray
Thread with TID = 132213605664448 read: Canned Fish
Thread with TID = 132213563721408 read: Bread
Thread with TID = 132213553235648 read: Rice
Thread with TID = 132213521778368 read: Pickles
Thread with TID = 132213500806848 read: Crackers
Thread with TID = 132213490321088 read: Energy Drinks
Thread with TID = 132213469349568 read: Chips
Thread with TID = 132213479835328 read: Cooking Oil
Thread with TID = 132213458863808 read: Granola Bars
Thread with TID = 132213448378048 read: Soft Drinks
Thread with TID = 132213437892288 read: Candies
Thread with TID = 132213416920768 read: Fruit Juice
Thread with TID = 132213427406528 read: Butter
Thread with TID = 132213406435008 read: Protein Bars
Thread with TID = 132213385463488 read: Chocolate Spread
Thread with TID = 132213364491968 read: Green Tea
Thread with TID = 132213354006208 read: Ice Cream
Thread with TID = 132213374977728 read: Soy Milk
Thread with TID = 132213343520448 read: Oats
Thread with TID = 132213333034688 read: Beef Stock
Thread with TID = 132213322548928 read: Noodles
Thread with TID = 132213395949248 read: Peanut Butter
Thread with TID = 132213312063168 read: Coconut Milk
Thread with TID = 132213301577408 read: Canned Soup
Thread with TID = 132213249148608 read: Marshmallows
Thread with TID = 132213228177088 read: Energy Bars
Thread with TID = 132213259634368 read: Pumpkin Seeds
Thread with TID = 132213217691328 read: Pistachios
Thread with TID = 132213238662848 read: Quinoa
Thread with TID = 132213291091648 read: Ground Coffee
Thread with TID = 132213280605888 read: Lollipops
Thread with TID = 132213270120128 read: Vegetable Stock
Thread with TID = 132213165262528 read: Pancake Mix
Thread with TID = 132213175748288 read: Walnuts
Thread with TID = 132213133805248 read: Chia Seeds
Thread with TID = 132213123319488 read: Cheese
Thread with TID = 132213102347968 read: Black Pepper
Thread with TID = 132213196719808 read: Chocolates
Thread with TID = 132213207205568 read: Yogurt
Thread with TID = 132213186234048 read: Honey
Thread with TID = 132213091862208 read: Yeast
Thread with TID = 132213112833728 read: Burger Patties
Thread with TID = 132213154776768 read: Herbs
Thread with TID = 132213144291008 read: Cereal
