Process PID: 15103
Thread with TID = 131712405210816 read: Soy Milk
Thread with TID = 131712283576000 read: Black Tea
Thread with TID = 131712384239296 read: Pancake Mix
Thread with TID = 131712262604480 read: Spices
Thread with TID = 131712252118720 read: Marshmallows
Thread with TID = 131712231147200 read: Fish Fingers
Thread with TID = 131712394725056 read: Bread
Thread with TID = 131712071763648 read: Ketchup
Thread with TID = 131712050792128 read: Chicken Nuggets
Thread with TID = 131712061277888 read: Oats
Thread with TID = 131711652333248 read: Protein Bars
Thread with TID = 131711631361728 read: Peanut Butter
Thread with TID = 131711620875968 read: Powdered Milk
Thread with TID = 131711589418688 read: Yogurt
Thread with TID = 131711484561088 read: Salt
Thread with TID = 131711557961408 read: Rice Cakes
Thread with TID = 131711463589568 read: Pistachios
Thread with TID = 131711270651584 read: Coffee
Thread with TID = 131711610390208 read: Canned Soup
Thread with TID = 131711239194304 read: Frozen Berries
Thread with TID = 131711207737024 read: Energy Bars
Thread with TID = 131711249680064 read: Ice Cream
Thread with TID = 131711176279744 read: Pickles
Thread with TID = 131712373753536 read: Instant Coffee
Thread with TID = 131712273090240 read: Fruit Juice
Thread with TID = 131712241632960 read: Cashews
Thread with TID = 131711673304768 read: Walnuts
Thread with TID = 131711568447168 read: Candies
Thread with TID = 131711725733568 read: Cake Mix
Thread with TID = 131712082249408 read: Pumpkin Seeds
Thread with TID = 131712040306368 read: Wheat Flour
Thread with TID = 131712029820608 read: Jam
Thread with TID = 131711998363328 read: Coconut Milk
Thread with TID = 131711218222784 read: Herbs
Thread with TID = 131711820105408 read: Granola Bars
Thread with TID = 131711966906048 read: Sugar
Thread with TID = 131711453103808 read: Frozen Vegetables
Thread with TID = 131711281137344 read: Hot Sauce
Thread with TID = 131711291623104 read: Canned Fish
Thread with TID = 131711442618048 read: Quinoa
Thread with TID = 131712008849088 read: Frozen Pizza
Thread with TID = 131711977391808 read: Ground Coffee
Thread with TID = 131711945934528 read: Dried Fruits
Thread with TID = 131711924963008 read: Herbal Tea
Thread with TID = 131711757190848 read: Soup Mix
Thread with TID = 131711778162368 read: Vinegar
Thread with TID = 131711841076928 read: Mustard
Thread with TID = 131711715247808 read: Beef Stock
Thread with TID = 131711830591168 read: Butter
Thread with TID = 131711799133888 read: Chips
Thread with TID = 131711788648128 read: Eggs
Thread with TID = 131711767676608 read: Lollipops
Thread with TID = 131711987877568 read: Soft Drinks
Thread with TID = 131711893505728 read: Green Tea
Thread with TID = 131711883019968 read: Almonds
Thread with TID = 131711323080384 read: Chia Seeds
Thread with TID = 131711333566144 read: Chicken Stock
Thread with TID = 131711872534208 read: Noodles
Thread with TID = 131711736219328 read: Flavored Water
Thread with TID = 131711809619648 read: Popcorn
Thread with TID = 131711862048448 read: Cooking Wine
Thread with TID = 131711851562688 read: Rice
Thread with TID = 131711694276288 read: Brownie Mix
Thread with TID = 131711683790528 read: Pasta
Thread with TID = 131711344051904 read: Canned Fruit
Thread with TID = 131711662819008 read: Honey
Thread with TID = 131711599904448 read: Raisins
Thread with TID = 131711641847488 read: Energy Drinks
Thread with TID = 131711903991488 read: Mints
Thread with TID = 131711547475648 read: Canned Beans
Thread with TID = 131711505532608 read: Milk
Thread with TID = 131711516018368 read: Turmeric
Thread with TID = 131711536989888 read: Cookies
Thread with TID = 131711197251264 read: Yeast
Thread with TID = 131711526504128 read: Black Pepper
Thread with TID = 131712363267776 read: Sunflower Seeds
Thread with TID = 131712019334848 read: Olive Oil Spray
Thread with TID = 131711914477248 read: Cinnamon
Thread with TID = 131711312594624 read: Biscuits
Thread with TID = 131711165793984 read: Chocolates
Thread with TID = 131711432132288 read: Coffee Beans
Thread with TID = 131711186765504 read: Chocolate Spread
Thread with TID = 131711935448768 read: Cheese
Thread with TID = 131711704762048 read: Almond Milk
Thread with TID = 131711260165824 read: Vegetable Stock
Thread with TID = 131711155308224 read: Tea
Thread with TID = 131711474075328 read: Baking Powder
Thread with TID = 131711578932928 read: Burger Patties
Thread with TID = 131711746705088 read: Cooking Oil
Thread with TID = 131711956420288 read: Soy Sauce
Thread with TID = 131711228708544 read: Stock Cubes
Thread with TID = 131711302108864 read: Crackers
Thread with TID = 131711495046848 read: Cereal
