Process PID: 136059
Thread with TID = 140737337362112 read: Sunflower Seeds
Thread with TID = 140737305904832 read: Baking Powder
Thread with TID = 140737347847872 read: Mustard
Thread with TID = 140737316390592 read: Cooking Wine
Thread with TID = 140737083606720 read: Eggs
Thread with TID = 140737217824448 read: Sugar
Thread with TID = 140737207338688 read: Canned Beans
Thread with TID = 140737175881408 read: Dried Fruits
Thread with TID = 140737186367168 read: Chicken Nuggets
Thread with TID = 140737165395648 read: Fish Fingers
Thread with TID = 140737196852928 read: Cinnamon
Thread with TID = 140737052149440 read: Wheat Flour
Thread with TID = 140737073120960 read: Instant Coffee
Thread with TID = 140737062635200 read: Stock Cubes
Thread with TID = 140736949388992 read: Frozen Vegetables
Thread with TID = 140737041663680 read: Cake Mix
Thread with TID = 140737031177920 read: Pasta
Thread with TID = 140736938903232 read: Hot Sauce
Thread with TID = 140736928417472 read: Chicken Stock
Thread with TID = 140737326876352 read: Coffee Beans
Thread with TID = 140736907445952 read: Rice Cakes
Thread with TID = 140736917931712 read: Mints
Thread with TID = 140736896960192 read: Milk
Thread with TID = 140736773228224 read: Popcorn
Thread with TID = 140736804685504 read: Raisins
Thread with TID = 140736680953536 read: Canned Fruit
Thread with TID = 140736815171264 read: Ketchup
Thread with TID = 140736555124416 read: Spices
Thread with TID = 140736670467776 read: Vinegar
Thread with TID = 140736649496256 read: Soup Mix
Thread with TID = 140736544638656 read: Jam
Thread with TID = 140736523667136 read: Cookies
Thread with TID = 140736534152896 read: Canned Fish
Thread with TID = 140736659982016 read: Flavored Water
Thread with TID = 140736586581696 read: Almonds
Thread with TID = 140736502695616 read: Olive Oil Spray
Thread with TID = 140736762742464 read: Coffee
Thread with TID = 140736639010496 read: Cashews
Thread with TID = 140736628524736 read: Salt
Thread with TID = 140736576095936 read: Frozen Berries
Thread with TID = 140736618038976 read: Frozen Pizza
Thread with TID = 140736783713984 read: Almond Milk
Thread with TID = 140736597067456 read: Powdered Milk
Thread with TID = 140736513181376 read: Herbal Tea
Thread with TID = 140736565610176 read: Tea
Thread with TID = 140736492209856 read: Bread
Thread with TID = 140736471238336 read: Biscuits
Thread with TID = 140736481724096 read: Rice
Thread with TID = 140736794199744 read: Soy Sauce
Thread with TID = 140736607553216 read: Turmeric
Thread with TID = 140736450266816 read: Pickles
Thread with TID = 140736439781056 read: Black Tea
Thread with TID = 140736418809536 read: Energy Drinks
Thread with TID = 140736408323776 read: Cooking Oil
Thread with TID = 140736460752576 read: Brownie Mix
Thread with TID = 140736429295296 read: Crackers
Thread with TID = 140736397838016 read: Chips
Thread with TID = 140736355894976 read: Butter
Thread with TID = 140736334923456 read: Protein Bars
Thread with TID = 140736324437696 read: Peanut Butter
Thread with TID = 140736345409216 read: Fruit Juice
Thread with TID = 140736366380736 read: Candies
Thread with TID = 140736292980416 read: Green Tea
Thread with TID = 140736303466176 read: Soy Milk
Thread with TID = 140736387352256 read: Granola Bars
Thread with TID = 140736376866496 read: Soft Drinks
Thread with TID = 140736282494656 read: Ice Cream
Thread with TID = 140736272008896 read: Oats
Thread with TID = 140736251037376 read: Noodles
Thread with TID = 140736219580096 read: Ground Coffee
Thread with TID = 140736209094336 read: Lollipops
Thread with TID = 140736261523136 read: Beef Stock
Thread with TID = 140736313951936 read: Chocolate Spread
Thread with TID = 140736230065856 read: Canned Soup
Thread with TID = 140736240551616 read: Coconut Milk
Thread with TID = 140736198608576 read: Vegetable Stock
Thread with TID = 140736177637056 read: Marshmallows
Thread with TID = 140736146179776 read: Pistachios
Thread with TID = 140736125208256 read: Chocolates
Thread with TID = 140736135694016 read: Yogurt
Thread with TID = 140736156665536 read: Energy Bars
Thread with TID = 140736114722496 read: Honey
Thread with TID = 140736167151296 read: Quinoa
Thread with TID = 140736093750976 read: Pancake Mix
Thread with TID = 140736188122816 read: Pumpkin Seeds
Thread with TID = 140736104236736 read: Walnuts
Thread with TID = 140736083265216 read: Herbs
Thread with TID = 140736062293696 read: Chia Seeds
Thread with TID = 140736072779456 read: Cereal
Thread with TID = 140736051807936 read: Cheese
Thread with TID = 140736041322176 read: Burger Patties
Thread with TID = 140736030836416 read: Black Pepper
Thread with TID = 140736020350656 read: Yeast
