Process PID: 34095
Thread with TID = 140737347847872 read: Mustard
Thread with TID = 140737295419072 read: Eggs
Thread with TID = 140737263961792 read: Cinnamon
Thread with TID = 140737140229824 read: Stock Cubes
Thread with TID = 140737305904832 read: Baking Powder
Thread with TID = 140737274447552 read: Canned Beans
Thread with TID = 140737232504512 read: Fish Fingers
Thread with TID = 140737284933312 read: Sugar
Thread with TID = 140737108772544 read: Pasta
Thread with TID = 140737129744064 read: Wheat Flour
Thread with TID = 140737119258304 read: Cake Mix
Thread with TID = 140737326876352 read: Coffee Beans
Thread with TID = 140737242990272 read: Dried Fruits
Thread with TID = 140737150715584 read: Instant Coffee
Thread with TID = 140737098286784 read: Frozen Vegetables
Thread with TID = 140737316390592 read: Cooking Wine
Thread with TID = 140737253476032 read: Chicken Nuggets
Thread with TID = 140737337362112 read: Sunflower Seeds
Thread with TID = 140737016497856 read: Hot Sauce
Thread with TID = 140737006012096 read: Chicken Stock
Thread with TID = 140736964069056 read: Ketchup
Thread with TID = 140736783713984 read: Popcorn
Thread with TID = 140736985040576 read: Rice Cakes
Thread with TID = 140736995526336 read: Mints
Thread with TID = 140736773228224 read: Coffee
Thread with TID = 140736974554816 read: Milk
Thread with TID = 140736762742464 read: Canned Fruit
Thread with TID = 140736752256704 read: Vinegar
Thread with TID = 140736731285184 read: Soup Mix
Thread with TID = 140736741770944 read: Flavored Water
Thread with TID = 140736815171264 read: Raisins
Thread with TID = 140736710313664 read: Salt
Thread with TID = 140736689342144 read: Turmeric
Thread with TID = 140736678856384 read: Powdered Milk
Thread with TID = 140736668370624 read: Almonds
Thread with TID = 140736804685504 read: Soy Sauce
Thread with TID = 140736720799424 read: Cashews
Thread with TID = 140736794199744 read: Almond Milk
Thread with TID = 140736647399104 read: Tea
Thread with TID = 140736657884864 read: Frozen Berries
Thread with TID = 140736699827904 read: Frozen Pizza
Thread with TID = 140736626427584 read: Jam
Thread with TID = 140736615941824 read: Canned Fish
Thread with TID = 140736636913344 read: Spices
Thread with TID = 140736605456064 read: Cookies
Thread with TID = 140736594970304 read: Herbal Tea
Thread with TID = 140736553027264 read: Biscuits
Thread with TID = 140736584484544 read: Olive Oil Spray
Thread with TID = 140736563513024 read: Rice
Thread with TID = 140736573998784 read: Bread
Thread with TID = 140736532055744 read: Pickles
Thread with TID = 140736511084224 read: Crackers
Thread with TID = 140736500598464 read: Energy Drinks
Thread with TID = 140736542541504 read: Brownie Mix
Thread with TID = 140736469141184 read: Granola Bars
Thread with TID = 140736490112704 read: Cooking Oil
Thread with TID = 140736437683904 read: Butter
Thread with TID = 140736458655424 read: Soft Drinks
Thread with TID = 140736427198144 read: Fruit Juice
Thread with TID = 140736448169664 read: Candies
Thread with TID = 140736416712384 read: Protein Bars
Thread with TID = 140736406226624 read: Peanut Butter
Thread with TID = 140736521569984 read: Black Tea
Thread with TID = 140736395740864 read: Chocolate Spread
Thread with TID = 140736479626944 read: Chips
Thread with TID = 140736374769344 read: Green Tea
Thread with TID = 140736364283584 read: Ice Cream
Thread with TID = 140736322340544 read: Coconut Milk
Thread with TID = 140736343312064 read: Beef Stock
Thread with TID = 140736332826304 read: Noodles
Thread with TID = 140736385255104 read: Soy Milk
Thread with TID = 140736311854784 read: Canned Soup
Thread with TID = 140736301369024 read: Ground Coffee
Thread with TID = 140736259425984 read: Marshmallows
Thread with TID = 140736280397504 read: Vegetable Stock
Thread with TID = 140736290883264 read: Lollipops
Thread with TID = 140736269911744 read: Pumpkin Seeds
Thread with TID = 140736248940224 read: Quinoa
Thread with TID = 140736238454464 read: Energy Bars
Thread with TID = 140736353797824 read: Oats
Thread with TID = 140736227968704 read: Pistachios
Thread with TID = 140736206997184 read: Chocolates
Thread with TID = 140736217482944 read: Yogurt
Thread with TID = 140736186025664 read: Walnuts
Thread with TID = 140736175539904 read: Pancake Mix
Thread with TID = 140736196511424 read: Honey
Thread with TID = 140736165054144 read: Herbs
Thread with TID = 140736123111104 read: Burger Patties
Thread with TID = 140736154568384 read: Cereal
Thread with TID = 140736144082624 read: Chia Seeds
Thread with TID = 140736112625344 read: Black Pepper
Thread with TID = 140736133596864 read: Cheese
Thread with TID = 140736102139584 read: Yeast
