Process PID: 32217
Thread with TID = 133257607775936 read: Mustard
Thread with TID = 133257576318656 read: Cooking Wine
Thread with TID = 133257597290176 read: Sunflower Seeds
Thread with TID = 133257586804416 read: Coffee Beans
Thread with TID = 133257565832896 read: Baking Powder
Thread with TID = 133257555347136 read: Eggs
Thread with TID = 133257465169600 read: Canned Beans
Thread with TID = 133257454683840 read: Cinnamon
Thread with TID = 133257433712320 read: Dried Fruits
Thread with TID = 133257423226560 read: Fish Fingers
Thread with TID = 133257412740800 read: Instant Coffee
Thread with TID = 133257320466112 read: Wheat Flour
Thread with TID = 133257330951872 read: Stock Cubes
Thread with TID = 133257289008832 read: Frozen Vegetables
Thread with TID = 133257544861376 read: Sugar
Thread with TID = 133257444198080 read: Chicken Nuggets
Thread with TID = 133257278523072 read: Hot Sauce
Thread with TID = 133257309980352 read: Cake Mix
Thread with TID = 133257299494592 read: Pasta
Thread with TID = 133257196734144 read: Chicken Stock
Thread with TID = 133257070905024 read: Flavored Water
Thread with TID = 133257028961984 read: Frozen Pizza
Thread with TID = 133257112848064 read: Popcorn
Thread with TID = 133257007990464 read: Powdered Milk
Thread with TID = 133257133819584 read: Soy Sauce
Thread with TID = 133257186248384 read: Mints
Thread with TID = 133256997504704 read: Almonds
Thread with TID = 133257091876544 read: Canned Fruit
Thread with TID = 133257102362304 read: Coffee
Thread with TID = 133257081390784 read: Vinegar
Thread with TID = 133257039447744 read: Salt
Thread with TID = 133257060419264 read: Soup Mix
Thread with TID = 133257049933504 read: Cashews
Thread with TID = 133257154791104 read: Ketchup
Thread with TID = 133257018476224 read: Turmeric
Thread with TID = 133256966047424 read: Spices
Thread with TID = 133256945075904 read: Canned Fish
Thread with TID = 133256955561664 read: Jam
Thread with TID = 133256850704064 read: Herbal Tea
Thread with TID = 133256861189824 read: Cookies
Thread with TID = 133256840218304 read: Olive Oil Spray
Thread with TID = 133256976533184 read: Tea
Thread with TID = 133256798275264 read: Brownie Mix
Thread with TID = 133256777303744 read: Black Tea
Thread with TID = 133256829732544 read: Bread
Thread with TID = 133256819246784 read: Rice
Thread with TID = 133256766817984 read: Crackers
Thread with TID = 133257123333824 read: Almond Milk
Thread with TID = 133257175762624 read: Rice Cakes
Thread with TID = 133256808761024 read: Biscuits
Thread with TID = 133256787789504 read: Pickles
Thread with TID = 133257165276864 read: Milk
Thread with TID = 133256987018944 read: Frozen Berries
Thread with TID = 133256659863232 read: Energy Drinks
Thread with TID = 133256649377472 read: Cooking Oil
Thread with TID = 133256756332224 read: Chips
Thread with TID = 133257144305344 read: Raisins
Thread with TID = 133256617920192 read: Butter
Thread with TID = 133256638891712 read: Soft Drinks
Thread with TID = 133256525645504 read: Protein Bars
Thread with TID = 133256607434432 read: Fruit Juice
Thread with TID = 133256515159744 read: Peanut Butter
Thread with TID = 133256745846464 read: Granola Bars
Thread with TID = 133256628405952 read: Candies
Thread with TID = 133256494188224 read: Soy Milk
Thread with TID = 133256504673984 read: Chocolate Spread
Thread with TID = 133256483702464 read: Green Tea
Thread with TID = 133256391427776 read: Oats
Thread with TID = 133256380942016 read: Beef Stock
Thread with TID = 133256370456256 read: Noodles
Thread with TID = 133256349484736 read: Canned Soup
Thread with TID = 133256338998976 read: Ground Coffee
Thread with TID = 133256359970496 read: Coconut Milk
Thread with TID = 133256473216704 read: Ice Cream
Thread with TID = 133256257210048 read: Lollipops
Thread with TID = 133256246724288 read: Vegetable Stock
Thread with TID = 133256225752768 read: Marshmallows
Thread with TID = 133256204781248 read: Energy Bars
Thread with TID = 133256215267008 read: Quinoa
Thread with TID = 133256122992320 read: Pistachios
Thread with TID = 133256112506560 read: Yogurt
Thread with TID = 133256070563520 read: Pancake Mix
Thread with TID = 133256049592000 read: Cereal
Thread with TID = 133256236238528 read: Pumpkin Seeds
Thread with TID = 133256091535040 read: Honey
Thread with TID = 133256081049280 read: Walnuts
Thread with TID = 133256102020800 read: Chocolates
Thread with TID = 133256060077760 read: Herbs
Thread with TID = 133256028620480 read: Cheese
Thread with TID = 133255997163200 read: Yeast
Thread with TID = 133256018134720 read: Burger Patties
Thread with TID = 133256039106240 read: Chia Seeds
Thread with TID = 133256007648960 read: Black Pepper
