Process PID: 9895
Thread with TID = 140737316390592 read: Cooking Wine
Thread with TID = 140737253476032 read: Chicken Nuggets
Thread with TID = 140737347847872 read: Mustard
Thread with TID = 140737263961792 read: Cinnamon
Thread with TID = 140737284933312 read: Sugar
Thread with TID = 140737337362112 read: Sunflower Seeds
Thread with TID = 140737150715584 read: Instant Coffee
Thread with TID = 140737140229824 read: Stock Cubes
Thread with TID = 140737129744064 read: Wheat Flour
Thread with TID = 140737119258304 read: Cake Mix
Thread with TID = 140737108772544 read: Pasta
Thread with TID = 140737098286784 read: Frozen Vegetables
Thread with TID = 140737295419072 read: Eggs
Thread with TID = 140737326876352 read: Coffee Beans
Thread with TID = 140737305904832 read: Baking Powder
Thread with TID = 140737274447552 read: Canned Beans
Thread with TID = 140737016497856 read: Hot Sauce
Thread with TID = 140737242990272 read: Dried Fruits
Thread with TID = 140737232504512 read: Fish Fingers
Thread with TID = 140737006012096 read: Chicken Stock
Thread with TID = 140736995526336 read: Mints
Thread with TID = 140736985040576 read: Rice Cakes
Thread with TID = 140736964069056 read: Ketchup
Thread with TID = 140736974554816 read: Milk
Thread with TID = 140736882280128 read: Raisins
Thread with TID = 140736861308608 read: Almond Milk
Thread with TID = 140736850822848 read: Popcorn
Thread with TID = 140736737576640 read: Flavored Water
Thread with TID = 140736871794368 read: Soy Sauce
Thread with TID = 140736706119360 read: Salt
Thread with TID = 140736695633600 read: Frozen Pizza
Thread with TID = 140736748062400 read: Vinegar
Thread with TID = 140736727090880 read: Soup Mix
Thread with TID = 140736829851328 read: Canned Fruit
Thread with TID = 140736716605120 read: Cashews
Thread with TID = 140736840337088 read: Coffee
Thread with TID = 140736643204800 read: Tea
Thread with TID = 140736674662080 read: Powdered Milk
Thread with TID = 140736653690560 read: Frozen Berries
Thread with TID = 140736601261760 read: Cookies
Thread with TID = 140736685147840 read: Turmeric
Thread with TID = 140736580290240 read: Olive Oil Spray
Thread with TID = 140736559318720 read: Rice
Thread with TID = 140736632719040 read: Spices
Thread with TID = 140736622233280 read: Jam
Thread with TID = 140736548832960 read: Biscuits
Thread with TID = 140736590776000 read: Herbal Tea
Thread with TID = 140736569804480 read: Bread
Thread with TID = 140736664176320 read: Almonds
Thread with TID = 140736538347200 read: Brownie Mix
Thread with TID = 140736611747520 read: Canned Fish
Thread with TID = 140736527861440 read: Pickles
Thread with TID = 140736517375680 read: Black Tea
Thread with TID = 140736496404160 read: Energy Drinks
Thread with TID = 140736485918400 read: Cooking Oil
Thread with TID = 140736506889920 read: Crackers
Thread with TID = 140736475432640 read: Chips
Thread with TID = 140736464946880 read: Granola Bars
Thread with TID = 140736443975360 read: Candies
Thread with TID = 140736454461120 read: Soft Drinks
Thread with TID = 140736433489600 read: Butter
Thread with TID = 140736423003840 read: Fruit Juice
Thread with TID = 140736402032320 read: Peanut Butter
Thread with TID = 140736391546560 read: Chocolate Spread
Thread with TID = 140736412518080 read: Protein Bars
Thread with TID = 140736381060800 read: Soy Milk
Thread with TID = 140736349603520 read: Oats
Thread with TID = 140736297174720 read: Ground Coffee
Thread with TID = 140736339117760 read: Beef Stock
Thread with TID = 140736370575040 read: Green Tea
Thread with TID = 140736360089280 read: Ice Cream
Thread with TID = 140736328632000 read: Noodles
Thread with TID = 140736276203200 read: Vegetable Stock
Thread with TID = 140736265717440 read: Pumpkin Seeds
Thread with TID = 140736244745920 read: Quinoa
Thread with TID = 140736255231680 read: Marshmallows
Thread with TID = 140736234260160 read: Energy Bars
Thread with TID = 140736318146240 read: Coconut Milk
Thread with TID = 140736223774400 read: Pistachios
Thread with TID = 140736144082624 read: Yogurt
Thread with TID = 140736133596864 read: Chocolates
Thread with TID = 140736286688960 read: Lollipops
Thread with TID = 140736112625344 read: Walnuts
Thread with TID = 140735932270272 read: Chia Seeds
Thread with TID = 140736123111104 read: Honey
Thread with TID = 140736102139584 read: Pancake Mix
Thread with TID = 140736091653824 read: Herbs
Thread with TID = 140735921784512 read: Cheese
Thread with TID = 140735942756032 read: Cereal
Thread with TID = 140735900812992 read: Black Pepper
Thread with TID = 140735911298752 read: Burger Patties
Thread with TID = 140736307660480 read: Canned Soup
Thread with TID = 140735890327232 read: Yeast
