Process PID: 123864
Thread with TID = 140737337362112 read: Sunflower Seeds
Thread with TID = 140737253476032 read: Chicken Nuggets
Thread with TID = 140737284933312 read: Sugar
Thread with TID = 140737347847872 read: Mustard
Thread with TID = 140737242990272 read: Dried Fruits
Thread with TID = 140737263961792 read: Cinnamon
Thread with TID = 140737326876352 read: Coffee Beans
Thread with TID = 140737316390592 read: Cooking Wine
Thread with TID = 140737295419072 read: Eggs
Thread with TID = 140737305904832 read: Baking Powder
Thread with TID = 140737274447552 read: Canned Beans
Thread with TID = 140737150715584 read: Instant Coffee
Thread with TID = 140737232504512 read: Fish Fingers
Thread with TID = 140737140229824 read: Stock Cubes
Thread with TID = 140737119258304 read: Cake Mix
Thread with TID = 140737129744064 read: Wheat Flour
Thread with TID = 140737108772544 read: Pasta
Thread with TID = 140736974554816 read: Milk
Thread with TID = 140737006012096 read: Chicken Stock
Thread with TID = 140736882280128 read: Raisins
Thread with TID = 140736871794368 read: Soy Sauce
Thread with TID = 140736964069056 read: Ketchup
Thread with TID = 140736861308608 read: Almond Milk
Thread with TID = 140736829851328 read: Canned Fruit
Thread with TID = 140736840337088 read: Coffee
Thread with TID = 140737098286784 read: Frozen Vegetables
Thread with TID = 140736819365568 read: Vinegar
Thread with TID = 140736850822848 read: Popcorn
Thread with TID = 140736674662080 read: Flavored Water
Thread with TID = 140736995526336 read: Mints
Thread with TID = 140736985040576 read: Rice Cakes
Thread with TID = 140737016497856 read: Hot Sauce
Thread with TID = 140736808879808 read: Soup Mix
Thread with TID = 140736787908288 read: Salt
Thread with TID = 140736798394048 read: Cashews
Thread with TID = 140736766936768 read: Turmeric
Thread with TID = 140736777422528 read: Frozen Pizza
Thread with TID = 140736664176320 read: Powdered Milk
Thread with TID = 140736653690560 read: Almonds
Thread with TID = 140736643204800 read: Frozen Berries
Thread with TID = 140736546735808 read: Spices
Thread with TID = 140736536250048 read: Jam
Thread with TID = 140736632719040 read: Tea
Thread with TID = 140736515278528 read: Cookies
Thread with TID = 140736504792768 read: Herbal Tea
Thread with TID = 140736402032320 read: Rice
Thread with TID = 140736412518080 read: Bread
Thread with TID = 140736525764288 read: Canned Fish
Thread with TID = 140736246843072 read: Chips
Thread with TID = 140736381060800 read: Brownie Mix
Thread with TID = 140736278300352 read: Crackers
Thread with TID = 140736267814592 read: Energy Drinks
Thread with TID = 140736225871552 read: Soft Drinks
Thread with TID = 140736494307008 read: Olive Oil Spray
Thread with TID = 140736391546560 read: Biscuits
Thread with TID = 140736370575040 read: Pickles
Thread with TID = 140736112625344 read: Protein Bars
Thread with TID = 140736360089280 read: Black Tea
Thread with TID = 140736257328832 read: Cooking Oil
Thread with TID = 140736236357312 read: Granola Bars
Thread with TID = 140736102139584 read: Peanut Butter
Thread with TID = 140736144082624 read: Candies
Thread with TID = 140736133596864 read: Butter
Thread with TID = 140736123111104 read: Fruit Juice
Thread with TID = 140736091653824 read: Chocolate Spread
Thread with TID = 140736009864896 read: Soy Milk
Thread with TID = 140735999379136 read: Green Tea
Thread with TID = 140735988893376 read: Ice Cream
Thread with TID = 140735957436096 read: Noodles
Thread with TID = 140735978407616 read: Oats
Thread with TID = 140735946950336 read: Coconut Milk
Thread with TID = 140735967921856 read: Beef Stock
Thread with TID = 140735936464576 read: Canned Soup
Thread with TID = 140735925978816 read: Ground Coffee
Thread with TID = 140735915493056 read: Lollipops
Thread with TID = 140735905007296 read: Vegetable Stock
Thread with TID = 140735894521536 read: Pumpkin Seeds
Thread with TID = 140735884035776 read: Marshmallows
Thread with TID = 140735873550016 read: Quinoa
Thread with TID = 140735863064256 read: Energy Bars
Thread with TID = 140735852578496 read: Pistachios
Thread with TID = 140735842092736 read: Yogurt
Thread with TID = 140735831606976 read: Chocolates
Thread with TID = 140735821121216 read: Honey
Thread with TID = 140735810635456 read: Walnuts
Thread with TID = 140735789663936 read: Herbs
Thread with TID = 140735779178176 read: Cereal
Thread with TID = 140735800149696 read: Pancake Mix
Thread with TID = 140735768692416 read: Chia Seeds
Thread with TID = 140735758206656 read: Cheese
Thread with TID = 140735747720896 read: Burger Patties
Thread with TID = 140735737235136 read: Black Pepper
Thread with TID = 140735726749376 read: Yeast
