Process PID: 26950
Thread with TID = 123280583296704 read: Mustard
Thread with TID = 123280446981824 read: Stock Cubes
Thread with TID = 123280520382144 read: Sugar
Thread with TID = 123280562325184 read: Coffee Beans
Thread with TID = 123280478439104 read: Dried Fruits
Thread with TID = 123280572810944 read: Sunflower Seeds
Thread with TID = 123280509896384 read: Canned Beans
Thread with TID = 123280457467584 read: Instant Coffee
Thread with TID = 123280551839424 read: Cooking Wine
Thread with TID = 123280467953344 read: Fish Fingers
Thread with TID = 123280499410624 read: Cinnamon
Thread with TID = 123280488924864 read: Chicken Nuggets
Thread with TID = 123280270821056 read: Ketchup
Thread with TID = 123280281306816 read: Milk
Thread with TID = 123279987705536 read: Raisins
Thread with TID = 123279935276736 read: Canned Fruit
Thread with TID = 123280426010304 read: Cake Mix
Thread with TID = 123279977219776 read: Soy Sauce
Thread with TID = 123280530867904 read: Eggs
Thread with TID = 123279853487808 read: Vinegar
Thread with TID = 123279956248256 read: Popcorn
Thread with TID = 123280323249856 read: Hot Sauce
Thread with TID = 123280541353664 read: Baking Powder
Thread with TID = 123280436496064 read: Wheat Flour
Thread with TID = 123279801059008 read: Frozen Pizza
Thread with TID = 123279945762496 read: Coffee
Thread with TID = 123280312764096 read: Chicken Stock
Thread with TID = 123279790573248 read: Turmeric
Thread with TID = 123280405038784 read: Frozen Vegetables
Thread with TID = 123280302278336 read: Mints
Thread with TID = 123280415524544 read: Pasta
Thread with TID = 123279966734016 read: Almond Milk
Thread with TID = 123279843002048 read: Flavored Water
Thread with TID = 123279832516288 read: Soup Mix
Thread with TID = 123279822030528 read: Cashews
Thread with TID = 123279811544768 read: Salt
Thread with TID = 123280291792576 read: Rice Cakes
Thread with TID = 123279780087488 read: Powdered Milk
Thread with TID = 123279759115968 read: Frozen Berries
Thread with TID = 123279717172928 read: Canned Fish
Thread with TID = 123279748630208 read: Tea
Thread with TID = 123279769601728 read: Almonds
Thread with TID = 123279738144448 read: Spices
Thread with TID = 123279706687168 read: Cookies
Thread with TID = 123279664744128 read: Rice
Thread with TID = 123279727658688 read: Jam
Thread with TID = 123279675229888 read: Bread
Thread with TID = 123279654258368 read: Biscuits
Thread with TID = 123279633286848 read: Pickles
Thread with TID = 123279685715648 read: Olive Oil Spray
Thread with TID = 123279643772608 read: Brownie Mix
Thread with TID = 123279696201408 read: Herbal Tea
Thread with TID = 123279622801088 read: Black Tea
Thread with TID = 123279612315328 read: Crackers
Thread with TID = 123279559886528 read: Soft Drinks
Thread with TID = 123279538915008 read: Butter
Thread with TID = 123279507457728 read: Peanut Butter
Thread with TID = 123279601829568 read: Energy Drinks
Thread with TID = 123279496971968 read: Chocolate Spread
Thread with TID = 123279580858048 read: Chips
Thread with TID = 123279591343808 read: Cooking Oil
Thread with TID = 123279570372288 read: Granola Bars
Thread with TID = 123279465514688 read: Ice Cream
Thread with TID = 123279549400768 read: Candies
Thread with TID = 123279423571648 read: Coconut Milk
Thread with TID = 123279528429248 read: Fruit Juice
Thread with TID = 123279455028928 read: Oats
Thread with TID = 123279517943488 read: Protein Bars
Thread with TID = 123279444543168 read: Beef Stock
Thread with TID = 123279434057408 read: Noodles
Thread with TID = 123279486486208 read: Soy Milk
Thread with TID = 123279413085888 read: Canned Soup
Thread with TID = 123279476000448 read: Green Tea
Thread with TID = 123279392114368 read: Lollipops
Thread with TID = 123279381628608 read: Vegetable Stock
Thread with TID = 123279329199808 read: Pistachios
Thread with TID = 123279360657088 read: Marshmallows
Thread with TID = 123279350171328 read: Quinoa
Thread with TID = 123279402600128 read: Ground Coffee
Thread with TID = 123279266285248 read: Herbs
Thread with TID = 123279339685568 read: Energy Bars
Thread with TID = 123279318714048 read: Yogurt
Thread with TID = 123279308228288 read: Chocolates
Thread with TID = 123279276771008 read: Pancake Mix
Thread with TID = 123279297742528 read: Honey
Thread with TID = 123279371142848 read: Pumpkin Seeds
Thread with TID = 123279287256768 read: Walnuts
Thread with TID = 123279245313728 read: Chia Seeds
Thread with TID = 123279255799488 read: Cereal
Thread with TID = 123279234827968 read: Cheese
Thread with TID = 123279203370688 read: Yeast
Thread with TID = 123279213856448 read: Black Pepper
Thread with TID = 123279224342208 read: Burger Patties
