Process PID: 24602
Thread with TID = 140737337362112 read: Sunflower Seeds
Thread with TID = 140737305904832 read: Baking Powder
Thread with TID = 140737326876352 read: Coffee Beans
Thread with TID = 140737295419072 read: Eggs
Thread with TID = 140737242990272 read: Dried Fruits
Thread with TID = 140737274447552 read: Canned Beans
Thread with TID = 140737140229824 read: Wheat Flour
Thread with TID = 140737232504512 read: Stock Cubes
Thread with TID = 140737263961792 read: Cinnamon
Thread with TID = 140736974554816 read: Milk
Thread with TID = 140737347847872 read: Mustard
Thread with TID = 140736964069056 read: Ketchup
Thread with TID = 140737006012096 read: Chicken Stock
Thread with TID = 140736953583296 read: Raisins
Thread with TID = 140736932611776 read: Almond Milk
Thread with TID = 140736985040576 read: Rice Cakes
Thread with TID = 140737016497856 read: Hot Sauce
Thread with TID = 140736943097536 read: Soy Sauce
Thread with TID = 140737119258304 read: Pasta
Thread with TID = 140737108772544 read: Frozen Vegetables
Thread with TID = 140737098286784 read: Fish Fingers
Thread with TID = 140737284933312 read: Sugar
Thread with TID = 140737129744064 read: Cake Mix
Thread with TID = 140737316390592 read: Cooking Wine
Thread with TID = 140737253476032 read: Chicken Nuggets
Thread with TID = 140737150715584 read: Instant Coffee
Thread with TID = 140736995526336 read: Mints
Thread with TID = 140736911640256 read: Coffee
Thread with TID = 140736901154496 read: Canned Fruit
Thread with TID = 140736804685504 read: Flavored Water
Thread with TID = 140736815171264 read: Vinegar
Thread with TID = 140736922126016 read: Popcorn
Thread with TID = 140736794199744 read: Soup Mix
Thread with TID = 140736680953536 read: Turmeric
Thread with TID = 140736670467776 read: Powdered Milk
Thread with TID = 140736639010496 read: Tea
Thread with TID = 140736546735808 read: Jam
Thread with TID = 140736783713984 read: Cashews
Thread with TID = 140736773228224 read: Salt
Thread with TID = 140736504792768 read: Olive Oil Spray
Thread with TID = 140736659982016 read: Almonds
Thread with TID = 140736649496256 read: Frozen Berries
Thread with TID = 140736628524736 read: Spices
Thread with TID = 140736762742464 read: Frozen Pizza
Thread with TID = 140736525764288 read: Cookies
Thread with TID = 140736536250048 read: Canned Fish
Thread with TID = 140736515278528 read: Herbal Tea
Thread with TID = 140736494307008 read: Bread
Thread with TID = 140736412518080 read: Rice
Thread with TID = 140736391546560 read: Brownie Mix
Thread with TID = 140736402032320 read: Biscuits
Thread with TID = 140736381060800 read: Pickles
Thread with TID = 140736360089280 read: Crackers
Thread with TID = 140736370575040 read: Black Tea
Thread with TID = 140736278300352 read: Energy Drinks
Thread with TID = 140736267814592 read: Cooking Oil
Thread with TID = 140736257328832 read: Chips
Thread with TID = 140736246843072 read: Granola Bars
Thread with TID = 140736225871552 read: Candies
Thread with TID = 140735932270272 read: Fruit Juice
Thread with TID = 140735942756032 read: Butter
Thread with TID = 140735921784512 read: Protein Bars
Thread with TID = 140735911298752 read: Peanut Butter
Thread with TID = 140735900812992 read: Chocolate Spread
Thread with TID = 140736236357312 read: Soft Drinks
Thread with TID = 140735890327232 read: Soy Milk
Thread with TID = 140735858869952 read: Oats
Thread with TID = 140735848384192 read: Beef Stock
Thread with TID = 140735827412672 read: Coconut Milk
Thread with TID = 140735816926912 read: Canned Soup
Thread with TID = 140735837898432 read: Noodles
Thread with TID = 140735879841472 read: Green Tea
Thread with TID = 140735869355712 read: Ice Cream
Thread with TID = 140735806441152 read: Ground Coffee
Thread with TID = 140735795955392 read: Lollipops
Thread with TID = 140735785469632 read: Vegetable Stock
Thread with TID = 140735774983872 read: Pumpkin Seeds
Thread with TID = 140735764498112 read: Marshmallows
Thread with TID = 140735743526592 read: Energy Bars
Thread with TID = 140735733040832 read: Pistachios
Thread with TID = 140735754012352 read: Quinoa
Thread with TID = 140735722555072 read: Yogurt
Thread with TID = 140735712069312 read: Chocolates
Thread with TID = 140735701583552 read: Honey
Thread with TID = 140735691097792 read: Walnuts
Thread with TID = 140735680612032 read: Pancake Mix
Thread with TID = 140735670126272 read: Herbs
Thread with TID = 140735659640512 read: Cereal
Thread with TID = 140735649154752 read: Chia Seeds
Thread with TID = 140735638668992 read: Cheese
Thread with TID = 140735628183232 read: Burger Patties
Thread with TID = 140735617697472 read: Black Pepper
Thread with TID = 140735607211712 read: Yeast
