Process PID: 18505
Thread with TID = 124191005214400 read: Mustard
Thread with TID = 124190856316608 read: Coffee Beans
Thread with TID = 124190994728640 read: Sunflower Seeds
Thread with TID = 124190984242880 read: Cooking Wine
Thread with TID = 124190973757120 read: Baking Powder
Thread with TID = 124190963271360 read: Eggs
Thread with TID = 124190942299840 read: Canned Beans
Thread with TID = 124190952785600 read: Sugar
Thread with TID = 124190845830848 read: Cinnamon
Thread with TID = 124190824859328 read: Dried Fruits
Thread with TID = 124190814373568 read: Fish Fingers
Thread with TID = 124190711613120 read: Wheat Flour
Thread with TID = 124190835345088 read: Chicken Nuggets
Thread with TID = 124190701127360 read: Cake Mix
Thread with TID = 124190803887808 read: Instant Coffee
Thread with TID = 124190680155840 read: Frozen Vegetables
Thread with TID = 124190690641600 read: Pasta
Thread with TID = 124190669670080 read: Hot Sauce
Thread with TID = 124190722098880 read: Stock Cubes
Thread with TID = 124190587881152 read: Chicken Stock
Thread with TID = 124190566909632 read: Rice Cakes
Thread with TID = 124190545938112 read: Ketchup
Thread with TID = 124190556423872 read: Milk
Thread with TID = 124190535452352 read: Raisins
Thread with TID = 124190577395392 read: Mints
Thread with TID = 124190524966592 read: Soy Sauce
Thread with TID = 124190493509312 read: Coffee
Thread with TID = 124190514480832 read: Almond Milk
Thread with TID = 124190483023552 read: Canned Fruit
Thread with TID = 124190472537792 read: Vinegar
Thread with TID = 124190430594752 read: Salt
Thread with TID = 124190451566272 read: Soup Mix
Thread with TID = 124190420108992 read: Frozen Pizza
Thread with TID = 124190367680192 read: Tea
Thread with TID = 124190378165952 read: Frozen Berries
Thread with TID = 124190462052032 read: Flavored Water
Thread with TID = 124190388651712 read: Almonds
Thread with TID = 124190441080512 read: Cashews
Thread with TID = 124190409623232 read: Turmeric
Thread with TID = 124190346708672 read: Jam
Thread with TID = 124190357194432 read: Spices
Thread with TID = 124190399137472 read: Powdered Milk
Thread with TID = 124190503995072 read: Popcorn
Thread with TID = 124190336222912 read: Canned Fish
Thread with TID = 124190325737152 read: Cookies
Thread with TID = 124190304765632 read: Olive Oil Spray
Thread with TID = 124190294279872 read: Bread
Thread with TID = 124190283794112 read: Rice
Thread with TID = 124190262822592 read: Brownie Mix
Thread with TID = 124190241851072 read: Black Tea
Thread with TID = 124190273308352 read: Biscuits
Thread with TID = 124190199908032 read: Chips
Thread with TID = 124190220879552 read: Energy Drinks
Thread with TID = 124190315251392 read: Herbal Tea
Thread with TID = 124190189422272 read: Granola Bars
Thread with TID = 124190178936512 read: Soft Drinks
Thread with TID = 124190168450752 read: Candies
Thread with TID = 124190157964992 read: Butter
Thread with TID = 124190252336832 read: Pickles
Thread with TID = 124190231365312 read: Crackers
Thread with TID = 124190210393792 read: Cooking Oil
Thread with TID = 124190116021952 read: Chocolate Spread
Thread with TID = 124190136993472 read: Protein Bars
Thread with TID = 124190095050432 read: Green Tea
Thread with TID = 124190126507712 read: Peanut Butter
Thread with TID = 124190147479232 read: Fruit Juice
Thread with TID = 124190105536192 read: Soy Milk
Thread with TID = 124190084564672 read: Ice Cream
Thread with TID = 124190074078912 read: Oats
Thread with TID = 124190053107392 read: Noodles
Thread with TID = 124190042621632 read: Coconut Milk
Thread with TID = 124189990192832 read: Pumpkin Seeds
Thread with TID = 124190011164352 read: Lollipops
Thread with TID = 124190000678592 read: Vegetable Stock
Thread with TID = 124189969221312 read: Quinoa
Thread with TID = 124189948249792 read: Pistachios
Thread with TID = 124190032135872 read: Canned Soup
Thread with TID = 124190063593152 read: Beef Stock
Thread with TID = 124190021650112 read: Ground Coffee
Thread with TID = 124189937764032 read: Yogurt
Thread with TID = 124189916792512 read: Honey
Thread with TID = 124189906306752 read: Walnuts
Thread with TID = 124189895820992 read: Herbs
Thread with TID = 124189979707072 read: Marshmallows
Thread with TID = 124189874849472 read: Chia Seeds
Thread with TID = 124189885335232 read: Cereal
Thread with TID = 124189761603264 read: Pancake Mix
Thread with TID = 124189864363712 read: Cheese
Thread with TID = 124189958735552 read: Energy Bars
Thread with TID = 124189751117504 read: Yeast
Thread with TID = 124189782574784 read: Burger Patties
Thread with TID = 124189772089024 read: Black Pepper
Thread with TID = 124189927278272 read: Chocolates
