Process PID: 133802
Thread with TID = 140737347847872 read: Mustard
Thread with TID = 140737305904832 read: Baking Powder
Thread with TID = 140737316390592 read: Cooking Wine
Thread with TID = 140737337362112 read: Sunflower Seeds
Thread with TID = 140737196852928 read: Canned Beans
Thread with TID = 140737186367168 read: Cinnamon
Thread with TID = 140737326876352 read: Coffee Beans
Thread with TID = 140737133938368 read: Stock Cubes
Thread with TID = 140736943097536 read: Raisins
Thread with TID = 140737123452608 read: Wheat Flour
Thread with TID = 140737217824448 read: Eggs
Thread with TID = 140736995526336 read: Chicken Stock
Thread with TID = 140737207338688 read: Sugar
Thread with TID = 140737175881408 read: Chicken Nuggets
Thread with TID = 140736985040576 read: Mints
Thread with TID = 140737165395648 read: Dried Fruits
Thread with TID = 140736974554816 read: Rice Cakes
Thread with TID = 140736922126016 read: Almond Milk
Thread with TID = 140736964069056 read: Milk
Thread with TID = 140736953583296 read: Ketchup
Thread with TID = 140737144424128 read: Instant Coffee
Thread with TID = 140737154909888 read: Fish Fingers
Thread with TID = 140737112966848 read: Cake Mix
Thread with TID = 140737102481088 read: Pasta
Thread with TID = 140737016497856 read: Frozen Vegetables
Thread with TID = 140736932611776 read: Soy Sauce
Thread with TID = 140737006012096 read: Hot Sauce
Thread with TID = 140736911640256 read: Popcorn
Thread with TID = 140736880182976 read: Vinegar
Thread with TID = 140736869697216 read: Flavored Water
Thread with TID = 140736859211456 read: Soup Mix
Thread with TID = 140736890668736 read: Canned Fruit
Thread with TID = 140736838239936 read: Salt
Thread with TID = 140736901154496 read: Coffee
Thread with TID = 140736848725696 read: Cashews
Thread with TID = 140736817268416 read: Turmeric
Thread with TID = 140736712410816 read: Olive Oil Spray
Thread with TID = 140736743868096 read: Canned Fish
Thread with TID = 140736701925056 read: Bread
Thread with TID = 140736680953536 read: Biscuits
Thread with TID = 140736764839616 read: Spices
Thread with TID = 140736691439296 read: Rice
Thread with TID = 140736754353856 read: Jam
Thread with TID = 140736785811136 read: Frozen Berries
Thread with TID = 140736733382336 read: Cookies
Thread with TID = 140736827754176 read: Frozen Pizza
Thread with TID = 140736722896576 read: Herbal Tea
Thread with TID = 140736806782656 read: Powdered Milk
Thread with TID = 140736659982016 read: Pickles
Thread with TID = 140736796296896 read: Almonds
Thread with TID = 140736649496256 read: Black Tea
Thread with TID = 140736670467776 read: Brownie Mix
Thread with TID = 140736628524736 read: Energy Drinks
Thread with TID = 140736639010496 read: Crackers
Thread with TID = 140736546735808 read: Cooking Oil
Thread with TID = 140736536250048 read: Chips
Thread with TID = 140736525764288 read: Granola Bars
Thread with TID = 140736515278528 read: Soft Drinks
Thread with TID = 140736381060800 read: Chocolate Spread
Thread with TID = 140736504792768 read: Candies
Thread with TID = 140736494307008 read: Butter
Thread with TID = 140736123111104 read: Beef Stock
Thread with TID = 140736412518080 read: Fruit Juice
Thread with TID = 140736370575040 read: Soy Milk
Thread with TID = 140736402032320 read: Protein Bars
Thread with TID = 140736360089280 read: Green Tea
Thread with TID = 140736391546560 read: Peanut Butter
Thread with TID = 140736112625344 read: Noodles
Thread with TID = 140736144082624 read: Ice Cream
Thread with TID = 140736102139584 read: Coconut Milk
Thread with TID = 140736091653824 read: Canned Soup
Thread with TID = 140736081168064 read: Ground Coffee
Thread with TID = 140736049710784 read: Pumpkin Seeds
Thread with TID = 140736133596864 read: Oats
Thread with TID = 140736039225024 read: Marshmallows
Thread with TID = 140736028739264 read: Quinoa
Thread with TID = 140736070682304 read: Lollipops
Thread with TID = 140736060196544 read: Vegetable Stock
Thread with TID = 140736775325376 read: Tea
Thread with TID = 140736278300352 read: Energy Bars
Thread with TID = 140736246843072 read: Chocolates
Thread with TID = 140736257328832 read: Yogurt
Thread with TID = 140736267814592 read: Pistachios
Thread with TID = 140736236357312 read: Honey
Thread with TID = 140736225871552 read: Walnuts
Thread with TID = 140736018253504 read: Pancake Mix
Thread with TID = 140735997281984 read: Cereal
Thread with TID = 140735965824704 read: Burger Patties
Thread with TID = 140735955338944 read: Black Pepper
Thread with TID = 140735986796224 read: Chia Seeds
Thread with TID = 140735976310464 read: Cheese
Thread with TID = 140736007767744 read: Herbs
Thread with TID = 140735944853184 read: Yeast
