Process PID: 35166
Thread with TID = 132514255472320 read: Sunflower Seeds
Thread with TID = 132514224015040 read: Baking Powder
Thread with TID = 132514244986560 read: Coffee Beans
Thread with TID = 132514213529280 read: Eggs
Thread with TID = 132514068825792 read: Sugar
Thread with TID = 132514192557760 read: Cinnamon
Thread with TID = 132514089797312 read: Fish Fingers
Thread with TID = 132513934608064 read: Hot Sauce
Thread with TID = 132514100283072 read: Dried Fruits
Thread with TID = 132514058340032 read: Stock Cubes
Thread with TID = 132513768933056 read: Popcorn
Thread with TID = 132513779418816 read: Almond Milk
Thread with TID = 132513800390336 read: Raisins
Thread with TID = 132513955579584 read: Pasta
Thread with TID = 132514203043520 read: Canned Beans
Thread with TID = 132513924122304 read: Chicken Stock
Thread with TID = 132513913636544 read: Mints
Thread with TID = 132513758447296 read: Coffee
Thread with TID = 132513831847616 read: Rice Cakes
Thread with TID = 132513821361856 read: Milk
Thread with TID = 132513747961536 read: Canned Fruit
Thread with TID = 132513966065344 read: Cake Mix
Thread with TID = 132513810876096 read: Ketchup
Thread with TID = 132513789904576 read: Soy Sauce
Thread with TID = 132514047854272 read: Wheat Flour
Thread with TID = 132514182072000 read: Chicken Nuggets
Thread with TID = 132513945093824 read: Frozen Vegetables
Thread with TID = 132514234500800 read: Cooking Wine
Thread with TID = 132514079311552 read: Instant Coffee
Thread with TID = 132514265958080 read: Mustard
Thread with TID = 132513563412160 read: Vinegar
Thread with TID = 132513737475776 read: Flavored Water
Thread with TID = 132513552926400 read: Salt
Thread with TID = 132513726990016 read: Soup Mix
Thread with TID = 132513716504256 read: Cashews
Thread with TID = 132513542440640 read: Frozen Pizza
Thread with TID = 132513531954880 read: Turmeric
Thread with TID = 132513521469120 read: Powdered Milk
Thread with TID = 132513458554560 read: Canned Fish
Thread with TID = 132513500497600 read: Frozen Berries
Thread with TID = 132513437583040 read: Herbal Tea
Thread with TID = 132513490011840 read: Tea
Thread with TID = 132513427097280 read: Olive Oil Spray
Thread with TID = 132513406125760 read: Rice
Thread with TID = 132513479526080 read: Spices
Thread with TID = 132513385154240 read: Brownie Mix
Thread with TID = 132513448068800 read: Cookies
Thread with TID = 132513374668480 read: Pickles
Thread with TID = 132513353696960 read: Crackers
Thread with TID = 132513343211200 read: Energy Drinks
Thread with TID = 132513332725440 read: Cooking Oil
Thread with TID = 132513364182720 read: Black Tea
Thread with TID = 132513510983360 read: Almonds
Thread with TID = 132513469040320 read: Jam
Thread with TID = 132513416611520 read: Bread
Thread with TID = 132513395640000 read: Biscuits
Thread with TID = 132513322239680 read: Chips
Thread with TID = 132513301268160 read: Soft Drinks
Thread with TID = 132513269810880 read: Fruit Juice
Thread with TID = 132513311753920 read: Granola Bars
Thread with TID = 132513238353600 read: Chocolate Spread
Thread with TID = 132513206896320 read: Ice Cream
Thread with TID = 132513164953280 read: Coconut Milk
Thread with TID = 132513154467520 read: Canned Soup
Thread with TID = 132513227867840 read: Soy Milk
Thread with TID = 132513143981760 read: Ground Coffee
Thread with TID = 132513175439040 read: Noodles
Thread with TID = 132513133496000 read: Lollipops
Thread with TID = 132513290782400 read: Candies
Thread with TID = 132513280296640 read: Butter
Thread with TID = 132513112524480 read: Pumpkin Seeds
Thread with TID = 132513102038720 read: Marshmallows
Thread with TID = 132513185924800 read: Beef Stock
Thread with TID = 132513259325120 read: Protein Bars
Thread with TID = 132513248839360 read: Peanut Butter
Thread with TID = 132513217382080 read: Green Tea
Thread with TID = 132513091552960 read: Quinoa
Thread with TID = 132513196410560 read: Oats
Thread with TID = 132513081067200 read: Energy Bars
Thread with TID = 132513123010240 read: Vegetable Stock
Thread with TID = 132513070581440 read: Pistachios
Thread with TID = 132513060095680 read: Yogurt
Thread with TID = 132513018152640 read: Pancake Mix
Thread with TID = 132513007666880 read: Herbs
Thread with TID = 132512976209600 read: Cheese
Thread with TID = 132513039124160 read: Honey
Thread with TID = 132513049609920 read: Chocolates
Thread with TID = 132513028638400 read: Walnuts
Thread with TID = 132512997181120 read: Cereal
Thread with TID = 132512965723840 read: Burger Patties
Thread with TID = 132512986695360 read: Chia Seeds
Thread with TID = 132512955238080 read: Black Pepper
Thread with TID = 132512944752320 read: Yeast
