Process PID: 37184
Thread with TID = 133515045766848 read: Coffee Beans
Thread with TID = 133515035281088 read: Cooking Wine
Thread with TID = 133515066738368 read: Mustard
Thread with TID = 133515056252608 read: Sunflower Seeds
Thread with TID = 133515014309568 read: Eggs
Thread with TID = 133514961880768 read: Dried Fruits
Thread with TID = 133514993338048 read: Canned Beans
Thread with TID = 133514951395008 read: Fish Fingers
Thread with TID = 133515024795328 read: Baking Powder
Thread with TID = 133514972366528 read: Chicken Nuggets
Thread with TID = 133514919937728 read: Wheat Flour
Thread with TID = 133514909451968 read: Cake Mix
Thread with TID = 133514982852288 read: Cinnamon
Thread with TID = 133514898966208 read: Pasta
Thread with TID = 133514867508928 read: Chicken Stock
Thread with TID = 133514888480448 read: Frozen Vegetables
Thread with TID = 133514930423488 read: Stock Cubes
Thread with TID = 133514940909248 read: Instant Coffee
Thread with TID = 133515003823808 read: Sugar
Thread with TID = 133514877994688 read: Hot Sauce
Thread with TID = 133514857023168 read: Rice Cakes
Thread with TID = 133514760554176 read: Mints
Thread with TID = 133514708125376 read: Popcorn
Thread with TID = 133514605364928 read: Vinegar
Thread with TID = 133514626336448 read: Coffee
Thread with TID = 133514729096896 read: Soy Sauce
Thread with TID = 133514594879168 read: Flavored Water
Thread with TID = 133514492118720 read: Salt
Thread with TID = 133514846537408 read: Milk
Thread with TID = 133514573907648 read: Cashews
Thread with TID = 133514471147200 read: Turmeric
Thread with TID = 133514584393408 read: Soup Mix
Thread with TID = 133514718611136 read: Almond Milk
Thread with TID = 133514750068416 read: Ketchup
Thread with TID = 133514481632960 read: Frozen Pizza
Thread with TID = 133514739582656 read: Raisins
Thread with TID = 133514615850688 read: Canned Fruit
Thread with TID = 133514460661440 read: Powdered Milk
Thread with TID = 133514450175680 read: Almonds
Thread with TID = 133514439689920 read: Frozen Berries
Thread with TID = 133514326443712 read: Canned Fish
Thread with TID = 133514347415232 read: Spices
Thread with TID = 133514315957952 read: Cookies
Thread with TID = 133514284500672 read: Bread
Thread with TID = 133514263529152 read: Biscuits
Thread with TID = 133514336929472 read: Jam
Thread with TID = 133514357900992 read: Tea
Thread with TID = 133514294986432 read: Olive Oil Spray
Thread with TID = 133514274014912 read: Rice
Thread with TID = 133514305472192 read: Herbal Tea
Thread with TID = 133514253043392 read: Brownie Mix
Thread with TID = 133514242557632 read: Pickles
Thread with TID = 133514232071872 read: Black Tea
Thread with TID = 133514221586112 read: Crackers
Thread with TID = 133514200614592 read: Cooking Oil
Thread with TID = 133514211100352 read: Energy Drinks
Thread with TID = 133514190128832 read: Chips
Thread with TID = 133514179643072 read: Granola Bars
Thread with TID = 133514169157312 read: Soft Drinks
Thread with TID = 133514158671552 read: Candies
Thread with TID = 133514148185792 read: Butter
Thread with TID = 133514137700032 read: Fruit Juice
Thread with TID = 133514127214272 read: Protein Bars
Thread with TID = 133514116728512 read: Peanut Butter
Thread with TID = 133514106242752 read: Chocolate Spread
Thread with TID = 133514095756992 read: Soy Milk
Thread with TID = 133514085271232 read: Green Tea
Thread with TID = 133514074785472 read: Ice Cream
Thread with TID = 133514064299712 read: Oats
Thread with TID = 133514053813952 read: Beef Stock
Thread with TID = 133514043328192 read: Noodles
Thread with TID = 133514032842432 read: Coconut Milk
Thread with TID = 133514022356672 read: Canned Soup
Thread with TID = 133514011870912 read: Ground Coffee
Thread with TID = 133514001385152 read: Lollipops
Thread with TID = 133513990899392 read: Vegetable Stock
Thread with TID = 133513980413632 read: Pumpkin Seeds
Thread with TID = 133513969927872 read: Marshmallows
Thread with TID = 133513959442112 read: Quinoa
Thread with TID = 133513948956352 read: Energy Bars
Thread with TID = 133513938470592 read: Pistachios
Thread with TID = 133513927984832 read: Yogurt
Thread with TID = 133513907013312 read: Honey
Thread with TID = 133513896527552 read: Walnuts
Thread with TID = 133513917499072 read: Chocolates
Thread with TID = 133513886041792 read: Pancake Mix
Thread with TID = 133513875556032 read: Herbs
Thread with TID = 133513865070272 read: Cereal
Thread with TID = 133513854584512 read: Chia Seeds
Thread with TID = 133513844098752 read: Cheese
Thread with TID = 133513833612992 read: Burger Patties
Thread with TID = 133513823127232 read: Black Pepper
Thread with TID = 133513812641472 read: Yeast
