Process PID: 8680
Thread with TID = 124077601720000 read: Cooking Wine
Thread with TID = 124077622691520 read: Sunflower Seeds
Thread with TID = 124077612205760 read: Coffee Beans
Thread with TID = 124077633177280 read: Mustard
Thread with TID = 124077498959552 read: Sugar
Thread with TID = 124077467502272 read: Chicken Nuggets
Thread with TID = 124077488473792 read: Canned Beans
Thread with TID = 124077477988032 read: Cinnamon
Thread with TID = 124077354256064 read: Stock Cubes
Thread with TID = 124077230524096 read: Hot Sauce
Thread with TID = 124077333284544 read: Cake Mix
Thread with TID = 124077241009856 read: Frozen Vegetables
Thread with TID = 124077364741824 read: Instant Coffee
Thread with TID = 124077509445312 read: Eggs
Thread with TID = 124077343770304 read: Wheat Flour
Thread with TID = 124077591234240 read: Baking Powder
Thread with TID = 124077220038336 read: Chicken Stock
Thread with TID = 124077457016512 read: Dried Fruits
Thread with TID = 124077375227584 read: Fish Fingers
Thread with TID = 124077199066816 read: Rice Cakes
Thread with TID = 124077209552576 read: Mints
Thread with TID = 124077188581056 read: Milk
Thread with TID = 124077096306368 read: Raisins
Thread with TID = 124077322798784 read: Pasta
Thread with TID = 124077106792128 read: Ketchup
Thread with TID = 124077085820608 read: Soy Sauce
Thread with TID = 124077075334848 read: Almond Milk
Thread with TID = 124077064849088 read: Popcorn
Thread with TID = 124077054363328 read: Coffee
Thread with TID = 124076972574400 read: Canned Fruit
Thread with TID = 124076838356672 read: Frozen Pizza
Thread with TID = 124076951602880 read: Flavored Water
Thread with TID = 124076796413632 read: Frozen Berries
Thread with TID = 124076827870912 read: Turmeric
Thread with TID = 124076920145600 read: Salt
Thread with TID = 124076941117120 read: Soup Mix
Thread with TID = 124076817385152 read: Powdered Milk
Thread with TID = 124076806899392 read: Almonds
Thread with TID = 124076712527552 read: Bread
Thread with TID = 124076691556032 read: Biscuits
Thread with TID = 124076962088640 read: Vinegar
Thread with TID = 124076702041792 read: Rice
Thread with TID = 124076775442112 read: Spices
Thread with TID = 124076639127232 read: Energy Drinks
Thread with TID = 124076670584512 read: Pickles
Thread with TID = 124076930631360 read: Cashews
Thread with TID = 124076628641472 read: Cooking Oil
Thread with TID = 124076681070272 read: Brownie Mix
Thread with TID = 124076743984832 read: Cookies
Thread with TID = 124076764956352 read: Jam
Thread with TID = 124076618155712 read: Chips
Thread with TID = 124076785927872 read: Tea
Thread with TID = 124076649612992 read: Crackers
Thread with TID = 124076723013312 read: Olive Oil Spray
Thread with TID = 124076754470592 read: Canned Fish
Thread with TID = 124076597184192 read: Soft Drinks
Thread with TID = 124076660098752 read: Black Tea
Thread with TID = 124076492326592 read: Fruit Juice
Thread with TID = 124076586698432 read: Candies
Thread with TID = 124076502812352 read: Butter
Thread with TID = 124076607669952 read: Granola Bars
Thread with TID = 124076481840832 read: Protein Bars
Thread with TID = 124076733499072 read: Herbal Tea
Thread with TID = 124076471355072 read: Peanut Butter
Thread with TID = 124076387468992 read: Coconut Milk
Thread with TID = 124076366497472 read: Ground Coffee
Thread with TID = 124076345525952 read: Vegetable Stock
Thread with TID = 124076376983232 read: Canned Soup
Thread with TID = 124076335040192 read: Pumpkin Seeds
Thread with TID = 124076314068672 read: Quinoa
Thread with TID = 124076356011712 read: Lollipops
Thread with TID = 124076303582912 read: Energy Bars
Thread with TID = 124076460869312 read: Chocolate Spread
Thread with TID = 124076450383552 read: Soy Milk
Thread with TID = 124076439897792 read: Green Tea
Thread with TID = 124076429412032 read: Ice Cream
Thread with TID = 124076293097152 read: Pistachios
Thread with TID = 124076418926272 read: Oats
Thread with TID = 124076408440512 read: Beef Stock
Thread with TID = 124076282611392 read: Yogurt
Thread with TID = 124076397954752 read: Noodles
Thread with TID = 124076324554432 read: Marshmallows
Thread with TID = 124076272125632 read: Chocolates
Thread with TID = 124076261639872 read: Honey
Thread with TID = 124076209211072 read: Chia Seeds
Thread with TID = 124076198725312 read: Cheese
Thread with TID = 124076251154112 read: Walnuts
Thread with TID = 124076240668352 read: Pancake Mix
Thread with TID = 124076230182592 read: Herbs
Thread with TID = 124076219696832 read: Cereal
Thread with TID = 124076177753792 read: Black Pepper
Thread with TID = 124076188239552 read: Burger Patties
Thread with TID = 124076167268032 read: Yeast
