Process PID: 17184
Thread with TID = 135204224108224 read: Cardigan
Thread with TID = 135204050044608 read: Loafers
Thread with TID = 135203934701248 read: Running Shoes
Thread with TID = 135203924215488 read: Overcoat
Thread with TID = 135203892758208 read: Wide-Leg Pants
Thread with TID = 135203913729728 read: Thermal Shirt
Thread with TID = 135204091987648 read: Puffer Jacket
Thread with TID = 135204213622464 read: Cycling Shorts
Thread with TID = 135203903243968 read: Cape Coat
Thread with TID = 135204071016128 read: Windbreaker
Thread with TID = 135204192650944 read: Kimono
Thread with TID = 135203945187008 read: Flip Flops
Thread with TID = 135204203136704 read: Fanny Pack
Thread with TID = 135204171679424 read: Blouse
Thread with TID = 135204182165184 read: Blazer
Thread with TID = 135204081501888 read: Parkas
Thread with TID = 135204060530368 read: Hiking Boots
Thread with TID = 135204039558848 read: Down Jacket
Thread with TID = 135204029073088 read: Cropped Jeans
Thread with TID = 135204018587328 read: Baseball Cap
Thread with TID = 135203976644288 read: Chinos
Thread with TID = 135203955672768 read: Gloves
Thread with TID = 135203871786688 read: Sneakers
Thread with TID = 135203966158528 read: Blouse with Frills
Thread with TID = 135204008101568 read: Biker Jacket
Thread with TID = 135203997615808 read: Bathrobe
Thread with TID = 135203987130048 read: Maxi Dress
Thread with TID = 135203861300928 read: Rompers
Thread with TID = 135203882272448 read: Wrap Dress
Thread with TID = 135203850815168 read: Denim Jacket
Thread with TID = 135203704014528 read: Tights
Thread with TID = 135203311847104 read: Ruffle Top
Thread with TID = 135203121006272 read: Sports Bra
Thread with TID = 135203110520512 read: Jumpsuit
Thread with TID = 135202930165440 read: Pajamas
Thread with TID = 135203100034752 read: Ballet Flats
Thread with TID = 135202940651200 read: Moccasins
Thread with TID = 135202898708160 read: Cargo Pants
Thread with TID = 135202707867328 read: Formal Shirt
Thread with TID = 135202718353088 read: Dress
Thread with TID = 135202697381568 read: Hat
Thread with TID = 135203840329408 read: Bikini
Thread with TID = 135203735471808 read: Sun Hat
Thread with TID = 135203745957568 read: Tank Top
Thread with TID = 135203756443328       (read and found): ((Jeans))
Thread with TID = 135202951136960 read: Jacket
Thread with TID = 135202294728384 read: Shorts
Thread with TID = 135203544630976 read: Bolero
Thread with TID = 135203353790144 read: Beach Cover-Up
Thread with TID = 135203502687936 read: Overalls
Thread with TID = 135203724986048 read: Leather Jacket
Thread with TID = 135203714500288 read: Visor
Thread with TID = 135203534145216 read: Slippers
Thread with TID = 135202909193920 read: Sweater
Thread with TID = 135203131492032 read: Hoodie
Thread with TID = 135203141977792 read: Socks
Thread with TID = 135203152463552 read: Suit
Thread with TID = 135203301361344 read: Skirt
Thread with TID = 135203343304384 read: Heels
Thread with TID = 135202919679680 read: Tuxedo
Thread with TID = 135203322332864 read: Caftan
Thread with TID = 135202548483776 read: Poncho
Thread with TID = 135203513173696 read: Raincoat
Thread with TID = 135202517026496 read: Swimsuit
Thread with TID = 135202728838848 read: Polo Shirt
Thread with TID = 135203555116736 read: Shrug
Thread with TID = 135202749810368 read: V-Neck Sweater
Thread with TID = 135202537998016 read: Tracksuit
Thread with TID = 135202336671424 read: Infinity Scarf
Thread with TID = 135202315699904 read: Sandals
Thread with TID = 135202347157184 read: Off-Shoulder Dress
Thread with TID = 135202739324608 read: Peacoat
Thread with TID = 135202305214144 read: Bucket Hat
Thread with TID = 135202527512256 read: Leggings
Thread with TID = 135202506540736 read: WhiteShoes
Thread with TID = 135202326185664 read: T-shirt
Thread with TID = 135202496054976 read: Scarf
Thread with TID = 135203523659456 read: Ankle Boots
Thread with TID = 135203332818624 read: Pleated Skirt
