Process PID: 4345
Thread with TID = 138817795262144 read: Gloves
Thread with TID = 138817837205184 read: Bathrobe
Thread with TID = 138817816233664 read: Chinos
Thread with TID = 138817847690944 read: Biker Jacket
Thread with TID = 138817805747904 read: Blouse with Frills
Thread with TID = 138817868662464 read: Cropped Jeans
Thread with TID = 138817858176704 read: Baseball Cap
Thread with TID = 138817826719424 read: Maxi Dress
Thread with TID = 138817921091264 read: Parkas
Thread with TID = 138817900119744 read: Hiking Boots
Thread with TID = 138817994491584 read: Cardigan
Thread with TID = 138817931577024 read: Puffer Jacket
Thread with TID = 138817984005824 read: Cycling Shorts
Thread with TID = 138817774290624 read: Running Shoes
Thread with TID = 138817753319104 read: Thermal Shirt
Thread with TID = 138817382123200 read: Bolero
Thread with TID = 138817212253888 read: Raincoat
Thread with TID = 138817434552000 read: Sun Hat
Thread with TID = 138817732347584 read: Wide-Leg Pants
Thread with TID = 138817742833344 read: Cape Coat
Thread with TID = 138817625392832 read: Rompers
Thread with TID = 138817614907072 read: Denim Jacket
Thread with TID = 138817403094720 read: Tights
Thread with TID = 138817721861824 read: Wrap Dress
Thread with TID = 138817763804864 read: Overcoat
Thread with TID = 138817392608960 read: Shrug
Thread with TID = 138816809600704 read: Jumpsuit
Thread with TID = 138817635878592 read: Sneakers
Thread with TID = 138817424066240 read: Leather Jacket
Thread with TID = 138817413580480 read: Visor
Thread with TID = 138817593935552       (read and found): ((Jeans))
Thread with TID = 138817604421312 read: Bikini
Thread with TID = 138817583449792 read: Tank Top
Thread with TID = 138817222739648 read: Ankle Boots
Thread with TID = 138817233225408 read: Slippers
Thread with TID = 138816576816832 read: Peacoat
Thread with TID = 138816989955776 read: Suit
Thread with TID = 138817180796608 read: Heels
Thread with TID = 138817191282368 read: Beach Cover-Up
Thread with TID = 138817201768128 read: Overalls
Thread with TID = 138817021413056 read: Caftan
Thread with TID = 138816820086464 read: Sports Bra
Thread with TID = 138816799114944 read: Ballet Flats
Thread with TID = 138816629245632 read: Pajamas
Thread with TID = 138816597788352 read: Cargo Pants
Thread with TID = 138817010927296 read: Ruffle Top
Thread with TID = 138816830572224 read: Hoodie
Thread with TID = 138816979470016 read: Socks
Thread with TID = 138816788629184 read: Jacket
Thread with TID = 138816778143424 read: Moccasins
Thread with TID = 138817031898816 read: Pleated Skirt
Thread with TID = 138816427919040 read: Polo Shirt
Thread with TID = 138817000441536 read: Skirt
Thread with TID = 138816174163648 read: Infinity Scarf
Thread with TID = 138816618759872 read: Tuxedo
Thread with TID = 138816587302592 read: V-Neck Sweater
Thread with TID = 138816608274112 read: Sweater
Thread with TID = 138816417433280 read: Dress
Thread with TID = 138816406947520 read: Formal Shirt
Thread with TID = 138816262244032 read: Scarf
Thread with TID = 138816251758272 read: Off-Shoulder Dress
Thread with TID = 138816272729792 read: WhiteShoes
Thread with TID = 138816283215552 read: Swimsuit
Thread with TID = 138816220300992 read: Bucket Hat
Thread with TID = 138816241272512 read: T-shirt
Thread with TID = 138816385976000 read: Poncho
Thread with TID = 138816375490240 read: Tracksuit
Thread with TID = 138816396461760 read: Hat
Thread with TID = 138816293701312 read: Leggings
Thread with TID = 138816209815232 read: Shorts
Thread with TID = 138816230786752 read: Sandals
Thread with TID = 138817963034304 read: Kimono
Thread with TID = 138817973520064 read: Fanny Pack
Thread with TID = 138817952548544 read: Blazer
Thread with TID = 138817910605504 read: Windbreaker
Thread with TID = 138817879148224 read: Down Jacket
Thread with TID = 138817889633984 read: Loafers
Thread with TID = 138817784776384 read: Flip Flops
Thread with TID = 138817942062784 read: Blouse
