Process PID: 12848
Thread with TID = 126657832683200 read: Cardigan
Thread with TID = 126657780254400 read: Blouse
Thread with TID = 126657801225920 read: Kimono
Thread with TID = 126657738311360 read: Hiking Boots
Thread with TID = 126657717339840 read: Down Jacket
Thread with TID = 126657727825600 read: Loafers
Thread with TID = 126657696368320 read: Baseball Cap
Thread with TID = 126657748797120 read: Windbreaker
Thread with TID = 126657759282880 read: Parkas
Thread with TID = 126657811711680 read: Fanny Pack
Thread with TID = 126657706854080 read: Cropped Jeans
Thread with TID = 126657769768640 read: Puffer Jacket
Thread with TID = 126657822197440 read: Cycling Shorts
Thread with TID = 126657685882560 read: Biker Jacket
Thread with TID = 126657790740160 read: Blazer
Thread with TID = 126657675396800 read: Bathrobe
Thread with TID = 126657121748672 read: Leather Jacket
Thread with TID = 126656729581248 read: Pleated Skirt
Thread with TID = 126657153205952       (read and found): ((Jeans))
Thread with TID = 126657354532544 read: Wide-Leg Pants
Thread with TID = 126657163691712 read: Bikini
Thread with TID = 126657323075264 read: Rompers
Thread with TID = 126657174177472 read: Denim Jacket
Thread with TID = 126657365018304 read: Cape Coat
Thread with TID = 126657375504064 read: Thermal Shirt
Thread with TID = 126657333561024 read: Sneakers
Thread with TID = 126656740067008 read: Heels
Thread with TID = 126656719095488 read: Caftan
Thread with TID = 126656570197696 read: Ruffle Top
Thread with TID = 126656559711936 read: Skirt
Thread with TID = 126656549226176 read: Suit
Thread with TID = 126657142720192 read: Tank Top
Thread with TID = 126656538740416 read: Socks
Thread with TID = 126656972850880 read: Visor
Thread with TID = 126657132234432 read: Sun Hat
Thread with TID = 126656962365120 read: Tights
Thread with TID = 126656951879360 read: Shrug
Thread with TID = 126656941393600 read: Bolero
Thread with TID = 126656930907840 read: Slippers
Thread with TID = 126657344046784 read: Wrap Dress
Thread with TID = 126657524401856 read: Overcoat
Thread with TID = 126656920422080 read: Ankle Boots
Thread with TID = 126657576830656 read: Chinos
Thread with TID = 126656771524288 read: Raincoat
Thread with TID = 126657664911040 read: Maxi Dress
Thread with TID = 126656347899584 read: Jacket
Thread with TID = 126657555859136 read: Gloves
Thread with TID = 126656146572992 read: V-Neck Sweater
Thread with TID = 126656761038528 read: Overalls
Thread with TID = 126656115115712 read: Dress
Thread with TID = 126656104629952 read: Formal Shirt
Thread with TID = 126656358385344 read: Ballet Flats
Thread with TID = 126656528254656 read: Hoodie
Thread with TID = 126656517768896 read: Sports Bra
Thread with TID = 126656368871104 read: Jumpsuit
Thread with TID = 126656062686912 read: Leggings
Thread with TID = 126655989286592 read: Sandals
Thread with TID = 126656750552768 read: Beach Cover-Up
Thread with TID = 126657545373376 read: Flip Flops
Thread with TID = 126656052201152 read: Swimsuit
Thread with TID = 126657566344896 read: Blouse with Frills
Thread with TID = 126656010258112 read: Infinity Scarf
Thread with TID = 126656031229632 read: Scarf
Thread with TID = 126656157058752 read: Cargo Pants
Thread with TID = 126656136087232 read: Peacoat
Thread with TID = 126656167544512 read: Sweater
Thread with TID = 126656073172672 read: Tracksuit
Thread with TID = 126656041715392 read: WhiteShoes
Thread with TID = 126656020743872 read: Off-Shoulder Dress
Thread with TID = 126657534887616 read: Running Shoes
Thread with TID = 126655999772352 read: T-shirt
Thread with TID = 126655978800832 read: Bucket Hat
Thread with TID = 126656083658432 read: Poncho
Thread with TID = 126656326928064 read: Pajamas
Thread with TID = 126655968315072 read: Shorts
Thread with TID = 126656316442304 read: Tuxedo
Thread with TID = 126656337413824 read: Moccasins
Thread with TID = 126656125601472 read: Polo Shirt
Thread with TID = 126656094144192 read: Hat
