Process PID: 11194
Thread with TID = 125316433446592 read: Skirt
Thread with TID = 125316422960832 read: Slippers
Thread with TID = 125316412475072 read: Shorts
Thread with TID = 125316401989312 read: Peacoat
Thread with TID = 125316391503552 read: Blazer
Thread with TID = 125316381017792 read: Thermal Shirt
Thread with TID = 125316370532032 read: Parkas
Thread with TID = 125316271965888 read: Infinity Scarf
Thread with TID = 125316360046272 read: Tracksuit
Thread with TID = 125316261480128 read: Bucket Hat
Thread with TID = 125316250994368 read: Bathrobe
Thread with TID = 125316240508608 read: Bolero
Thread with TID = 125316230022848 read: Denim Jacket
Thread with TID = 125316219537088 read: Ankle Boots
Thread with TID = 125316116776640 read: Hoodie
Thread with TID = 125316106290880 read: Leggings
Thread with TID = 125316043376320 read: Caftan
Thread with TID = 125316085319360       (read and found): ((Jeans))
Thread with TID = 125316053862080 read: Biker Jacket
Thread with TID = 125315969976000 read: Moccasins
Thread with TID = 125315990947520 read: Cape Coat
Thread with TID = 125316095805120 read: Tuxedo
Thread with TID = 125315959490240 read: Jacket
Thread with TID = 125316001433280 read: Baseball Cap
Thread with TID = 125315928032960 read: Scarf
Thread with TID = 125315917547200 read: Sun Hat
Thread with TID = 125315938518720 read: Wrap Dress
Thread with TID = 125315886089920 read: Puffer Jacket
Thread with TID = 125316064347840 read: Poncho
Thread with TID = 125316074833600 read: Loafers
Thread with TID = 125315907061440 read: Dress
Thread with TID = 125316032890560 read: Wide-Leg Pants
Thread with TID = 125316022404800 read: Down Jacket
Thread with TID = 125315854632640 read: Jumpsuit
Thread with TID = 125315865118400 read: Chinos
Thread with TID = 125316011919040 read: Rompers
Thread with TID = 125315980461760 read: Cargo Pants
Thread with TID = 125315875604160 read: Blouse with Frills
Thread with TID = 125315896575680 read: Swimsuit
Thread with TID = 125315844146880 read: Sandals
Thread with TID = 125315949004480 read: WhiteShoes
Thread with TID = 125316137748160 read: Pleated Skirt
Thread with TID = 125316127262400 read: Suit
Thread with TID = 125315833661120 read: Hiking Boots
Thread with TID = 125315823175360 read: Socks
Thread with TID = 125315735094976 read: Tank Top
Thread with TID = 125315714123456 read: Heels
Thread with TID = 125315693151936 read: Hat
Thread with TID = 125315724609216 read: Cropped Jeans
Thread with TID = 125315600877248 read: Shrug
Thread with TID = 125315703637696 read: Bikini
Thread with TID = 125315579905728 read: T-shirt
Thread with TID = 125315682666176 read: Visor
Thread with TID = 125315569419968 read: Cycling Shorts
Thread with TID = 125315590391488 read: Raincoat
Thread with TID = 125315558934208 read: Polo Shirt
Thread with TID = 125315548448448 read: Windbreaker
Thread with TID = 125315435202240 read: V-Neck Sweater
Thread with TID = 125315414230720 read: Sweater
Thread with TID = 125315330344640 read: Kimono
Thread with TID = 125315319858880 read: Leather Jacket
Thread with TID = 125315403744960 read: Formal Shirt
Thread with TID = 125315445688000 read: Sports Bra
Thread with TID = 125315393259200 read: Maxi Dress
Thread with TID = 125315309373120 read: Running Shoes
Thread with TID = 125315456173760 read: Blouse
Thread with TID = 125315340830400 read: Off-Shoulder Dress
Thread with TID = 125315382773440 read: Ballet Flats
Thread with TID = 125315298887360 read: Cardigan
Thread with TID = 125315351316160 read: Fanny Pack
Thread with TID = 125315372287680 read: Overalls
Thread with TID = 125315424716480 read: Sneakers
Thread with TID = 125315466659520 read: Flip Flops
Thread with TID = 125315277915840 read: Overcoat
Thread with TID = 125315288401600 read: Tights
Thread with TID = 125315361801920 read: Beach Cover-Up
Thread with TID = 125315267430080 read: Gloves
Thread with TID = 125315246458560 read: Ruffle Top
Thread with TID = 125315256944320 read: Pajamas
