Process PID: 13359
Thread with TID = 134536375568064 read: Skirt
Thread with TID = 134536344110784 read: Peacoat
Thread with TID = 134536333625024 read: Blazer
Thread with TID = 134536281196224 read: Bucket Hat
Thread with TID = 134536291681984 read: Infinity Scarf
Thread with TID = 134536365082304 read: Slippers
Thread with TID = 134536218281664 read: Suit
Thread with TID = 134536312653504 read: Parkas
Thread with TID = 134536260224704 read: Bolero
Thread with TID = 134536354596544 read: Shorts
Thread with TID = 134536323139264 read: Thermal Shirt
Thread with TID = 134536302167744 read: Tracksuit
Thread with TID = 134536270710464 read: Bathrobe
Thread with TID = 134536228767424 read: Pleated Skirt
Thread with TID = 134536249738944 read: Denim Jacket
Thread with TID = 134536239253184 read: Ankle Boots
Thread with TID = 134536079869632 read: Poncho
Thread with TID = 134536207795904 read: Hoodie
Thread with TID = 134536069383872 read: Biker Jacket
Thread with TID = 134536197310144 read: Leggings
Thread with TID = 134536058898112 read: Caftan
Thread with TID = 134536090355392 read: Loafers
Thread with TID = 134536186824384 read: Tuxedo
Thread with TID = 134536176338624       (read and found): ((Jeans))
Thread with TID = 134536048412352 read: Wide-Leg Pants
Thread with TID = 134536037926592 read: Down Jacket
Thread with TID = 134535945651904 read: Baseball Cap
Thread with TID = 134535924680384 read: Cargo Pants
Thread with TID = 134535914194624 read: Moccasins
Thread with TID = 134535935166144 read: Cape Coat
Thread with TID = 134535956137664 read: Rompers
Thread with TID = 134535903708864 read: Jacket
Thread with TID = 134535893223104 read: WhiteShoes
Thread with TID = 134535882737344 read: Wrap Dress
Thread with TID = 134535872251584 read: Scarf
Thread with TID = 134535851280064 read: Dress
Thread with TID = 134535840794304 read: Swimsuit
Thread with TID = 134535830308544 read: Puffer Jacket
Thread with TID = 134535777879744 read: Hiking Boots
Thread with TID = 134535788365504 read: Sandals
Thread with TID = 134535756908224 read: Tank Top
Thread with TID = 134535767393984 read: Socks
Thread with TID = 134535861765824 read: Sun Hat
Thread with TID = 134535746422464 read: Cropped Jeans
Thread with TID = 134535809337024 read: Chinos
Thread with TID = 134535819822784 read: Blouse with Frills
Thread with TID = 134535725450944 read: Bikini
Thread with TID = 134535620593344 read: Shrug
Thread with TID = 134535704479424 read: Visor
Thread with TID = 134535714965184 read: Hat
Thread with TID = 134535217940160 read: Flip Flops
Thread with TID = 134535196968640 read: Sports Bra
Thread with TID = 134535568164544 read: Windbreaker
Thread with TID = 134535175997120 read: Sneakers
Thread with TID = 134535186482880 read: V-Neck Sweater
Thread with TID = 134535735936704 read: Heels
Thread with TID = 134535589136064 read: Cycling Shorts
Thread with TID = 134535578650304 read: Polo Shirt
Thread with TID = 134535207454400 read: Blouse
Thread with TID = 134535610107584 read: Raincoat
Thread with TID = 134535599621824 read: T-shirt
Thread with TID = 134535352157888 read: Sweater
Thread with TID = 134535341672128 read: Formal Shirt
Thread with TID = 134535798851264 read: Jumpsuit
Thread with TID = 134535331186368 read: Maxi Dress
Thread with TID = 134535320700608 read: Ballet Flats
Thread with TID = 134535310214848 read: Overalls
Thread with TID = 134535299729088 read: Beach Cover-Up
Thread with TID = 134535165511360 read: Fanny Pack
Thread with TID = 134535083722432 read: Off-Shoulder Dress
Thread with TID = 134535052265152 read: Running Shoes
Thread with TID = 134535073236672 read: Kimono
Thread with TID = 134535062750912 read: Leather Jacket
Thread with TID = 134535041779392 read: Cardigan
Thread with TID = 134535031293632 read: Tights
Thread with TID = 134535020807872 read: Overcoat
Thread with TID = 134534999836352 read: Pajamas
Thread with TID = 134535010322112 read: Gloves
Thread with TID = 134534989350592 read: Ruffle Top
