Process PID: 8954
Thread with TID = 137040484107968 read: Blazer
Thread with TID = 137040442164928 read: Infinity Scarf
Thread with TID = 137040463136448 read: Parkas
Thread with TID = 137040303752896 read: Pleated Skirt
Thread with TID = 137040293267136 read: Suit
Thread with TID = 137040494593728 read: Peacoat
Thread with TID = 137040505079488 read: Shorts
Thread with TID = 137040431679168 read: Bucket Hat
Thread with TID = 137040314238656 read: Ankle Boots
Thread with TID = 137040452650688 read: Tracksuit
Thread with TID = 137040421193408 read: Bathrobe
Thread with TID = 137040410707648 read: Bolero
Thread with TID = 137040324724416 read: Denim Jacket
Thread with TID = 137040473622208 read: Thermal Shirt
Thread with TID = 137040190506688 read: Hoodie
Thread with TID = 137040526051008 read: Skirt
Thread with TID = 137040515565248 read: Slippers
Thread with TID = 137040148563648 read: Biker Jacket
Thread with TID = 137040159049408 read: Poncho
Thread with TID = 137040035317440 read: Rompers
Thread with TID = 137040138077888 read: Caftan
Thread with TID = 137040282781376 read: Leggings
Thread with TID = 137040056288960 read: Wide-Leg Pants
Thread with TID = 137040180020928       (read and found): ((Jeans))
Thread with TID = 137040024831680 read: Baseball Cap
Thread with TID = 137040045803200 read: Down Jacket
Thread with TID = 137040272295616 read: Tuxedo
Thread with TID = 137040003860160 read: Cargo Pants
Thread with TID = 137040169535168 read: Loafers
Thread with TID = 137040014345920 read: Cape Coat
Thread with TID = 137039922071232 read: Moccasins
Thread with TID = 137039880128192 read: Scarf
Thread with TID = 137039787853504 read: Dress
Thread with TID = 137039777367744 read: Swimsuit
Thread with TID = 137039869642432 read: Sun Hat
Thread with TID = 137039901099712 read: WhiteShoes
Thread with TID = 137039890613952 read: Wrap Dress
Thread with TID = 137039911585472 read: Jacket
Thread with TID = 137039766881984 read: Puffer Jacket
Thread with TID = 137039714453184 read: Hiking Boots
Thread with TID = 137039756396224 read: Blouse with Frills
Thread with TID = 137039682995904 read: Cropped Jeans
Thread with TID = 137039745910464 read: Chinos
Thread with TID = 137039735424704 read: Jumpsuit
Thread with TID = 137039724938944 read: Sandals
Thread with TID = 137039703967424 read: Socks
Thread with TID = 137039693481664 read: Tank Top
Thread with TID = 137039578138304 read: Windbreaker
Thread with TID = 137039651538624 read: Hat
Thread with TID = 137039620081344 read: Raincoat
Thread with TID = 137039567652544 read: Flip Flops
Thread with TID = 137039609595584 read: T-shirt
Thread with TID = 137039662024384 read: Bikini
Thread with TID = 137039630567104 read: Shrug
Thread with TID = 137039641052864 read: Visor
Thread with TID = 137039588624064 read: Polo Shirt
Thread with TID = 137039672510144 read: Heels
Thread with TID = 137039599109824 read: Cycling Shorts
Thread with TID = 137039557166784 read: Blouse
Thread with TID = 137039546681024 read: Sports Bra
Thread with TID = 137039536195264 read: V-Neck Sweater
Thread with TID = 137039525709504 read: Sneakers
Thread with TID = 137039515223744 read: Sweater
Thread with TID = 137039494252224 read: Maxi Dress
Thread with TID = 137039483766464 read: Ballet Flats
Thread with TID = 137039504737984 read: Formal Shirt
Thread with TID = 137039462794944 read: Beach Cover-Up
Thread with TID = 137039473280704 read: Overalls
Thread with TID = 137039452309184 read: Fanny Pack
Thread with TID = 137039441823424 read: Off-Shoulder Dress
Thread with TID = 137039431337664 read: Kimono
Thread with TID = 137039420851904 read: Leather Jacket
Thread with TID = 137039399880384 read: Cardigan
Thread with TID = 137039389394624 read: Tights
Thread with TID = 137039378908864 read: Overcoat
Thread with TID = 137039410366144 read: Running Shoes
Thread with TID = 137039368423104 read: Gloves
Thread with TID = 137039357937344 read: Pajamas
Thread with TID = 137039347451584 read: Ruffle Top
