Process PID: 15539
Thread with TID = 138243706193600 read: Slippers
Thread with TID = 138243716679360 read: Skirt
Thread with TID = 138243622307520 read: Bucket Hat
Thread with TID = 138243601336000 read: Bolero
Thread with TID = 138243632793280 read: Infinity Scarf
Thread with TID = 138243695707840 read: Shorts
Thread with TID = 138243643279040 read: Tracksuit
Thread with TID = 138243611821760 read: Bathrobe
Thread with TID = 138243548907200 read: Hoodie
Thread with TID = 138243580364480 read: Ankle Boots
Thread with TID = 138243653764800 read: Parkas
Thread with TID = 138243674736320 read: Blazer
Thread with TID = 138243538421440 read: Leggings
Thread with TID = 138243527935680 read: Tuxedo
Thread with TID = 138243685222080 read: Peacoat
Thread with TID = 138243590850240 read: Denim Jacket
Thread with TID = 138243569878720 read: Pleated Skirt
Thread with TID = 138243506964160 read: Loafers
Thread with TID = 138243517449920       (read and found): ((Jeans))
Thread with TID = 138243496478400 read: Poncho
Thread with TID = 138243475506880 read: Caftan
Thread with TID = 138243385329344 read: Down Jacket
Thread with TID = 138243559392960 read: Suit
Thread with TID = 138243364357824 read: Baseball Cap
Thread with TID = 138243374843584 read: Rompers
Thread with TID = 138243465021120 read: Wide-Leg Pants
Thread with TID = 138243353872064 read: Cape Coat
Thread with TID = 138243664250560 read: Thermal Shirt
Thread with TID = 138243485992640 read: Biker Jacket
Thread with TID = 138243184002752 read: Jacket
Thread with TID = 138243332900544 read: Moccasins
Thread with TID = 138243343386304 read: Cargo Pants
Thread with TID = 138243163031232 read: Wrap Dress
Thread with TID = 138243173516992 read: WhiteShoes
Thread with TID = 138243152545472 read: Scarf
Thread with TID = 138243131573952 read: Dress
Thread with TID = 138242915567296 read: Swimsuit
Thread with TID = 138243142059712 read: Sun Hat
Thread with TID = 138242894595776 read: Blouse with Frills
Thread with TID = 138242905081536 read: Puffer Jacket
Thread with TID = 138242873624256 read: Jumpsuit
Thread with TID = 138242884110016 read: Chinos
Thread with TID = 138242852652736 read: Hiking Boots
Thread with TID = 138242842166976 read: Socks
Thread with TID = 138242863138496 read: Sandals
Thread with TID = 138242800223936 read: Bikini
Thread with TID = 138242821195456 read: Cropped Jeans
Thread with TID = 138242779252416 read: Visor
Thread with TID = 138242810709696 read: Heels
Thread with TID = 138242831681216 read: Tank Top
Thread with TID = 138242747795136       (read and found): ((T-shirt))
Thread with TID = 138242737309376 read: Cycling Shorts
Thread with TID = 138242789738176       (read and found): ((Hat))
Thread with TID = 138242768766656 read: Shrug
Thread with TID = 138242726823616 read: Polo Shirt
Thread with TID = 138242716337856 read: Windbreaker
Thread with TID = 138242758280896 read: Raincoat
Thread with TID = 138242663909056 read: Sneakers
Thread with TID = 138242705852096 read: Flip Flops
Thread with TID = 138242642937536 read: Formal Shirt
Thread with TID = 138242580022976 read: Off-Shoulder Dress
Thread with TID = 138242684880576 read: Sports Bra
Thread with TID = 138242569537216 read: Kimono
Thread with TID = 138242611480256 read: Overalls
Thread with TID = 138242600994496 read: Beach Cover-Up
Thread with TID = 138242674394816 read: V-Neck Sweater
Thread with TID = 138242653423296 read: Sweater
Thread with TID = 138242621966016 read: Ballet Flats
Thread with TID = 138242559051456 read: Leather Jacket
Thread with TID = 138242590508736 read: Fanny Pack
Thread with TID = 138242632451776 read: Maxi Dress
Thread with TID = 138242548565696 read: Running Shoes
Thread with TID = 138242695366336 read: Blouse
Thread with TID = 138242496136896 read: Pajamas
Thread with TID = 138242538079936 read: Cardigan
Thread with TID = 138242527594176 read: Tights
Thread with TID = 138242517108416 read: Overcoat
Thread with TID = 138242506622656 read: Gloves
Thread with TID = 138242485651136 read: Ruffle Top
