Process PID: 6168
Thread with TID = 125075932055232 read: Skirt
Thread with TID = 125075816711872 read: Bolero
Thread with TID = 125075858654912 read: Tracksuit
Thread with TID = 125075879626432 read: Thermal Shirt
Thread with TID = 125075795740352 read: Ankle Boots
Thread with TID = 125075785254592 read: Pleated Skirt
Thread with TID = 125075686688448 read: Hoodie
Thread with TID = 125075774768832 read: Suit
Thread with TID = 125075634259648 read: Poncho
Thread with TID = 125075531499200 read: Wide-Leg Pants
Thread with TID = 125075644745408 read: Loafers
Thread with TID = 125075552470720 read: Biker Jacket
Thread with TID = 125075541984960 read: Caftan
Thread with TID = 125075676202688 read: Leggings
Thread with TID = 125075418252992 read: Cape Coat
Thread with TID = 125075521013440 read: Down Jacket
Thread with TID = 125075510527680 read: Rompers
Thread with TID = 125075407767232 read: Cargo Pants
Thread with TID = 125075323881152 read: Swimsuit
Thread with TID = 125075376309952 read: WhiteShoes
Thread with TID = 125075313395392 read: Puffer Jacket
Thread with TID = 125075500041920 read: Baseball Cap
Thread with TID = 125075302909632 read: Blouse with Frills
Thread with TID = 125075334366912 read: Dress
Thread with TID = 125075397281472 read: Moccasins
Thread with TID = 125075386795712 read: Jacket
Thread with TID = 125075365824192 read: Wrap Dress
Thread with TID = 125075355338432 read: Scarf
Thread with TID = 125075281938112 read: Jumpsuit
Thread with TID = 125075665716928 read: Tuxedo
Thread with TID = 125075655231168       (read and found): ((Jeans))
Thread with TID = 125075344852672 read: Sun Hat
Thread with TID = 125075292423872 read: Chinos
Thread with TID = 125075869140672 read: Parkas
Thread with TID = 125075806226112 read: Denim Jacket
Thread with TID = 125075900597952 read: Peacoat
Thread with TID = 125075921569472 read: Slippers
Thread with TID = 125075848169152 read: Infinity Scarf
Thread with TID = 125075911083712 read: Shorts
Thread with TID = 125075890112192 read: Blazer
Thread with TID = 125075250480832 read: Socks
Thread with TID = 125075260966592 read: Hiking Boots
Thread with TID = 125075239995072 read: Tank Top
Thread with TID = 125075149817536 read: Heels
Thread with TID = 125075139331776 read: Bikini
Thread with TID = 125075229509312 read: Cropped Jeans
Thread with TID = 125075827197632 read: Bathrobe
Thread with TID = 125075837683392 read: Bucket Hat
Thread with TID = 125075271452352 read: Sandals
Thread with TID = 125075097388736 read: Raincoat
Thread with TID = 125075118360256 read: Visor
Thread with TID = 125075107874496 read: Shrug
Thread with TID = 125075128846016       (read and found): ((Hat))
Thread with TID = 125074984142528 read: Windbreaker
Thread with TID = 125075015599808       (read and found): ((T-shirt))
Thread with TID = 125075005114048 read: Cycling Shorts
Thread with TID = 125074994628288 read: Polo Shirt
Thread with TID = 125074973656768 read: Flip Flops
Thread with TID = 125074963171008 read: Blouse
Thread with TID = 125074860410560 read: Sneakers
Thread with TID = 125074881382080 read: Sports Bra
Thread with TID = 125074839439040 read: Formal Shirt
Thread with TID = 125074849924800 read: Sweater
Thread with TID = 125074870896320 read: V-Neck Sweater
Thread with TID = 125074747164352 read: Ballet Flats
Thread with TID = 125074828953280 read: Maxi Dress
Thread with TID = 125074726192832 read: Beach Cover-Up
Thread with TID = 125074715707072 read: Fanny Pack
Thread with TID = 125074705221312 read: Off-Shoulder Dress
Thread with TID = 125074694735552 read: Kimono
Thread with TID = 125074591975104 read: Cardigan
Thread with TID = 125074581489344 read: Tights
Thread with TID = 125074602460864 read: Running Shoes
Thread with TID = 125074612946624 read: Leather Jacket
Thread with TID = 125074571003584 read: Overcoat
Thread with TID = 125074736678592 read: Overalls
Thread with TID = 125074478728896 read: Pajamas
Thread with TID = 125074468243136 read: Ruffle Top
Thread with TID = 125074560517824 read: Gloves
