Process PID: 18028
Thread with TID = 132214362736320 read: Bolero
Thread with TID = 132214341764800 read: Ankle Boots
Thread with TID = 132214331279040 read: Pleated Skirt
Thread with TID = 132214478079680 read: Skirt
Thread with TID = 132214467593920 read: Slippers
Thread with TID = 132214457108160 read: Shorts
Thread with TID = 132214446622400 read: Peacoat
Thread with TID = 132214436136640 read: Blazer
Thread with TID = 132214425650880 read: Thermal Shirt
Thread with TID = 132214415165120 read: Parkas
Thread with TID = 132214404679360 read: Tracksuit
Thread with TID = 132214190769856 read: Suit
Thread with TID = 132214394193600 read: Infinity Scarf
Thread with TID = 132214310307520 read: Leggings
Thread with TID = 132214278850240 read: Loafers
Thread with TID = 132214169798336 read: Biker Jacket
Thread with TID = 132214383707840 read: Bucket Hat
Thread with TID = 132214320793280 read: Hoodie
Thread with TID = 132214373222080 read: Bathrobe
Thread with TID = 132214299821760 read: Tuxedo
Thread with TID = 132214289336000       (read and found): ((Jeans))
Thread with TID = 132214148826816 read: Down Jacket
Thread with TID = 132214159312576 read: Wide-Leg Pants
Thread with TID = 132214138341056 read: Rompers
Thread with TID = 132214025094848 read: Caftan
Thread with TID = 132214352250560 read: Denim Jacket
Thread with TID = 132214180284096 read: Poncho
Thread with TID = 132214056552128 read: Baseball Cap
Thread with TID = 132214046066368 read: Cape Coat
Thread with TID = 132213901362880 read: Scarf
Thread with TID = 132213890877120 read: Sun Hat
Thread with TID = 132213869905600 read: Swimsuit
Thread with TID = 132214035580608 read: Cargo Pants
Thread with TID = 132214014609088 read: Moccasins
Thread with TID = 132213777630912 read: Blouse with Frills
Thread with TID = 132214004123328 read: Jacket
Thread with TID = 132213767145152 read: Chinos
Thread with TID = 132213922334400 read: WhiteShoes
Thread with TID = 132213911848640 read: Wrap Dress
Thread with TID = 132213880391360 read: Dress
Thread with TID = 132213788116672 read: Puffer Jacket
Thread with TID = 132213735687872 read: Hiking Boots
Thread with TID = 132213653898944 read: Socks
Thread with TID = 132213746173632 read: Sandals
Thread with TID = 132213756659392 read: Jumpsuit
Thread with TID = 132213643413184 read: Tank Top
Thread with TID = 132213632927424 read: Cropped Jeans
Thread with TID = 132213601470144       (read and found): ((Hat))
Thread with TID = 132213590984384 read: Visor
Thread with TID = 132213580498624 read: Shrug
Thread with TID = 132213570012864 read: Raincoat
Thread with TID = 132213611955904 read: Bikini
Thread with TID = 132213538555584 read: Polo Shirt
Thread with TID = 132213559527104       (read and found): ((T-shirt))
Thread with TID = 132213549041344 read: Cycling Shorts
Thread with TID = 132213622441664 read: Heels
Thread with TID = 132213517584064 read: Flip Flops
Thread with TID = 132213507098304 read: Blouse
Thread with TID = 132213528069824 read: Windbreaker
Thread with TID = 132213486126784 read: V-Neck Sweater
Thread with TID = 132213454669504 read: Formal Shirt
Thread with TID = 132213444183744 read: Maxi Dress
Thread with TID = 132213496612544 read: Sports Bra
Thread with TID = 132213423212224 read: Overalls
Thread with TID = 132213433697984 read: Ballet Flats
Thread with TID = 132213412726464 read: Beach Cover-Up
Thread with TID = 132213391754944 read: Off-Shoulder Dress
Thread with TID = 132213475641024 read: Sneakers
Thread with TID = 132213465155264 read: Sweater
Thread with TID = 132213370783424 read: Leather Jacket
Thread with TID = 132213339326144 read: Tights
Thread with TID = 132213349811904 read: Cardigan
Thread with TID = 132213402240704 read: Fanny Pack
Thread with TID = 132213381269184 read: Kimono
Thread with TID = 132213328840384 read: Overcoat
Thread with TID = 132213318354624 read: Gloves
Thread with TID = 132213360297664 read: Running Shoes
Thread with TID = 132213307868864 read: Pajamas
Thread with TID = 132213297383104 read: Ruffle Top
