Process PID: 15107
Thread with TID = 131712216467136 read: Blouse with Frills
Thread with TID = 131712405210816 read: Cardigan
Thread with TID = 131712394725056 read: Cycling Shorts
Thread with TID = 131712352782016 read: Blouse
Thread with TID = 131712226952896 read: Chinos
Thread with TID = 131712384239296 read: Fanny Pack
Thread with TID = 131712268895936 read: Baseball Cap
Thread with TID = 131712153552576 read: Cape Coat
Thread with TID = 131712363267776 read: Blazer
Thread with TID = 131712373753536 read: Kimono
Thread with TID = 131712237438656 read: Maxi Dress
Thread with TID = 131712321324736 read: Windbreaker
Thread with TID = 131712195495616 read: Flip Flops
Thread with TID = 131712205981376 read: Gloves
Thread with TID = 131712143066816 read: Wide-Leg Pants
Thread with TID = 131712164038336 read: Thermal Shirt
Thread with TID = 131712331810496 read: Parkas
Thread with TID = 131712279381696 read: Cropped Jeans
Thread with TID = 131712300353216 read: Loafers
Thread with TID = 131712289867456 read: Down Jacket
Thread with TID = 131712247924416 read: Bathrobe
Thread with TID = 131712258410176 read: Biker Jacket
Thread with TID = 131712310838976 read: Hiking Boots
Thread with TID = 131712342296256 read: Puffer Jacket
Thread with TID = 131712185009856 read: Running Shoes
Thread with TID = 131712174524096 read: Overcoat
Thread with TID = 131712132581056 read: Wrap Dress
Thread with TID = 131712111609536 read: Rompers
Thread with TID = 131712101123776 read: Denim Jacket
Thread with TID = 131712122095296 read: Sneakers
Thread with TID = 131712015140544 read: Bikini
Thread with TID = 131712004654784       (read and found): ((Jeans))
Thread with TID = 131711962711744 read: Visor
Thread with TID = 131711973197504 read: Leather Jacket
Thread with TID = 131711983683264 read: Sun Hat
Thread with TID = 131711994169024 read: Tank Top
Thread with TID = 131711178376896 read: Pajamas
Thread with TID = 131711782356672 read: Slippers
Thread with TID = 131711803328192 read: Shrug
Thread with TID = 131711209834176 read: Ballet Flats
Thread with TID = 131711358731968 read: Jumpsuit
Thread with TID = 131711369217728 read: Sports Bra
Thread with TID = 131711400675008 read: Suit
Thread with TID = 131711411160768 read: Skirt
Thread with TID = 131711379703488 read: Hoodie
Thread with TID = 131711560058560 read: Ruffle Top
Thread with TID = 131711570544320 read: Caftan
Thread with TID = 131711792842432 read: Bolero
Thread with TID = 131711813813952 read: Tights
Thread with TID = 131711771870912 read: Ankle Boots
Thread with TID = 131711612487360 read: Overalls
Thread with TID = 131711581030080 read: Pleated Skirt
Thread with TID = 131711602001600 read: Beach Cover-Up
Thread with TID = 131711591515840 read: Heels
Thread with TID = 131711390189248 read: Socks
Thread with TID = 131711761385152 read: Raincoat
Thread with TID = 131710796695232 read: Poncho
Thread with TID = 131710765237952 read: Swimsuit
Thread with TID = 131711157405376 read: Sweater
Thread with TID = 131711199348416 read: Jacket
Thread with TID = 131711188862656 read: Moccasins
Thread with TID = 131710956078784 read: Formal Shirt
Thread with TID = 131710807180992 read: Hat
Thread with TID = 131710404527808 read: Shorts
Thread with TID = 131710553425600 read: Bucket Hat
Thread with TID = 131711167891136 read: Tuxedo
Thread with TID = 131710584882880 read: Infinity Scarf
Thread with TID = 131710595368640 read: Off-Shoulder Dress
Thread with TID = 131710786209472 read: Tracksuit
Thread with TID = 131710977050304 read: Polo Shirt
Thread with TID = 131710563911360 read: Sandals
Thread with TID = 131710574397120 read: T-shirt
Thread with TID = 131710998021824 read: V-Neck Sweater
Thread with TID = 131710605854400 read: Scarf
Thread with TID = 131710754752192 read: WhiteShoes
Thread with TID = 131710966564544 read: Dress
Thread with TID = 131710987536064 read: Peacoat
Thread with TID = 131711008507584 read: Cargo Pants
Thread with TID = 131710775723712 read: Leggings
