Process PID: 26958
Thread with TID = 123280551839424 read: Peacoat
Thread with TID = 123280583296704 read: Skirt
Thread with TID = 123280572810944 read: Slippers
Thread with TID = 123280562325184 read: Shorts
Thread with TID = 123280467953344 read: Bolero
Thread with TID = 123280478439104 read: Bathrobe
Thread with TID = 123280457467584 read: Denim Jacket
Thread with TID = 123280530867904 read: Thermal Shirt
Thread with TID = 123280520382144 read: Parkas
Thread with TID = 123280509896384 read: Tracksuit
Thread with TID = 123280541353664 read: Blazer
Thread with TID = 123280499410624 read: Infinity Scarf
Thread with TID = 123280488924864 read: Bucket Hat
Thread with TID = 123280446981824 read: Ankle Boots
Thread with TID = 123280415524544 read: Hoodie
Thread with TID = 123280436496064 read: Pleated Skirt
Thread with TID = 123280323249856 read: Tuxedo
Thread with TID = 123280405038784 read: Leggings
Thread with TID = 123280426010304 read: Suit
Thread with TID = 123280291792576 read: Poncho
Thread with TID = 123280189032128 read: Wide-Leg Pants
Thread with TID = 123280168060608 read: Rompers
Thread with TID = 123280126117568 read: Moccasins
Thread with TID = 123280157574848 read: Baseball Cap
Thread with TID = 123280312764096       (read and found): ((Jeans))
Thread with TID = 123280105146048 read: WhiteShoes
Thread with TID = 123280270821056 read: Caftan
Thread with TID = 123280094660288 read: Wrap Dress
Thread with TID = 123280084174528 read: Scarf
Thread with TID = 123280281306816 read: Biker Jacket
Thread with TID = 123280136603328 read: Cargo Pants
Thread with TID = 123280178546368 read: Down Jacket
Thread with TID = 123280147089088 read: Cape Coat
Thread with TID = 123280073688768 read: Sun Hat
Thread with TID = 123280302278336 read: Loafers
Thread with TID = 123280115631808 read: Jacket
Thread with TID = 123279977219776 read: Swimsuit
Thread with TID = 123279851390656       (read and found): ((Hat))
Thread with TID = 123279903819456 read: Socks
Thread with TID = 123279956248256 read: Blouse with Frills
Thread with TID = 123279935276736 read: Jumpsuit
Thread with TID = 123279966734016 read: Puffer Jacket
Thread with TID = 123279798961856 read: Cycling Shorts
Thread with TID = 123279830419136 read: Shrug
Thread with TID = 123279777990336 read: Windbreaker
Thread with TID = 123279987705536 read: Dress
Thread with TID = 123279893333696 read: Tank Top
Thread with TID = 123279840904896 read: Visor
Thread with TID = 123279882847936 read: Cropped Jeans
Thread with TID = 123279924790976 read: Sandals
Thread with TID = 123279872362176 read: Heels
Thread with TID = 123279861876416 read: Bikini
Thread with TID = 123279914305216 read: Hiking Boots
Thread with TID = 123279767504576 read: Flip Flops
Thread with TID = 123279757018816 read: Blouse
Thread with TID = 123279819933376 read: Raincoat
Thread with TID = 123279945762496 read: Chinos
Thread with TID = 123279809447616 read: T-shirt
Thread with TID = 123279746533056 read: Sports Bra
Thread with TID = 123279736047296 read: V-Neck Sweater
Thread with TID = 123279788476096 read: Polo Shirt
Thread with TID = 123279641675456 read: Sweater
Thread with TID = 123279444543168 read: Tights
Thread with TID = 123279652161216 read: Sneakers
Thread with TID = 123279486486208 read: Kimono
Thread with TID = 123279620703936 read: Maxi Dress
Thread with TID = 123279434057408 read: Overcoat
Thread with TID = 123279465514688 read: Running Shoes
Thread with TID = 123279599732416 read: Overalls
Thread with TID = 123279610218176 read: Ballet Flats
Thread with TID = 123279413085888 read: Pajamas
Thread with TID = 123279507457728 read: Fanny Pack
Thread with TID = 123279402600128 read: Ruffle Top
Thread with TID = 123279496971968 read: Off-Shoulder Dress
Thread with TID = 123279476000448 read: Leather Jacket
Thread with TID = 123279631189696 read: Formal Shirt
Thread with TID = 123279423571648 read: Gloves
Thread with TID = 123279517943488 read: Beach Cover-Up
Thread with TID = 123279455028928 read: Cardigan
