Process PID: 9920
Thread with TID = 140737337362112 read: Slippers
Thread with TID = 140737295419072 read: Thermal Shirt
Thread with TID = 140737347847872 read: Skirt
Thread with TID = 140737150715584 read: Parkas
Thread with TID = 140737316390592 read: Peacoat
Thread with TID = 140737326876352 read: Shorts
Thread with TID = 140737305904832 read: Blazer
Thread with TID = 140737284933312 read: Tracksuit
Thread with TID = 140737263961792 read: Bucket Hat
Thread with TID = 140737274447552 read: Infinity Scarf
Thread with TID = 140737242990272 read: Bolero
Thread with TID = 140737119258304 read: Suit
Thread with TID = 140737108772544 read: Hoodie
Thread with TID = 140737098286784 read: Leggings
Thread with TID = 140737006012096       (read and found): ((Jeans))
Thread with TID = 140737232504512 read: Denim Jacket
Thread with TID = 140737140229824 read: Ankle Boots
Thread with TID = 140736995526336 read: Loafers
Thread with TID = 140737016497856 read: Tuxedo
Thread with TID = 140737129744064 read: Pleated Skirt
Thread with TID = 140736804685504 read: Down Jacket
Thread with TID = 140736974554816 read: Biker Jacket
Thread with TID = 140736985040576 read: Poncho
Thread with TID = 140736964069056 read: Caftan
Thread with TID = 140736794199744 read: Rompers
Thread with TID = 140737253476032 read: Bathrobe
Thread with TID = 140736815171264 read: Wide-Leg Pants
Thread with TID = 140736783713984 read: Baseball Cap
Thread with TID = 140736448169664 read: Wrap Dress
Thread with TID = 140736395740864 read: Puffer Jacket
Thread with TID = 140736406226624 read: Swimsuit
Thread with TID = 140736773228224 read: Cape Coat
Thread with TID = 140736762742464 read: Cargo Pants
Thread with TID = 140736479626944 read: Moccasins
Thread with TID = 140736469141184 read: Jacket
Thread with TID = 140736458655424 read: WhiteShoes
Thread with TID = 140736437683904 read: Scarf
Thread with TID = 140736427198144 read: Sun Hat
Thread with TID = 140736416712384 read: Dress
Thread with TID = 140736385255104 read: Blouse with Frills
Thread with TID = 140736374769344 read: Chinos
Thread with TID = 140736364283584 read: Jumpsuit
Thread with TID = 140736353797824 read: Sandals
Thread with TID = 140736343312064 read: Hiking Boots
Thread with TID = 140736322340544 read: Tank Top
Thread with TID = 140736311854784 read: Cropped Jeans
Thread with TID = 140736301369024 read: Heels
Thread with TID = 140736332826304 read: Socks
Thread with TID = 140736290883264 read: Bikini
Thread with TID = 140736259425984 read: Shrug
Thread with TID = 140736248940224 read: Raincoat
Thread with TID = 140736133596864 read: Formal Shirt
Thread with TID = 140736123111104 read: Maxi Dress
Thread with TID = 140736175539904 read: Sports Bra
Thread with TID = 140736154568384 read: Sneakers
Thread with TID = 140736165054144 read: V-Neck Sweater
Thread with TID = 140736269911744 read: Visor
Thread with TID = 140736112625344 read: Ballet Flats
Thread with TID = 140736102139584 read: Overalls
Thread with TID = 140736144082624 read: Sweater
Thread with TID = 140736280397504       (read and found): ((Hat))
Thread with TID = 140736238454464 read: T-shirt
Thread with TID = 140736227968704 read: Cycling Shorts
Thread with TID = 140736196511424 read: Flip Flops
Thread with TID = 140736186025664 read: Blouse
Thread with TID = 140736206997184 read: Windbreaker
Thread with TID = 140736217482944 read: Polo Shirt
Thread with TID = 140736091653824 read: Beach Cover-Up
Thread with TID = 140736081168064 read: Fanny Pack
Thread with TID = 140736070682304 read: Off-Shoulder Dress
Thread with TID = 140736060196544 read: Kimono
Thread with TID = 140736039225024 read: Running Shoes
Thread with TID = 140736028739264 read: Cardigan
Thread with TID = 140736007767744 read: Overcoat
Thread with TID = 140736049710784 read: Leather Jacket
Thread with TID = 140735986796224 read: Pajamas
Thread with TID = 140736018253504 read: Tights
Thread with TID = 140735997281984 read: Gloves
Thread with TID = 140735976310464 read: Ruffle Top
