Process PID: 7689
Thread with TID = 140737337362112 read: Slippers
Thread with TID = 140737305904832 read: Blazer
Thread with TID = 140737347847872 read: Skirt
Thread with TID = 140737316390592 read: Peacoat
Thread with TID = 140737217824448 read: Thermal Shirt
Thread with TID = 140737196852928 read: Tracksuit
Thread with TID = 140737207338688 read: Parkas
Thread with TID = 140737186367168 read: Infinity Scarf
Thread with TID = 140737175881408 read: Bucket Hat
Thread with TID = 140737165395648 read: Bathrobe
Thread with TID = 140737083606720 read: Bolero
Thread with TID = 140737073120960 read: Denim Jacket
Thread with TID = 140737062635200 read: Ankle Boots
Thread with TID = 140737041663680 read: Suit
Thread with TID = 140737326876352 read: Shorts
Thread with TID = 140736938903232 read: Tuxedo
Thread with TID = 140737052149440 read: Pleated Skirt
Thread with TID = 140736928417472       (read and found): ((Jeans))
Thread with TID = 140737031177920 read: Hoodie
Thread with TID = 140736917931712 read: Loafers
Thread with TID = 140736949388992 read: Leggings
Thread with TID = 140736907445952 read: Poncho
Thread with TID = 140736804685504 read: Wide-Leg Pants
Thread with TID = 140736794199744 read: Down Jacket
Thread with TID = 140736896960192 read: Biker Jacket
Thread with TID = 140736815171264 read: Caftan
Thread with TID = 140736783713984 read: Rompers
Thread with TID = 140736710313664 read: Wrap Dress
Thread with TID = 140736762742464 read: Cape Coat
Thread with TID = 140736752256704 read: Cargo Pants
Thread with TID = 140736731285184 read: Jacket
Thread with TID = 140736741770944 read: Moccasins
Thread with TID = 140736773228224 read: Baseball Cap
Thread with TID = 140736699827904 read: Scarf
Thread with TID = 140736720799424 read: WhiteShoes
Thread with TID = 140736689342144 read: Sun Hat
Thread with TID = 140736678856384 read: Dress
Thread with TID = 140736626427584 read: Jumpsuit
Thread with TID = 140736584484544 read: Tank Top
Thread with TID = 140736573998784 read: Cropped Jeans
Thread with TID = 140736605456064 read: Hiking Boots
Thread with TID = 140736563513024 read: Heels
Thread with TID = 140736657884864 read: Puffer Jacket
Thread with TID = 140736668370624 read: Swimsuit
Thread with TID = 140736636913344 read: Chinos
Thread with TID = 140736647399104 read: Blouse with Frills
Thread with TID = 140736615941824 read: Sandals
Thread with TID = 140736594970304 read: Socks
Thread with TID = 140736553027264 read: Bikini
Thread with TID = 140736511084224 read: Raincoat
Thread with TID = 140736500598464 read: T-shirt
Thread with TID = 140736490112704 read: Cycling Shorts
Thread with TID = 140736542541504       (read and found): ((Hat))
Thread with TID = 140736532055744 read: Visor
Thread with TID = 140736521569984 read: Shrug
Thread with TID = 140736479626944 read: Polo Shirt
Thread with TID = 140736437683904 read: Sports Bra
Thread with TID = 140736427198144 read: V-Neck Sweater
Thread with TID = 140736406226624 read: Sweater
Thread with TID = 140736395740864 read: Formal Shirt
Thread with TID = 140736469141184 read: Windbreaker
Thread with TID = 140736416712384 read: Sneakers
Thread with TID = 140736458655424 read: Flip Flops
Thread with TID = 140736385255104 read: Maxi Dress
Thread with TID = 140736374769344 read: Ballet Flats
Thread with TID = 140736364283584 read: Overalls
Thread with TID = 140736448169664 read: Blouse
Thread with TID = 140736332826304 read: Off-Shoulder Dress
Thread with TID = 140736311854784 read: Leather Jacket
Thread with TID = 140736353797824 read: Beach Cover-Up
Thread with TID = 140736322340544 read: Kimono
Thread with TID = 140736301369024 read: Running Shoes
Thread with TID = 140736343312064 read: Fanny Pack
Thread with TID = 140736290883264 read: Cardigan
Thread with TID = 140736280397504 read: Tights
Thread with TID = 140736269911744 read: Overcoat
Thread with TID = 140736259425984 read: Gloves
Thread with TID = 140736248940224 read: Pajamas
Thread with TID = 140736238454464 read: Ruffle Top
