Process PID: 30212
Thread with TID = 138794112124608 read: Blazer
Thread with TID = 138794091153088 read: Parkas
Thread with TID = 138794070181568 read: Bucket Hat
Thread with TID = 138794059695808 read: Bathrobe
Thread with TID = 138794154067648 read: Skirt
Thread with TID = 138793946449600 read: Tracksuit
Thread with TID = 138794133096128 read: Shorts
Thread with TID = 138794122610368 read: Peacoat
Thread with TID = 138794101638848 read: Thermal Shirt
Thread with TID = 138794080667328 read: Infinity Scarf
Thread with TID = 138794143581888 read: Slippers
Thread with TID = 138794038724288 read: Denim Jacket
Thread with TID = 138793925478080 read: Suit
Thread with TID = 138793745123008       (read and found): ((Jeans))
Thread with TID = 138793935963840 read: Pleated Skirt
Thread with TID = 138794028238528 read: Ankle Boots
Thread with TID = 138793724151488 read: Poncho
Thread with TID = 138794049210048 read: Bolero
Thread with TID = 138793734637248 read: Loafers
Thread with TID = 138793692694208 read: Wide-Leg Pants
Thread with TID = 138793661236928 read: Baseball Cap
Thread with TID = 138793703179968 read: Caftan
Thread with TID = 138793650751168 read: Cape Coat
Thread with TID = 138793894020800 read: Tuxedo
Thread with TID = 138793914992320 read: Hoodie
Thread with TID = 138793713665728 read: Biker Jacket
Thread with TID = 138793619293888 read: Jacket
Thread with TID = 138793640265408 read: Cargo Pants
Thread with TID = 138793904506560 read: Leggings
Thread with TID = 138793629779648 read: Moccasins
Thread with TID = 138793682208448 read: Down Jacket
Thread with TID = 138793671722688 read: Rompers
Thread with TID = 138793608808128 read: WhiteShoes
Thread with TID = 138793566865088 read: Dress
Thread with TID = 138793535407808 read: Blouse with Frills
Thread with TID = 138793598322368 read: Wrap Dress
Thread with TID = 138793482979008 read: Socks
Thread with TID = 138793577350848 read: Sun Hat
Thread with TID = 138793545893568 read: Puffer Jacket
Thread with TID = 138793524922048 read: Chinos
Thread with TID = 138793587836608 read: Scarf
Thread with TID = 138793514436288 read: Jumpsuit
Thread with TID = 138793472493248 read: Tank Top
Thread with TID = 138793493464768 read: Hiking Boots
Thread with TID = 138793556379328 read: Swimsuit
Thread with TID = 138793503950528 read: Sandals
Thread with TID = 138793462007488 read: Cropped Jeans
Thread with TID = 138793388607168 read: T-shirt
Thread with TID = 138793378121408 read: Cycling Shorts
Thread with TID = 138793441035968 read: Bikini
Thread with TID = 138793367635648 read: Polo Shirt
Thread with TID = 138793357149888 read: Windbreaker
Thread with TID = 138793451521728 read: Heels
Thread with TID = 138793430550208 read: Hat
Thread with TID = 138793420064448 read: Visor
Thread with TID = 138793409578688 read: Shrug
Thread with TID = 138793399092928 read: Raincoat
Thread with TID = 138793346664128 read: Flip Flops
Thread with TID = 138793336178368 read: Blouse
Thread with TID = 138793325692608 read: Sports Bra
Thread with TID = 138793294235328 read: Sweater
Thread with TID = 138793315206848 read: V-Neck Sweater
Thread with TID = 138793304721088 read: Sneakers
Thread with TID = 138793273263808 read: Maxi Dress
Thread with TID = 138793241806528 read: Beach Cover-Up
Thread with TID = 138793252292288 read: Overalls
Thread with TID = 138793220835008 read: Off-Shoulder Dress
Thread with TID = 138793136948928 read: Pajamas
Thread with TID = 138793199863488 read: Leather Jacket
Thread with TID = 138793231320768 read: Fanny Pack
Thread with TID = 138793189377728 read: Running Shoes
Thread with TID = 138793210349248 read: Kimono
Thread with TID = 138793283749568 read: Formal Shirt
Thread with TID = 138793178891968 read: Cardigan
Thread with TID = 138793147434688 read: Gloves
Thread with TID = 138793157920448 read: Overcoat
Thread with TID = 138793126463168 read: Ruffle Top
Thread with TID = 138793262778048 read: Ballet Flats
Thread with TID = 138793168406208 read: Tights
