Process PID: 32223
Thread with TID = 133257607775936 read: Skirt
Thread with TID = 133257586804416 read: Shorts
Thread with TID = 133257597290176 read: Slippers
Thread with TID = 133257555347136 read: Thermal Shirt
Thread with TID = 133257544861376 read: Parkas
Thread with TID = 133257454683840 read: Infinity Scarf
Thread with TID = 133257565832896 read: Blazer
Thread with TID = 133257263843008 read: Ankle Boots
Thread with TID = 133257444198080 read: Bucket Hat
Thread with TID = 133257433712320 read: Bathrobe
Thread with TID = 133257412740800 read: Denim Jacket
Thread with TID = 133257576318656 read: Peacoat
Thread with TID = 133257242871488 read: Suit
Thread with TID = 133257253357248 read: Pleated Skirt
Thread with TID = 133257465169600 read: Tracksuit
Thread with TID = 133257221899968 read: Leggings
Thread with TID = 133257423226560 read: Bolero
Thread with TID = 133257211414208 read: Tuxedo
Thread with TID = 133257190442688 read: Loafers
Thread with TID = 133257179956928 read: Poncho
Thread with TID = 133257169471168 read: Biker Jacket
Thread with TID = 133257158985408 read: Caftan
Thread with TID = 133257127528128 read: Rompers
Thread with TID = 133257148499648 read: Wide-Leg Pants
Thread with TID = 133257200928448       (read and found): ((Jeans))
Thread with TID = 133257232385728 read: Hoodie
Thread with TID = 133257138013888 read: Down Jacket
Thread with TID = 133257022670528 read: Dress
Thread with TID = 133256970241728 read: Jumpsuit
Thread with TID = 133256949270208 read: Hiking Boots
Thread with TID = 133257117042368 read: Baseball Cap
Thread with TID = 133256959755968 read: Sandals
Thread with TID = 133257012184768 read: Swimsuit
Thread with TID = 133256991213248 read: Blouse with Frills
Thread with TID = 133257001699008 read: Puffer Jacket
Thread with TID = 133257106556608 read: Cape Coat
Thread with TID = 133256980727488 read: Chinos
Thread with TID = 133257096070848 read: Cargo Pants
Thread with TID = 133257054127808 read: Wrap Dress
Thread with TID = 133257064613568 read: WhiteShoes
Thread with TID = 133257043642048 read: Scarf
Thread with TID = 133257085585088 read: Moccasins
Thread with TID = 133256938784448 read: Socks
Thread with TID = 133257033156288 read: Sun Hat
Thread with TID = 133257075099328 read: Jacket
Thread with TID = 133256907327168 read: Heels
Thread with TID = 133256896841408 read: Bikini
Thread with TID = 133256886355648 read: Hat
Thread with TID = 133256917812928 read: Cropped Jeans
Thread with TID = 133256928298688 read: Tank Top
Thread with TID = 133256875869888 read: Visor
Thread with TID = 133256865384128 read: Shrug
Thread with TID = 133256854898368 read: Raincoat
Thread with TID = 133256844412608 read: T-shirt
Thread with TID = 133256833926848 read: Cycling Shorts
Thread with TID = 133256823441088 read: Polo Shirt
Thread with TID = 133256802469568 read: Flip Flops
Thread with TID = 133256812955328 read: Windbreaker
Thread with TID = 133256771012288 read: V-Neck Sweater
Thread with TID = 133256791983808 read: Blouse
Thread with TID = 133256781498048 read: Sports Bra
Thread with TID = 133256729069248 read: Maxi Dress
Thread with TID = 133256760526528 read: Sneakers
Thread with TID = 133256750040768 read: Sweater
Thread with TID = 133256718583488 read: Ballet Flats
Thread with TID = 133256708097728 read: Overalls
Thread with TID = 133256739555008 read: Formal Shirt
Thread with TID = 133256687126208 read: Fanny Pack
Thread with TID = 133256697611968 read: Beach Cover-Up
Thread with TID = 133256676640448 read: Off-Shoulder Dress
Thread with TID = 133256666154688 read: Kimono
Thread with TID = 133256655668928 read: Leather Jacket
Thread with TID = 133256645183168 read: Running Shoes
Thread with TID = 133256634697408 read: Cardigan
Thread with TID = 133256613725888 read: Overcoat
Thread with TID = 133256624211648 read: Tights
Thread with TID = 133256582268608 read: Ruffle Top
Thread with TID = 133256603240128 read: Gloves
Thread with TID = 133256592754368 read: Pajamas
