Process PID: 24653
Thread with TID = 140737347847872 read: Skirt
Thread with TID = 140737326876352 read: Shorts
Thread with TID = 140737316390592 read: Peacoat
Thread with TID = 140737207338688 read: Parkas
Thread with TID = 140737196852928 read: Tracksuit
Thread with TID = 140737337362112 read: Slippers
Thread with TID = 140737217824448 read: Thermal Shirt
Thread with TID = 140737133938368 read: Ankle Boots
Thread with TID = 140737305904832 read: Blazer
Thread with TID = 140737186367168 read: Infinity Scarf
Thread with TID = 140737154909888 read: Bolero
Thread with TID = 140737144424128 read: Denim Jacket
Thread with TID = 140737112966848 read: Suit
Thread with TID = 140737102481088 read: Hoodie
Thread with TID = 140737091995328 read: Leggings
Thread with TID = 140737123452608 read: Pleated Skirt
Thread with TID = 140737175881408 read: Bucket Hat
Thread with TID = 140737165395648 read: Bathrobe
Thread with TID = 140737071023808       (read and found): ((Jeans))
Thread with TID = 140737081509568 read: Tuxedo
Thread with TID = 140737050052288 read: Poncho
Thread with TID = 140737060538048 read: Loafers
Thread with TID = 140737039566528 read: Biker Jacket
Thread with TID = 140737029080768 read: Caftan
Thread with TID = 140736949388992 read: Wide-Leg Pants
Thread with TID = 140736907445952 read: Cape Coat
Thread with TID = 140736938903232 read: Down Jacket
Thread with TID = 140736928417472 read: Rompers
Thread with TID = 140736762742464 read: Sun Hat
Thread with TID = 140736917931712 read: Baseball Cap
Thread with TID = 140736896960192 read: Cargo Pants
Thread with TID = 140736815171264 read: Moccasins
Thread with TID = 140736804685504 read: Jacket
Thread with TID = 140736794199744 read: WhiteShoes
Thread with TID = 140736773228224 read: Scarf
Thread with TID = 140736783713984 read: Wrap Dress
Thread with TID = 140736731285184 read: Puffer Jacket
Thread with TID = 140736741770944 read: Swimsuit
Thread with TID = 140736689342144 read: Sandals
Thread with TID = 140736710313664 read: Chinos
Thread with TID = 140736752256704 read: Dress
Thread with TID = 140736720799424 read: Blouse with Frills
Thread with TID = 140736699827904 read: Jumpsuit
Thread with TID = 140736678856384 read: Hiking Boots
Thread with TID = 140736668370624 read: Socks
Thread with TID = 140736605456064 read: Visor
Thread with TID = 140736573998784 read: T-shirt
Thread with TID = 140736563513024 read: Cycling Shorts
Thread with TID = 140736584484544 read: Raincoat
Thread with TID = 140736553027264 read: Polo Shirt
Thread with TID = 140736511084224 read: Sports Bra
Thread with TID = 140736542541504 read: Windbreaker
Thread with TID = 140736532055744 read: Flip Flops
Thread with TID = 140736521569984 read: Blouse
Thread with TID = 140736469141184 read: Formal Shirt
Thread with TID = 140736636913344 read: Heels
Thread with TID = 140736626427584 read: Bikini
Thread with TID = 140736594970304 read: Shrug
Thread with TID = 140736490112704 read: Sneakers
Thread with TID = 140736479626944 read: Sweater
Thread with TID = 140736657884864 read: Tank Top
Thread with TID = 140736500598464 read: V-Neck Sweater
Thread with TID = 140736647399104 read: Cropped Jeans
Thread with TID = 140736458655424 read: Maxi Dress
Thread with TID = 140736615941824 read: Hat
Thread with TID = 140736257328832 read: Kimono
Thread with TID = 140736236357312 read: Running Shoes
Thread with TID = 140736225871552 read: Cardigan
Thread with TID = 140736448169664 read: Ballet Flats
Thread with TID = 140736437683904 read: Overalls
Thread with TID = 140736427198144 read: Beach Cover-Up
Thread with TID = 140736278300352 read: Fanny Pack
Thread with TID = 140736267814592 read: Off-Shoulder Dress
Thread with TID = 140736246843072 read: Leather Jacket
Thread with TID = 140736204900032 read: Overcoat
Thread with TID = 140736194414272 read: Gloves
Thread with TID = 140736215385792 read: Tights
Thread with TID = 140736183928512 read: Pajamas
Thread with TID = 140736173442752 read: Ruffle Top
