Process PID: 27817
Thread with TID = 140737337362112 read: Slippers
Thread with TID = 140737316390592 read: Peacoat
Thread with TID = 140737326876352 read: Shorts
Thread with TID = 140737295419072 read: Thermal Shirt
Thread with TID = 140737284933312 read: Parkas
Thread with TID = 140737347847872 read: Skirt
Thread with TID = 140737232504512 read: Bolero
Thread with TID = 140737253476032 read: Bucket Hat
Thread with TID = 140737150715584 read: Denim Jacket
Thread with TID = 140736829851328 read: Leggings
Thread with TID = 140737263961792 read: Infinity Scarf
Thread with TID = 140736840337088 read: Hoodie
Thread with TID = 140736861308608 read: Pleated Skirt
Thread with TID = 140736798394048 read: Loafers
Thread with TID = 140736819365568 read: Tuxedo
Thread with TID = 140736808879808       (read and found): ((Jeans))
Thread with TID = 140737129744064 read: Caftan
Thread with TID = 140737274447552 read: Tracksuit
Thread with TID = 140737140229824 read: Biker Jacket
Thread with TID = 140737119258304 read: Wide-Leg Pants
Thread with TID = 140737305904832 read: Blazer
Thread with TID = 140737242990272 read: Bathrobe
Thread with TID = 140737108772544 read: Down Jacket
Thread with TID = 140736871794368 read: Ankle Boots
Thread with TID = 140736787908288 read: Poncho
Thread with TID = 140737098286784 read: Rompers
Thread with TID = 140736850822848 read: Suit
Thread with TID = 140737006012096 read: Cape Coat
Thread with TID = 140737016497856 read: Baseball Cap
Thread with TID = 140736995526336 read: Cargo Pants
Thread with TID = 140736974554816 read: Jacket
Thread with TID = 140736985040576 read: Moccasins
Thread with TID = 140736964069056 read: WhiteShoes
Thread with TID = 140736882280128 read: Wrap Dress
Thread with TID = 140736777422528 read: Scarf
Thread with TID = 140736670467776 read: Swimsuit
Thread with TID = 140736766936768 read: Sun Hat
Thread with TID = 140736680953536 read: Dress
Thread with TID = 140736659982016 read: Puffer Jacket
Thread with TID = 140736536250048 read: Hiking Boots
Thread with TID = 140736494307008 read: Heels
Thread with TID = 140736370575040 read: Raincoat
Thread with TID = 140736639010496 read: Chinos
Thread with TID = 140736628524736 read: Jumpsuit
Thread with TID = 140736546735808 read: Sandals
Thread with TID = 140736525764288 read: Socks
Thread with TID = 140736515278528 read: Tank Top
Thread with TID = 140736360089280 read: T-shirt
Thread with TID = 140736504792768 read: Cropped Jeans
Thread with TID = 140736412518080 read: Bikini
Thread with TID = 140736402032320       (read and found): ((Hat))
Thread with TID = 140736349603520 read: Cycling Shorts
Thread with TID = 140736328632000 read: Windbreaker
Thread with TID = 140736339117760 read: Polo Shirt
Thread with TID = 140736307660480 read: Blouse
Thread with TID = 140736649496256 read: Blouse with Frills
Thread with TID = 140736318146240 read: Flip Flops
Thread with TID = 140736391546560 read: Visor
Thread with TID = 140736297174720 read: Sports Bra
Thread with TID = 140736276203200 read: Sneakers
Thread with TID = 140736265717440 read: Sweater
Thread with TID = 140736244745920 read: Maxi Dress
Thread with TID = 140736234260160 read: Ballet Flats
Thread with TID = 140736255231680 read: Formal Shirt
Thread with TID = 140736202802880 read: Fanny Pack
Thread with TID = 140736213288640 read: Beach Cover-Up
Thread with TID = 140736286688960 read: V-Neck Sweater
Thread with TID = 140736223774400 read: Overalls
Thread with TID = 140736381060800 read: Shrug
Thread with TID = 140736181831360 read: Kimono
Thread with TID = 140736129402560 read: Overcoat
Thread with TID = 140736171345600 read: Leather Jacket
Thread with TID = 140736139888320 read: Tights
Thread with TID = 140736118916800 read: Gloves
Thread with TID = 140736150374080 read: Cardigan
Thread with TID = 140736160859840 read: Running Shoes
Thread with TID = 140736192317120 read: Off-Shoulder Dress
Thread with TID = 140736097945280 read: Ruffle Top
Thread with TID = 140736108431040 read: Pajamas
