Process PID: 37192
Thread with TID = 133515056252608 read: Slippers
Thread with TID = 133514993338048 read: Tracksuit
Thread with TID = 133515003823808 read: Parkas
Thread with TID = 133515045766848 read: Shorts
Thread with TID = 133515035281088 read: Peacoat
Thread with TID = 133515024795328 read: Blazer
Thread with TID = 133514951395008 read: Bolero
Thread with TID = 133514930423488 read: Ankle Boots
Thread with TID = 133514827663040 read: Hoodie
Thread with TID = 133514909451968 read: Suit
Thread with TID = 133514972366528 read: Bucket Hat
Thread with TID = 133515066738368 read: Skirt
Thread with TID = 133514940909248 read: Denim Jacket
Thread with TID = 133515014309568 read: Thermal Shirt
Thread with TID = 133514961880768 read: Bathrobe
Thread with TID = 133514982852288 read: Infinity Scarf
Thread with TID = 133514919937728 read: Pleated Skirt
Thread with TID = 133514817177280 read: Leggings
Thread with TID = 133514796205760       (read and found): ((Jeans))
Thread with TID = 133514806691520 read: Tuxedo
Thread with TID = 133514785720000 read: Loafers
Thread with TID = 133514775234240 read: Poncho
Thread with TID = 133514693445312 read: Biker Jacket
Thread with TID = 133514672473792 read: Wide-Leg Pants
Thread with TID = 133514661988032 read: Down Jacket
Thread with TID = 133514651502272 read: Rompers
Thread with TID = 133514682959552 read: Caftan
Thread with TID = 133514559227584 read: Cape Coat
Thread with TID = 133514548741824 read: Cargo Pants
Thread with TID = 133514641016512 read: Baseball Cap
Thread with TID = 133514538256064 read: Moccasins
Thread with TID = 133514517284544 read: WhiteShoes
Thread with TID = 133514527770304 read: Jacket
Thread with TID = 133514506798784 read: Wrap Dress
Thread with TID = 133514425009856 read: Scarf
Thread with TID = 133514414524096 read: Sun Hat
Thread with TID = 133514362095296 read: Chinos
Thread with TID = 133514330638016 read: Hiking Boots
Thread with TID = 133514351609536 read: Jumpsuit
Thread with TID = 133514393552576 read: Swimsuit
Thread with TID = 133514320152256 read: Socks
Thread with TID = 133514404038336 read: Dress
Thread with TID = 133514383066816 read: Puffer Jacket
Thread with TID = 133514341123776 read: Sandals
Thread with TID = 133514372581056 read: Blouse with Frills
Thread with TID = 133514246751936 read: Shrug
Thread with TID = 133514309666496 read: Tank Top
Thread with TID = 133514288694976 read: Heels
Thread with TID = 133514236266176 read: Raincoat
Thread with TID = 133514278209216 read: Bikini
Thread with TID = 133514225780416       (read and found): ((T-shirt))
Thread with TID = 133514267723456       (read and found): ((Hat))
Thread with TID = 133514299180736 read: Cropped Jeans
Thread with TID = 133514215294656 read: Cycling Shorts
Thread with TID = 133514204808896 read: Polo Shirt
Thread with TID = 133514194323136 read: Windbreaker
Thread with TID = 133514257237696 read: Visor
Thread with TID = 133514183837376 read: Flip Flops
Thread with TID = 133514141894336 read: Sneakers
Thread with TID = 133514173351616 read: Blouse
Thread with TID = 133514152380096 read: V-Neck Sweater
Thread with TID = 133514099951296 read: Ballet Flats
Thread with TID = 133514131408576 read: Sweater
Thread with TID = 133514120922816 read: Formal Shirt
Thread with TID = 133514089465536 read: Overalls
Thread with TID = 133514162865856 read: Sports Bra
Thread with TID = 133514078979776 read: Beach Cover-Up
Thread with TID = 133514068494016 read: Fanny Pack
Thread with TID = 133514110437056 read: Maxi Dress
Thread with TID = 133514058008256 read: Off-Shoulder Dress
Thread with TID = 133514005579456 read: Tights
Thread with TID = 133514037036736 read: Leather Jacket
Thread with TID = 133514026550976 read: Running Shoes
Thread with TID = 133514016065216 read: Cardigan
Thread with TID = 133513995093696 read: Overcoat
Thread with TID = 133514047522496 read: Kimono
Thread with TID = 133513984607936       (read and found): ((Gloves))
Thread with TID = 133513974122176 read: Pajamas
Thread with TID = 133513963636416 read: Ruffle Top
