Process PID: 35171
Thread with TID = 132514234500800 read: Peacoat
Thread with TID = 132514224015040 read: Blazer
Thread with TID = 132514182072000 read: Infinity Scarf
Thread with TID = 132514265958080 read: Skirt
Thread with TID = 132514255472320 read: Slippers
Thread with TID = 132514203043520 read: Parkas
Thread with TID = 132514244986560 read: Shorts
Thread with TID = 132514171586240 read: Bucket Hat
Thread with TID = 132514140128960 read: Denim Jacket
Thread with TID = 132514119157440 read: Pleated Skirt
Thread with TID = 132514161100480 read: Bathrobe
Thread with TID = 132513991231168       (read and found): ((Jeans))
Thread with TID = 132514033174208 read: Suit
Thread with TID = 132513980745408 read: Loafers
Thread with TID = 132514012202688 read: Leggings
Thread with TID = 132514022688448 read: Hoodie
Thread with TID = 132514150614720 read: Bolero
Thread with TID = 132514001716928 read: Tuxedo
Thread with TID = 132514192557760 read: Tracksuit
Thread with TID = 132514129643200 read: Ankle Boots
Thread with TID = 132514213529280 read: Thermal Shirt
Thread with TID = 132513877984960 read: Caftan
Thread with TID = 132513898956480 read: Poncho
Thread with TID = 132513754252992 read: Cape Coat
Thread with TID = 132513857013440 read: Down Jacket
Thread with TID = 132513764738752 read: Baseball Cap
Thread with TID = 132513743767232 read: Cargo Pants
Thread with TID = 132513867499200 read: Wide-Leg Pants
Thread with TID = 132513712309952 read: WhiteShoes
Thread with TID = 132513630521024 read: Wrap Dress
Thread with TID = 132513722795712 read: Jacket
Thread with TID = 132513888470720 read: Biker Jacket
Thread with TID = 132513620035264 read: Scarf
Thread with TID = 132513599063744 read: Dress
Thread with TID = 132513609549504 read: Sun Hat
Thread with TID = 132513588577984 read: Swimsuit
Thread with TID = 132513496303296 read: Blouse with Frills
Thread with TID = 132513578092224 read: Puffer Jacket
Thread with TID = 132513846527680 read: Rompers
Thread with TID = 132513464846016 read: Sandals
Thread with TID = 132513733281472 read: Moccasins
Thread with TID = 132513475331776 read: Jumpsuit
Thread with TID = 132513454360256 read: Hiking Boots
Thread with TID = 132513485817536 read: Chinos
Thread with TID = 132513443874496 read: Socks
Thread with TID = 132513362085568 read: Tank Top
Thread with TID = 132513351599808 read: Cropped Jeans
Thread with TID = 132513341114048 read: Heels
Thread with TID = 132513320142528 read: Hat
Thread with TID = 132513330628288 read: Bikini
Thread with TID = 132513227867840 read: Shrug
Thread with TID = 132513206896320 read: T-shirt
Thread with TID = 132513309656768 read: Visor
Thread with TID = 132513175439040 read: Windbreaker
Thread with TID = 132513196410560 read: Cycling Shorts
Thread with TID = 132513093650112 read: Flip Flops
Thread with TID = 132513185924800 read: Polo Shirt
Thread with TID = 132513051707072 read: Sneakers
Thread with TID = 132513041221312 read: Sweater
Thread with TID = 132513030735552 read: Formal Shirt
Thread with TID = 132513062192832 read: V-Neck Sweater
Thread with TID = 132513217382080 read: Raincoat
Thread with TID = 132512999278272 read: Overalls
Thread with TID = 132512988792512 read: Beach Cover-Up
Thread with TID = 132513083164352 read: Blouse
Thread with TID = 132512967820992 read: Off-Shoulder Dress
Thread with TID = 132512946849472 read: Leather Jacket
Thread with TID = 132512925877952 read: Cardigan
Thread with TID = 132512978306752 read: Fanny Pack
Thread with TID = 132512904906432 read: Overcoat
Thread with TID = 132512957335232 read: Kimono
Thread with TID = 132512915392192 read: Tights
Thread with TID = 132512936363712 read: Running Shoes
Thread with TID = 132513072678592 read: Sports Bra
Thread with TID = 132513009764032 read: Ballet Flats
Thread with TID = 132513020249792 read: Maxi Dress
Thread with TID = 132512894420672 read: Gloves
Thread with TID = 132512873449152 read: Ruffle Top
Thread with TID = 132512883934912 read: Pajamas
