Process PID: 8687
Thread with TID = 124077622691520 read: Slippers
Thread with TID = 124077612205760 read: Shorts
Thread with TID = 124077591234240 read: Blazer
Thread with TID = 124077509445312 read: Thermal Shirt
Thread with TID = 124077477988032 read: Infinity Scarf
Thread with TID = 124077498959552 read: Parkas
Thread with TID = 124077467502272 read: Bucket Hat
Thread with TID = 124077601720000 read: Peacoat
Thread with TID = 124077343770304 read: Pleated Skirt
Thread with TID = 124077364741824 read: Denim Jacket
Thread with TID = 124077354256064 read: Ankle Boots
Thread with TID = 124077457016512 read: Bathrobe
Thread with TID = 124077333284544 read: Suit
Thread with TID = 124077488473792 read: Tracksuit
Thread with TID = 124077633177280 read: Skirt
Thread with TID = 124077291341504 read: Loafers
Thread with TID = 124077280855744 read: Poncho
Thread with TID = 124077312313024 read: Tuxedo
Thread with TID = 124077322798784 read: Leggings
Thread with TID = 124077270369984 read: Biker Jacket
Thread with TID = 124077255689920 read: Hoodie
Thread with TID = 124077375227584 read: Bolero
Thread with TID = 124077173900992 read: Caftan
Thread with TID = 124077163415232 read: Wide-Leg Pants
Thread with TID = 124077301827264       (read and found): ((Jeans))
Thread with TID = 124077152929472 read: Down Jacket
Thread with TID = 124077029197504 read: Moccasins
Thread with TID = 124077121472192 read: Cape Coat
Thread with TID = 124077018711744 read: Jacket
Thread with TID = 124077142443712 read: Rompers
Thread with TID = 124077131957952 read: Baseball Cap
Thread with TID = 124077039683264 read: Cargo Pants
Thread with TID = 124076997740224 read: Wrap Dress
Thread with TID = 124077008225984 read: WhiteShoes
Thread with TID = 124076976768704 read: Sun Hat
Thread with TID = 124076987254464 read: Scarf
Thread with TID = 124076966282944 read: Dress
Thread with TID = 124076924339904 read: Chinos
Thread with TID = 124076945311424 read: Puffer Jacket
Thread with TID = 124076903368384 read: Sandals
Thread with TID = 124076892882624 read: Hiking Boots
Thread with TID = 124076913854144 read: Jumpsuit
Thread with TID = 124076871911104 read: Tank Top
Thread with TID = 124076955797184 read: Swimsuit
Thread with TID = 124076882396864 read: Socks
Thread with TID = 124076934825664 read: Blouse with Frills
Thread with TID = 124076861425344 read: Cropped Jeans
Thread with TID = 124076840453824 read: Bikini
Thread with TID = 124076819482304 read: Visor
Thread with TID = 124076808996544 read: Shrug
Thread with TID = 124076829968064       (read and found): ((Hat))
Thread with TID = 124076798510784 read: Raincoat
Thread with TID = 124076788025024       (read and found): ((T-shirt))
Thread with TID = 124076735596224 read: Blouse
Thread with TID = 124076714624704 read: V-Neck Sweater
Thread with TID = 124076746081984 read: Flip Flops
Thread with TID = 124076850939584 read: Heels
Thread with TID = 124076767053504 read: Polo Shirt
Thread with TID = 124076725110464 read: Sports Bra
Thread with TID = 124076756567744 read: Windbreaker
Thread with TID = 124076777539264 read: Cycling Shorts
Thread with TID = 124076704138944 read: Sneakers
Thread with TID = 124076651710144 read: Overalls
Thread with TID = 124076693653184 read: Sweater
Thread with TID = 124076683167424 read: Formal Shirt
Thread with TID = 124076672681664 read: Maxi Dress
Thread with TID = 124076662195904 read: Ballet Flats
Thread with TID = 124076641224384 read: Beach Cover-Up
Thread with TID = 124076630738624 read: Fanny Pack
Thread with TID = 124076599281344 read: Leather Jacket
Thread with TID = 124076620252864 read: Off-Shoulder Dress
Thread with TID = 124076609767104 read: Kimono
Thread with TID = 124076578309824 read: Cardigan
Thread with TID = 124076588795584 read: Running Shoes
Thread with TID = 124076546852544 read: Gloves
Thread with TID = 124076536366784 read: Pajamas
Thread with TID = 124076525881024 read: Ruffle Top
Thread with TID = 124076567824064 read: Tights
Thread with TID = 124076557338304 read: Overcoat
