Process PID: 17187
Thread with TID = 135203762734784 read: Heels
Thread with TID = 135204098279104 read: Cropped Jeans
Thread with TID = 135204161193664 read: Puffer Jacket
Thread with TID = 135203511076544 read: Tracksuit
Thread with TID = 135203972449984 read: Cape Coat
Thread with TID = 135203888563904 read: Tank Top
Thread with TID = 135203710305984 read: Suit
Thread with TID = 135203689334464 read: Hoodie
Thread with TID = 135203878078144 read: Sun Hat
Thread with TID = 135203678848704 read: Sports Bra
Thread with TID = 135203699820224 read: Socks
Thread with TID = 135203993421504 read: Overcoat
Thread with TID = 135203668362944 read: Jumpsuit
Thread with TID = 135203825649344 read: Bolero
Thread with TID = 135203982935744 read: Thermal Shirt
Thread with TID = 135203857106624 read: Visor
Thread with TID = 135203836135104 read: Shrug
Thread with TID = 135203920021184 read: Denim Jacket
Thread with TID = 135203899049664       (read and found): ((Jeans))
Thread with TID = 135203720791744 read: Skirt
Thread with TID = 135203867592384 read: Leather Jacket
Thread with TID = 135204182165184 read: Blazer
Thread with TID = 135203846620864 read: Tights
Thread with TID = 135204108764864 read: Down Jacket
Thread with TID = 135203930506944 read: Rompers
Thread with TID = 135204203136704 read: Fanny Pack
Thread with TID = 135204077307584 read: Biker Jacket
Thread with TID = 135204119250624 read: Loafers
Thread with TID = 135204087793344 read: Baseball Cap
Thread with TID = 135204129736384 read: Hiking Boots
Thread with TID = 135203731277504 read: Ruffle Top
Thread with TID = 135204192650944 read: Kimono
Thread with TID = 135203804677824 read: Ankle Boots
Thread with TID = 135204066821824 read: Bathrobe
Thread with TID = 135203626419904 read: Pajamas
Thread with TID = 135204171679424 read: Blouse
Thread with TID = 135203741763264 read: Caftan
Thread with TID = 135203647391424 read: Jacket
Thread with TID = 135204056336064 read: Maxi Dress
Thread with TID = 135204003907264 read: Running Shoes
Thread with TID = 135203773220544 read: Beach Cover-Up
Thread with TID = 135203657877184 read: Ballet Flats
Thread with TID = 135204035364544 read: Blouse with Frills
Thread with TID = 135203615934144 read: Tuxedo
Thread with TID = 135204140222144 read: Windbreaker
Thread with TID = 135204213622464 read: Cycling Shorts
Thread with TID = 135203940992704 read: Sneakers
Thread with TID = 135203636905664 read: Moccasins
Thread with TID = 135203783706304 read: Overalls
Thread with TID = 135203416704704 read: Bucket Hat
Thread with TID = 135203448161984 read: Infinity Scarf
Thread with TID = 135204224108224 read: Cardigan
Thread with TID = 135203542533824 read: Formal Shirt
Thread with TID = 135203490105024 read: Swimsuit
Thread with TID = 135203584476864 read: V-Neck Sweater
Thread with TID = 135203752249024 read: Pleated Skirt
Thread with TID = 135203815163584 read: Slippers
Thread with TID = 135203532048064 read: Hat
Thread with TID = 135203794192064 read: Raincoat
Thread with TID = 135203594962624 read: Cargo Pants
Thread with TID = 135203500590784 read: Leggings
Thread with TID = 135203458647744 read: Off-Shoulder Dress
Thread with TID = 135203563505344 read: Polo Shirt
Thread with TID = 135203961964224 read: Wide-Leg Pants
Thread with TID = 135203406218944 read: Shorts
Thread with TID = 135204045850304 read: Chinos
Thread with TID = 135203437676224 read: T-shirt
Thread with TID = 135203573991104 read: Peacoat
Thread with TID = 135203469133504 read: Scarf
Thread with TID = 135204150707904 read: Parkas
Thread with TID = 135203605448384 read: Sweater
Thread with TID = 135203909535424 read: Bikini
Thread with TID = 135203427190464 read: Sandals
Thread with TID = 135203521562304 read: Poncho
Thread with TID = 135204024878784 read: Gloves
Thread with TID = 135203553019584 read: Dress
Thread with TID = 135203479619264 read: WhiteShoes
Thread with TID = 135204014393024 read: Flip Flops
Thread with TID = 135203951478464 read: Wrap Dress
