Process PID: 4357
Thread with TID = 138817952548544 read: Blazer
Thread with TID = 138817994491584 read: Cardigan
Thread with TID = 138817973520064 read: Fanny Pack
Thread with TID = 138817984005824 read: Cycling Shorts
Thread with TID = 138817963034304 read: Kimono
Thread with TID = 138817868662464 read: Cropped Jeans
Thread with TID = 138817858176704 read: Baseball Cap
Thread with TID = 138817837205184 read: Bathrobe
Thread with TID = 138817879148224 read: Down Jacket
Thread with TID = 138817942062784 read: Blouse
Thread with TID = 138817931577024 read: Puffer Jacket
Thread with TID = 138817921091264 read: Parkas
Thread with TID = 138817910605504 read: Windbreaker
Thread with TID = 138817900119744 read: Hiking Boots
Thread with TID = 138817889633984 read: Loafers
Thread with TID = 138817847690944 read: Biker Jacket
Thread with TID = 138817826719424 read: Maxi Dress
Thread with TID = 138817805747904 read: Blouse with Frills
Thread with TID = 138817816233664 read: Chinos
Thread with TID = 138817795262144 read: Gloves
Thread with TID = 138817784776384 read: Flip Flops
Thread with TID = 138817774290624 read: Running Shoes
Thread with TID = 138817753319104 read: Thermal Shirt
Thread with TID = 138817711376064 read: Sneakers
Thread with TID = 138817721861824 read: Wrap Dress
Thread with TID = 138817763804864 read: Overcoat
Thread with TID = 138817732347584 read: Wide-Leg Pants
Thread with TID = 138817742833344 read: Cape Coat
Thread with TID = 138817700890304 read: Rompers
Thread with TID = 138817346471616 read: Overalls
Thread with TID = 138817568769728 read: Leather Jacket
Thread with TID = 138817648461504 read: Sun Hat
Thread with TID = 138817658947264 read: Tank Top
Thread with TID = 138817679918784 read: Bikini
Thread with TID = 138817537312448 read: Shrug
Thread with TID = 138817526826688 read: Bolero
Thread with TID = 138817547798208 read: Tights
Thread with TID = 138817367443136 read: Ankle Boots
Thread with TID = 138817356957376 read: Raincoat
Thread with TID = 138817669433024       (read and found): ((Jeans))
Thread with TID = 138817516340928 read: Slippers
Thread with TID = 138817558283968 read: Visor
Thread with TID = 138817690404544 read: Denim Jacket
Thread with TID = 138817335985856 read: Beach Cover-Up
Thread with TID = 138816148997824 read: Bucket Hat
Thread with TID = 138816509707968 read: Leggings
Thread with TID = 138816318867136 read: Infinity Scarf
Thread with TID = 138816520193728 read: Tracksuit
Thread with TID = 138816339838656 read: Scarf
Thread with TID = 138816350324416 read: WhiteShoes
Thread with TID = 138816360810176 read: Swimsuit
Thread with TID = 138817315014336 read: Pleated Skirt
Thread with TID = 138817325500096 read: Heels
Thread with TID = 138816943818432 read: Ballet Flats
Thread with TID = 138816933332672 read: Jacket
Thread with TID = 138816530679488 read: Poncho
Thread with TID = 138816922846912 read: Moccasins
Thread with TID = 138816912361152 read: Pajamas
Thread with TID = 138816159483584 read: Sandals
Thread with TID = 138816308381376 read: T-shirt
Thread with TID = 138817166116544 read: Caftan
Thread with TID = 138816752977600 read: Sweater
Thread with TID = 138816742491840 read: Cargo Pants
Thread with TID = 138816763463360 read: Tuxedo
Thread with TID = 138816954304192 read: Jumpsuit
Thread with TID = 138816964789952 read: Sports Bra
Thread with TID = 138816732006080 read: V-Neck Sweater
Thread with TID = 138816721520320 read: Peacoat
Thread with TID = 138817124173504 read: Socks
Thread with TID = 138816138512064 read: Shorts
Thread with TID = 138816329352896 read: Off-Shoulder Dress
Thread with TID = 138817155630784 read: Ruffle Top
Thread with TID = 138817134659264 read: Suit
Thread with TID = 138817145145024 read: Skirt
Thread with TID = 138817113687744 read: Hoodie
Thread with TID = 138816711034560 read: Polo Shirt
Thread with TID = 138816562136768 read: Dress
Thread with TID = 138816551651008 read: Formal Shirt
Thread with TID = 138816541165248 read: Hat
