Process PID: 12851
Thread with TID = 126657696368320 read: Baseball Cap
Thread with TID = 126657664911040 read: Maxi Dress
Thread with TID = 126657612482240 read: Running Shoes
Thread with TID = 126657643939520 read: Blouse with Frills
Thread with TID = 126657801225920 read: Kimono
Thread with TID = 126657675396800 read: Bathrobe
Thread with TID = 126657654425280 read: Chinos
Thread with TID = 126657685882560 read: Biker Jacket
Thread with TID = 126657790740160 read: Blazer
Thread with TID = 126657822197440 read: Cycling Shorts
Thread with TID = 126657811711680 read: Fanny Pack
Thread with TID = 126657622968000 read: Flip Flops
Thread with TID = 126657717339840 read: Down Jacket
Thread with TID = 126657832683200 read: Cardigan
Thread with TID = 126657601996480 read: Overcoat
Thread with TID = 126657706854080 read: Cropped Jeans
Thread with TID = 126657727825600 read: Loafers
Thread with TID = 126657780254400 read: Blouse
Thread with TID = 126657748797120 read: Windbreaker
Thread with TID = 126657769768640 read: Puffer Jacket
Thread with TID = 126657738311360 read: Hiking Boots
Thread with TID = 126657633453760 read: Gloves
Thread with TID = 126657759282880 read: Parkas
Thread with TID = 126657065125568 read: Ankle Boots
Thread with TID = 126657457292992 read: Denim Jacket
Thread with TID = 126656884770496 read: Heels
Thread with TID = 126656905742016 read: Overalls
Thread with TID = 126655846680256 read: Bucket Hat
Thread with TID = 126656058492608 read: Swimsuit
Thread with TID = 126656068978368 read: Leggings
Thread with TID = 126655867651776 read: T-shirt
Thread with TID = 126655888623296 read: Off-Shoulder Dress
Thread with TID = 126655878137536 read: Infinity Scarf
Thread with TID = 126655857166016 read: Sandals
Thread with TID = 126656048006848 read: WhiteShoes
Thread with TID = 126655899109056 read: Scarf
Thread with TID = 126655697782464 read: Shorts
Thread with TID = 126657075611328 read: Slippers
Thread with TID = 126657499236032 read: Wide-Leg Pants
Thread with TID = 126657308395200 read: Bikini
Thread with TID = 126657591510720 read: Thermal Shirt
Thread with TID = 126657509721792 read: Cape Coat
Thread with TID = 126657054639808 read: Raincoat
Thread with TID = 126657107068608 read: Tights
Thread with TID = 126656895256256 read: Beach Cover-Up
Thread with TID = 126657488750272 read: Wrap Dress
Thread with TID = 126656461145792 read: Tuxedo
Thread with TID = 126656079464128 read: Tracksuit
Thread with TID = 126656089949888 read: Poncho
Thread with TID = 126657276937920 read: Sun Hat
Thread with TID = 126657467778752 read: Rompers
Thread with TID = 126657478264512 read: Sneakers
Thread with TID = 126657287423680 read: Tank Top
Thread with TID = 126657255966400 read: Visor
Thread with TID = 126657266452160 read: Leather Jacket
Thread with TID = 126657297909440       (read and found): ((Jeans))
Thread with TID = 126657096582848 read: Shrug
Thread with TID = 126657086097088 read: Bolero
Thread with TID = 126656863798976 read: Caftan
Thread with TID = 126656672958144 read: Hoodie
Thread with TID = 126656662472384 read: Sports Bra
Thread with TID = 126656270304960 read: Polo Shirt
Thread with TID = 126656683443904 read: Socks
Thread with TID = 126656503088832 read: Ballet Flats
Thread with TID = 126656471631552 read: Pajamas
Thread with TID = 126656280790720 read: Peacoat
Thread with TID = 126656482117312 read: Moccasins
Thread with TID = 126656693929664 read: Suit
Thread with TID = 126656853313216 read: Ruffle Top
Thread with TID = 126656704415424 read: Skirt
Thread with TID = 126656492603072 read: Jacket
Thread with TID = 126656301762240 read: Cargo Pants
Thread with TID = 126656100435648 read: Hat
Thread with TID = 126656651986624 read: Jumpsuit
Thread with TID = 126656259819200 read: Dress
Thread with TID = 126656450660032 read: Sweater
Thread with TID = 126656249333440 read: Formal Shirt
Thread with TID = 126656874284736 read: Pleated Skirt
Thread with TID = 126656291276480 read: V-Neck Sweater
