Process PID: 8953
Thread with TID = 137040484107968 read: Blazer
Thread with TID = 137040410707648 read: Bolero
Thread with TID = 137040452650688 read: Tracksuit
Thread with TID = 137040314238656 read: Ankle Boots
Thread with TID = 137040324724416 read: Denim Jacket
Thread with TID = 137040282781376 read: Hoodie
Thread with TID = 137040494593728 read: Peacoat
Thread with TID = 137040505079488 read: Shorts
Thread with TID = 137040526051008 read: Skirt
Thread with TID = 137040515565248 read: Slippers
Thread with TID = 137040442164928 read: Infinity Scarf
Thread with TID = 137040463136448 read: Parkas
Thread with TID = 137040293267136 read: Suit
Thread with TID = 137040303752896 read: Pleated Skirt
Thread with TID = 137040473622208 read: Thermal Shirt
Thread with TID = 137040272295616 read: Leggings
Thread with TID = 137040431679168 read: Bucket Hat
Thread with TID = 137040421193408 read: Bathrobe
Thread with TID = 137039989180096 read: Wide-Leg Pants
Thread with TID = 137040169535168 read: Loafers
Thread with TID = 137040138077888 read: Caftan
Thread with TID = 137040159049408 read: Poncho
Thread with TID = 137039947237056 read: Cape Coat
Thread with TID = 137039968208576 read: Rompers
Thread with TID = 137039936751296 read: Cargo Pants
Thread with TID = 137039978694336 read: Down Jacket
Thread with TID = 137040190506688 read: Tuxedo
Thread with TID = 137040180020928       (read and found): ((Jeans))
Thread with TID = 137039854962368 read: Moccasins
Thread with TID = 137039957722816 read: Baseball Cap
Thread with TID = 137039844476608 read: Jacket
Thread with TID = 137039802533568 read: Sun Hat
Thread with TID = 137039823505088 read: Wrap Dress
Thread with TID = 137039833990848 read: WhiteShoes
Thread with TID = 137039689287360 read: Blouse with Frills
Thread with TID = 137039720744640 read: Dress
Thread with TID = 137039813019328 read: Scarf
Thread with TID = 137039699773120 read: Puffer Jacket
Thread with TID = 137039668315840 read: Jumpsuit
Thread with TID = 137039710258880 read: Swimsuit
Thread with TID = 137039678801600 read: Chinos
Thread with TID = 137040148563648 read: Biker Jacket
Thread with TID = 137039565555392 read: Socks
Thread with TID = 137039586526912 read: Sandals
Thread with TID = 137039544583872 read: Cropped Jeans
Thread with TID = 137039555069632 read: Tank Top
Thread with TID = 137039534098112 read: Heels
Thread with TID = 137039523612352 read: Bikini
Thread with TID = 137039513126592 read: Hat
Thread with TID = 137039492155072 read: Shrug
Thread with TID = 137039502640832 read: Visor
Thread with TID = 137039576041152 read: Hiking Boots
Thread with TID = 137039481669312 read: Raincoat
Thread with TID = 137039460697792 read: Cycling Shorts
Thread with TID = 137039450212032 read: Polo Shirt
Thread with TID = 137039408268992 read: Sports Bra
Thread with TID = 137039439726272 read: Windbreaker
Thread with TID = 137039418754752 read: Blouse
Thread with TID = 137039429240512 read: Flip Flops
Thread with TID = 137039376811712 read: Sweater
Thread with TID = 137039387297472 read: Sneakers
Thread with TID = 137039366325952 read: Formal Shirt
Thread with TID = 137039397783232 read: V-Neck Sweater
Thread with TID = 137039471183552 read: T-shirt
Thread with TID = 137039355840192 read: Maxi Dress
Thread with TID = 137039324382912 read: Beach Cover-Up
Thread with TID = 137039345354432 read: Ballet Flats
Thread with TID = 137039313897152 read: Fanny Pack
Thread with TID = 137039334868672 read: Overalls
Thread with TID = 137039303411392 read: Off-Shoulder Dress
Thread with TID = 137039292925632 read: Kimono
Thread with TID = 137039250982592 read: Tights
Thread with TID = 137039230011072 read: Gloves
Thread with TID = 137039240496832 read: Overcoat
Thread with TID = 137039271954112 read: Running Shoes
Thread with TID = 137039219525312 read: Pajamas
Thread with TID = 137039261468352 read: Cardigan
Thread with TID = 137039282439872 read: Leather Jacket
Thread with TID = 137039209039552 read: Ruffle Top
