Process PID: 11191
Thread with TID = 125316422960832 read: Slippers
Thread with TID = 125316412475072 read: Shorts
Thread with TID = 125316433446592 read: Skirt
Thread with TID = 125316401989312 read: Peacoat
Thread with TID = 125316391503552 read: Blazer
Thread with TID = 125316381017792 read: Thermal Shirt
Thread with TID = 125316370532032 read: Parkas
Thread with TID = 125316271965888 read: Infinity Scarf
Thread with TID = 125316360046272 read: Tracksuit
Thread with TID = 125316250994368 read: Bathrobe
Thread with TID = 125316261480128 read: Bucket Hat
Thread with TID = 125316127262400 read: Suit
Thread with TID = 125316219537088 read: Ankle Boots
Thread with TID = 125316230022848 read: Denim Jacket
Thread with TID = 125316240508608 read: Bolero
Thread with TID = 125316095805120 read: Tuxedo
Thread with TID = 125316137748160 read: Pleated Skirt
Thread with TID = 125316106290880 read: Leggings
Thread with TID = 125316116776640 read: Hoodie
Thread with TID = 125316085319360       (read and found): ((Jeans))
Thread with TID = 125316003530432 read: Loafers
Thread with TID = 125315993044672 read: Poncho
Thread with TID = 125315877701312 read: WhiteShoes
Thread with TID = 125315856729792 read: Scarf
Thread with TID = 125315982558912 read: Biker Jacket
Thread with TID = 125315940615872 read: Rompers
Thread with TID = 125315909158592 read: Cargo Pants
Thread with TID = 125315835758272 read: Dress
Thread with TID = 125315972073152 read: Caftan
Thread with TID = 125315804300992 read: Blouse with Frills
Thread with TID = 125315825272512 read: Swimsuit
Thread with TID = 125315898672832 read: Moccasins
Thread with TID = 125315762357952 read: Hiking Boots
Thread with TID = 125315783329472 read: Jumpsuit
Thread with TID = 125315751872192 read: Socks
Thread with TID = 125315772843712 read: Sandals
Thread with TID = 125315741386432 read: Tank Top
Thread with TID = 125315961587392 read: Wide-Leg Pants
Thread with TID = 125315846244032 read: Sun Hat
Thread with TID = 125315930130112 read: Baseball Cap
Thread with TID = 125315867215552 read: Wrap Dress
Thread with TID = 125315951101632 read: Down Jacket
Thread with TID = 125315793815232 read: Chinos
Thread with TID = 125315888187072 read: Jacket
Thread with TID = 125315596682944 read: Cropped Jeans
Thread with TID = 125315575711424 read: T-shirt
Thread with TID = 125315565225664 read: Cycling Shorts
Thread with TID = 125315554739904 read: Polo Shirt
Thread with TID = 125315586197184 read: Raincoat
Thread with TID = 125315456173760 read: Flip Flops
Thread with TID = 125315720414912 read: Bikini
Thread with TID = 125315424716480 read: V-Neck Sweater
Thread with TID = 125315414230720 read: Sneakers
Thread with TID = 125315332441792 read: Sweater
Thread with TID = 125315709929152 read: Hat
Thread with TID = 125315730900672 read: Heels
Thread with TID = 125315290498752 read: Overalls
Thread with TID = 125315311470272 read: Maxi Dress
Thread with TID = 125315321956032 read: Formal Shirt
Thread with TID = 125315280012992 read: Beach Cover-Up
Thread with TID = 125315198224064 read: Fanny Pack
Thread with TID = 125315156281024 read: Running Shoes
Thread with TID = 125315145795264 read: Cardigan
Thread with TID = 125315187738304 read: Off-Shoulder Dress
Thread with TID = 125315919644352 read: Cape Coat
Thread with TID = 125315699443392 read: Visor
Thread with TID = 125315688957632 read: Shrug
Thread with TID = 125315466659520 read: Windbreaker
Thread with TID = 125315177252544 read: Kimono
Thread with TID = 125315814786752 read: Puffer Jacket
Thread with TID = 125315445688000 read: Blouse
Thread with TID = 125315435202240 read: Sports Bra
Thread with TID = 125315053520576 read: Overcoat
Thread with TID = 125315064006336 read: Tights
Thread with TID = 125315300984512 read: Ballet Flats
Thread with TID = 125315166766784 read: Leather Jacket
Thread with TID = 125315043034816 read: Gloves
Thread with TID = 125315032549056 read: Pajamas
Thread with TID = 125315022063296 read: Ruffle Top
