Process PID: 13360
Thread with TID = 134536281196224 read: Bucket Hat
Thread with TID = 134536228767424 read: Pleated Skirt
Thread with TID = 134536239253184 read: Ankle Boots
Thread with TID = 134536207795904 read: Hoodie
Thread with TID = 134536197310144 read: Leggings
Thread with TID = 134536333625024 read: Blazer
Thread with TID = 134536354596544 read: Shorts
Thread with TID = 134536375568064 read: Skirt
Thread with TID = 134536312653504 read: Parkas
Thread with TID = 134536302167744 read: Tracksuit
Thread with TID = 134536291681984 read: Infinity Scarf
Thread with TID = 134536344110784 read: Peacoat
Thread with TID = 134536260224704 read: Bolero
Thread with TID = 134536218281664 read: Suit
Thread with TID = 134536270710464 read: Bathrobe
Thread with TID = 134536323139264 read: Thermal Shirt
Thread with TID = 134536186824384 read: Tuxedo
Thread with TID = 134536069383872 read: Biker Jacket
Thread with TID = 134536090355392 read: Loafers
Thread with TID = 134536079869632 read: Poncho
Thread with TID = 134536249738944 read: Denim Jacket
Thread with TID = 134536365082304 read: Slippers
Thread with TID = 134536058898112 read: Caftan
Thread with TID = 134536176338624       (read and found): ((Jeans))
Thread with TID = 134536048412352 read: Wide-Leg Pants
Thread with TID = 134536037926592 read: Down Jacket
Thread with TID = 134535956137664 read: Rompers
Thread with TID = 134535903708864 read: Jacket
Thread with TID = 134535285049024 read: WhiteShoes
Thread with TID = 134535945651904 read: Baseball Cap
Thread with TID = 134535274563264 read: Wrap Dress
Thread with TID = 134535914194624 read: Moccasins
Thread with TID = 134535253591744 read: Sun Hat
Thread with TID = 134535264077504 read: Scarf
Thread with TID = 134535243105984 read: Dress
Thread with TID = 134535935166144 read: Cape Coat
Thread with TID = 134535924680384 read: Cargo Pants
Thread with TID = 134535232620224 read: Swimsuit
Thread with TID = 134535201162944 read: Chinos
Thread with TID = 134535190677184 read: Jumpsuit
Thread with TID = 134535222134464 read: Puffer Jacket
Thread with TID = 134535211648704 read: Blouse with Frills
Thread with TID = 134535180191424 read: Sandals
Thread with TID = 134535169705664 read: Hiking Boots
Thread with TID = 134535096305344 read: Visor
Thread with TID = 134535106791104 read: Hat
Thread with TID = 134535085819584 read: Shrug
Thread with TID = 134535064848064 read: T-shirt
Thread with TID = 134535054362304 read: Cycling Shorts
Thread with TID = 134535043876544 read: Polo Shirt
Thread with TID = 134535138248384 read: Cropped Jeans
Thread with TID = 134535033390784 read: Windbreaker
Thread with TID = 134535159219904 read: Socks
Thread with TID = 134535075333824 read: Raincoat
Thread with TID = 134535148734144 read: Tank Top
Thread with TID = 134535127762624 read: Heels
Thread with TID = 134534980961984 read: Sneakers
Thread with TID = 134535117276864 read: Bikini
Thread with TID = 134535001933504 read: Sports Bra
Thread with TID = 134535012419264 read: Blouse
Thread with TID = 134534991447744 read: V-Neck Sweater
Thread with TID = 134535022905024 read: Flip Flops
Thread with TID = 134534970476224 read: Sweater
Thread with TID = 134534928533184 read: Overalls
Thread with TID = 134534959990464 read: Formal Shirt
Thread with TID = 134534918047424 read: Beach Cover-Up
Thread with TID = 134534949504704 read: Maxi Dress
Thread with TID = 134534907561664 read: Fanny Pack
Thread with TID = 134534897075904 read: Off-Shoulder Dress
Thread with TID = 134534886590144 read: Kimono
Thread with TID = 134534876104384 read: Leather Jacket
Thread with TID = 134534865618624 read: Running Shoes
Thread with TID = 134534939018944 read: Ballet Flats
Thread with TID = 134534813189824 read: Pajamas
Thread with TID = 134534855132864 read: Cardigan
Thread with TID = 134534844647104 read: Tights
Thread with TID = 134534823675584 read: Gloves
Thread with TID = 134534834161344 read: Overcoat
Thread with TID = 134534802704064 read: Ruffle Top
