Process PID: 15537
Thread with TID = 138243664250560 read: Thermal Shirt
Thread with TID = 138243674736320 read: Blazer
Thread with TID = 138243685222080 read: Peacoat
Thread with TID = 138243653764800 read: Parkas
Thread with TID = 138243643279040 read: Tracksuit
Thread with TID = 138243590850240 read: Denim Jacket
Thread with TID = 138243622307520 read: Bucket Hat
Thread with TID = 138243695707840 read: Shorts
Thread with TID = 138243580364480 read: Ankle Boots
Thread with TID = 138243706193600 read: Slippers
Thread with TID = 138243716679360 read: Skirt
Thread with TID = 138243601336000 read: Bolero
Thread with TID = 138243632793280 read: Infinity Scarf
Thread with TID = 138243611821760 read: Bathrobe
Thread with TID = 138243569878720 read: Pleated Skirt
Thread with TID = 138243559392960 read: Suit
Thread with TID = 138243431466688 read: Loafers
Thread with TID = 138243538421440 read: Leggings
Thread with TID = 138243452438208 read: Tuxedo
Thread with TID = 138243410495168 read: Biker Jacket
Thread with TID = 138243441952448       (read and found): ((Jeans))
Thread with TID = 138243548907200 read: Hoodie
Thread with TID = 138243420980928 read: Poncho
Thread with TID = 138243400009408 read: Caftan
Thread with TID = 138243184002752 read: Wide-Leg Pants
Thread with TID = 138243163031232 read: Rompers
Thread with TID = 138243152545472 read: Baseball Cap
Thread with TID = 138243173516992 read: Down Jacket
Thread with TID = 138243121088192 read: Moccasins
Thread with TID = 138243142059712 read: Cape Coat
Thread with TID = 138243131573952 read: Cargo Pants
Thread with TID = 138243100116672 read: WhiteShoes
Thread with TID = 138243110602432 read: Jacket
Thread with TID = 138243089630912 read: Wrap Dress
Thread with TID = 138243068659392 read: Sun Hat
Thread with TID = 138243079145152 read: Scarf
Thread with TID = 138243058173632 read: Dress
Thread with TID = 138242974287552 read: Socks
Thread with TID = 138242890401472 read: Raincoat
Thread with TID = 138242995259072 read: Sandals
Thread with TID = 138242879915712       (read and found): ((T-shirt))
Thread with TID = 138242911372992 read: Visor
Thread with TID = 138242942830272 read: Heels
Thread with TID = 138243047687872 read: Swimsuit
Thread with TID = 138242869429952 read: Cycling Shorts
Thread with TID = 138242932344512 read: Bikini
Thread with TID = 138242900887232 read: Shrug
Thread with TID = 138242963801792 read: Tank Top
Thread with TID = 138242984773312 read: Hiking Boots
Thread with TID = 138242837972672 read: Flip Flops
Thread with TID = 138242848458432 read: Windbreaker
Thread with TID = 138243016230592 read: Chinos
Thread with TID = 138243005744832 read: Jumpsuit
Thread with TID = 138243037202112 read: Puffer Jacket
Thread with TID = 138242953316032 read: Cropped Jeans
Thread with TID = 138243026716352 read: Blouse with Frills
Thread with TID = 138242806515392 read: V-Neck Sweater
Thread with TID = 138242827486912 read: Blouse
Thread with TID = 138242858944192 read: Polo Shirt
Thread with TID = 138242817001152 read: Sports Bra
Thread with TID = 138242921858752       (read and found): ((Hat))
Thread with TID = 138242796029632 read: Sneakers
Thread with TID = 138242714240704 read: Sweater
Thread with TID = 138242703754944 read: Formal Shirt
Thread with TID = 138242661811904 read: Beach Cover-Up
Thread with TID = 138242693269184 read: Maxi Dress
Thread with TID = 138242682783424 read: Ballet Flats
Thread with TID = 138242672297664 read: Overalls
Thread with TID = 138242640840384 read: Off-Shoulder Dress
Thread with TID = 138242630354624 read: Kimono
Thread with TID = 138242619868864 read: Leather Jacket
Thread with TID = 138242651326144 read: Fanny Pack
Thread with TID = 138242609383104 read: Running Shoes
Thread with TID = 138242567440064 read: Gloves
Thread with TID = 138242546468544 read: Ruffle Top
Thread with TID = 138242588411584 read: Tights
Thread with TID = 138242577925824 read: Overcoat
Thread with TID = 138242556954304 read: Pajamas
Thread with TID = 138242598897344 read: Cardigan
