Process PID: 6170
Thread with TID = 125075869140672 read: Parkas
Thread with TID = 125075816711872 read: Bolero
Thread with TID = 125075848169152 read: Infinity Scarf
Thread with TID = 125075858654912 read: Tracksuit
Thread with TID = 125075932055232 read: Skirt
Thread with TID = 125075921569472 read: Slippers
Thread with TID = 125075911083712 read: Shorts
Thread with TID = 125075837683392 read: Bucket Hat
Thread with TID = 125075900597952 read: Peacoat
Thread with TID = 125075890112192 read: Blazer
Thread with TID = 125075879626432 read: Thermal Shirt
Thread with TID = 125075827197632 read: Bathrobe
Thread with TID = 125075806226112 read: Denim Jacket
Thread with TID = 125075795740352 read: Ankle Boots
Thread with TID = 125075785254592 read: Pleated Skirt
Thread with TID = 125075774768832 read: Suit
Thread with TID = 125075686688448 read: Hoodie
Thread with TID = 125075665716928 read: Tuxedo
Thread with TID = 125075644745408 read: Loafers
Thread with TID = 125075634259648 read: Poncho
Thread with TID = 125075676202688 read: Leggings
Thread with TID = 125075655231168       (read and found): ((Jeans))
Thread with TID = 125075623773888 read: Biker Jacket
Thread with TID = 125075592316608 read: Down Jacket
Thread with TID = 125075550373568 read: Cargo Pants
Thread with TID = 125075529402048 read: Jacket
Thread with TID = 125075613288128 read: Caftan
Thread with TID = 125075571345088 read: Baseball Cap
Thread with TID = 125075418252992 read: WhiteShoes
Thread with TID = 125075560859328 read: Cape Coat
Thread with TID = 125075539887808 read: Moccasins
Thread with TID = 125075581830848 read: Rompers
Thread with TID = 125075602802368 read: Wide-Leg Pants
Thread with TID = 125075518916288 read: Wrap Dress
Thread with TID = 125075508430528 read: Scarf
Thread with TID = 125075407767232 read: Dress
Thread with TID = 125075497944768 read: Sun Hat
Thread with TID = 125075386795712 read: Puffer Jacket
Thread with TID = 125075397281472 read: Swimsuit
Thread with TID = 125075376309952 read: Blouse with Frills
Thread with TID = 125075284035264 read: Jumpsuit
Thread with TID = 125075365824192 read: Chinos
Thread with TID = 125075252577984 read: Socks
Thread with TID = 125075242092224 read: Tank Top
Thread with TID = 125075231606464 read: Cropped Jeans
Thread with TID = 125075263063744 read: Hiking Boots
Thread with TID = 125075139331776 read: Bikini
Thread with TID = 125075149817536 read: Heels
Thread with TID = 125075107874496 read: Shrug
Thread with TID = 125075097388736 read: Raincoat
Thread with TID = 125075086902976       (read and found): ((T-shirt))
Thread with TID = 125075273549504 read: Sandals
Thread with TID = 125075076417216 read: Cycling Shorts
Thread with TID = 125075128846016       (read and found): ((Hat))
Thread with TID = 125075065931456 read: Polo Shirt
Thread with TID = 125075055445696 read: Windbreaker
Thread with TID = 125075118360256 read: Visor
Thread with TID = 125075044959936 read: Flip Flops
Thread with TID = 125075034474176 read: Blouse
Thread with TID = 125075023988416 read: Sports Bra
Thread with TID = 125075013502656 read: V-Neck Sweater
Thread with TID = 125075003016896 read: Sneakers
Thread with TID = 125074992531136 read: Sweater
Thread with TID = 125074982045376 read: Formal Shirt
Thread with TID = 125074971559616 read: Maxi Dress
Thread with TID = 125074961073856 read: Ballet Flats
Thread with TID = 125074950588096 read: Overalls
Thread with TID = 125074940102336 read: Beach Cover-Up
Thread with TID = 125074929616576 read: Fanny Pack
Thread with TID = 125074919130816 read: Off-Shoulder Dress
Thread with TID = 125074908645056 read: Kimono
Thread with TID = 125074898159296 read: Leather Jacket
Thread with TID = 125074887673536 read: Running Shoes
Thread with TID = 125074877187776 read: Cardigan
Thread with TID = 125074866702016 read: Tights
Thread with TID = 125074856216256 read: Overcoat
Thread with TID = 125074845730496 read: Gloves
Thread with TID = 125074835244736 read: Pajamas
Thread with TID = 125074824758976 read: Ruffle Top
