Process PID: 18011
Thread with TID = 132214446622400 read: Peacoat
Thread with TID = 132214478079680 read: Skirt
Thread with TID = 132214467593920 read: Slippers
Thread with TID = 132214436136640 read: Blazer
Thread with TID = 132214425650880 read: Thermal Shirt
Thread with TID = 132214415165120 read: Parkas
Thread with TID = 132214324987584 read: Tracksuit
Thread with TID = 132214457108160 read: Shorts
Thread with TID = 132214180284096 read: Suit
Thread with TID = 132214293530304 read: Bolero
Thread with TID = 132214404679360 read: Infinity Scarf
Thread with TID = 132214314501824 read: Bucket Hat
Thread with TID = 132214272558784 read: Ankle Boots
Thread with TID = 132214169798336 read: Hoodie
Thread with TID = 132214138341056       (read and found): ((Jeans))
Thread with TID = 132214190769856 read: Pleated Skirt
Thread with TID = 132214046066368 read: Poncho
Thread with TID = 132214159312576 read: Leggings
Thread with TID = 132214304016064 read: Bathrobe
Thread with TID = 132214283044544 read: Denim Jacket
Thread with TID = 132214148826816 read: Tuxedo
Thread with TID = 132214056552128 read: Loafers
Thread with TID = 132214014609088 read: Wide-Leg Pants
Thread with TID = 132214035580608 read: Biker Jacket
Thread with TID = 132213901362880 read: Cape Coat
Thread with TID = 132214004123328 read: Down Jacket
Thread with TID = 132213922334400 read: Rompers
Thread with TID = 132213911848640 read: Baseball Cap
Thread with TID = 132214025094848 read: Caftan
Thread with TID = 132213890877120 read: Cargo Pants
Thread with TID = 132213859419840 read: WhiteShoes
Thread with TID = 132213848934080 read: Wrap Dress
Thread with TID = 132213838448320 read: Scarf
Thread with TID = 132213869905600 read: Jacket
Thread with TID = 132213827962560 read: Sun Hat
Thread with TID = 132213806991040 read: Swimsuit
Thread with TID = 132213817476800 read: Dress
Thread with TID = 132213880391360 read: Moccasins
Thread with TID = 132213786019520 read: Blouse with Frills
Thread with TID = 132213775533760 read: Chinos
Thread with TID = 132213754562240 read: Sandals
Thread with TID = 132213744076480 read: Hiking Boots
Thread with TID = 132213733590720 read: Socks
Thread with TID = 132213765048000 read: Jumpsuit
Thread with TID = 132213796505280 read: Puffer Jacket
Thread with TID = 132213723104960 read: Tank Top
Thread with TID = 132213712619200 read: Cropped Jeans
Thread with TID = 132213691647680 read: Bikini
Thread with TID = 132213681161920       (read and found): ((Hat))
Thread with TID = 132213670676160 read: Visor
Thread with TID = 132213660190400 read: Shrug
Thread with TID = 132213702133440 read: Heels
Thread with TID = 132213649704640 read: Raincoat
Thread with TID = 132213639218880       (read and found): ((T-shirt))
Thread with TID = 132213618247360 read: Polo Shirt
Thread with TID = 132213597275840 read: Flip Flops
Thread with TID = 132213576304320 read: Sports Bra
Thread with TID = 132213544847040 read: Sweater
Thread with TID = 132213523875520 read: Maxi Dress
Thread with TID = 132213628733120 read: Cycling Shorts
Thread with TID = 132213565818560 read: V-Neck Sweater
Thread with TID = 132213586790080 read: Blouse
Thread with TID = 132213607761600 read: Windbreaker
Thread with TID = 132213555332800 read: Sneakers
Thread with TID = 132213513389760 read: Ballet Flats
Thread with TID = 132213481932480 read: Fanny Pack
Thread with TID = 132213534361280 read: Formal Shirt
Thread with TID = 132213502904000 read: Overalls
Thread with TID = 132213492418240 read: Beach Cover-Up
Thread with TID = 132213471446720 read: Off-Shoulder Dress
Thread with TID = 132213429503680 read: Cardigan
Thread with TID = 132213450475200 read: Leather Jacket
Thread with TID = 132213460960960 read: Kimono
Thread with TID = 132213387560640 read: Pajamas
Thread with TID = 132213398046400 read: Gloves
Thread with TID = 132213377074880 read: Ruffle Top
Thread with TID = 132213439989440 read: Running Shoes
Thread with TID = 132213408532160 read: Overcoat
Thread with TID = 132213419017920 read: Tights
