Process PID: 15094
Thread with TID = 131711943837376 read: Heels
Thread with TID = 131712405210816 read: Cardigan
Thread with TID = 131712394725056 read: Cycling Shorts
Thread with TID = 131712363267776 read: Blazer
Thread with TID = 131712373753536 read: Kimono
Thread with TID = 131712342296256 read: Puffer Jacket
Thread with TID = 131712331810496 read: Parkas
Thread with TID = 131712321324736 read: Windbreaker
Thread with TID = 131712310838976 read: Hiking Boots
Thread with TID = 131712279381696 read: Cropped Jeans
Thread with TID = 131712268895936 read: Baseball Cap
Thread with TID = 131712069666496 read: Tank Top
Thread with TID = 131712247924416 read: Bathrobe
Thread with TID = 131712185009856 read: Running Shoes
Thread with TID = 131712300353216 read: Loafers
Thread with TID = 131711912380096 read: Ruffle Top
Thread with TID = 131712352782016 read: Blouse
Thread with TID = 131711975294656 read: Raincoat
Thread with TID = 131711964808896 read: Overalls
Thread with TID = 131712038209216 read: Visor
Thread with TID = 131712384239296 read: Fanny Pack
Thread with TID = 131711954323136 read: Beach Cover-Up
Thread with TID = 131711996266176 read: Slippers
Thread with TID = 131712059180736 read: Sun Hat
Thread with TID = 131712006751936 read: Bolero
Thread with TID = 131711922865856 read: Caftan
Thread with TID = 131711933351616 read: Pleated Skirt
Thread with TID = 131712289867456 read: Down Jacket
Thread with TID = 131712258410176 read: Biker Jacket
Thread with TID = 131712237438656 read: Maxi Dress
Thread with TID = 131712226952896 read: Chinos
Thread with TID = 131712216467136 read: Blouse with Frills
Thread with TID = 131712205981376 read: Gloves
Thread with TID = 131712174524096 read: Overcoat
Thread with TID = 131712111609536 read: Rompers
Thread with TID = 131712122095296 read: Sneakers
Thread with TID = 131712101123776 read: Denim Jacket
Thread with TID = 131712080152256       (read and found): ((Jeans))
Thread with TID = 131712048694976 read: Leather Jacket
Thread with TID = 131712027723456 read: Tights
Thread with TID = 131712017237696 read: Shrug
Thread with TID = 131711985780416 read: Ankle Boots
Thread with TID = 131711901894336 read: Skirt
Thread with TID = 131711457298112 read: Dress
Thread with TID = 131711891408576 read: Suit
Thread with TID = 131711276943040 read: Tracksuit
Thread with TID = 131711436326592 read: Hat
Thread with TID = 131711425840832 read: Poncho
Thread with TID = 131712132581056 read: Wrap Dress
Thread with TID = 131711669110464 read: Pajamas
Thread with TID = 131711648138944 read: Sweater
Thread with TID = 131711658624704 read: Tuxedo
Thread with TID = 131711679596224 read: Moccasins
Thread with TID = 131711849465536 read: Jumpsuit
Thread with TID = 131711627167424 read: V-Neck Sweater
Thread with TID = 131711838979776 read: Ballet Flats
Thread with TID = 131711859951296 read: Sports Bra
Thread with TID = 131711266457280 read: Leggings
Thread with TID = 131711446812352 read: Formal Shirt
Thread with TID = 131711478269632 read: Peacoat
Thread with TID = 131711637653184 read: Cargo Pants
Thread with TID = 131711880922816 read: Socks
Thread with TID = 131711467783872 read: Polo Shirt
Thread with TID = 131711870437056 read: Hoodie
Thread with TID = 131711828494016 read: Jacket
Thread with TID = 131711245485760 read: WhiteShoes
Thread with TID = 131711255971520 read: Swimsuit
Thread with TID = 131711033673408 read: Shorts
Thread with TID = 131711065130688 read: T-shirt
Thread with TID = 131711235000000 read: Scarf
Thread with TID = 131711224514240 read: Off-Shoulder Dress
Thread with TID = 131711044159168 read: Bucket Hat
Thread with TID = 131711075616448 read: Infinity Scarf
Thread with TID = 131711054644928 read: Sandals
Thread with TID = 131712143066816 read: Wide-Leg Pants
Thread with TID = 131712195495616 read: Flip Flops
Thread with TID = 131712153552576 read: Cape Coat
Thread with TID = 131712164038336 read: Thermal Shirt
Thread with TID = 131712090638016 read: Bikini
