Process PID: 34099
Thread with TID = 140737284933312 read: Parkas
Thread with TID = 140737211532992 read: Ankle Boots
Thread with TID = 140737326876352 read: Shorts
Thread with TID = 140737316390592 read: Peacoat
Thread with TID = 140737347847872 read: Skirt
Thread with TID = 140737274447552 read: Tracksuit
Thread with TID = 140737263961792 read: Infinity Scarf
Thread with TID = 140737253476032 read: Bucket Hat
Thread with TID = 140737242990272 read: Bathrobe
Thread with TID = 140737232504512 read: Bolero
Thread with TID = 140737222018752 read: Denim Jacket
Thread with TID = 140737295419072 read: Thermal Shirt
Thread with TID = 140737201047232 read: Pleated Skirt
Thread with TID = 140737190561472 read: Suit
Thread with TID = 140737083606720 read: Tuxedo
Thread with TID = 140737052149440 read: Poncho
Thread with TID = 140737180075712 read: Hoodie
Thread with TID = 140737073120960 read: Jeans
Thread with TID = 140737169589952 read: Leggings
Thread with TID = 140737062635200 read: Loafers
Thread with TID = 140737337362112 read: Slippers
Thread with TID = 140737041663680 read: Biker Jacket
Thread with TID = 140737031177920 read: Caftan
Thread with TID = 140737305904832 read: Blazer
Thread with TID = 140736949388992 read: Wide-Leg Pants
Thread with TID = 140736938903232 read: Down Jacket
Thread with TID = 140736928417472 read: Rompers
Thread with TID = 140736907445952 read: Cape Coat
Thread with TID = 140736917931712 read: Baseball Cap
Thread with TID = 140736815171264 read: Moccasins
Thread with TID = 140736804685504 read: Jacket
Thread with TID = 140736794199744 read: WhiteShoes
Thread with TID = 140736896960192 read: Cargo Pants
Thread with TID = 140736783713984 read: Wrap Dress
Thread with TID = 140736773228224 read: Scarf
Thread with TID = 140736762742464 read: Sun Hat
Thread with TID = 140736680953536 read: Dress
Thread with TID = 140736670467776 read: Swimsuit
Thread with TID = 140736536250048 read: Hiking Boots
Thread with TID = 140736412518080 read: Bikini
Thread with TID = 140736391546560 read: Visor
Thread with TID = 140736649496256 read: Blouse with Frills
Thread with TID = 140736381060800 read: Shrug
Thread with TID = 140736628524736 read: Jumpsuit
Thread with TID = 140736659982016 read: Puffer Jacket
Thread with TID = 140736525764288 read: Socks
Thread with TID = 140736546735808 read: Sandals
Thread with TID = 140736370575040 read: Raincoat
Thread with TID = 140736360089280 read: T-shirt
Thread with TID = 140736402032320 read: Hat
Thread with TID = 140736515278528 read: Tank Top
Thread with TID = 140736504792768 read: Cropped Jeans
Thread with TID = 140736494307008 read: Heels
Thread with TID = 140736278300352 read: Cycling Shorts
Thread with TID = 140736639010496 read: Chinos
Thread with TID = 140736267814592 read: Polo Shirt
Thread with TID = 140736246843072 read: Flip Flops
Thread with TID = 140736225871552 read: Sports Bra
Thread with TID = 140736144082624 read: V-Neck Sweater
Thread with TID = 140736236357312 read: Blouse
Thread with TID = 140736257328832 read: Windbreaker
Thread with TID = 140736112625344 read: Formal Shirt
Thread with TID = 140736102139584 read: Maxi Dress
Thread with TID = 140736009864896 read: Overalls
Thread with TID = 140735988893376 read: Fanny Pack
Thread with TID = 140736133596864 read: Sneakers
Thread with TID = 140735957436096 read: Leather Jacket
Thread with TID = 140736123111104 read: Sweater
Thread with TID = 140735978407616 read: Off-Shoulder Dress
Thread with TID = 140736091653824 read: Ballet Flats
Thread with TID = 140735999379136 read: Beach Cover-Up
Thread with TID = 140735875647168 read: Running Shoes
Thread with TID = 140735967921856 read: Kimono
Thread with TID = 140735854675648 read: Tights
Thread with TID = 140735741429440 read: Ruffle Top
Thread with TID = 140735865161408 read: Cardigan
Thread with TID = 140735823218368 read: Pajamas
Thread with TID = 140735844189888 read: Overcoat
Thread with TID = 140735833704128 read: Gloves
