Process PID: 30208
Thread with TID = 138794154067648 read: Skirt
Thread with TID = 138794143581888 read: Slippers
Thread with TID = 138794122610368 read: Peacoat
Thread with TID = 138793856272064 read: Poncho
Thread with TID = 138793950643904 read: Denim Jacket
Thread with TID = 138793940158144 read: Ankle Boots
Thread with TID = 138793929672384 read: Pleated Skirt
Thread with TID = 138793961129664 read: Bolero
Thread with TID = 138793971615424 read: Bathrobe
Thread with TID = 138793919186624 read: Suit
Thread with TID = 138793866757824 read: Loafers
Thread with TID = 138794101638848 read: Thermal Shirt
Thread with TID = 138794133096128 read: Shorts
Thread with TID = 138794013558464 read: Parkas
Thread with TID = 138794112124608 read: Blazer
Thread with TID = 138793898215104 read: Leggings
Thread with TID = 138793887729344 read: Tuxedo
Thread with TID = 138793877243584       (read and found): ((Jeans))
Thread with TID = 138793982101184 read: Bucket Hat
Thread with TID = 138794003072704 read: Tracksuit
Thread with TID = 138793908700864 read: Hoodie
Thread with TID = 138793845786304 read: Biker Jacket
Thread with TID = 138793835300544 read: Caftan
Thread with TID = 138793734637248 read: Rompers
Thread with TID = 138793745123008 read: Down Jacket
Thread with TID = 138793610905280 read: Jacket
Thread with TID = 138793992586944 read: Infinity Scarf
Thread with TID = 138793692694208 read: Moccasins
Thread with TID = 138793579448000 read: Scarf
Thread with TID = 138793703179968 read: Cargo Pants
Thread with TID = 138793713665728 read: Cape Coat
Thread with TID = 138793568962240 read: Sun Hat
Thread with TID = 138793600419520 read: WhiteShoes
Thread with TID = 138793558476480 read: Dress
Thread with TID = 138793589933760 read: Wrap Dress
Thread with TID = 138793824814784 read: Wide-Leg Pants
Thread with TID = 138793724151488 read: Baseball Cap
Thread with TID = 138793537504960 read: Puffer Jacket
Thread with TID = 138793547990720 read: Swimsuit
Thread with TID = 138793495561920 read: Sandals
Thread with TID = 138793409578688 read: Hiking Boots
Thread with TID = 138793388607168 read: Tank Top
Thread with TID = 138793399092928 read: Socks
Thread with TID = 138793315206848 read: Raincoat
Thread with TID = 138793516533440 read: Chinos
Thread with TID = 138793527019200 read: Blouse with Frills
Thread with TID = 138793367635648 read: Heels
Thread with TID = 138793506047680 read: Jumpsuit
Thread with TID = 138793336178368 read: Visor
Thread with TID = 138793357149888 read: Bikini
Thread with TID = 138793325692608 read: Shrug
Thread with TID = 138793346664128 read: Hat
Thread with TID = 138793378121408 read: Cropped Jeans
Thread with TID = 138793304721088 read: T-shirt
Thread with TID = 138793294235328 read: Cycling Shorts
Thread with TID = 138793220835008 read: Sneakers
Thread with TID = 138793231320768 read: V-Neck Sweater
Thread with TID = 138793189377728 read: Maxi Dress
Thread with TID = 138793210349248 read: Sweater
Thread with TID = 138793262778048 read: Flip Flops
Thread with TID = 138793178891968 read: Ballet Flats
Thread with TID = 138793252292288 read: Blouse
Thread with TID = 138793199863488 read: Formal Shirt
Thread with TID = 138793241806528 read: Sports Bra
Thread with TID = 138793283749568 read: Polo Shirt
Thread with TID = 138793168406208 read: Overalls
Thread with TID = 138793157920448 read: Beach Cover-Up
Thread with TID = 138793147434688 read: Fanny Pack
Thread with TID = 138793273263808 read: Windbreaker
Thread with TID = 138793136948928 read: Off-Shoulder Dress
Thread with TID = 138793053062848 read: Pajamas
Thread with TID = 138793126463168 read: Kimono
Thread with TID = 138793042577088 read: Ruffle Top
Thread with TID = 138793095005888 read: Cardigan
Thread with TID = 138793063548608 read: Gloves
Thread with TID = 138793115977408 read: Leather Jacket
Thread with TID = 138793105491648 read: Running Shoes
Thread with TID = 138793084520128 read: Tights
Thread with TID = 138793074034368 read: Overcoat
