Process PID: 123858
Thread with TID = 140737284933312 read: Parkas
Thread with TID = 140737305904832 read: Blazer
Thread with TID = 140737316390592 read: Peacoat
Thread with TID = 140737295419072 read: Thermal Shirt
Thread with TID = 140737242990272 read: Bathrobe
Thread with TID = 140737119258304 read: Suit
Thread with TID = 140737108772544 read: Hoodie
Thread with TID = 140737274447552 read: Tracksuit
Thread with TID = 140737006012096       (read and found): ((Jeans))
Thread with TID = 140737347847872 read: Skirt
Thread with TID = 140736995526336 read: Loafers
Thread with TID = 140736985040576 read: Poncho
Thread with TID = 140737253476032 read: Bucket Hat
Thread with TID = 140737263961792 read: Infinity Scarf
Thread with TID = 140737016497856 read: Tuxedo
Thread with TID = 140737098286784 read: Leggings
Thread with TID = 140736974554816 read: Biker Jacket
Thread with TID = 140737150715584 read: Denim Jacket
Thread with TID = 140737140229824 read: Ankle Boots
Thread with TID = 140736829851328 read: Cargo Pants
Thread with TID = 140737326876352 read: Shorts
Thread with TID = 140736850822848 read: Baseball Cap
Thread with TID = 140736964069056 read: Caftan
Thread with TID = 140736613844672 read: Moccasins
Thread with TID = 140736840337088 read: Cape Coat
Thread with TID = 140736603358912 read: Jacket
Thread with TID = 140736882280128 read: Wide-Leg Pants
Thread with TID = 140736550930112 read: Dress
Thread with TID = 140736871794368 read: Down Jacket
Thread with TID = 140737129744064 read: Pleated Skirt
Thread with TID = 140737232504512 read: Bolero
Thread with TID = 140736540444352 read: Swimsuit
Thread with TID = 140736582387392 read: Wrap Dress
Thread with TID = 140736519472832 read: Blouse with Frills
Thread with TID = 140736498501312 read: Jumpsuit
Thread with TID = 140736529958592 read: Puffer Jacket
Thread with TID = 140737337362112 read: Slippers
Thread with TID = 140736571901632 read: Scarf
Thread with TID = 140736861308608 read: Rompers
Thread with TID = 140736561415872 read: Sun Hat
Thread with TID = 140736508987072 read: Chinos
Thread with TID = 140736488015552 read: Sandals
Thread with TID = 140736446072512 read: Cropped Jeans
Thread with TID = 140736592873152 read: WhiteShoes
Thread with TID = 140736313951936 read: Raincoat
Thread with TID = 140736477529792 read: Hiking Boots
Thread with TID = 140736334923456 read: Visor
Thread with TID = 140736425100992 read: Bikini
Thread with TID = 140736324437696 read: Shrug
Thread with TID = 140736467044032 read: Socks
Thread with TID = 140736345409216       (read and found): ((Hat))
Thread with TID = 140736303466176       (read and found): ((T-shirt))
Thread with TID = 140736292980416 read: Cycling Shorts
Thread with TID = 140736456558272 read: Tank Top
Thread with TID = 140736133596864 read: Windbreaker
Thread with TID = 140736435586752 read: Heels
Thread with TID = 140736009864896 read: Sneakers
Thread with TID = 140735957436096 read: Overalls
Thread with TID = 140735894521536 read: Running Shoes
Thread with TID = 140736091653824 read: V-Neck Sweater
Thread with TID = 140735978407616 read: Maxi Dress
Thread with TID = 140736123111104 read: Flip Flops
Thread with TID = 140735915493056 read: Kimono
Thread with TID = 140736112625344 read: Blouse
Thread with TID = 140735884035776 read: Cardigan
Thread with TID = 140735967921856 read: Ballet Flats
Thread with TID = 140735999379136 read: Sweater
Thread with TID = 140735988893376 read: Formal Shirt
Thread with TID = 140736102139584 read: Sports Bra
Thread with TID = 140735936464576 read: Fanny Pack
Thread with TID = 140735925978816 read: Off-Shoulder Dress
Thread with TID = 140736144082624 read: Polo Shirt
Thread with TID = 140735905007296 read: Leather Jacket
Thread with TID = 140735946950336 read: Beach Cover-Up
Thread with TID = 140735863064256 read: Overcoat
Thread with TID = 140735852578496 read: Gloves
Thread with TID = 140735842092736 read: Pajamas
Thread with TID = 140735831606976 read: Ruffle Top
Thread with TID = 140735873550016 read: Tights
