Process PID: 32224
Thread with TID = 133257454683840 read: Blazer
Thread with TID = 133257444198080 read: Thermal Shirt
Thread with TID = 133257465169600 read: Peacoat
Thread with TID = 133257607775936 read: Skirt
Thread with TID = 133257433712320 read: Parkas
Thread with TID = 133257586804416 read: Shorts
Thread with TID = 133257597290176 read: Slippers
Thread with TID = 133257555347136 read: Bucket Hat
Thread with TID = 133257544861376 read: Bathrobe
Thread with TID = 133257576318656 read: Tracksuit
Thread with TID = 133257309980352 read: Suit
Thread with TID = 133257423226560 read: Bolero
Thread with TID = 133257330951872 read: Ankle Boots
Thread with TID = 133257412740800 read: Denim Jacket
Thread with TID = 133257320466112 read: Pleated Skirt
Thread with TID = 133257299494592 read: Hoodie
Thread with TID = 133257565832896 read: Infinity Scarf
Thread with TID = 133257289008832 read: Leggings
Thread with TID = 133257196734144       (read and found): ((Jeans))
Thread with TID = 133257278523072 read: Tuxedo
Thread with TID = 133257186248384 read: Loafers
Thread with TID = 133257154791104 read: Caftan
Thread with TID = 133257144305344 read: Wide-Leg Pants
Thread with TID = 133257165276864 read: Biker Jacket
Thread with TID = 133257062516416 read: Down Jacket
Thread with TID = 133257052030656 read: Rompers
Thread with TID = 133257041544896 read: Baseball Cap
Thread with TID = 133257031059136 read: Cape Coat
Thread with TID = 133257175762624 read: Poncho
Thread with TID = 133257020573376 read: Cargo Pants
Thread with TID = 133257010087616 read: Moccasins
Thread with TID = 133256999601856 read: Jacket
Thread with TID = 133256989116096 read: WhiteShoes
Thread with TID = 133256978630336 read: Wrap Dress
Thread with TID = 133256968144576 read: Scarf
Thread with TID = 133256957658816 read: Sun Hat
Thread with TID = 133256947173056 read: Dress
Thread with TID = 133256936687296 read: Swimsuit
Thread with TID = 133256905230016 read: Chinos
Thread with TID = 133256884258496 read: Sandals
Thread with TID = 133256894744256 read: Jumpsuit
Thread with TID = 133256926201536 read: Puffer Jacket
Thread with TID = 133256915715776 read: Blouse with Frills
Thread with TID = 133256810858176 read: Hat
Thread with TID = 133256852801216 read: Tank Top
Thread with TID = 133256800372416 read: Visor
Thread with TID = 133256831829696 read: Heels
Thread with TID = 133256789886656 read: Shrug
Thread with TID = 133256747943616 read: Polo Shirt
Thread with TID = 133256821343936 read: Bikini
Thread with TID = 133256758429376 read: Cycling Shorts
Thread with TID = 133256863286976 read: Socks
Thread with TID = 133256779400896 read: Raincoat
Thread with TID = 133256768915136 read: T-shirt
Thread with TID = 133256716486336 read: Blouse
Thread with TID = 133256842315456 read: Cropped Jeans
Thread with TID = 133256695514816 read: V-Neck Sweater
Thread with TID = 133256873772736 read: Hiking Boots
Thread with TID = 133256737457856 read: Windbreaker
Thread with TID = 133256653571776 read: Maxi Dress
Thread with TID = 133256664057536 read: Formal Shirt
Thread with TID = 133256643086016 read: Ballet Flats
Thread with TID = 133256726972096 read: Flip Flops
Thread with TID = 133256706000576 read: Sports Bra
Thread with TID = 133256685029056 read: Sneakers
Thread with TID = 133256674543296 read: Sweater
Thread with TID = 133256632600256 read: Overalls
Thread with TID = 133256494188224 read: Running Shoes
Thread with TID = 133256483702464 read: Cardigan
Thread with TID = 133256525645504 read: Off-Shoulder Dress
Thread with TID = 133256622114496 read: Beach Cover-Up
Thread with TID = 133256473216704 read: Tights
Thread with TID = 133256515159744 read: Kimono
Thread with TID = 133256391427776 read: Overcoat
Thread with TID = 133256504673984 read: Leather Jacket
Thread with TID = 133256380942016 read: Gloves
Thread with TID = 133256611628736 read: Fanny Pack
Thread with TID = 133256370456256 read: Pajamas
Thread with TID = 133256359970496 read: Ruffle Top
