Process PID: 26955
Thread with TID = 123280551839424 read: Peacoat
Thread with TID = 123280541353664 read: Blazer
Thread with TID = 123280530867904 read: Thermal Shirt
Thread with TID = 123280572810944 read: Slippers
Thread with TID = 123280562325184 read: Shorts
Thread with TID = 123280520382144 read: Parkas
Thread with TID = 123280509896384 read: Tracksuit
Thread with TID = 123280499410624 read: Infinity Scarf
Thread with TID = 123280488924864 read: Bucket Hat
Thread with TID = 123280390358720 read: Bolero
Thread with TID = 123280478439104 read: Bathrobe
Thread with TID = 123280358901440 read: Pleated Skirt
Thread with TID = 123280369387200 read: Ankle Boots
Thread with TID = 123280348415680 read: Suit
Thread with TID = 123280337929920 read: Hoodie
Thread with TID = 123280379872960 read: Denim Jacket
Thread with TID = 123280189032128 read: Leggings
Thread with TID = 123280583296704 read: Skirt
Thread with TID = 123280157574848 read: Loafers
Thread with TID = 123280115631808 read: Wide-Leg Pants
Thread with TID = 123280063203008 read: Cargo Pants
Thread with TID = 123280136603328 read: Biker Jacket
Thread with TID = 123280073688768 read: Cape Coat
Thread with TID = 123280178546368 read: Tuxedo
Thread with TID = 123280168060608       (read and found): ((Jeans))
Thread with TID = 123280052717248 read: Moccasins
Thread with TID = 123280126117568 read: Caftan
Thread with TID = 123280094660288 read: Rompers
Thread with TID = 123280105146048 read: Down Jacket
Thread with TID = 123280042231488 read: Jacket
Thread with TID = 123280084174528 read: Baseball Cap
Thread with TID = 123280147089088 read: Poncho
Thread with TID = 123280031745728 read: WhiteShoes
Thread with TID = 123280021259968 read: Wrap Dress
Thread with TID = 123279979316928 read: Swimsuit
Thread with TID = 123279958345408 read: Blouse with Frills
Thread with TID = 123279926888128 read: Sandals
Thread with TID = 123279916402368 read: Hiking Boots
Thread with TID = 123279895430848 read: Tank Top
Thread with TID = 123279884945088 read: Cropped Jeans
Thread with TID = 123279874459328 read: Heels
Thread with TID = 123279968831168 read: Puffer Jacket
Thread with TID = 123279863973568 read: Bikini
Thread with TID = 123279853487808       (read and found): ((Hat))
Thread with TID = 123279937373888 read: Jumpsuit
Thread with TID = 123279905916608 read: Socks
Thread with TID = 123280010774208 read: Scarf
Thread with TID = 123280000288448 read: Sun Hat
Thread with TID = 123279811544768 read: T-shirt
Thread with TID = 123279801059008 read: Cycling Shorts
Thread with TID = 123279989802688 read: Dress
Thread with TID = 123279780087488 read: Windbreaker
Thread with TID = 123279769601728 read: Flip Flops
Thread with TID = 123279748630208 read: Sports Bra
Thread with TID = 123279790573248 read: Polo Shirt
Thread with TID = 123279759115968 read: Blouse
Thread with TID = 123279947859648 read: Chinos
Thread with TID = 123279664744128 read: Beach Cover-Up
Thread with TID = 123279832516288 read: Shrug
Thread with TID = 123279654258368 read: Fanny Pack
Thread with TID = 123279727658688 read: Sneakers
Thread with TID = 123279717172928 read: Sweater
Thread with TID = 123279633286848 read: Kimono
Thread with TID = 123279822030528 read: Raincoat
Thread with TID = 123279696201408 read: Maxi Dress
Thread with TID = 123279685715648 read: Ballet Flats
Thread with TID = 123279643772608 read: Off-Shoulder Dress
Thread with TID = 123279738144448 read: V-Neck Sweater
Thread with TID = 123279675229888 read: Overalls
Thread with TID = 123279622801088 read: Leather Jacket
Thread with TID = 123279612315328 read: Running Shoes
Thread with TID = 123279706687168 read: Formal Shirt
Thread with TID = 123279843002048 read: Visor
Thread with TID = 123279476000448 read: Ruffle Top
Thread with TID = 123279601829568 read: Tights
Thread with TID = 123279507457728 read: Overcoat
Thread with TID = 123279496971968 read: Gloves
Thread with TID = 123279486486208 read: Pajamas
Thread with TID = 123279517943488 read: Cardigan
