Process PID: 24611
Thread with TID = 140737337362112 read: Slippers
Thread with TID = 140737316390592 read: Peacoat
Thread with TID = 140737295419072 read: Thermal Shirt
Thread with TID = 140737284933312 read: Parkas
Thread with TID = 140737041663680 read: Hoodie
Thread with TID = 140737347847872 read: Skirt
Thread with TID = 140737305904832 read: Blazer
Thread with TID = 140737073120960 read: Ankle Boots
Thread with TID = 140737274447552 read: Tracksuit
Thread with TID = 140737052149440 read: Suit
Thread with TID = 140736947291840 read: Down Jacket
Thread with TID = 140736936806080 read: Rompers
Thread with TID = 140736989234880 read: Poncho
Thread with TID = 140736894863040 read: Moccasins
Thread with TID = 140736905348800 read: Cargo Pants
Thread with TID = 140736978749120 read: Biker Jacket
Thread with TID = 140737232504512 read: Bolero
Thread with TID = 140737263961792 read: Infinity Scarf
Thread with TID = 140736957777600 read: Wide-Leg Pants
Thread with TID = 140737020692160 read: Tuxedo
Thread with TID = 140737010206400       (read and found): ((Jeans))
Thread with TID = 140737062635200 read: Pleated Skirt
Thread with TID = 140736884377280 read: Jacket
Thread with TID = 140736873891520 read: WhiteShoes
Thread with TID = 140736708216512 read: Sun Hat
Thread with TID = 140736697730752 read: Dress
Thread with TID = 140737253476032 read: Bucket Hat
Thread with TID = 140736718702272 read: Scarf
Thread with TID = 140736863405760 read: Wrap Dress
Thread with TID = 140736687244992 read: Swimsuit
Thread with TID = 140737083606720 read: Denim Jacket
Thread with TID = 140736666273472 read: Blouse with Frills
Thread with TID = 140736655787712 read: Chinos
Thread with TID = 140736676759232 read: Puffer Jacket
Thread with TID = 140737031177920 read: Leggings
Thread with TID = 140736968263360 read: Caftan
Thread with TID = 140737326876352 read: Shorts
Thread with TID = 140736926320320 read: Baseball Cap
Thread with TID = 140736915834560 read: Cape Coat
Thread with TID = 140736999720640 read: Loafers
Thread with TID = 140737242990272 read: Bathrobe
Thread with TID = 140736737576640 read: Tank Top
Thread with TID = 140736831948480 read: Hiking Boots
Thread with TID = 140736748062400 read: Socks
Thread with TID = 140736852920000 read: Jumpsuit
Thread with TID = 140736842434240 read: Sandals
Thread with TID = 140736645301952 read: Cropped Jeans
Thread with TID = 140736546735808 read: Bikini
Thread with TID = 140736525764288 read: Visor
Thread with TID = 140736504792768 read: Raincoat
Thread with TID = 140736515278528 read: Shrug
Thread with TID = 140736634816192 read: Heels
Thread with TID = 140736494307008 read: T-shirt
Thread with TID = 140736536250048 read: Hat
Thread with TID = 140736412518080 read: Cycling Shorts
Thread with TID = 140736402032320 read: Polo Shirt
Thread with TID = 140736370575040 read: Blouse
Thread with TID = 140736391546560 read: Windbreaker
Thread with TID = 140736381060800 read: Flip Flops
Thread with TID = 140736278300352 read: V-Neck Sweater
Thread with TID = 140736360089280 read: Sports Bra
Thread with TID = 140736267814592 read: Sneakers
Thread with TID = 140736246843072 read: Formal Shirt
Thread with TID = 140736257328832 read: Sweater
Thread with TID = 140736133596864 read: Beach Cover-Up
Thread with TID = 140736236357312 read: Maxi Dress
Thread with TID = 140736225871552 read: Ballet Flats
Thread with TID = 140736009864896 read: Running Shoes
Thread with TID = 140736123111104 read: Fanny Pack
Thread with TID = 140736102139584 read: Kimono
Thread with TID = 140736091653824 read: Leather Jacket
Thread with TID = 140736112625344 read: Off-Shoulder Dress
Thread with TID = 140736144082624 read: Overalls
Thread with TID = 140735999379136 read: Cardigan
Thread with TID = 140735875647168 read: Ruffle Top
Thread with TID = 140735967921856 read: Gloves
Thread with TID = 140735988893376 read: Tights
Thread with TID = 140735957436096 read: Pajamas
Thread with TID = 140735978407616 read: Overcoat
