Process PID: 18516
Thread with TID = 124190789207744 read: Bucket Hat
Thread with TID = 124190973757120 read: Peacoat
Thread with TID = 124190921328320 read: Infinity Scarf
Thread with TID = 124190984242880 read: Shorts
Thread with TID = 124191005214400 read: Skirt
Thread with TID = 124190952785600 read: Thermal Shirt
Thread with TID = 124190963271360 read: Blazer
Thread with TID = 124190942299840 read: Parkas
Thread with TID = 124190931814080 read: Tracksuit
Thread with TID = 124190642407104 read: Bathrobe
Thread with TID = 124190631921344 read: Bolero
Thread with TID = 124190994728640 read: Slippers
Thread with TID = 124190910842560 read: Denim Jacket
Thread with TID = 124190879385280 read: Suit
Thread with TID = 124190889871040 read: Pleated Skirt
Thread with TID = 124190768236224 read: Tuxedo
Thread with TID = 124190757750464       (read and found): ((Jeans))
Thread with TID = 124190900356800 read: Ankle Boots
Thread with TID = 124190736778944 read: Poncho
Thread with TID = 124190747264704 read: Loafers
Thread with TID = 124190868899520 read: Hoodie
Thread with TID = 124190654990016 read: Biker Jacket
Thread with TID = 124190621435584 read: Caftan
Thread with TID = 124190520772288 read: Rompers
Thread with TID = 124190610949824 read: Wide-Leg Pants
Thread with TID = 124190600464064 read: Down Jacket
Thread with TID = 124190778721984 read: Leggings
Thread with TID = 124190499800768 read: Cape Coat
Thread with TID = 124190185227968 read: Puffer Jacket
Thread with TID = 124190287988416 read: Sun Hat
Thread with TID = 124190267016896 read: Swimsuit
Thread with TID = 124190277502656 read: Dress
Thread with TID = 124190489315008 read: Cargo Pants
Thread with TID = 124190468343488 read: Jacket
Thread with TID = 124190174742208 read: Blouse with Frills
Thread with TID = 124190122313408 read: Socks
Thread with TID = 124190164256448 read: Chinos
Thread with TID = 124190319445696 read: WhiteShoes
Thread with TID = 124190153770688 read: Jumpsuit
Thread with TID = 124190298474176 read: Scarf
Thread with TID = 124190101341888 read: Cropped Jeans
Thread with TID = 124190478829248 read: Moccasins
Thread with TID = 124190308959936 read: Wrap Dress
Thread with TID = 124190143284928 read: Sandals
Thread with TID = 124190132799168 read: Hiking Boots
Thread with TID = 124190111827648 read: Tank Top
Thread with TID = 124190510286528 read: Baseball Cap
Thread with TID = 124190090856128 read: Heels
Thread with TID = 124190069884608 read: Hat
Thread with TID = 124189983901376 read: Visor
Thread with TID = 124189849683648 read: Windbreaker
Thread with TID = 124190080370368 read: Bikini
Thread with TID = 124189818226368 read: Sports Bra
Thread with TID = 124189828712128 read: Blouse
Thread with TID = 124189648357056 read: Sweater
Thread with TID = 124189797254848 read: Sneakers
Thread with TID = 124189973415616 read: Shrug
Thread with TID = 124189637871296 read: Formal Shirt
Thread with TID = 124189962929856 read: Raincoat
Thread with TID = 124189807740608 read: V-Neck Sweater
Thread with TID = 124189952444096 read: T-shirt
Thread with TID = 124189931472576 read: Polo Shirt
Thread with TID = 124189941958336 read: Cycling Shorts
Thread with TID = 124189839197888 read: Flip Flops
Thread with TID = 124189627385536 read: Maxi Dress
Thread with TID = 124189616899776 read: Ballet Flats
Thread with TID = 124189606414016 read: Overalls
Thread with TID = 124189595928256 read: Beach Cover-Up
Thread with TID = 124189585442496 read: Fanny Pack
Thread with TID = 124189574956736 read: Off-Shoulder Dress
Thread with TID = 124189564470976 read: Kimono
Thread with TID = 124189553985216 read: Leather Jacket
Thread with TID = 124189543499456 read: Running Shoes
Thread with TID = 124189533013696 read: Cardigan
Thread with TID = 124189522527936 read: Tights
Thread with TID = 124189480584896 read: Ruffle Top
Thread with TID = 124189491070656 read: Pajamas
Thread with TID = 124189512042176 read: Overcoat
Thread with TID = 124189501556416 read: Gloves
