Process PID: 37188
Thread with TID = 133515014309568 read: Thermal Shirt
Thread with TID = 133514993338048 read: Tracksuit
Thread with TID = 133514951395008 read: Bolero
Thread with TID = 133515066738368 read: Skirt
Thread with TID = 133515056252608 read: Slippers
Thread with TID = 133515045766848 read: Shorts
Thread with TID = 133514940909248 read: Denim Jacket
Thread with TID = 133514961880768 read: Bathrobe
Thread with TID = 133515035281088 read: Peacoat
Thread with TID = 133515024795328 read: Blazer
Thread with TID = 133514930423488 read: Ankle Boots
Thread with TID = 133514919937728 read: Pleated Skirt
Thread with TID = 133514888480448 read: Leggings
Thread with TID = 133514909451968 read: Suit
Thread with TID = 133514898966208 read: Hoodie
Thread with TID = 133514972366528 read: Bucket Hat
Thread with TID = 133515003823808 read: Parkas
Thread with TID = 133514982852288 read: Infinity Scarf
Thread with TID = 133514877994688 read: Tuxedo
Thread with TID = 133514867508928       (read and found): ((Jeans))
Thread with TID = 133514760554176 read: Biker Jacket
Thread with TID = 133514739582656 read: Wide-Leg Pants
Thread with TID = 133514729096896 read: Down Jacket
Thread with TID = 133514708125376 read: Baseball Cap
Thread with TID = 133514559227584 read: Cape Coat
Thread with TID = 133514718611136 read: Rompers
Thread with TID = 133514548741824 read: Cargo Pants
Thread with TID = 133514857023168 read: Loafers
Thread with TID = 133514846537408 read: Poncho
Thread with TID = 133514750068416 read: Caftan
Thread with TID = 133514527770304 read: Jacket
Thread with TID = 133514269820608 read: Sandals
Thread with TID = 133514538256064 read: Moccasins
Thread with TID = 133514506798784 read: Wrap Dress
Thread with TID = 133514280306368 read: Jumpsuit
Thread with TID = 133514259334848 read: Hiking Boots
Thread with TID = 133514414524096 read: Sun Hat
Thread with TID = 133514404038336 read: Dress
Thread with TID = 133514383066816 read: Puffer Jacket
Thread with TID = 133514425009856 read: Scarf
Thread with TID = 133514393552576 read: Swimsuit
Thread with TID = 133514517284544 read: WhiteShoes
Thread with TID = 133514290792128 read: Chinos
Thread with TID = 133514372581056 read: Blouse with Frills
Thread with TID = 133514248849088 read: Socks
Thread with TID = 133514238363328 read: Tank Top
Thread with TID = 133514217391808 read: Heels
Thread with TID = 133514196420288       (read and found): ((Hat))
Thread with TID = 133514227877568 read: Cropped Jeans
Thread with TID = 133514185934528 read: Visor
Thread with TID = 133514206906048 read: Bikini
Thread with TID = 133514175448768 read: Shrug
Thread with TID = 133514164963008 read: Raincoat
Thread with TID = 133514143991488 read: Cycling Shorts
Thread with TID = 133514154477248       (read and found): ((T-shirt))
Thread with TID = 133514133505728 read: Polo Shirt
Thread with TID = 133514123019968 read: Windbreaker
Thread with TID = 133514112534208 read: Flip Flops
Thread with TID = 133514102048448 read: Blouse
Thread with TID = 133514091562688 read: Sports Bra
Thread with TID = 133514081076928 read: V-Neck Sweater
Thread with TID = 133514070591168 read: Sneakers
Thread with TID = 133514049619648 read: Formal Shirt
Thread with TID = 133514028648128 read: Ballet Flats
Thread with TID = 133514039133888 read: Maxi Dress
Thread with TID = 133514060105408 read: Sweater
Thread with TID = 133514018162368 read: Overalls
Thread with TID = 133513997190848 read: Fanny Pack
Thread with TID = 133513986705088 read: Off-Shoulder Dress
Thread with TID = 133513976219328 read: Kimono
Thread with TID = 133514007676608 read: Beach Cover-Up
Thread with TID = 133513965733568 read: Leather Jacket
Thread with TID = 133513955247808 read: Running Shoes
Thread with TID = 133513944762048 read: Cardigan
Thread with TID = 133513934276288 read: Tights
Thread with TID = 133513923790528 read: Overcoat
Thread with TID = 133513913304768       (read and found): ((Gloves))
Thread with TID = 133513902819008 read: Pajamas
Thread with TID = 133513892333248 read: Ruffle Top
