Process PID: 35178
Thread with TID = 132514255472320 read: Slippers
Thread with TID = 132514234500800 read: Peacoat
Thread with TID = 132514203043520 read: Parkas
Thread with TID = 132514182072000 read: Infinity Scarf
Thread with TID = 132514192557760 read: Tracksuit
Thread with TID = 132514213529280 read: Thermal Shirt
Thread with TID = 132514161100480 read: Bathrobe
Thread with TID = 132514244986560 read: Shorts
Thread with TID = 132514150614720 read: Bolero
Thread with TID = 132514265958080 read: Skirt
Thread with TID = 132514129643200 read: Ankle Boots
Thread with TID = 132514224015040 read: Blazer
Thread with TID = 132514140128960 read: Denim Jacket
Thread with TID = 132514171586240 read: Bucket Hat
Thread with TID = 132514033174208 read: Suit
Thread with TID = 132514119157440 read: Pleated Skirt
Thread with TID = 132514022688448 read: Hoodie
Thread with TID = 132513991231168       (read and found): ((Jeans))
Thread with TID = 132513980745408 read: Loafers
Thread with TID = 132514001716928 read: Tuxedo
Thread with TID = 132514012202688 read: Leggings
Thread with TID = 132513898956480 read: Poncho
Thread with TID = 132513877984960 read: Caftan
Thread with TID = 132513846527680 read: Rompers
Thread with TID = 132513857013440 read: Down Jacket
Thread with TID = 132513754252992 read: Cape Coat
Thread with TID = 132513743767232 read: Cargo Pants
Thread with TID = 132513712309952 read: WhiteShoes
Thread with TID = 132513888470720 read: Biker Jacket
Thread with TID = 132513867499200 read: Wide-Leg Pants
Thread with TID = 132513620035264 read: Scarf
Thread with TID = 132513722795712 read: Jacket
Thread with TID = 132513599063744 read: Dress
Thread with TID = 132513733281472 read: Moccasins
Thread with TID = 132513630521024 read: Wrap Dress
Thread with TID = 132513578092224 read: Puffer Jacket
Thread with TID = 132513609549504 read: Sun Hat
Thread with TID = 132513764738752 read: Baseball Cap
Thread with TID = 132513567606464 read: Blouse with Frills
Thread with TID = 132513588577984 read: Swimsuit
Thread with TID = 132513557120704 read: Chinos
Thread with TID = 132513546634944 read: Jumpsuit
Thread with TID = 132513525663424 read: Hiking Boots
Thread with TID = 132513515177664 read: Socks
Thread with TID = 132513504691904 read: Tank Top
Thread with TID = 132513494206144 read: Cropped Jeans
Thread with TID = 132513483720384 read: Heels
Thread with TID = 132513473234624 read: Bikini
Thread with TID = 132513462748864 read: Hat
Thread with TID = 132513441777344 read: Shrug
Thread with TID = 132513536149184 read: Sandals
Thread with TID = 132513410320064 read: Cycling Shorts
Thread with TID = 132513420805824 read: T-shirt
Thread with TID = 132513431291584 read: Raincoat
Thread with TID = 132513452263104 read: Visor
Thread with TID = 132513399834304 read: Polo Shirt
Thread with TID = 132513389348544 read: Windbreaker
Thread with TID = 132513368377024 read: Blouse
Thread with TID = 132513336919744 read: Sneakers
Thread with TID = 132513347405504 read: V-Neck Sweater
Thread with TID = 132513357891264 read: Sports Bra
Thread with TID = 132513378862784 read: Flip Flops
Thread with TID = 132513326433984 read: Sweater
Thread with TID = 132513284490944 read: Overalls
Thread with TID = 132513253033664 read: Off-Shoulder Dress
Thread with TID = 132513263519424 read: Fanny Pack
Thread with TID = 132513232062144 read: Leather Jacket
Thread with TID = 132513274005184 read: Beach Cover-Up
Thread with TID = 132513294976704 read: Ballet Flats
Thread with TID = 132513242547904 read: Kimono
Thread with TID = 132513305462464 read: Maxi Dress
Thread with TID = 132513221576384 read: Running Shoes
Thread with TID = 132513211090624 read: Cardigan
Thread with TID = 132513190119104 read: Overcoat
Thread with TID = 132513200604864 read: Tights
Thread with TID = 132513179633344 read: Gloves
Thread with TID = 132513315948224 read: Formal Shirt
Thread with TID = 132513158661824 read: Ruffle Top
Thread with TID = 132513169147584 read: Pajamas
