Process PID: 8686
Thread with TID = 124077612205760 read: Shorts
Thread with TID = 124077622691520 read: Slippers
Thread with TID = 124077601720000 read: Peacoat
Thread with TID = 124077570262720 read: Parkas
Thread with TID = 124077442336448 read: Bolero
Thread with TID = 124077580748480 read: Thermal Shirt
Thread with TID = 124077549291200 read: Infinity Scarf
Thread with TID = 124077431850688 read: Denim Jacket
Thread with TID = 124077538805440 read: Bucket Hat
Thread with TID = 124077400393408 read: Suit
Thread with TID = 124077591234240 read: Blazer
Thread with TID = 124077633177280 read: Skirt
Thread with TID = 124077559776960 read: Tracksuit
Thread with TID = 124077528319680 read: Bathrobe
Thread with TID = 124077410879168 read: Pleated Skirt
Thread with TID = 124077421364928 read: Ankle Boots
Thread with TID = 124077389907648 read: Hoodie
Thread with TID = 124077220038336       (read and found): ((Jeans))
Thread with TID = 124077230524096 read: Tuxedo
Thread with TID = 124077241009856 read: Leggings
Thread with TID = 124077209552576 read: Loafers
Thread with TID = 124077199066816 read: Poncho
Thread with TID = 124077167609536 read: Wide-Leg Pants
Thread with TID = 124077188581056 read: Biker Jacket
Thread with TID = 124077178095296 read: Caftan
Thread with TID = 124077157123776 read: Down Jacket
Thread with TID = 124077146638016 read: Rompers
Thread with TID = 124077136152256 read: Baseball Cap
Thread with TID = 124077125666496 read: Cape Coat
Thread with TID = 124077115180736 read: Cargo Pants
Thread with TID = 124077104694976 read: Moccasins
Thread with TID = 124077094209216 read: Jacket
Thread with TID = 124077073237696 read: Wrap Dress
Thread with TID = 124077083723456 read: WhiteShoes
Thread with TID = 124077052266176 read: Sun Hat
Thread with TID = 124077020808896 read: Puffer Jacket
Thread with TID = 124076957894336 read: Socks
Thread with TID = 124077062751936 read: Scarf
Thread with TID = 124077041780416 read: Dress
Thread with TID = 124077031294656 read: Swimsuit
Thread with TID = 124077010323136 read: Blouse with Frills
Thread with TID = 124076999837376 read: Chinos
Thread with TID = 124076936922816 read: Cropped Jeans
Thread with TID = 124076989351616 read: Jumpsuit
Thread with TID = 124076978865856 read: Sandals
Thread with TID = 124076947408576 read: Tank Top
Thread with TID = 124076968380096 read: Hiking Boots
Thread with TID = 124076926437056 read: Heels
Thread with TID = 124076894979776 read: Visor
Thread with TID = 124076874008256 read: Raincoat
Thread with TID = 124076863522496       (read and found): ((T-shirt))
Thread with TID = 124076915951296 read: Bikini
Thread with TID = 124076905465536       (read and found): ((Hat))
Thread with TID = 124076884494016 read: Shrug
Thread with TID = 124076853036736 read: Cycling Shorts
Thread with TID = 124076842550976 read: Polo Shirt
Thread with TID = 124076832065216 read: Windbreaker
Thread with TID = 124076821579456 read: Flip Flops
Thread with TID = 124076800607936 read: Sports Bra
Thread with TID = 124076811093696 read: Blouse
Thread with TID = 124076790122176 read: V-Neck Sweater
Thread with TID = 124076769150656 read: Sweater
Thread with TID = 124076716721856 read: Beach Cover-Up
Thread with TID = 124076779636416 read: Sneakers
Thread with TID = 124076758664896 read: Formal Shirt
Thread with TID = 124076664293056 read: Running Shoes
Thread with TID = 124076632835776 read: Overcoat
Thread with TID = 124076622350016 read: Gloves
Thread with TID = 124076737693376 read: Ballet Flats
Thread with TID = 124076727207616 read: Overalls
Thread with TID = 124076685264576 read: Kimono
Thread with TID = 124076601378496 read: Ruffle Top
Thread with TID = 124076674778816 read: Leather Jacket
Thread with TID = 124076653807296 read: Cardigan
Thread with TID = 124076611864256 read: Pajamas
Thread with TID = 124076706236096 read: Fanny Pack
Thread with TID = 124076643321536 read: Tights
Thread with TID = 124076748179136 read: Maxi Dress
Thread with TID = 124076695750336 read: Off-Shoulder Dress
