Process PID: 12842
Thread with TID = 126657832683200 read: Soy Milk
Thread with TID = 126657696368320 read: Oats
Thread with TID = 126657706854080 read: Ketchup
Thread with TID = 126657727825600 read: Fish Fingers
Thread with TID = 126657643939520 read: Frozen Pizza
Thread with TID = 126657664911040 read: Jam
Thread with TID = 126657738311360 read: Cashews
Thread with TID = 126657717339840 read: Pumpkin Seeds
Thread with TID = 126657675396800 read: Wheat Flour
Thread with TID = 126657748797120 read: Marshmallows
Thread with TID = 126657654425280 read: Olive Oil Spray
Thread with TID = 126657769768640 read: Fruit Juice
Thread with TID = 126657780254400 read: Black Tea
Thread with TID = 126657685882560 read: Chicken Nuggets
Thread with TID = 126657612482240 read: Ground Coffee
Thread with TID = 126657759282880 read: Spices
Thread with TID = 126657633453760 read: Coconut Milk
Thread with TID = 126657811711680 read: Pancake Mix
Thread with TID = 126657801225920 read: Instant Coffee
Thread with TID = 126657822197440 read: Bread
Thread with TID = 126657622968000 read: Soft Drinks
Thread with TID = 126657790740160 read: Sunflower Seeds
Thread with TID = 126657509721792 read: Dried Fruits
Thread with TID = 126657499236032 read: Cheese
Thread with TID = 126657478264512 read: Cinnamon
Thread with TID = 126657467778752 read: Mints
Thread with TID = 126657488750272 read: Herbal Tea
Thread with TID = 126657591510720 read: Soy Sauce
Thread with TID = 126657457292992 read: Green Tea
Thread with TID = 126657601996480 read: Sugar
Thread with TID = 126657354532544 read: Cooking Wine
Thread with TID = 126657241286336 read: Granola Bars
Thread with TID = 126657323075264 read: Butter
Thread with TID = 126657230800576 read: Popcorn
Thread with TID = 126657375504064 read: Almonds
Thread with TID = 126657365018304 read: Noodles
Thread with TID = 126657333561024 read: Mustard
Thread with TID = 126657344046784 read: Rice
Thread with TID = 126657220314816 read: Chips
Thread with TID = 126657209829056 read: Eggs
Thread with TID = 126657188857536 read: Lollipops
Thread with TID = 126657199343296 read: Vinegar
Thread with TID = 126657107068608 read: Soup Mix
Thread with TID = 126657096582848 read: Cooking Oil
Thread with TID = 126657054639808 read: Almond Milk
Thread with TID = 126656951879360 read: Walnuts
Thread with TID = 126656930907840 read: Protein Bars
Thread with TID = 126657086097088 read: Flavored Water
Thread with TID = 126657065125568 read: Beef Stock
Thread with TID = 126656962365120 read: Pasta
Thread with TID = 126657075611328 read: Cake Mix
Thread with TID = 126656941393600 read: Honey
Thread with TID = 126656972850880 read: Brownie Mix
Thread with TID = 126656920422080 read: Energy Drinks
Thread with TID = 126656838633152 read: Peanut Butter
Thread with TID = 126656817661632 read: Canned Soup
Thread with TID = 126656807175872 read: Raisins
Thread with TID = 126656786204352 read: Burger Patties
Thread with TID = 126656704415424 read: Candies
Thread with TID = 126656796690112 read: Yogurt
Thread with TID = 126656693929664 read: Rice Cakes
Thread with TID = 126656828147392 read: Powdered Milk
Thread with TID = 126656672958144 read: Cookies
Thread with TID = 126656662472384 read: Black Pepper
Thread with TID = 126656559711936 read: Cereal
Thread with TID = 126656570197696 read: Milk
Thread with TID = 126656683443904 read: Canned Beans
Thread with TID = 126656549226176 read: Salt
Thread with TID = 126656651986624 read: Turmeric
Thread with TID = 126656415008448 read: Canned Fruit
Thread with TID = 126656528254656 read: Pistachios
Thread with TID = 126656435979968 read: Quinoa
Thread with TID = 126656538740416 read: Baking Powder
Thread with TID = 126656517768896 read: Frozen Vegetables
Thread with TID = 126656125601472 read: Yeast
Thread with TID = 126656425494208 read: Coffee Beans
Thread with TID = 126656394036928 read: Chia Seeds
Thread with TID = 126656291276480 read: Canned Fish
Thread with TID = 126656249333440 read: Ice Cream
Thread with TID = 126656259819200 read: Vegetable Stock
Thread with TID = 126656136087232 read: Energy Bars
Thread with TID = 126656383551168 read: Biscuits
Thread with TID = 126656157058752 read: Stock Cubes
Thread with TID = 126656167544512 read: Frozen Berries
Thread with TID = 126656404522688 read: Chicken Stock
Thread with TID = 126656270304960 read: Coffee
Thread with TID = 126656280790720 read: Hot Sauce
Thread with TID = 126656115115712 read: Chocolate Spread
Thread with TID = 126656301762240 read: Crackers
Thread with TID = 126656146572992 read: Herbs
Thread with TID = 126656022841024 read: Chocolates
Thread with TID = 126656033326784 read: Pickles
Thread with TID = 126656012355264 read: Tea
