Process PID: 4359
Thread with TID = 138817868662464 read: Ketchup
Thread with TID = 138817879148224 read: Pumpkin Seeds
Thread with TID = 138817669433024 read: Noodles
Thread with TID = 138817564575424 read: Lollipops
Thread with TID = 138817543603904 read: Cooking Oil
Thread with TID = 138817233225408 read: Protein Bars
Thread with TID = 138817424066240 read: Almond Milk
Thread with TID = 138817554089664 read: Soup Mix
Thread with TID = 138817222739648 read: Energy Drinks
Thread with TID = 138817382123200 read: Honey
Thread with TID = 138817413580480 read: Brownie Mix
Thread with TID = 138817434552000 read: Beef Stock
Thread with TID = 138817403094720 read: Pasta
Thread with TID = 138817392608960 read: Walnuts
Thread with TID = 138817522632384 read: Cake Mix
Thread with TID = 138817533118144 read: Flavored Water
Thread with TID = 138817816233664 read: Olive Oil Spray
Thread with TID = 138817837205184 read: Wheat Flour
Thread with TID = 138817847690944 read: Chicken Nuggets
Thread with TID = 138817201768128 read: Powdered Milk
Thread with TID = 138817942062784 read: Black Tea
Thread with TID = 138817795262144 read: Coconut Milk
Thread with TID = 138817784776384 read: Soft Drinks
Thread with TID = 138817858176704 read: Oats
Thread with TID = 138817191282368 read: Canned Soup
Thread with TID = 138817931577024 read: Fruit Juice
Thread with TID = 138817212253888 read: Peanut Butter
Thread with TID = 138817900119744 read: Cashews
Thread with TID = 138817994491584 read: Soy Milk
Thread with TID = 138817753319104 read: Soy Sauce
Thread with TID = 138817910605504 read: Marshmallows
Thread with TID = 138817763804864 read: Sugar
Thread with TID = 138817774290624 read: Ground Coffee
Thread with TID = 138817984005824 read: Bread
Thread with TID = 138817805747904 read: Frozen Pizza
Thread with TID = 138817889633984 read: Fish Fingers
Thread with TID = 138817826719424 read: Jam
Thread with TID = 138817952548544 read: Sunflower Seeds
Thread with TID = 138817921091264 read: Spices
Thread with TID = 138817963034304 read: Instant Coffee
Thread with TID = 138817742833344 read: Dried Fruits
Thread with TID = 138817973520064 read: Pancake Mix
Thread with TID = 138817732347584 read: Cheese
Thread with TID = 138817585546944 read: Eggs
Thread with TID = 138817010927296 read: Candies
Thread with TID = 138816979470016 read: Cookies
Thread with TID = 138816820086464 read: Turmeric
Thread with TID = 138816778143424 read: Baking Powder
Thread with TID = 138816809600704 read: Milk
Thread with TID = 138817000441536 read: Rice Cakes
Thread with TID = 138816406947520 read: Crackers
Thread with TID = 138817021413056 read: Burger Patties
Thread with TID = 138816385976000 read: Hot Sauce
Thread with TID = 138816396461760 read: Canned Fish
Thread with TID = 138816375490240 read: Coffee
Thread with TID = 138816989955776 read: Canned Beans
Thread with TID = 138816195135168 read: Stock Cubes
Thread with TID = 138816799114944 read: Cereal
Thread with TID = 138816830572224 read: Black Pepper
Thread with TID = 138816004294336 read: Pickles
Thread with TID = 138816014780096 read: Chocolate Spread
Thread with TID = 138815983322816 read: Tea
Thread with TID = 138816788629184 read: Salt
Thread with TID = 138815993808576 read: Chocolates
Thread with TID = 138816576816832 read: Chicken Stock
Thread with TID = 138816587302592 read: Canned Fruit
Thread with TID = 138816427919040 read: Chia Seeds
Thread with TID = 138816608274112 read: Quinoa
Thread with TID = 138816629245632 read: Pistachios
Thread with TID = 138816226592448 read: Vegetable Stock
Thread with TID = 138816025265856 read: Yeast
Thread with TID = 138816216106688 read: Ice Cream
Thread with TID = 138816184649408 read: Herbs
Thread with TID = 138816174163648 read: Energy Bars
Thread with TID = 138816618759872 read: Frozen Vegetables
Thread with TID = 138816597788352 read: Coffee Beans
Thread with TID = 138816417433280 read: Biscuits
Thread with TID = 138816205620928 read: Frozen Berries
Thread with TID = 138817721861824 read: Herbal Tea
Thread with TID = 138817679918784 read: Almonds
Thread with TID = 138817606518464 read: Popcorn
Thread with TID = 138817637975744 read: Mustard
Thread with TID = 138817617004224 read: Granola Bars
Thread with TID = 138817180796608 read: Raisins
Thread with TID = 138817627489984 read: Butter
Thread with TID = 138817690404544 read: Green Tea
Thread with TID = 138817711376064 read: Cinnamon
Thread with TID = 138817700890304 read: Mints
Thread with TID = 138817031898816 read: Yogurt
Thread with TID = 138817575061184 read: Vinegar
Thread with TID = 138817648461504 read: Rice
Thread with TID = 138817658947264 read: Cooking Wine
Thread with TID = 138817596032704 read: Chips
