Process PID: 17181
Thread with TID = 135204213622464 read: Bread
Thread with TID = 135204224108224 read: Soy Milk
Thread with TID = 135203936798400 read: Chicken Nuggets
Thread with TID = 135204060530368 read: Cashews
Thread with TID = 135204071016128 read: Marshmallows
Thread with TID = 135203957769920 read: Ketchup
Thread with TID = 135203947284160 read: Oats
Thread with TID = 135204091987648 read: Fruit Juice
Thread with TID = 135204039558848 read: Pumpkin Seeds
Thread with TID = 135204171679424 read: Black Tea
Thread with TID = 135204203136704 read: Pancake Mix
Thread with TID = 135204182165184 read: Sunflower Seeds
Thread with TID = 135204050044608 read: Fish Fingers
Thread with TID = 135204081501888 read: Spices
Thread with TID = 135204192650944 read: Instant Coffee
Thread with TID = 135203915826880 read: Jam
Thread with TID = 135203926312640 read: Wheat Flour
Thread with TID = 135203905341120 read: Olive Oil Spray
Thread with TID = 135203622225600 read: Dried Fruits
Thread with TID = 135203601254080 read: Herbal Tea
Thread with TID = 135203792094912 read: Ground Coffee
Thread with TID = 135203611739840 read: Cheese
Thread with TID = 135203590768320 read: Cinnamon
Thread with TID = 135203781609152 read: Sugar
Thread with TID = 135203802580672 read: Soft Drinks
Thread with TID = 135203771123392 read: Soy Sauce
Thread with TID = 135203813066432 read: Coconut Milk
Thread with TID = 135203823552192 read: Frozen Pizza
Thread with TID = 135202965817024 read: Almond Milk
Thread with TID = 135202722547392 read: Raisins
Thread with TID = 135202336671424 read: Hot Sauce
Thread with TID = 135203410413248 read: Noodles
Thread with TID = 135203378955968 read: Mustard
Thread with TID = 135203399927488 read: Cooking Wine
Thread with TID = 135203177629376 read: Vinegar
Thread with TID = 135203580282560 read: Mints
Thread with TID = 135203219572416 read: Granola Bars
Thread with TID = 135203198600896 read: Chips
Thread with TID = 135202305214144 read: Ice Cream
Thread with TID = 135203368470208 read: Butter
Thread with TID = 135203389441728 read: Rice
Thread with TID = 135203569796800 read: Green Tea
Thread with TID = 135203420899008 read: Almonds
Thread with TID = 135203209086656 read: Popcorn
Thread with TID = 135202976302784 read: Beef Stock
Thread with TID = 135203188115136 read: Eggs
Thread with TID = 135202795947712 read: Walnuts
Thread with TID = 135203167143616 read: Lollipops
Thread with TID = 135203018245824 read: Soup Mix
Thread with TID = 135202806433472 read: Pasta
Thread with TID = 135202816919232 read: Brownie Mix
Thread with TID = 135202785461952 read: Honey
Thread with TID = 135202774976192 read: Protein Bars
Thread with TID = 135202754004672 read: Peanut Butter
Thread with TID = 135202764490432 read: Energy Drinks
Thread with TID = 135202743518912 read: Powdered Milk
Thread with TID = 135202733033152 read: Canned Soup
Thread with TID = 135202596718272 read: Baking Powder
Thread with TID = 135202691090112 read: Candies
Thread with TID = 135202638661312 read: Turmeric
Thread with TID = 135202986788544 read: Cake Mix
Thread with TID = 135202997274304 read: Flavored Water
Thread with TID = 135202680604352 read: Rice Cakes
Thread with TID = 135202565260992 read: Coffee Beans
Thread with TID = 135202701575872 read: Burger Patties
Thread with TID = 135202712061632 read: Yogurt
Thread with TID = 135202439431872 read: Biscuits
Thread with TID = 135202670118592 read: Canned Beans
Thread with TID = 135202628175552 read: Milk
Thread with TID = 135202470889152 read: Canned Fruit
Thread with TID = 135202315699904 read: Vegetable Stock
Thread with TID = 135202659632832 read: Cookies
Thread with TID = 135202649147072 read: Black Pepper
Thread with TID = 135202460403392 read: Chicken Stock
Thread with TID = 135202326185664 read: Coffee
Thread with TID = 135202617689792 read: Cereal
Thread with TID = 135202449917632 read: Chia Seeds
Thread with TID = 135202428946112 read: Crackers
Thread with TID = 135202347157184 read: Canned Fish
Thread with TID = 135203007760064 read: Cooking Oil
Thread with TID = 135202607204032 read: Salt
Thread with TID = 135202481374912 read: Pistachios
Thread with TID = 135202586232512 read: Frozen Vegetables
Thread with TID = 135202294728384 read: Frozen Berries
Thread with TID = 135202575746752 read: Quinoa
Thread with TID = 135202001127104 read: Tea
Thread with TID = 135202145830592 read: Stock Cubes
Thread with TID = 135202114373312 read: Yeast
Thread with TID = 135202093401792 read: Pickles
Thread with TID = 135202135344832 read: Herbs
Thread with TID = 135202124859072 read: Energy Bars
Thread with TID = 135202103887552 read: Chocolate Spread
Thread with TID = 135202011612864 read: Chocolates
