Process PID: 11186
Thread with TID = 125316391503552 read: Baking Powder
Thread with TID = 125316433446592 read: Mustard
Thread with TID = 125316422960832 read: Sunflower Seeds
Thread with TID = 125316412475072 read: Coffee Beans
Thread with TID = 125316401989312 read: Cooking Wine
Thread with TID = 125316370532032 read: Sugar
Thread with TID = 125316381017792 read: Eggs
Thread with TID = 125316230022848 read: Instant Coffee
Thread with TID = 125316240508608 read: Fish Fingers
Thread with TID = 125316137748160 read: Wheat Flour
Thread with TID = 125316127262400 read: Cake Mix
Thread with TID = 125316003530432 read: Mints
Thread with TID = 125316116776640 read: Pasta
Thread with TID = 125316271965888 read: Cinnamon
Thread with TID = 125316106290880 read: Frozen Vegetables
Thread with TID = 125316261480128 read: Chicken Nuggets
Thread with TID = 125316085319360 read: Chicken Stock
Thread with TID = 125316250994368 read: Dried Fruits
Thread with TID = 125316095805120 read: Hot Sauce
Thread with TID = 125316219537088 read: Stock Cubes
Thread with TID = 125315993044672 read: Rice Cakes
Thread with TID = 125316360046272 read: Canned Beans
Thread with TID = 125315972073152 read: Ketchup
Thread with TID = 125315951101632 read: Soy Sauce
Thread with TID = 125315848341184 read: Coffee
Thread with TID = 125315982558912 read: Milk
Thread with TID = 125315837855424 read: Canned Fruit
Thread with TID = 125315816883904 read: Flavored Water
Thread with TID = 125315827369664 read: Vinegar
Thread with TID = 125315785426624 read: Salt
Thread with TID = 125315795912384 read: Cashews
Thread with TID = 125315869312704 read: Almond Milk
Thread with TID = 125315961587392 read: Raisins
Thread with TID = 125315858826944 read: Popcorn
Thread with TID = 125315806398144 read: Soup Mix
Thread with TID = 125315774940864 read: Frozen Pizza
Thread with TID = 125315764455104 read: Turmeric
Thread with TID = 125315753969344 read: Powdered Milk
Thread with TID = 125315743483584 read: Almonds
Thread with TID = 125315712026304 read: Spices
Thread with TID = 125315732997824 read: Frozen Berries
Thread with TID = 125315691054784 read: Canned Fish
Thread with TID = 125315722512064 read: Tea
Thread with TID = 125315701540544 read: Jam
Thread with TID = 125315680569024 read: Cookies
Thread with TID = 125315670083264 read: Herbal Tea
Thread with TID = 125315638625984 read: Rice
Thread with TID = 125315586197184 read: Crackers
Thread with TID = 125315628140224 read: Biscuits
Thread with TID = 125315659597504 read: Olive Oil Spray
Thread with TID = 125315649111744 read: Bread
Thread with TID = 125315596682944 read: Black Tea
Thread with TID = 125315575711424 read: Energy Drinks
Thread with TID = 125315607168704 read: Pickles
Thread with TID = 125315565225664 read: Cooking Oil
Thread with TID = 125315617654464 read: Brownie Mix
Thread with TID = 125315554739904 read: Chips
Thread with TID = 125315544254144 read: Granola Bars
Thread with TID = 125315533768384 read: Soft Drinks
Thread with TID = 125315502311104 read: Fruit Juice
Thread with TID = 125315523282624 read: Candies
Thread with TID = 125315491825344 read: Protein Bars
Thread with TID = 125315481339584 read: Peanut Butter
Thread with TID = 125315512796864 read: Butter
Thread with TID = 125315470853824 read: Chocolate Spread
Thread with TID = 125315460368064 read: Soy Milk
Thread with TID = 125315439396544 read: Ice Cream
Thread with TID = 125315428910784 read: Oats
Thread with TID = 125315449882304 read: Green Tea
Thread with TID = 125315418425024 read: Beef Stock
Thread with TID = 125315407939264 read: Noodles
Thread with TID = 125315397453504 read: Coconut Milk
Thread with TID = 125315386967744 read: Canned Soup
Thread with TID = 125315376481984 read: Ground Coffee
Thread with TID = 125315324053184 read: Quinoa
Thread with TID = 125315303081664 read: Pistachios
Thread with TID = 125315292595904 read: Yogurt
Thread with TID = 125315282110144 read: Chocolates
Thread with TID = 125315365996224 read: Lollipops
Thread with TID = 125315345024704 read: Pumpkin Seeds
Thread with TID = 125315334538944 read: Marshmallows
Thread with TID = 125315355510464 read: Vegetable Stock
Thread with TID = 125315313567424 read: Energy Bars
Thread with TID = 125315271624384 read: Honey
Thread with TID = 125315261138624 read: Walnuts
Thread with TID = 125315250652864 read: Pancake Mix
Thread with TID = 125315240167104 read: Herbs
Thread with TID = 125315229681344 read: Cereal
Thread with TID = 125315219195584 read: Chia Seeds
Thread with TID = 125315208709824 read: Cheese
Thread with TID = 125315198224064 read: Burger Patties
Thread with TID = 125315187738304 read: Black Pepper
Thread with TID = 125315177252544 read: Yeast
