Process PID: 13361
Thread with TID = 134536291681984 read: Cinnamon
Thread with TID = 134536333625024 read: Baking Powder
Thread with TID = 134536249738944 read: Instant Coffee
Thread with TID = 134536323139264 read: Eggs
Thread with TID = 134536281196224 read: Chicken Nuggets
Thread with TID = 134536344110784 read: Cooking Wine
Thread with TID = 134536260224704 read: Fish Fingers
Thread with TID = 134536302167744 read: Canned Beans
Thread with TID = 134536270710464 read: Dried Fruits
Thread with TID = 134536312653504 read: Sugar
Thread with TID = 134536239253184 read: Stock Cubes
Thread with TID = 134536354596544 read: Coffee Beans
Thread with TID = 134536375568064 read: Mustard
Thread with TID = 134536157464256 read: Wheat Flour
Thread with TID = 134536136492736 read: Pasta
Thread with TID = 134536365082304 read: Sunflower Seeds
Thread with TID = 134536146978496 read: Cake Mix
Thread with TID = 134536126006976 read: Frozen Vegetables
Thread with TID = 134535893223104 read: Almond Milk
Thread with TID = 134536115521216 read: Hot Sauce
Thread with TID = 134535924680384 read: Ketchup
Thread with TID = 134535914194624 read: Raisins
Thread with TID = 134535956137664 read: Mints
Thread with TID = 134536105035456 read: Chicken Stock
Thread with TID = 134535903708864 read: Soy Sauce
Thread with TID = 134535945651904 read: Rice Cakes
Thread with TID = 134535882737344 read: Popcorn
Thread with TID = 134535872251584 read: Coffee
Thread with TID = 134535935166144 read: Milk
Thread with TID = 134535861765824 read: Canned Fruit
Thread with TID = 134535809337024 read: Salt
Thread with TID = 134535798851264 read: Frozen Pizza
Thread with TID = 134535851280064 read: Vinegar
Thread with TID = 134535840794304 read: Flavored Water
Thread with TID = 134535830308544 read: Soup Mix
Thread with TID = 134535788365504 read: Turmeric
Thread with TID = 134535819822784 read: Cashews
Thread with TID = 134535777879744 read: Powdered Milk
Thread with TID = 134535714965184 read: Canned Fish
Thread with TID = 134535725450944 read: Jam
Thread with TID = 134535704479424 read: Cookies
Thread with TID = 134535641564864 read: Brownie Mix
Thread with TID = 134535693993664 read: Herbal Tea
Thread with TID = 134535767393984 read: Almonds
Thread with TID = 134535578650304 read: Chips
Thread with TID = 134535756908224 read: Frozen Berries
Thread with TID = 134535746422464 read: Tea
Thread with TID = 134535735936704 read: Spices
Thread with TID = 134535673022144 read: Bread
Thread with TID = 134535662536384 read: Rice
Thread with TID = 134535652050624 read: Biscuits
Thread with TID = 134535631079104 read: Pickles
Thread with TID = 134535683507904 read: Olive Oil Spray
Thread with TID = 134535620593344 read: Black Tea
Thread with TID = 134535610107584 read: Crackers
Thread with TID = 134535599621824 read: Energy Drinks
Thread with TID = 134535589136064 read: Cooking Oil
Thread with TID = 134535568164544 read: Granola Bars
Thread with TID = 134535557678784 read: Soft Drinks
Thread with TID = 134535547193024 read: Candies
Thread with TID = 134535536707264 read: Butter
Thread with TID = 134535526221504 read: Fruit Juice
Thread with TID = 134535515735744 read: Protein Bars
Thread with TID = 134535505249984 read: Peanut Butter
Thread with TID = 134535484278464 read: Soy Milk
Thread with TID = 134535473792704 read: Green Tea
Thread with TID = 134535463306944 read: Ice Cream
Thread with TID = 134535442335424 read: Beef Stock
Thread with TID = 134535494764224 read: Chocolate Spread
Thread with TID = 134535421363904 read: Coconut Milk
Thread with TID = 134535410878144 read: Canned Soup
Thread with TID = 134535389906624 read: Lollipops
Thread with TID = 134535400392384 read: Ground Coffee
Thread with TID = 134535379420864 read: Vegetable Stock
Thread with TID = 134535431849664 read: Noodles
Thread with TID = 134535368935104 read: Pumpkin Seeds
Thread with TID = 134535337477824 read: Energy Bars
Thread with TID = 134535326992064 read: Pistachios
Thread with TID = 134535358449344 read: Marshmallows
Thread with TID = 134535316506304 read: Yogurt
Thread with TID = 134535347963584 read: Quinoa
Thread with TID = 134535452821184 read: Oats
Thread with TID = 134535306020544 read: Chocolates
Thread with TID = 134535295534784 read: Honey
Thread with TID = 134535264077504 read: Herbs
Thread with TID = 134535274563264 read: Pancake Mix
Thread with TID = 134535222134464 read: Burger Patties
Thread with TID = 134535232620224 read: Cheese
Thread with TID = 134535243105984 read: Chia Seeds
Thread with TID = 134535211648704 read: Black Pepper
Thread with TID = 134535253591744 read: Cereal
Thread with TID = 134535201162944 read: Yeast
Thread with TID = 134535285049024 read: Walnuts
