Process PID: 8955
Thread with TID = 137040442164928 read: Cinnamon
Thread with TID = 137040484107968 read: Baking Powder
Thread with TID = 137040463136448 read: Sugar
Thread with TID = 137040505079488 read: Coffee Beans
Thread with TID = 137040473622208 read: Eggs
Thread with TID = 137040452650688 read: Canned Beans
Thread with TID = 137040515565248 read: Sunflower Seeds
Thread with TID = 137040526051008 read: Mustard
Thread with TID = 137040324724416 read: Chicken Nuggets
Thread with TID = 137040494593728 read: Cooking Wine
Thread with TID = 137040293267136 read: Cake Mix
Thread with TID = 137040303752896 read: Wheat Flour
Thread with TID = 137040410707648 read: Instant Coffee
Thread with TID = 137040421193408 read: Fish Fingers
Thread with TID = 137040431679168 read: Dried Fruits
Thread with TID = 137040314238656 read: Stock Cubes
Thread with TID = 137040282781376 read: Pasta
Thread with TID = 137040272295616 read: Frozen Vegetables
Thread with TID = 137040180020928 read: Chicken Stock
Thread with TID = 137040190506688 read: Hot Sauce
Thread with TID = 137040169535168 read: Mints
Thread with TID = 137040148563648 read: Milk
Thread with TID = 137040138077888 read: Ketchup
Thread with TID = 137040035317440 read: Almond Milk
Thread with TID = 137040056288960 read: Raisins
Thread with TID = 137040024831680 read: Popcorn
Thread with TID = 137040159049408 read: Rice Cakes
Thread with TID = 137040045803200 read: Soy Sauce
Thread with TID = 137039911585472 read: Flavored Water
Thread with TID = 137039890613952 read: Cashews
Thread with TID = 137040014345920 read: Coffee
Thread with TID = 137039922071232 read: Vinegar
Thread with TID = 137040003860160 read: Canned Fruit
Thread with TID = 137039901099712 read: Soup Mix
Thread with TID = 137039703967424 read: Cookies
Thread with TID = 137039880128192 read: Salt
Thread with TID = 137039869642432 read: Frozen Pizza
Thread with TID = 137039787853504 read: Turmeric
Thread with TID = 137039766881984 read: Almonds
Thread with TID = 137039777367744 read: Powdered Milk
Thread with TID = 137039714453184 read: Canned Fish
Thread with TID = 137039756396224 read: Frozen Berries
Thread with TID = 137039745910464 read: Tea
Thread with TID = 137039724938944 read: Jam
Thread with TID = 137039735424704 read: Spices
Thread with TID = 137039693481664 read: Herbal Tea
Thread with TID = 137039682995904 read: Olive Oil Spray
Thread with TID = 137039672510144 read: Bread
Thread with TID = 137039651538624 read: Biscuits
Thread with TID = 137039630567104 read: Pickles
Thread with TID = 137039641052864 read: Brownie Mix
Thread with TID = 137039588624064 read: Cooking Oil
Thread with TID = 137039578138304 read: Chips
Thread with TID = 137039609595584 read: Crackers
Thread with TID = 137039567652544 read: Granola Bars
Thread with TID = 137039599109824 read: Energy Drinks
Thread with TID = 137039662024384 read: Rice
Thread with TID = 137039620081344 read: Black Tea
Thread with TID = 137039557166784 read: Soft Drinks
Thread with TID = 137039546681024 read: Candies
Thread with TID = 137039536195264 read: Butter
Thread with TID = 137039515223744 read: Protein Bars
Thread with TID = 137039504737984 read: Peanut Butter
Thread with TID = 137039494252224 read: Chocolate Spread
Thread with TID = 137039483766464 read: Soy Milk
Thread with TID = 137039473280704 read: Green Tea
Thread with TID = 137039462794944 read: Ice Cream
Thread with TID = 137039525709504 read: Fruit Juice
Thread with TID = 137039452309184 read: Oats
Thread with TID = 137039441823424 read: Beef Stock
Thread with TID = 137039431337664 read: Noodles
Thread with TID = 137039420851904 read: Coconut Milk
Thread with TID = 137039410366144 read: Canned Soup
Thread with TID = 137039389394624 read: Lollipops
Thread with TID = 137039378908864 read: Vegetable Stock
Thread with TID = 137039399880384 read: Ground Coffee
Thread with TID = 137039368423104 read: Pumpkin Seeds
Thread with TID = 137039357937344 read: Marshmallows
Thread with TID = 137039347451584 read: Quinoa
Thread with TID = 137039336965824 read: Energy Bars
Thread with TID = 137039326480064 read: Pistachios
Thread with TID = 137039315994304 read: Yogurt
Thread with TID = 137039305508544 read: Chocolates
Thread with TID = 137039295022784 read: Honey
Thread with TID = 137039284537024 read: Walnuts
Thread with TID = 137039274051264 read: Pancake Mix
Thread with TID = 137039263565504 read: Herbs
Thread with TID = 137039253079744 read: Cereal
Thread with TID = 137039242593984 read: Chia Seeds
Thread with TID = 137039211136704 read: Black Pepper
Thread with TID = 137039221622464 read: Burger Patties
Thread with TID = 137039200650944 read: Yeast
Thread with TID = 137039232108224 read: Cheese
