Process PID: 15538
Thread with TID = 138243653764800 read: Sugar
Thread with TID = 138243685222080 read: Cooking Wine
Thread with TID = 138243643279040 read: Canned Beans
Thread with TID = 138243716679360 read: Mustard
Thread with TID = 138243706193600 read: Sunflower Seeds
Thread with TID = 138243695707840 read: Coffee Beans
Thread with TID = 138243632793280 read: Cinnamon
Thread with TID = 138243622307520 read: Chicken Nuggets
Thread with TID = 138243611821760 read: Dried Fruits
Thread with TID = 138243559392960 read: Cake Mix
Thread with TID = 138243674736320 read: Baking Powder
Thread with TID = 138243664250560 read: Eggs
Thread with TID = 138243601336000 read: Fish Fingers
Thread with TID = 138243590850240 read: Instant Coffee
Thread with TID = 138243580364480 read: Stock Cubes
Thread with TID = 138243569878720 read: Wheat Flour
Thread with TID = 138243452438208 read: Hot Sauce
Thread with TID = 138243441952448 read: Chicken Stock
Thread with TID = 138243431466688 read: Mints
Thread with TID = 138243538421440 read: Frozen Vegetables
Thread with TID = 138243420980928 read: Rice Cakes
Thread with TID = 138243410495168 read: Milk
Thread with TID = 138243548907200 read: Pasta
Thread with TID = 138243318220480 read: Raisins
Thread with TID = 138243297248960 read: Almond Milk
Thread with TID = 138243265791680 read: Canned Fruit
Thread with TID = 138243400009408 read: Ketchup
Thread with TID = 138243286763200 read: Popcorn
Thread with TID = 138243307734720 read: Soy Sauce
Thread with TID = 138243255305920 read: Vinegar
Thread with TID = 138243244820160 read: Flavored Water
Thread with TID = 138243234334400 read: Soup Mix
Thread with TID = 138243276277440 read: Coffee
Thread with TID = 138243213362880 read: Frozen Pizza
Thread with TID = 138243202877120 read: Turmeric
Thread with TID = 138243192391360 read: Powdered Milk
Thread with TID = 138243146254016 read: Salt
Thread with TID = 138243160934080 read: Tea
Thread with TID = 138243135768256 read: Spices
Thread with TID = 138243181905600 read: Almonds
Thread with TID = 138243223848640 read: Cashews
Thread with TID = 138243039299264 read: Canned Fish
Thread with TID = 138243018327744 read: Herbal Tea
Thread with TID = 138242997356224 read: Bread
Thread with TID = 138243007841984 read: Olive Oil Spray
Thread with TID = 138243028813504 read: Cookies
Thread with TID = 138242976384704 read: Biscuits
Thread with TID = 138242965898944 read: Brownie Mix
Thread with TID = 138242955413184 read: Pickles
Thread with TID = 138242986870464 read: Rice
Thread with TID = 138242944927424 read: Black Tea
Thread with TID = 138243171419840 read: Frozen Berries
Thread with TID = 138243049785024 read: Jam
Thread with TID = 138242934441664 read: Crackers
Thread with TID = 138242913470144 read: Cooking Oil
Thread with TID = 138242871527104 read: Candies
Thread with TID = 138242861041344 read: Butter
Thread with TID = 138242808612544 read: Soy Milk
Thread with TID = 138242850555584 read: Fruit Juice
Thread with TID = 138242923955904 read: Energy Drinks
Thread with TID = 138242819098304 read: Chocolate Spread
Thread with TID = 138242902984384 read: Chips
Thread with TID = 138242882012864 read: Soft Drinks
Thread with TID = 138242840069824 read: Protein Bars
Thread with TID = 138242798126784 read: Green Tea
Thread with TID = 138242829584064 read: Peanut Butter
Thread with TID = 138242892498624 read: Granola Bars
Thread with TID = 138242787641024 read: Ice Cream
Thread with TID = 138242777155264 read: Oats
Thread with TID = 138242672297664 read: Quinoa
Thread with TID = 138242703754944 read: Vegetable Stock
Thread with TID = 138242745697984 read: Coconut Milk
Thread with TID = 138242548565696 read: Honey
Thread with TID = 138242693269184 read: Pumpkin Seeds
Thread with TID = 138242756183744 read: Noodles
Thread with TID = 138242661811904 read: Energy Bars
Thread with TID = 138242580022976 read: Pistachios
Thread with TID = 138242559051456 read: Chocolates
Thread with TID = 138242527594176 read: Pancake Mix
Thread with TID = 138242682783424 read: Marshmallows
Thread with TID = 138242569537216 read: Yogurt
Thread with TID = 138242735212224 read: Canned Soup
Thread with TID = 138242538079936 read: Walnuts
Thread with TID = 138242714240704 read: Lollipops
Thread with TID = 138242724726464 read: Ground Coffee
Thread with TID = 138242378696384 read: Herbs
Thread with TID = 138242357724864 read: Chia Seeds
Thread with TID = 138242368210624 read: Cereal
Thread with TID = 138242347239104 read: Cheese
Thread with TID = 138242336753344 read: Burger Patties
Thread with TID = 138242766669504 read: Beef Stock
Thread with TID = 138242326267584 read: Black Pepper
Thread with TID = 138241976043200 read: Yeast
