Process PID: 6165
Thread with TID = 125075932055232 read: Mustard
Thread with TID = 125075816711872 read: Fish Fingers
Thread with TID = 125075921569472 read: Sunflower Seeds
Thread with TID = 125075900597952 read: Cooking Wine
Thread with TID = 125075890112192 read: Baking Powder
Thread with TID = 125075879626432 read: Eggs
Thread with TID = 125075806226112 read: Instant Coffee
Thread with TID = 125075837683392 read: Chicken Nuggets
Thread with TID = 125075795740352 read: Stock Cubes
Thread with TID = 125075619579584 read: Frozen Vegetables
Thread with TID = 125075911083712 read: Coffee Beans
Thread with TID = 125075753797312 read: Hot Sauce
Thread with TID = 125075785254592 read: Wheat Flour
Thread with TID = 125075827197632 read: Dried Fruits
Thread with TID = 125075774768832 read: Cake Mix
Thread with TID = 125075869140672 read: Sugar
Thread with TID = 125075743311552 read: Chicken Stock
Thread with TID = 125075858654912 read: Canned Beans
Thread with TID = 125075848169152 read: Cinnamon
Thread with TID = 125075764283072 read: Pasta
Thread with TID = 125075577636544 read: Popcorn
Thread with TID = 125075588122304 read: Almond Milk
Thread with TID = 125074736678592 read: Vinegar
Thread with TID = 125074715707072 read: Soup Mix
Thread with TID = 125075711854272 read: Milk
Thread with TID = 125075598608064 read: Soy Sauce
Thread with TID = 125075609093824 read: Raisins
Thread with TID = 125074726192832 read: Flavored Water
Thread with TID = 125074747164352 read: Canned Fruit
Thread with TID = 125074694735552 read: Salt
Thread with TID = 125074673764032 read: Turmeric
Thread with TID = 125074663278272 read: Powdered Milk
Thread with TID = 125074652792512 read: Almonds
Thread with TID = 125074642306752 read: Frozen Berries
Thread with TID = 125074631820992 read: Tea
Thread with TID = 125074684249792 read: Frozen Pizza
Thread with TID = 125075732825792 read: Mints
Thread with TID = 125074610849472 read: Jam
Thread with TID = 125074705221312 read: Cashews
Thread with TID = 125075722340032 read: Rice Cakes
Thread with TID = 125074547934912 read: Rice
Thread with TID = 125075567150784 read: Coffee
Thread with TID = 125074589877952 read: Cookies
Thread with TID = 125074621335232 read: Spices
Thread with TID = 125075701368512 read: Ketchup
Thread with TID = 125074600363712 read: Canned Fish
Thread with TID = 125074579392192 read: Herbal Tea
Thread with TID = 125074537449152 read: Biscuits
Thread with TID = 125074558420672 read: Bread
Thread with TID = 125074568906432 read: Olive Oil Spray
Thread with TID = 125074526963392 read: Brownie Mix
Thread with TID = 125074505991872 read: Black Tea
Thread with TID = 125074485020352 read: Energy Drinks
Thread with TID = 125074464048832 read: Chips
Thread with TID = 125074495506112 read: Crackers
Thread with TID = 125074516477632 read: Pickles
Thread with TID = 125074422105792 read: Butter
Thread with TID = 125074411620032 read: Fruit Juice
Thread with TID = 125074453563072 read: Granola Bars
Thread with TID = 125074401134272 read: Protein Bars
Thread with TID = 125074432591552 read: Candies
Thread with TID = 125074369676992 read: Soy Milk
Thread with TID = 125074348705472 read: Ice Cream
Thread with TID = 125074359191232 read: Green Tea
Thread with TID = 125074443077312 read: Soft Drinks
Thread with TID = 125074474534592 read: Cooking Oil
Thread with TID = 125074317248192 read: Noodles
Thread with TID = 125074390648512 read: Peanut Butter
Thread with TID = 125074380162752 read: Chocolate Spread
Thread with TID = 125074327733952 read: Beef Stock
Thread with TID = 125074338219712 read: Oats
Thread with TID = 125074306762432 read: Coconut Milk
Thread with TID = 125074285790912 read: Ground Coffee
Thread with TID = 125074275305152 read: Lollipops
Thread with TID = 125074264819392 read: Vegetable Stock
Thread with TID = 125074254333632 read: Pumpkin Seeds
Thread with TID = 125074233362112 read: Quinoa
Thread with TID = 125074222876352 read: Energy Bars
Thread with TID = 125074243847872 read: Marshmallows
Thread with TID = 125074212390592 read: Pistachios
Thread with TID = 125074296276672 read: Canned Soup
Thread with TID = 125074201904832 read: Yogurt
Thread with TID = 125074180933312 read: Honey
Thread with TID = 125074149476032 read: Herbs
Thread with TID = 125074170447552 read: Walnuts
Thread with TID = 125074118018752 read: Cheese
Thread with TID = 125074128504512 read: Chia Seeds
Thread with TID = 125074107532992 read: Burger Patties
Thread with TID = 125074097047232 read: Black Pepper
Thread with TID = 125074138990272 read: Cereal
Thread with TID = 125074191419072 read: Chocolates
Thread with TID = 125074086561472 read: Yeast
Thread with TID = 125074159961792 read: Pancake Mix
