Process PID: 18013
Thread with TID = 132214436136640 read: Baking Powder
Thread with TID = 132214425650880 read: Eggs
Thread with TID = 132214478079680 read: Mustard
Thread with TID = 132214467593920 read: Sunflower Seeds
Thread with TID = 132214446622400 read: Cooking Wine
Thread with TID = 132214415165120 read: Sugar
Thread with TID = 132214394193600 read: Cinnamon
Thread with TID = 132214257878720 read: Chicken Nuggets
Thread with TID = 132214404679360 read: Canned Beans
Thread with TID = 132214457108160 read: Coffee Beans
Thread with TID = 132214383707840 read: Dried Fruits
Thread with TID = 132214341764800 read: Wheat Flour
Thread with TID = 132214373222080 read: Fish Fingers
Thread with TID = 132214362736320 read: Instant Coffee
Thread with TID = 132214352250560 read: Stock Cubes
Thread with TID = 132214247392960 read: Cake Mix
Thread with TID = 132214236907200 read: Pasta
Thread with TID = 132214226421440 read: Frozen Vegetables
Thread with TID = 132214215935680 read: Hot Sauce
Thread with TID = 132214123660992 read: Mints
Thread with TID = 132214113175232 read: Rice Cakes
Thread with TID = 132214102689472 read: Milk
Thread with TID = 132214205449920 read: Chicken Stock
Thread with TID = 132214092203712 read: Ketchup
Thread with TID = 132214071232192 read: Soy Sauce
Thread with TID = 132213978957504 read: Popcorn
Thread with TID = 132213926528704 read: Soup Mix
Thread with TID = 132213916042944 read: Cashews
Thread with TID = 132213989443264 read: Almond Milk
Thread with TID = 132214081717952 read: Raisins
Thread with TID = 132213884585664 read: Turmeric
Thread with TID = 132213863614144 read: Almonds
Thread with TID = 132213968471744 read: Coffee
Thread with TID = 132213957985984 read: Canned Fruit
Thread with TID = 132213947500224 read: Vinegar
Thread with TID = 132213853128384 read: Frozen Berries
Thread with TID = 132213874099904 read: Powdered Milk
Thread with TID = 132213905557184 read: Salt
Thread with TID = 132213842642624 read: Tea
Thread with TID = 132213895071424 read: Frozen Pizza
Thread with TID = 132213937014464 read: Flavored Water
Thread with TID = 132213832156864 read: Spices
Thread with TID = 132213821671104 read: Jam
Thread with TID = 132213737785024 read: Brownie Mix
Thread with TID = 132213811185344 read: Canned Fish
Thread with TID = 132213727299264 read: Pickles
Thread with TID = 132213769242304 read: Bread
Thread with TID = 132213716813504 read: Black Tea
Thread with TID = 132213748270784 read: Biscuits
Thread with TID = 132213758756544 read: Rice
Thread with TID = 132213800699584 read: Cookies
Thread with TID = 132213790213824 read: Herbal Tea
Thread with TID = 132213779728064 read: Olive Oil Spray
Thread with TID = 132213706327744 read: Crackers
Thread with TID = 132213695841984 read: Energy Drinks
Thread with TID = 132213685356224 read: Cooking Oil
Thread with TID = 132213674870464 read: Chips
Thread with TID = 132213586790080 read: Granola Bars
Thread with TID = 132213576304320 read: Soft Drinks
Thread with TID = 132213555332800 read: Butter
Thread with TID = 132213544847040 read: Fruit Juice
Thread with TID = 132213534361280 read: Protein Bars
Thread with TID = 132213565818560 read: Candies
Thread with TID = 132213502904000 read: Soy Milk
Thread with TID = 132213523875520 read: Peanut Butter
Thread with TID = 132213450475200 read: Noodles
Thread with TID = 132213318354624 read: Pumpkin Seeds
Thread with TID = 132213307868864 read: Marshmallows
Thread with TID = 132213398046400 read: Vegetable Stock
Thread with TID = 132213471446720 read: Oats
Thread with TID = 132213286897344 read: Energy Bars
Thread with TID = 132213276411584 read: Pistachios
Thread with TID = 132213492418240 read: Green Tea
Thread with TID = 132213481932480 read: Ice Cream
Thread with TID = 132213513389760 read: Chocolate Spread
Thread with TID = 132213408532160 read: Lollipops
Thread with TID = 132213419017920 read: Ground Coffee
Thread with TID = 132213265925824 read: Yogurt
Thread with TID = 132213439989440 read: Coconut Milk
Thread with TID = 132213460960960 read: Beef Stock
Thread with TID = 132213429503680 read: Canned Soup
Thread with TID = 132213297383104 read: Quinoa
Thread with TID = 132212961838784 read: Walnuts
Thread with TID = 132212982810304 read: Chocolates
Thread with TID = 132212827621056 read: Burger Patties
Thread with TID = 132212806649536 read: Yeast
Thread with TID = 132212972324544 read: Honey
Thread with TID = 132212951353024 read: Pancake Mix
Thread with TID = 132212817135296 read: Black Pepper
Thread with TID = 132212848592576 read: Chia Seeds
Thread with TID = 132212838106816 read: Cheese
Thread with TID = 132212930381504 read: Cereal
Thread with TID = 132212940867264 read: Herbs
