Process PID: 14946
Thread with TID = 131712101123776 read: Green Tea
Thread with TID = 131712143066816 read: Cheese
Thread with TID = 131712090638016 read: Almonds
Thread with TID = 131712059180736 read: Rice
Thread with TID = 131712048694976 read: Mustard
Thread with TID = 131712017237696 read: Popcorn
Thread with TID = 131712394725056 read: Bread
Thread with TID = 131712122095296 read: Cinnamon
Thread with TID = 131711996266176 read: Eggs
Thread with TID = 131711964808896 read: Soup Mix
Thread with TID = 131711669110464 read: Walnuts
Thread with TID = 131711880922816 read: Cooking Oil
Thread with TID = 131711679596224 read: Pasta
Thread with TID = 131711849465536 read: Beef Stock
Thread with TID = 131711859951296 read: Cake Mix
Thread with TID = 131711828494016 read: Brownie Mix
Thread with TID = 131711870437056 read: Flavored Water
Thread with TID = 131711658624704 read: Honey
Thread with TID = 131711648138944 read: Protein Bars
Thread with TID = 131711838979776 read: Almond Milk
Thread with TID = 131711637653184 read: Energy Drinks
Thread with TID = 131711436326592 read: Burger Patties
Thread with TID = 131711446812352 read: Yogurt
Thread with TID = 131711457298112 read: Raisins
Thread with TID = 131711266457280 read: Canned Beans
Thread with TID = 131711425840832 read: Candies
Thread with TID = 131711467783872 read: Canned Soup
Thread with TID = 131711478269632 read: Powdered Milk
Thread with TID = 131711627167424 read: Peanut Butter
Thread with TID = 131711276943040 read: Rice Cakes
Thread with TID = 131711044159168 read: Pistachios
Thread with TID = 131711065130688 read: Salt
Thread with TID = 131711054644928 read: Baking Powder
Thread with TID = 131711075616448 read: Cereal
Thread with TID = 131711255971520 read: Cookies
Thread with TID = 131711224514240 read: Milk
Thread with TID = 131711235000000 read: Turmeric
Thread with TID = 131710920427200 read: Chicken Stock
Thread with TID = 131710930912960 read: Canned Fruit
Thread with TID = 131710941398720 read: Coffee Beans
Thread with TID = 131711023187648 read: Quinoa
Thread with TID = 131711033673408 read: Frozen Vegetables
Thread with TID = 131711245485760 read: Black Pepper
Thread with TID = 131710899455680 read: Biscuits
Thread with TID = 131710909941440 read: Chia Seeds
Thread with TID = 131710878484160 read: Canned Fish
Thread with TID = 131710888969920 read: Crackers
Thread with TID = 131710847026880 read: Vegetable Stock
Thread with TID = 131710867998400 read: Hot Sauce
Thread with TID = 131710857512640 read: Coffee
Thread with TID = 131712384239296 read: Pancake Mix
Thread with TID = 131710784112320 read: Yeast
Thread with TID = 131710805083840 read: Herbs
Thread with TID = 131710826055360 read: Frozen Berries
Thread with TID = 131710794598080 read: Energy Bars
Thread with TID = 131710752655040 read: Chocolates
Thread with TID = 131710815569600 read: Stock Cubes
Thread with TID = 131710836541120 read: Ice Cream
Thread with TID = 131712164038336 read: Soy Sauce
Thread with TID = 131711985780416 read: Vinegar
Thread with TID = 131710742169280 read: Tea
Thread with TID = 131710763140800 read: Pickles
Thread with TID = 131710773626560 read: Chocolate Spread
Thread with TID = 131712132581056 read: Herbal Tea
Thread with TID = 131712111609536 read: Mints
Thread with TID = 131711975294656 read: Lollipops
Thread with TID = 131712027723456 read: Granola Bars
Thread with TID = 131712006751936 read: Chips
Thread with TID = 131712069666496 read: Cooking Wine
Thread with TID = 131712080152256 read: Noodles
Thread with TID = 131712038209216 read: Butter
Thread with TID = 131712405210816 read: Soy Milk
Thread with TID = 131712342296256 read: Fruit Juice
Thread with TID = 131712331810496 read: Spices
Thread with TID = 131712352782016 read: Black Tea
Thread with TID = 131712289867456 read: Pumpkin Seeds
Thread with TID = 131712205981376 read: Coconut Milk
Thread with TID = 131712373753536 read: Instant Coffee
Thread with TID = 131712300353216 read: Fish Fingers
Thread with TID = 131712363267776 read: Sunflower Seeds
Thread with TID = 131712185009856 read: Ground Coffee
Thread with TID = 131712216467136 read: Frozen Pizza
Thread with TID = 131712237438656 read: Jam
Thread with TID = 131712226952896 read: Olive Oil Spray
Thread with TID = 131712321324736 read: Marshmallows
Thread with TID = 131712310838976 read: Cashews
Thread with TID = 131712258410176 read: Chicken Nuggets
Thread with TID = 131712279381696 read: Ketchup
Thread with TID = 131712247924416 read: Wheat Flour
Thread with TID = 131712153552576 read: Dried Fruits
Thread with TID = 131712195495616 read: Soft Drinks
Thread with TID = 131712174524096 read: Sugar
Thread with TID = 131712268895936 read: Oats
