Process PID: 136050
Thread with TID = 140737347847872 read: Mustard
Thread with TID = 140737337362112 read: Sunflower Seeds
Thread with TID = 140737326876352 read: Cooking Wine
Thread with TID = 140737316390592 read: Baking Powder
Thread with TID = 140737305904832 read: Eggs
Thread with TID = 140737196852928 read: Canned Beans
Thread with TID = 140737186367168 read: Cinnamon
Thread with TID = 140737133938368 read: Stock Cubes
Thread with TID = 140737102481088 read: Pasta
Thread with TID = 140737175881408 read: Chicken Nuggets
Thread with TID = 140737112966848 read: Cake Mix
Thread with TID = 140737123452608 read: Wheat Flour
Thread with TID = 140737217824448 read: Coffee Beans
Thread with TID = 140737154909888 read: Fish Fingers
Thread with TID = 140736873891520 read: Soy Sauce
Thread with TID = 140737071023808 read: Chicken Stock
Thread with TID = 140737144424128 read: Instant Coffee
Thread with TID = 140736884377280 read: Raisins
Thread with TID = 140737165395648 read: Dried Fruits
Thread with TID = 140736769033920 read: Frozen Pizza
Thread with TID = 140736863405760 read: Almond Milk
Thread with TID = 140736894863040 read: Ketchup
Thread with TID = 140736670467776 read: Powdered Milk
Thread with TID = 140737081509568 read: Hot Sauce
Thread with TID = 140736852920000 read: Popcorn
Thread with TID = 140736800491200 read: Soup Mix
Thread with TID = 140736905348800 read: Milk
Thread with TID = 140737050052288 read: Rice Cakes
Thread with TID = 140737091995328 read: Frozen Vegetables
Thread with TID = 140736659982016 read: Almonds
Thread with TID = 140736821462720 read: Vinegar
Thread with TID = 140736810976960 read: Flavored Water
Thread with TID = 140736842434240 read: Coffee
Thread with TID = 140736831948480 read: Canned Fruit
Thread with TID = 140736779519680 read: Salt
Thread with TID = 140736790005440 read: Cashews
Thread with TID = 140736917931712 read: Jam
Thread with TID = 140736949388992 read: Frozen Berries
Thread with TID = 140736938903232 read: Tea
Thread with TID = 140736649496256 read: Canned Fish
Thread with TID = 140736374769344 read: Chips
Thread with TID = 140736639010496 read: Cookies
Thread with TID = 140736353797824 read: Soft Drinks
Thread with TID = 140736928417472 read: Spices
Thread with TID = 140736385255104 read: Cooking Oil
Thread with TID = 140736479626944 read: Olive Oil Spray
Thread with TID = 140736395740864 read: Energy Drinks
Thread with TID = 140736469141184 read: Bread
Thread with TID = 140736343312064 read: Candies
Thread with TID = 140736458655424 read: Rice
Thread with TID = 140736364283584 read: Granola Bars
Thread with TID = 140736427198144 read: Pickles
Thread with TID = 140736437683904 read: Brownie Mix
Thread with TID = 140736406226624 read: Crackers
Thread with TID = 140736416712384 read: Black Tea
Thread with TID = 140736628524736 read: Herbal Tea
Thread with TID = 140736332826304 read: Butter
Thread with TID = 140736448169664 read: Biscuits
Thread with TID = 140737060538048 read: Mints
Thread with TID = 140736680953536 read: Turmeric
Thread with TID = 140737039566528 read: Fruit Juice
Thread with TID = 140737207338688 read: Sugar
Thread with TID = 140737029080768 read: Protein Bars
Thread with TID = 140736322340544 read: Peanut Butter
Thread with TID = 140736311854784 read: Chocolate Spread
Thread with TID = 140736301369024 read: Soy Milk
Thread with TID = 140736290883264 read: Green Tea
Thread with TID = 140736169248448 read: Coconut Milk
Thread with TID = 140736056002240 read: Vegetable Stock
Thread with TID = 140736211191488 read: Ice Cream
Thread with TID = 140736190219968 read: Beef Stock
Thread with TID = 140736179734208 read: Noodles
Thread with TID = 140735942756032 read: Energy Bars
Thread with TID = 140736066488000 read: Lollipops
Thread with TID = 140736076973760 read: Ground Coffee
Thread with TID = 140735932270272 read: Pistachios
Thread with TID = 140736024544960 read: Quinoa
Thread with TID = 140736200705728 read: Oats
Thread with TID = 140735921784512 read: Yogurt
Thread with TID = 140735911298752 read: Chocolates
Thread with TID = 140736045516480 read: Pumpkin Seeds
Thread with TID = 140736035030720 read: Marshmallows
Thread with TID = 140736158762688 read: Canned Soup
Thread with TID = 140735900812992 read: Honey
Thread with TID = 140735890327232 read: Walnuts
Thread with TID = 140735858869952 read: Cereal
Thread with TID = 140735848384192 read: Chia Seeds
Thread with TID = 140735879841472 read: Pancake Mix
Thread with TID = 140735827412672 read: Burger Patties
Thread with TID = 140735869355712 read: Herbs
Thread with TID = 140735816926912 read: Black Pepper
Thread with TID = 140735837898432 read: Cheese
Thread with TID = 140735806441152 read: Yeast
