Process PID: 7658
Thread with TID = 140737347847872 read: Mustard
Thread with TID = 140737305904832 read: Baking Powder
Thread with TID = 140737217824448 read: Eggs
Thread with TID = 140737196852928 read: Canned Beans
Thread with TID = 140737186367168 read: Cinnamon
Thread with TID = 140737207338688 read: Sugar
Thread with TID = 140737175881408 read: Chicken Nuggets
Thread with TID = 140737165395648 read: Dried Fruits
Thread with TID = 140737337362112 read: Sunflower Seeds
Thread with TID = 140737326876352 read: Coffee Beans
Thread with TID = 140737316390592 read: Cooking Wine
Thread with TID = 140737154909888 read: Fish Fingers
Thread with TID = 140737016497856 read: Frozen Vegetables
Thread with TID = 140737102481088 read: Pasta
Thread with TID = 140737133938368 read: Stock Cubes
Thread with TID = 140737123452608 read: Wheat Flour
Thread with TID = 140736995526336 read: Chicken Stock
Thread with TID = 140737112966848 read: Cake Mix
Thread with TID = 140737144424128 read: Instant Coffee
Thread with TID = 140736882280128 read: Mints
Thread with TID = 140736871794368 read: Rice Cakes
Thread with TID = 140737006012096 read: Hot Sauce
Thread with TID = 140736985040576 read: Milk
Thread with TID = 140736974554816 read: Ketchup
Thread with TID = 140736964069056 read: Raisins
Thread with TID = 140736850822848 read: Almond Milk
Thread with TID = 140736737576640 read: Vinegar
Thread with TID = 140736861308608 read: Soy Sauce
Thread with TID = 140736840337088 read: Popcorn
Thread with TID = 140736716605120 read: Soup Mix
Thread with TID = 140736748062400 read: Canned Fruit
Thread with TID = 140736695633600 read: Salt
Thread with TID = 140736685147840 read: Frozen Pizza
Thread with TID = 140736829851328 read: Coffee
Thread with TID = 140736706119360 read: Cashews
Thread with TID = 140736727090880 read: Flavored Water
Thread with TID = 140736674662080 read: Turmeric
Thread with TID = 140736664176320 read: Powdered Milk
Thread with TID = 140736643204800 read: Frozen Berries
Thread with TID = 140736632719040 read: Tea
Thread with TID = 140736546735808 read: Spices
Thread with TID = 140736653690560 read: Almonds
Thread with TID = 140736536250048 read: Jam
Thread with TID = 140736525764288 read: Canned Fish
Thread with TID = 140736515278528 read: Cookies
Thread with TID = 140736483821248 read: Bread
Thread with TID = 140736473335488 read: Rice
Thread with TID = 140736462849728 read: Biscuits
Thread with TID = 140736504792768 read: Herbal Tea
Thread with TID = 140736494307008 read: Olive Oil Spray
Thread with TID = 140736441878208 read: Pickles
Thread with TID = 140736431392448 read: Black Tea
Thread with TID = 140736420906688 read: Crackers
Thread with TID = 140736410420928 read: Energy Drinks
Thread with TID = 140736399935168 read: Cooking Oil
Thread with TID = 140736452363968 read: Brownie Mix
Thread with TID = 140736389449408 read: Chips
Thread with TID = 140736378963648 read: Granola Bars
Thread with TID = 140736357992128 read: Candies
Thread with TID = 140736347506368 read: Butter
Thread with TID = 140736337020608 read: Fruit Juice
Thread with TID = 140736368477888 read: Soft Drinks
Thread with TID = 140736326534848 read: Protein Bars
Thread with TID = 140736316049088 read: Peanut Butter
Thread with TID = 140736305563328 read: Chocolate Spread
Thread with TID = 140736284591808 read: Green Tea
Thread with TID = 140736274106048 read: Ice Cream
Thread with TID = 140736253134528 read: Beef Stock
Thread with TID = 140736242648768 read: Noodles
Thread with TID = 140736295077568 read: Soy Milk
Thread with TID = 140736232163008 read: Coconut Milk
Thread with TID = 140736263620288 read: Oats
Thread with TID = 140736221677248 read: Canned Soup
Thread with TID = 140736211191488 read: Ground Coffee
Thread with TID = 140736179734208 read: Pumpkin Seeds
Thread with TID = 140736190219968 read: Vegetable Stock
Thread with TID = 140736200705728 read: Lollipops
Thread with TID = 140736169248448 read: Marshmallows
Thread with TID = 140736158762688 read: Quinoa
Thread with TID = 140736127305408 read: Yogurt
Thread with TID = 140736106333888 read: Honey
Thread with TID = 140736095848128 read: Walnuts
Thread with TID = 140736137791168 read: Pistachios
Thread with TID = 140736085362368 read: Pancake Mix
Thread with TID = 140736116819648 read: Chocolates
Thread with TID = 140736148276928 read: Energy Bars
Thread with TID = 140736064390848 read: Cereal
Thread with TID = 140736043419328 read: Cheese
Thread with TID = 140736032933568 read: Burger Patties
Thread with TID = 140736053905088 read: Chia Seeds
Thread with TID = 140736074876608 read: Herbs
Thread with TID = 140736022447808 read: Black Pepper
Thread with TID = 140736011962048 read: Yeast
