Process PID: 26951
Thread with TID = 123280572810944 read: Sunflower Seeds
Thread with TID = 123280541353664 read: Baking Powder
Thread with TID = 123280457467584 read: Eggs
Thread with TID = 123280446981824 read: Sugar
Thread with TID = 123280436496064 read: Canned Beans
Thread with TID = 123280551839424 read: Cooking Wine
Thread with TID = 123280583296704 read: Mustard
Thread with TID = 123280415524544 read: Chicken Nuggets
Thread with TID = 123280363095744 read: Wheat Flour
Thread with TID = 123280384067264 read: Instant Coffee
Thread with TID = 123280405038784 read: Dried Fruits
Thread with TID = 123280394553024 read: Fish Fingers
Thread with TID = 123280207906496 read: Pasta
Thread with TID = 123280426010304 read: Cinnamon
Thread with TID = 123280218392256 read: Cake Mix
Thread with TID = 123280373581504 read: Stock Cubes
Thread with TID = 123280562325184 read: Coffee Beans
Thread with TID = 123280197420736 read: Frozen Vegetables
Thread with TID = 123280342124224 read: Chicken Stock
Thread with TID = 123280256140992 read: Mints
Thread with TID = 123280235169472 read: Milk
Thread with TID = 123280245655232 read: Rice Cakes
Thread with TID = 123280352609984 read: Hot Sauce
Thread with TID = 123280186934976 read: Ketchup
Thread with TID = 123280176449216 read: Raisins
Thread with TID = 123280155477696 read: Almond Milk
Thread with TID = 123280054814400 read: Canned Fruit
Thread with TID = 123280134506176 read: Coffee
Thread with TID = 123280023357120 read: Soup Mix
Thread with TID = 123280012871360 read: Cashews
Thread with TID = 123280002385600 read: Salt
Thread with TID = 123279910110912 read: Turmeric
Thread with TID = 123280033842880 read: Flavored Water
Thread with TID = 123280044328640 read: Vinegar
Thread with TID = 123279920596672 read: Frozen Pizza
Thread with TID = 123280165963456 read: Soy Sauce
Thread with TID = 123279889139392 read: Almonds
Thread with TID = 123279899625152 read: Powdered Milk
Thread with TID = 123280144991936 read: Popcorn
Thread with TID = 123279878653632 read: Frozen Berries
Thread with TID = 123279786378944 read: Spices
Thread with TID = 123279868167872 read: Tea
Thread with TID = 123279754921664 read: Cookies
Thread with TID = 123279744435904 read: Herbal Tea
Thread with TID = 123279652161216 read: Bread
Thread with TID = 123279641675456 read: Rice
Thread with TID = 123279620703936 read: Brownie Mix
Thread with TID = 123279733950144 read: Olive Oil Spray
Thread with TID = 123279589246656 read: Crackers
Thread with TID = 123279568275136 read: Cooking Oil
Thread with TID = 123279557789376 read: Chips
Thread with TID = 123279775893184 read: Jam
Thread with TID = 123279765407424 read: Canned Fish
Thread with TID = 123279578760896 read: Energy Drinks
Thread with TID = 123279452931776 read: Green Tea
Thread with TID = 123279547303616 read: Granola Bars
Thread with TID = 123279631189696 read: Biscuits
Thread with TID = 123279610218176 read: Pickles
Thread with TID = 123279599732416 read: Black Tea
Thread with TID = 123279526332096 read: Candies
Thread with TID = 123279484389056 read: Peanut Butter
Thread with TID = 123279473903296 read: Chocolate Spread
Thread with TID = 123279536817856 read: Soft Drinks
Thread with TID = 123279515846336 read: Butter
Thread with TID = 123279505360576 read: Fruit Juice
Thread with TID = 123279494874816 read: Protein Bars
Thread with TID = 123279463417536 read: Soy Milk
Thread with TID = 123279442446016 read: Ice Cream
Thread with TID = 123279431960256 read: Oats
Thread with TID = 123279390017216 read: Canned Soup
Thread with TID = 123279379531456 read: Ground Coffee
Thread with TID = 123279421474496 read: Beef Stock
Thread with TID = 123279348074176 read: Pumpkin Seeds
Thread with TID = 123279369045696 read: Lollipops
Thread with TID = 123279358559936 read: Vegetable Stock
Thread with TID = 123279337588416 read: Marshmallows
Thread with TID = 123279295645376 read: Yogurt
Thread with TID = 123279410988736 read: Noodles
Thread with TID = 123279400502976 read: Coconut Milk
Thread with TID = 123279253702336 read: Pancake Mix
Thread with TID = 123279327102656 read: Quinoa
Thread with TID = 123279316616896 read: Energy Bars
Thread with TID = 123279285159616 read: Chocolates
Thread with TID = 123279306131136 read: Pistachios
Thread with TID = 123279243216576 read: Herbs
Thread with TID = 123279222245056 read: Chia Seeds
Thread with TID = 123279232730816 read: Cereal
Thread with TID = 123279211759296 read: Cheese
Thread with TID = 123279190787776 read: Black Pepper
Thread with TID = 123279274673856 read: Honey
Thread with TID = 123279264188096 read: Walnuts
Thread with TID = 123279180302016 read: Yeast
Thread with TID = 123279201273536 read: Burger Patties
