Process PID: 32222
Thread with TID = 133257607775936 read: Mustard
Thread with TID = 133257586804416 read: Coffee Beans
Thread with TID = 133257597290176 read: Sunflower Seeds
Thread with TID = 133257576318656 read: Cooking Wine
Thread with TID = 133257565832896 read: Baking Powder
Thread with TID = 133257555347136 read: Eggs
Thread with TID = 133257544861376 read: Sugar
Thread with TID = 133257454683840 read: Cinnamon
Thread with TID = 133257444198080 read: Chicken Nuggets
Thread with TID = 133257412740800 read: Instant Coffee
Thread with TID = 133257330951872 read: Stock Cubes
Thread with TID = 133257299494592 read: Pasta
Thread with TID = 133257433712320 read: Dried Fruits
Thread with TID = 133257268037312 read: Chicken Stock
Thread with TID = 133257309980352 read: Cake Mix
Thread with TID = 133257278523072 read: Hot Sauce
Thread with TID = 133257423226560 read: Fish Fingers
Thread with TID = 133257465169600 read: Canned Beans
Thread with TID = 133257247065792 read: Milk
Thread with TID = 133257215608512 read: Soy Sauce
Thread with TID = 133257062516416 read: Popcorn
Thread with TID = 133257205122752 read: Almond Milk
Thread with TID = 133257190442688 read: Mints
Thread with TID = 133256911521472 read: Coffee
Thread with TID = 133256901035712 read: Canned Fruit
Thread with TID = 133257236580032 read: Ketchup
Thread with TID = 133257257551552 read: Rice Cakes
Thread with TID = 133257320466112 read: Wheat Flour
Thread with TID = 133256890549952 read: Vinegar
Thread with TID = 133257289008832 read: Frozen Vegetables
Thread with TID = 133257226094272 read: Raisins
Thread with TID = 133257179956928 read: Flavored Water
Thread with TID = 133257169471168 read: Soup Mix
Thread with TID = 133257158985408 read: Cashews
Thread with TID = 133257148499648 read: Salt
Thread with TID = 133257052030656 read: Frozen Pizza
Thread with TID = 133257041544896 read: Turmeric
Thread with TID = 133257031059136 read: Powdered Milk
Thread with TID = 133257010087616 read: Frozen Berries
Thread with TID = 133257020573376 read: Almonds
Thread with TID = 133256928298688 read: Tea
Thread with TID = 133256880064192 read: Spices
Thread with TID = 133256794080960 read: Jam
Thread with TID = 133256561297088 read: Pickles
Thread with TID = 133256550811328 read: Black Tea
Thread with TID = 133256477411008 read: Candies
Thread with TID = 133256540325568 read: Crackers
Thread with TID = 133256529839808 read: Energy Drinks
Thread with TID = 133256519354048 read: Cooking Oil
Thread with TID = 133256592754368 read: Rice
Thread with TID = 133256752137920 read: Olive Oil Spray
Thread with TID = 133256466925248 read: Butter
Thread with TID = 133256783595200 read: Canned Fish
Thread with TID = 133256582268608 read: Biscuits
Thread with TID = 133256571782848 read: Brownie Mix
Thread with TID = 133256456439488 read: Fruit Juice
Thread with TID = 133256773109440 read: Cookies
Thread with TID = 133256762623680 read: Herbal Tea
Thread with TID = 133256508868288 read: Chips
Thread with TID = 133256741652160 read: Bread
Thread with TID = 133256498382528 read: Granola Bars
Thread with TID = 133256487896768 read: Soft Drinks
Thread with TID = 133256445953728 read: Protein Bars
Thread with TID = 133256414496448 read: Soy Milk
Thread with TID = 133256393524928 read: Ice Cream
Thread with TID = 133256404010688 read: Green Tea
Thread with TID = 133256372553408 read: Beef Stock
Thread with TID = 133256362067648 read: Noodles
Thread with TID = 133256351581888 read: Coconut Milk
Thread with TID = 133256383039168 read: Oats
Thread with TID = 133256435467968 read: Peanut Butter
Thread with TID = 133256424982208 read: Chocolate Spread
Thread with TID = 133256341096128 read: Canned Soup
Thread with TID = 133256330610368 read: Ground Coffee
Thread with TID = 133256320124608 read: Lollipops
Thread with TID = 133256309638848 read: Vegetable Stock
Thread with TID = 133256299153088 read: Pumpkin Seeds
Thread with TID = 133256288667328 read: Marshmallows
Thread with TID = 133256278181568 read: Quinoa
Thread with TID = 133256257210048 read: Pistachios
Thread with TID = 133256267695808 read: Energy Bars
Thread with TID = 133256246724288 read: Yogurt
Thread with TID = 133256236238528 read: Chocolates
Thread with TID = 133256225752768 read: Honey
Thread with TID = 133256215267008 read: Walnuts
Thread with TID = 133256204781248 read: Pancake Mix
Thread with TID = 133256194295488 read: Herbs
Thread with TID = 133256183809728 read: Cereal
Thread with TID = 133256173323968 read: Chia Seeds
Thread with TID = 133256162838208 read: Cheese
Thread with TID = 133256152352448 read: Burger Patties
Thread with TID = 133256141866688 read: Black Pepper
Thread with TID = 133256131380928 read: Yeast
