Process PID: 30205
Thread with TID = 138794122610368 read: Cooking Wine
Thread with TID = 138794101638848 read: Eggs
Thread with TID = 138794013558464 read: Sugar
Thread with TID = 138793982101184 read: Chicken Nuggets
Thread with TID = 138794003072704 read: Canned Beans
Thread with TID = 138793971615424 read: Dried Fruits
Thread with TID = 138794154067648 read: Mustard
Thread with TID = 138794143581888 read: Sunflower Seeds
Thread with TID = 138794112124608 read: Baking Powder
Thread with TID = 138793992586944 read: Cinnamon
Thread with TID = 138793961129664 read: Fish Fingers
Thread with TID = 138793879340736 read: Instant Coffee
Thread with TID = 138793847883456 read: Cake Mix
Thread with TID = 138793826911936 read: Frozen Vegetables
Thread with TID = 138793868854976 read: Stock Cubes
Thread with TID = 138793858369216 read: Wheat Flour
Thread with TID = 138793837397696 read: Pasta
Thread with TID = 138793724151488 read: Mints
Thread with TID = 138793745123008 read: Hot Sauce
Thread with TID = 138793713665728 read: Rice Cakes
Thread with TID = 138793558476480 read: Canned Fruit
Thread with TID = 138793466201792 read: Flavored Water
Thread with TID = 138793600419520 read: Soy Sauce
Thread with TID = 138794133096128 read: Coffee Beans
Thread with TID = 138793610905280 read: Raisins
Thread with TID = 138793476687552 read: Vinegar
Thread with TID = 138793692694208 read: Ketchup
Thread with TID = 138793434744512 read: Salt
Thread with TID = 138793568962240 read: Coffee
Thread with TID = 138793455716032 read: Soup Mix
Thread with TID = 138793579448000 read: Popcorn
Thread with TID = 138793445230272 read: Cashews
Thread with TID = 138793734637248 read: Chicken Stock
Thread with TID = 138793424258752 read: Frozen Pizza
Thread with TID = 138793589933760 read: Almond Milk
Thread with TID = 138793703179968 read: Milk
Thread with TID = 138793342469824 read: Turmeric
Thread with TID = 138793321498304 read: Almonds
Thread with TID = 138793331984064 read: Powdered Milk
Thread with TID = 138793300526784 read: Tea
Thread with TID = 138793258583744 read: Cookies
Thread with TID = 138793311012544 read: Frozen Berries
Thread with TID = 138793269069504 read: Canned Fish
Thread with TID = 138793290041024 read: Spices
Thread with TID = 138793279555264 read: Jam
Thread with TID = 138793216640704 read: Rice
Thread with TID = 138793227126464 read: Bread
Thread with TID = 138793248097984 read: Herbal Tea
Thread with TID = 138793237612224 read: Olive Oil Spray
Thread with TID = 138793164211904 read: Crackers
Thread with TID = 138793195669184 read: Brownie Mix
Thread with TID = 138793132754624 read: Chips
Thread with TID = 138793206154944 read: Biscuits
Thread with TID = 138793122268864 read: Granola Bars
Thread with TID = 138793111783104 read: Soft Drinks
Thread with TID = 138793101297344 read: Candies
Thread with TID = 138793090811584 read: Butter
Thread with TID = 138793174697664 read: Black Tea
Thread with TID = 138793153726144 read: Energy Drinks
Thread with TID = 138793143240384 read: Cooking Oil
Thread with TID = 138793185183424 read: Pickles
Thread with TID = 138793080325824 read: Fruit Juice
Thread with TID = 138793069840064 read: Protein Bars
Thread with TID = 138793048868544 read: Chocolate Spread
Thread with TID = 138793059354304 read: Peanut Butter
Thread with TID = 138793038382784 read: Soy Milk
Thread with TID = 138793027897024 read: Green Tea
Thread with TID = 138793006925504 read: Oats
Thread with TID = 138792996439744 read: Beef Stock
Thread with TID = 138793017411264 read: Ice Cream
Thread with TID = 138792964982464 read: Canned Soup
Thread with TID = 138792985953984 read: Noodles
Thread with TID = 138792933525184 read: Vegetable Stock
Thread with TID = 138792954496704 read: Ground Coffee
Thread with TID = 138792923039424 read: Pumpkin Seeds
Thread with TID = 138792912553664 read: Marshmallows
Thread with TID = 138792975468224 read: Coconut Milk
Thread with TID = 138792944010944 read: Lollipops
Thread with TID = 138792891582144 read: Energy Bars
Thread with TID = 138792902067904 read: Quinoa
Thread with TID = 138792881096384 read: Pistachios
Thread with TID = 138792849639104 read: Honey
Thread with TID = 138792839153344 read: Walnuts
Thread with TID = 138792818181824 read: Herbs
Thread with TID = 138792776238784 read: Burger Patties
Thread with TID = 138792807696064 read: Cereal
Thread with TID = 138792797210304 read: Chia Seeds
Thread with TID = 138792870610624 read: Yogurt
Thread with TID = 138792860124864 read: Chocolates
Thread with TID = 138792765753024 read: Black Pepper
Thread with TID = 138792786724544 read: Cheese
Thread with TID = 138792828667584 read: Pancake Mix
Thread with TID = 138792755267264 read: Yeast
