Process PID: 13523
Thread with TID = 140737284933312 read: Sugar
Thread with TID = 140737253476032 read: Chicken Nuggets
Thread with TID = 140737263961792 read: Cinnamon
Thread with TID = 140737180075712 read: Pasta
Thread with TID = 140737169589952 read: Frozen Vegetables
Thread with TID = 140737201047232 read: Wheat Flour
Thread with TID = 140737316390592 read: Cooking Wine
Thread with TID = 140737305904832 read: Baking Powder
Thread with TID = 140737190561472 read: Cake Mix
Thread with TID = 140737211532992 read: Stock Cubes
Thread with TID = 140737274447552 read: Canned Beans
Thread with TID = 140737232504512 read: Fish Fingers
Thread with TID = 140737222018752 read: Instant Coffee
Thread with TID = 140737041663680 read: Milk
Thread with TID = 140737062635200 read: Mints
Thread with TID = 140737073120960 read: Chicken Stock
Thread with TID = 140736989234880 read: Popcorn
Thread with TID = 140737020692160 read: Raisins
Thread with TID = 140736968263360 read: Canned Fruit
Thread with TID = 140736978749120 read: Coffee
Thread with TID = 140736882280128 read: Vinegar
Thread with TID = 140736871794368 read: Flavored Water
Thread with TID = 140736861308608 read: Soup Mix
Thread with TID = 140737010206400 read: Soy Sauce
Thread with TID = 140737031177920 read: Ketchup
Thread with TID = 140736999720640 read: Almond Milk
Thread with TID = 140737337362112 read: Sunflower Seeds
Thread with TID = 140737326876352 read: Coffee Beans
Thread with TID = 140737052149440 read: Rice Cakes
Thread with TID = 140737083606720 read: Hot Sauce
Thread with TID = 140737347847872 read: Mustard
Thread with TID = 140737295419072 read: Eggs
Thread with TID = 140736850822848 read: Cashews
Thread with TID = 140736727090880 read: Almonds
Thread with TID = 140737242990272 read: Dried Fruits
Thread with TID = 140736695633600 read: Spices
Thread with TID = 140736840337088 read: Salt
Thread with TID = 140736706119360 read: Tea
Thread with TID = 140736737576640 read: Powdered Milk
Thread with TID = 140736716605120 read: Frozen Berries
Thread with TID = 140736829851328 read: Frozen Pizza
Thread with TID = 140736748062400 read: Turmeric
Thread with TID = 140736613844672 read: Jam
Thread with TID = 140736603358912 read: Canned Fish
Thread with TID = 140736582387392 read: Herbal Tea
Thread with TID = 140736437683904 read: Black Tea
Thread with TID = 140736448169664 read: Pickles
Thread with TID = 140736427198144 read: Crackers
Thread with TID = 140736571901632 read: Olive Oil Spray
Thread with TID = 140736345409216 read: Energy Drinks
Thread with TID = 140736592873152 read: Cookies
Thread with TID = 140736334923456 read: Cooking Oil
Thread with TID = 140736458655424 read: Brownie Mix
Thread with TID = 140736561415872 read: Bread
Thread with TID = 140736479626944 read: Rice
Thread with TID = 140736190219968 read: Protein Bars
Thread with TID = 140736324437696 read: Chips
Thread with TID = 140736200705728 read: Fruit Juice
Thread with TID = 140736469141184 read: Biscuits
Thread with TID = 140736313951936 read: Granola Bars
Thread with TID = 140736303466176 read: Soft Drinks
Thread with TID = 140736292980416 read: Candies
Thread with TID = 140736211191488 read: Butter
Thread with TID = 140736179734208 read: Peanut Butter
Thread with TID = 140736169248448 read: Chocolate Spread
Thread with TID = 140736095848128 read: Coconut Milk
Thread with TID = 140736116819648 read: Beef Stock
Thread with TID = 140736106333888 read: Noodles
Thread with TID = 140736127305408 read: Oats
Thread with TID = 140736158762688 read: Soy Milk
Thread with TID = 140736148276928 read: Green Tea
Thread with TID = 140736137791168 read: Ice Cream
Thread with TID = 140736085362368 read: Canned Soup
Thread with TID = 140736074876608 read: Ground Coffee
Thread with TID = 140736064390848 read: Lollipops
Thread with TID = 140735917590208 read: Chia Seeds
Thread with TID = 140735886132928 read: Black Pepper
Thread with TID = 140735949047488 read: Pancake Mix
Thread with TID = 140735938561728 read: Herbs
Thread with TID = 140735959533248 read: Walnuts
Thread with TID = 140735928075968 read: Cereal
Thread with TID = 140735896618688 read: Burger Patties
Thread with TID = 140736053905088 read: Vegetable Stock
Thread with TID = 140736043419328 read: Pumpkin Seeds
Thread with TID = 140736032933568 read: Marshmallows
Thread with TID = 140736022447808 read: Quinoa
Thread with TID = 140736011962048 read: Energy Bars
Thread with TID = 140736001476288 read: Pistachios
Thread with TID = 140735990990528 read: Yogurt
Thread with TID = 140735980504768 read: Chocolates
Thread with TID = 140735970019008 read: Honey
Thread with TID = 140735907104448 read: Cheese
Thread with TID = 140735875647168 read: Yeast
