Process PID: 32697
Thread with TID = 140737347847872 read: Mustard
Thread with TID = 140737326876352 read: Cooking Wine
Thread with TID = 140737316390592 read: Baking Powder
Thread with TID = 140737305904832 read: Eggs
Thread with TID = 140737337362112 read: Sunflower Seeds
Thread with TID = 140737217824448 read: Coffee Beans
Thread with TID = 140737207338688 read: Sugar
Thread with TID = 140737186367168 read: Cinnamon
Thread with TID = 140737175881408 read: Chicken Nuggets
Thread with TID = 140737196852928 read: Canned Beans
Thread with TID = 140737083606720 read: Fish Fingers
Thread with TID = 140737165395648 read: Dried Fruits
Thread with TID = 140737062635200 read: Stock Cubes
Thread with TID = 140737052149440 read: Wheat Flour
Thread with TID = 140737073120960 read: Instant Coffee
Thread with TID = 140737041663680 read: Cake Mix
Thread with TID = 140737031177920 read: Pasta
Thread with TID = 140736882280128 read: Frozen Vegetables
Thread with TID = 140736871794368 read: Hot Sauce
Thread with TID = 140736861308608 read: Chicken Stock
Thread with TID = 140736850822848 read: Mints
Thread with TID = 140736819365568 read: Ketchup
Thread with TID = 140736808879808 read: Raisins
Thread with TID = 140736840337088 read: Rice Cakes
Thread with TID = 140736798394048 read: Soy Sauce
Thread with TID = 140736829851328 read: Milk
Thread with TID = 140736766936768 read: Coffee
Thread with TID = 140736787908288 read: Almond Milk
Thread with TID = 140736745965248 read: Vinegar
Thread with TID = 140736777422528 read: Popcorn
Thread with TID = 140736756451008 read: Canned Fruit
Thread with TID = 140736693536448 read: Frozen Pizza
Thread with TID = 140736704022208 read: Salt
Thread with TID = 140736683050688 read: Turmeric
Thread with TID = 140736735479488 read: Flavored Water
Thread with TID = 140736714507968 read: Cashews
Thread with TID = 140736724993728 read: Soup Mix
Thread with TID = 140736672564928 read: Powdered Milk
Thread with TID = 140736662079168 read: Almonds
Thread with TID = 140736651593408 read: Frozen Berries
Thread with TID = 140736641107648 read: Tea
Thread with TID = 140736630621888 read: Spices
Thread with TID = 140736609650368 read: Canned Fish
Thread with TID = 140736620136128 read: Jam
Thread with TID = 140736557221568 read: Rice
Thread with TID = 140736599164608 read: Cookies
Thread with TID = 140736567707328 read: Bread
Thread with TID = 140736588678848 read: Herbal Tea
Thread with TID = 140736536250048 read: Brownie Mix
Thread with TID = 140736578193088 read: Olive Oil Spray
Thread with TID = 140736525764288 read: Pickles
Thread with TID = 140736546735808 read: Biscuits
Thread with TID = 140736504792768 read: Crackers
Thread with TID = 140736515278528 read: Black Tea
Thread with TID = 140736473335488 read: Chips
Thread with TID = 140736452363968 read: Soft Drinks
Thread with TID = 140736494307008 read: Energy Drinks
Thread with TID = 140736441878208 read: Candies
Thread with TID = 140736420906688 read: Fruit Juice
Thread with TID = 140736410420928 read: Protein Bars
Thread with TID = 140736389449408 read: Chocolate Spread
Thread with TID = 140736399935168 read: Peanut Butter
Thread with TID = 140736483821248 read: Cooking Oil
Thread with TID = 140736462849728 read: Granola Bars
Thread with TID = 140736378963648 read: Soy Milk
Thread with TID = 140736431392448 read: Butter
Thread with TID = 140736368477888 read: Green Tea
Thread with TID = 140736357992128 read: Ice Cream
Thread with TID = 140736347506368 read: Oats
Thread with TID = 140736326534848 read: Noodles
Thread with TID = 140736337020608 read: Beef Stock
Thread with TID = 140736295077568 read: Ground Coffee
Thread with TID = 140736284591808 read: Lollipops
Thread with TID = 140736274106048 read: Vegetable Stock
Thread with TID = 140736316049088 read: Coconut Milk
Thread with TID = 140736305563328 read: Canned Soup
Thread with TID = 140736263620288 read: Pumpkin Seeds
Thread with TID = 140736253134528 read: Marshmallows
Thread with TID = 140736242648768 read: Quinoa
Thread with TID = 140736232163008 read: Energy Bars
Thread with TID = 140736221677248 read: Pistachios
Thread with TID = 140736211191488 read: Yogurt
Thread with TID = 140736200705728 read: Chocolates
Thread with TID = 140736190219968 read: Honey
Thread with TID = 140736179734208 read: Walnuts
Thread with TID = 140736169248448 read: Pancake Mix
Thread with TID = 140736158762688 read: Herbs
Thread with TID = 140736148276928 read: Cereal
Thread with TID = 140736137791168 read: Chia Seeds
Thread with TID = 140736127305408 read: Cheese
Thread with TID = 140736116819648 read: Burger Patties
Thread with TID = 140736106333888 read: Black Pepper
Thread with TID = 140736095848128 read: Yeast
