Process PID: 133790
Thread with TID = 140737337362112 read: Sunflower Seeds
Thread with TID = 140737347847872 read: Mustard
Thread with TID = 140737192658624 read: Coffee Beans
Thread with TID = 140737326876352 read: Cooking Wine
Thread with TID = 140737207338688 read: Canned Beans
Thread with TID = 140737182172864 read: Cinnamon
Thread with TID = 140737083606720 read: Dried Fruits
Thread with TID = 140737073120960 read: Fish Fingers
Thread with TID = 140737062635200 read: Instant Coffee
Thread with TID = 140737316390592 read: Baking Powder
Thread with TID = 140737041663680 read: Wheat Flour
Thread with TID = 140737305904832 read: Eggs
Thread with TID = 140737217824448 read: Sugar
Thread with TID = 140737171687104 read: Chicken Nuggets
Thread with TID = 140737052149440 read: Stock Cubes
Thread with TID = 140737031177920 read: Cake Mix
Thread with TID = 140736949388992 read: Pasta
Thread with TID = 140736875988672 read: Ketchup
Thread with TID = 140736896960192 read: Rice Cakes
Thread with TID = 140736855017152 read: Soy Sauce
Thread with TID = 140736886474432 read: Milk
Thread with TID = 140736938903232 read: Frozen Vegetables
Thread with TID = 140736865502912 read: Raisins
Thread with TID = 140736834045632 read: Popcorn
Thread with TID = 140736928417472 read: Hot Sauce
Thread with TID = 140736813074112 read: Canned Fruit
Thread with TID = 140736802588352 read: Vinegar
Thread with TID = 140736917931712 read: Chicken Stock
Thread with TID = 140736844531392 read: Almond Milk
Thread with TID = 140736823559872 read: Coffee
Thread with TID = 140736792102592 read: Flavored Water
Thread with TID = 140736781616832 read: Soup Mix
Thread with TID = 140736907445952 read: Mints
Thread with TID = 140736771131072 read: Cashews
Thread with TID = 140736760645312 read: Salt
Thread with TID = 140736750159552 read: Frozen Pizza
Thread with TID = 140736739673792 read: Turmeric
Thread with TID = 140736718702272 read: Almonds
Thread with TID = 140736708216512 read: Frozen Berries
Thread with TID = 140736697730752 read: Tea
Thread with TID = 140736687244992 read: Spices
Thread with TID = 140736729188032 read: Powdered Milk
Thread with TID = 140736676759232 read: Jam
Thread with TID = 140736624330432 read: Bread
Thread with TID = 140736666273472 read: Canned Fish
Thread with TID = 140736582387392 read: Pickles
Thread with TID = 140736634816192 read: Olive Oil Spray
Thread with TID = 140736613844672 read: Rice
Thread with TID = 140736603358912 read: Biscuits
Thread with TID = 140736592873152 read: Brownie Mix
Thread with TID = 140736655787712 read: Cookies
Thread with TID = 140736645301952 read: Herbal Tea
Thread with TID = 140736519472832 read: Granola Bars
Thread with TID = 140736561415872 read: Crackers
Thread with TID = 140736498501312 read: Candies
Thread with TID = 140736550930112 read: Energy Drinks
Thread with TID = 140736467044032 read: Protein Bars
Thread with TID = 140736393643712 read: Beef Stock
Thread with TID = 140736414615232 read: Ice Cream
Thread with TID = 140736456558272 read: Peanut Butter
Thread with TID = 140736435586752 read: Soy Milk
Thread with TID = 140736351700672 read: Ground Coffee
Thread with TID = 140736425100992 read: Green Tea
Thread with TID = 140736330729152 read: Vegetable Stock
Thread with TID = 140736320243392 read: Pumpkin Seeds
Thread with TID = 140736362186432 read: Canned Soup
Thread with TID = 140736372672192 read: Coconut Milk
Thread with TID = 140736404129472 read: Oats
Thread with TID = 140736488015552 read: Butter
Thread with TID = 140736477529792 read: Fruit Juice
Thread with TID = 140736383157952 read: Noodles
Thread with TID = 140736508987072 read: Soft Drinks
Thread with TID = 140736446072512 read: Chocolate Spread
Thread with TID = 140736309757632 read: Marshmallows
Thread with TID = 140736571901632 read: Black Tea
Thread with TID = 140736540444352 read: Cooking Oil
Thread with TID = 140736529958592 read: Chips
Thread with TID = 140736341214912 read: Lollipops
Thread with TID = 140736299271872 read: Quinoa
Thread with TID = 140736200705728 read: Pistachios
Thread with TID = 140736211191488 read: Energy Bars
Thread with TID = 140736190219968 read: Yogurt
Thread with TID = 140736179734208 read: Chocolates
Thread with TID = 140736169248448 read: Honey
Thread with TID = 140736024544960 read: Burger Patties
Thread with TID = 140736035030720 read: Cheese
Thread with TID = 140736158762688 read: Walnuts
Thread with TID = 140736066488000 read: Herbs
Thread with TID = 140736076973760 read: Pancake Mix
Thread with TID = 140736056002240 read: Cereal
Thread with TID = 140736045516480 read: Chia Seeds
Thread with TID = 140735942756032 read: Black Pepper
Thread with TID = 140735932270272 read: Yeast
