Process PID: 35173
Thread with TID = 132514203043520 read: Sugar
Thread with TID = 132514265958080 read: Mustard
Thread with TID = 132514244986560 read: Coffee Beans
Thread with TID = 132514150614720 read: Fish Fingers
Thread with TID = 132514255472320 read: Sunflower Seeds
Thread with TID = 132514224015040 read: Baking Powder
Thread with TID = 132514213529280 read: Eggs
Thread with TID = 132514171586240 read: Chicken Nuggets
Thread with TID = 132514161100480 read: Dried Fruits
Thread with TID = 132514140128960 read: Instant Coffee
Thread with TID = 132514129643200 read: Stock Cubes
Thread with TID = 132514033174208 read: Cake Mix
Thread with TID = 132514192557760 read: Canned Beans
Thread with TID = 132514119157440 read: Wheat Flour
Thread with TID = 132514234500800 read: Cooking Wine
Thread with TID = 132514182072000 read: Cinnamon
Thread with TID = 132514022688448 read: Pasta
Thread with TID = 132513980745408 read: Mints
Thread with TID = 132513991231168 read: Chicken Stock
Thread with TID = 132514001716928 read: Hot Sauce
Thread with TID = 132513898956480 read: Rice Cakes
Thread with TID = 132513888470720 read: Milk
Thread with TID = 132514012202688 read: Frozen Vegetables
Thread with TID = 132513877984960 read: Ketchup
Thread with TID = 132513857013440 read: Soy Sauce
Thread with TID = 132513836041920 read: Popcorn
Thread with TID = 132513804584640 read: Vinegar
Thread with TID = 132513762641600 read: Salt
Thread with TID = 132513731184320 read: Powdered Milk
Thread with TID = 132513752155840 read: Frozen Pizza
Thread with TID = 132513773127360 read: Cashews
Thread with TID = 132513741670080 read: Turmeric
Thread with TID = 132513699727040 read: Tea
Thread with TID = 132513720698560 read: Almonds
Thread with TID = 132513668269760 read: Canned Fish
Thread with TID = 132513689241280 read: Spices
Thread with TID = 132513657784000 read: Cookies
Thread with TID = 132513678755520 read: Jam
Thread with TID = 132513647298240 read: Herbal Tea
Thread with TID = 132513710212800 read: Frozen Berries
Thread with TID = 132513563412160 read: Olive Oil Spray
Thread with TID = 132513783613120 read: Soup Mix
Thread with TID = 132513846527680 read: Almond Milk
Thread with TID = 132513825556160 read: Coffee
Thread with TID = 132513815070400 read: Canned Fruit
Thread with TID = 132513794098880 read: Flavored Water
Thread with TID = 132513552926400 read: Bread
Thread with TID = 132513867499200 read: Raisins
Thread with TID = 132513521469120 read: Brownie Mix
Thread with TID = 132513542440640 read: Rice
Thread with TID = 132513531954880 read: Biscuits
Thread with TID = 132513418708672 read: Crackers
Thread with TID = 132513510983360 read: Pickles
Thread with TID = 132513429194432 read: Black Tea
Thread with TID = 132513408222912 read: Energy Drinks
Thread with TID = 132513397737152 read: Cooking Oil
Thread with TID = 132513387251392 read: Chips
Thread with TID = 132513232062144 read: Chocolate Spread
Thread with TID = 132513274005184 read: Butter
Thread with TID = 132513284490944 read: Candies
Thread with TID = 132513242547904 read: Peanut Butter
Thread with TID = 132513253033664 read: Protein Bars
Thread with TID = 132513263519424 read: Fruit Juice
Thread with TID = 132513294976704 read: Soft Drinks
Thread with TID = 132513211090624 read: Green Tea
Thread with TID = 132513221576384 read: Soy Milk
Thread with TID = 132513190119104 read: Oats
Thread with TID = 132513376765632 read: Granola Bars
Thread with TID = 132513095747264 read: Marshmallows
Thread with TID = 132513179633344 read: Beef Stock
Thread with TID = 132513106233024 read: Pumpkin Seeds
Thread with TID = 132513158661824 read: Coconut Milk
Thread with TID = 132513116718784 read: Vegetable Stock
Thread with TID = 132513085261504 read: Quinoa
Thread with TID = 132513200604864 read: Ice Cream
Thread with TID = 132513137690304 read: Ground Coffee
Thread with TID = 132513127204544 read: Lollipops
Thread with TID = 132513148176064 read: Canned Soup
Thread with TID = 132513169147584 read: Noodles
Thread with TID = 132513074775744 read: Energy Bars
Thread with TID = 132513053804224 read: Yogurt
Thread with TID = 132513032832704 read: Honey
Thread with TID = 132513043318464 read: Chocolates
Thread with TID = 132513064289984 read: Pistachios
Thread with TID = 132513022346944 read: Walnuts
Thread with TID = 132513011861184 read: Pancake Mix
Thread with TID = 132512990889664 read: Cereal
Thread with TID = 132512969918144 read: Cheese
Thread with TID = 132513001375424 read: Herbs
Thread with TID = 132512980403904 read: Chia Seeds
Thread with TID = 132512959432384 read: Burger Patties
Thread with TID = 132512948946624 read: Black Pepper
Thread with TID = 132512938460864 read: Yeast
