Process PID: 37189
Thread with TID = 133515003823808 read: Sugar
Thread with TID = 133514961880768 read: Dried Fruits
Thread with TID = 133515066738368 read: Mustard
Thread with TID = 133515045766848 read: Coffee Beans
Thread with TID = 133514940909248 read: Instant Coffee
Thread with TID = 133515056252608 read: Sunflower Seeds
Thread with TID = 133514951395008 read: Fish Fingers
Thread with TID = 133514972366528 read: Chicken Nuggets
Thread with TID = 133515014309568 read: Eggs
Thread with TID = 133514888480448 read: Frozen Vegetables
Thread with TID = 133514993338048 read: Canned Beans
Thread with TID = 133514909451968 read: Cake Mix
Thread with TID = 133514982852288 read: Cinnamon
Thread with TID = 133514930423488 read: Stock Cubes
Thread with TID = 133515035281088 read: Cooking Wine
Thread with TID = 133514919937728 read: Wheat Flour
Thread with TID = 133515024795328 read: Baking Powder
Thread with TID = 133514898966208 read: Pasta
Thread with TID = 133514877994688 read: Hot Sauce
Thread with TID = 133514857023168 read: Mints
Thread with TID = 133514867508928 read: Chicken Stock
Thread with TID = 133514729096896 read: Soy Sauce
Thread with TID = 133514739582656 read: Raisins
Thread with TID = 133514846537408 read: Rice Cakes
Thread with TID = 133514538256064 read: Vinegar
Thread with TID = 133514517284544 read: Soup Mix
Thread with TID = 133514760554176 read: Milk
Thread with TID = 133514527770304 read: Flavored Water
Thread with TID = 133514750068416 read: Ketchup
Thread with TID = 133514559227584 read: Coffee
Thread with TID = 133514718611136 read: Almond Milk
Thread with TID = 133514708125376 read: Popcorn
Thread with TID = 133514548741824 read: Canned Fruit
Thread with TID = 133514506798784 read: Cashews
Thread with TID = 133514464855744 read: Powdered Milk
Thread with TID = 133514433398464 read: Tea
Thread with TID = 133514485827264 read: Frozen Pizza
Thread with TID = 133514496313024 read: Salt
Thread with TID = 133514370483904 read: Olive Oil Spray
Thread with TID = 133514443884224 read: Frozen Berries
Thread with TID = 133514391455424 read: Cookies
Thread with TID = 133514475341504 read: Turmeric
Thread with TID = 133514454369984 read: Almonds
Thread with TID = 133514422912704 read: Spices
Thread with TID = 133514380969664 read: Herbal Tea
Thread with TID = 133514412426944 read: Jam
Thread with TID = 133514276112064 read: Cooking Oil
Thread with TID = 133514401941184 read: Canned Fish
Thread with TID = 133514359998144 read: Bread
Thread with TID = 133514265626304 read: Chips
Thread with TID = 133514244654784 read: Soft Drinks
Thread with TID = 133514328540864 read: Brownie Mix
Thread with TID = 133514192225984 read: Peanut Butter
Thread with TID = 133514255140544 read: Granola Bars
Thread with TID = 133514307569344 read: Black Tea
Thread with TID = 133514202711744 read: Protein Bars
Thread with TID = 133514234169024 read: Candies
Thread with TID = 133514318055104 read: Pickles
Thread with TID = 133514297083584 read: Crackers
Thread with TID = 133514223683264 read: Butter
Thread with TID = 133514213197504 read: Fruit Juice
Thread with TID = 133514181740224 read: Chocolate Spread
Thread with TID = 133514349512384 read: Rice
Thread with TID = 133514286597824 read: Energy Drinks
Thread with TID = 133514339026624 read: Biscuits
Thread with TID = 133514139797184 read: Oats
Thread with TID = 133514171254464 read: Soy Milk
Thread with TID = 133514087368384 read: Ground Coffee
Thread with TID = 133514160768704 read: Green Tea
Thread with TID = 133514118825664 read: Noodles
Thread with TID = 133514150282944 read: Ice Cream
Thread with TID = 133514108339904 read: Coconut Milk
Thread with TID = 133514066396864 read: Vegetable Stock
Thread with TID = 133514129311424 read: Beef Stock
Thread with TID = 133514076882624 read: Lollipops
Thread with TID = 133514097854144 read: Canned Soup
Thread with TID = 133514055911104 read: Pumpkin Seeds
Thread with TID = 133514034939584 read: Quinoa
Thread with TID = 133514003482304 read: Yogurt
Thread with TID = 133514013968064 read: Pistachios
Thread with TID = 133513972025024 read: Walnuts
Thread with TID = 133514045425344 read: Marshmallows
Thread with TID = 133513992996544 read: Chocolates
Thread with TID = 133514024453824 read: Energy Bars
Thread with TID = 133513982510784 read: Honey
Thread with TID = 133513951053504 read: Herbs
Thread with TID = 133513961539264 read: Pancake Mix
Thread with TID = 133513919596224 read: Cheese
Thread with TID = 133513930081984 read: Chia Seeds
Thread with TID = 133513940567744 read: Cereal
Thread with TID = 133513909110464 read: Burger Patties
Thread with TID = 133513898624704 read: Black Pepper
Thread with TID = 133513888138944 read: Yeast
