Process PID: 8682
Thread with TID = 124077580748480 read: Eggs
Thread with TID = 124077612205760 read: Coffee Beans
Thread with TID = 124077549291200 read: Chicken Nuggets
Thread with TID = 124077538805440 read: Dried Fruits
Thread with TID = 124077559776960 read: Cinnamon
Thread with TID = 124077287147200 read: Stock Cubes
Thread with TID = 124077276661440 read: Wheat Flour
Thread with TID = 124077266175680 read: Cake Mix
Thread with TID = 124077528319680 read: Fish Fingers
Thread with TID = 124077255689920 read: Pasta
Thread with TID = 124077570262720 read: Sugar
Thread with TID = 124077601720000 read: Cooking Wine
Thread with TID = 124077591234240 read: Baking Powder
Thread with TID = 124077633177280 read: Mustard
Thread with TID = 124077297632960 read: Instant Coffee
Thread with TID = 124077622691520 read: Sunflower Seeds
Thread with TID = 124077173900992 read: Frozen Vegetables
Thread with TID = 124077431850688 read: Hot Sauce
Thread with TID = 124077410879168 read: Mints
Thread with TID = 124077389907648 read: Milk
Thread with TID = 124077421364928 read: Chicken Stock
Thread with TID = 124077400393408 read: Rice Cakes
Thread with TID = 124077308118720 read: Ketchup
Thread with TID = 124077163415232 read: Raisins
Thread with TID = 124077442336448 read: Canned Beans
Thread with TID = 124077142443712 read: Almond Milk
Thread with TID = 124077131957952 read: Popcorn
Thread with TID = 124077121472192 read: Coffee
Thread with TID = 124076997740224 read: Cashews
Thread with TID = 124077039683264 read: Canned Fruit
Thread with TID = 124077152929472 read: Soy Sauce
Thread with TID = 124077029197504 read: Vinegar
Thread with TID = 124077008225984 read: Soup Mix
Thread with TID = 124077018711744 read: Flavored Water
Thread with TID = 124076987254464 read: Salt
Thread with TID = 124076884494016 read: Powdered Milk
Thread with TID = 124076905465536 read: Frozen Pizza
Thread with TID = 124076863522496 read: Frozen Berries
Thread with TID = 124076894979776 read: Turmeric
Thread with TID = 124076771247808 read: Spices
Thread with TID = 124076853036736 read: Tea
Thread with TID = 124076760762048 read: Jam
Thread with TID = 124076874008256 read: Almonds
Thread with TID = 124076750276288 read: Canned Fish
Thread with TID = 124076729304768 read: Herbal Tea
Thread with TID = 124076718819008 read: Olive Oil Spray
Thread with TID = 124076626544320 read: Rice
Thread with TID = 124076637030080 read: Bread
Thread with TID = 124076739790528 read: Cookies
Thread with TID = 124076605572800 read: Brownie Mix
Thread with TID = 124076502812352 read: Crackers
Thread with TID = 124076460869312 read: Granola Bars
Thread with TID = 124076450383552 read: Soft Drinks
Thread with TID = 124076439897792 read: Candies
Thread with TID = 124076595087040 read: Pickles
Thread with TID = 124076429412032 read: Butter
Thread with TID = 124076584601280 read: Black Tea
Thread with TID = 124076481840832 read: Cooking Oil
Thread with TID = 124076418926272 read: Fruit Juice
Thread with TID = 124076408440512 read: Protein Bars
Thread with TID = 124076397954752 read: Peanut Butter
Thread with TID = 124076356011712 read: Ice Cream
Thread with TID = 124076345525952 read: Oats
Thread with TID = 124076335040192 read: Beef Stock
Thread with TID = 124076376983232 read: Soy Milk
Thread with TID = 124076324554432 read: Noodles
Thread with TID = 124076387468992 read: Chocolate Spread
Thread with TID = 124076366497472 read: Green Tea
Thread with TID = 124076616058560 read: Biscuits
Thread with TID = 124076314068672 read: Coconut Milk
Thread with TID = 124076303582912 read: Canned Soup
Thread with TID = 124076492326592 read: Energy Drinks
Thread with TID = 124076293097152 read: Ground Coffee
Thread with TID = 124076282611392 read: Lollipops
Thread with TID = 124076261639872 read: Pumpkin Seeds
Thread with TID = 124076272125632 read: Vegetable Stock
Thread with TID = 124076471355072 read: Chips
Thread with TID = 124076251154112 read: Marshmallows
Thread with TID = 124076240668352 read: Quinoa
Thread with TID = 124076219696832 read: Pistachios
Thread with TID = 124076209211072 read: Yogurt
Thread with TID = 124076230182592 read: Energy Bars
Thread with TID = 124076156782272 read: Herbs
Thread with TID = 124076188239552 read: Honey
Thread with TID = 124076167268032 read: Pancake Mix
Thread with TID = 124076146296512 read: Cereal
Thread with TID = 124076125324992 read: Cheese
Thread with TID = 124076135810752 read: Chia Seeds
Thread with TID = 124076198725312 read: Chocolates
Thread with TID = 124076114839232 read: Burger Patties
Thread with TID = 124076104353472 read: Black Pepper
Thread with TID = 124076093867712 read: Yeast
Thread with TID = 124076177753792 read: Walnuts
