Process PID: 4344
Thread with TID = 138817963034304 read: Chicken Sandwich
Thread with TID = 138817910605504 read: Tempura
Thread with TID = 138817984005824 read: Veggie Burger
Thread with TID = 138817931577024 read: Bagel Sandwich
Thread with TID = 138817952548544 read: Hash Browns
Thread with TID = 138817942062784 read: Chocolate Milkshake
Thread with TID = 138817994491584 read: Chocolate Chip Cookie
Thread with TID = 138817742833344 read: Smoothie
Thread with TID = 138817847690944 read: Sports Drink
Thread with TID = 138817700890304 read: Bottled Water
Thread with TID = 138817648461504 read: Fish Sandwich
Thread with TID = 138817658947264 read: Cupcake
Thread with TID = 138817637975744 read: Tortilla Chips with Salsa
Thread with TID = 138817669433024 read: Spinach Dip
Thread with TID = 138817784776384 read: Teriyaki Chicken Bowl
Thread with TID = 138817774290624 read: Sweet Potato Fries
Thread with TID = 138817690404544 read: Potato Chips
Thread with TID = 138817763804864 read: Mozzarella Sticks
Thread with TID = 138817627489984 read: Stuffed Crust Pizza
Thread with TID = 138817732347584 read: Omelette
Thread with TID = 138817858176704 read: Sweet Tea
Thread with TID = 138817711376064 read: Bacon Burger
Thread with TID = 138817753319104 read: Pizza Slice
Thread with TID = 138817721861824 read: Blueberry Muffin
Thread with TID = 138817868662464 read: Egg and Cheese Muffin
Thread with TID = 138817805747904 read: Cappuccino
Thread with TID = 138817679918784 read: Nachos
Thread with TID = 138817816233664 read: Guacamole Dip
Thread with TID = 138817596032704 read: Shawarma Wrap
Thread with TID = 138817491175104 read: Root Beer
Thread with TID = 138817501660864 read: Burrito
Thread with TID = 138817585546944 read: Donut
Thread with TID = 138817837205184 read: Kebab Platter
Thread with TID = 138817233225408 read: Calzone
Thread with TID = 138817315014336 read: Cheese Puffs
Thread with TID = 138817346471616 read: Pad Thai
Thread with TID = 138817356957376 read: Lemonade
Thread with TID = 138817335985856 read: Popcorn
Thread with TID = 138817325500096 read: Gyro Sandwich
Thread with TID = 138817879148224 read: Hot Fudge Sundae
Thread with TID = 138817480689344 read: Sushi Roll
Thread with TID = 138817367443136 read: Pita Chips
Thread with TID = 138817795262144 read: Breakfast Burrito
Thread with TID = 138817921091264 read: Pretzels
Thread with TID = 138817826719424 read: Cheesecake
Thread with TID = 138817606518464 read: Espresso
Thread with TID = 138817973520064 read: Meatball Sub
Thread with TID = 138817889633984 read: Fried Rice
Thread with TID = 138817222739648 read: Coffee
Thread with TID = 138817617004224 read: Pita Bread with Hummus
Thread with TID = 138817900119744 read: Brownie
Thread with TID = 138816989955776 read: Banana Split
Thread with TID = 138817000441536 read: Quesadilla
Thread with TID = 138817010927296 read: Breakfast Wrap
Thread with TID = 138816427919040 read: Diet Cola
Thread with TID = 138816587302592 read: Cheeseburger
Thread with TID = 138816576816832 read: Falafel Wrap
Thread with TID = 138816778143424 read: Hot Dog
Thread with TID = 138817201768128 read: Hot Chocolate
Thread with TID = 138816618759872 read: Double Cheeseburger
Thread with TID = 138816820086464 read: Iced Tea
Thread with TID = 138817470203584 read: Philly Cheesesteak
Thread with TID = 138817191282368 read: Curly Fries
Thread with TID = 138817212253888 read: Ramen Bowl
Thread with TID = 138816799114944 read: Grilled Chicken Wrap
Thread with TID = 138817031898816 read: Vanilla Ice Cream
Thread with TID = 138816608274112 read: Energy Drink
Thread with TID = 138817180796608 read: BBQ Pulled Pork Sandwich
Thread with TID = 138817021413056 read: Dim Sum
Thread with TID = 138816809600704 read: Cinnamon Roll
Thread with TID = 138816979470016 read: Chicken Nuggets
Thread with TID = 138816788629184 read: Garlic Breadsticks
Thread with TID = 138816629245632 read: Cola
Thread with TID = 138816830572224 read: Taco
Thread with TID = 138816597788352 read: Chicken Tenders
Thread with TID = 138817459717824 read: Onion Rings
Thread with TID = 138817449232064 read: Cherry Pie
Thread with TID = 138816417433280 read: Latte
Thread with TID = 138816004294336 read: French Fries
Thread with TID = 138816216106688 read: Spring Rolls
Thread with TID = 138815993808576 read: Trail Mix
Thread with TID = 138816205620928 read: Margherita Pizza
Thread with TID = 138816195135168 read: Milkshake
Thread with TID = 138816184649408 read: Pancakes
Thread with TID = 138816014780096 read: Chili Dog
Thread with TID = 138816174163648 read: Pepperoni Pizza
Thread with TID = 138816025265856 read: BBQ Chicken Pizza
Thread with TID = 138816396461760 read: Waffles
Thread with TID = 138816226592448 read: Apple Pie
Thread with TID = 138816406947520 read: Strawberry Milkshake
Thread with TID = 138816385976000 read: Croissant Sandwich
Thread with TID = 138816375490240 read: Chocolate Ice Cream
