Process PID: 17182
Thread with TID = 135204224108224 read: Chocolate Chip Cookie
Thread with TID = 135204003907264 read: Sweet Potato Fries
Thread with TID = 135204035364544 read: Cappuccino
Thread with TID = 135204045850304 read: Guacamole Dip
Thread with TID = 135204014393024 read: Teriyaki Chicken Bowl
Thread with TID = 135204024878784 read: Breakfast Burrito
Thread with TID = 135204056336064 read: Cheesecake
Thread with TID = 135204066821824 read: Kebab Platter
Thread with TID = 135204087793344 read: Sweet Tea
Thread with TID = 135204119250624 read: Fried Rice
Thread with TID = 135204108764864 read: Hot Fudge Sundae
Thread with TID = 135204077307584 read: Sports Drink
Thread with TID = 135204203136704 read: Meatball Sub
Thread with TID = 135204192650944 read: Chicken Sandwich
Thread with TID = 135204182165184 read: Hash Browns
Thread with TID = 135204140222144 read: Tempura
Thread with TID = 135203859203776 read: Bottled Water
Thread with TID = 135203880175296 read: Blueberry Muffin
Thread with TID = 135203848718016 read: Potato Chips
Thread with TID = 135203838232256 read: Nachos
Thread with TID = 135203869689536 read: Bacon Burger
Thread with TID = 135203488007872 read: Espresso
Thread with TID = 135203636905664 read: Pita Bread with Hummus
Thread with TID = 135203972449984 read: Smoothie
Thread with TID = 135203647391424 read: Stuffed Crust Pizza
Thread with TID = 135203668362944 read: Fish Sandwich
Thread with TID = 135204150707904 read: Pretzels
Thread with TID = 135203678848704 read: Cupcake
Thread with TID = 135203467036352 read: Donut
Thread with TID = 135203446064832 read: Root Beer
Thread with TID = 135203993421504 read: Mozzarella Sticks
Thread with TID = 135204161193664 read: Bagel Sandwich
Thread with TID = 135204213622464 read: Veggie Burger
Thread with TID = 135204129736384 read: Brownie
Thread with TID = 135203982935744 read: Pizza Slice
Thread with TID = 135203456550592 read: Burrito
Thread with TID = 135203477522112 read: Shawarma Wrap
Thread with TID = 135203689334464 read: Spinach Dip
Thread with TID = 135203890661056 read: Omelette
Thread with TID = 135203435579072 read: Sushi Roll
Thread with TID = 135203657877184 read: Tortilla Chips with Salsa
Thread with TID = 135204171679424 read: Chocolate Milkshake
Thread with TID = 135204098279104 read: Egg and Cheese Muffin
Thread with TID = 135203286681280 read: Pita Chips
Thread with TID = 135203265709760 read: Pad Thai
Thread with TID = 135202481374912 read: Grilled Chicken Wrap
Thread with TID = 135203255224000 read: Popcorn
Thread with TID = 135203053897408 read: Onion Rings
Thread with TID = 135202863056576 read: BBQ Pulled Pork Sandwich
Thread with TID = 135202884028096 read: Hot Chocolate
Thread with TID = 135202672215744 read: Banana Split
Thread with TID = 135202269562560 read: Cheeseburger
Thread with TID = 135202682701504 read: Quesadilla
Thread with TID = 135201676068544 read: Trail Mix
Thread with TID = 135201824966336 read: French Fries
Thread with TID = 135202661729984 read: Chicken Nuggets
Thread with TID = 135203043411648 read: Cherry Pie
Thread with TID = 135202068235968 read: Croissant Sandwich
Thread with TID = 135201835452096 read: Chili Dog
Thread with TID = 135202036778688 read: Spring Rolls
Thread with TID = 135201877395136 read: Milkshake
Thread with TID = 135202460403392 read: Hot Dog
Thread with TID = 135203276195520 read: Lemonade
Thread with TID = 135203234252480 read: Cheese Puffs
Thread with TID = 135203085354688 read: Calzone
Thread with TID = 135202449917632 read: Cola
Thread with TID = 135203032925888 read: Ramen Bowl
Thread with TID = 135202630272704 read: Cinnamon Roll
Thread with TID = 135202831599296 read: Breakfast Wrap
Thread with TID = 135202651244224 read: Taco
Thread with TID = 135202470889152 read: Garlic Breadsticks
Thread with TID = 135202640758464 read: Iced Tea
Thread with TID = 135203064383168 read: Philly Cheesesteak
Thread with TID = 135202842085056 read: Dim Sum
Thread with TID = 135202873542336 read: Curly Fries
Thread with TID = 135203074868928 read: Coffee
Thread with TID = 135202852570816 read: Vanilla Ice Cream
Thread with TID = 135201845937856 read: BBQ Chicken Pizza
Thread with TID = 135203244738240 read: Gyro Sandwich
Thread with TID = 135202047264448 read: Apple Pie
Thread with TID = 135202057750208 read: Chocolate Ice Cream
Thread with TID = 135202227619520 read: Strawberry Milkshake
Thread with TID = 135201866909376 read: Pancakes
Thread with TID = 135202078721728 read: Waffles
Thread with TID = 135202238105280 read: Latte
Thread with TID = 135202026292928 read: Margherita Pizza
Thread with TID = 135202248591040 read: Diet Cola
Thread with TID = 135201856423616 read: Pepperoni Pizza
Thread with TID = 135202259076800 read: Falafel Wrap
Thread with TID = 135202439431872 read: Double Cheeseburger
Thread with TID = 135202280048320 read: Chicken Tenders
Thread with TID = 135202428946112 read: Energy Drink
