Process PID: 12844
Thread with TID = 126657790740160 read: Hash Browns
Thread with TID = 126657801225920 read: Chicken Sandwich
Thread with TID = 126657643939520 read: Cappuccino
Thread with TID = 126657664911040 read: Cheesecake
Thread with TID = 126657759282880 read: Pretzels
Thread with TID = 126657811711680 read: Meatball Sub
Thread with TID = 126657748797120 read: Tempura
Thread with TID = 126657780254400 read: Chocolate Milkshake
Thread with TID = 126657738311360 read: Brownie
Thread with TID = 126657717339840 read: Hot Fudge Sundae
Thread with TID = 126657727825600 read: Fried Rice
Thread with TID = 126657832683200 read: Chocolate Chip Cookie
Thread with TID = 126657696368320 read: Sweet Tea
Thread with TID = 126657769768640 read: Bagel Sandwich
Thread with TID = 126657654425280 read: Guacamole Dip
Thread with TID = 126657685882560 read: Sports Drink
Thread with TID = 126657675396800 read: Kebab Platter
Thread with TID = 126657633453760 read: Breakfast Burrito
Thread with TID = 126657822197440 read: Veggie Burger
Thread with TID = 126657706854080 read: Egg and Cheese Muffin
Thread with TID = 126657612482240 read: Sweet Potato Fries
Thread with TID = 126657287423680 read: Cupcake
Thread with TID = 126657488750272 read: Blueberry Muffin
Thread with TID = 126657622968000 read: Teriyaki Chicken Bowl
Thread with TID = 126657297909440 read: Spinach Dip
Thread with TID = 126657308395200 read: Nachos
Thread with TID = 126657467778752 read: Bottled Water
Thread with TID = 126657499236032 read: Omelette
Thread with TID = 126657478264512 read: Bacon Burger
Thread with TID = 126657457292992 read: Potato Chips
Thread with TID = 126657591510720 read: Pizza Slice
Thread with TID = 126657509721792 read: Smoothie
Thread with TID = 126657601996480 read: Mozzarella Sticks
Thread with TID = 126657075611328 read: Donut
Thread with TID = 126656884770496 read: Lemonade
Thread with TID = 126657096582848 read: Espresso
Thread with TID = 126657086097088 read: Shawarma Wrap
Thread with TID = 126656905742016 read: Sushi Roll
Thread with TID = 126656895256256 read: Pita Chips
Thread with TID = 126657255966400 read: Stuffed Crust Pizza
Thread with TID = 126656874284736 read: Pad Thai
Thread with TID = 126657276937920 read: Fish Sandwich
Thread with TID = 126657107068608 read: Pita Bread with Hummus
Thread with TID = 126657065125568 read: Burrito
Thread with TID = 126657054639808 read: Root Beer
Thread with TID = 126657266452160 read: Tortilla Chips with Salsa
Thread with TID = 126656503088832 read: Ramen Bowl
Thread with TID = 126656853313216 read: Gyro Sandwich
Thread with TID = 126656492603072 read: Hot Chocolate
Thread with TID = 126656863798976 read: Popcorn
Thread with TID = 126656471631552 read: BBQ Pulled Pork Sandwich
Thread with TID = 126656662472384 read: Onion Rings
Thread with TID = 126656672958144 read: Philly Cheesesteak
Thread with TID = 126656704415424 read: Cheese Puffs
Thread with TID = 126656683443904 read: Coffee
Thread with TID = 126656651986624 read: Cherry Pie
Thread with TID = 126656693929664 read: Calzone
Thread with TID = 126656270304960 read: Chicken Nuggets
Thread with TID = 126656291276480 read: Quesadilla
Thread with TID = 126656482117312 read: Curly Fries
Thread with TID = 126656301762240 read: Breakfast Wrap
Thread with TID = 126656461145792 read: Vanilla Ice Cream
Thread with TID = 126655899109056 read: Energy Drink
Thread with TID = 126655888623296 read: Chicken Tenders
Thread with TID = 126656048006848 read: Double Cheeseburger
Thread with TID = 126656079464128 read: Garlic Breadsticks
Thread with TID = 126656068978368 read: Hot Dog
Thread with TID = 126655857166016 read: Diet Cola
Thread with TID = 126655867651776 read: Falafel Wrap
Thread with TID = 126655687296704 read: Waffles
Thread with TID = 126655676810944 read: Croissant Sandwich
Thread with TID = 126655878137536 read: Cheeseburger
Thread with TID = 126655697782464 read: Strawberry Milkshake
Thread with TID = 126655666325184 read: Chocolate Ice Cream
Thread with TID = 126655846680256 read: Latte
Thread with TID = 126656089949888 read: Grilled Chicken Wrap
Thread with TID = 126656249333440 read: Iced Tea
Thread with TID = 126656058492608 read: Cola
Thread with TID = 126656259819200 read: Taco
Thread with TID = 126655655839424 read: Apple Pie
Thread with TID = 126656100435648 read: Cinnamon Roll
Thread with TID = 126656450660032 read: Dim Sum
Thread with TID = 126656280790720 read: Banana Split
Thread with TID = 126655542593216 read: Pancakes
Thread with TID = 126655500650176 read: French Fries
Thread with TID = 126655563564736 read: Margherita Pizza
Thread with TID = 126655645353664 read: Spring Rolls
Thread with TID = 126655532107456 read: Pepperoni Pizza
Thread with TID = 126655521621696 read: BBQ Chicken Pizza
Thread with TID = 126655553078976 read: Milkshake
Thread with TID = 126655511135936 read: Chili Dog
Thread with TID = 126655490164416 read: Trail Mix
