Process PID: 11182
Thread with TID = 125316401989312 read: Philly Cheesesteak
Thread with TID = 125316433446592 read: Trail Mix
Thread with TID = 125316422960832 read: Lemonade
Thread with TID = 125316412475072 read: Hot Chocolate
Thread with TID = 125316391503552 read: Tortilla Chips with Salsa
Thread with TID = 125316261480128 read: Pad Thai
Thread with TID = 125316370532032 read: Nachos
Thread with TID = 125316271965888 read: Chocolate Ice Cream
Thread with TID = 125316230022848 read: Latte
Thread with TID = 125316240508608 read: Banana Split
Thread with TID = 125316381017792 read: BBQ Pulled Pork Sandwich
Thread with TID = 125316219537088 read: Pretzels
Thread with TID = 125316360046272 read: BBQ Chicken Pizza
Thread with TID = 125316250994368 read: Chocolate Chip Cookie
Thread with TID = 125316137748160 read: Bacon Burger
Thread with TID = 125316106290880 read: Spring Rolls
Thread with TID = 125316085319360 read: Cheeseburger
Thread with TID = 125315869312704 read: Breakfast Wrap
Thread with TID = 125315982558912 read: Grilled Chicken Wrap
Thread with TID = 125315785426624 read: Fish Sandwich
Thread with TID = 125315795912384 read: Onion Rings
Thread with TID = 125315993044672 read: Energy Drink
Thread with TID = 125315774940864 read: Brownie
Thread with TID = 125316003530432 read: Double Cheeseburger
Thread with TID = 125315972073152 read: Spinach Dip
Thread with TID = 125315753969344 read: Egg and Cheese Muffin
Thread with TID = 125316095805120 read: Hash Browns
Thread with TID = 125315961587392 read: Kebab Platter
Thread with TID = 125315712026304 read: Vanilla Ice Cream
Thread with TID = 125315951101632 read: Blueberry Muffin
Thread with TID = 125315701540544 read: Pita Bread with Hummus
Thread with TID = 125315722512064 read: Meatball Sub
Thread with TID = 125315732997824 read: Chicken Tenders
Thread with TID = 125315848341184 read: Chicken Sandwich
Thread with TID = 125315816883904 read: Fried Rice
Thread with TID = 125315743483584 read: Tempura
Thread with TID = 125315670083264 read: Smoothie
Thread with TID = 125315659597504 read: Ramen Bowl
Thread with TID = 125315649111744 read: Pepperoni Pizza
Thread with TID = 125315680569024 read: Strawberry Milkshake
Thread with TID = 125315628140224 read: Curly Fries
Thread with TID = 125315806398144 read: Apple Pie
Thread with TID = 125315764455104 read: Cheesecake
Thread with TID = 125316127262400 read: French Fries
Thread with TID = 125315638625984 read: Chocolate Milkshake
Thread with TID = 125315691054784 read: Chicken Nuggets
Thread with TID = 125315512796864 read: Shawarma Wrap
Thread with TID = 125315502311104 read: Espresso
Thread with TID = 125315491825344 read: Burrito
Thread with TID = 125315533768384 read: Cheese Puffs
Thread with TID = 125315617654464 read: Waffles
Thread with TID = 125315523282624 read: Croissant Sandwich
Thread with TID = 125315481339584 read: Cupcake
Thread with TID = 125315858826944 read: Cola
Thread with TID = 125315837855424 read: Sweet Potato Fries
Thread with TID = 125315389064896 read: Gyro Sandwich
Thread with TID = 125315347121856 read: Iced Tea
Thread with TID = 125315254847168 read: Teriyaki Chicken Bowl
Thread with TID = 125315244361408 read: Popcorn
Thread with TID = 125315233875648 read: Pita Chips
Thread with TID = 125315131115200 read: Sweet Tea
Thread with TID = 125315120629440 read: Guacamole Dip
Thread with TID = 125315110143680 read: Breakfast Burrito
Thread with TID = 125315099657920 read: Hot Dog
Thread with TID = 125315089172160 read: Bottled Water
Thread with TID = 125315357607616 read: Pancakes
Thread with TID = 125315078686400 read: Sushi Roll
Thread with TID = 125315212904128 read: Chili Dog
Thread with TID = 125314996897472 read: Stuffed Crust Pizza
Thread with TID = 125314986411712 read: Dim Sum
Thread with TID = 125315378579136 read: Hot Fudge Sundae
Thread with TID = 125315368093376 read: Potato Chips
Thread with TID = 125315399550656 read: Falafel Wrap
Thread with TID = 125316116776640 read: Calzone
Thread with TID = 125314975925952 read: Cherry Pie
Thread with TID = 125314965440192 read: Coffee
Thread with TID = 125315223389888 read: Margherita Pizza
Thread with TID = 125315265332928 read: Bagel Sandwich
Thread with TID = 125314954954432 read: Pizza Slice
Thread with TID = 125314852193984 read: Cinnamon Roll
Thread with TID = 125315827369664 read: Quesadilla
Thread with TID = 125314862679744 read: Omelette
Thread with TID = 125314831222464 read: Milkshake
Thread with TID = 125314841708224 read: Donut
Thread with TID = 125314944468672 read: Diet Cola
Thread with TID = 125314820736704 read: Root Beer
Thread with TID = 125314728462016 read: Taco
Thread with TID = 125314697004736 read: Mozzarella Sticks
Thread with TID = 125314810250944 read: Veggie Burger
Thread with TID = 125314686518976 read: Sports Drink
Thread with TID = 125314707490496 read: Cappuccino
Thread with TID = 125314717976256 read: Garlic Breadsticks
