Process PID: 8946
Thread with TID = 137040360376000 read: Philly Cheesesteak
Thread with TID = 137040505079488 read: Hot Chocolate
Thread with TID = 137040526051008 read: Trail Mix
Thread with TID = 137040494593728 read: BBQ Pulled Pork Sandwich
Thread with TID = 137040515565248 read: Lemonade
Thread with TID = 137040349890240 read: Tortilla Chips with Salsa
Thread with TID = 137040381347520 read: Chocolate Chip Cookie
Thread with TID = 137040484107968 read: Nachos
Thread with TID = 137040473622208 read: BBQ Chicken Pizza
Thread with TID = 137040391833280 read: Pad Thai
Thread with TID = 137040370861760 read: Banana Split
Thread with TID = 137040257615552 read: Latte
Thread with TID = 137040339404480 read: Chocolate Ice Cream
Thread with TID = 137040123397824 read: Hash Browns
Thread with TID = 137040205186752 read: Spring Rolls
Thread with TID = 137040215672512 read: Calzone
Thread with TID = 137040247129792 read: Pretzels
Thread with TID = 137040081454784 read: Grilled Chicken Wrap
Thread with TID = 137040112912064 read: Cheeseburger
Thread with TID = 137039968208576 read: Breakfast Wrap
Thread with TID = 137040070969024 read: Spinach Dip
Thread with TID = 137040236644032 read: Bacon Burger
Thread with TID = 137039978694336 read: Blueberry Muffin
Thread with TID = 137040091940544 read: Energy Drink
Thread with TID = 137040102426304 read: Double Cheeseburger
Thread with TID = 137039957722816 read: Cola
Thread with TID = 137039989180096 read: Kebab Platter
Thread with TID = 137039936751296 read: Sweet Potato Fries
Thread with TID = 137039947237056 read: Chicken Sandwich
Thread with TID = 137039915779776 read: Fried Rice
Thread with TID = 137039905294016 read: Apple Pie
Thread with TID = 137039810922176 read: Vanilla Ice Cream
Thread with TID = 137039863350976 read: Cheesecake
Thread with TID = 137039894808256 read: Onion Rings
Thread with TID = 137039842379456 read: Tempura
Thread with TID = 137039852865216 read: Egg and Cheese Muffin
Thread with TID = 137039800436416 read: Pita Bread with Hummus
Thread with TID = 137039873836736 read: Brownie
Thread with TID = 137040226158272 read: French Fries
Thread with TID = 137039884322496 read: Fish Sandwich
Thread with TID = 137039821407936 read: Meatball Sub
Thread with TID = 137039789950656 read: Chicken Nuggets
Thread with TID = 137039831893696 read: Chicken Tenders
Thread with TID = 137039748007616 read: Pepperoni Pizza
Thread with TID = 137039779464896 read: Strawberry Milkshake
Thread with TID = 137039653635776 read: Curly Fries
Thread with TID = 137039737521856 read: Chocolate Milkshake
Thread with TID = 137039758493376 read: Ramen Bowl
Thread with TID = 137039643150016 read: Waffles
Thread with TID = 137039768979136 read: Smoothie
Thread with TID = 137039926265536 read: Quesadilla
Thread with TID = 137039622178496 read: Croissant Sandwich
Thread with TID = 137039611692736 read: Shawarma Wrap
Thread with TID = 137039519418048 read: Burrito
Thread with TID = 137039498446528 read: Falafel Wrap
Thread with TID = 137039466989248 read: Potato Chips
Thread with TID = 137039632664256 read: Cheese Puffs
Thread with TID = 137039477475008 read: Hot Fudge Sundae
Thread with TID = 137039374714560 read: Iced Tea
Thread with TID = 137039385200320 read: Pancakes
Thread with TID = 137039364228800 read: Bagel Sandwich
Thread with TID = 137039487960768 read: Gyro Sandwich
Thread with TID = 137039508932288 read: Cupcake
Thread with TID = 137039601206976 read: Espresso
Thread with TID = 137039353743040 read: Teriyaki Chicken Bowl
Thread with TID = 137039074821824 read: Breakfast Burrito
Thread with TID = 137039343257280 read: Popcorn
Thread with TID = 137039064336064 read: Hot Dog
Thread with TID = 137038982547136 read: Bottled Water
Thread with TID = 137039116764864 read: Margherita Pizza
Thread with TID = 137039095793344 read: Sweet Tea
Thread with TID = 137038951089856 read: Dim Sum
Thread with TID = 137038961575616 read: Stuffed Crust Pizza
Thread with TID = 137038898661056 read: Omelette
Thread with TID = 137038888175296 read: Cinnamon Roll
Thread with TID = 137038972061376 read: Sushi Roll
Thread with TID = 137038909146816 read: Diet Cola
Thread with TID = 137039106279104 read: Chili Dog
Thread with TID = 137039085307584 read: Guacamole Dip
Thread with TID = 137038877689536 read: Donut
Thread with TID = 137039332771520 read: Pita Chips
Thread with TID = 137038919632576 read: Pizza Slice
Thread with TID = 137038940604096 read: Cherry Pie
Thread with TID = 137038867203776 read: Milkshake
Thread with TID = 137038930118336 read: Coffee
Thread with TID = 137038856718016 read: Root Beer
Thread with TID = 137038804289216 read: Mozzarella Sticks
Thread with TID = 137038835746496 read: Taco
Thread with TID = 137038825260736 read: Garlic Breadsticks
Thread with TID = 137038793803456 read: Sports Drink
Thread with TID = 137038814774976 read: Cappuccino
Thread with TID = 137038846232256 read: Veggie Burger
