Process PID: 13353
Thread with TID = 134536375568064 read: Trail Mix
Thread with TID = 134536260224704 read: Banana Split
Thread with TID = 134536354596544 read: Hot Chocolate
Thread with TID = 134536365082304 read: Lemonade
Thread with TID = 134536302167744 read: Nachos
Thread with TID = 134536323139264 read: Chocolate Ice Cream
Thread with TID = 134536249738944 read: Latte
Thread with TID = 134536291681984 read: BBQ Chicken Pizza
Thread with TID = 134536207795904 read: Calzone
Thread with TID = 134536281196224 read: Pad Thai
Thread with TID = 134536218281664 read: French Fries
Thread with TID = 134536344110784 read: Philly Cheesesteak
Thread with TID = 134536186824384 read: Hash Browns
Thread with TID = 134536197310144 read: Spring Rolls
Thread with TID = 134536312653504 read: BBQ Pulled Pork Sandwich
Thread with TID = 134536270710464 read: Chocolate Chip Cookie
Thread with TID = 134536239253184 read: Pretzels
Thread with TID = 134536228767424 read: Bacon Burger
Thread with TID = 134536333625024 read: Tortilla Chips with Salsa
Thread with TID = 134536176338624 read: Cheeseburger
Thread with TID = 134536069383872 read: Grilled Chicken Wrap
Thread with TID = 134535857571520 read: Sweet Potato Fries
Thread with TID = 134536079869632 read: Energy Drink
Thread with TID = 134536090355392 read: Double Cheeseburger
Thread with TID = 134535878543040 read: Cola
Thread with TID = 134535889028800 read: Breakfast Wrap
Thread with TID = 134536058898112 read: Spinach Dip
Thread with TID = 134535868057280 read: Chicken Sandwich
Thread with TID = 134535744325312 read: Onion Rings
Thread with TID = 134535847085760 read: Quesadilla
Thread with TID = 134536048412352 read: Kebab Platter
Thread with TID = 134535836600000 read: Fried Rice
Thread with TID = 134535754811072 read: Apple Pie
Thread with TID = 134536037926592 read: Blueberry Muffin
Thread with TID = 134535733839552 read: Fish Sandwich
Thread with TID = 134535723353792 read: Brownie
Thread with TID = 134535712868032 read: Cheesecake
Thread with TID = 134535702382272 read: Egg and Cheese Muffin
Thread with TID = 134535578650304 read: Pita Bread with Hummus
Thread with TID = 134535454918336 read: Pepperoni Pizza
Thread with TID = 134535444432576 read: Chocolate Milkshake
Thread with TID = 134535486375616 read: Strawberry Milkshake
Thread with TID = 134535610107584 read: Chicken Tenders
Thread with TID = 134535423461056 read: Waffles
Thread with TID = 134535620593344 read: Tempura
Thread with TID = 134535433946816 read: Curly Fries
Thread with TID = 134535465404096 read: Ramen Bowl
Thread with TID = 134535599621824 read: Meatball Sub
Thread with TID = 134535371032256 read: Burrito
Thread with TID = 134535392003776 read: Shawarma Wrap
Thread with TID = 134535402489536 read: Croissant Sandwich
Thread with TID = 134535475889856 read: Smoothie
Thread with TID = 134535568164544 read: Chicken Nuggets
Thread with TID = 134535339574976 read: Gyro Sandwich
Thread with TID = 134535329089216 read: Hot Fudge Sundae
Thread with TID = 134535589136064 read: Vanilla Ice Cream
Thread with TID = 134535318603456 read: Potato Chips
Thread with TID = 134535412975296 read: Cheese Puffs
Thread with TID = 134535360546496 read: Cupcake
Thread with TID = 134535287146176 read: Bagel Sandwich
Thread with TID = 134535297631936 read: Iced Tea
Thread with TID = 134535308117696 read: Pancakes
Thread with TID = 134535276660416 read: Teriyaki Chicken Bowl
Thread with TID = 134535266174656 read: Popcorn
Thread with TID = 134535255688896 read: Pita Chips
Thread with TID = 134535234717376 read: Chili Dog
Thread with TID = 134535245203136 read: Margherita Pizza
Thread with TID = 134535350060736 read: Falafel Wrap
Thread with TID = 134535381518016 read: Espresso
Thread with TID = 134535192774336 read: Hot Dog
Thread with TID = 134535182288576 read: Bottled Water
Thread with TID = 134535161317056 read: Stuffed Crust Pizza
Thread with TID = 134535224231616 read: Sweet Tea
Thread with TID = 134535140345536 read: Cherry Pie
Thread with TID = 134535119374016 read: Pizza Slice
Thread with TID = 134535203260096 read: Breakfast Burrito
Thread with TID = 134535108888256 read: Diet Cola
Thread with TID = 134535213745856 read: Guacamole Dip
Thread with TID = 134535056459456 read: Root Beer
Thread with TID = 134535098402496 read: Omelette
Thread with TID = 134535045973696 read: Veggie Burger
Thread with TID = 134535014516416 read: Cappuccino
Thread with TID = 134535004030656 read: Mozzarella Sticks
Thread with TID = 134535035487936 read: Taco
Thread with TID = 134535171802816 read: Sushi Roll
Thread with TID = 134535150831296 read: Dim Sum
Thread with TID = 134535129859776 read: Coffee
Thread with TID = 134534993544896 read: Sports Drink
Thread with TID = 134535087916736 read: Cinnamon Roll
Thread with TID = 134535077430976 read: Donut
Thread with TID = 134535025002176 read: Garlic Breadsticks
Thread with TID = 134535066945216 read: Milkshake
