Process PID: 6159
Thread with TID = 125075911083712 read: Hot Chocolate
Thread with TID = 125075921569472 read: Lemonade
Thread with TID = 125075879626432 read: Chocolate Ice Cream
Thread with TID = 125075932055232 read: Trail Mix
Thread with TID = 125075848169152 read: Pad Thai
Thread with TID = 125075869140672 read: BBQ Pulled Pork Sandwich
Thread with TID = 125075890112192 read: Tortilla Chips with Salsa
Thread with TID = 125075837683392 read: Chocolate Chip Cookie
Thread with TID = 125075858654912 read: Nachos
Thread with TID = 125075753797312 read: Banana Split
Thread with TID = 125075900597952 read: Philly Cheesesteak
Thread with TID = 125075713951424 read: BBQ Chicken Pizza
Thread with TID = 125075743311552 read: Latte
Thread with TID = 125075703465664 read: Bacon Burger
Thread with TID = 125075619579584 read: French Fries
Thread with TID = 125075609093824 read: Calzone
Thread with TID = 125075732825792 read: Pretzels
Thread with TID = 125075588122304 read: Hash Browns
Thread with TID = 125075474876096 read: Grilled Chicken Wrap
Thread with TID = 125075567150784 read: Double Cheeseburger
Thread with TID = 125075443418816 read: Blueberry Muffin
Thread with TID = 125075351144128 read: Cola
Thread with TID = 125075453904576 read: Kebab Platter
Thread with TID = 125075464390336 read: Spinach Dip
Thread with TID = 125075598608064 read: Spring Rolls
Thread with TID = 125075577636544 read: Cheeseburger
Thread with TID = 125075485361856 read: Energy Drink
Thread with TID = 125075340658368 read: Chicken Sandwich
Thread with TID = 125075319686848 read: Quesadilla
Thread with TID = 125075309201088 read: Fried Rice
Thread with TID = 125075432933056 read: Breakfast Wrap
Thread with TID = 125075216926400 read: Onion Rings
Thread with TID = 125075330172608 read: Sweet Potato Fries
Thread with TID = 125075206440640 read: Fish Sandwich
Thread with TID = 125075195954880 read: Brownie
Thread with TID = 125075185469120 read: Cheesecake
Thread with TID = 125075112068800 read: Chicken Nuggets
Thread with TID = 125075122554560 read: Pita Bread with Hummus
Thread with TID = 125075101583040 read: Strawberry Milkshake
Thread with TID = 125075070125760 read: Pepperoni Pizza
Thread with TID = 125075017696960 read: Croissant Sandwich
Thread with TID = 125075028182720 read: Cheese Puffs
Thread with TID = 125075059640000 read: Chocolate Milkshake
Thread with TID = 125075049154240 read: Curly Fries
Thread with TID = 125075038668480 read: Waffles
Thread with TID = 125075174983360 read: Egg and Cheese Muffin
Thread with TID = 125075164497600 read: Tempura
Thread with TID = 125074996725440 read: Espresso
Thread with TID = 125075143526080 read: Meatball Sub
Thread with TID = 125075133040320 read: Vanilla Ice Cream
Thread with TID = 125075154011840 read: Chicken Tenders
Thread with TID = 125075007211200 read: Shawarma Wrap
Thread with TID = 125075298715328 read: Apple Pie
Thread with TID = 125075091097280 read: Smoothie
Thread with TID = 125075080611520 read: Ramen Bowl
Thread with TID = 125074986239680 read: Burrito
Thread with TID = 125074965268160 read: Falafel Wrap
Thread with TID = 125074923325120 read: Pancakes
Thread with TID = 125074912839360 read: Iced Tea
Thread with TID = 125074954782400 read: Gyro Sandwich
Thread with TID = 125074975753920 read: Cupcake
Thread with TID = 125074933810880 read: Potato Chips
Thread with TID = 125074902353600 read: Bagel Sandwich
Thread with TID = 125074944296640 read: Hot Fudge Sundae
Thread with TID = 125074881382080 read: Popcorn
Thread with TID = 125074891867840 read: Teriyaki Chicken Bowl
Thread with TID = 125074860410560 read: Margherita Pizza
Thread with TID = 125074849924800 read: Chili Dog
Thread with TID = 125074828953280 read: Guacamole Dip
Thread with TID = 125074839439040 read: Sweet Tea
Thread with TID = 125074818467520 read: Breakfast Burrito
Thread with TID = 125074870896320 read: Pita Chips
Thread with TID = 125074807981760 read: Hot Dog
Thread with TID = 125074713609920 read: Omelette
Thread with TID = 125074755552960 read: Cherry Pie
Thread with TID = 125074745067200 read: Coffee
Thread with TID = 125074692638400 read: Donut
Thread with TID = 125074734581440 read: Pizza Slice
Thread with TID = 125074787010240 read: Sushi Roll
Thread with TID = 125074661181120 read: Veggie Burger
Thread with TID = 125074671666880 read: Root Beer
Thread with TID = 125074682152640 read: Milkshake
Thread with TID = 125074797496000 read: Bottled Water
Thread with TID = 125074766038720 read: Dim Sum
Thread with TID = 125074703124160 read: Cinnamon Roll
Thread with TID = 125074629723840 read: Cappuccino
Thread with TID = 125074619238080 read: Mozzarella Sticks
Thread with TID = 125074650695360 read: Taco
Thread with TID = 125074608752320 read: Sports Drink
Thread with TID = 125074776524480 read: Stuffed Crust Pizza
Thread with TID = 125074640209600 read: Garlic Breadsticks
Thread with TID = 125074724095680 read: Diet Cola
