Process PID: 18008
Thread with TID = 132214404679360 read: Nachos
Thread with TID = 132214457108160 read: Hot Chocolate
Thread with TID = 132214478079680 read: Trail Mix
Thread with TID = 132214467593920 read: Lemonade
Thread with TID = 132214425650880 read: Chocolate Ice Cream
Thread with TID = 132214446622400 read: Philly Cheesesteak
Thread with TID = 132214324987584 read: Hash Browns
Thread with TID = 132214436136640 read: Tortilla Chips with Salsa
Thread with TID = 132214314501824 read: Cheeseburger
Thread with TID = 132214259975872 read: BBQ Chicken Pizza
Thread with TID = 132214249490112 read: Pad Thai
Thread with TID = 132214239004352 read: Chocolate Chip Cookie
Thread with TID = 132214304016064 read: Double Cheeseburger
Thread with TID = 132214228518592 read: Banana Split
Thread with TID = 132214293530304 read: Energy Drink
Thread with TID = 132214155118272 read: Kebab Platter
Thread with TID = 132214218032832 read: Latte
Thread with TID = 132214415165120 read: BBQ Pulled Pork Sandwich
Thread with TID = 132214207547072 read: Pretzels
Thread with TID = 132214197061312 read: Bacon Burger
Thread with TID = 132214283044544 read: Grilled Chicken Wrap
Thread with TID = 132214186575552 read: French Fries
Thread with TID = 132214176089792 read: Calzone
Thread with TID = 132214046066368 read: Cola
Thread with TID = 132214165604032 read: Spring Rolls
Thread with TID = 132213890877120 read: Brownie
Thread with TID = 132214272558784 read: Spinach Dip
Thread with TID = 132213880391360 read: Cheesecake
Thread with TID = 132214056552128 read: Breakfast Wrap
Thread with TID = 132213788116672 read: Tempura
Thread with TID = 132214144632512 read: Blueberry Muffin
Thread with TID = 132213869905600 read: Egg and Cheese Muffin
Thread with TID = 132213767145152 read: Meatball Sub
Thread with TID = 132214035580608 read: Chicken Sandwich
Thread with TID = 132214004123328 read: Fried Rice
Thread with TID = 132213756659392 read: Vanilla Ice Cream
Thread with TID = 132213746173632 read: Pita Bread with Hummus
Thread with TID = 132214025094848 read: Sweet Potato Fries
Thread with TID = 132213777630912 read: Chicken Tenders
Thread with TID = 132213911848640 read: Onion Rings
Thread with TID = 132213901362880 read: Fish Sandwich
Thread with TID = 132214014609088 read: Quesadilla
Thread with TID = 132213735687872 read: Chicken Nuggets
Thread with TID = 132213653898944 read: Strawberry Milkshake
Thread with TID = 132213632927424 read: Ramen Bowl
Thread with TID = 132213922334400 read: Apple Pie
Thread with TID = 132213622441664 read: Pepperoni Pizza
Thread with TID = 132213611955904 read: Chocolate Milkshake
Thread with TID = 132213601470144 read: Curly Fries
Thread with TID = 132213452572352 read: Waffles
Thread with TID = 132213442086592 read: Cheese Puffs
Thread with TID = 132213643413184 read: Smoothie
Thread with TID = 132213389657792 read: Cupcake
Thread with TID = 132213379172032 read: Falafel Wrap
Thread with TID = 132213421115072 read: Shawarma Wrap
Thread with TID = 132213431600832 read: Croissant Sandwich
Thread with TID = 132213400143552 read: Burrito
Thread with TID = 132213337228992 read: Pancakes
Thread with TID = 132213358200512 read: Hot Fudge Sundae
Thread with TID = 132213326743232 read: Iced Tea
Thread with TID = 132213368686272 read: Gyro Sandwich
Thread with TID = 132213347714752 read: Potato Chips
Thread with TID = 132213316257472 read: Bagel Sandwich
Thread with TID = 132213410629312 read: Espresso
Thread with TID = 132213284800192 read: Pita Chips
Thread with TID = 132213305771712 read: Teriyaki Chicken Bowl
Thread with TID = 132213274314432 read: Margherita Pizza
Thread with TID = 132213263828672 read: Chili Dog
Thread with TID = 132213295285952 read: Popcorn
Thread with TID = 132213253342912 read: Sweet Tea
Thread with TID = 132213242857152 read: Guacamole Dip
Thread with TID = 132213211399872 read: Bottled Water
Thread with TID = 132213200914112 read: Sushi Roll
Thread with TID = 132213232371392 read: Breakfast Burrito
Thread with TID = 132213190428352 read: Stuffed Crust Pizza
Thread with TID = 132213179942592 read: Dim Sum
Thread with TID = 132213221885632 read: Hot Dog
Thread with TID = 132213148485312 read: Pizza Slice
Thread with TID = 132213117028032 read: Cinnamon Roll
Thread with TID = 132213137999552 read: Diet Cola
Thread with TID = 132213085570752 read: Root Beer
Thread with TID = 132213075084992 read: Veggie Burger
Thread with TID = 132213169456832 read: Cherry Pie
Thread with TID = 132213158971072 read: Coffee
Thread with TID = 132213106542272 read: Donut
Thread with TID = 132213096056512 read: Milkshake
Thread with TID = 132213127513792 read: Omelette
Thread with TID = 132213064599232 read: Taco
Thread with TID = 132213054113472 read: Garlic Breadsticks
Thread with TID = 132213043627712 read: Cappuccino
Thread with TID = 132213033141952 read: Mozzarella Sticks
Thread with TID = 132213022656192 read: Sports Drink
