Process PID: 15105
Thread with TID = 131712300353216 read: Fried Rice
Thread with TID = 131712195495616 read: Sweet Tea
Thread with TID = 131712363267776 read: Hash Browns
Thread with TID = 131712352782016 read: Chocolate Milkshake
Thread with TID = 131712405210816 read: Chocolate Chip Cookie
Thread with TID = 131712394725056 read: Veggie Burger
Thread with TID = 131712384239296 read: Meatball Sub
Thread with TID = 131712373753536 read: Chicken Sandwich
Thread with TID = 131712342296256 read: Bagel Sandwich
Thread with TID = 131712185009856 read: Sports Drink
Thread with TID = 131712216467136 read: Hot Fudge Sundae
Thread with TID = 131712205981376 read: Egg and Cheese Muffin
Thread with TID = 131712331810496 read: Pretzels
Thread with TID = 131712321324736 read: Tempura
Thread with TID = 131712310838976 read: Brownie
Thread with TID = 131712174524096 read: Kebab Platter
Thread with TID = 131712164038336 read: Cheesecake
Thread with TID = 131711948031680 read: Guacamole Dip
Thread with TID = 131712050792128 read: Sweet Potato Fries
Thread with TID = 131712040306368 read: Mozzarella Sticks
Thread with TID = 131712071763648 read: Breakfast Burrito
Thread with TID = 131711771870912 read: Fish Sandwich
Thread with TID = 131711761385152 read: Tortilla Chips with Salsa
Thread with TID = 131711813813952 read: Potato Chips
Thread with TID = 131711803328192 read: Nachos
Thread with TID = 131711895602880 read: Bottled Water
Thread with TID = 131711782356672 read: Cupcake
Thread with TID = 131711916574400 read: Blueberry Muffin
Thread with TID = 131711669110464 read: Pita Bread with Hummus
Thread with TID = 131711792842432 read: Spinach Dip
Thread with TID = 131712082249408 read: Cappuccino
Thread with TID = 131711679596224 read: Stuffed Crust Pizza
Thread with TID = 131712029820608 read: Pizza Slice
Thread with TID = 131712061277888 read: Teriyaki Chicken Bowl
Thread with TID = 131711937545920 read: Smoothie
Thread with TID = 131711927060160 read: Omelette
Thread with TID = 131711906088640 read: Bacon Burger
Thread with TID = 131711658624704 read: Espresso
Thread with TID = 131711627167424 read: Burrito
Thread with TID = 131711637653184 read: Donut
Thread with TID = 131711648138944 read: Shawarma Wrap
Thread with TID = 131711333566144 read: Cheese Puffs
Thread with TID = 131711111268032 read: Curly Fries
Thread with TID = 131710899455680 read: Chicken Nuggets
Thread with TID = 131710888969920 read: Taco
Thread with TID = 131711100782272 read: BBQ Pulled Pork Sandwich
Thread with TID = 131710941398720 read: Dim Sum
Thread with TID = 131710582785728 read: Croissant Sandwich
Thread with TID = 131710593271488 read: Waffles
Thread with TID = 131710930912960 read: Breakfast Wrap
Thread with TID = 131710603757248 read: Strawberry Milkshake
Thread with TID = 131710656186048 read: Chicken Tenders
Thread with TID = 131710687643328 read: Cola
Thread with TID = 131710677157568 read: Double Cheeseburger
Thread with TID = 131710645700288 read: Cheeseburger
Thread with TID = 131710635214528 read: Falafel Wrap
Thread with TID = 131710666671808 read: Energy Drink
Thread with TID = 131710624728768 read: Diet Cola
Thread with TID = 131710614243008 read: Latte
Thread with TID = 131710920427200 read: Quesadilla
Thread with TID = 131710909941440 read: Banana Split
Thread with TID = 131710740072128 read: Iced Tea
Thread with TID = 131710729586368 read: Cinnamon Roll
Thread with TID = 131711302108864 read: Philly Cheesesteak
Thread with TID = 131711132239552 read: Ramen Bowl
Thread with TID = 131711534892736 read: Sushi Roll
Thread with TID = 131711524406976 read: Pita Chips
Thread with TID = 131711344051904 read: Gyro Sandwich
Thread with TID = 131711323080384 read: Calzone
Thread with TID = 131711545378496 read: Root Beer
Thread with TID = 131710719100608 read: Grilled Chicken Wrap
Thread with TID = 131711121753792 read: Hot Chocolate
Thread with TID = 131711513921216 read: Lemonade
Thread with TID = 131710519871168 read: Pancakes
Thread with TID = 131710530356928 read: Milkshake
Thread with TID = 131710561814208 read: Apple Pie
Thread with TID = 131710540842688 read: Margherita Pizza
Thread with TID = 131710572299968 read: Chocolate Ice Cream
Thread with TID = 131711312594624 read: Coffee
Thread with TID = 131710551328448 read: Spring Rolls
Thread with TID = 131711503435456 read: Pad Thai
Thread with TID = 131711142725312 read: Cherry Pie
Thread with TID = 131711291623104 read: Onion Rings
Thread with TID = 131710498899648 read: BBQ Chicken Pizza
Thread with TID = 131710467442368 read: Trail Mix
Thread with TID = 131710509385408 read: Pepperoni Pizza
Thread with TID = 131711492949696 read: Popcorn
Thread with TID = 131711090296512 read: Vanilla Ice Cream
Thread with TID = 131710477928128 read: French Fries
Thread with TID = 131710488413888 read: Chili Dog
Thread with TID = 131710698129088 read: Hot Dog
Thread with TID = 131710708614848 read: Garlic Breadsticks
