Process PID: 136052
Thread with TID = 140737347847872 read: Trail Mix
Thread with TID = 140737326876352 read: Hot Chocolate
Thread with TID = 140737337362112 read: Lemonade
Thread with TID = 140737161201344 read: Chocolate Ice Cream
Thread with TID = 140737217824448 read: BBQ Pulled Pork Sandwich
Thread with TID = 140737316390592 read: Philly Cheesesteak
Thread with TID = 140737196852928 read: BBQ Chicken Pizza
Thread with TID = 140737186367168 read: Pad Thai
Thread with TID = 140737175881408 read: Chocolate Chip Cookie
Thread with TID = 140737305904832 read: Tortilla Chips with Salsa
Thread with TID = 140737207338688 read: Nachos
Thread with TID = 140737140229824 read: Latte
Thread with TID = 140737119258304 read: Bacon Burger
Thread with TID = 140736928417472 read: Cheeseburger
Thread with TID = 140737098286784 read: Calzone
Thread with TID = 140737108772544 read: French Fries
Thread with TID = 140737150715584 read: Banana Split
Thread with TID = 140737129744064 read: Pretzels
Thread with TID = 140736907445952 read: Energy Drink
Thread with TID = 140736949388992 read: Spring Rolls
Thread with TID = 140736938903232 read: Hash Browns
Thread with TID = 140736917931712 read: Double Cheeseburger
Thread with TID = 140736896960192 read: Grilled Chicken Wrap
Thread with TID = 140736886474432 read: Spinach Dip
Thread with TID = 140736834045632 read: Chicken Sandwich
Thread with TID = 140736823559872 read: Sweet Potato Fries
Thread with TID = 140736855017152 read: Breakfast Wrap
Thread with TID = 140736875988672 read: Kebab Platter
Thread with TID = 140736802588352 read: Fried Rice
Thread with TID = 140736792102592 read: Apple Pie
Thread with TID = 140736813074112 read: Quesadilla
Thread with TID = 140736647399104 read: Onion Rings
Thread with TID = 140736865502912 read: Blueberry Muffin
Thread with TID = 140736844531392 read: Cola
Thread with TID = 140736781616832 read: Fish Sandwich
Thread with TID = 140736636913344 read: Meatball Sub
Thread with TID = 140736626427584 read: Vanilla Ice Cream
Thread with TID = 140736605456064 read: Chicken Nuggets
Thread with TID = 140736760645312 read: Cheesecake
Thread with TID = 140736670467776 read: Tempura
Thread with TID = 140736615941824 read: Pita Bread with Hummus
Thread with TID = 140736594970304 read: Strawberry Milkshake
Thread with TID = 140736659982016 read: Chicken Tenders
Thread with TID = 140736680953536 read: Egg and Cheese Muffin
Thread with TID = 140736771131072 read: Brownie
Thread with TID = 140736573998784 read: Ramen Bowl
Thread with TID = 140736563513024 read: Pepperoni Pizza
Thread with TID = 140736511084224 read: Croissant Sandwich
Thread with TID = 140736532055744 read: Waffles
Thread with TID = 140736521569984 read: Cheese Puffs
Thread with TID = 140736553027264 read: Chocolate Milkshake
Thread with TID = 140736584484544 read: Smoothie
Thread with TID = 140736479626944 read: Burrito
Thread with TID = 140736500598464 read: Shawarma Wrap
Thread with TID = 140736542541504 read: Curly Fries
Thread with TID = 140736490112704 read: Espresso
Thread with TID = 140736469141184 read: Cupcake
Thread with TID = 140736458655424 read: Falafel Wrap
Thread with TID = 140736448169664 read: Gyro Sandwich
Thread with TID = 140736353797824 read: Margherita Pizza
Thread with TID = 140736343312064 read: Chili Dog
Thread with TID = 140736311854784 read: Breakfast Burrito
Thread with TID = 140736332826304 read: Sweet Tea
Thread with TID = 140736427198144 read: Potato Chips
Thread with TID = 140736406226624 read: Iced Tea
Thread with TID = 140736395740864 read: Bagel Sandwich
Thread with TID = 140736437683904 read: Hot Fudge Sundae
Thread with TID = 140736322340544 read: Guacamole Dip
Thread with TID = 140736301369024 read: Hot Dog
Thread with TID = 140736385255104 read: Teriyaki Chicken Bowl
Thread with TID = 140736290883264 read: Bottled Water
Thread with TID = 140736416712384 read: Pancakes
Thread with TID = 140736364283584 read: Pita Chips
Thread with TID = 140736374769344 read: Popcorn
Thread with TID = 140736259425984 read: Dim Sum
Thread with TID = 140736248940224 read: Cherry Pie
Thread with TID = 140736238454464 read: Coffee
Thread with TID = 140736227968704 read: Pizza Slice
Thread with TID = 140736217482944 read: Diet Cola
Thread with TID = 140736206997184 read: Omelette
Thread with TID = 140736269911744 read: Stuffed Crust Pizza
Thread with TID = 140736175539904 read: Milkshake
Thread with TID = 140736186025664 read: Donut
Thread with TID = 140736154568384 read: Veggie Burger
Thread with TID = 140736165054144 read: Root Beer
Thread with TID = 140736144082624 read: Taco
Thread with TID = 140736196511424 read: Cinnamon Roll
Thread with TID = 140736280397504 read: Sushi Roll
Thread with TID = 140736123111104 read: Cappuccino
Thread with TID = 140736133596864 read: Garlic Breadsticks
Thread with TID = 140736112625344 read: Mozzarella Sticks
Thread with TID = 140736102139584 read: Sports Drink
