Process PID: 34092
Thread with TID = 140737222018752 read: Latte
Thread with TID = 140737295419072 read: Chocolate Ice Cream
Thread with TID = 140737148618432 read: Cheeseburger
Thread with TID = 140737138132672 read: Double Cheeseburger
Thread with TID = 140737337362112 read: Lemonade
Thread with TID = 140737326876352 read: Hot Chocolate
Thread with TID = 140737274447552 read: Nachos
Thread with TID = 140737347847872 read: Trail Mix
Thread with TID = 140737316390592 read: Philly Cheesesteak
Thread with TID = 140737284933312 read: BBQ Pulled Pork Sandwich
Thread with TID = 140737263961792 read: BBQ Chicken Pizza
Thread with TID = 140737016497856 read: Energy Drink
Thread with TID = 140737232504512 read: Banana Split
Thread with TID = 140737127646912 read: Grilled Chicken Wrap
Thread with TID = 140737169589952 read: Spring Rolls
Thread with TID = 140737180075712 read: Calzone
Thread with TID = 140737190561472 read: French Fries
Thread with TID = 140737201047232 read: Bacon Burger
Thread with TID = 140737305904832 read: Tortilla Chips with Salsa
Thread with TID = 140737253476032 read: Pad Thai
Thread with TID = 140737159104192 read: Hash Browns
Thread with TID = 140737106675392 read: Kebab Platter
Thread with TID = 140737117161152 read: Spinach Dip
Thread with TID = 140737211532992 read: Pretzels
Thread with TID = 140737096189632 read: Blueberry Muffin
Thread with TID = 140737242990272 read: Chocolate Chip Cookie
Thread with TID = 140737006012096 read: Breakfast Wrap
Thread with TID = 140736974554816 read: Sweet Potato Fries
Thread with TID = 140736995526336 read: Cola
Thread with TID = 140736985040576 read: Chicken Sandwich
Thread with TID = 140736964069056 read: Quesadilla
Thread with TID = 140736840337088 read: Brownie
Thread with TID = 140736871794368 read: Apple Pie
Thread with TID = 140736882280128 read: Fried Rice
Thread with TID = 140736861308608 read: Onion Rings
Thread with TID = 140736850822848 read: Fish Sandwich
Thread with TID = 140736727090880 read: Chicken Tenders
Thread with TID = 140736829851328 read: Cheesecake
Thread with TID = 140736748062400 read: Egg and Cheese Muffin
Thread with TID = 140736737576640 read: Tempura
Thread with TID = 140736716605120 read: Meatball Sub
Thread with TID = 140736437683904 read: Shawarma Wrap
Thread with TID = 140736706119360 read: Vanilla Ice Cream
Thread with TID = 140736458655424 read: Cheese Puffs
Thread with TID = 140736345409216 read: Burrito
Thread with TID = 140736334923456 read: Cupcake
Thread with TID = 140736479626944 read: Curly Fries
Thread with TID = 140736427198144 read: Espresso
Thread with TID = 140736469141184 read: Waffles
Thread with TID = 140736324437696 read: Falafel Wrap
Thread with TID = 140736448169664 read: Croissant Sandwich
Thread with TID = 140736313951936 read: Gyro Sandwich
Thread with TID = 140736695633600 read: Pita Bread with Hummus
Thread with TID = 140736613844672 read: Chicken Nuggets
Thread with TID = 140736603358912 read: Strawberry Milkshake
Thread with TID = 140736592873152 read: Smoothie
Thread with TID = 140736582387392 read: Ramen Bowl
Thread with TID = 140736571901632 read: Pepperoni Pizza
Thread with TID = 140736561415872 read: Chocolate Milkshake
Thread with TID = 140736303466176 read: Hot Fudge Sundae
Thread with TID = 140736211191488 read: Pancakes
Thread with TID = 140736169248448 read: Popcorn
Thread with TID = 140736158762688 read: Pita Chips
Thread with TID = 140736292980416 read: Potato Chips
Thread with TID = 140736045516480 read: Guacamole Dip
Thread with TID = 140736200705728 read: Iced Tea
Thread with TID = 140736066488000 read: Chili Dog
Thread with TID = 140736056002240 read: Sweet Tea
Thread with TID = 140736190219968 read: Bagel Sandwich
Thread with TID = 140736179734208 read: Teriyaki Chicken Bowl
Thread with TID = 140736024544960 read: Hot Dog
Thread with TID = 140735395399360 read: Sushi Roll
Thread with TID = 140735384913600 read: Stuffed Crust Pizza
Thread with TID = 140736035030720 read: Breakfast Burrito
Thread with TID = 140735353456320 read: Coffee
Thread with TID = 140735405885120 read: Bottled Water
Thread with TID = 140735374427840 read: Dim Sum
Thread with TID = 140735363942080 read: Cherry Pie
Thread with TID = 140736076973760 read: Margherita Pizza
Thread with TID = 140735342970560 read: Pizza Slice
Thread with TID = 140735332484800 read: Diet Cola
Thread with TID = 140735321999040 read: Omelette
Thread with TID = 140735311513280 read: Cinnamon Roll
Thread with TID = 140735301027520 read: Donut
Thread with TID = 140735290541760 read: Milkshake
Thread with TID = 140735280056000 read: Root Beer
Thread with TID = 140735259084480 read: Taco
Thread with TID = 140735269570240 read: Veggie Burger
Thread with TID = 140735248598720 read: Garlic Breadsticks
Thread with TID = 140735227627200 read: Mozzarella Sticks
Thread with TID = 140735238112960 read: Cappuccino
Thread with TID = 140735217141440 read: Sports Drink
