Process PID: 26947
Thread with TID = 123280541353664 read: Tortilla Chips with Salsa
Thread with TID = 123280499410624 read: BBQ Chicken Pizza
Thread with TID = 123280488924864 read: Pad Thai
Thread with TID = 123280583296704 read: Trail Mix
Thread with TID = 123280572810944 read: Lemonade
Thread with TID = 123280562325184 read: Hot Chocolate
Thread with TID = 123280551839424 read: Philly Cheesesteak
Thread with TID = 123280478439104 read: Chocolate Chip Cookie
Thread with TID = 123280530867904 read: Chocolate Ice Cream
Thread with TID = 123280390358720 read: Banana Split
Thread with TID = 123280509896384 read: Nachos
Thread with TID = 123280520382144 read: BBQ Pulled Pork Sandwich
Thread with TID = 123280327444160 read: Spring Rolls
Thread with TID = 123280316958400 read: Hash Browns
Thread with TID = 123280275015360 read: Grilled Chicken Wrap
Thread with TID = 123280243558080 read: Blueberry Muffin
Thread with TID = 123280295986880 read: Double Cheeseburger
Thread with TID = 123280306472640 read: Cheeseburger
Thread with TID = 123280233072320 read: Breakfast Wrap
Thread with TID = 123280222586560 read: Cola
Thread with TID = 123280264529600 read: Spinach Dip
Thread with TID = 123280254043840 read: Kebab Platter
Thread with TID = 123280201615040 read: Sweet Potato Fries
Thread with TID = 123280079980224 read: Fish Sandwich
Thread with TID = 123280358901440 read: Bacon Burger
Thread with TID = 123280111437504 read: Fried Rice
Thread with TID = 123280285501120 read: Energy Drink
Thread with TID = 123280212100800 read: Chicken Sandwich
Thread with TID = 123280379872960 read: Latte
Thread with TID = 123280369387200 read: Pretzels
Thread with TID = 123279853487808 read: Cheesecake
Thread with TID = 123280337929920 read: Calzone
Thread with TID = 123280069494464 read: Brownie
Thread with TID = 123280090465984 read: Onion Rings
Thread with TID = 123280121923264 read: Quesadilla
Thread with TID = 123279843002048 read: Egg and Cheese Muffin
Thread with TID = 123280100951744 read: Apple Pie
Thread with TID = 123280348415680 read: French Fries
Thread with TID = 123279945762496 read: Pita Bread with Hummus
Thread with TID = 123279987705536 read: Tempura
Thread with TID = 123279935276736 read: Chicken Nuggets
Thread with TID = 123279977219776 read: Chicken Tenders
Thread with TID = 123279966734016 read: Meatball Sub
Thread with TID = 123279956248256 read: Vanilla Ice Cream
Thread with TID = 123279677327040 read: Croissant Sandwich
Thread with TID = 123279585052352 read: Espresso
Thread with TID = 123279687812800 read: Cheese Puffs
Thread with TID = 123279801059008 read: Pepperoni Pizza
Thread with TID = 123279666841280 read: Shawarma Wrap
Thread with TID = 123279822030528 read: Smoothie
Thread with TID = 123279811544768 read: Ramen Bowl
Thread with TID = 123279719270080 read: Chocolate Milkshake
Thread with TID = 123279708784320 read: Curly Fries
Thread with TID = 123279832516288 read: Strawberry Milkshake
Thread with TID = 123279574566592 read: Burrito
Thread with TID = 123279564080832 read: Cupcake
Thread with TID = 123279553595072 read: Falafel Wrap
Thread with TID = 123279450834624 read: Potato Chips
Thread with TID = 123279543109312 read: Gyro Sandwich
Thread with TID = 123279698298560 read: Waffles
Thread with TID = 123279429863104 read: Iced Tea
Thread with TID = 123279419377344 read: Bagel Sandwich
Thread with TID = 123279398405824 read: Popcorn
Thread with TID = 123279316616896 read: Pita Chips
Thread with TID = 123279440348864 read: Pancakes
Thread with TID = 123279532623552 read: Hot Fudge Sundae
Thread with TID = 123279285159616 read: Sweet Tea
Thread with TID = 123279408891584 read: Teriyaki Chicken Bowl
Thread with TID = 123279306131136 read: Margherita Pizza
Thread with TID = 123279274673856 read: Guacamole Dip
Thread with TID = 123279264188096 read: Breakfast Burrito
Thread with TID = 123279171913408 read: Bottled Water
Thread with TID = 123279182399168 read: Hot Dog
Thread with TID = 123279161427648 read: Sushi Roll
Thread with TID = 123279295645376 read: Chili Dog
Thread with TID = 123279150941888 read: Stuffed Crust Pizza
Thread with TID = 123279129970368 read: Cherry Pie
Thread with TID = 123279098513088 read: Diet Cola
Thread with TID = 123279119484608 read: Coffee
Thread with TID = 123279140456128 read: Dim Sum
Thread with TID = 123279108998848 read: Pizza Slice
Thread with TID = 123279056570048 read: Milkshake
Thread with TID = 123279077541568 read: Cinnamon Roll
Thread with TID = 123279035598528 read: Veggie Burger
Thread with TID = 123279067055808 read: Donut
Thread with TID = 123279014627008 read: Garlic Breadsticks
Thread with TID = 123279046084288 read: Root Beer
Thread with TID = 123279004141248 read: Cappuccino
Thread with TID = 123279025112768 read: Taco
Thread with TID = 123278983169728 read: Sports Drink
Thread with TID = 123279088027328 read: Omelette
Thread with TID = 123278993655488 read: Mozzarella Sticks
