Process PID: 30202
Thread with TID = 138794154067648 read: Trail Mix
Thread with TID = 138794101638848 read: Chocolate Ice Cream
Thread with TID = 138794091153088 read: BBQ Pulled Pork Sandwich
Thread with TID = 138794133096128 read: Hot Chocolate
Thread with TID = 138794143581888 read: Lemonade
Thread with TID = 138794080667328 read: Nachos
Thread with TID = 138794007267008 read: Bacon Burger
Thread with TID = 138794017752768 read: Pretzels
Thread with TID = 138794028238528 read: Latte
Thread with TID = 138794049210048 read: Chocolate Chip Cookie
Thread with TID = 138793986295488 read: Calzone
Thread with TID = 138793996781248 read: French Fries
Thread with TID = 138794038724288 read: Banana Split
Thread with TID = 138794112124608 read: Tortilla Chips with Salsa
Thread with TID = 138794070181568 read: BBQ Chicken Pizza
Thread with TID = 138794122610368 read: Philly Cheesesteak
Thread with TID = 138794059695808 read: Pad Thai
Thread with TID = 138793975809728 read: Spring Rolls
Thread with TID = 138793965323968 read: Hash Browns
Thread with TID = 138793879340736 read: Cheeseburger
Thread with TID = 138793724151488 read: Cola
Thread with TID = 138793868854976 read: Double Cheeseburger
Thread with TID = 138793745123008 read: Blueberry Muffin
Thread with TID = 138793858369216 read: Energy Drink
Thread with TID = 138793734637248 read: Breakfast Wrap
Thread with TID = 138793837397696 read: Spinach Dip
Thread with TID = 138793847883456 read: Grilled Chicken Wrap
Thread with TID = 138793826911936 read: Kebab Platter
Thread with TID = 138793703179968 read: Sweet Potato Fries
Thread with TID = 138793692694208 read: Quesadilla
Thread with TID = 138793713665728 read: Chicken Sandwich
Thread with TID = 138793610905280 read: Fried Rice
Thread with TID = 138793600419520 read: Apple Pie
Thread with TID = 138793579448000 read: Fish Sandwich
Thread with TID = 138793568962240 read: Brownie
Thread with TID = 138793558476480 read: Cheesecake
Thread with TID = 138793547990720 read: Egg and Cheese Muffin
Thread with TID = 138793527019200 read: Chicken Tenders
Thread with TID = 138793506047680 read: Vanilla Ice Cream
Thread with TID = 138793495561920 read: Pita Bread with Hummus
Thread with TID = 138793537504960 read: Tempura
Thread with TID = 138793589933760 read: Onion Rings
Thread with TID = 138793474590400 read: Strawberry Milkshake
Thread with TID = 138793464104640 read: Smoothie
Thread with TID = 138793485076160 read: Chicken Nuggets
Thread with TID = 138793453618880 read: Ramen Bowl
Thread with TID = 138793432647360 read: Chocolate Milkshake
Thread with TID = 138793516533440 read: Meatball Sub
Thread with TID = 138793390704320 read: Croissant Sandwich
Thread with TID = 138793422161600 read: Curly Fries
Thread with TID = 138793348761280 read: Cupcake
Thread with TID = 138793411675840 read: Waffles
Thread with TID = 138793443133120 read: Pepperoni Pizza
Thread with TID = 138793338275520 read: Falafel Wrap
Thread with TID = 138793380218560 read: Shawarma Wrap
Thread with TID = 138793401190080 read: Cheese Puffs
Thread with TID = 138793369732800 read: Espresso
Thread with TID = 138793327789760 read: Gyro Sandwich
Thread with TID = 138793359247040 read: Burrito
Thread with TID = 138793317304000 read: Hot Fudge Sundae
Thread with TID = 138793306818240 read: Potato Chips
Thread with TID = 138793141143232 read: Iced Tea
Thread with TID = 138793130657472 read: Bagel Sandwich
Thread with TID = 138793296332480 read: Pancakes
Thread with TID = 138793120171712 read: Teriyaki Chicken Bowl
Thread with TID = 138793109685952 read: Popcorn
Thread with TID = 138793099200192 read: Pita Chips
Thread with TID = 138793088714432 read: Margherita Pizza
Thread with TID = 138793078228672 read: Chili Dog
Thread with TID = 138793067742912 read: Sweet Tea
Thread with TID = 138793036285632 read: Hot Dog
Thread with TID = 138793057257152 read: Guacamole Dip
Thread with TID = 138793025799872 read: Bottled Water
Thread with TID = 138793046771392 read: Breakfast Burrito
Thread with TID = 138793004828352 read: Stuffed Crust Pizza
Thread with TID = 138792994342592 read: Dim Sum
Thread with TID = 138792952399552 read: Diet Cola
Thread with TID = 138793015314112 read: Sushi Roll
Thread with TID = 138792941913792 read: Omelette
Thread with TID = 138792973371072 read: Coffee
Thread with TID = 138792931428032 read: Cinnamon Roll
Thread with TID = 138792983856832 read: Cherry Pie
Thread with TID = 138792899970752 read: Root Beer
Thread with TID = 138792847541952 read: Mozzarella Sticks
Thread with TID = 138792920942272 read: Donut
Thread with TID = 138792878999232 read: Taco
Thread with TID = 138792858027712 read: Cappuccino
Thread with TID = 138792962885312 read: Pizza Slice
Thread with TID = 138792889484992 read: Veggie Burger
Thread with TID = 138792837056192 read: Sports Drink
Thread with TID = 138792910456512 read: Milkshake
Thread with TID = 138792868513472 read: Garlic Breadsticks
