Process PID: 7661
Thread with TID = 140737347847872 read: Trail Mix
Thread with TID = 140737316390592 read: Philly Cheesesteak
Thread with TID = 140737217824448 read: Chocolate Ice Cream
Thread with TID = 140737207338688 read: BBQ Pulled Pork Sandwich
Thread with TID = 140737326876352 read: Hot Chocolate
Thread with TID = 140737133938368 read: Pretzels
Thread with TID = 140737337362112 read: Lemonade
Thread with TID = 140737305904832 read: Tortilla Chips with Salsa
Thread with TID = 140737144424128 read: Latte
Thread with TID = 140737154909888 read: Banana Split
Thread with TID = 140737165395648 read: Chocolate Chip Cookie
Thread with TID = 140737196852928 read: Nachos
Thread with TID = 140737102481088 read: Calzone
Thread with TID = 140737186367168 read: BBQ Chicken Pizza
Thread with TID = 140737123452608 read: Bacon Burger
Thread with TID = 140737112966848 read: French Fries
Thread with TID = 140737175881408 read: Pad Thai
Thread with TID = 140736995526336 read: Cheeseburger
Thread with TID = 140736985040576 read: Double Cheeseburger
Thread with TID = 140736974554816 read: Energy Drink
Thread with TID = 140736861308608 read: Blueberry Muffin
Thread with TID = 140737006012096 read: Hash Browns
Thread with TID = 140736871794368 read: Kebab Platter
Thread with TID = 140736964069056 read: Grilled Chicken Wrap
Thread with TID = 140736840337088 read: Cola
Thread with TID = 140737016497856 read: Spring Rolls
Thread with TID = 140736850822848 read: Breakfast Wrap
Thread with TID = 140736882280128 read: Spinach Dip
Thread with TID = 140736829851328 read: Chicken Sandwich
Thread with TID = 140736748062400 read: Sweet Potato Fries
Thread with TID = 140736737576640 read: Quesadilla
Thread with TID = 140736727090880 read: Fried Rice
Thread with TID = 140736716605120 read: Apple Pie
Thread with TID = 140736706119360 read: Onion Rings
Thread with TID = 140736695633600 read: Fish Sandwich
Thread with TID = 140736613844672 read: Brownie
Thread with TID = 140736603358912 read: Cheesecake
Thread with TID = 140736592873152 read: Egg and Cheese Muffin
Thread with TID = 140736582387392 read: Tempura
Thread with TID = 140736571901632 read: Chicken Tenders
Thread with TID = 140736448169664 read: Strawberry Milkshake
Thread with TID = 140736561415872 read: Meatball Sub
Thread with TID = 140736479626944 read: Vanilla Ice Cream
Thread with TID = 140736469141184 read: Pita Bread with Hummus
Thread with TID = 140736458655424 read: Chicken Nuggets
Thread with TID = 140736427198144 read: Ramen Bowl
Thread with TID = 140736437683904 read: Smoothie
Thread with TID = 140736395740864 read: Curly Fries
Thread with TID = 140736406226624 read: Chocolate Milkshake
Thread with TID = 140736364283584 read: Croissant Sandwich
Thread with TID = 140736343312064 read: Espresso
Thread with TID = 140736385255104 read: Waffles
Thread with TID = 140736332826304 read: Burrito
Thread with TID = 140736311854784 read: Falafel Wrap
Thread with TID = 140736322340544 read: Cupcake
Thread with TID = 140736301369024 read: Gyro Sandwich
Thread with TID = 140736416712384 read: Pepperoni Pizza
Thread with TID = 140736280397504 read: Potato Chips
Thread with TID = 140736269911744 read: Pancakes
Thread with TID = 140736290883264 read: Hot Fudge Sundae
Thread with TID = 140736374769344 read: Cheese Puffs
Thread with TID = 140736353797824 read: Shawarma Wrap
Thread with TID = 140736248940224 read: Bagel Sandwich
Thread with TID = 140736238454464 read: Teriyaki Chicken Bowl
Thread with TID = 140736259425984 read: Iced Tea
Thread with TID = 140736217482944 read: Pita Chips
Thread with TID = 140736227968704 read: Popcorn
Thread with TID = 140736206997184 read: Margherita Pizza
Thread with TID = 140736186025664 read: Sweet Tea
Thread with TID = 140736165054144 read: Breakfast Burrito
Thread with TID = 140736196511424 read: Chili Dog
Thread with TID = 140736154568384 read: Hot Dog
Thread with TID = 140736175539904 read: Guacamole Dip
Thread with TID = 140736144082624 read: Bottled Water
Thread with TID = 140736133596864 read: Sushi Roll
Thread with TID = 140736123111104 read: Stuffed Crust Pizza
Thread with TID = 140736112625344 read: Dim Sum
Thread with TID = 140736102139584 read: Cherry Pie
Thread with TID = 140736091653824 read: Coffee
Thread with TID = 140736081168064 read: Pizza Slice
Thread with TID = 140736070682304 read: Diet Cola
Thread with TID = 140736060196544 read: Omelette
Thread with TID = 140736049710784 read: Cinnamon Roll
Thread with TID = 140736039225024 read: Donut
Thread with TID = 140736028739264 read: Milkshake
Thread with TID = 140736018253504 read: Root Beer
Thread with TID = 140736007767744 read: Veggie Burger
Thread with TID = 140735997281984 read: Taco
Thread with TID = 140735986796224 read: Garlic Breadsticks
Thread with TID = 140735976310464 read: Cappuccino
Thread with TID = 140735965824704 read: Mozzarella Sticks
Thread with TID = 140735955338944 read: Sports Drink
