Process PID: 32215
Thread with TID = 133257607775936 read: Trail Mix
Thread with TID = 133257465169600 read: Hot Chocolate
Thread with TID = 133257576318656 read: Tortilla Chips with Salsa
Thread with TID = 133257586804416 read: Philly Cheesesteak
Thread with TID = 133257597290176 read: Lemonade
Thread with TID = 133257565832896 read: Chocolate Ice Cream
Thread with TID = 133257544861376 read: Nachos
Thread with TID = 133257555347136 read: BBQ Pulled Pork Sandwich
Thread with TID = 133257444198080 read: Pad Thai
Thread with TID = 133257433712320 read: Chocolate Chip Cookie
Thread with TID = 133257423226560 read: Banana Split
Thread with TID = 133257320466112 read: Bacon Burger
Thread with TID = 133257309980352 read: French Fries
Thread with TID = 133257454683840 read: BBQ Chicken Pizza
Thread with TID = 133257412740800 read: Latte
Thread with TID = 133257299494592 read: Calzone
Thread with TID = 133257330951872 read: Pretzels
Thread with TID = 133257278523072 read: Hash Browns
Thread with TID = 133257087682240 read: Spinach Dip
Thread with TID = 133257129625280 read: Cheeseburger
Thread with TID = 133257056224960 read: Breakfast Wrap
Thread with TID = 133257098168000 read: Grilled Chicken Wrap
Thread with TID = 133257119139520 read: Double Cheeseburger
Thread with TID = 133257035253440 read: Chicken Sandwich
Thread with TID = 133257077196480 read: Kebab Platter
Thread with TID = 133257289008832 read: Spring Rolls
Thread with TID = 133257108653760 read: Energy Drink
Thread with TID = 133257066710720 read: Blueberry Muffin
Thread with TID = 133257024767680 read: Sweet Potato Fries
Thread with TID = 133257045739200 read: Cola
Thread with TID = 133257014281920 read: Quesadilla
Thread with TID = 133256993310400 read: Apple Pie
Thread with TID = 133256972338880 read: Fish Sandwich
Thread with TID = 133256961853120 read: Brownie
Thread with TID = 133256930395840 read: Tempura
Thread with TID = 133256982824640 read: Onion Rings
Thread with TID = 133256909424320 read: Meatball Sub
Thread with TID = 133256951367360 read: Cheesecake
Thread with TID = 133257003796160 read: Fried Rice
Thread with TID = 133256919910080 read: Chicken Tenders
Thread with TID = 133256888452800 read: Pita Bread with Hummus
Thread with TID = 133256898938560 read: Vanilla Ice Cream
Thread with TID = 133256877967040 read: Chicken Nuggets
Thread with TID = 133256856995520 read: Smoothie
Thread with TID = 133256846509760 read: Ramen Bowl
Thread with TID = 133256940881600 read: Egg and Cheese Muffin
Thread with TID = 133256794080960 read: Cheese Puffs
Thread with TID = 133256836024000 read: Pepperoni Pizza
Thread with TID = 133256783595200 read: Croissant Sandwich
Thread with TID = 133256867481280 read: Strawberry Milkshake
Thread with TID = 133256825538240 read: Chocolate Milkshake
Thread with TID = 133256762623680 read: Espresso
Thread with TID = 133256815052480 read: Curly Fries
Thread with TID = 133256804566720 read: Waffles
Thread with TID = 133256773109440 read: Shawarma Wrap
Thread with TID = 133256752137920 read: Burrito
Thread with TID = 133256720680640 read: Gyro Sandwich
Thread with TID = 133256731166400 read: Falafel Wrap
Thread with TID = 133256741652160 read: Cupcake
Thread with TID = 133256710194880 read: Hot Fudge Sundae
Thread with TID = 133256689223360 read: Pancakes
Thread with TID = 133256699709120 read: Potato Chips
Thread with TID = 133256678737600 read: Iced Tea
Thread with TID = 133256647280320 read: Popcorn
Thread with TID = 133256657766080 read: Teriyaki Chicken Bowl
Thread with TID = 133256668251840 read: Bagel Sandwich
Thread with TID = 133256636794560 read: Pita Chips
Thread with TID = 133256626308800 read: Margherita Pizza
Thread with TID = 133256615823040 read: Chili Dog
Thread with TID = 133256542422720 read: Stuffed Crust Pizza
Thread with TID = 133256584365760 read: Breakfast Burrito
Thread with TID = 133256605337280 read: Sweet Tea
Thread with TID = 133256366261952 read: Pizza Slice
Thread with TID = 133256552908480 read: Sushi Roll
Thread with TID = 133256324318912 read: Donut
Thread with TID = 133256334804672 read: Cinnamon Roll
Thread with TID = 133256427079360 read: Taco
Thread with TID = 133256416593600 read: Garlic Breadsticks
Thread with TID = 133256303347392 read: Mozzarella Sticks
Thread with TID = 133256355776192 read: Diet Cola
Thread with TID = 133256376747712 read: Coffee
Thread with TID = 133256313833152 read: Cappuccino
Thread with TID = 133256397719232 read: Dim Sum
Thread with TID = 133256563394240 read: Bottled Water
Thread with TID = 133256594851520 read: Guacamole Dip
Thread with TID = 133256387233472 read: Cherry Pie
Thread with TID = 133256345290432 read: Omelette
Thread with TID = 133256292861632 read: Sports Drink
Thread with TID = 133256458536640 read: Milkshake
Thread with TID = 133256573880000 read: Hot Dog
Thread with TID = 133256448050880 read: Root Beer
Thread with TID = 133256437565120 read: Veggie Burger
