Process PID: 9892
Thread with TID = 140737347847872 read: Trail Mix
Thread with TID = 140737190561472 read: French Fries
Thread with TID = 140737305904832 read: Tortilla Chips with Salsa
Thread with TID = 140737326876352 read: Hot Chocolate
Thread with TID = 140737337362112 read: Lemonade
Thread with TID = 140737232504512 read: Banana Split
Thread with TID = 140737316390592 read: Philly Cheesesteak
Thread with TID = 140737222018752 read: Latte
Thread with TID = 140737242990272 read: Chocolate Chip Cookie
Thread with TID = 140737211532992 read: Pretzels
Thread with TID = 140737169589952 read: Spring Rolls
Thread with TID = 140737148618432 read: Cheeseburger
Thread with TID = 140737180075712 read: Calzone
Thread with TID = 140737284933312 read: BBQ Pulled Pork Sandwich
Thread with TID = 140737201047232 read: Bacon Burger
Thread with TID = 140737138132672 read: Double Cheeseburger
Thread with TID = 140737274447552 read: Nachos
Thread with TID = 140737263961792 read: BBQ Chicken Pizza
Thread with TID = 140737295419072 read: Chocolate Ice Cream
Thread with TID = 140737253476032 read: Pad Thai
Thread with TID = 140737159104192 read: Hash Browns
Thread with TID = 140737016497856 read: Blueberry Muffin
Thread with TID = 140737006012096 read: Breakfast Wrap
Thread with TID = 140736964069056 read: Quesadilla
Thread with TID = 140737127646912 read: Energy Drink
Thread with TID = 140737117161152 read: Grilled Chicken Wrap
Thread with TID = 140737106675392 read: Spinach Dip
Thread with TID = 140737096189632 read: Kebab Platter
Thread with TID = 140736995526336 read: Cola
Thread with TID = 140736985040576 read: Chicken Sandwich
Thread with TID = 140736974554816 read: Sweet Potato Fries
Thread with TID = 140736804685504 read: Apple Pie
Thread with TID = 140736773228224 read: Brownie
Thread with TID = 140736794199744 read: Onion Rings
Thread with TID = 140736783713984 read: Fish Sandwich
Thread with TID = 140736762742464 read: Cheesecake
Thread with TID = 140736680953536 read: Egg and Cheese Muffin
Thread with TID = 140736815171264 read: Fried Rice
Thread with TID = 140736670467776 read: Tempura
Thread with TID = 140736659982016 read: Chicken Tenders
Thread with TID = 140736649496256 read: Meatball Sub
Thread with TID = 140736628524736 read: Pita Bread with Hummus
Thread with TID = 140736639010496 read: Vanilla Ice Cream
Thread with TID = 140736597067456 read: Smoothie
Thread with TID = 140736618038976 read: Chicken Nuggets
Thread with TID = 140736576095936 read: Pepperoni Pizza
Thread with TID = 140736555124416 read: Curly Fries
Thread with TID = 140736513181376 read: Shawarma Wrap
Thread with TID = 140736607553216 read: Strawberry Milkshake
Thread with TID = 140736502695616 read: Espresso
Thread with TID = 140736586581696 read: Ramen Bowl
Thread with TID = 140736565610176 read: Chocolate Milkshake
Thread with TID = 140736523667136 read: Croissant Sandwich
Thread with TID = 140736544638656 read: Waffles
Thread with TID = 140736471238336 read: Falafel Wrap
Thread with TID = 140736492209856 read: Burrito
Thread with TID = 140736460752576 read: Gyro Sandwich
Thread with TID = 140736534152896 read: Cheese Puffs
Thread with TID = 140736397838016 read: Teriyaki Chicken Bowl
Thread with TID = 140736450266816 read: Hot Fudge Sundae
Thread with TID = 140736481724096 read: Cupcake
Thread with TID = 140736429295296 read: Pancakes
Thread with TID = 140736418809536 read: Iced Tea
Thread with TID = 140736408323776 read: Bagel Sandwich
Thread with TID = 140736439781056 read: Potato Chips
Thread with TID = 140736387352256 read: Popcorn
Thread with TID = 140736376866496 read: Pita Chips
Thread with TID = 140736366380736 read: Margherita Pizza
Thread with TID = 140736355894976 read: Chili Dog
Thread with TID = 140736345409216 read: Sweet Tea
Thread with TID = 140736324437696 read: Breakfast Burrito
Thread with TID = 140736334923456 read: Guacamole Dip
Thread with TID = 140736303466176 read: Bottled Water
Thread with TID = 140736282494656 read: Stuffed Crust Pizza
Thread with TID = 140736292980416 read: Sushi Roll
Thread with TID = 140736313951936 read: Hot Dog
Thread with TID = 140736272008896 read: Dim Sum
Thread with TID = 140736219580096 read: Omelette
Thread with TID = 140736261523136 read: Cherry Pie
Thread with TID = 140736198608576 read: Donut
Thread with TID = 140736230065856 read: Diet Cola
Thread with TID = 140736251037376 read: Coffee
Thread with TID = 140736209094336 read: Cinnamon Roll
Thread with TID = 140736177637056 read: Root Beer
Thread with TID = 140736167151296 read: Veggie Burger
Thread with TID = 140736240551616 read: Pizza Slice
Thread with TID = 140736188122816 read: Milkshake
Thread with TID = 140736156665536 read: Taco
Thread with TID = 140736125208256 read: Mozzarella Sticks
Thread with TID = 140736146179776 read: Garlic Breadsticks
Thread with TID = 140736135694016 read: Cappuccino
Thread with TID = 140736114722496 read: Sports Drink
