Process PID: 24596
Thread with TID = 140737284933312 read: BBQ Pulled Pork Sandwich
Thread with TID = 140737129744064 read: BBQ Chicken Pizza
Thread with TID = 140737305904832 read: Tortilla Chips with Salsa
Thread with TID = 140737274447552 read: Nachos
Thread with TID = 140737347847872 read: Trail Mix
Thread with TID = 140737326876352 read: Hot Chocolate
Thread with TID = 140737316390592 read: Philly Cheesesteak
Thread with TID = 140737119258304 read: Pad Thai
Thread with TID = 140737098286784 read: Banana Split
Thread with TID = 140737108772544 read: Chocolate Chip Cookie
Thread with TID = 140737016497856 read: Latte
Thread with TID = 140737150715584 read: Pretzels
Thread with TID = 140737337362112 read: Lemonade
Thread with TID = 140737295419072 read: Chocolate Ice Cream
Thread with TID = 140737263961792 read: Bacon Burger
Thread with TID = 140736995526336 read: Double Cheeseburger
Thread with TID = 140736985040576 read: Energy Drink
Thread with TID = 140737253476032 read: French Fries
Thread with TID = 140737006012096 read: Cheeseburger
Thread with TID = 140736829851328 read: Sweet Potato Fries
Thread with TID = 140736871794368 read: Blueberry Muffin
Thread with TID = 140737140229824 read: Hash Browns
Thread with TID = 140737232504512 read: Spring Rolls
Thread with TID = 140736727090880 read: Apple Pie
Thread with TID = 140736850822848 read: Cola
Thread with TID = 140736695633600 read: Brownie
Thread with TID = 140736592873152 read: Tempura
Thread with TID = 140737242990272 read: Calzone
Thread with TID = 140736613844672 read: Cheesecake
Thread with TID = 140736882280128 read: Kebab Platter
Thread with TID = 140736974554816 read: Grilled Chicken Wrap
Thread with TID = 140736964069056 read: Spinach Dip
Thread with TID = 140736840337088 read: Chicken Sandwich
Thread with TID = 140736550930112 read: Pita Bread with Hummus
Thread with TID = 140736748062400 read: Quesadilla
Thread with TID = 140736737576640 read: Fried Rice
Thread with TID = 140736540444352 read: Chicken Nuggets
Thread with TID = 140736716605120 read: Onion Rings
Thread with TID = 140736603358912 read: Egg and Cheese Muffin
Thread with TID = 140736582387392 read: Chicken Tenders
Thread with TID = 140736706119360 read: Fish Sandwich
Thread with TID = 140736571901632 read: Meatball Sub
Thread with TID = 140736861308608 read: Breakfast Wrap
Thread with TID = 140736561415872 read: Vanilla Ice Cream
Thread with TID = 140736529958592 read: Strawberry Milkshake
Thread with TID = 140736498501312 read: Pepperoni Pizza
Thread with TID = 140736467044032 read: Waffles
Thread with TID = 140736446072512 read: Croissant Sandwich
Thread with TID = 140736488015552 read: Chocolate Milkshake
Thread with TID = 140736477529792 read: Curly Fries
Thread with TID = 140736456558272 read: Cheese Puffs
Thread with TID = 140736508987072 read: Ramen Bowl
Thread with TID = 140736519472832 read: Smoothie
Thread with TID = 140736425100992 read: Espresso
Thread with TID = 140736337020608 read: Cupcake
Thread with TID = 140736414615232 read: Burrito
Thread with TID = 140736326534848 read: Falafel Wrap
Thread with TID = 140736274106048 read: Iced Tea
Thread with TID = 140736284591808 read: Pancakes
Thread with TID = 140736263620288 read: Bagel Sandwich
Thread with TID = 140736316049088 read: Gyro Sandwich
Thread with TID = 140736305563328 read: Hot Fudge Sundae
Thread with TID = 140736295077568 read: Potato Chips
Thread with TID = 140736435586752 read: Shawarma Wrap
Thread with TID = 140736253134528 read: Guacamole Dip
Thread with TID = 140736242648768 read: Breakfast Burrito
Thread with TID = 140736232163008 read: Hot Dog
Thread with TID = 140736133596864 read: Sushi Roll
Thread with TID = 140736102139584 read: Cherry Pie
Thread with TID = 140736081168064 read: Pizza Slice
Thread with TID = 140736112625344 read: Dim Sum
Thread with TID = 140736070682304 read: Diet Cola
Thread with TID = 140736123111104 read: Stuffed Crust Pizza
Thread with TID = 140736404129472 read: Teriyaki Chicken Bowl
Thread with TID = 140736393643712 read: Popcorn
Thread with TID = 140736383157952 read: Pita Chips
Thread with TID = 140736372672192 read: Margherita Pizza
Thread with TID = 140736362186432 read: Chili Dog
Thread with TID = 140736091653824 read: Coffee
Thread with TID = 140736144082624 read: Bottled Water
Thread with TID = 140736351700672 read: Sweet Tea
Thread with TID = 140736060196544 read: Omelette
Thread with TID = 140736049710784 read: Cinnamon Roll
Thread with TID = 140736039225024 read: Donut
Thread with TID = 140736028739264 read: Milkshake
Thread with TID = 140736018253504 read: Root Beer
Thread with TID = 140736007767744 read: Veggie Burger
Thread with TID = 140735986796224 read: Garlic Breadsticks
Thread with TID = 140735976310464 read: Cappuccino
Thread with TID = 140735965824704 read: Mozzarella Sticks
Thread with TID = 140735955338944 read: Sports Drink
Thread with TID = 140735997281984 read: Taco
