Process PID: 13524
Thread with TID = 140737201047232 read: Bacon Burger
Thread with TID = 140737159104192 read: Hash Browns
Thread with TID = 140737148618432 read: Cheeseburger
Thread with TID = 140737242990272 read: Chocolate Chip Cookie
Thread with TID = 140737253476032 read: Pad Thai
Thread with TID = 140737232504512 read: Banana Split
Thread with TID = 140737337362112 read: Lemonade
Thread with TID = 140737347847872 read: Trail Mix
Thread with TID = 140737305904832 read: Tortilla Chips with Salsa
Thread with TID = 140737295419072 read: Chocolate Ice Cream
Thread with TID = 140737222018752 read: Latte
Thread with TID = 140737211532992 read: Pretzels
Thread with TID = 140737284933312 read: BBQ Pulled Pork Sandwich
Thread with TID = 140737274447552 read: Nachos
Thread with TID = 140737316390592 read: Philly Cheesesteak
Thread with TID = 140737263961792 read: BBQ Chicken Pizza
Thread with TID = 140737190561472 read: French Fries
Thread with TID = 140737138132672 read: Double Cheeseburger
Thread with TID = 140737096189632 read: Kebab Platter
Thread with TID = 140737117161152 read: Grilled Chicken Wrap
Thread with TID = 140737127646912 read: Energy Drink
Thread with TID = 140737106675392 read: Spinach Dip
Thread with TID = 140737016497856 read: Blueberry Muffin
Thread with TID = 140736964069056 read: Quesadilla
Thread with TID = 140736995526336 read: Cola
Thread with TID = 140736748062400 read: Fried Rice
Thread with TID = 140736985040576 read: Chicken Sandwich
Thread with TID = 140737006012096 read: Breakfast Wrap
Thread with TID = 140736974554816 read: Sweet Potato Fries
Thread with TID = 140736737576640 read: Apple Pie
Thread with TID = 140736727090880 read: Onion Rings
Thread with TID = 140736613844672 read: Egg and Cheese Muffin
Thread with TID = 140736716605120 read: Fish Sandwich
Thread with TID = 140736706119360 read: Brownie
Thread with TID = 140736695633600 read: Cheesecake
Thread with TID = 140736571901632 read: Vanilla Ice Cream
Thread with TID = 140736561415872 read: Pita Bread with Hummus
Thread with TID = 140735999379136 read: Strawberry Milkshake
Thread with TID = 140736009864896 read: Chicken Nuggets
Thread with TID = 140735967921856 read: Pepperoni Pizza
Thread with TID = 140735957436096 read: Chocolate Milkshake
Thread with TID = 140735978407616 read: Ramen Bowl
Thread with TID = 140735946950336 read: Curly Fries
Thread with TID = 140735936464576 read: Waffles
Thread with TID = 140735925978816 read: Cheese Puffs
Thread with TID = 140735988893376 read: Smoothie
Thread with TID = 140737180075712 read: Calzone
Thread with TID = 140736603358912 read: Tempura
Thread with TID = 140736592873152 read: Chicken Tenders
Thread with TID = 140736582387392 read: Meatball Sub
Thread with TID = 140737326876352 read: Hot Chocolate
Thread with TID = 140737169589952 read: Spring Rolls
Thread with TID = 140735741429440 read: Burrito
Thread with TID = 140735720457920 read: Falafel Wrap
Thread with TID = 140735730943680 read: Cupcake
Thread with TID = 140735894521536 read: Espresso
Thread with TID = 140735678514880 read: Pancakes
Thread with TID = 140735905007296 read: Shawarma Wrap
Thread with TID = 140735709972160 read: Gyro Sandwich
Thread with TID = 140735689000640 read: Potato Chips
Thread with TID = 140735915493056 read: Croissant Sandwich
Thread with TID = 140735699486400 read: Hot Fudge Sundae
Thread with TID = 140735657543360 read: Bagel Sandwich
Thread with TID = 140735647057600 read: Teriyaki Chicken Bowl
Thread with TID = 140735636571840 read: Popcorn
Thread with TID = 140735615600320 read: Margherita Pizza
Thread with TID = 140735626086080 read: Pita Chips
Thread with TID = 140735584143040 read: Guacamole Dip
Thread with TID = 140735573657280 read: Breakfast Burrito
Thread with TID = 140735605114560 read: Chili Dog
Thread with TID = 140735552685760 read: Bottled Water
Thread with TID = 140735594628800 read: Sweet Tea
Thread with TID = 140735668029120 read: Iced Tea
Thread with TID = 140735563171520 read: Hot Dog
Thread with TID = 140735531714240 read: Stuffed Crust Pizza
Thread with TID = 140735500256960 read: Coffee
Thread with TID = 140735489771200 read: Pizza Slice
Thread with TID = 140735521228480 read: Dim Sum
Thread with TID = 140735542200000 read: Sushi Roll
Thread with TID = 140735458313920 read: Cinnamon Roll
Thread with TID = 140735405885120 read: Taco
Thread with TID = 140735447828160 read: Donut
Thread with TID = 140735510742720 read: Cherry Pie
Thread with TID = 140735395399360 read: Garlic Breadsticks
Thread with TID = 140735468799680 read: Omelette
Thread with TID = 140735479285440 read: Diet Cola
Thread with TID = 140735363942080 read: Sports Drink
Thread with TID = 140735437342400 read: Milkshake
Thread with TID = 140735426856640 read: Root Beer
Thread with TID = 140735384913600 read: Cappuccino
Thread with TID = 140735416370880 read: Veggie Burger
Thread with TID = 140735374427840 read: Mozzarella Sticks
