Process PID: 27768
Thread with TID = 140737326876352 read: Hot Chocolate
Thread with TID = 140737232504512 read: Latte
Thread with TID = 140737284933312 read: BBQ Pulled Pork Sandwich
Thread with TID = 140737242990272 read: Banana Split
Thread with TID = 140736964069056 read: Hash Browns
Thread with TID = 140736985040576 read: Calzone
Thread with TID = 140736995526336 read: French Fries
Thread with TID = 140737016497856 read: Pretzels
Thread with TID = 140737006012096 read: Bacon Burger
Thread with TID = 140736974554816 read: Spring Rolls
Thread with TID = 140737263961792 read: Pad Thai
Thread with TID = 140736737576640 read: Double Cheeseburger
Thread with TID = 140736748062400 read: Cheeseburger
Thread with TID = 140737316390592 read: Philly Cheesesteak
Thread with TID = 140737347847872 read: Trail Mix
Thread with TID = 140737337362112 read: Lemonade
Thread with TID = 140737295419072 read: Chocolate Ice Cream
Thread with TID = 140737253476032 read: Chocolate Chip Cookie
Thread with TID = 140736727090880 read: Energy Drink
Thread with TID = 140737150715584 read: BBQ Chicken Pizza
Thread with TID = 140737274447552 read: Nachos
Thread with TID = 140737140229824 read: Grilled Chicken Wrap
Thread with TID = 140737129744064 read: Spinach Dip
Thread with TID = 140737119258304 read: Kebab Platter
Thread with TID = 140737108772544 read: Blueberry Muffin
Thread with TID = 140736695633600 read: Sweet Potato Fries
Thread with TID = 140737098286784 read: Breakfast Wrap
Thread with TID = 140736561415872 read: Brownie
Thread with TID = 140736479626944 read: Cheesecake
Thread with TID = 140736706119360 read: Chicken Sandwich
Thread with TID = 140736592873152 read: Apple Pie
Thread with TID = 140737305904832 read: Tortilla Chips with Salsa
Thread with TID = 140736469141184 read: Egg and Cheese Muffin
Thread with TID = 140736458655424 read: Tempura
Thread with TID = 140736448169664 read: Chicken Tenders
Thread with TID = 140736437683904 read: Meatball Sub
Thread with TID = 140736427198144 read: Vanilla Ice Cream
Thread with TID = 140736571901632 read: Fish Sandwich
Thread with TID = 140736613844672 read: Quesadilla
Thread with TID = 140736603358912 read: Fried Rice
Thread with TID = 140736716605120 read: Cola
Thread with TID = 140736582387392 read: Onion Rings
Thread with TID = 140736334923456 read: Chicken Nuggets
Thread with TID = 140736345409216 read: Pita Bread with Hummus
Thread with TID = 140736324437696 read: Strawberry Milkshake
Thread with TID = 140736313951936 read: Smoothie
Thread with TID = 140736292980416 read: Pepperoni Pizza
Thread with TID = 140736211191488 read: Chocolate Milkshake
Thread with TID = 140736179734208 read: Cheese Puffs
Thread with TID = 140736303466176 read: Ramen Bowl
Thread with TID = 140736158762688 read: Shawarma Wrap
Thread with TID = 140736169248448 read: Croissant Sandwich
Thread with TID = 140736190219968 read: Waffles
Thread with TID = 140736200705728 read: Curly Fries
Thread with TID = 140736066488000 read: Burrito
Thread with TID = 140736024544960 read: Hot Fudge Sundae
Thread with TID = 140735932270272 read: Pancakes
Thread with TID = 140736045516480 read: Falafel Wrap
Thread with TID = 140735911298752 read: Bagel Sandwich
Thread with TID = 140735900812992 read: Teriyaki Chicken Bowl
Thread with TID = 140736076973760 read: Espresso
Thread with TID = 140735942756032 read: Potato Chips
Thread with TID = 140735921784512 read: Iced Tea
Thread with TID = 140736056002240 read: Cupcake
Thread with TID = 140735890327232 read: Popcorn
Thread with TID = 140736035030720 read: Gyro Sandwich
Thread with TID = 140735858869952 read: Chili Dog
Thread with TID = 140735795955392 read: Sushi Roll
Thread with TID = 140735869355712 read: Margherita Pizza
Thread with TID = 140735785469632 read: Stuffed Crust Pizza
Thread with TID = 140735774983872 read: Dim Sum
Thread with TID = 140735879841472 read: Pita Chips
Thread with TID = 140735743526592 read: Pizza Slice
Thread with TID = 140735827412672 read: Breakfast Burrito
Thread with TID = 140735848384192 read: Sweet Tea
Thread with TID = 140735733040832 read: Diet Cola
Thread with TID = 140735722555072 read: Omelette
Thread with TID = 140735837898432 read: Guacamole Dip
Thread with TID = 140735754012352 read: Coffee
Thread with TID = 140735816926912 read: Hot Dog
Thread with TID = 140735806441152 read: Bottled Water
Thread with TID = 140735638668992 read: Cappuccino
Thread with TID = 140735764498112 read: Cherry Pie
Thread with TID = 140735670126272 read: Veggie Burger
Thread with TID = 140735659640512 read: Taco
Thread with TID = 140735712069312 read: Cinnamon Roll
Thread with TID = 140735701583552 read: Donut
Thread with TID = 140735628183232 read: Mozzarella Sticks
Thread with TID = 140735691097792 read: Milkshake
Thread with TID = 140735680612032 read: Root Beer
Thread with TID = 140735649154752 read: Garlic Breadsticks
Thread with TID = 140735617697472 read: Sports Drink
