Process PID: 133796
Thread with TID = 140737347847872 read: Trail Mix
Thread with TID = 140737326876352 read: Hot Chocolate
Thread with TID = 140737316390592 read: Philly Cheesesteak
Thread with TID = 140737217824448 read: Tortilla Chips with Salsa
Thread with TID = 140737305904832 read: Chocolate Ice Cream
Thread with TID = 140737165395648 read: Chocolate Chip Cookie
Thread with TID = 140737196852928 read: Nachos
Thread with TID = 140737052149440 read: Bacon Burger
Thread with TID = 140737031177920 read: Calzone
Thread with TID = 140737083606720 read: Banana Split
Thread with TID = 140737337362112 read: Lemonade
Thread with TID = 140737062635200 read: Pretzels
Thread with TID = 140737041663680 read: French Fries
Thread with TID = 140736917931712 read: Double Cheeseburger
Thread with TID = 140737073120960 read: Latte
Thread with TID = 140736949388992 read: Spring Rolls
Thread with TID = 140736938903232 read: Hash Browns
Thread with TID = 140736886474432 read: Spinach Dip
Thread with TID = 140736896960192 read: Grilled Chicken Wrap
Thread with TID = 140737207338688 read: BBQ Pulled Pork Sandwich
Thread with TID = 140736907445952 read: Energy Drink
Thread with TID = 140737175881408 read: Pad Thai
Thread with TID = 140737186367168 read: BBQ Chicken Pizza
Thread with TID = 140736865502912 read: Blueberry Muffin
Thread with TID = 140736928417472 read: Cheeseburger
Thread with TID = 140736875988672 read: Kebab Platter
Thread with TID = 140736781616832 read: Onion Rings
Thread with TID = 140736739673792 read: Egg and Cheese Muffin
Thread with TID = 140736729188032 read: Tempura
Thread with TID = 140736855017152 read: Breakfast Wrap
Thread with TID = 140736750159552 read: Cheesecake
Thread with TID = 140736844531392 read: Cola
Thread with TID = 140736802588352 read: Fried Rice
Thread with TID = 140736708216512 read: Meatball Sub
Thread with TID = 140736760645312 read: Brownie
Thread with TID = 140736771131072 read: Fish Sandwich
Thread with TID = 140736792102592 read: Apple Pie
Thread with TID = 140736834045632 read: Chicken Sandwich
Thread with TID = 140736823559872 read: Sweet Potato Fries
Thread with TID = 140736813074112 read: Quesadilla
Thread with TID = 140736718702272 read: Chicken Tenders
Thread with TID = 140736697730752 read: Vanilla Ice Cream
Thread with TID = 140736687244992 read: Pita Bread with Hummus
Thread with TID = 140736666273472 read: Strawberry Milkshake
Thread with TID = 140736634816192 read: Pepperoni Pizza
Thread with TID = 140736624330432 read: Chocolate Milkshake
Thread with TID = 140736613844672 read: Curly Fries
Thread with TID = 140736603358912 read: Waffles
Thread with TID = 140736676759232 read: Chicken Nuggets
Thread with TID = 140736655787712 read: Smoothie
Thread with TID = 140736645301952 read: Ramen Bowl
Thread with TID = 140736571901632 read: Shawarma Wrap
Thread with TID = 140736561415872 read: Espresso
Thread with TID = 140736550930112 read: Burrito
Thread with TID = 140736582387392 read: Croissant Sandwich
Thread with TID = 140736592873152 read: Cheese Puffs
Thread with TID = 140736404129472 read: Sweet Tea
Thread with TID = 140736435586752 read: Pita Chips
Thread with TID = 140736446072512 read: Popcorn
Thread with TID = 140736540444352 read: Cupcake
Thread with TID = 140736425100992 read: Margherita Pizza
Thread with TID = 140736456558272 read: Teriyaki Chicken Bowl
Thread with TID = 140736529958592 read: Falafel Wrap
Thread with TID = 140736467044032 read: Bagel Sandwich
Thread with TID = 140736519472832 read: Gyro Sandwich
Thread with TID = 140736414615232 read: Chili Dog
Thread with TID = 140736477529792 read: Iced Tea
Thread with TID = 140736393643712 read: Guacamole Dip
Thread with TID = 140736498501312 read: Potato Chips
Thread with TID = 140736488015552 read: Pancakes
Thread with TID = 140736372672192 read: Hot Dog
Thread with TID = 140736383157952 read: Breakfast Burrito
Thread with TID = 140736362186432 read: Bottled Water
Thread with TID = 140736508987072 read: Hot Fudge Sundae
Thread with TID = 140736330729152 read: Dim Sum
Thread with TID = 140736351700672 read: Sushi Roll
Thread with TID = 140736341214912 read: Stuffed Crust Pizza
Thread with TID = 140736299271872 read: Pizza Slice
Thread with TID = 140736320243392 read: Cherry Pie
Thread with TID = 140736200705728 read: Omelette
Thread with TID = 140736309757632 read: Coffee
Thread with TID = 140736190219968 read: Cinnamon Roll
Thread with TID = 140736179734208 read: Donut
Thread with TID = 140736116819648 read: Cappuccino
Thread with TID = 140736211191488 read: Diet Cola
Thread with TID = 140736095848128 read: Sports Drink
Thread with TID = 140736169248448 read: Milkshake
Thread with TID = 140736137791168 read: Taco
Thread with TID = 140736148276928 read: Veggie Burger
Thread with TID = 140736158762688 read: Root Beer
Thread with TID = 140736106333888 read: Mozzarella Sticks
Thread with TID = 140736127305408 read: Garlic Breadsticks
