Process PID: 37181
Thread with TID = 133515066738368 read: Trail Mix
Thread with TID = 133514548741824 read: Calzone
Thread with TID = 133514527770304 read: Hash Browns
Thread with TID = 133514506798784 read: Double Cheeseburger
Thread with TID = 133515056252608 read: Lemonade
Thread with TID = 133514347415232 read: Grilled Chicken Wrap
Thread with TID = 133514315957952 read: Blueberry Muffin
Thread with TID = 133514326443712 read: Kebab Platter
Thread with TID = 133514336929472 read: Spinach Dip
Thread with TID = 133514729096896 read: Latte
Thread with TID = 133514146088640 read: Chicken Sandwich
Thread with TID = 133514538256064 read: Spring Rolls
Thread with TID = 133514305472192 read: Breakfast Wrap
Thread with TID = 133514114631360 read: Fried Rice
Thread with TID = 133514708125376 read: Bacon Burger
Thread with TID = 133514135602880 read: Sweet Potato Fries
Thread with TID = 133514125117120 read: Quesadilla
Thread with TID = 133514104145600 read: Apple Pie
Thread with TID = 133514961880768 read: Philly Cheesesteak
Thread with TID = 133514951395008 read: Tortilla Chips with Salsa
Thread with TID = 133514930423488 read: BBQ Pulled Pork Sandwich
Thread with TID = 133514919937728 read: Nachos
Thread with TID = 133514909451968 read: BBQ Chicken Pizza
Thread with TID = 133514940909248 read: Chocolate Ice Cream
Thread with TID = 133514739582656 read: Banana Split
Thread with TID = 133514718611136 read: Pretzels
Thread with TID = 133514760554176 read: Pad Thai
Thread with TID = 133514750068416 read: Chocolate Chip Cookie
Thread with TID = 133514517284544 read: Cheeseburger
Thread with TID = 133514357900992 read: Energy Drink
Thread with TID = 133515045766848 read: Hot Chocolate
Thread with TID = 133514156574400 read: Cola
Thread with TID = 133513955247808 read: Onion Rings
Thread with TID = 133513923790528 read: Cheesecake
Thread with TID = 133513902819008 read: Tempura
Thread with TID = 133513934276288 read: Brownie
Thread with TID = 133513944762048 read: Fish Sandwich
Thread with TID = 133513732949696 read: Vanilla Ice Cream
Thread with TID = 133513913304768 read: Egg and Cheese Muffin
Thread with TID = 133514559227584 read: French Fries
Thread with TID = 133513743435456 read: Meatball Sub
Thread with TID = 133513753921216 read: Chicken Tenders
Thread with TID = 133513722463936 read: Pita Bread with Hummus
Thread with TID = 133513711978176 read: Chicken Nuggets
Thread with TID = 133513542108864 read: Ramen Bowl
Thread with TID = 133513701492416 read: Strawberry Milkshake
Thread with TID = 133513500165824 read: Waffles
Thread with TID = 133513309324992 read: Burrito
Thread with TID = 133513277867712 read: Gyro Sandwich
Thread with TID = 133513319810752 read: Espresso
Thread with TID = 133513351268032 read: Cheese Puffs
Thread with TID = 133513531623104 read: Pepperoni Pizza
Thread with TID = 133513298839232 read: Cupcake
Thread with TID = 133513552594624 read: Smoothie
Thread with TID = 133513340782272 read: Croissant Sandwich
Thread with TID = 133513510651584 read: Curly Fries
Thread with TID = 133513330296512 read: Shawarma Wrap
Thread with TID = 133513267381952 read: Hot Fudge Sundae
Thread with TID = 133513256896192 read: Potato Chips
Thread with TID = 133513521137344 read: Chocolate Milkshake
Thread with TID = 133513246410432 read: Pancakes
Thread with TID = 133513193981632 read: Pita Chips
Thread with TID = 133513225438912 read: Bagel Sandwich
Thread with TID = 133513078638272 read: Cherry Pie
Thread with TID = 133513288353472 read: Falafel Wrap
Thread with TID = 133513036695232 read: Omelette
Thread with TID = 133513015723712 read: Donut
Thread with TID = 133513235924672 read: Iced Tea
Thread with TID = 133513099609792 read: Stuffed Crust Pizza
Thread with TID = 133512984266432 read: Veggie Burger
Thread with TID = 133513005237952 read: Milkshake
Thread with TID = 133512942323392 read: Mozzarella Sticks
Thread with TID = 133512994752192 read: Root Beer
Thread with TID = 133513120581312 read: Bottled Water
Thread with TID = 133513057666752 read: Pizza Slice
Thread with TID = 133513214953152 read: Teriyaki Chicken Bowl
Thread with TID = 133512952809152 read: Cappuccino
Thread with TID = 133512931837632 read: Sports Drink
Thread with TID = 133513204467392 read: Popcorn
Thread with TID = 133513152038592 read: Guacamole Dip
Thread with TID = 133513089124032 read: Dim Sum
Thread with TID = 133513173010112 read: Chili Dog
Thread with TID = 133513110095552 read: Sushi Roll
Thread with TID = 133513068152512 read: Coffee
Thread with TID = 133513047180992 read: Diet Cola
Thread with TID = 133513131067072 read: Hot Dog
Thread with TID = 133513183495872 read: Margherita Pizza
Thread with TID = 133513026209472 read: Cinnamon Roll
Thread with TID = 133512973780672 read: Taco
Thread with TID = 133512963294912 read: Garlic Breadsticks
Thread with TID = 133513141552832 read: Breakfast Burrito
Thread with TID = 133513162524352 read: Sweet Tea
