Process PID: 35165
Thread with TID = 132514182072000 read: BBQ Chicken Pizza
Thread with TID = 132514255472320 read: Lemonade
Thread with TID = 132514244986560 read: Hot Chocolate
Thread with TID = 132514234500800 read: Philly Cheesesteak
Thread with TID = 132514224015040 read: Tortilla Chips with Salsa
Thread with TID = 132514203043520 read: BBQ Pulled Pork Sandwich
Thread with TID = 132514161100480 read: Chocolate Chip Cookie
Thread with TID = 132514213529280 read: Chocolate Ice Cream
Thread with TID = 132514150614720 read: Banana Split
Thread with TID = 132514033174208 read: Bacon Burger
Thread with TID = 132514129643200 read: Pretzels
Thread with TID = 132514119157440 read: French Fries
Thread with TID = 132514140128960 read: Latte
Thread with TID = 132514171586240 read: Pad Thai
Thread with TID = 132514265958080 read: Trail Mix
Thread with TID = 132514012202688 read: Spring Rolls
Thread with TID = 132514001716928 read: Hash Browns
Thread with TID = 132514192557760 read: Nachos
Thread with TID = 132514022688448 read: Calzone
Thread with TID = 132513888470720 read: Grilled Chicken Wrap
Thread with TID = 132513991231168 read: Cheeseburger
Thread with TID = 132513980745408 read: Double Cheeseburger
Thread with TID = 132513898956480 read: Energy Drink
Thread with TID = 132513877984960 read: Spinach Dip
Thread with TID = 132513867499200 read: Kebab Platter
Thread with TID = 132513857013440 read: Blueberry Muffin
Thread with TID = 132513697629888 read: Cola
Thread with TID = 132513846527680 read: Breakfast Wrap
Thread with TID = 132513687144128 read: Chicken Sandwich
Thread with TID = 132513676658368 read: Sweet Potato Fries
Thread with TID = 132513666172608 read: Quesadilla
Thread with TID = 132513624229568 read: Fish Sandwich
Thread with TID = 132513655686848 read: Fried Rice
Thread with TID = 132513613743808 read: Brownie
Thread with TID = 132513634715328 read: Onion Rings
Thread with TID = 132513582286528 read: Tempura
Thread with TID = 132513592772288 read: Egg and Cheese Muffin
Thread with TID = 132513561315008 read: Meatball Sub
Thread with TID = 132513550829248 read: Vanilla Ice Cream
Thread with TID = 132513508886208 read: Smoothie
Thread with TID = 132513529857728 read: Chicken Nuggets
Thread with TID = 132513645201088 read: Apple Pie
Thread with TID = 132513603258048 read: Cheesecake
Thread with TID = 132513466943168 read: Curly Fries
Thread with TID = 132513540343488 read: Pita Bread with Hummus
Thread with TID = 132513477428928 read: Chocolate Milkshake
Thread with TID = 132513487914688 read: Pepperoni Pizza
Thread with TID = 132513435485888 read: Croissant Sandwich
Thread with TID = 132513425000128 read: Shawarma Wrap
Thread with TID = 132513404028608 read: Burrito
Thread with TID = 132513414514368 read: Espresso
Thread with TID = 132513498400448 read: Ramen Bowl
Thread with TID = 132513445971648 read: Cheese Puffs
Thread with TID = 132513571800768 read: Chicken Tenders
Thread with TID = 132513383057088 read: Falafel Wrap
Thread with TID = 132513393542848 read: Cupcake
Thread with TID = 132513519371968 read: Strawberry Milkshake
Thread with TID = 132513456457408 read: Waffles
Thread with TID = 132513372571328 read: Gyro Sandwich
Thread with TID = 132513341114048 read: Pancakes
Thread with TID = 132513330628288 read: Iced Tea
Thread with TID = 132513320142528 read: Bagel Sandwich
Thread with TID = 132513362085568 read: Hot Fudge Sundae
Thread with TID = 132513351599808 read: Potato Chips
Thread with TID = 132513309656768 read: Teriyaki Chicken Bowl
Thread with TID = 132513299171008 read: Popcorn
Thread with TID = 132513257227968 read: Sweet Tea
Thread with TID = 132513288685248 read: Pita Chips
Thread with TID = 132513246742208 read: Guacamole Dip
Thread with TID = 132513267713728 read: Chili Dog
Thread with TID = 132513278199488 read: Margherita Pizza
Thread with TID = 132513236256448 read: Breakfast Burrito
Thread with TID = 132513204799168 read: Sushi Roll
Thread with TID = 132513173341888 read: Cherry Pie
Thread with TID = 132513162856128 read: Coffee
Thread with TID = 132513152370368 read: Pizza Slice
Thread with TID = 132513194313408 read: Stuffed Crust Pizza
Thread with TID = 132513131398848 read: Omelette
Thread with TID = 132513183827648 read: Dim Sum
Thread with TID = 132513110427328 read: Donut
Thread with TID = 132513225770688 read: Hot Dog
Thread with TID = 132513120913088 read: Cinnamon Roll
Thread with TID = 132513141884608 read: Diet Cola
Thread with TID = 132513215284928 read: Bottled Water
Thread with TID = 132513099941568 read: Milkshake
Thread with TID = 132513089455808 read: Root Beer
Thread with TID = 132513078970048 read: Veggie Burger
Thread with TID = 132513068484288 read: Taco
Thread with TID = 132513057998528 read: Garlic Breadsticks
Thread with TID = 132513047512768 read: Cappuccino
Thread with TID = 132513037027008 read: Mozzarella Sticks
Thread with TID = 132513026541248 read: Sports Drink
