Process PID: 8677
Thread with TID = 124077591234240 read: Tortilla Chips with Salsa
Thread with TID = 124077633177280 read: Trail Mix
Thread with TID = 124077622691520 read: Lemonade
Thread with TID = 124077601720000 read: Philly Cheesesteak
Thread with TID = 124077612205760 read: Hot Chocolate
Thread with TID = 124077580748480 read: Chocolate Ice Cream
Thread with TID = 124077570262720 read: BBQ Pulled Pork Sandwich
Thread with TID = 124077442336448 read: BBQ Chicken Pizza
Thread with TID = 124077538805440 read: Chocolate Chip Cookie
Thread with TID = 124077549291200 read: Pad Thai
Thread with TID = 124077559776960 read: Nachos
Thread with TID = 124077421364928 read: Pretzels
Thread with TID = 124077528319680 read: Banana Split
Thread with TID = 124077431850688 read: Latte
Thread with TID = 124077410879168 read: Bacon Burger
Thread with TID = 124077389907648 read: Calzone
Thread with TID = 124077308118720 read: Spring Rolls
Thread with TID = 124077400393408 read: French Fries
Thread with TID = 124077276661440 read: Double Cheeseburger
Thread with TID = 124077287147200 read: Cheeseburger
Thread with TID = 124077297632960 read: Hash Browns
Thread with TID = 124077173900992 read: Spinach Dip
Thread with TID = 124077266175680 read: Energy Drink
Thread with TID = 124077255689920 read: Grilled Chicken Wrap
Thread with TID = 124077163415232 read: Kebab Platter
Thread with TID = 124077152929472 read: Blueberry Muffin
Thread with TID = 124077142443712 read: Breakfast Wrap
Thread with TID = 124077039683264 read: Sweet Potato Fries
Thread with TID = 124077008225984 read: Apple Pie
Thread with TID = 124077018711744 read: Fried Rice
Thread with TID = 124076997740224 read: Onion Rings
Thread with TID = 124077131957952 read: Cola
Thread with TID = 124077121472192 read: Chicken Sandwich
Thread with TID = 124076769150656 read: Chocolate Milkshake
Thread with TID = 124077029197504 read: Quesadilla
Thread with TID = 124076842550976 read: Vanilla Ice Cream
Thread with TID = 124076758664896 read: Curly Fries
Thread with TID = 124076987254464 read: Fish Sandwich
Thread with TID = 124076821579456 read: Chicken Nuggets
Thread with TID = 124076905465536 read: Brownie
Thread with TID = 124076800607936 read: Smoothie
Thread with TID = 124076811093696 read: Strawberry Milkshake
Thread with TID = 124076884494016 read: Egg and Cheese Muffin
Thread with TID = 124076874008256 read: Tempura
Thread with TID = 124076790122176 read: Ramen Bowl
Thread with TID = 124076863522496 read: Chicken Tenders
Thread with TID = 124076853036736 read: Meatball Sub
Thread with TID = 124076894979776 read: Cheesecake
Thread with TID = 124076832065216 read: Pita Bread with Hummus
Thread with TID = 124076779636416 read: Pepperoni Pizza
Thread with TID = 124076748179136 read: Waffles
Thread with TID = 124076737693376 read: Cheese Puffs
Thread with TID = 124076727207616 read: Croissant Sandwich
Thread with TID = 124076716721856 read: Shawarma Wrap
Thread with TID = 124076706236096 read: Espresso
Thread with TID = 124076695750336 read: Burrito
Thread with TID = 124076653807296 read: Hot Fudge Sundae
Thread with TID = 124076664293056 read: Gyro Sandwich
Thread with TID = 124076674778816 read: Falafel Wrap
Thread with TID = 124076632835776 read: Pancakes
Thread with TID = 124076685264576 read: Cupcake
Thread with TID = 124076622350016 read: Iced Tea
Thread with TID = 124076580406976 read: Pita Chips
Thread with TID = 124076590892736 read: Popcorn
Thread with TID = 124076569921216 read: Margherita Pizza
Thread with TID = 124076548949696 read: Sweet Tea
Thread with TID = 124076643321536 read: Potato Chips
Thread with TID = 124076559435456 read: Chili Dog
Thread with TID = 124076611864256 read: Bagel Sandwich
Thread with TID = 124076601378496 read: Teriyaki Chicken Bowl
Thread with TID = 124076538463936 read: Guacamole Dip
Thread with TID = 124076527978176 read: Breakfast Burrito
Thread with TID = 124076507006656 read: Bottled Water
Thread with TID = 124076496520896 read: Sushi Roll
Thread with TID = 124076517492416 read: Hot Dog
Thread with TID = 124076454577856 read: Coffee
Thread with TID = 124076465063616 read: Cherry Pie
Thread with TID = 124076444092096 read: Pizza Slice
Thread with TID = 124076433606336 read: Diet Cola
Thread with TID = 124076412634816 read: Cinnamon Roll
Thread with TID = 124076402149056 read: Donut
Thread with TID = 124076486035136 read: Stuffed Crust Pizza
Thread with TID = 124076475549376 read: Dim Sum
Thread with TID = 124076391663296 read: Milkshake
Thread with TID = 124076423120576 read: Omelette
Thread with TID = 124076381177536 read: Root Beer
Thread with TID = 124076370691776 read: Veggie Burger
Thread with TID = 124076360206016 read: Taco
Thread with TID = 124076349720256 read: Garlic Breadsticks
Thread with TID = 124076339234496 read: Cappuccino
Thread with TID = 124076328748736 read: Mozzarella Sticks
Thread with TID = 124076318262976 read: Sports Drink
