Process PID: 4361
Thread with TID = 138817480689344 read: Suit
Thread with TID = 138817501660864 read: Ruffle Top
Thread with TID = 138817470203584 read: Socks
Thread with TID = 138816866223808 read: Infinity Scarf
Thread with TID = 138817679918784 read: Bikini
Thread with TID = 138817774290624 read: Running Shoes
Thread with TID = 138817637975744 read: Leather Jacket
Thread with TID = 138817512146624 read: Caftan
Thread with TID = 138817669433024       (read and found): ((Jeans))
Thread with TID = 138817522632384 read: Pleated Skirt
Thread with TID = 138817585546944 read: Slippers
Thread with TID = 138817596032704 read: Bolero
Thread with TID = 138817784776384 read: Flip Flops
Thread with TID = 138817763804864 read: Overcoat
Thread with TID = 138817816233664 read: Chinos
Thread with TID = 138817648461504 read: Sun Hat
Thread with TID = 138817543603904 read: Beach Cover-Up
Thread with TID = 138817533118144 read: Heels
Thread with TID = 138817554089664 read: Overalls
Thread with TID = 138817690404544 read: Denim Jacket
Thread with TID = 138817606518464 read: Shrug
Thread with TID = 138817900119744 read: Hiking Boots
Thread with TID = 138817847690944 read: Biker Jacket
Thread with TID = 138817459717824 read: Hoodie
Thread with TID = 138817963034304 read: Kimono
Thread with TID = 138817879148224 read: Down Jacket
Thread with TID = 138817627489984 read: Visor
Thread with TID = 138817564575424 read: Raincoat
Thread with TID = 138817658947264 read: Tank Top
Thread with TID = 138817711376064 read: Sneakers
Thread with TID = 138817396803264 read: Pajamas
Thread with TID = 138817795262144 read: Gloves
Thread with TID = 138817994491584 read: Cardigan
Thread with TID = 138817721861824 read: Wrap Dress
Thread with TID = 138817942062784 read: Blouse
Thread with TID = 138817921091264 read: Parkas
Thread with TID = 138817910605504 read: Windbreaker
Thread with TID = 138817617004224 read: Tights
Thread with TID = 138817931577024 read: Puffer Jacket
Thread with TID = 138817826719424 read: Maxi Dress
Thread with TID = 138817837205184 read: Bathrobe
Thread with TID = 138817858176704 read: Baseball Cap
Thread with TID = 138817732347584 read: Wide-Leg Pants
Thread with TID = 138817753319104 read: Thermal Shirt
Thread with TID = 138817889633984 read: Loafers
Thread with TID = 138817805747904 read: Blouse with Frills
Thread with TID = 138817491175104 read: Skirt
Thread with TID = 138817868662464 read: Cropped Jeans
Thread with TID = 138817742833344 read: Cape Coat
Thread with TID = 138817700890304 read: Rompers
Thread with TID = 138817575061184 read: Ankle Boots
Thread with TID = 138816685868736 read: Shorts
Thread with TID = 138817407289024 read: Moccasins
Thread with TID = 138817984005824 read: Cycling Shorts
Thread with TID = 138817973520064 read: Fanny Pack
Thread with TID = 138817952548544 read: Blazer
Thread with TID = 138817438746304 read: Jumpsuit
Thread with TID = 138817428260544 read: Ballet Flats
Thread with TID = 138816887195328 read: Scarf
Thread with TID = 138817449232064 read: Sports Bra
Thread with TID = 138817067550400 read: Tracksuit
Thread with TID = 138816876709568 read: Off-Shoulder Dress
Thread with TID = 138817300334272 read: Sweater
Thread with TID = 138817046578880 read: Swimsuit
Thread with TID = 138816897681088 read: WhiteShoes
Thread with TID = 138817417774784 read: Jacket
Thread with TID = 138816696354496 read: Bucket Hat
Thread with TID = 138816845252288 read: Sandals
Thread with TID = 138817057064640 read: Leggings
Thread with TID = 138817099007680 read: Formal Shirt
Thread with TID = 138817386317504 read: Tuxedo
Thread with TID = 138817247905472 read: Dress
Thread with TID = 138817289848512 read: Cargo Pants
Thread with TID = 138817279362752 read: V-Neck Sweater
Thread with TID = 138817078036160 read: Poncho
Thread with TID = 138816855738048 read: T-shirt
Thread with TID = 138817088521920 read: Hat
Thread with TID = 138817258391232 read: Polo Shirt
Thread with TID = 138817268876992 read: Peacoat
