Process PID: 17185
Thread with TID = 135204224108224 read: Cardigan
Thread with TID = 135204213622464 read: Cycling Shorts
Thread with TID = 135203850815168 read: Denim Jacket
Thread with TID = 135203829843648       (read and found): ((Jeans))
Thread with TID = 135204171679424 read: Blouse
Thread with TID = 135204192650944 read: Kimono
Thread with TID = 135204203136704 read: Fanny Pack
Thread with TID = 135204060530368 read: Hiking Boots
Thread with TID = 135204039558848 read: Down Jacket
Thread with TID = 135203966158528 read: Blouse with Frills
Thread with TID = 135204182165184 read: Blazer
Thread with TID = 135204071016128 read: Windbreaker
Thread with TID = 135203997615808 read: Bathrobe
Thread with TID = 135204008101568 read: Biker Jacket
Thread with TID = 135204081501888 read: Parkas
Thread with TID = 135204018587328 read: Baseball Cap
Thread with TID = 135204091987648 read: Puffer Jacket
Thread with TID = 135203987130048 read: Maxi Dress
Thread with TID = 135204029073088 read: Cropped Jeans
Thread with TID = 135204050044608 read: Loafers
Thread with TID = 135203976644288 read: Chinos
Thread with TID = 135203819357888 read: Tank Top
Thread with TID = 135203955672768 read: Gloves
Thread with TID = 135203808872128 read: Sun Hat
Thread with TID = 135203945187008 read: Flip Flops
Thread with TID = 135203903243968 read: Cape Coat
Thread with TID = 135203745957568 read: Slippers
Thread with TID = 135203871786688 read: Sneakers
Thread with TID = 135203861300928 read: Rompers
Thread with TID = 135203704014528 read: Beach Cover-Up
Thread with TID = 135203557213888 read: Pajamas
Thread with TID = 135203567699648 read: Moccasins
Thread with TID = 135203578185408 read: Jacket
Thread with TID = 135203588671168 read: Ballet Flats
Thread with TID = 135203882272448 read: Wrap Dress
Thread with TID = 135203693528768 read: Heels
Thread with TID = 135203609642688 read: Sports Bra
Thread with TID = 135203599156928 read: Jumpsuit
Thread with TID = 135203620128448 read: Hoodie
Thread with TID = 135203766929088 read: Shrug
Thread with TID = 135203651585728 read: Skirt
Thread with TID = 135203735471808 read: Ankle Boots
Thread with TID = 135203724986048 read: Raincoat
Thread with TID = 135203913729728 read: Thermal Shirt
Thread with TID = 135203934701248 read: Running Shoes
Thread with TID = 135203630614208 read: Socks
Thread with TID = 135203840329408 read: Bikini
Thread with TID = 135203924215488 read: Overcoat
Thread with TID = 135203672557248 read: Caftan
Thread with TID = 135203892758208 read: Wide-Leg Pants
Thread with TID = 135203798386368 read: Leather Jacket
Thread with TID = 135203787900608 read: Visor
Thread with TID = 135203777414848 read: Tights
Thread with TID = 135203756443328 read: Bolero
Thread with TID = 135203714500288 read: Overalls
Thread with TID = 135203683043008 read: Pleated Skirt
Thread with TID = 135203662071488 read: Ruffle Top
Thread with TID = 135203641099968 read: Suit
Thread with TID = 135203188115136 read: Scarf
Thread with TID = 135203219572416 read: Leggings
Thread with TID = 135203209086656 read: Swimsuit
Thread with TID = 135202986788544 read: Shorts
Thread with TID = 135203177629376 read: Off-Shoulder Dress
Thread with TID = 135203368470208 read: Tracksuit
Thread with TID = 135203198600896 read: WhiteShoes
Thread with TID = 135203378955968 read: Poncho
Thread with TID = 135203167143616 read: Infinity Scarf
Thread with TID = 135203399927488 read: Formal Shirt
Thread with TID = 135203389441728 read: Hat
Thread with TID = 135203007760064 read: Sandals
Thread with TID = 135203410413248 read: Dress
Thread with TID = 135203018245824 read: T-shirt
Thread with TID = 135203504785088 read: Peacoat
Thread with TID = 135203525756608 read: Cargo Pants
Thread with TID = 135203536242368 read: Sweater
Thread with TID = 135203515270848 read: V-Neck Sweater
Thread with TID = 135203420899008 read: Polo Shirt
Thread with TID = 135203546728128 read: Tuxedo
Thread with TID = 135202997274304 read: Bucket Hat
