Process PID: 12846
Thread with TID = 126657748797120 read: Windbreaker
Thread with TID = 126657769768640 read: Puffer Jacket
Thread with TID = 126657780254400 read: Blouse
Thread with TID = 126657654425280 read: Chinos
Thread with TID = 126657643939520 read: Blouse with Frills
Thread with TID = 126657664911040 read: Maxi Dress
Thread with TID = 126657790740160 read: Blazer
Thread with TID = 126657832683200 read: Cardigan
Thread with TID = 126657738311360 read: Hiking Boots
Thread with TID = 126657539081920 read: Rompers
Thread with TID = 126657570539200 read: Wide-Leg Pants
Thread with TID = 126657801225920 read: Kimono
Thread with TID = 126657549567680 read: Sneakers
Thread with TID = 126657560053440 read: Wrap Dress
Thread with TID = 126657591510720 read: Thermal Shirt
Thread with TID = 126657759282880 read: Parkas
Thread with TID = 126657581024960 read: Cape Coat
Thread with TID = 126657633453760 read: Gloves
Thread with TID = 126657811711680 read: Fanny Pack
Thread with TID = 126657727825600 read: Loafers
Thread with TID = 126657528596160 read: Denim Jacket
Thread with TID = 126657612482240 read: Running Shoes
Thread with TID = 126657601996480 read: Overcoat
Thread with TID = 126657696368320 read: Baseball Cap
Thread with TID = 126657622968000 read: Flip Flops
Thread with TID = 126657507624640       (read and found): ((Jeans))
Thread with TID = 126657518110400 read: Bikini
Thread with TID = 126657822197440 read: Cycling Shorts
Thread with TID = 126657675396800 read: Bathrobe
Thread with TID = 126657685882560 read: Biker Jacket
Thread with TID = 126657465681600 read: Visor
Thread with TID = 126657476167360 read: Leather Jacket
Thread with TID = 126657497138880 read: Tank Top
Thread with TID = 126657486653120 read: Sun Hat
Thread with TID = 126657706854080 read: Cropped Jeans
Thread with TID = 126657717339840 read: Down Jacket
Thread with TID = 126656796690112 read: Sweater
Thread with TID = 126657018988224 read: Hoodie
Thread with TID = 126656786204352 read: Cargo Pants
Thread with TID = 126656998016704 read: Jumpsuit
Thread with TID = 126656987530944 read: Ballet Flats
Thread with TID = 126657008502464 read: Sports Bra
Thread with TID = 126656807175872 read: Tuxedo
Thread with TID = 126657029473984 read: Socks
Thread with TID = 126656828147392 read: Moccasins
Thread with TID = 126656838633152 read: Jacket
Thread with TID = 126656637306560 read: V-Neck Sweater
Thread with TID = 126656817661632 read: Pajamas
Thread with TID = 126657344046784 read: Ankle Boots
Thread with TID = 126657241286336 read: Beach Cover-Up
Thread with TID = 126657375504064 read: Shrug
Thread with TID = 126657230800576 read: Heels
Thread with TID = 126657323075264 read: Overalls
Thread with TID = 126657365018304 read: Bolero
Thread with TID = 126657199343296 read: Ruffle Top
Thread with TID = 126657209829056 read: Caftan
Thread with TID = 126657039959744 read: Suit
Thread with TID = 126657333561024 read: Raincoat
Thread with TID = 126657188857536 read: Skirt
Thread with TID = 126657220314816 read: Pleated Skirt
Thread with TID = 126657354532544 read: Slippers
Thread with TID = 126657455195840 read: Tights
Thread with TID = 126656125601472 read: Bucket Hat
Thread with TID = 126656157058752 read: Infinity Scarf
Thread with TID = 126656368871104 read: Poncho
Thread with TID = 126656584877760 read: Hat
Thread with TID = 126656167544512 read: Off-Shoulder Dress
Thread with TID = 126656337413824 read: Swimsuit
Thread with TID = 126656146572992 read: T-shirt
Thread with TID = 126656316442304 read: Scarf
Thread with TID = 126656626820800 read: Peacoat
Thread with TID = 126656605849280 read: Dress
Thread with TID = 126656616335040 read: Polo Shirt
Thread with TID = 126656136087232 read: Sandals
Thread with TID = 126656595363520 read: Formal Shirt
Thread with TID = 126656347899584 read: Leggings
Thread with TID = 126656326928064 read: WhiteShoes
Thread with TID = 126656358385344 read: Tracksuit
Thread with TID = 126656115115712 read: Shorts
