Process PID: 11200
Thread with TID = 125316433446592 read: Skirt
Thread with TID = 125316422960832 read: Slippers
Thread with TID = 125316401989312 read: Peacoat
Thread with TID = 125316412475072 read: Shorts
Thread with TID = 125316391503552 read: Blazer
Thread with TID = 125316381017792 read: Thermal Shirt
Thread with TID = 125316240508608 read: Bolero
Thread with TID = 125316370532032 read: Parkas
Thread with TID = 125316219537088 read: Ankle Boots
Thread with TID = 125316360046272 read: Tracksuit
Thread with TID = 125316230022848 read: Denim Jacket
Thread with TID = 125316271965888 read: Infinity Scarf
Thread with TID = 125316261480128 read: Bucket Hat
Thread with TID = 125316250994368 read: Bathrobe
Thread with TID = 125316070639296 read: Pleated Skirt
Thread with TID = 125316060153536 read: Suit
Thread with TID = 125316018210496       (read and found): ((Jeans))
Thread with TID = 125316007724736 read: Loafers
Thread with TID = 125315997238976 read: Poncho
Thread with TID = 125316049667776 read: Hoodie
Thread with TID = 125315850438336 read: Sun Hat
Thread with TID = 125315839952576 read: Dress
Thread with TID = 125315923838656 read: Cape Coat
Thread with TID = 125315913352896 read: Cargo Pants
Thread with TID = 125315881895616 read: WhiteShoes
Thread with TID = 125315902867136 read: Moccasins
Thread with TID = 125315860924096 read: Scarf
Thread with TID = 125315829466816 read: Swimsuit
Thread with TID = 125315934324416 read: Baseball Cap
Thread with TID = 125316039182016 read: Leggings
Thread with TID = 125316028696256 read: Tuxedo
Thread with TID = 125315986753216 read: Biker Jacket
Thread with TID = 125315892381376 read: Jacket
Thread with TID = 125315976267456 read: Caftan
Thread with TID = 125315965781696 read: Wide-Leg Pants
Thread with TID = 125315871409856 read: Wrap Dress
Thread with TID = 125315944810176 read: Rompers
Thread with TID = 125315955295936 read: Down Jacket
Thread with TID = 125315818981056 read: Puffer Jacket
Thread with TID = 125315808495296 read: Blouse with Frills
Thread with TID = 125315798009536 read: Chinos
Thread with TID = 125315766552256 read: Hiking Boots
Thread with TID = 125315787523776 read: Jumpsuit
Thread with TID = 125315735094976 read: Cropped Jeans
Thread with TID = 125315777038016 read: Sandals
Thread with TID = 125315756066496 read: Socks
Thread with TID = 125315745580736 read: Tank Top
Thread with TID = 125315714123456 read: Bikini
Thread with TID = 125315661694656 read: T-shirt
Thread with TID = 125315651208896 read: Cycling Shorts
Thread with TID = 125315630237376 read: Windbreaker
Thread with TID = 125315724609216 read: Heels
Thread with TID = 125315703637696 read: Hat
Thread with TID = 125315682666176 read: Shrug
Thread with TID = 125315693151936 read: Visor
Thread with TID = 125315640723136 read: Polo Shirt
Thread with TID = 125315672180416 read: Raincoat
Thread with TID = 125315619751616 read: Flip Flops
Thread with TID = 125315598780096 read: Sports Bra
Thread with TID = 125315609265856 read: Blouse
Thread with TID = 125315588294336 read: V-Neck Sweater
Thread with TID = 125315567322816 read: Sweater
Thread with TID = 125315535865536 read: Ballet Flats
Thread with TID = 125315546351296 read: Maxi Dress
Thread with TID = 125315514894016 read: Beach Cover-Up
Thread with TID = 125315556837056 read: Formal Shirt
Thread with TID = 125315577808576 read: Sneakers
Thread with TID = 125315525379776 read: Overalls
Thread with TID = 125315483436736 read: Kimono
Thread with TID = 125315504408256 read: Fanny Pack
Thread with TID = 125315472950976 read: Leather Jacket
Thread with TID = 125315462465216 read: Running Shoes
Thread with TID = 125315451979456 read: Cardigan
Thread with TID = 125315431007936 read: Overcoat
Thread with TID = 125315420522176 read: Gloves
Thread with TID = 125315410036416 read: Pajamas
Thread with TID = 125315441493696 read: Tights
Thread with TID = 125315399550656 read: Ruffle Top
Thread with TID = 125315493922496 read: Off-Shoulder Dress
