Process PID: 13396
Thread with TID = 134536188921536 read: Thermal Shirt
Thread with TID = 134536365082304 read: Slippers
Thread with TID = 134536079869632 read: Bucket Hat
Thread with TID = 134536214087360 read: Hoodie
Thread with TID = 134536333625024 read: Blazer
Thread with TID = 134535821919936 read: Wide-Leg Pants
Thread with TID = 134535935166144 read: Loafers
Thread with TID = 134536375568064 read: Skirt
Thread with TID = 134535790462656 read: Baseball Cap
Thread with TID = 134536037926592 read: Tuxedo
Thread with TID = 134536354596544 read: Shorts
Thread with TID = 134536090355392 read: Tracksuit
Thread with TID = 134536344110784 read: Peacoat
Thread with TID = 134536058898112 read: Bolero
Thread with TID = 134535956137664 read: Infinity Scarf
Thread with TID = 134535924680384 read: Poncho
Thread with TID = 134535811434176 read: Down Jacket
Thread with TID = 134536312653504 read: Pleated Skirt
Thread with TID = 134535800948416 read: Rompers
Thread with TID = 134536224573120 read: Suit
Thread with TID = 134536048412352 read: Denim Jacket
Thread with TID = 134535779976896 read: Cape Coat
Thread with TID = 134535687702208 read: Moccasins
Thread with TID = 134536323139264 read: Ankle Boots
Thread with TID = 134536069383872 read: Bathrobe
Thread with TID = 134535945651904       (read and found): ((Jeans))
Thread with TID = 134535666730688 read: WhiteShoes
Thread with TID = 134535656244928 read: Wrap Dress
Thread with TID = 134536178435776 read: Parkas
Thread with TID = 134535914194624 read: Biker Jacket
Thread with TID = 134535903708864 read: Caftan
Thread with TID = 134535769491136 read: Cargo Pants
Thread with TID = 134535645759168 read: Scarf
Thread with TID = 134536203601600 read: Leggings
Thread with TID = 134535677216448 read: Jacket
Thread with TID = 134535635273408 read: Sun Hat
Thread with TID = 134535553484480 read: Dress
Thread with TID = 134535522027200 read: Blouse with Frills
Thread with TID = 134535511541440 read: Chinos
Thread with TID = 134535501055680 read: Jumpsuit
Thread with TID = 134535542998720 read: Swimsuit
Thread with TID = 134535274563264 read: Hiking Boots
Thread with TID = 134535264077504 read: Socks
Thread with TID = 134535285049024 read: Sandals
Thread with TID = 134535532512960 read: Puffer Jacket
Thread with TID = 134535253591744 read: Tank Top
Thread with TID = 134535016613568 read: Bikini
Thread with TID = 134535232620224 read: Heels
Thread with TID = 134534974670528 read: Raincoat
Thread with TID = 134535006127808 read: Hat
Thread with TID = 134535243105984 read: Cropped Jeans
Thread with TID = 134534995642048 read: Visor
Thread with TID = 134534985156288 read: Shrug
Thread with TID = 134534964184768 read: T-shirt
Thread with TID = 134534815286976 read: Cycling Shorts
Thread with TID = 134534773343936 read: Blouse
Thread with TID = 134534804801216 read: Polo Shirt
Thread with TID = 134534762858176 read: Sports Bra
Thread with TID = 134534582503104 read: Formal Shirt
Thread with TID = 134534613960384 read: V-Neck Sweater
Thread with TID = 134534603474624 read: Sneakers
Thread with TID = 134534540560064 read: Beach Cover-Up
Thread with TID = 134534519588544 read: Off-Shoulder Dress
Thread with TID = 134534794315456 read: Windbreaker
Thread with TID = 134534425216704 read: Ruffle Top
Thread with TID = 134534783829696 read: Flip Flops
Thread with TID = 134534592988864 read: Sweater
Thread with TID = 134534551045824 read: Overalls
Thread with TID = 134534467159744 read: Tights
Thread with TID = 134534572017344 read: Maxi Dress
Thread with TID = 134534456673984 read: Overcoat
Thread with TID = 134534509102784 read: Kimono
Thread with TID = 134534488131264 read: Running Shoes
Thread with TID = 134534530074304 read: Fanny Pack
Thread with TID = 134534498617024 read: Leather Jacket
Thread with TID = 134534477645504 read: Cardigan
Thread with TID = 134534561531584 read: Ballet Flats
Thread with TID = 134534446188224 read: Gloves
Thread with TID = 134534435702464 read: Pajamas
