Process PID: 9004
Thread with TID = 137040515565248 read: Slippers
Thread with TID = 137040494593728 read: Peacoat
Thread with TID = 137040505079488 read: Shorts
Thread with TID = 137040473622208 read: Thermal Shirt
Thread with TID = 137040484107968 read: Blazer
Thread with TID = 137040526051008 read: Skirt
Thread with TID = 137040370861760 read: Infinity Scarf
Thread with TID = 137040339404480 read: Bolero
Thread with TID = 137040391833280 read: Parkas
Thread with TID = 137040328918720 read: Denim Jacket
Thread with TID = 137040318432960 read: Ankle Boots
Thread with TID = 137040307947200 read: Pleated Skirt
Thread with TID = 137040381347520 read: Tracksuit
Thread with TID = 137040360376000 read: Bucket Hat
Thread with TID = 137040349890240 read: Bathrobe
Thread with TID = 137040297461440 read: Suit
Thread with TID = 137040169535168 read: Loafers
Thread with TID = 137040180020928       (read and found): ((Jeans))
Thread with TID = 137040064677568 read: Moccasins
Thread with TID = 137040117106368 read: Down Jacket
Thread with TID = 137040054191808 read: Jacket
Thread with TID = 137040085649088 read: Cape Coat
Thread with TID = 137040043706048 read: WhiteShoes
Thread with TID = 137040033220288 read: Wrap Dress
Thread with TID = 137040159049408 read: Poncho
Thread with TID = 137040075163328 read: Cargo Pants
Thread with TID = 137040148563648 read: Biker Jacket
Thread with TID = 137040190506688 read: Tuxedo
Thread with TID = 137040138077888 read: Caftan
Thread with TID = 137040127592128 read: Wide-Leg Pants
Thread with TID = 137040106620608 read: Rompers
Thread with TID = 137040096134848 read: Baseball Cap
Thread with TID = 137040286975680 read: Hoodie
Thread with TID = 137040022734528 read: Scarf
Thread with TID = 137040012248768 read: Sun Hat
Thread with TID = 137039787853504 read: Swimsuit
Thread with TID = 137040276489920 read: Leggings
Thread with TID = 137040001763008 read: Dress
Thread with TID = 137039777367744 read: Puffer Jacket
Thread with TID = 137039922071232 read: Blouse with Frills
Thread with TID = 137039911585472 read: Chinos
Thread with TID = 137039880128192 read: Hiking Boots
Thread with TID = 137039901099712 read: Jumpsuit
Thread with TID = 137039869642432 read: Socks
Thread with TID = 137039890613952 read: Sandals
Thread with TID = 137039756396224 read: Cropped Jeans
Thread with TID = 137039766881984 read: Tank Top
Thread with TID = 137039745910464 read: Heels
Thread with TID = 137039735424704 read: Bikini
Thread with TID = 137039724938944 read: Hat
Thread with TID = 137039693481664 read: Raincoat
Thread with TID = 137039641052864 read: Flip Flops
Thread with TID = 137039630567104 read: Blouse
Thread with TID = 137039609595584 read: V-Neck Sweater
Thread with TID = 137039662024384 read: Polo Shirt
Thread with TID = 137039714453184 read: Visor
Thread with TID = 137039703967424 read: Shrug
Thread with TID = 137039620081344 read: Sports Bra
Thread with TID = 137039682995904 read: T-shirt
Thread with TID = 137039672510144 read: Cycling Shorts
Thread with TID = 137039536195264 read: Beach Cover-Up
Thread with TID = 137039578138304 read: Formal Shirt
Thread with TID = 137039567652544 read: Maxi Dress
Thread with TID = 137039599109824 read: Sneakers
Thread with TID = 137039546681024 read: Overalls
Thread with TID = 137039588624064 read: Sweater
Thread with TID = 137039494252224 read: Leather Jacket
Thread with TID = 137039557166784 read: Ballet Flats
Thread with TID = 137039525709504 read: Fanny Pack
Thread with TID = 137039504737984 read: Kimono
Thread with TID = 137039515223744 read: Off-Shoulder Dress
Thread with TID = 137039651538624 read: Windbreaker
Thread with TID = 137039473280704 read: Cardigan
Thread with TID = 137039483766464 read: Running Shoes
Thread with TID = 137039441823424 read: Gloves
Thread with TID = 137039462794944 read: Tights
Thread with TID = 137039431337664 read: Pajamas
Thread with TID = 137039452309184 read: Overcoat
Thread with TID = 137039420851904 read: Ruffle Top
