Process PID: 15578
Thread with TID = 138243716679360 read: Skirt
Thread with TID = 138243706193600 read: Slippers
Thread with TID = 138243685222080 read: Peacoat
Thread with TID = 138243586655936 read: Thermal Shirt
Thread with TID = 138243674736320 read: Blazer
Thread with TID = 138243695707840 read: Shorts
Thread with TID = 138243555198656 read: Infinity Scarf
Thread with TID = 138243364357824 read: Ankle Boots
Thread with TID = 138243343386304 read: Suit
Thread with TID = 138243290957504 read: Loafers
Thread with TID = 138243269985984 read: Biker Jacket
Thread with TID = 138243565684416 read: Tracksuit
Thread with TID = 138243259500224 read: Caftan
Thread with TID = 138243544712896 read: Bucket Hat
Thread with TID = 138243534227136 read: Bathrobe
Thread with TID = 138243385329344 read: Bolero
Thread with TID = 138243576170176 read: Parkas
Thread with TID = 138243332900544 read: Hoodie
Thread with TID = 138243228042944 read: Rompers
Thread with TID = 138243301443264       (read and found): ((Jeans))
Thread with TID = 138243207071424 read: Cape Coat
Thread with TID = 138243196585664 read: Cargo Pants
Thread with TID = 138243374843584 read: Denim Jacket
Thread with TID = 138243217557184 read: Baseball Cap
Thread with TID = 138243353872064 read: Pleated Skirt
Thread with TID = 138243238528704 read: Down Jacket
Thread with TID = 138243322414784 read: Leggings
Thread with TID = 138243175614144 read: Jacket
Thread with TID = 138243311929024 read: Tuxedo
Thread with TID = 138243070756544 read: Jumpsuit
Thread with TID = 138243081242304 read: Chinos
Thread with TID = 138243280471744 read: Poncho
Thread with TID = 138243133671104 read: Sun Hat
Thread with TID = 138243249014464 read: Wide-Leg Pants
Thread with TID = 138243112699584 read: Swimsuit
Thread with TID = 138243102213824 read: Puffer Jacket
Thread with TID = 138243091728064 read: Blouse with Frills
Thread with TID = 138243186099904 read: Moccasins
Thread with TID = 138243123185344 read: Dress
Thread with TID = 138242982676160 read: Sandals
Thread with TID = 138243154642624 read: Wrap Dress
Thread with TID = 138242682783424 read: Tank Top
Thread with TID = 138243165128384 read: WhiteShoes
Thread with TID = 138242693269184 read: Socks
Thread with TID = 138242703754944 read: Hiking Boots
Thread with TID = 138242961704640 read: Heels
Thread with TID = 138242672297664 read: Raincoat
Thread with TID = 138242972190400 read: Cropped Jeans
Thread with TID = 138242930247360 read: Visor
Thread with TID = 138243144156864 read: Scarf
Thread with TID = 138242940733120       (read and found): ((Hat))
Thread with TID = 138242951218880 read: Bikini
Thread with TID = 138242714240704 read: Shrug
Thread with TID = 138242661811904       (read and found): ((T-shirt))
Thread with TID = 138242651326144 read: Cycling Shorts
Thread with TID = 138242827486912 read: Flip Flops
Thread with TID = 138242837972672 read: Windbreaker
Thread with TID = 138242806515392 read: Sports Bra
Thread with TID = 138242817001152 read: Blouse
Thread with TID = 138242796029632 read: V-Neck Sweater
Thread with TID = 138242848458432 read: Polo Shirt
Thread with TID = 138242640840384 read: Sneakers
Thread with TID = 138242630354624 read: Sweater
Thread with TID = 138242619868864 read: Formal Shirt
Thread with TID = 138242567440064 read: Fanny Pack
Thread with TID = 138242598897344 read: Ballet Flats
Thread with TID = 138242609383104 read: Maxi Dress
Thread with TID = 138242588411584 read: Overalls
Thread with TID = 138242556954304 read: Off-Shoulder Dress
Thread with TID = 138242546468544 read: Kimono
Thread with TID = 138242577925824 read: Beach Cover-Up
Thread with TID = 138242535982784 read: Leather Jacket
Thread with TID = 138242525497024 read: Running Shoes
Thread with TID = 138242515011264 read: Cardigan
Thread with TID = 138242504525504 read: Tights
Thread with TID = 138242473068224 read: Pajamas
Thread with TID = 138242494039744 read: Overcoat
Thread with TID = 138242483553984 read: Gloves
Thread with TID = 138242462582464 read: Ruffle Top
