Process PID: 6181
Thread with TID = 125075879626432 read: Thermal Shirt
Thread with TID = 125075921569472 read: Slippers
Thread with TID = 125075869140672 read: Parkas
Thread with TID = 125075911083712 read: Shorts
Thread with TID = 125075848169152 read: Infinity Scarf
Thread with TID = 125075753797312 read: Bathrobe
Thread with TID = 125075732825792 read: Denim Jacket
Thread with TID = 125075743311552 read: Bolero
Thread with TID = 125075701368512 read: Suit
Thread with TID = 125075711854272 read: Pleated Skirt
Thread with TID = 125075722340032 read: Ankle Boots
Thread with TID = 125075837683392 read: Bucket Hat
Thread with TID = 125075890112192 read: Blazer
Thread with TID = 125075900597952 read: Peacoat
Thread with TID = 125075932055232 read: Skirt
Thread with TID = 125075858654912 read: Tracksuit
Thread with TID = 125075619579584 read: Hoodie
Thread with TID = 125075609093824 read: Leggings
Thread with TID = 125075598608064 read: Tuxedo
Thread with TID = 125075577636544 read: Loafers
Thread with TID = 125075567150784 read: Poncho
Thread with TID = 125075588122304       (read and found): ((Jeans))
Thread with TID = 125075485361856 read: Biker Jacket
Thread with TID = 125075474876096 read: Caftan
Thread with TID = 125075351144128 read: Cape Coat
Thread with TID = 125075432933056 read: Baseball Cap
Thread with TID = 125075443418816 read: Rompers
Thread with TID = 125075453904576 read: Down Jacket
Thread with TID = 125075340658368 read: Cargo Pants
Thread with TID = 125075464390336 read: Wide-Leg Pants
Thread with TID = 125075185469120 read: Swimsuit
Thread with TID = 125075319686848 read: Jacket
Thread with TID = 125075164497600 read: Blouse with Frills
Thread with TID = 125075309201088 read: WhiteShoes
Thread with TID = 125075206440640 read: Sun Hat
Thread with TID = 125075174983360 read: Puffer Jacket
Thread with TID = 125075195954880 read: Dress
Thread with TID = 125075216926400 read: Scarf
Thread with TID = 125075133040320 read: Sandals
Thread with TID = 125075330172608 read: Moccasins
Thread with TID = 125075143526080 read: Jumpsuit
Thread with TID = 125075154011840 read: Chinos
Thread with TID = 125075122554560 read: Hiking Boots
Thread with TID = 125075298715328 read: Wrap Dress
Thread with TID = 125075091097280 read: Cropped Jeans
Thread with TID = 125075101583040 read: Tank Top
Thread with TID = 125075059640000       (read and found): ((Hat))
Thread with TID = 125075112068800 read: Socks
Thread with TID = 125075080611520 read: Heels
Thread with TID = 125075070125760 read: Bikini
Thread with TID = 125075049154240 read: Visor
Thread with TID = 125075028182720 read: Raincoat
Thread with TID = 125075017696960       (read and found): ((T-shirt))
Thread with TID = 125075038668480 read: Shrug
Thread with TID = 125074986239680 read: Windbreaker
Thread with TID = 125075007211200 read: Cycling Shorts
Thread with TID = 125074965268160 read: Blouse
Thread with TID = 125074912839360 read: Formal Shirt
Thread with TID = 125074944296640 read: V-Neck Sweater
Thread with TID = 125074933810880 read: Sneakers
Thread with TID = 125074954782400 read: Sports Bra
Thread with TID = 125074860410560 read: Fanny Pack
Thread with TID = 125074839439040 read: Kimono
Thread with TID = 125074902353600 read: Maxi Dress
Thread with TID = 125074881382080 read: Overalls
Thread with TID = 125074891867840 read: Ballet Flats
Thread with TID = 125074923325120 read: Sweater
Thread with TID = 125074828953280 read: Leather Jacket
Thread with TID = 125074996725440 read: Polo Shirt
Thread with TID = 125074975753920 read: Flip Flops
Thread with TID = 125074797496000 read: Tights
Thread with TID = 125074818467520 read: Running Shoes
Thread with TID = 125074807981760 read: Cardigan
Thread with TID = 125074849924800 read: Off-Shoulder Dress
Thread with TID = 125074870896320 read: Beach Cover-Up
Thread with TID = 125074776524480 read: Gloves
Thread with TID = 125074787010240 read: Overcoat
Thread with TID = 125074766038720 read: Pajamas
Thread with TID = 125074755552960 read: Ruffle Top
