Process PID: 18032
Thread with TID = 132214394193600 read: Infinity Scarf
Thread with TID = 132214383707840 read: Bucket Hat
Thread with TID = 132214467593920 read: Slippers
Thread with TID = 132214446622400 read: Peacoat
Thread with TID = 132214478079680 read: Skirt
Thread with TID = 132214415165120 read: Parkas
Thread with TID = 132214404679360 read: Tracksuit
Thread with TID = 132214436136640 read: Blazer
Thread with TID = 132214457108160 read: Shorts
Thread with TID = 132214373222080 read: Bathrobe
Thread with TID = 132214362736320 read: Bolero
Thread with TID = 132214425650880 read: Thermal Shirt
Thread with TID = 132214352250560 read: Denim Jacket
Thread with TID = 132214341764800 read: Ankle Boots
Thread with TID = 132214257878720 read: Pleated Skirt
Thread with TID = 132214236907200 read: Hoodie
Thread with TID = 132214056552128 read: Loafers
Thread with TID = 132214035580608 read: Biker Jacket
Thread with TID = 132214046066368 read: Poncho
Thread with TID = 132214226421440 read: Leggings
Thread with TID = 132214215935680 read: Tuxedo
Thread with TID = 132214247392960 read: Suit
Thread with TID = 132214205449920       (read and found): ((Jeans))
Thread with TID = 132214025094848 read: Caftan
Thread with TID = 132214014609088 read: Wide-Leg Pants
Thread with TID = 132214004123328 read: Down Jacket
Thread with TID = 132213855225536 read: Rompers
Thread with TID = 132213823768256 read: Cargo Pants
Thread with TID = 132213834254016 read: Cape Coat
Thread with TID = 132213721007808 read: WhiteShoes
Thread with TID = 132213710522048 read: Wrap Dress
Thread with TID = 132213668579008 read: Swimsuit
Thread with TID = 132213844739776 read: Baseball Cap
Thread with TID = 132213689550528 read: Sun Hat
Thread with TID = 132213700036288 read: Scarf
Thread with TID = 132213813282496 read: Moccasins
Thread with TID = 132213637121728 read: Chinos
Thread with TID = 132213658093248 read: Puffer Jacket
Thread with TID = 132213647607488 read: Blouse with Frills
Thread with TID = 132213802796736 read: Jacket
Thread with TID = 132213679064768 read: Dress
Thread with TID = 132213595178688 read: Socks
Thread with TID = 132213626635968 read: Jumpsuit
Thread with TID = 132213584692928 read: Tank Top
Thread with TID = 132213605664448 read: Hiking Boots
Thread with TID = 132213563721408 read: Heels
Thread with TID = 132213616150208 read: Sandals
Thread with TID = 132213553235648 read: Bikini
Thread with TID = 132213574207168 read: Cropped Jeans
Thread with TID = 132213532264128 read: Visor
Thread with TID = 132213521778368 read: Shrug
Thread with TID = 132213500806848       (read and found): ((T-shirt))
Thread with TID = 132213479835328 read: Polo Shirt
Thread with TID = 132213511292608 read: Raincoat
Thread with TID = 132213542749888       (read and found): ((Hat))
Thread with TID = 132213490321088 read: Cycling Shorts
Thread with TID = 132213448378048 read: Blouse
Thread with TID = 132213469349568 read: Windbreaker
Thread with TID = 132213458863808 read: Flip Flops
Thread with TID = 132213437892288 read: Sports Bra
Thread with TID = 132213416920768 read: Sneakers
Thread with TID = 132213406435008 read: Sweater
Thread with TID = 132213395949248 read: Formal Shirt
Thread with TID = 132213385463488 read: Maxi Dress
Thread with TID = 132213427406528 read: V-Neck Sweater
Thread with TID = 132213374977728 read: Ballet Flats
Thread with TID = 132213343520448 read: Fanny Pack
Thread with TID = 132213312063168 read: Leather Jacket
Thread with TID = 132213301577408 read: Running Shoes
Thread with TID = 132213354006208 read: Beach Cover-Up
Thread with TID = 132213364491968 read: Overalls
Thread with TID = 132213333034688 read: Off-Shoulder Dress
Thread with TID = 132213322548928 read: Kimono
Thread with TID = 132213291091648 read: Cardigan
Thread with TID = 132213280605888 read: Tights
Thread with TID = 132213238662848 read: Ruffle Top
Thread with TID = 132213249148608 read: Pajamas
Thread with TID = 132213270120128 read: Overcoat
Thread with TID = 132213259634368 read: Gloves
