Process PID: 15386
Thread with TID = 131712384239296 read: Fanny Pack
Thread with TID = 131712373753536 read: Kimono
Thread with TID = 131712394725056 read: Cycling Shorts
Thread with TID = 131712405210816 read: Cardigan
Thread with TID = 131712363267776 read: Blazer
Thread with TID = 131711937545920 read: Blouse with Frills
Thread with TID = 131711685887680 read: Overalls
Thread with TID = 131711906088640 read: Running Shoes
Thread with TID = 131711371314880 read: Scarf
Thread with TID = 131711308400320 read: Shorts
Thread with TID = 131711455200960 read: Dress
Thread with TID = 131711486658240 read: V-Neck Sweater
Thread with TID = 131712273090240 read: Puffer Jacket
Thread with TID = 131712050792128 read: Biker Jacket
Thread with TID = 131711864145600 read: Wide-Leg Pants
Thread with TID = 131711769773760 read: Leather Jacket
Thread with TID = 131711643944640 read: Caftan
Thread with TID = 131711874631360 read: Cape Coat
Thread with TID = 131712252118720 read: Windbreaker
Thread with TID = 131712283576000 read: Blouse
Thread with TID = 131712262604480 read: Parkas
Thread with TID = 131711790745280 read: Tank Top
Thread with TID = 131711916574400 read: Flip Flops
Thread with TID = 131711853659840 read: Wrap Dress
Thread with TID = 131712071763648 read: Cropped Jeans
Thread with TID = 131711507629760 read: Sweater
Thread with TID = 131711895602880 read: Overcoat
Thread with TID = 131711539087040 read: Moccasins
Thread with TID = 131712231147200 read: Loafers
Thread with TID = 131712082249408 read: Down Jacket
Thread with TID = 131712061277888 read: Baseball Cap
Thread with TID = 131711948031680 read: Chinos
Thread with TID = 131712040306368 read: Bathrobe
Thread with TID = 131711780259520 read: Sun Hat
Thread with TID = 131711518115520 read: Tuxedo
Thread with TID = 131711497144000 read: Cargo Pants
Thread with TID = 131711413257920 read: Tracksuit
Thread with TID = 131711801231040       (read and found): ((Jeans))
Thread with TID = 131711885117120 read: Thermal Shirt
Thread with TID = 131711654430400 read: Pleated Skirt
Thread with TID = 131711402772160 read: Leggings
Thread with TID = 131711748802240 read: Tights
Thread with TID = 131711696373440 read: Raincoat
Thread with TID = 131711381800640 read: WhiteShoes
Thread with TID = 131711339857600 read: T-shirt
Thread with TID = 131712029820608 read: Maxi Dress
Thread with TID = 131711843174080 read: Sneakers
Thread with TID = 131711811716800 read: Bikini
Thread with TID = 131711832688320 read: Rompers
Thread with TID = 131711822202560 read: Denim Jacket
Thread with TID = 131711738316480 read: Shrug
Thread with TID = 131711759288000 read: Visor
Thread with TID = 131711727830720 read: Bolero
Thread with TID = 131711717344960 read: Slippers
Thread with TID = 131711706859200 read: Ankle Boots
Thread with TID = 131711675401920 read: Beach Cover-Up
Thread with TID = 131711664916160 read: Heels
Thread with TID = 131711633458880 read: Ruffle Top
Thread with TID = 131711602001600 read: Socks
Thread with TID = 131711622973120 read: Skirt
Thread with TID = 131711591515840 read: Hoodie
Thread with TID = 131711570544320 read: Jumpsuit
Thread with TID = 131711581030080 read: Sports Bra
Thread with TID = 131711560058560 read: Ballet Flats
Thread with TID = 131711549572800 read: Jacket
Thread with TID = 131711528601280 read: Pajamas
Thread with TID = 131711360829120 read: Off-Shoulder Dress
Thread with TID = 131711612487360 read: Suit
Thread with TID = 131711423743680 read: Poncho
Thread with TID = 131711444715200 read: Formal Shirt
Thread with TID = 131711465686720 read: Polo Shirt
Thread with TID = 131711434229440 read: Hat
Thread with TID = 131711329371840 read: Sandals
Thread with TID = 131711350343360 read: Infinity Scarf
Thread with TID = 131711392286400 read: Swimsuit
Thread with TID = 131711476172480 read: Peacoat
Thread with TID = 131712241632960 read: Hiking Boots
Thread with TID = 131711927060160 read: Gloves
Thread with TID = 131711318886080 read: Bucket Hat
