Process PID: 136066
Thread with TID = 140737347847872 read: Skirt
Thread with TID = 140737295419072 read: Thermal Shirt
Thread with TID = 140737337362112 read: Slippers
Thread with TID = 140737284933312 read: Parkas
Thread with TID = 140737274447552 read: Tracksuit
Thread with TID = 140737305904832 read: Blazer
Thread with TID = 140737316390592 read: Peacoat
Thread with TID = 140737263961792 read: Infinity Scarf
Thread with TID = 140737253476032 read: Bucket Hat
Thread with TID = 140737326876352 read: Shorts
Thread with TID = 140737242990272 read: Bathrobe
Thread with TID = 140737150715584 read: Denim Jacket
Thread with TID = 140736815171264 read: Wide-Leg Pants
Thread with TID = 140736731285184 read: Wrap Dress
Thread with TID = 140736752256704 read: Moccasins
Thread with TID = 140736907445952 read: Biker Jacket
Thread with TID = 140737119258304 read: Suit
Thread with TID = 140737108772544 read: Hoodie
Thread with TID = 140736762742464 read: Cargo Pants
Thread with TID = 140736773228224 read: Cape Coat
Thread with TID = 140737098286784 read: Leggings
Thread with TID = 140736949388992 read: Tuxedo
Thread with TID = 140736917931712 read: Poncho
Thread with TID = 140736896960192 read: Caftan
Thread with TID = 140736794199744 read: Rompers
Thread with TID = 140736804685504 read: Down Jacket
Thread with TID = 140736741770944 read: WhiteShoes
Thread with TID = 140736720799424 read: Scarf
Thread with TID = 140737232504512 read: Bolero
Thread with TID = 140737140229824 read: Ankle Boots
Thread with TID = 140736783713984 read: Baseball Cap
Thread with TID = 140737129744064 read: Pleated Skirt
Thread with TID = 140736928417472 read: Loafers
Thread with TID = 140736938903232       (read and found): ((Jeans))
Thread with TID = 140736710313664 read: Sun Hat
Thread with TID = 140736613844672 read: Jacket
Thread with TID = 140736582387392 read: Blouse with Frills
Thread with TID = 140736699827904 read: Dress
Thread with TID = 140736469141184 read: Hiking Boots
Thread with TID = 140736458655424 read: Socks
Thread with TID = 140736448169664 read: Tank Top
Thread with TID = 140736479626944 read: Sandals
Thread with TID = 140736603358912 read: Swimsuit
Thread with TID = 140736437683904 read: Cropped Jeans
Thread with TID = 140736561415872 read: Jumpsuit
Thread with TID = 140736571901632 read: Chinos
Thread with TID = 140736592873152 read: Puffer Jacket
Thread with TID = 140736211191488 read: Bikini
Thread with TID = 140736179734208 read: Shrug
Thread with TID = 140736190219968 read: Visor
Thread with TID = 140736158762688 read: T-shirt
Thread with TID = 140736056002240 read: Windbreaker
Thread with TID = 140736045516480 read: Flip Flops
Thread with TID = 140736035030720 read: Blouse
Thread with TID = 140736427198144 read: Heels
Thread with TID = 140736076973760 read: Cycling Shorts
Thread with TID = 140736169248448 read: Raincoat
Thread with TID = 140735875647168 read: V-Neck Sweater
Thread with TID = 140735823218368 read: Ballet Flats
Thread with TID = 140736066488000 read: Polo Shirt
Thread with TID = 140735674320576 read: Overalls
Thread with TID = 140735653349056 read: Fanny Pack
Thread with TID = 140735663834816 read: Beach Cover-Up
Thread with TID = 140736024544960 read: Sports Bra
Thread with TID = 140735854675648 read: Sweater
Thread with TID = 140735865161408 read: Sneakers
Thread with TID = 140736200705728       (read and found): ((Hat))
Thread with TID = 140735621891776 read: Leather Jacket
Thread with TID = 140735833704128 read: Maxi Dress
Thread with TID = 140735452022464 read: Tights
Thread with TID = 140735844189888 read: Formal Shirt
Thread with TID = 140735441536704 read: Overcoat
Thread with TID = 140735420565184 read: Pajamas
Thread with TID = 140735462508224 read: Cardigan
Thread with TID = 140735431050944 read: Gloves
Thread with TID = 140735271667392 read: Ruffle Top
Thread with TID = 140735642863296 read: Off-Shoulder Dress
Thread with TID = 140735632377536 read: Kimono
Thread with TID = 140735472993984 read: Running Shoes
