Process PID: 34112
Thread with TID = 140737201047232 read: Pleated Skirt
Thread with TID = 140737180075712 read: Hoodie
Thread with TID = 140737295419072 read: Thermal Shirt
Thread with TID = 140737347847872 read: Skirt
Thread with TID = 140737169589952 read: Leggings
Thread with TID = 140737337362112 read: Slippers
Thread with TID = 140737253476032 read: Bucket Hat
Thread with TID = 140737148618432 read: Loafers
Thread with TID = 140737016497856 read: Jeans
Thread with TID = 140737263961792 read: Infinity Scarf
Thread with TID = 140737242990272 read: Bathrobe
Thread with TID = 140737232504512 read: Bolero
Thread with TID = 140737222018752 read: Denim Jacket
Thread with TID = 140737138132672 read: Poncho
Thread with TID = 140737190561472 read: Suit
Thread with TID = 140737159104192 read: Tuxedo
Thread with TID = 140737316390592 read: Peacoat
Thread with TID = 140737284933312 read: Parkas
Thread with TID = 140737211532992 read: Ankle Boots
Thread with TID = 140737117161152 read: Caftan
Thread with TID = 140737127646912 read: Biker Jacket
Thread with TID = 140737274447552 read: Tracksuit
Thread with TID = 140737326876352 read: Shorts
Thread with TID = 140737305904832 read: Blazer
Thread with TID = 140737106675392 read: Wide-Leg Pants
Thread with TID = 140736964069056 read: Moccasins
Thread with TID = 140736871794368 read: WhiteShoes
Thread with TID = 140736882280128 read: Jacket
Thread with TID = 140736974554816 read: Cargo Pants
Thread with TID = 140737096189632 read: Down Jacket
Thread with TID = 140736861308608 read: Wrap Dress
Thread with TID = 140737006012096 read: Rompers
Thread with TID = 140736995526336 read: Baseball Cap
Thread with TID = 140736985040576 read: Cape Coat
Thread with TID = 140736850822848 read: Scarf
Thread with TID = 140736840337088 read: Sun Hat
Thread with TID = 140736829851328 read: Dress
Thread with TID = 140736727090880 read: Blouse with Frills
Thread with TID = 140736737576640 read: Puffer Jacket
Thread with TID = 140736716605120 read: Chinos
Thread with TID = 140736748062400 read: Swimsuit
Thread with TID = 140736706119360 read: Jumpsuit
Thread with TID = 140736695633600 read: Sandals
Thread with TID = 140736592873152 read: Tank Top
Thread with TID = 140736571901632 read: Heels
Thread with TID = 140736479626944 read: Hat
Thread with TID = 140736427198144 read: Cycling Shorts
Thread with TID = 140736561415872 read: Bikini
Thread with TID = 140736458655424 read: Shrug
Thread with TID = 140736437683904 read: T-shirt
Thread with TID = 140736613844672 read: Hiking Boots
Thread with TID = 140736603358912 read: Socks
Thread with TID = 140736582387392 read: Cropped Jeans
Thread with TID = 140736469141184 read: Visor
Thread with TID = 140736448169664 read: Raincoat
Thread with TID = 140736324437696 read: Flip Flops
Thread with TID = 140736313951936 read: Blouse
Thread with TID = 140736334923456 read: Windbreaker
Thread with TID = 140736292980416 read: V-Neck Sweater
Thread with TID = 140736303466176 read: Sports Bra
Thread with TID = 140736200705728 read: Sweater
Thread with TID = 140736190219968 read: Formal Shirt
Thread with TID = 140736211191488 read: Sneakers
Thread with TID = 140736345409216 read: Polo Shirt
Thread with TID = 140736158762688 read: Overalls
Thread with TID = 140736076973760 read: Beach Cover-Up
Thread with TID = 140736179734208 read: Maxi Dress
Thread with TID = 140736169248448 read: Ballet Flats
Thread with TID = 140735982601920 read: Gloves
Thread with TID = 140735993087680 read: Overcoat
Thread with TID = 140735972116160 read: Pajamas
Thread with TID = 140735961630400 read: Ruffle Top
Thread with TID = 140736066488000 read: Fanny Pack
Thread with TID = 140736056002240 read: Off-Shoulder Dress
Thread with TID = 140736045516480 read: Kimono
Thread with TID = 140736024544960 read: Running Shoes
Thread with TID = 140736014059200 read: Cardigan
Thread with TID = 140736035030720 read: Leather Jacket
Thread with TID = 140736003573440 read: Tights
