Process PID: 9898
Thread with TID = 140737347847872 read: Skirt
Thread with TID = 140737305904832 read: Blazer
Thread with TID = 140737337362112 read: Slippers
Thread with TID = 140737316390592 read: Peacoat
Thread with TID = 140737326876352 read: Shorts
Thread with TID = 140737217824448 read: Thermal Shirt
Thread with TID = 140737196852928 read: Tracksuit
Thread with TID = 140737207338688 read: Parkas
Thread with TID = 140737175881408 read: Bucket Hat
Thread with TID = 140737186367168 read: Infinity Scarf
Thread with TID = 140737123452608 read: Pleated Skirt
Thread with TID = 140737050052288 read: Poncho
Thread with TID = 140737039566528 read: Biker Jacket
Thread with TID = 140737133938368 read: Ankle Boots
Thread with TID = 140736997623488 read: Rompers
Thread with TID = 140737018595008 read: Wide-Leg Pants
Thread with TID = 140736976651968 read: Cape Coat
Thread with TID = 140737112966848 read: Suit
Thread with TID = 140737102481088 read: Hoodie
Thread with TID = 140737008109248 read: Down Jacket
Thread with TID = 140737091995328 read: Leggings
Thread with TID = 140737071023808       (read and found): ((Jeans))
Thread with TID = 140737081509568 read: Tuxedo
Thread with TID = 140737060538048 read: Loafers
Thread with TID = 140737165395648 read: Bathrobe
Thread with TID = 140737154909888 read: Bolero
Thread with TID = 140736882280128 read: Jacket
Thread with TID = 140736987137728 read: Baseball Cap
Thread with TID = 140736871794368 read: WhiteShoes
Thread with TID = 140736861308608 read: Wrap Dress
Thread with TID = 140736850822848 read: Scarf
Thread with TID = 140736840337088 read: Sun Hat
Thread with TID = 140736829851328 read: Dress
Thread with TID = 140736737576640 read: Swimsuit
Thread with TID = 140736540444352       (read and found): ((Hat))
Thread with TID = 140736727090880 read: Puffer Jacket
Thread with TID = 140736748062400 read: Moccasins
Thread with TID = 140736508987072 read: Raincoat
Thread with TID = 140736716605120 read: Blouse with Frills
Thread with TID = 140736498501312 read: T-shirt
Thread with TID = 140736592873152 read: Socks
Thread with TID = 140736519472832 read: Shrug
Thread with TID = 140736706119360 read: Chinos
Thread with TID = 140736695633600 read: Jumpsuit
Thread with TID = 140736529958592 read: Visor
Thread with TID = 140736550930112 read: Bikini
Thread with TID = 140736561415872 read: Heels
Thread with TID = 140736613844672 read: Sandals
Thread with TID = 140736603358912 read: Hiking Boots
Thread with TID = 140736571901632 read: Cropped Jeans
Thread with TID = 140736345409216 read: Polo Shirt
Thread with TID = 140737144424128 read: Denim Jacket
Thread with TID = 140737029080768 read: Caftan
Thread with TID = 140736582387392 read: Tank Top
Thread with TID = 140736488015552 read: Cycling Shorts
Thread with TID = 140736966166208 read: Cargo Pants
Thread with TID = 140736477529792 read: Windbreaker
Thread with TID = 140736467044032 read: Flip Flops
Thread with TID = 140736334923456 read: Sweater
Thread with TID = 140736425100992 read: Sneakers
Thread with TID = 140736324437696 read: Formal Shirt
Thread with TID = 140736303466176 read: Ballet Flats
Thread with TID = 140736313951936 read: Maxi Dress
Thread with TID = 140736292980416 read: Overalls
Thread with TID = 140736144082624 read: Beach Cover-Up
Thread with TID = 140736456558272 read: Blouse
Thread with TID = 140736446072512 read: Sports Bra
Thread with TID = 140736435586752 read: V-Neck Sweater
Thread with TID = 140736091653824 read: Running Shoes
Thread with TID = 140736133596864 read: Fanny Pack
Thread with TID = 140735957436096 read: Ruffle Top
Thread with TID = 140736112625344 read: Kimono
Thread with TID = 140736123111104 read: Off-Shoulder Dress
Thread with TID = 140735978407616 read: Gloves
Thread with TID = 140736102139584 read: Leather Jacket
Thread with TID = 140736009864896 read: Cardigan
Thread with TID = 140735999379136 read: Tights
Thread with TID = 140735988893376 read: Overcoat
Thread with TID = 140735967921856 read: Pajamas
