Process PID: 26957
Thread with TID = 123280562325184 read: Shorts
Thread with TID = 123280583296704 read: Skirt
Thread with TID = 123280541353664 read: Blazer
Thread with TID = 123280323249856 read: Thermal Shirt
Thread with TID = 123280312764096 read: Parkas
Thread with TID = 123280551839424 read: Peacoat
Thread with TID = 123280189032128 read: Bolero
Thread with TID = 123280281306816 read: Bucket Hat
Thread with TID = 123280178546368 read: Denim Jacket
Thread with TID = 123280157574848 read: Pleated Skirt
Thread with TID = 123280302278336 read: Tracksuit
Thread with TID = 123280168060608 read: Ankle Boots
Thread with TID = 123280291792576 read: Infinity Scarf
Thread with TID = 123280572810944 read: Slippers
Thread with TID = 123280270821056 read: Bathrobe
Thread with TID = 123280436496064       (read and found): ((Jeans))
Thread with TID = 123280405038784 read: Biker Jacket
Thread with TID = 123280415524544 read: Poncho
Thread with TID = 123279977219776 read: Wide-Leg Pants
Thread with TID = 123279956248256 read: Rompers
Thread with TID = 123279903819456 read: Jacket
Thread with TID = 123279945762496 read: Baseball Cap
Thread with TID = 123279914305216 read: Moccasins
Thread with TID = 123279935276736 read: Cape Coat
Thread with TID = 123279987705536 read: Caftan
Thread with TID = 123280136603328 read: Hoodie
Thread with TID = 123280457467584 read: Leggings
Thread with TID = 123280446981824 read: Tuxedo
Thread with TID = 123280426010304 read: Loafers
Thread with TID = 123279966734016 read: Down Jacket
Thread with TID = 123279924790976 read: Cargo Pants
Thread with TID = 123279893333696 read: WhiteShoes
Thread with TID = 123280126117568 read: Wrap Dress
Thread with TID = 123280147089088 read: Suit
Thread with TID = 123279786378944 read: Jumpsuit
Thread with TID = 123280094660288 read: Dress
Thread with TID = 123279765407424 read: Hiking Boots
Thread with TID = 123279872362176 read: Chinos
Thread with TID = 123280115631808 read: Scarf
Thread with TID = 123280084174528 read: Swimsuit
Thread with TID = 123280073688768 read: Puffer Jacket
Thread with TID = 123279775893184 read: Sandals
Thread with TID = 123280105146048 read: Sun Hat
Thread with TID = 123279882847936 read: Blouse with Frills
Thread with TID = 123279744435904 read: Tank Top
Thread with TID = 123279723464384 read: Heels
Thread with TID = 123279692007104 read: Visor
Thread with TID = 123279650064064 read: Cycling Shorts
Thread with TID = 123279681521344 read: Shrug
Thread with TID = 123279608121024 read: Blouse
Thread with TID = 123279597635264 read: Sports Bra
Thread with TID = 123279587149504 read: V-Neck Sweater
Thread with TID = 123279754921664 read: Socks
Thread with TID = 123279712978624 read: Bikini
Thread with TID = 123279671035584 read: Raincoat
Thread with TID = 123279660549824 read: T-shirt
Thread with TID = 123279576663744 read: Sneakers
Thread with TID = 123279639578304 read: Polo Shirt
Thread with TID = 123279555692224 read: Formal Shirt
Thread with TID = 123279440348864 read: Beach Cover-Up
Thread with TID = 123279450834624 read: Overalls
Thread with TID = 123279419377344 read: Off-Shoulder Dress
Thread with TID = 123279429863104 read: Fanny Pack
Thread with TID = 123279545206464 read: Maxi Dress
Thread with TID = 123279534720704 read: Ballet Flats
Thread with TID = 123279408891584 read: Kimono
Thread with TID = 123279316616896 read: Running Shoes
Thread with TID = 123279306131136 read: Cardigan
Thread with TID = 123279566177984 read: Sweater
Thread with TID = 123279629092544 read: Windbreaker
Thread with TID = 123279733950144 read: Cropped Jeans
Thread with TID = 123279398405824 read: Leather Jacket
Thread with TID = 123279618606784 read: Flip Flops
Thread with TID = 123279702492864       (read and found): ((Hat))
Thread with TID = 123279295645376 read: Tights
Thread with TID = 123279285159616 read: Overcoat
Thread with TID = 123279274673856 read: Gloves
Thread with TID = 123279264188096 read: Pajamas
Thread with TID = 123278913963712 read: Ruffle Top
