Process PID: 32236
Thread with TID = 133257597290176 read: Slippers
Thread with TID = 133257586804416 read: Shorts
Thread with TID = 133257607775936 read: Skirt
Thread with TID = 133257576318656 read: Peacoat
Thread with TID = 133257565832896 read: Blazer
Thread with TID = 133257465169600 read: Thermal Shirt
Thread with TID = 133257544861376 read: Tracksuit
Thread with TID = 133257555347136 read: Parkas
Thread with TID = 133257444198080 read: Bucket Hat
Thread with TID = 133257330951872 read: Ankle Boots
Thread with TID = 133257423226560 read: Bolero
Thread with TID = 133257320466112 read: Pleated Skirt
Thread with TID = 133257309980352 read: Suit
Thread with TID = 133257454683840 read: Infinity Scarf
Thread with TID = 133257299494592 read: Hoodie
Thread with TID = 133257412740800 read: Denim Jacket
Thread with TID = 133257289008832 read: Leggings
Thread with TID = 133257433712320 read: Bathrobe
Thread with TID = 133257278523072 read: Tuxedo
Thread with TID = 133257268037312       (read and found): ((Jeans))
Thread with TID = 133257257551552 read: Loafers
Thread with TID = 133257247065792 read: Poncho
Thread with TID = 133257236580032 read: Biker Jacket
Thread with TID = 133257215608512 read: Wide-Leg Pants
Thread with TID = 133257226094272 read: Caftan
Thread with TID = 133257205122752 read: Down Jacket
Thread with TID = 133257184151232 read: Baseball Cap
Thread with TID = 133257173665472 read: Cape Coat
Thread with TID = 133257163179712 read: Cargo Pants
Thread with TID = 133257110750912 read: Scarf
Thread with TID = 133257152693952 read: Moccasins
Thread with TID = 133257100265152 read: Sun Hat
Thread with TID = 133257058322112 read: Blouse with Frills
Thread with TID = 133257089779392 read: Dress
Thread with TID = 133257068807872 read: Puffer Jacket
Thread with TID = 133257047836352 read: Chinos
Thread with TID = 133257131722432 read: WhiteShoes
Thread with TID = 133257121236672 read: Wrap Dress
Thread with TID = 133256903132864 read: Jumpsuit
Thread with TID = 133257142208192 read: Jacket
Thread with TID = 133257026864832 read: Hiking Boots
Thread with TID = 133256928298688 read: Tank Top
Thread with TID = 133257016379072 read: Socks
Thread with TID = 133257037350592 read: Sandals
Thread with TID = 133256882161344 read: Bikini
Thread with TID = 133256917812928 read: Cropped Jeans
Thread with TID = 133256892647104 read: Heels
Thread with TID = 133257079293632 read: Swimsuit
Thread with TID = 133256628405952 read: Raincoat
Thread with TID = 133256555005632 read: Sports Bra
Thread with TID = 133256586462912 read: Windbreaker
Thread with TID = 133256575977152 read: Flip Flops
Thread with TID = 133256492091072 read: Ballet Flats
Thread with TID = 133256471119552 read: Beach Cover-Up
Thread with TID = 133256513062592 read: Formal Shirt
Thread with TID = 133256617920192 read: T-shirt
Thread with TID = 133256659863232 read: Hat
Thread with TID = 133256534034112 read: Sneakers
Thread with TID = 133256429176512 read: Leather Jacket
Thread with TID = 133256596948672 read: Polo Shirt
Thread with TID = 133256523548352 read: Sweater
Thread with TID = 133256502576832 read: Maxi Dress
Thread with TID = 133256638891712 read: Shrug
Thread with TID = 133256439662272 read: Kimono
Thread with TID = 133257194636992 read: Rompers
Thread with TID = 133256607434432 read: Cycling Shorts
Thread with TID = 133256460633792 read: Fanny Pack
Thread with TID = 133256544519872 read: V-Neck Sweater
Thread with TID = 133256649377472 read: Visor
Thread with TID = 133256481605312 read: Overalls
Thread with TID = 133256450148032 read: Off-Shoulder Dress
Thread with TID = 133256783595200 read: Cardigan
Thread with TID = 133256794080960 read: Running Shoes
Thread with TID = 133256773109440 read: Tights
Thread with TID = 133256565491392 read: Blouse
Thread with TID = 133256762623680 read: Overcoat
Thread with TID = 133256752137920 read: Gloves
Thread with TID = 133256418690752 read: Ruffle Top
Thread with TID = 133256741652160 read: Pajamas
