Process PID: 7663
Thread with TID = 140737347847872 read: Skirt
Thread with TID = 140737337362112 read: Slippers
Thread with TID = 140737316390592 read: Peacoat
Thread with TID = 140737207338688 read: Parkas
Thread with TID = 140737217824448 read: Blazer
Thread with TID = 140737305904832 read: Thermal Shirt
Thread with TID = 140737196852928 read: Tracksuit
Thread with TID = 140737165395648 read: Bathrobe
Thread with TID = 140737186367168 read: Infinity Scarf
Thread with TID = 140737175881408 read: Bucket Hat
Thread with TID = 140737073120960 read: Denim Jacket
Thread with TID = 140737083606720 read: Bolero
Thread with TID = 140737062635200 read: Ankle Boots
Thread with TID = 140737052149440 read: Pleated Skirt
Thread with TID = 140736907445952 read: Suit
Thread with TID = 140736949388992 read: Hoodie
Thread with TID = 140736938903232 read: Leggings
Thread with TID = 140737326876352 read: Shorts
Thread with TID = 140737041663680 read: Tuxedo
Thread with TID = 140736917931712 read: Poncho
Thread with TID = 140736896960192 read: Biker Jacket
Thread with TID = 140737031177920       (read and found): ((Jeans))
Thread with TID = 140736886474432 read: Caftan
Thread with TID = 140736928417472 read: Loafers
Thread with TID = 140736865502912 read: Down Jacket
Thread with TID = 140736855017152 read: Rompers
Thread with TID = 140736875988672 read: Wide-Leg Pants
Thread with TID = 140736844531392 read: Baseball Cap
Thread with TID = 140736834045632 read: Cape Coat
Thread with TID = 140736813074112 read: Moccasins
Thread with TID = 140736823559872 read: Cargo Pants
Thread with TID = 140736802588352 read: Jacket
Thread with TID = 140736792102592 read: WhiteShoes
Thread with TID = 140736781616832 read: Wrap Dress
Thread with TID = 140736771131072 read: Scarf
Thread with TID = 140736760645312 read: Sun Hat
Thread with TID = 140736750159552 read: Dress
Thread with TID = 140736718702272 read: Blouse with Frills
Thread with TID = 140736708216512 read: Chinos
Thread with TID = 140736739673792 read: Swimsuit
Thread with TID = 140736729188032 read: Puffer Jacket
Thread with TID = 140736697730752 read: Jumpsuit
Thread with TID = 140736676759232 read: Hiking Boots
Thread with TID = 140736687244992 read: Sandals
Thread with TID = 140736666273472 read: Socks
Thread with TID = 140736655787712 read: Tank Top
Thread with TID = 140736624330432 read: Bikini
Thread with TID = 140736613844672       (read and found): ((Hat))
Thread with TID = 140736592873152 read: Shrug
Thread with TID = 140736603358912 read: Visor
Thread with TID = 140736571901632 read: T-shirt
Thread with TID = 140736645301952 read: Cropped Jeans
Thread with TID = 140736529958592 read: Flip Flops
Thread with TID = 140736634816192 read: Heels
Thread with TID = 140736519472832 read: Blouse
Thread with TID = 140736582387392 read: Raincoat
Thread with TID = 140736508987072 read: Sports Bra
Thread with TID = 140736467044032 read: Formal Shirt
Thread with TID = 140736488015552 read: Sneakers
Thread with TID = 140736561415872 read: Cycling Shorts
Thread with TID = 140736456558272 read: Maxi Dress
Thread with TID = 140736345409216 read: Fanny Pack
Thread with TID = 140736550930112 read: Polo Shirt
Thread with TID = 140736324437696 read: Kimono
Thread with TID = 140736477529792 read: Sweater
Thread with TID = 140736425100992 read: Beach Cover-Up
Thread with TID = 140736435586752 read: Overalls
Thread with TID = 140736498501312 read: V-Neck Sweater
Thread with TID = 140736211191488 read: Leather Jacket
Thread with TID = 140736190219968 read: Cardigan
Thread with TID = 140736200705728 read: Running Shoes
Thread with TID = 140736540444352 read: Windbreaker
Thread with TID = 140736446072512 read: Ballet Flats
Thread with TID = 140736313951936 read: Tights
Thread with TID = 140736303466176 read: Overcoat
Thread with TID = 140736334923456 read: Off-Shoulder Dress
Thread with TID = 140736292980416 read: Gloves
Thread with TID = 140736179734208 read: Pajamas
Thread with TID = 140736169248448 read: Ruffle Top
