Process PID: 30218
Thread with TID = 138794028238528 read: Denim Jacket
Thread with TID = 138794101638848 read: Thermal Shirt
Thread with TID = 138794091153088 read: Parkas
Thread with TID = 138794133096128 read: Shorts
Thread with TID = 138794080667328 read: Tracksuit
Thread with TID = 138794112124608 read: Blazer
Thread with TID = 138794070181568 read: Infinity Scarf
Thread with TID = 138794017752768 read: Ankle Boots
Thread with TID = 138794059695808 read: Bucket Hat
Thread with TID = 138794049210048 read: Bathrobe
Thread with TID = 138794038724288 read: Bolero
Thread with TID = 138794154067648 read: Skirt
Thread with TID = 138794143581888 read: Slippers
Thread with TID = 138794122610368 read: Peacoat
Thread with TID = 138794007267008 read: Pleated Skirt
Thread with TID = 138793996781248 read: Suit
Thread with TID = 138793986295488 read: Hoodie
Thread with TID = 138793975809728 read: Leggings
Thread with TID = 138793879340736       (read and found): ((Jeans))
Thread with TID = 138793837397696 read: Caftan
Thread with TID = 138793965323968 read: Tuxedo
Thread with TID = 138793858369216 read: Poncho
Thread with TID = 138793816426176 read: Down Jacket
Thread with TID = 138793678014144 read: Jacket
Thread with TID = 138793847883456 read: Biker Jacket
Thread with TID = 138793774483136 read: Cargo Pants
Thread with TID = 138793795454656 read: Baseball Cap
Thread with TID = 138793868854976 read: Loafers
Thread with TID = 138793667528384 read: WhiteShoes
Thread with TID = 138793826911936 read: Wide-Leg Pants
Thread with TID = 138793763997376 read: Moccasins
Thread with TID = 138793805940416 read: Rompers
Thread with TID = 138793501853376 read: Swimsuit
Thread with TID = 138793522824896 read: Sun Hat
Thread with TID = 138793512339136 read: Dress
Thread with TID = 138793409578688 read: Blouse with Frills
Thread with TID = 138793399092928 read: Chinos
Thread with TID = 138793367635648 read: Hiking Boots
Thread with TID = 138793388607168 read: Jumpsuit
Thread with TID = 138793357149888 read: Socks
Thread with TID = 138793243903680 read: Bikini
Thread with TID = 138793130657472 read: Raincoat
Thread with TID = 138793491367616 read: Puffer Jacket
Thread with TID = 138793543796416 read: Wrap Dress
Thread with TID = 138793533310656 read: Scarf
Thread with TID = 138793378121408 read: Sandals
Thread with TID = 138793275360960 read: Tank Top
Thread with TID = 138793264875200 read: Cropped Jeans
Thread with TID = 138793254389440 read: Heels
Thread with TID = 138793233417920 read: Hat
Thread with TID = 138793222932160 read: Visor
Thread with TID = 138793141143232 read: Shrug
Thread with TID = 138793120171712 read: T-shirt
Thread with TID = 138793109685952 read: Cycling Shorts
Thread with TID = 138793099200192 read: Polo Shirt
Thread with TID = 138793088714432 read: Windbreaker
Thread with TID = 138793067742912 read: Blouse
Thread with TID = 138793078228672 read: Flip Flops
Thread with TID = 138793057257152 read: Sports Bra
Thread with TID = 138793784968896 read: Cape Coat
Thread with TID = 138793657042624 read: V-Neck Sweater
Thread with TID = 138793646556864 read: Sneakers
Thread with TID = 138793636071104 read: Sweater
Thread with TID = 138793625585344 read: Formal Shirt
Thread with TID = 138793046771392 read: Maxi Dress
Thread with TID = 138793036285632 read: Ballet Flats
Thread with TID = 138793025799872 read: Overalls
Thread with TID = 138793015314112 read: Beach Cover-Up
Thread with TID = 138793004828352 read: Fanny Pack
Thread with TID = 138792994342592 read: Off-Shoulder Dress
Thread with TID = 138792983856832 read: Kimono
Thread with TID = 138792973371072 read: Leather Jacket
Thread with TID = 138792962885312 read: Running Shoes
Thread with TID = 138792952399552 read: Cardigan
Thread with TID = 138792910456512 read: Pajamas
Thread with TID = 138792899970752 read: Ruffle Top
Thread with TID = 138792941913792 read: Tights
Thread with TID = 138792920942272 read: Gloves
Thread with TID = 138792931428032 read: Overcoat
