Process PID: 13546
Thread with TID = 140737316390592 read: Peacoat
Thread with TID = 140737305904832 read: Blazer
Thread with TID = 140737295419072 read: Thermal Shirt
Thread with TID = 140737326876352 read: Shorts
Thread with TID = 140737347847872 read: Skirt
Thread with TID = 140737263961792 read: Infinity Scarf
Thread with TID = 140737253476032 read: Bucket Hat
Thread with TID = 140737337362112 read: Slippers
Thread with TID = 140737284933312 read: Parkas
Thread with TID = 140737232504512 read: Bolero
Thread with TID = 140737140229824 read: Ankle Boots
Thread with TID = 140737016497856 read: Tuxedo
Thread with TID = 140737006012096       (read and found): ((Jeans))
Thread with TID = 140736985040576 read: Poncho
Thread with TID = 140737150715584 read: Denim Jacket
Thread with TID = 140736995526336 read: Loafers
Thread with TID = 140737274447552 read: Tracksuit
Thread with TID = 140737242990272 read: Bathrobe
Thread with TID = 140736974554816 read: Biker Jacket
Thread with TID = 140736964069056 read: Caftan
Thread with TID = 140736882280128 read: Wide-Leg Pants
Thread with TID = 140736871794368 read: Down Jacket
Thread with TID = 140736850822848 read: Baseball Cap
Thread with TID = 140736861308608 read: Rompers
Thread with TID = 140737108772544 read: Hoodie
Thread with TID = 140737119258304 read: Suit
Thread with TID = 140737129744064 read: Pleated Skirt
Thread with TID = 140736840337088 read: Cape Coat
Thread with TID = 140737098286784 read: Leggings
Thread with TID = 140736829851328 read: Cargo Pants
Thread with TID = 140736748062400 read: Moccasins
Thread with TID = 140736737576640 read: Jacket
Thread with TID = 140736727090880 read: WhiteShoes
Thread with TID = 140736716605120 read: Wrap Dress
Thread with TID = 140736706119360 read: Scarf
Thread with TID = 140736695633600 read: Sun Hat
Thread with TID = 140736685147840 read: Dress
Thread with TID = 140736674662080 read: Swimsuit
Thread with TID = 140736664176320 read: Puffer Jacket
Thread with TID = 140736653690560 read: Blouse with Frills
Thread with TID = 140736632719040 read: Jumpsuit
Thread with TID = 140736643204800 read: Chinos
Thread with TID = 140736611747520 read: Hiking Boots
Thread with TID = 140736601261760 read: Socks
Thread with TID = 140736580290240 read: Cropped Jeans
Thread with TID = 140736569804480 read: Heels
Thread with TID = 140736559318720 read: Bikini
Thread with TID = 140736622233280 read: Sandals
Thread with TID = 140736590776000 read: Tank Top
Thread with TID = 140736548832960 read: Hat
Thread with TID = 140736538347200 read: Visor
Thread with TID = 140736454461120 read: Blouse
Thread with TID = 140736527861440 read: Shrug
Thread with TID = 140736475432640 read: Windbreaker
Thread with TID = 140736517375680 read: Raincoat
Thread with TID = 140736464946880 read: Flip Flops
Thread with TID = 140736506889920 read: T-shirt
Thread with TID = 140736496404160 read: Cycling Shorts
Thread with TID = 140736485918400 read: Polo Shirt
Thread with TID = 140736433489600 read: V-Neck Sweater
Thread with TID = 140736443975360 read: Sports Bra
Thread with TID = 140736402032320 read: Formal Shirt
Thread with TID = 140736391546560 read: Maxi Dress
Thread with TID = 140736423003840 read: Sneakers
Thread with TID = 140736412518080 read: Sweater
Thread with TID = 140736360089280 read: Beach Cover-Up
Thread with TID = 140736381060800 read: Ballet Flats
Thread with TID = 140736370575040 read: Overalls
Thread with TID = 140736349603520 read: Fanny Pack
Thread with TID = 140736339117760 read: Off-Shoulder Dress
Thread with TID = 140736318146240 read: Leather Jacket
Thread with TID = 140736307660480 read: Running Shoes
Thread with TID = 140736265717440 read: Gloves
Thread with TID = 140736276203200 read: Overcoat
Thread with TID = 140736286688960 read: Tights
Thread with TID = 140736328632000 read: Kimono
Thread with TID = 140736244745920 read: Ruffle Top
Thread with TID = 140736297174720 read: Cardigan
Thread with TID = 140736255231680 read: Pajamas
