Process PID: 18536
Thread with TID = 124190984242880 read: Shorts
Thread with TID = 124190963271360 read: Blazer
Thread with TID = 124190845830848 read: Infinity Scarf
Thread with TID = 124190824859328 read: Bathrobe
Thread with TID = 124190835345088 read: Bucket Hat
Thread with TID = 124190973757120 read: Peacoat
Thread with TID = 124190814373568 read: Bolero
Thread with TID = 124191005214400 read: Skirt
Thread with TID = 124190994728640 read: Slippers
Thread with TID = 124190722098880 read: Ankle Boots
Thread with TID = 124190803887808 read: Denim Jacket
Thread with TID = 124190856316608 read: Parkas
Thread with TID = 124190942299840 read: Tracksuit
Thread with TID = 124190952785600 read: Thermal Shirt
Thread with TID = 124190701127360 read: Suit
Thread with TID = 124190711613120 read: Pleated Skirt
Thread with TID = 124190690641600 read: Hoodie
Thread with TID = 124190680155840 read: Leggings
Thread with TID = 124190669670080 read: Tuxedo
Thread with TID = 124190510286528 read: Loafers
Thread with TID = 124190499800768 read: Poncho
Thread with TID = 124190447371968 read: Rompers
Thread with TID = 124190478829248 read: Caftan
Thread with TID = 124190468343488 read: Wide-Leg Pants
Thread with TID = 124190489315008 read: Biker Jacket
Thread with TID = 124190520772288       (read and found): ((Jeans))
Thread with TID = 124190457857728 read: Down Jacket
Thread with TID = 124190436886208 read: Baseball Cap
Thread with TID = 124190405428928 read: Moccasins
Thread with TID = 124190373971648 read: Wrap Dress
Thread with TID = 124190426400448 read: Cape Coat
Thread with TID = 124190394943168 read: Jacket
Thread with TID = 124190342514368 read: Dress
Thread with TID = 124190353000128 read: Sun Hat
Thread with TID = 124190415914688 read: Cargo Pants
Thread with TID = 124190363485888 read: Scarf
Thread with TID = 124190332028608 read: Swimsuit
Thread with TID = 124190384457408 read: WhiteShoes
Thread with TID = 124190321542848 read: Puffer Jacket
Thread with TID = 124190311057088 read: Blouse with Frills
Thread with TID = 124190248142528 read: Tank Top
Thread with TID = 124190279599808 read: Sandals
Thread with TID = 124190227171008 read: Heels
Thread with TID = 124190258628288 read: Socks
Thread with TID = 124190237656768 read: Cropped Jeans
Thread with TID = 124190216685248 read: Bikini
Thread with TID = 124190195713728 read: Visor
Thread with TID = 124190300571328 read: Chinos
Thread with TID = 124190290085568 read: Jumpsuit
Thread with TID = 124190269114048 read: Hiking Boots
Thread with TID = 124190206199488 read: Hat
Thread with TID = 124190185227968 read: Shrug
Thread with TID = 124190143284928 read: Polo Shirt
Thread with TID = 124190174742208 read: Raincoat
Thread with TID = 124190153770688 read: Cycling Shorts
Thread with TID = 124190122313408 read: Flip Flops
Thread with TID = 124190090856128 read: V-Neck Sweater
Thread with TID = 124190048913088 read: Maxi Dress
Thread with TID = 124190038427328 read: Ballet Flats
Thread with TID = 124190006970048 read: Fanny Pack
Thread with TID = 124190080370368 read: Sneakers
Thread with TID = 124190101341888 read: Sports Bra
Thread with TID = 124190111827648 read: Blouse
Thread with TID = 124189975512768 read: Leather Jacket
Thread with TID = 124190164256448 read: T-shirt
Thread with TID = 124190132799168 read: Windbreaker
Thread with TID = 124189965027008 read: Running Shoes
Thread with TID = 124190059398848 read: Formal Shirt
Thread with TID = 124189954541248 read: Cardigan
Thread with TID = 124190027941568 read: Overalls
Thread with TID = 124189996484288 read: Off-Shoulder Dress
Thread with TID = 124189985998528 read: Kimono
Thread with TID = 124189933569728 read: Overcoat
Thread with TID = 124189944055488 read: Tights
Thread with TID = 124189849683648 read: Gloves
Thread with TID = 124189828712128 read: Ruffle Top
Thread with TID = 124189839197888 read: Pajamas
Thread with TID = 124190069884608 read: Sweater
Thread with TID = 124190017455808 read: Beach Cover-Up
