Process PID: 133795
Thread with TID = 140737347847872 read: Skirt
Thread with TID = 140737326876352 read: Shorts
Thread with TID = 140737337362112 read: Slippers
Thread with TID = 140737217824448 read: Thermal Shirt
Thread with TID = 140737316390592 read: Peacoat
Thread with TID = 140737196852928 read: Tracksuit
Thread with TID = 140737305904832 read: Blazer
Thread with TID = 140737207338688 read: Parkas
Thread with TID = 140737186367168 read: Infinity Scarf
Thread with TID = 140737073120960 read: Denim Jacket
Thread with TID = 140737175881408 read: Bucket Hat
Thread with TID = 140737165395648 read: Bathrobe
Thread with TID = 140737020692160 read: Leggings
Thread with TID = 140736999720640       (read and found): ((Jeans))
Thread with TID = 140737083606720 read: Bolero
Thread with TID = 140737062635200 read: Ankle Boots
Thread with TID = 140737052149440 read: Pleated Skirt
Thread with TID = 140736989234880 read: Loafers
Thread with TID = 140737010206400 read: Tuxedo
Thread with TID = 140736882280128 read: Caftan
Thread with TID = 140736850822848 read: Rompers
Thread with TID = 140737041663680 read: Suit
Thread with TID = 140736861308608 read: Down Jacket
Thread with TID = 140736840337088 read: Baseball Cap
Thread with TID = 140736670467776 read: Moccasins
Thread with TID = 140736649496256 read: WhiteShoes
Thread with TID = 140736536250048 read: Dress
Thread with TID = 140736525764288 read: Swimsuit
Thread with TID = 140736659982016 read: Jacket
Thread with TID = 140736628524736 read: Scarf
Thread with TID = 140736546735808 read: Sun Hat
Thread with TID = 140736680953536 read: Cargo Pants
Thread with TID = 140737031177920 read: Hoodie
Thread with TID = 140736441878208 read: Tank Top
Thread with TID = 140736169248448 read: Shrug
Thread with TID = 140736978749120 read: Poncho
Thread with TID = 140736200705728 read: Bikini
Thread with TID = 140736211191488 read: Heels
Thread with TID = 140736639010496 read: Wrap Dress
Thread with TID = 140736190219968 read: Hat
Thread with TID = 140736494307008 read: Chinos
Thread with TID = 140736829851328 read: Cape Coat
Thread with TID = 140736968263360 read: Biker Jacket
Thread with TID = 140736871794368 read: Wide-Leg Pants
Thread with TID = 140736473335488 read: Sandals
Thread with TID = 140736076973760 read: T-shirt
Thread with TID = 140736158762688 read: Raincoat
Thread with TID = 140736462849728 read: Hiking Boots
Thread with TID = 140735900812992 read: Formal Shirt
Thread with TID = 140735890327232 read: Maxi Dress
Thread with TID = 140735808538304 read: Ballet Flats
Thread with TID = 140735798052544 read: Overalls
Thread with TID = 140735787566784 read: Beach Cover-Up
Thread with TID = 140735777081024 read: Fanny Pack
Thread with TID = 140735540102848 read: Leather Jacket
Thread with TID = 140735529617088 read: Running Shoes
Thread with TID = 140735508645568 read: Tights
Thread with TID = 140736452363968 read: Socks
Thread with TID = 140735405885120 read: Overcoat
Thread with TID = 140735395399360 read: Ruffle Top
Thread with TID = 140735519131328 read: Cardigan
Thread with TID = 140736179734208 read: Visor
Thread with TID = 140736504792768 read: Blouse with Frills
Thread with TID = 140736483821248 read: Jumpsuit
Thread with TID = 140735487674048 read: Pajamas
Thread with TID = 140736056002240 read: Polo Shirt
Thread with TID = 140736066488000 read: Cycling Shorts
Thread with TID = 140736045516480 read: Windbreaker
Thread with TID = 140736035030720 read: Flip Flops
Thread with TID = 140736024544960 read: Blouse
Thread with TID = 140735932270272 read: V-Neck Sweater
Thread with TID = 140735911298752 read: Sweater
Thread with TID = 140735921784512 read: Sneakers
Thread with TID = 140735498159808 read: Gloves
Thread with TID = 140736515278528 read: Puffer Jacket
Thread with TID = 140735942756032 read: Sports Bra
Thread with TID = 140735766595264 read: Off-Shoulder Dress
Thread with TID = 140736431392448 read: Cropped Jeans
Thread with TID = 140735756109504 read: Kimono
