Process PID: 35211
Thread with TID = 132514100283072 read: Peacoat
Thread with TID = 132514265958080 read: Skirt
Thread with TID = 132514244986560 read: Shorts
Thread with TID = 132514079311552 read: Thermal Shirt
Thread with TID = 132514089797312 read: Blazer
Thread with TID = 132514255472320 read: Slippers
Thread with TID = 132514234500800 read: Parkas
Thread with TID = 132514203043520 read: Bucket Hat
Thread with TID = 132514213529280 read: Infinity Scarf
Thread with TID = 132514224015040 read: Tracksuit
Thread with TID = 132514047854272 read: Pleated Skirt
Thread with TID = 132513888470720 read: Hoodie
Thread with TID = 132513877984960 read: Leggings
Thread with TID = 132514192557760 read: Bathrobe
Thread with TID = 132513857013440       (read and found): ((Jeans))
Thread with TID = 132514182072000 read: Bolero
Thread with TID = 132514068825792 read: Denim Jacket
Thread with TID = 132513898956480 read: Suit
Thread with TID = 132513867499200 read: Tuxedo
Thread with TID = 132514058340032 read: Ankle Boots
Thread with TID = 132513825556160 read: Biker Jacket
Thread with TID = 132513836041920 read: Poncho
Thread with TID = 132513804584640 read: Wide-Leg Pants
Thread with TID = 132513794098880 read: Down Jacket
Thread with TID = 132513815070400 read: Caftan
Thread with TID = 132513762641600 read: Cape Coat
Thread with TID = 132513731184320 read: Jacket
Thread with TID = 132513783613120 read: Rompers
Thread with TID = 132513752155840 read: Cargo Pants
Thread with TID = 132513846527680 read: Loafers
Thread with TID = 132513741670080 read: Moccasins
Thread with TID = 132513773127360 read: Baseball Cap
Thread with TID = 132513720698560 read: WhiteShoes
Thread with TID = 132513615840960 read: Sandals
Thread with TID = 132513584383680 read: Tank Top
Thread with TID = 132513710212800 read: Wrap Dress
Thread with TID = 132513699727040 read: Scarf
Thread with TID = 132513563412160 read: Heels
Thread with TID = 132513552926400 read: Bikini
Thread with TID = 132513678755520 read: Dress
Thread with TID = 132513668269760 read: Swimsuit
Thread with TID = 132513573897920 read: Cropped Jeans
Thread with TID = 132513689241280 read: Sun Hat
Thread with TID = 132513657784000 read: Puffer Jacket
Thread with TID = 132513636812480 read: Chinos
Thread with TID = 132513531954880 read: Visor
Thread with TID = 132513605355200 read: Hiking Boots
Thread with TID = 132513626326720 read: Jumpsuit
Thread with TID = 132513594869440 read: Socks
Thread with TID = 132513542440640 read: Hat
Thread with TID = 132513647298240 read: Blouse with Frills
Thread with TID = 132513521469120 read: Shrug
Thread with TID = 132513510983360 read: Raincoat
Thread with TID = 132513490011840 read: Cycling Shorts
Thread with TID = 132513479526080 read: Polo Shirt
Thread with TID = 132513500497600 read: T-shirt
Thread with TID = 132513448068800 read: Blouse
Thread with TID = 132513469040320 read: Windbreaker
Thread with TID = 132513437583040 read: Sports Bra
Thread with TID = 132513458554560 read: Flip Flops
Thread with TID = 132513427097280 read: V-Neck Sweater
Thread with TID = 132513416611520 read: Sneakers
Thread with TID = 132513395640000 read: Formal Shirt
Thread with TID = 132513406125760 read: Sweater
Thread with TID = 132513374668480 read: Ballet Flats
Thread with TID = 132513364182720 read: Overalls
Thread with TID = 132513353696960 read: Beach Cover-Up
Thread with TID = 132513332725440 read: Off-Shoulder Dress
Thread with TID = 132513385154240 read: Maxi Dress
Thread with TID = 132513311753920 read: Leather Jacket
Thread with TID = 132513343211200 read: Fanny Pack
Thread with TID = 132513301268160 read: Running Shoes
Thread with TID = 132513290782400 read: Cardigan
Thread with TID = 132513280296640 read: Tights
Thread with TID = 132513269810880 read: Overcoat
Thread with TID = 132513322239680 read: Kimono
Thread with TID = 132513259325120 read: Gloves
Thread with TID = 132513248839360 read: Pajamas
Thread with TID = 132513238353600 read: Ruffle Top
