Process PID: 37207
Thread with TID = 133515066738368 read: Skirt
Thread with TID = 133515045766848 read: Shorts
Thread with TID = 133515014309568 read: Thermal Shirt
Thread with TID = 133515056252608 read: Slippers
Thread with TID = 133515035281088 read: Peacoat
Thread with TID = 133515003823808 read: Parkas
Thread with TID = 133514993338048 read: Tracksuit
Thread with TID = 133514982852288 read: Infinity Scarf
Thread with TID = 133514972366528 read: Bucket Hat
Thread with TID = 133514919937728 read: Pleated Skirt
Thread with TID = 133514961880768 read: Bathrobe
Thread with TID = 133514951395008 read: Bolero
Thread with TID = 133514940909248 read: Denim Jacket
Thread with TID = 133514930423488 read: Ankle Boots
Thread with TID = 133514909451968 read: Suit
Thread with TID = 133514898966208 read: Hoodie
Thread with TID = 133514888480448 read: Leggings
Thread with TID = 133514877994688 read: Tuxedo
Thread with TID = 133515024795328 read: Blazer
Thread with TID = 133514867508928       (read and found): ((Jeans))
Thread with TID = 133514760554176 read: Biker Jacket
Thread with TID = 133514708125376 read: Baseball Cap
Thread with TID = 133514527770304 read: Jacket
Thread with TID = 133514857023168 read: Loafers
Thread with TID = 133514559227584 read: Cape Coat
Thread with TID = 133514538256064 read: Moccasins
Thread with TID = 133514729096896 read: Down Jacket
Thread with TID = 133514517284544 read: WhiteShoes
Thread with TID = 133514718611136 read: Rompers
Thread with TID = 133514846537408 read: Poncho
Thread with TID = 133514739582656 read: Wide-Leg Pants
Thread with TID = 133514548741824 read: Cargo Pants
Thread with TID = 133514506798784 read: Wrap Dress
Thread with TID = 133514750068416 read: Caftan
Thread with TID = 133514496313024 read: Scarf
Thread with TID = 133514475341504 read: Dress
Thread with TID = 133514485827264 read: Sun Hat
Thread with TID = 133514464855744 read: Swimsuit
Thread with TID = 133514443884224 read: Blouse with Frills
Thread with TID = 133514433398464 read: Chinos
Thread with TID = 133514412426944 read: Sandals
Thread with TID = 133514359998144 read: Heels
Thread with TID = 133514401941184 read: Hiking Boots
Thread with TID = 133514349512384 read: Bikini
Thread with TID = 133514422912704 read: Jumpsuit
Thread with TID = 133514370483904 read: Cropped Jeans
Thread with TID = 133514454369984 read: Puffer Jacket
Thread with TID = 133514391455424 read: Socks
Thread with TID = 133514380969664 read: Tank Top
Thread with TID = 133514339026624       (read and found): ((Hat))
Thread with TID = 133514318055104 read: Shrug
Thread with TID = 133514307569344 read: Raincoat
Thread with TID = 133514213197504 read: Sneakers
Thread with TID = 133514244654784 read: Blouse
Thread with TID = 133514286597824 read: Cycling Shorts
Thread with TID = 133514265626304 read: Windbreaker
Thread with TID = 133514234169024 read: Sports Bra
Thread with TID = 133514328540864 read: Visor
Thread with TID = 133514276112064 read: Polo Shirt
Thread with TID = 133514297083584       (read and found): ((T-shirt))
Thread with TID = 133514255140544 read: Flip Flops
Thread with TID = 133514223683264 read: V-Neck Sweater
Thread with TID = 133514171254464 read: Ballet Flats
Thread with TID = 133514160768704 read: Overalls
Thread with TID = 133514202711744 read: Sweater
Thread with TID = 133514192225984 read: Formal Shirt
Thread with TID = 133514181740224 read: Maxi Dress
Thread with TID = 133514118825664 read: Kimono
Thread with TID = 133514150282944 read: Beach Cover-Up
Thread with TID = 133514139797184 read: Fanny Pack
Thread with TID = 133514129311424 read: Off-Shoulder Dress
Thread with TID = 133514087368384 read: Cardigan
Thread with TID = 133514108339904 read: Leather Jacket
Thread with TID = 133514055911104       (read and found): ((Gloves))
Thread with TID = 133514076882624 read: Tights
Thread with TID = 133514045425344 read: Pajamas
Thread with TID = 133514066396864 read: Overcoat
Thread with TID = 133514034939584 read: Ruffle Top
Thread with TID = 133514097854144 read: Running Shoes
