Process PID: 8690
Thread with TID = 124077601720000 read: Peacoat
Thread with TID = 124077509445312 read: Blazer
Thread with TID = 124077498959552 read: Thermal Shirt
Thread with TID = 124077612205760 read: Shorts
Thread with TID = 124077622691520 read: Slippers
Thread with TID = 124077591234240 read: Tracksuit
Thread with TID = 124077488473792 read: Parkas
Thread with TID = 124077477988032 read: Infinity Scarf
Thread with TID = 124077457016512 read: Bathrobe
Thread with TID = 124077375227584 read: Bolero
Thread with TID = 124077343770304 read: Pleated Skirt
Thread with TID = 124077322798784 read: Hoodie
Thread with TID = 124077333284544 read: Suit
Thread with TID = 124077001934528 read: Baseball Cap
Thread with TID = 124077096306368 read: Tuxedo
Thread with TID = 124077106792128 read: Leggings
Thread with TID = 124077085820608       (read and found): ((Jeans))
Thread with TID = 124077064849088 read: Poncho
Thread with TID = 124077467502272 read: Bucket Hat
Thread with TID = 124077364741824 read: Denim Jacket
Thread with TID = 124077354256064 read: Ankle Boots
Thread with TID = 124077054363328 read: Biker Jacket
Thread with TID = 124077075334848 read: Loafers
Thread with TID = 124077043877568 read: Caftan
Thread with TID = 124077033391808 read: Wide-Leg Pants
Thread with TID = 124077022906048 read: Down Jacket
Thread with TID = 124077012420288 read: Rompers
Thread with TID = 124077633177280 read: Skirt
Thread with TID = 124077220038336 read: Moccasins
Thread with TID = 124077230524096 read: Cargo Pants
Thread with TID = 124077199066816 read: WhiteShoes
Thread with TID = 124077209552576 read: Jacket
Thread with TID = 124076980963008 read: Sun Hat
Thread with TID = 124076970477248 read: Dress
Thread with TID = 124077188581056 read: Wrap Dress
Thread with TID = 124076959991488 read: Swimsuit
Thread with TID = 124076949505728 read: Puffer Jacket
Thread with TID = 124076939019968 read: Blouse with Frills
Thread with TID = 124076991448768 read: Scarf
Thread with TID = 124077241009856 read: Cape Coat
Thread with TID = 124076928534208 read: Chinos
Thread with TID = 124076918048448 read: Jumpsuit
Thread with TID = 124076886591168 read: Socks
Thread with TID = 124076907562688 read: Sandals
Thread with TID = 124076865619648 read: Cropped Jeans
Thread with TID = 124076876105408 read: Tank Top
Thread with TID = 124076855133888 read: Heels
Thread with TID = 124076897076928 read: Hiking Boots
Thread with TID = 124076844648128 read: Bikini
Thread with TID = 124076834162368       (read and found): ((Hat))
Thread with TID = 124076823676608 read: Visor
Thread with TID = 124076813190848 read: Shrug
Thread with TID = 124076802705088 read: Raincoat
Thread with TID = 124076792219328       (read and found): ((T-shirt))
Thread with TID = 124076729304768 read: Sports Bra
Thread with TID = 124076708333248 read: Sneakers
Thread with TID = 124076697847488 read: Sweater
Thread with TID = 124076781733568 read: Cycling Shorts
Thread with TID = 124076760762048 read: Windbreaker
Thread with TID = 124076739790528 read: Blouse
Thread with TID = 124076771247808 read: Polo Shirt
Thread with TID = 124076750276288 read: Flip Flops
Thread with TID = 124076687361728 read: Formal Shirt
Thread with TID = 124076718819008 read: V-Neck Sweater
Thread with TID = 124076676875968 read: Maxi Dress
Thread with TID = 124076613961408 read: Kimono
Thread with TID = 124076603475648 read: Leather Jacket
Thread with TID = 124076592989888 read: Running Shoes
Thread with TID = 124076666390208 read: Ballet Flats
Thread with TID = 124076582504128 read: Cardigan
Thread with TID = 124076655904448 read: Overalls
Thread with TID = 124076572018368 read: Tights
Thread with TID = 124076561532608 read: Overcoat
Thread with TID = 124076645418688 read: Beach Cover-Up
Thread with TID = 124076624447168 read: Off-Shoulder Dress
Thread with TID = 124076634932928 read: Fanny Pack
Thread with TID = 124076551046848 read: Pajamas
Thread with TID = 124076540561088 read: Ruffle Top
Thread with TID = 124076435703488 read: Gloves
