Process PID: 4342
Thread with TID = 138817564575424 read: Mechanical Keyboard
Thread with TID = 138817333888704 read: LED Strip Lights
Thread with TID = 138817942062784 read: Wireless Microphone
Thread with TID = 138817302431424 read: Smart Plug
Thread with TID = 138817323402944 read: Home Security Camera
Thread with TID = 138817575061184 read: Smart Showerhead
Thread with TID = 138817396803264 read: Action Camera
Thread with TID = 138817386317504 read: Noise-Canceling Headphones
Thread with TID = 138817480689344 read: Dash Cam
Thread with TID = 138817459717824 read: Wireless Charger
Thread with TID = 138817512146624 read: Mini Fridge
Thread with TID = 138817312917184 read: Soundbar
Thread with TID = 138817554089664 read: Electric Kettle
Thread with TID = 138817963034304 read: Bluetooth Keyboard
Thread with TID = 138817291945664 read: Mini Drone
Thread with TID = 138817543603904 read: Galaxy S23
Thread with TID = 138817533118144 read: Smart Thermostat
Thread with TID = 138817281459904 read: Smart Home Hub
Thread with TID = 138817522632384 read: Portable Projector
Thread with TID = 138817501660864 read: iPhone11
Thread with TID = 138817491175104 read: Digital Alarm Clock
Thread with TID = 138817470203584 read: VR Headset
Thread with TID = 138817449232064 read: Smartwatch
Thread with TID = 138817438746304 read: Electric Standing Desk
Thread with TID = 138817428260544 read: Smart Backpack
Thread with TID = 138817952548544 read: External Hard Drive
Thread with TID = 138817417774784 read: HD Webcam
Thread with TID = 138817407289024 read: iPhone14
Thread with TID = 138817375831744 read: Streaming Stick
Thread with TID = 138817365345984 read: AirPods
Thread with TID = 138817354860224 read: TV
Thread with TID = 138817344374464 read: Laser Projector
Thread with TID = 138817910605504 read: Electric Scooter
Thread with TID = 138817889633984 read: E-Reader
Thread with TID = 138817795262144 read: Gaming Chair
Thread with TID = 138817690404544 read: Digital Frame
Thread with TID = 138817700890304 read: USB Hub
Thread with TID = 138817679918784 read: Wireless Mouse
Thread with TID = 138817847690944 read: Fitness Tracker
Thread with TID = 138817763804864 read: Smart Doorbell
Thread with TID = 138817816233664 read: Gaming Router
Thread with TID = 138817858176704 read: Bluetooth Speaker
Thread with TID = 138817826719424 read: Laptop
Thread with TID = 138817784776384 read: Headphones
Thread with TID = 138817837205184 read: Camera
Thread with TID = 138817900119744 read: Drone
Thread with TID = 138817921091264 read: Wi-Fi Extender
Thread with TID = 138817774290624 read: Electric Bike
Thread with TID = 138817742833344 read: Tablet
Thread with TID = 138817753319104 read: Echo Dot
Thread with TID = 138817868662464 read: Surface Pro
Thread with TID = 138817879148224 read: Streaming Webcam
Thread with TID = 138817721861824 read: Gaming Mouse
Thread with TID = 138817711376064 read: Smart Glasses
Thread with TID = 138817732347584 read: MacBook Air
Thread with TID = 138817805747904 read: Robot Vacuum
Thread with TID = 138817585546944 read: Airpod3
Thread with TID = 138817931577024 read: Smartphone
Thread with TID = 138817658947264 read: Smart Light Bulb
Thread with TID = 138817627489984 read: Smart Water Bottle
Thread with TID = 138817648461504 read: Portable Charger
Thread with TID = 138817606518464 read: 3D Printer
Thread with TID = 138817637975744 read: Speaker
Thread with TID = 138817669433024 read: Digital Tape Measure
Thread with TID = 138817596032704 read: Tablet Stand
Thread with TID = 138817617004224 read: GoPro
Thread with TID = 138817166116544 read: Gaming Monitor
Thread with TID = 138817145145024 read: Portable Bluetooth Adapter
Thread with TID = 138817124173504 read: Gaming Console
Thread with TID = 138817250002624 read: Kindle Paperwhite
Thread with TID = 138817134659264 read: Power Bank
Thread with TID = 138817155630784 read: Studio Monitor
Thread with TID = 138817260488384 read: iPhone13
Thread with TID = 138817270974144 read: Electric Blanket
Thread with TID = 138817113687744 read: Solar Charger
Thread with TID = 138817973520064 read: MacBook Pro
Thread with TID = 138817984005824 read: Wireless Earbuds
Thread with TID = 138817994491584 read: 4K Monitor
