Process PID: 12840
Thread with TID = 126657664911040 read: Laptop
Thread with TID = 126657633453760 read: Gaming Chair
Thread with TID = 126657622968000 read: Headphones
Thread with TID = 126657612482240 read: Electric Bike
Thread with TID = 126657581024960 read: Tablet
Thread with TID = 126657601996480 read: Smart Doorbell
Thread with TID = 126657570539200 read: MacBook Air
Thread with TID = 126657591510720 read: Echo Dot
Thread with TID = 126657560053440 read: Gaming Mouse
Thread with TID = 126657423738560 read: Airpod3
Thread with TID = 126657549567680 read: Smart Glasses
Thread with TID = 126657434224320 read: Tablet Stand
Thread with TID = 126657444710080 read: 3D Printer
Thread with TID = 126656811370176 read: Solar Charger
Thread with TID = 126657455195840 read: GoPro
Thread with TID = 126657297909440 read: Wireless Charger
Thread with TID = 126657308395200 read: VR Headset
Thread with TID = 126657539081920 read: USB Hub
Thread with TID = 126657287423680 read: Smartwatch
Thread with TID = 126657528596160 read: Digital Frame
Thread with TID = 126657413252800 read: Smart Showerhead
Thread with TID = 126657371309760 read: Smart Thermostat
Thread with TID = 126657402767040 read: Mechanical Keyboard
Thread with TID = 126657339852480 read: iPhone11
Thread with TID = 126657360824000 read: Portable Projector
Thread with TID = 126657329366720 read: Digital Alarm Clock
Thread with TID = 126657381795520 read: Galaxy S23
Thread with TID = 126657318880960 read: Dash Cam
Thread with TID = 126657518110400 read: Wireless Mouse
Thread with TID = 126657350338240 read: Mini Fridge
Thread with TID = 126657654425280 read: Gaming Router
Thread with TID = 126657507624640 read: Digital Tape Measure
Thread with TID = 126657643939520 read: Robot Vacuum
Thread with TID = 126657685882560 read: Fitness Tracker
Thread with TID = 126657675396800 read: Camera
Thread with TID = 126657696368320 read: Bluetooth Speaker
Thread with TID = 126657811711680 read: MacBook Pro
Thread with TID = 126657801225920 read: Bluetooth Keyboard
Thread with TID = 126657790740160 read: External Hard Drive
Thread with TID = 126657832683200 read: 4K Monitor
Thread with TID = 126657780254400 read: Wireless Microphone
Thread with TID = 126657769768640 read: Smartphone
Thread with TID = 126657717339840 read: Streaming Webcam
Thread with TID = 126657748797120 read: Electric Scooter
Thread with TID = 126657706854080 read: Surface Pro
Thread with TID = 126657759282880 read: Wi-Fi Extender
Thread with TID = 126657392281280 read: Electric Kettle
Thread with TID = 126657727825600 read: E-Reader
Thread with TID = 126657822197440 read: Wireless Earbuds
Thread with TID = 126657738311360 read: Drone
Thread with TID = 126657486653120 read: Portable Charger
Thread with TID = 126657276937920 read: Electric Standing Desk
Thread with TID = 126657255966400 read: HD Webcam
Thread with TID = 126657142720192 read: Streaming Stick
Thread with TID = 126657029473984 read: LED Strip Lights
Thread with TID = 126657008502464 read: Soundbar
Thread with TID = 126656832341696 read: Power Bank
Thread with TID = 126657476167360 read: Speaker
Thread with TID = 126657132234432 read: AirPods
Thread with TID = 126656905742016 read: Smart Home Hub
Thread with TID = 126656884770496 read: iPhone13
Thread with TID = 126656874284736 read: Kindle Paperwhite
Thread with TID = 126656987530944 read: Mini Drone
Thread with TID = 126656821855936 read: Gaming Console
Thread with TID = 126657174177472 read: iPhone14
Thread with TID = 126656998016704 read: Smart Plug
Thread with TID = 126657497138880 read: Smart Light Bulb
Thread with TID = 126657163691712 read: Action Camera
Thread with TID = 126656895256256 read: Electric Blanket
Thread with TID = 126657266452160 read: Smart Backpack
Thread with TID = 126657039959744 read: Laser Projector
Thread with TID = 126656842827456 read: Portable Bluetooth Adapter
Thread with TID = 126656853313216 read: Studio Monitor
Thread with TID = 126657018988224 read: Home Security Camera
Thread with TID = 126656863798976 read: Gaming Monitor
Thread with TID = 126657153205952 read: Noise-Canceling Headphones
Thread with TID = 126657121748672 read: TV
Thread with TID = 126657465681600 read: Smart Water Bottle
