Process PID: 8974
Thread with TID = 137040484107968 read: Gaming Router
Thread with TID = 137040431679168 read: Electric Kettle
Thread with TID = 137040494593728 read: Dash Cam
Thread with TID = 137040515565248 read: Mini Drone
Thread with TID = 137040526051008 read: Action Camera
Thread with TID = 137040505079488 read: Speaker
Thread with TID = 137040421193408 read: Portable Bluetooth Adapter
Thread with TID = 137040324724416 read: Bluetooth Keyboard
Thread with TID = 137040442164928 read: Electric Scooter
Thread with TID = 137040169535168 read: Soundbar
Thread with TID = 137040463136448 read: Smart Thermostat
Thread with TID = 137040473622208 read: Mini Fridge
Thread with TID = 137040452650688 read: E-Reader
Thread with TID = 137040303752896 read: Digital Frame
Thread with TID = 137040410707648 read: iPhone14
Thread with TID = 137040314238656 read: Mechanical Keyboard
Thread with TID = 137040293267136 read: Home Security Camera
Thread with TID = 137040282781376 read: Digital Tape Measure
Thread with TID = 137040272295616 read: TV
Thread with TID = 137040190506688 read: MacBook Air
Thread with TID = 137040180020928 read: Electric Blanket
Thread with TID = 137040127592128 read: LED Strip Lights
Thread with TID = 137040159049408 read: Portable Projector
Thread with TID = 137040117106368 read: Bluetooth Speaker
Thread with TID = 137040138077888 read: iPhone13
Thread with TID = 137040064677568 read: 3D Printer
Thread with TID = 137040148563648 read: Tablet
Thread with TID = 137040085649088 read: Digital Alarm Clock
Thread with TID = 137040075163328 read: Electric Standing Desk
Thread with TID = 137040106620608 read: Headphones
Thread with TID = 137040054191808 read: Streaming Webcam
Thread with TID = 137040043706048 read: Smart Backpack
Thread with TID = 137039899002560 read: Gaming Chair
Thread with TID = 137040096134848 read: AirPods
Thread with TID = 137040033220288 read: USB Hub
Thread with TID = 137040022734528 read: Robot Vacuum
Thread with TID = 137039922071232 read: Wireless Mouse
Thread with TID = 137040012248768 read: Portable Charger
Thread with TID = 137040001763008 read: Laser Projector
Thread with TID = 137039745910464 read: GoPro
Thread with TID = 137039787853504 read: MacBook Pro
Thread with TID = 137039777367744 read: Streaming Stick
Thread with TID = 137039888516800 read: Camera
Thread with TID = 137039756396224 read: Power Bank
Thread with TID = 137039735424704 read: Wireless Earbuds
Thread with TID = 137039867545280 read: Electric Bike
Thread with TID = 137039911585472 read: Smartwatch
Thread with TID = 137039878031040 read: Solar Charger
Thread with TID = 137039766881984 read: VR Headset
Thread with TID = 137039682995904 read: Smart Glasses
Thread with TID = 137039641052864 read: Drone
Thread with TID = 137039662024384 read: 4K Monitor
Thread with TID = 137039630567104 read: Kindle Paperwhite
Thread with TID = 137039620081344 read: Fitness Tracker
Thread with TID = 137039724938944 read: Studio Monitor
Thread with TID = 137039703967424 read: Wi-Fi Extender
Thread with TID = 137039693481664 read: Echo Dot
Thread with TID = 137039651538624 read: Smart Showerhead
Thread with TID = 137039714453184 read: Gaming Monitor
Thread with TID = 137039609595584 read: iPhone11
Thread with TID = 137039672510144 read: Wireless Charger
Thread with TID = 137039599109824 read: Airpod3
Thread with TID = 137039536195264 read: Galaxy S23
Thread with TID = 137039525709504 read: HD Webcam
Thread with TID = 137039578138304 read: Smartphone
Thread with TID = 137039567652544 read: Smart Light Bulb
Thread with TID = 137039546681024 read: Smart Home Hub
Thread with TID = 137039504737984 read: Laptop
Thread with TID = 137039588624064 read: Gaming Mouse
Thread with TID = 137039494252224 read: Surface Pro
Thread with TID = 137039441823424 read: Smart Plug
Thread with TID = 137039462794944 read: Gaming Console
Thread with TID = 137039515223744 read: Smart Doorbell
Thread with TID = 137039431337664 read: Tablet Stand
Thread with TID = 137039557166784 read: Wireless Microphone
Thread with TID = 137039483766464 read: Smart Water Bottle
Thread with TID = 137039473280704 read: Noise-Canceling Headphones
Thread with TID = 137039452309184 read: External Hard Drive
