Process PID: 13390
Thread with TID = 134536365082304 read: Mini Drone
Thread with TID = 134536354596544 read: Speaker
Thread with TID = 134536375568064 read: Action Camera
Thread with TID = 134536312653504 read: E-Reader
Thread with TID = 134536224573120 read: Dash Cam
Thread with TID = 134536214087360 read: Electric Scooter
Thread with TID = 134536323139264 read: Smart Thermostat
Thread with TID = 134536344110784 read: Gaming Router
Thread with TID = 134536203601600 read: Electric Kettle
Thread with TID = 134536193115840 read: Portable Bluetooth Adapter
Thread with TID = 134535956137664 read: Mechanical Keyboard
Thread with TID = 134535893223104 read: MacBook Air
Thread with TID = 134535935166144 read: Digital Frame
Thread with TID = 134535924680384 read: Home Security Camera
Thread with TID = 134536182630080 read: iPhone14
Thread with TID = 134535851280064 read: iPhone13
Thread with TID = 134536172144320 read: Bluetooth Keyboard
Thread with TID = 134535819822784 read: Headphones
Thread with TID = 134535945651904 read: Soundbar
Thread with TID = 134535777879744 read: 3D Printer
Thread with TID = 134535914194624 read: Digital Tape Measure
Thread with TID = 134535903708864 read: TV
Thread with TID = 134535882737344 read: Electric Blanket
Thread with TID = 134535809337024 read: AirPods
Thread with TID = 134535872251584 read: Portable Projector
Thread with TID = 134535830308544 read: Bluetooth Speaker
Thread with TID = 134535788365504 read: Electric Standing Desk
Thread with TID = 134535746422464 read: Gaming Chair
Thread with TID = 134535756908224 read: Smart Backpack
Thread with TID = 134535767393984 read: Streaming Webcam
Thread with TID = 134535861765824 read: Tablet
Thread with TID = 134535840794304 read: LED Strip Lights
Thread with TID = 134535798851264 read: Digital Alarm Clock
Thread with TID = 134536333625024 read: Mini Fridge
Thread with TID = 134536048412352 read: Wireless Mouse
Thread with TID = 134536079869632 read: Robot Vacuum
Thread with TID = 134535714965184 read: Electric Bike
Thread with TID = 134535725450944 read: Solar Charger
Thread with TID = 134536090355392 read: USB Hub
Thread with TID = 134535704479424 read: MacBook Pro
Thread with TID = 134536069383872 read: Portable Charger
Thread with TID = 134535735936704 read: Camera
Thread with TID = 134535620593344 read: Streaming Stick
Thread with TID = 134536058898112 read: Laser Projector
Thread with TID = 134536037926592 read: Smartwatch
Thread with TID = 134535568164544 read: Studio Monitor
Thread with TID = 134535610107584 read: VR Headset
Thread with TID = 134535536707264 read: Echo Dot
Thread with TID = 134535599621824 read: Power Bank
Thread with TID = 134535515735744 read: Wireless Charger
Thread with TID = 134535526221504 read: Smart Glasses
Thread with TID = 134535557678784 read: Gaming Monitor
Thread with TID = 134535547193024 read: Wi-Fi Extender
Thread with TID = 134535589136064 read: GoPro
Thread with TID = 134535578650304 read: Wireless Earbuds
Thread with TID = 134535505249984 read: 4K Monitor
Thread with TID = 134535494764224 read: Smart Showerhead
Thread with TID = 134535484278464 read: Drone
Thread with TID = 134535452821184 read: iPhone11
Thread with TID = 134535431849664 read: Gaming Mouse
Thread with TID = 134535326992064 read: Smart Water Bottle
Thread with TID = 134535368935104 read: HD Webcam
Thread with TID = 134535337477824 read: Surface Pro
Thread with TID = 134535316506304 read: Noise-Canceling Headphones
Thread with TID = 134535347963584 read: Laptop
Thread with TID = 134535306020544 read: Gaming Console
Thread with TID = 134535285049024 read: Smart Plug
Thread with TID = 134535473792704 read: Kindle Paperwhite
Thread with TID = 134535463306944 read: Fitness Tracker
Thread with TID = 134535442335424 read: Airpod3
Thread with TID = 134535421363904 read: Smartphone
Thread with TID = 134535400392384 read: Wireless Microphone
Thread with TID = 134535410878144 read: Smart Light Bulb
Thread with TID = 134535389906624 read: Smart Home Hub
Thread with TID = 134535379420864 read: Galaxy S23
Thread with TID = 134535358449344 read: Smart Doorbell
Thread with TID = 134535295534784 read: External Hard Drive
Thread with TID = 134535274563264 read: Tablet Stand
