Process PID: 15565
Thread with TID = 138243716679360 read: Action Camera
Thread with TID = 138243695707840 read: Speaker
Thread with TID = 138243653764800 read: Smart Thermostat
Thread with TID = 138243643279040 read: E-Reader
Thread with TID = 138243685222080 read: Dash Cam
Thread with TID = 138243674736320 read: Gaming Router
Thread with TID = 138243622307520 read: Electric Kettle
Thread with TID = 138243664250560 read: Mini Fridge
Thread with TID = 138243509061312 read: Mechanical Keyboard
Thread with TID = 138243519547072 read: Bluetooth Keyboard
Thread with TID = 138243632793280 read: Electric Scooter
Thread with TID = 138243611821760 read: Portable Bluetooth Adapter
Thread with TID = 138243498575552 read: Soundbar
Thread with TID = 138243601336000 read: iPhone14
Thread with TID = 138243706193600 read: Mini Drone
Thread with TID = 138243488089792 read: Digital Frame
Thread with TID = 138243364357824 read: Electric Blanket
Thread with TID = 138243343386304 read: Tablet
Thread with TID = 138243467118272 read: Digital Tape Measure
Thread with TID = 138243385329344 read: TV
Thread with TID = 138243332900544 read: iPhone13
Thread with TID = 138243374843584 read: MacBook Air
Thread with TID = 138243240625856 read: Bluetooth Speaker
Thread with TID = 138243353872064 read: Portable Projector
Thread with TID = 138243230140096 read: Headphones
Thread with TID = 138243219654336 read: AirPods
Thread with TID = 138243209168576 read: Digital Alarm Clock
Thread with TID = 138243251111616 read: LED Strip Lights
Thread with TID = 138243198682816 read: Electric Standing Desk
Thread with TID = 138243116893888 read: 3D Printer
Thread with TID = 138243106408128 read: Streaming Webcam
Thread with TID = 138243074950848 read: USB Hub
Thread with TID = 138243085436608 read: Gaming Chair
Thread with TID = 138243053979328 read: Portable Charger
Thread with TID = 138243064465088 read: Robot Vacuum
Thread with TID = 138243043493568 read: Laser Projector
Thread with TID = 138243095922368 read: Smart Backpack
Thread with TID = 138243477604032 read: Home Security Camera
Thread with TID = 138243033007808 read: Wireless Mouse
Thread with TID = 138242991064768 read: Electric Bike
Thread with TID = 138243022522048 read: Smartwatch
Thread with TID = 138242980579008 read: MacBook Pro
Thread with TID = 138243012036288 read: Camera
Thread with TID = 138242970093248 read: Streaming Stick
Thread with TID = 138242959607488 read: VR Headset
Thread with TID = 138243001550528 read: Solar Charger
Thread with TID = 138242917664448 read: Studio Monitor
Thread with TID = 138242938635968 read: GoPro
Thread with TID = 138242928150208 read: Wireless Earbuds
Thread with TID = 138242865235648 read: Wireless Charger
Thread with TID = 138242949121728 read: Power Bank
Thread with TID = 138242907178688 read: Gaming Monitor
Thread with TID = 138242844264128 read: Smart Showerhead
Thread with TID = 138242760378048 read: Smart Light Bulb
Thread with TID = 138242749892288 read: Wireless Microphone
Thread with TID = 138242739406528 read: Smart Home Hub
Thread with TID = 138242833778368 read: Drone
Thread with TID = 138242812806848 read: Fitness Tracker
Thread with TID = 138242802321088 read: iPhone11
Thread with TID = 138242896692928 read: Wi-Fi Extender
Thread with TID = 138242770863808 read: Smartphone
Thread with TID = 138242875721408 read: Smart Glasses
Thread with TID = 138242781349568 read: Gaming Mouse
Thread with TID = 138242728920768 read: Galaxy S23
Thread with TID = 138242886207168 read: Echo Dot
Thread with TID = 138242854749888 read: 4K Monitor
Thread with TID = 138242823292608 read: Kindle Paperwhite
Thread with TID = 138242791835328 read: Airpod3
Thread with TID = 138242718435008 read: HD Webcam
Thread with TID = 138242666006208 read: Noise-Canceling Headphones
Thread with TID = 138242634548928 read: Smart Plug
Thread with TID = 138242707949248 read: Smart Doorbell
Thread with TID = 138242686977728 read: Surface Pro
Thread with TID = 138242676491968 read: Smart Water Bottle
Thread with TID = 138242655520448 read: Gaming Console
Thread with TID = 138242697463488       (read and found): ((Laptop))
Thread with TID = 138242645034688 read: External Hard Drive
Thread with TID = 138242624063168 read: Tablet Stand
