Process PID: 6183
Thread with TID = 125075921569472 read: Mini Drone
Thread with TID = 125075890112192 read: Gaming Router
Thread with TID = 125075879626432 read: Mini Fridge
Thread with TID = 125075932055232 read: Action Camera
Thread with TID = 125075911083712 read: Speaker
Thread with TID = 125075900597952 read: Dash Cam
Thread with TID = 125075869140672 read: Smart Thermostat
Thread with TID = 125075837683392 read: Electric Kettle
Thread with TID = 125075848169152 read: Electric Scooter
Thread with TID = 125075753797312 read: Portable Bluetooth Adapter
Thread with TID = 125075858654912 read: E-Reader
Thread with TID = 125075743311552 read: iPhone14
Thread with TID = 125075453904576 read: MacBook Air
Thread with TID = 125075432933056 read: Portable Projector
Thread with TID = 125075711854272 read: Soundbar
Thread with TID = 125075474876096 read: Digital Tape Measure
Thread with TID = 125075464390336 read: TV
Thread with TID = 125075732825792 read: Bluetooth Keyboard
Thread with TID = 125075722340032 read: Mechanical Keyboard
Thread with TID = 125075443418816 read: Electric Blanket
Thread with TID = 125075422447296 read: Tablet
Thread with TID = 125075411961536 read: iPhone13
Thread with TID = 125075485361856 read: Home Security Camera
Thread with TID = 125075701368512 read: Digital Frame
Thread with TID = 125075401475776 read: LED Strip Lights
Thread with TID = 125075390990016 read: Bluetooth Speaker
Thread with TID = 125075380504256 read: Headphones
Thread with TID = 125075370018496 read: AirPods
Thread with TID = 125075359532736 read: Digital Alarm Clock
Thread with TID = 125075349046976 read: Electric Standing Desk
Thread with TID = 125075338561216 read: 3D Printer
Thread with TID = 125075328075456 read: Streaming Webcam
Thread with TID = 125075317589696 read: Smart Backpack
Thread with TID = 125075307103936 read: Gaming Chair
Thread with TID = 125075296618176 read: USB Hub
Thread with TID = 125075286132416 read: Robot Vacuum
Thread with TID = 125075275646656 read: Portable Charger
Thread with TID = 125075265160896 read: Laser Projector
Thread with TID = 125075223217856 read: Solar Charger
Thread with TID = 125075202246336 read: MacBook Pro
Thread with TID = 125075181274816 read: VR Headset
Thread with TID = 125075170789056 read: Power Bank
Thread with TID = 125075254675136 read: Wireless Mouse
Thread with TID = 125075160303296 read: GoPro
Thread with TID = 125075139331776 read: Studio Monitor
Thread with TID = 125075149817536 read: Wireless Earbuds
Thread with TID = 125075233703616 read: Camera
Thread with TID = 125075244189376 read: Smartwatch
Thread with TID = 125075128846016 read: Gaming Monitor
Thread with TID = 125075212732096 read: Electric Bike
Thread with TID = 125075118360256 read: Wi-Fi Extender
Thread with TID = 125075191760576 read: Streaming Stick
Thread with TID = 125075076417216 read: 4K Monitor
Thread with TID = 125075086902976 read: Wireless Charger
Thread with TID = 125075107874496 read: Echo Dot
Thread with TID = 125075055445696 read: Drone
Thread with TID = 125075065931456 read: Smart Showerhead
Thread with TID = 125075034474176 read: Fitness Tracker
Thread with TID = 125075097388736 read: Smart Glasses
Thread with TID = 125075023988416 read: iPhone11
Thread with TID = 125075044959936 read: Kindle Paperwhite
Thread with TID = 125075013502656 read: Airpod3
Thread with TID = 125074992531136 read: Smartphone
Thread with TID = 125074982045376 read: Smart Light Bulb
Thread with TID = 125074961073856 read: Smart Home Hub
Thread with TID = 125075003016896 read: Gaming Mouse
Thread with TID = 125074971559616 read: Wireless Microphone
Thread with TID = 125074919130816       (read and found): ((Laptop))
Thread with TID = 125074908645056 read: Surface Pro
Thread with TID = 125074950588096 read: Galaxy S23
Thread with TID = 125074940102336 read: HD Webcam
Thread with TID = 125074929616576 read: Smart Doorbell
Thread with TID = 125074898159296 read: Smart Water Bottle
Thread with TID = 125074814273216 read: Noise-Canceling Headphones
Thread with TID = 125074803787456 read: Gaming Console
Thread with TID = 125074793301696 read: External Hard Drive
Thread with TID = 125074782815936 read: Smart Plug
Thread with TID = 125074772330176 read: Tablet Stand
