Process PID: 18082
Thread with TID = 132214457108160 read: Speaker
Thread with TID = 132214478079680 read: Action Camera
Thread with TID = 132214467593920 read: Mini Drone
Thread with TID = 132214446622400 read: Dash Cam
Thread with TID = 132214324987584 read: Gaming Router
Thread with TID = 132214314501824 read: Mini Fridge
Thread with TID = 132214304016064 read: Smart Thermostat
Thread with TID = 132214436136640 read: E-Reader
Thread with TID = 132214415165120 read: Electric Kettle
Thread with TID = 132214293530304 read: iPhone14
Thread with TID = 132214272558784 read: Mechanical Keyboard
Thread with TID = 132214283044544 read: Bluetooth Keyboard
Thread with TID = 132214404679360 read: Portable Bluetooth Adapter
Thread with TID = 132214425650880 read: Electric Scooter
Thread with TID = 132214190769856 read: Soundbar
Thread with TID = 132214169798336 read: Home Security Camera
Thread with TID = 132214148826816 read: TV
Thread with TID = 132214138341056 read: MacBook Air
Thread with TID = 132214127855296 read: Electric Blanket
Thread with TID = 132214117369536 read: Portable Projector
Thread with TID = 132214159312576 read: Digital Tape Measure
Thread with TID = 132214106883776 read: Tablet
Thread with TID = 132214096398016 read: iPhone13
Thread with TID = 132214075426496 read: Bluetooth Speaker
Thread with TID = 132214033483456 read: Electric Standing Desk
Thread with TID = 132214064940736 read: Headphones
Thread with TID = 132214022997696 read: 3D Printer
Thread with TID = 132214043969216 read: Digital Alarm Clock
Thread with TID = 132214012511936 read: Streaming Webcam
Thread with TID = 132213991540416 read: Gaming Chair
Thread with TID = 132213981054656 read: USB Hub
Thread with TID = 132214054454976 read: AirPods
Thread with TID = 132214085912256 read: LED Strip Lights
Thread with TID = 132214002026176 read: Smart Backpack
Thread with TID = 132214180284096 read: Digital Frame
Thread with TID = 132213970568896 read: Robot Vacuum
Thread with TID = 132213918140096 read: Camera
Thread with TID = 132213949597376 read: Laser Projector
Thread with TID = 132213897168576 read: Electric Bike
Thread with TID = 132213960083136 read: Portable Charger
Thread with TID = 132213886682816 read: MacBook Pro
Thread with TID = 132213928625856 read: Smartwatch
Thread with TID = 132213876197056 read: Streaming Stick
Thread with TID = 132213855225536 read: Power Bank
Thread with TID = 132213844739776 read: GoPro
Thread with TID = 132213907654336 read: Solar Charger
Thread with TID = 132213823768256 read: Studio Monitor
Thread with TID = 132213939111616 read: Wireless Mouse
Thread with TID = 132213865711296 read: VR Headset
Thread with TID = 132213813282496 read: Gaming Monitor
Thread with TID = 132213802796736 read: Wi-Fi Extender
Thread with TID = 132213834254016 read: Wireless Earbuds
Thread with TID = 132213700036288 read: 4K Monitor
Thread with TID = 132213721007808 read: Smart Glasses
Thread with TID = 132213668579008 read: Kindle Paperwhite
Thread with TID = 132213647607488 read: Fitness Tracker
Thread with TID = 132213616150208 read: Gaming Mouse
Thread with TID = 132213584692928 read: Wireless Microphone
Thread with TID = 132213637121728 read: iPhone11
Thread with TID = 132213574207168 read: Smart Home Hub
Thread with TID = 132213679064768 read: Drone
Thread with TID = 132213710522048 read: Wireless Charger
Thread with TID = 132213658093248 read: Echo Dot
Thread with TID = 132213419017920 read: HD Webcam
Thread with TID = 132213408532160 read: Smart Doorbell
Thread with TID = 132213398046400 read: Laptop
Thread with TID = 132213563721408 read: Galaxy S23
Thread with TID = 132213387560640 read: Surface Pro
Thread with TID = 132213377074880 read: Smart Water Bottle
Thread with TID = 132213595178688 read: Smart Light Bulb
Thread with TID = 132213626635968 read: Airpod3
Thread with TID = 132213605664448 read: Smartphone
Thread with TID = 132213689550528 read: Smart Showerhead
Thread with TID = 132213553235648 read: Noise-Canceling Headphones
Thread with TID = 132213542749888 read: Gaming Console
Thread with TID = 132213532264128 read: External Hard Drive
Thread with TID = 132213452572352 read: Smart Plug
Thread with TID = 132213442086592 read: Tablet Stand
