Process PID: 14944
Thread with TID = 131712258410176 read: Fitness Tracker
Thread with TID = 131711591515840 read: Smart Thermostat
Thread with TID = 131711612487360 read: Electric Kettle
Thread with TID = 131712384239296 read: MacBook Pro
Thread with TID = 131711581030080 read: Portable Projector
Thread with TID = 131712394725056 read: Wireless Earbuds
Thread with TID = 131712373753536 read: Bluetooth Keyboard
Thread with TID = 131712405210816 read: 4K Monitor
Thread with TID = 131712363267776 read: External Hard Drive
Thread with TID = 131712352782016 read: Wireless Microphone
Thread with TID = 131712321324736 read: Electric Scooter
Thread with TID = 131712342296256 read: Smartphone
Thread with TID = 131712331810496 read: Wi-Fi Extender
Thread with TID = 131711771870912 read: Smart Showerhead
Thread with TID = 131711358731968 read: Electric Standing Desk
Thread with TID = 131711761385152 read: Mechanical Keyboard
Thread with TID = 131712310838976 read: Drone
Thread with TID = 131712300353216 read: E-Reader
Thread with TID = 131712289867456 read: Streaming Webcam
Thread with TID = 131712279381696 read: Surface Pro
Thread with TID = 131712268895936 read: Bluetooth Speaker
Thread with TID = 131711178376896 read: Action Camera
Thread with TID = 131711167891136 read: Noise-Canceling Headphones
Thread with TID = 131711065130688 read: TV
Thread with TID = 131710909941440 read: Electric Blanket
Thread with TID = 131712247924416 read: Camera
Thread with TID = 131710899455680 read: iPhone13
Thread with TID = 131710698129088 read: Gaming Console
Thread with TID = 131710888969920 read: Kindle Paperwhite
Thread with TID = 131710719100608 read: Portable Bluetooth Adapter
Thread with TID = 131710729586368 read: Studio Monitor
Thread with TID = 131710740072128 read: Gaming Monitor
Thread with TID = 131710708614848 read: Power Bank
Thread with TID = 131712237438656 read: Laptop
Thread with TID = 131711983683264 read: Portable Charger
Thread with TID = 131711973197504 read: Speaker
Thread with TID = 131711994169024 read: Smart Light Bulb
Thread with TID = 131712004654784 read: Digital Tape Measure
Thread with TID = 131711803328192 read: 3D Printer
Thread with TID = 131711962711744 read: Smart Water Bottle
Thread with TID = 131711023187648 read: Soundbar
Thread with TID = 131712015140544 read: Wireless Mouse
Thread with TID = 131711199348416 read: HD Webcam
Thread with TID = 131711792842432 read: Tablet Stand
Thread with TID = 131710930912960 read: Mini Drone
Thread with TID = 131712101123776 read: Digital Frame
Thread with TID = 131711209834176 read: Smart Backpack
Thread with TID = 131711782356672 read: Airpod3
Thread with TID = 131711813813952 read: GoPro
Thread with TID = 131711033673408 read: Home Security Camera
Thread with TID = 131712226952896 read: Gaming Router
Thread with TID = 131711602001600 read: Galaxy S23
Thread with TID = 131711188862656 read: iPhone14
Thread with TID = 131711157405376 read: Streaming Stick
Thread with TID = 131711075616448 read: AirPods
Thread with TID = 131711054644928 read: Laser Projector
Thread with TID = 131711044159168 read: LED Strip Lights
Thread with TID = 131710941398720 read: Smart Plug
Thread with TID = 131710920427200 read: Smart Home Hub
Thread with TID = 131712195495616 read: Headphones
Thread with TID = 131712153552576 read: Tablet
Thread with TID = 131711369217728 read: Smartwatch
Thread with TID = 131711379703488 read: Wireless Charger
Thread with TID = 131711390189248 read: VR Headset
Thread with TID = 131711560058560 read: iPhone11
Thread with TID = 131711400675008 read: Dash Cam
Thread with TID = 131711411160768 read: Digital Alarm Clock
Thread with TID = 131712111609536 read: USB Hub
Thread with TID = 131712132581056 read: Gaming Mouse
Thread with TID = 131712185009856 read: Electric Bike
Thread with TID = 131712174524096 read: Smart Doorbell
Thread with TID = 131712143066816 read: MacBook Air
Thread with TID = 131712122095296 read: Smart Glasses
Thread with TID = 131712164038336 read: Echo Dot
Thread with TID = 131712216467136 read: Robot Vacuum
Thread with TID = 131711570544320 read: Mini Fridge
Thread with TID = 131712205981376 read: Gaming Chair
Thread with TID = 131710687643328 read: Solar Charger
