Process PID: 136125
Thread with TID = 140737263961792 read: Electric Scooter
Thread with TID = 140737337362112 read: Mini Drone
Thread with TID = 140737232504512 read: iPhone14
Thread with TID = 140737083606720 read: Home Security Camera
Thread with TID = 140737316390592 read: Dash Cam
Thread with TID = 140737305904832 read: Gaming Router
Thread with TID = 140737347847872 read: Action Camera
Thread with TID = 140737190561472 read: Digital Frame
Thread with TID = 140737180075712 read: Digital Tape Measure
Thread with TID = 140737274447552 read: E-Reader
Thread with TID = 140737253476032 read: Electric Kettle
Thread with TID = 140737201047232 read: Soundbar
Thread with TID = 140737284933312 read: Smart Thermostat
Thread with TID = 140737062635200 read: Electric Blanket
Thread with TID = 140737169589952 read: TV
Thread with TID = 140737295419072 read: Mini Fridge
Thread with TID = 140737242990272 read: Portable Bluetooth Adapter
Thread with TID = 140737073120960 read: MacBook Air
Thread with TID = 140737211532992 read: Mechanical Keyboard
Thread with TID = 140737326876352 read: Speaker
Thread with TID = 140737222018752 read: Bluetooth Keyboard
Thread with TID = 140737031177920 read: LED Strip Lights
Thread with TID = 140737052149440 read: Tablet
Thread with TID = 140736928417472 read: Headphones
Thread with TID = 140737041663680 read: iPhone13
Thread with TID = 140736907445952 read: Digital Alarm Clock
Thread with TID = 140736938903232 read: Bluetooth Speaker
Thread with TID = 140736917931712 read: AirPods
Thread with TID = 140736949388992 read: Portable Projector
Thread with TID = 140736896960192 read: Electric Standing Desk
Thread with TID = 140736815171264 read: 3D Printer
Thread with TID = 140736804685504 read: Streaming Webcam
Thread with TID = 140736794199744 read: Smart Backpack
Thread with TID = 140736773228224 read: USB Hub
Thread with TID = 140736783713984 read: Gaming Chair
Thread with TID = 140736762742464 read: Robot Vacuum
Thread with TID = 140736659982016 read: Wireless Mouse
Thread with TID = 140736649496256 read: Smartwatch
Thread with TID = 140736639010496 read: Camera
Thread with TID = 140736680953536 read: Portable Charger
Thread with TID = 140736628524736 read: Solar Charger
Thread with TID = 140736536250048 read: MacBook Pro
Thread with TID = 140736546735808 read: Electric Bike
Thread with TID = 140736525764288 read: Streaming Stick
Thread with TID = 140736402032320 read: Studio Monitor
Thread with TID = 140736515278528 read: VR Headset
Thread with TID = 140736391546560 read: Gaming Monitor
Thread with TID = 140736381060800 read: Wi-Fi Extender
Thread with TID = 140736494307008 read: GoPro
Thread with TID = 140736370575040 read: Echo Dot
Thread with TID = 140736670467776 read: Laser Projector
Thread with TID = 140736339117760 read: 4K Monitor
Thread with TID = 140736412518080 read: Wireless Earbuds
Thread with TID = 140736328632000 read: Smart Showerhead
Thread with TID = 140736360089280 read: Smart Glasses
Thread with TID = 140736349603520 read: Wireless Charger
Thread with TID = 140736504792768 read: Power Bank
Thread with TID = 140736318146240 read: Drone
Thread with TID = 140736286688960 read: iPhone11
Thread with TID = 140736234260160 read: Wireless Microphone
Thread with TID = 140736297174720 read: Fitness Tracker
Thread with TID = 140736265717440 read: Gaming Mouse
Thread with TID = 140736192317120 read: Smart Doorbell
Thread with TID = 140736244745920 read: Smart Light Bulb
Thread with TID = 140736276203200 read: Airpod3
Thread with TID = 140736181831360 read: Laptop
Thread with TID = 140736160859840 read: Smart Water Bottle
Thread with TID = 140736139888320 read: Gaming Console
Thread with TID = 140736171345600 read: Surface Pro
Thread with TID = 140736223774400 read: Smart Home Hub
Thread with TID = 140736150374080 read: Noise-Canceling Headphones
Thread with TID = 140736213288640 read: Galaxy S23
Thread with TID = 140736307660480 read: Kindle Paperwhite
Thread with TID = 140736202802880 read: HD Webcam
Thread with TID = 140736255231680 read: Smartphone
Thread with TID = 140736129402560 read: External Hard Drive
Thread with TID = 140736108431040 read: Tablet Stand
Thread with TID = 140736118916800 read: Smart Plug
