Process PID: 34179
Thread with TID = 140737326876352 read: Speaker
Thread with TID = 140737182172864 read: Dash Cam
Thread with TID = 140737171687104 read: Gaming Router
Thread with TID = 140737150715584 read: Smart Thermostat
Thread with TID = 140737140229824 read: E-Reader
Thread with TID = 140737347847872 read: Action Camera
Thread with TID = 140737161201344 read: Mini Fridge
Thread with TID = 140737129744064 read: Electric Scooter
Thread with TID = 140737337362112 read: Mini Drone
Thread with TID = 140737196852928 read: Mechanical Keyboard
Thread with TID = 140737016497856 read: Digital Tape Measure
Thread with TID = 140737098286784 read: Home Security Camera
Thread with TID = 140737108772544 read: Digital Frame
Thread with TID = 140737316390592 read: Electric Kettle
Thread with TID = 140736804685504 read: LED Strip Lights
Thread with TID = 140737305904832 read: Portable Bluetooth Adapter
Thread with TID = 140737217824448 read: iPhone14
Thread with TID = 140736995526336 read: MacBook Air
Thread with TID = 140736815171264 read: iPhone13
Thread with TID = 140737207338688 read: Bluetooth Keyboard
Thread with TID = 140736964069056 read: Tablet
Thread with TID = 140736794199744 read: Bluetooth Speaker
Thread with TID = 140737119258304 read: Soundbar
Thread with TID = 140737006012096 read: TV
Thread with TID = 140736985040576 read: Electric Blanket
Thread with TID = 140736974554816 read: Portable Projector
Thread with TID = 140736783713984 read: Headphones
Thread with TID = 140736773228224 read: AirPods
Thread with TID = 140736762742464 read: Digital Alarm Clock
Thread with TID = 140736720799424 read: Smart Backpack
Thread with TID = 140736710313664 read: Gaming Chair
Thread with TID = 140736752256704 read: Electric Standing Desk
Thread with TID = 140736741770944 read: 3D Printer
Thread with TID = 140736731285184 read: Streaming Webcam
Thread with TID = 140736699827904 read: USB Hub
Thread with TID = 140736657884864 read: Wireless Mouse
Thread with TID = 140736678856384 read: Portable Charger
Thread with TID = 140736668370624 read: Laser Projector
Thread with TID = 140736594970304 read: Streaming Stick
Thread with TID = 140736647399104 read: Smartwatch
Thread with TID = 140736636913344 read: Camera
Thread with TID = 140736689342144 read: Robot Vacuum
Thread with TID = 140736626427584 read: Solar Charger
Thread with TID = 140736584484544 read: VR Headset
Thread with TID = 140736605456064 read: MacBook Pro
Thread with TID = 140736573998784 read: Power Bank
Thread with TID = 140736563513024 read: GoPro
Thread with TID = 140736615941824 read: Electric Bike
Thread with TID = 140736553027264 read: Wireless Earbuds
Thread with TID = 140736542541504 read: Studio Monitor
Thread with TID = 140736511084224 read: Echo Dot
Thread with TID = 140736406226624 read: Gaming Mouse
Thread with TID = 140736395740864 read: Smartphone
Thread with TID = 140736532055744 read: Gaming Monitor
Thread with TID = 140736469141184 read: Smart Showerhead
Thread with TID = 140736458655424 read: Drone
Thread with TID = 140736416712384 read: Airpod3
Thread with TID = 140736521569984 read: Wi-Fi Extender
Thread with TID = 140736490112704 read: Wireless Charger
Thread with TID = 140736479626944 read: 4K Monitor
Thread with TID = 140736448169664 read: Kindle Paperwhite
Thread with TID = 140736437683904 read: Fitness Tracker
Thread with TID = 140736385255104 read: Smart Light Bulb
Thread with TID = 140736427198144 read: iPhone11
Thread with TID = 140736500598464 read: Smart Glasses
Thread with TID = 140736374769344 read: Wireless Microphone
Thread with TID = 140736364283584 read: Smart Home Hub
Thread with TID = 140736353797824 read: Galaxy S23
Thread with TID = 140736343312064 read: HD Webcam
Thread with TID = 140736332826304 read: Smart Doorbell
Thread with TID = 140736322340544 read: Laptop
Thread with TID = 140736290883264 read: Noise-Canceling Headphones
Thread with TID = 140736259425984 read: Smart Plug
Thread with TID = 140736301369024 read: Smart Water Bottle
Thread with TID = 140736248940224 read: Tablet Stand
Thread with TID = 140736311854784 read: Surface Pro
Thread with TID = 140736280397504 read: Gaming Console
Thread with TID = 140736269911744 read: External Hard Drive
