Process PID: 26972
Thread with TID = 123280457467584 read: Speaker
Thread with TID = 123280541353664 read: Mini Fridge
Thread with TID = 123280312764096 read: Smart Thermostat
Thread with TID = 123280562325184 read: Dash Cam
Thread with TID = 123280302278336 read: E-Reader
Thread with TID = 123280583296704 read: Action Camera
Thread with TID = 123280323249856 read: Electric Scooter
Thread with TID = 123280291792576 read: Electric Kettle
Thread with TID = 123280281306816 read: Portable Bluetooth Adapter
Thread with TID = 123280270821056 read: iPhone14
Thread with TID = 123280189032128 read: Bluetooth Keyboard
Thread with TID = 123280178546368 read: Mechanical Keyboard
Thread with TID = 123280168060608 read: Soundbar
Thread with TID = 123280157574848 read: Digital Frame
Thread with TID = 123280136603328 read: Digital Tape Measure
Thread with TID = 123280115631808 read: MacBook Air
Thread with TID = 123280126117568 read: TV
Thread with TID = 123280147089088 read: Home Security Camera
Thread with TID = 123280094660288 read: Portable Projector
Thread with TID = 123280063203008 read: LED Strip Lights
Thread with TID = 123280073688768 read: iPhone13
Thread with TID = 123280105146048 read: Electric Blanket
Thread with TID = 123280042231488 read: Headphones
Thread with TID = 123280084174528 read: Tablet
Thread with TID = 123280052717248 read: Bluetooth Speaker
Thread with TID = 123280551839424 read: Gaming Router
Thread with TID = 123280572810944 read: Mini Drone
Thread with TID = 123280436496064 read: Digital Alarm Clock
Thread with TID = 123280446981824 read: AirPods
Thread with TID = 123280426010304 read: Electric Standing Desk
Thread with TID = 123280405038784 read: Streaming Webcam
Thread with TID = 123280010774208 read: USB Hub
Thread with TID = 123280415524544 read: 3D Printer
Thread with TID = 123280031745728 read: Smart Backpack
Thread with TID = 123280000288448 read: Robot Vacuum
Thread with TID = 123280021259968 read: Gaming Chair
Thread with TID = 123279920596672 read: Portable Charger
Thread with TID = 123279784281792 read: Studio Monitor
Thread with TID = 123279773796032 read: Gaming Monitor
Thread with TID = 123279763310272 read: Wi-Fi Extender
Thread with TID = 123279752824512 read: Echo Dot
Thread with TID = 123279899625152 read: Wireless Mouse
Thread with TID = 123279857682112 read: Electric Bike
Thread with TID = 123279847196352 read: MacBook Pro
Thread with TID = 123279826224832 read: VR Headset
Thread with TID = 123279805253312 read: GoPro
Thread with TID = 123279658452672 read: Airpod3
Thread with TID = 123279616509632 read: Wireless Microphone
Thread with TID = 123279794767552 read: Wireless Earbuds
Thread with TID = 123279910110912 read: Laser Projector
Thread with TID = 123279742338752 read: Smart Glasses
Thread with TID = 123279564080832 read: Laptop
Thread with TID = 123279585052352 read: HD Webcam
Thread with TID = 123279553595072 read: Surface Pro
Thread with TID = 123279889139392 read: Smartwatch
Thread with TID = 123279595538112 read: Galaxy S23
Thread with TID = 123279543109312 read: Smart Water Bottle
Thread with TID = 123279574566592 read: Smart Doorbell
Thread with TID = 123279878653632 read: Camera
Thread with TID = 123279836710592 read: Streaming Stick
Thread with TID = 123279606023872 read: Smart Home Hub
Thread with TID = 123279815739072 read: Power Bank
Thread with TID = 123279868167872 read: Solar Charger
Thread with TID = 123279721367232 read: 4K Monitor
Thread with TID = 123279710881472 read: Smart Showerhead
Thread with TID = 123279700395712 read: Drone
Thread with TID = 123279689909952 read: Kindle Paperwhite
Thread with TID = 123279679424192 read: Fitness Tracker
Thread with TID = 123279647966912 read: Gaming Mouse
Thread with TID = 123279626995392 read: Smart Light Bulb
Thread with TID = 123279668938432 read: iPhone11
Thread with TID = 123279637481152 read: Smartphone
Thread with TID = 123279731852992 read: Wireless Charger
Thread with TID = 123279532623552 read: Noise-Canceling Headphones
Thread with TID = 123279450834624 read: Gaming Console
Thread with TID = 123279440348864 read: External Hard Drive
Thread with TID = 123279429863104 read: Smart Plug
Thread with TID = 123279419377344 read: Tablet Stand
