Process PID: 9975
Thread with TID = 140737295419072 read: Mini Fridge
Thread with TID = 140737263961792 read: Electric Scooter
Thread with TID = 140737347847872 read: Action Camera
Thread with TID = 140737337362112 read: Mini Drone
Thread with TID = 140737326876352 read: Speaker
Thread with TID = 140737316390592 read: Dash Cam
Thread with TID = 140737305904832 read: Gaming Router
Thread with TID = 140737284933312 read: Smart Thermostat
Thread with TID = 140737140229824 read: Mechanical Keyboard
Thread with TID = 140737150715584 read: Portable Bluetooth Adapter
Thread with TID = 140737119258304 read: Digital Frame
Thread with TID = 140737129744064 read: Soundbar
Thread with TID = 140737253476032 read: Electric Kettle
Thread with TID = 140737242990272 read: iPhone14
Thread with TID = 140737016497856 read: Home Security Camera
Thread with TID = 140737232504512 read: Bluetooth Keyboard
Thread with TID = 140737108772544 read: Digital Tape Measure
Thread with TID = 140736964069056 read: iPhone13
Thread with TID = 140737274447552 read: E-Reader
Thread with TID = 140736861308608 read: Headphones
Thread with TID = 140737098286784 read: TV
Thread with TID = 140736840337088 read: Digital Alarm Clock
Thread with TID = 140737006012096 read: MacBook Air
Thread with TID = 140736882280128 read: LED Strip Lights
Thread with TID = 140736974554816 read: Tablet
Thread with TID = 140736871794368 read: Bluetooth Speaker
Thread with TID = 140736995526336 read: Electric Blanket
Thread with TID = 140736985040576 read: Portable Projector
Thread with TID = 140736737576640 read: Streaming Webcam
Thread with TID = 140736850822848 read: AirPods
Thread with TID = 140736829851328 read: Electric Standing Desk
Thread with TID = 140736748062400 read: 3D Printer
Thread with TID = 140736727090880 read: Smart Backpack
Thread with TID = 140736695633600 read: Robot Vacuum
Thread with TID = 140736716605120 read: Gaming Chair
Thread with TID = 140736622233280 read: Electric Bike
Thread with TID = 140736706119360 read: USB Hub
Thread with TID = 140736685147840 read: Portable Charger
Thread with TID = 140736601261760 read: Streaming Stick
Thread with TID = 140736674662080 read: Laser Projector
Thread with TID = 140736664176320 read: Wireless Mouse
Thread with TID = 140736653690560 read: Smartwatch
Thread with TID = 140736632719040 read: Solar Charger
Thread with TID = 140736611747520 read: MacBook Pro
Thread with TID = 140736643204800 read: Camera
Thread with TID = 140736590776000 read: VR Headset
Thread with TID = 140736569804480 read: GoPro
Thread with TID = 140736580290240 read: Power Bank
Thread with TID = 140736548832960 read: Studio Monitor
Thread with TID = 140736538347200 read: Gaming Monitor
Thread with TID = 140736527861440 read: Wi-Fi Extender
Thread with TID = 140736496404160 read: Wireless Charger
Thread with TID = 140736559318720 read: Wireless Earbuds
Thread with TID = 140736517375680 read: Echo Dot
Thread with TID = 140736506889920 read: Smart Glasses
Thread with TID = 140736485918400 read: 4K Monitor
Thread with TID = 140736475432640 read: Smart Showerhead
Thread with TID = 140736464946880 read: Drone
Thread with TID = 140736412518080 read: Gaming Mouse
Thread with TID = 140736454461120 read: Kindle Paperwhite
Thread with TID = 140736370575040 read: Smart Home Hub
Thread with TID = 140736339117760 read: Smart Doorbell
Thread with TID = 140736381060800 read: Wireless Microphone
Thread with TID = 140736360089280 read: Galaxy S23
Thread with TID = 140736349603520 read: HD Webcam
Thread with TID = 140736443975360 read: Fitness Tracker
Thread with TID = 140736433489600 read: iPhone11
Thread with TID = 140736423003840 read: Airpod3
Thread with TID = 140736328632000 read: Laptop
Thread with TID = 140736402032320 read: Smartphone
Thread with TID = 140736391546560 read: Smart Light Bulb
Thread with TID = 140736318146240 read: Surface Pro
Thread with TID = 140736307660480 read: Smart Water Bottle
Thread with TID = 140736255231680 read: Tablet Stand
Thread with TID = 140736276203200 read: External Hard Drive
Thread with TID = 140736265717440 read: Smart Plug
Thread with TID = 140736297174720 read: Noise-Canceling Headphones
Thread with TID = 140736286688960 read: Gaming Console
