Process PID: 32233
Thread with TID = 133257586804416 read: Speaker
Thread with TID = 133257565832896 read: Gaming Router
Thread with TID = 133257555347136 read: Mini Fridge
Thread with TID = 133257576318656 read: Dash Cam
Thread with TID = 133257465169600 read: E-Reader
Thread with TID = 133257607775936 read: Action Camera
Thread with TID = 133257597290176 read: Mini Drone
Thread with TID = 133257320466112 read: Electric Scooter
Thread with TID = 133257444198080 read: Portable Bluetooth Adapter
Thread with TID = 133257454683840 read: Electric Kettle
Thread with TID = 133257544861376 read: Smart Thermostat
Thread with TID = 133257433712320 read: iPhone14
Thread with TID = 133257423226560 read: Bluetooth Keyboard
Thread with TID = 133257299494592 read: Home Security Camera
Thread with TID = 133257412740800 read: Mechanical Keyboard
Thread with TID = 133257330951872 read: Soundbar
Thread with TID = 133257278523072 read: TV
Thread with TID = 133257309980352 read: Digital Frame
Thread with TID = 133257289008832 read: Digital Tape Measure
Thread with TID = 133257268037312 read: MacBook Air
Thread with TID = 133257257551552 read: Electric Blanket
Thread with TID = 133257247065792 read: Portable Projector
Thread with TID = 133257226094272 read: iPhone13
Thread with TID = 133257236580032 read: Tablet
Thread with TID = 133257163179712 read: Electric Standing Desk
Thread with TID = 133257131722432 read: Smart Backpack
Thread with TID = 133257205122752 read: Bluetooth Speaker
Thread with TID = 133257121236672 read: Gaming Chair
Thread with TID = 133257110750912 read: USB Hub
Thread with TID = 133257194636992 read: Headphones
Thread with TID = 133257215608512 read: LED Strip Lights
Thread with TID = 133257089779392 read: Portable Charger
Thread with TID = 133257184151232 read: AirPods
Thread with TID = 133257079293632 read: Laser Projector
Thread with TID = 133257100265152 read: Robot Vacuum
Thread with TID = 133257142208192 read: Streaming Webcam
Thread with TID = 133257173665472 read: Digital Alarm Clock
Thread with TID = 133257152693952 read: 3D Printer
Thread with TID = 133256995407552 read: Wireless Mouse
Thread with TID = 133256953464512 read: Electric Bike
Thread with TID = 133256911521472 read: Power Bank
Thread with TID = 133256984921792 read: Smartwatch
Thread with TID = 133256901035712 read: GoPro
Thread with TID = 133256890549952 read: Wireless Earbuds
Thread with TID = 133256869578432 read: Gaming Monitor
Thread with TID = 133256942978752 read: MacBook Pro
Thread with TID = 133256922007232 read: VR Headset
Thread with TID = 133256817149632 read: 4K Monitor
Thread with TID = 133256848606912 read: Echo Dot
Thread with TID = 133256806663872 read: Smart Showerhead
Thread with TID = 133256880064192 read: Studio Monitor
Thread with TID = 133256592754368 read: Smartphone
Thread with TID = 133256716486336 read: Kindle Paperwhite
Thread with TID = 133256561297088 read: Smart Home Hub
Thread with TID = 133256859092672 read: Wi-Fi Extender
Thread with TID = 133256695514816 read: iPhone11
Thread with TID = 133256963950272 read: Solar Charger
Thread with TID = 133256932492992 read: Streaming Stick
Thread with TID = 133256674543296 read: Gaming Mouse
Thread with TID = 133256726972096 read: Drone
Thread with TID = 133256571782848 read: Wireless Microphone
Thread with TID = 133256974436032 read: Camera
Thread with TID = 133256685029056 read: Airpod3
Thread with TID = 133256540325568 read: HD Webcam
Thread with TID = 133256827635392 read: Wireless Charger
Thread with TID = 133256550811328 read: Galaxy S23
Thread with TID = 133256706000576 read: Fitness Tracker
Thread with TID = 133256582268608 read: Smart Light Bulb
Thread with TID = 133256838121152 read: Smart Glasses
Thread with TID = 133256391427776 read: Smart Doorbell
Thread with TID = 133256190101184 read: External Hard Drive
Thread with TID = 133256179615424 read: Smart Plug
Thread with TID = 133256359970496 read: Smart Water Bottle
Thread with TID = 133256380942016 read: Laptop
Thread with TID = 133256349484736 read: Noise-Canceling Headphones
Thread with TID = 133256338998976 read: Gaming Console
Thread with TID = 133256370456256 read: Surface Pro
Thread with TID = 133256169129664 read: Tablet Stand
