Process PID: 30247
Thread with TID = 138794154067648 read: Action Camera
Thread with TID = 138794143581888 read: Mini Drone
Thread with TID = 138794133096128 read: Speaker
Thread with TID = 138794091153088 read: Smart Thermostat
Thread with TID = 138794017752768 read: Mechanical Keyboard
Thread with TID = 138794122610368 read: Dash Cam
Thread with TID = 138794101638848 read: Mini Fridge
Thread with TID = 138794059695808 read: Electric Kettle
Thread with TID = 138793986295488 read: Home Security Camera
Thread with TID = 138793996781248 read: Digital Frame
Thread with TID = 138794070181568 read: Electric Scooter
Thread with TID = 138794028238528 read: Bluetooth Keyboard
Thread with TID = 138794112124608 read: Gaming Router
Thread with TID = 138794007267008 read: Soundbar
Thread with TID = 138794049210048 read: Portable Bluetooth Adapter
Thread with TID = 138794038724288 read: iPhone14
Thread with TID = 138794080667328 read: E-Reader
Thread with TID = 138793975809728 read: Digital Tape Measure
Thread with TID = 138793847883456 read: Tablet
Thread with TID = 138793646556864 read: Digital Alarm Clock
Thread with TID = 138793965323968 read: TV
Thread with TID = 138793604613824 read: Smart Backpack
Thread with TID = 138793615099584 read: Streaming Webcam
Thread with TID = 138793868854976 read: Electric Blanket
Thread with TID = 138793678014144 read: Bluetooth Speaker
Thread with TID = 138793858369216 read: Portable Projector
Thread with TID = 138793552185024 read: Laser Projector
Thread with TID = 138793826911936 read: LED Strip Lights
Thread with TID = 138793667528384 read: Headphones
Thread with TID = 138793657042624 read: AirPods
Thread with TID = 138793594128064 read: Gaming Chair
Thread with TID = 138793541699264 read: Wireless Mouse
Thread with TID = 138793636071104 read: Electric Standing Desk
Thread with TID = 138793583642304 read: USB Hub
Thread with TID = 138793879340736 read: MacBook Air
Thread with TID = 138793837397696 read: iPhone13
Thread with TID = 138793625585344 read: 3D Printer
Thread with TID = 138793573156544 read: Robot Vacuum
Thread with TID = 138793562670784 read: Portable Charger
Thread with TID = 138793489270464 read: MacBook Pro
Thread with TID = 138793499756224 read: Electric Bike
Thread with TID = 138793478784704 read: Streaming Stick
Thread with TID = 138793436841664 read: Wireless Earbuds
Thread with TID = 138793447327424 read: GoPro
Thread with TID = 138793394898624 read: Echo Dot
Thread with TID = 138793457813184 read: Power Bank
Thread with TID = 138793373927104 read: Wireless Charger
Thread with TID = 138793510241984 read: Solar Charger
Thread with TID = 138793426355904 read: Studio Monitor
Thread with TID = 138793520727744 read: Camera
Thread with TID = 138793352955584 read: Smart Showerhead
Thread with TID = 138793468298944 read: VR Headset
Thread with TID = 138793531213504 read: Smartwatch
Thread with TID = 138793363441344 read: 4K Monitor
Thread with TID = 138793384412864 read: Smart Glasses
Thread with TID = 138793415870144 read: Gaming Monitor
Thread with TID = 138793331984064 read: Kindle Paperwhite
Thread with TID = 138793311012544 read: iPhone11
Thread with TID = 138793290041024 read: Gaming Mouse
Thread with TID = 138793405384384 read: Wi-Fi Extender
Thread with TID = 138793141143232 read: Smartphone
Thread with TID = 138793120171712 read: Wireless Microphone
Thread with TID = 138793342469824 read: Drone
Thread with TID = 138793078228672 read: Smart Doorbell
Thread with TID = 138793099200192 read: Galaxy S23
Thread with TID = 138793321498304 read: Fitness Tracker
Thread with TID = 138793130657472 read: Smart Light Bulb
Thread with TID = 138793088714432 read: HD Webcam
Thread with TID = 138793300526784 read: Airpod3
Thread with TID = 138793109685952 read: Smart Home Hub
Thread with TID = 138793067742912 read: Laptop
Thread with TID = 138793057257152 read: Surface Pro
Thread with TID = 138793046771392 read: Smart Water Bottle
Thread with TID = 138793036285632 read: Noise-Canceling Headphones
Thread with TID = 138793015314112 read: External Hard Drive
Thread with TID = 138793004828352 read: Smart Plug
Thread with TID = 138792994342592 read: Tablet Stand
Thread with TID = 138793025799872 read: Gaming Console
