Process PID: 24700
Thread with TID = 140737347847872 read: Action Camera
Thread with TID = 140737196852928 read: E-Reader
Thread with TID = 140737207338688 read: Smart Thermostat
Thread with TID = 140737305904832 read: Gaming Router
Thread with TID = 140737186367168 read: Electric Scooter
Thread with TID = 140737091995328 read: Digital Tape Measure
Thread with TID = 140737316390592 read: Dash Cam
Thread with TID = 140737102481088 read: Home Security Camera
Thread with TID = 140737217824448 read: Mini Fridge
Thread with TID = 140736949388992 read: LED Strip Lights
Thread with TID = 140736928417472 read: Headphones
Thread with TID = 140736907445952 read: Digital Alarm Clock
Thread with TID = 140737112966848 read: Digital Frame
Thread with TID = 140737175881408 read: Electric Kettle
Thread with TID = 140737081509568 read: TV
Thread with TID = 140736938903232 read: Bluetooth Speaker
Thread with TID = 140737123452608 read: Soundbar
Thread with TID = 140736917931712 read: AirPods
Thread with TID = 140737326876352 read: Speaker
Thread with TID = 140737165395648 read: Portable Bluetooth Adapter
Thread with TID = 140737039566528 read: Tablet
Thread with TID = 140737154909888 read: iPhone14
Thread with TID = 140737144424128 read: Bluetooth Keyboard
Thread with TID = 140737133938368 read: Mechanical Keyboard
Thread with TID = 140737071023808 read: MacBook Air
Thread with TID = 140737060538048 read: Electric Blanket
Thread with TID = 140737029080768 read: iPhone13
Thread with TID = 140737050052288 read: Portable Projector
Thread with TID = 140736896960192 read: Electric Standing Desk
Thread with TID = 140737337362112 read: Mini Drone
Thread with TID = 140736680953536 read: 3D Printer
Thread with TID = 140736659982016 read: Smart Backpack
Thread with TID = 140736536250048 read: Laser Projector
Thread with TID = 140736515278528 read: Smartwatch
Thread with TID = 140736670467776 read: Streaming Webcam
Thread with TID = 140736649496256 read: Gaming Chair
Thread with TID = 140736639010496 read: USB Hub
Thread with TID = 140736494307008 read: Solar Charger
Thread with TID = 140736628524736 read: Robot Vacuum
Thread with TID = 140736525764288 read: Wireless Mouse
Thread with TID = 140736504792768 read: Camera
Thread with TID = 140736483821248 read: Electric Bike
Thread with TID = 140736546735808 read: Portable Charger
Thread with TID = 140736462849728 read: Streaming Stick
Thread with TID = 140736473335488 read: MacBook Pro
Thread with TID = 140736420906688 read: Wireless Earbuds
Thread with TID = 140736410420928 read: Studio Monitor
Thread with TID = 140736441878208 read: Power Bank
Thread with TID = 140736452363968 read: VR Headset
Thread with TID = 140736399935168 read: Gaming Monitor
Thread with TID = 140736389449408 read: Wi-Fi Extender
Thread with TID = 140736431392448 read: GoPro
Thread with TID = 140736378963648 read: Echo Dot
Thread with TID = 140736337020608 read: Smart Showerhead
Thread with TID = 140736368477888 read: Smart Glasses
Thread with TID = 140736347506368 read: 4K Monitor
Thread with TID = 140736357992128 read: Wireless Charger
Thread with TID = 140736316049088 read: Kindle Paperwhite
Thread with TID = 140736305563328 read: Fitness Tracker
Thread with TID = 140736284591808 read: Airpod3
Thread with TID = 140736274106048 read: Gaming Mouse
Thread with TID = 140736253134528 read: Smart Light Bulb
Thread with TID = 140736326534848 read: Drone
Thread with TID = 140736263620288 read: Smartphone
Thread with TID = 140736232163008 read: Smart Home Hub
Thread with TID = 140736295077568 read: iPhone11
Thread with TID = 140736127305408 read: Smart Plug
Thread with TID = 140736169248448 read: Smart Water Bottle
Thread with TID = 140736242648768 read: Wireless Microphone
Thread with TID = 140736190219968 read: Laptop
Thread with TID = 140736179734208 read: Surface Pro
Thread with TID = 140736158762688 read: Noise-Canceling Headphones
Thread with TID = 140736211191488 read: HD Webcam
Thread with TID = 140736221677248 read: Galaxy S23
Thread with TID = 140736200705728 read: Smart Doorbell
Thread with TID = 140736148276928 read: Gaming Console
Thread with TID = 140736137791168 read: External Hard Drive
Thread with TID = 140736116819648 read: Tablet Stand
