Process PID: 18551
Thread with TID = 124190889871040 read: iPhone14
Thread with TID = 124190921328320 read: Electric Scooter
Thread with TID = 124190900356800 read: Portable Bluetooth Adapter
Thread with TID = 124190734681792 read: Mechanical Keyboard
Thread with TID = 124190724196032 read: Soundbar
Thread with TID = 124190868899520 read: Home Security Camera
Thread with TID = 124190984242880 read: Speaker
Thread with TID = 124190963271360 read: Gaming Router
Thread with TID = 124190994728640 read: Mini Drone
Thread with TID = 124190952785600 read: Mini Fridge
Thread with TID = 124190745167552 read: Bluetooth Keyboard
Thread with TID = 124190973757120 read: Dash Cam
Thread with TID = 124190942299840 read: Smart Thermostat
Thread with TID = 124190931814080 read: E-Reader
Thread with TID = 124190879385280 read: Digital Frame
Thread with TID = 124191005214400 read: Action Camera
Thread with TID = 124190789207744 read: Digital Tape Measure
Thread with TID = 124190910842560 read: Electric Kettle
Thread with TID = 124190703224512 read: Tablet
Thread with TID = 124190757750464 read: Electric Blanket
Thread with TID = 124190692738752 read: iPhone13
Thread with TID = 124190713710272 read: Portable Projector
Thread with TID = 124190768236224 read: MacBook Air
Thread with TID = 124190682252992 read: LED Strip Lights
Thread with TID = 124190778721984 read: TV
Thread with TID = 124190671767232 read: Bluetooth Speaker
Thread with TID = 124190577395392 read: AirPods
Thread with TID = 124190453663424 read: Smart Backpack
Thread with TID = 124190443177664 read: Gaming Chair
Thread with TID = 124190432691904 read: USB Hub
Thread with TID = 124190545938112 read: 3D Printer
Thread with TID = 124190587881152 read: Headphones
Thread with TID = 124190535452352 read: Streaming Webcam
Thread with TID = 124190422206144 read: Robot Vacuum
Thread with TID = 124190411720384 read: Portable Charger
Thread with TID = 124190566909632 read: Digital Alarm Clock
Thread with TID = 124190556423872 read: Electric Standing Desk
Thread with TID = 124190401234624 read: Laser Projector
Thread with TID = 124190308959936 read: Smartwatch
Thread with TID = 124190319445696 read: Wireless Mouse
Thread with TID = 124190298474176 read: Camera
Thread with TID = 124190287988416 read: Solar Charger
Thread with TID = 124190267016896 read: MacBook Pro
Thread with TID = 124190185227968 read: Streaming Stick
Thread with TID = 124190164256448 read: Power Bank
Thread with TID = 124190277502656 read: Electric Bike
Thread with TID = 124190132799168 read: Studio Monitor
Thread with TID = 124190174742208 read: VR Headset
Thread with TID = 124190051010240 read: Gaming Monitor
Thread with TID = 124190143284928 read: Wireless Earbuds
Thread with TID = 124190153770688 read: GoPro
Thread with TID = 124190019552960 read: Smart Glasses
Thread with TID = 124190040524480 read: Wi-Fi Extender
Thread with TID = 124190030038720 read: Echo Dot
Thread with TID = 124189906306752 read: Drone
Thread with TID = 124190009067200 read: Wireless Charger
Thread with TID = 124189895820992 read: Kindle Paperwhite
Thread with TID = 124189998581440 read: 4K Monitor
Thread with TID = 124189916792512 read: Smart Showerhead
Thread with TID = 124189864363712 read: Airpod3
Thread with TID = 124189874849472 read: iPhone11
Thread with TID = 124189885335232 read: Fitness Tracker
Thread with TID = 124189772089024 read: Smartphone
Thread with TID = 124189782574784 read: Gaming Mouse
Thread with TID = 124189751117504 read: Wireless Microphone
Thread with TID = 124189730145984 read: Galaxy S23
Thread with TID = 124189761603264 read: Smart Light Bulb
Thread with TID = 124189648357056 read: HD Webcam
Thread with TID = 124189740631744 read: Smart Home Hub
Thread with TID = 124189637871296 read: Smart Doorbell
Thread with TID = 124189627385536 read: Laptop
Thread with TID = 124189616899776 read: Surface Pro
Thread with TID = 124189606414016 read: Smart Water Bottle
Thread with TID = 124189595928256 read: Noise-Canceling Headphones
Thread with TID = 124189493167808 read: Smart Plug
Thread with TID = 124189514139328 read: Gaming Console
Thread with TID = 124189482682048 read: Tablet Stand
Thread with TID = 124189503653568 read: External Hard Drive
