Process PID: 133875
Thread with TID = 140737305904832 read: Gaming Router
Thread with TID = 140737295419072 read: Mini Fridge
Thread with TID = 140737274447552 read: E-Reader
Thread with TID = 140737347847872 read: Action Camera
Thread with TID = 140737316390592 read: Dash Cam
Thread with TID = 140737263961792 read: Electric Scooter
Thread with TID = 140737253476032 read: Electric Kettle
Thread with TID = 140737242990272 read: Portable Bluetooth Adapter
Thread with TID = 140737232504512 read: iPhone14
Thread with TID = 140737150715584 read: Bluetooth Keyboard
Thread with TID = 140737140229824 read: Mechanical Keyboard
Thread with TID = 140737066829504 read: Electric Blanket
Thread with TID = 140737056343744 read: Portable Projector
Thread with TID = 140737326876352 read: Speaker
Thread with TID = 140737284933312 read: Smart Thermostat
Thread with TID = 140737129744064 read: Soundbar
Thread with TID = 140737119258304 read: Digital Frame
Thread with TID = 140737108772544 read: Home Security Camera
Thread with TID = 140737098286784 read: Digital Tape Measure
Thread with TID = 140737087801024 read: TV
Thread with TID = 140737077315264 read: MacBook Air
Thread with TID = 140737337362112 read: Mini Drone
Thread with TID = 140737045857984 read: Tablet
Thread with TID = 140736896960192 read: Electric Standing Desk
Thread with TID = 140736928417472 read: Headphones
Thread with TID = 140736938903232 read: Bluetooth Speaker
Thread with TID = 140736865502912 read: Smart Backpack
Thread with TID = 140736469141184 read: MacBook Pro
Thread with TID = 140736479626944 read: Electric Bike
Thread with TID = 140736458655424 read: Streaming Stick
Thread with TID = 140736416712384 read: Wireless Earbuds
Thread with TID = 140736385255104 read: Wi-Fi Extender
Thread with TID = 140736406226624 read: Studio Monitor
Thread with TID = 140736395740864 read: Gaming Monitor
Thread with TID = 140736448169664 read: VR Headset
Thread with TID = 140736695633600 read: Solar Charger
Thread with TID = 140736855017152 read: Gaming Chair
Thread with TID = 140736427198144 read: GoPro
Thread with TID = 140736844531392 read: USB Hub
Thread with TID = 140736374769344 read: Echo Dot
Thread with TID = 140736332826304 read: Smart Showerhead
Thread with TID = 140736322340544 read: Drone
Thread with TID = 140736311854784 read: Kindle Paperwhite
Thread with TID = 140736364283584 read: Smart Glasses
Thread with TID = 140736834045632 read: Robot Vacuum
Thread with TID = 140736917931712 read: AirPods
Thread with TID = 140736353797824       (read and found): ((Wireless Charger))
Thread with TID = 140736748062400 read: Portable Charger
Thread with TID = 140736343312064 read: 4K Monitor
Thread with TID = 140736737576640 read: Laser Projector
Thread with TID = 140736727090880 read: Wireless Mouse
Thread with TID = 140736716605120 read: Smartwatch
Thread with TID = 140736706119360 read: Camera
Thread with TID = 140736301369024 read: Fitness Tracker
Thread with TID = 140736290883264       (read and found): ((iPhone11))
Thread with TID = 140736045516480 read: Smart Plug
Thread with TID = 140736613844672 read: Airpod3
Thread with TID = 140736949388992 read: LED Strip Lights
Thread with TID = 140736907445952 read: Digital Alarm Clock
Thread with TID = 140736603358912 read: Gaming Mouse
Thread with TID = 140736211191488 read: Galaxy S23
Thread with TID = 140736886474432 read: 3D Printer
Thread with TID = 140736592873152       (read and found): ((Smartphone))
Thread with TID = 140736437683904 read: Power Bank
Thread with TID = 140736035030720 read: Tablet Stand
Thread with TID = 140736582387392 read: Smart Light Bulb
Thread with TID = 140736200705728 read: HD Webcam
Thread with TID = 140736571901632 read: Wireless Microphone
Thread with TID = 140737035372224 read: iPhone13
Thread with TID = 140736561415872 read: Smart Home Hub
Thread with TID = 140736190219968 read: Smart Doorbell
Thread with TID = 140736179734208       (read and found): ((Laptop))
Thread with TID = 140736169248448 read: Surface Pro
Thread with TID = 140736158762688 read: Smart Water Bottle
Thread with TID = 140736076973760 read: Noise-Canceling Headphones
Thread with TID = 140736066488000 read: Gaming Console
Thread with TID = 140736056002240 read: External Hard Drive
Thread with TID = 140736875988672 read: Streaming Webcam
