Process PID: 35190
Thread with TID = 132514265958080 read: Action Camera
Thread with TID = 132514255472320 read: Mini Drone
Thread with TID = 132514224015040 read: Gaming Router
Thread with TID = 132514234500800 read: Dash Cam
Thread with TID = 132514244986560 read: Speaker
Thread with TID = 132514203043520 read: Smart Thermostat
Thread with TID = 132514068825792 read: Bluetooth Keyboard
Thread with TID = 132514100283072 read: Electric Kettle
Thread with TID = 132514016396992 read: Digital Tape Measure
Thread with TID = 132514079311552 read: iPhone14
Thread with TID = 132514192557760 read: E-Reader
Thread with TID = 132513984939712 read: Electric Blanket
Thread with TID = 132514026882752 read: Home Security Camera
Thread with TID = 132514089797312 read: Portable Bluetooth Adapter
Thread with TID = 132514037368512 read: Digital Frame
Thread with TID = 132514058340032 read: Mechanical Keyboard
Thread with TID = 132514005911232 read: TV
Thread with TID = 132513995425472 read: MacBook Air
Thread with TID = 132514182072000 read: Electric Scooter
Thread with TID = 132514047854272 read: Soundbar
Thread with TID = 132513898956480 read: Portable Projector
Thread with TID = 132514213529280 read: Mini Fridge
Thread with TID = 132513888470720 read: Tablet
Thread with TID = 132513867499200 read: LED Strip Lights
Thread with TID = 132513877984960 read: iPhone13
Thread with TID = 132513846527680 read: Headphones
Thread with TID = 132513697629888 read: AirPods
Thread with TID = 132513857013440 read: Bluetooth Speaker
Thread with TID = 132513687144128 read: Digital Alarm Clock
Thread with TID = 132513475331776 read: Robot Vacuum
Thread with TID = 132513645201088 read: Smart Backpack
Thread with TID = 132513496303296 read: Gaming Chair
Thread with TID = 132513676658368 read: Electric Standing Desk
Thread with TID = 132513666172608 read: 3D Printer
Thread with TID = 132513655686848 read: Streaming Webcam
Thread with TID = 132513485817536 read: USB Hub
Thread with TID = 132513454360256 read: Laser Projector
Thread with TID = 132513464846016 read: Portable Charger
Thread with TID = 132513443874496 read: Wireless Mouse
Thread with TID = 132513351599808 read: Camera
Thread with TID = 132513362085568 read: Smartwatch
Thread with TID = 132513341114048 read: Solar Charger
Thread with TID = 132513320142528 read: MacBook Pro
Thread with TID = 132513330628288 read: Electric Bike
Thread with TID = 132513299171008 read: VR Headset
Thread with TID = 132513288685248 read: Power Bank
Thread with TID = 132513246742208 read: Gaming Monitor
Thread with TID = 132513225770688 read: Echo Dot
Thread with TID = 132513204799168 read: Wireless Charger
Thread with TID = 132513267713728 read: Wireless Earbuds
Thread with TID = 132513215284928 read: Smart Glasses
Thread with TID = 132513173341888 read: Drone
Thread with TID = 132513068484288 read: Galaxy S23
Thread with TID = 132513120913088 read: Gaming Mouse
Thread with TID = 132513089455808 read: Wireless Microphone
Thread with TID = 132513257227968 read: Studio Monitor
Thread with TID = 132513131398848 read: Airpod3
Thread with TID = 132513152370368 read: Fitness Tracker
Thread with TID = 132513236256448 read: Wi-Fi Extender
Thread with TID = 132513162856128 read: Kindle Paperwhite
Thread with TID = 132513309656768 read: Streaming Stick
Thread with TID = 132513141884608 read: iPhone11
Thread with TID = 132513099941568 read: Smart Light Bulb
Thread with TID = 132513278199488 read: GoPro
Thread with TID = 132513110427328 read: Smartphone
Thread with TID = 132513078970048 read: Smart Home Hub
Thread with TID = 132513194313408 read: 4K Monitor
Thread with TID = 132513047512768 read: Smart Doorbell
Thread with TID = 132513183827648 read: Smart Showerhead
Thread with TID = 132513026541248 read: Surface Pro
Thread with TID = 132513037027008 read: Laptop
Thread with TID = 132513057998528 read: HD Webcam
Thread with TID = 132513016055488 read: Smart Water Bottle
Thread with TID = 132513005569728 read: Noise-Canceling Headphones
Thread with TID = 132512995083968 read: Gaming Console
Thread with TID = 132512984598208 read: External Hard Drive
Thread with TID = 132512963626688 read: Tablet Stand
Thread with TID = 132512974112448 read: Smart Plug
