Process PID: 37200
Thread with TID = 133515014309568 read: Mini Fridge
Thread with TID = 133515066738368 read: Action Camera
Thread with TID = 133515024795328 read: Gaming Router
Thread with TID = 133514982852288 read: Electric Scooter
Thread with TID = 133515056252608 read: Mini Drone
Thread with TID = 133514993338048 read: E-Reader
Thread with TID = 133514961880768 read: Portable Bluetooth Adapter
Thread with TID = 133514972366528 read: Electric Kettle
Thread with TID = 133514940909248 read: Bluetooth Keyboard
Thread with TID = 133514930423488 read: Mechanical Keyboard
Thread with TID = 133515003823808 read: Smart Thermostat
Thread with TID = 133514898966208 read: Home Security Camera
Thread with TID = 133514909451968 read: Digital Frame
Thread with TID = 133514951395008 read: iPhone14
Thread with TID = 133515045766848 read: Speaker
Thread with TID = 133515035281088 read: Dash Cam
Thread with TID = 133514919937728 read: Soundbar
Thread with TID = 133514888480448 read: Digital Tape Measure
Thread with TID = 133514739582656 read: LED Strip Lights
Thread with TID = 133514877994688 read: TV
Thread with TID = 133514527770304 read: Streaming Webcam
Thread with TID = 133514708125376 read: AirPods
Thread with TID = 133514718611136 read: Headphones
Thread with TID = 133514867508928 read: MacBook Air
Thread with TID = 133514475341504 read: Portable Charger
Thread with TID = 133514729096896 read: Bluetooth Speaker
Thread with TID = 133514517284544 read: Smart Backpack
Thread with TID = 133514857023168 read: Electric Blanket
Thread with TID = 133514464855744 read: Laser Projector
Thread with TID = 133514485827264 read: Robot Vacuum
Thread with TID = 133514506798784 read: Gaming Chair
Thread with TID = 133514548741824 read: Electric Standing Desk
Thread with TID = 133514760554176 read: Tablet
Thread with TID = 133514496313024 read: USB Hub
Thread with TID = 133514846537408 read: Portable Projector
Thread with TID = 133514559227584 read: Digital Alarm Clock
Thread with TID = 133514433398464 read: Camera
Thread with TID = 133514278209216 read: Electric Bike
Thread with TID = 133514454369984 read: Wireless Mouse
Thread with TID = 133514538256064 read: 3D Printer
Thread with TID = 133514443884224 read: Smartwatch
Thread with TID = 133514267723456 read: MacBook Pro
Thread with TID = 133514288694976 read: Solar Charger
Thread with TID = 133514257237696 read: Streaming Stick
Thread with TID = 133514750068416 read: iPhone13
Thread with TID = 133514246751936 read: VR Headset
Thread with TID = 133514422912704 read: Power Bank
Thread with TID = 133514401941184 read: Wireless Earbuds
Thread with TID = 133514225780416 read: Smart Glasses
Thread with TID = 133514412426944 read: GoPro
Thread with TID = 133514380969664 read: Gaming Monitor
Thread with TID = 133514391455424 read: Studio Monitor
Thread with TID = 133514370483904 read: Wi-Fi Extender
Thread with TID = 133514236266176 read: Echo Dot
Thread with TID = 133514215294656 read: Wireless Charger
Thread with TID = 133514204808896 read: 4K Monitor
Thread with TID = 133514194323136 read: Smart Showerhead
Thread with TID = 133514183837376 read: Drone
Thread with TID = 133514131408576 read: Gaming Mouse
Thread with TID = 133514173351616 read: Kindle Paperwhite
Thread with TID = 133514110437056 read: Smart Light Bulb
Thread with TID = 133514162865856 read: Fitness Tracker
Thread with TID = 133514152380096 read: iPhone11
Thread with TID = 133514141894336 read: Airpod3
Thread with TID = 133514089465536 read: Smart Home Hub
Thread with TID = 133514120922816 read: Smartphone
Thread with TID = 133514099951296 read: Wireless Microphone
Thread with TID = 133514078979776 read: Galaxy S23
Thread with TID = 133514005579456 read: Gaming Console
Thread with TID = 133514068494016 read: HD Webcam
Thread with TID = 133514058008256 read: Smart Doorbell
Thread with TID = 133514047522496       (read and found): ((Laptop))
Thread with TID = 133514037036736 read: Surface Pro
Thread with TID = 133514026550976 read: Smart Water Bottle
Thread with TID = 133514016065216 read: Noise-Canceling Headphones
Thread with TID = 133513995093696 read: External Hard Drive
Thread with TID = 133513984607936 read: Smart Plug
Thread with TID = 133513974122176 read: Tablet Stand
