Process PID: 8720
Thread with TID = 124077601720000 read: Dash Cam
Thread with TID = 124077622691520 read: Mini Drone
Thread with TID = 124077446530752 read: Mini Fridge
Thread with TID = 124077612205760 read: Speaker
Thread with TID = 124077436044992 read: Smart Thermostat
Thread with TID = 124077591234240 read: Gaming Router
Thread with TID = 124077633177280 read: Action Camera
Thread with TID = 124077425559232 read: E-Reader
Thread with TID = 124077498959552 read: Electric Kettle
Thread with TID = 124077457016512 read: Mechanical Keyboard
Thread with TID = 124077297632960 read: TV
Thread with TID = 124077394101952 read: Home Security Camera
Thread with TID = 124077509445312 read: Electric Scooter
Thread with TID = 124077287147200 read: MacBook Air
Thread with TID = 124077488473792 read: Portable Bluetooth Adapter
Thread with TID = 124077308118720 read: Digital Tape Measure
Thread with TID = 124077266175680 read: Portable Projector
Thread with TID = 124077276661440 read: Electric Blanket
Thread with TID = 124077477988032 read: iPhone14
Thread with TID = 124077467502272 read: Bluetooth Keyboard
Thread with TID = 124077039683264 read: iPhone13
Thread with TID = 124077255689920 read: Tablet
Thread with TID = 124077415073472 read: Soundbar
Thread with TID = 124077404587712 read: Digital Frame
Thread with TID = 124077029197504 read: LED Strip Lights
Thread with TID = 124077018711744 read: Bluetooth Speaker
Thread with TID = 124077008225984 read: Headphones
Thread with TID = 124076997740224 read: AirPods
Thread with TID = 124076987254464 read: Digital Alarm Clock
Thread with TID = 124076913854144 read: Robot Vacuum
Thread with TID = 124076955797184 read: Streaming Webcam
Thread with TID = 124076934825664 read: Gaming Chair
Thread with TID = 124076892882624 read: Laser Projector
Thread with TID = 124076966282944 read: 3D Printer
Thread with TID = 124076850939584 read: Solar Charger
Thread with TID = 124076840453824 read: Electric Bike
Thread with TID = 124076903368384 read: Portable Charger
Thread with TID = 124076882396864 read: Wireless Mouse
Thread with TID = 124076976768704 read: Electric Standing Desk
Thread with TID = 124076871911104 read: Smartwatch
Thread with TID = 124076945311424 read: Smart Backpack
Thread with TID = 124076829968064 read: MacBook Pro
Thread with TID = 124076808996544 read: VR Headset
Thread with TID = 124076861425344 read: Camera
Thread with TID = 124076819482304 read: Streaming Stick
Thread with TID = 124076798510784 read: Power Bank
Thread with TID = 124076924339904 read: USB Hub
Thread with TID = 124076788025024 read: GoPro
Thread with TID = 124076725110464 read: Smart Glasses
Thread with TID = 124076704138944 read: 4K Monitor
Thread with TID = 124076651710144 read: iPhone11
Thread with TID = 124076620252864 read: Smartphone
Thread with TID = 124076630738624 read: Gaming Mouse
Thread with TID = 124076777539264 read: Wireless Earbuds
Thread with TID = 124076767053504 read: Studio Monitor
Thread with TID = 124076609767104 read: Smart Light Bulb
Thread with TID = 124076756567744 read: Gaming Monitor
Thread with TID = 124076735596224 read: Echo Dot
Thread with TID = 124076714624704 read: Wireless Charger
Thread with TID = 124076578309824 read: Galaxy S23
Thread with TID = 124076662195904 read: Fitness Tracker
Thread with TID = 124076641224384 read: Airpod3
Thread with TID = 124076746081984 read: Wi-Fi Extender
Thread with TID = 124076693653184 read: Smart Showerhead
Thread with TID = 124076683167424 read: Drone
Thread with TID = 124076672681664 read: Kindle Paperwhite
Thread with TID = 124076588795584 read: Smart Home Hub
Thread with TID = 124076567824064 read: HD Webcam
Thread with TID = 124076412634816 read: Laptop
Thread with TID = 124076402149056 read: Surface Pro
Thread with TID = 124076381177536 read: Noise-Canceling Headphones
Thread with TID = 124076423120576 read: Smart Doorbell
Thread with TID = 124076360206016 read: External Hard Drive
Thread with TID = 124076339234496 read: Tablet Stand
Thread with TID = 124076349720256 read: Smart Plug
Thread with TID = 124076370691776 read: Gaming Console
Thread with TID = 124076391663296 read: Smart Water Bottle
Thread with TID = 124076599281344 read: Wireless Microphone
