Process PID: 17173
Thread with TID = 135204129736384 read: Toy Telescope
Thread with TID = 135204108764864 read: Yo-Yo
Thread with TID = 135204119250624 read: Plush Toy
Thread with TID = 135204213622464 read: Marbles
Thread with TID = 135204203136704 read: Dinosaur Toy
Thread with TID = 135204140222144 read: Water Gun
Thread with TID = 135204014393024 read: Toy Fishing Set
Thread with TID = 135204150707904 read: Robot Toy
Thread with TID = 135204035364544 read: Remote-Controlled Car
Thread with TID = 135204161193664 read: Toy House
Thread with TID = 135204171679424 read: Monopoly
Thread with TID = 135204045850304 read: Jigsaw Puzzle
Thread with TID = 135204024878784 read: Slinky
Thread with TID = 135204087793344 read: Toy Submarine
Thread with TID = 135204098279104 read: Toy Crown
Thread with TID = 135204056336064 read: Action Hero Figure
Thread with TID = 135204066821824 read: Puzzle
Thread with TID = 135204192650944 read: Mini Pool Table
Thread with TID = 135204077307584 read: Toy Zoo
Thread with TID = 135204003907264 read: Basketball Hoop Toy
Thread with TID = 135204182165184 read: Spinning Top
Thread with TID = 135202640758464 read: Miniature Train Set
Thread with TID = 135202470889152 read: RC Drone
Thread with TID = 135203859203776 read: Toy Soldier Set
Thread with TID = 135203838232256 read: Toy Kitchen Set
Thread with TID = 135203657877184 read: Toy Car
Thread with TID = 135202651244224 read: Slime Kit
Thread with TID = 135202831599296 read: Wooden Train Set
Thread with TID = 135202842085056 read: Toy Garage
Thread with TID = 135203880175296 read: Toy Binoculars
Thread with TID = 135203488007872 read: RC Helicopter
Thread with TID = 135203255224000 read: Toy Airplane
Thread with TID = 135203993421504 read: Bow and Arrow Set
Thread with TID = 135203678848704 read: Toy Train
Thread with TID = 135203982935744 read: Action Figure
Thread with TID = 135203972449984 read: Toy Boat
Thread with TID = 135203890661056 read: Toy Ambulance
Thread with TID = 135203869689536 read: Foam Sword
Thread with TID = 135203848718016 read: Toy Gardening Tools
Thread with TID = 135203668362944 read: Toy Vehicles
Thread with TID = 135203647391424 read: Toy Golf Set
Thread with TID = 135203636905664 read: Board Game
Thread with TID = 135203477522112 read: Toy Guitar
Thread with TID = 135203467036352 read: Superhero Costume
Thread with TID = 135203456550592 read: Toy Doctor Kit
Thread with TID = 135203265709760 read: Toy Microscope
Thread with TID = 135203446064832 read: Toy Castle
Thread with TID = 135203435579072 read: Lego Set
Thread with TID = 135203286681280 read: Building Blocks
Thread with TID = 135202661729984 read: Toy Animals
Thread with TID = 135203276195520 read: Wooden Blocks
Thread with TID = 135203085354688 read: Scrabble
Thread with TID = 135202630272704 read: Dart Board
Thread with TID = 135203244738240 read: Toy Drum Set
Thread with TID = 135203234252480 read: Play-Doh Set
Thread with TID = 135203043411648 read: Rubik's Cube
Thread with TID = 135203032925888 read: Kite
Thread with TID = 135203074868928 read: Chess Set
Thread with TID = 135202884028096 read: Checkers
Thread with TID = 135203064383168 read: Toy Cooking Tools
Thread with TID = 135203053897408 read: Uno Cards
Thread with TID = 135202863056576 read: Toy Bowling Set
Thread with TID = 135202682701504 read: Stuffed Animal
Thread with TID = 135202672215744 read: Toy Fire Truck
Thread with TID = 135202481374912 read: Barbie Doll
Thread with TID = 135202460403392 read: Nerf Gun
Thread with TID = 135202449917632 read: Magic Kit
Thread with TID = 135202439431872 read: Toy Spaceship
Thread with TID = 135202428946112 read: Toy Farm Set
Thread with TID = 135202280048320 read: Bouncing Ball
Thread with TID = 135202269562560 read: Mini Golf Set
Thread with TID = 135202259076800 read: Toy Police Car
Thread with TID = 135202248591040 read: Fairy Wand
Thread with TID = 135202238105280 read: Toy Air Hockey Table
Thread with TID = 135202227619520 read: Playing Cards
Thread with TID = 135202873542336 read: Toy Train Set
Thread with TID = 135202852570816 read: Princess Costume
Thread with TID = 135203689334464 read: Teddy Bear
Thread with TID = 135204224108224 read: Toy Camera
