Process PID: 12836
Thread with TID = 126657486653120 read: Toy Vehicles
Thread with TID = 126657465681600 read: Toy Golf Set
Thread with TID = 126657434224320 read: Toy Guitar
Thread with TID = 126657507624640 read: Teddy Bear
Thread with TID = 126657444710080 read: RC Helicopter
Thread with TID = 126657423738560 read: Superhero Costume
Thread with TID = 126657497138880 read: Toy Train
Thread with TID = 126657455195840 read: Board Game
Thread with TID = 126657476167360 read: Toy Car
Thread with TID = 126657832683200 read: Toy Camera
Thread with TID = 126657801225920 read: Mini Pool Table
Thread with TID = 126657811711680 read: Dinosaur Toy
Thread with TID = 126657675396800 read: Puzzle
Thread with TID = 126657790740160 read: Spinning Top
Thread with TID = 126657759282880 read: Robot Toy
Thread with TID = 126657822197440 read: Marbles
Thread with TID = 126657738311360 read: Toy Telescope
Thread with TID = 126657769768640 read: Toy House
Thread with TID = 126657748797120 read: Water Gun
Thread with TID = 126657780254400 read: Monopoly
Thread with TID = 126657664911040 read: Action Hero Figure
Thread with TID = 126657685882560 read: Toy Zoo
Thread with TID = 126657654425280 read: Jigsaw Puzzle
Thread with TID = 126657633453760 read: Slinky
Thread with TID = 126657643939520 read: Remote-Controlled Car
Thread with TID = 126657706854080 read: Toy Crown
Thread with TID = 126657402767040 read: Toy Castle
Thread with TID = 126657696368320 read: Toy Submarine
Thread with TID = 126657717339840 read: Yo-Yo
Thread with TID = 126657612482240 read: Basketball Hoop Toy
Thread with TID = 126657622968000 read: Toy Fishing Set
Thread with TID = 126657601996480 read: Bow and Arrow Set
Thread with TID = 126657591510720 read: Action Figure
Thread with TID = 126657413252800 read: Toy Doctor Kit
Thread with TID = 126657581024960 read: Toy Boat
Thread with TID = 126657570539200 read: Toy Ambulance
Thread with TID = 126657560053440 read: Toy Binoculars
Thread with TID = 126657549567680 read: Foam Sword
Thread with TID = 126657528596160 read: Toy Gardening Tools
Thread with TID = 126657539081920 read: Toy Soldier Set
Thread with TID = 126657518110400 read: Toy Kitchen Set
Thread with TID = 126657727825600 read: Plush Toy
Thread with TID = 126657392281280 read: Lego Set
Thread with TID = 126657287423680 read: Toy Microscope
Thread with TID = 126657276937920 read: Toy Airplane
Thread with TID = 126657266452160 read: Toy Drum Set
Thread with TID = 126657308395200 read: Building Blocks
Thread with TID = 126657297909440 read: Wooden Blocks
Thread with TID = 126656874284736 read: Slime Kit
Thread with TID = 126657255966400 read: Play-Doh Set
Thread with TID = 126656853313216 read: Dart Board
Thread with TID = 126656750552768 read: Nerf Gun
Thread with TID = 126656761038528 read: RC Drone
Thread with TID = 126656884770496 read: Toy Animals
Thread with TID = 126657008502464 read: Princess Costume
Thread with TID = 126656905742016 read: Stuffed Animal
Thread with TID = 126657174177472 read: Scrabble
Thread with TID = 126657029473984 read: Toy Train Set
Thread with TID = 126657039959744 read: Checkers
Thread with TID = 126656595363520 read: Toy Air Hockey Table
Thread with TID = 126656584877760 read: Playing Cards
Thread with TID = 126656863798976 read: Miniature Train Set
Thread with TID = 126656895256256 read: Toy Fire Truck
Thread with TID = 126656616335040 read: Toy Police Car
Thread with TID = 126656998016704 read: Toy Garage
Thread with TID = 126657132234432 read: Rubik's Cube
Thread with TID = 126656987530944 read: Wooden Train Set
Thread with TID = 126656626820800 read: Mini Golf Set
Thread with TID = 126657163691712 read: Chess Set
Thread with TID = 126656605849280 read: Fairy Wand
Thread with TID = 126657142720192 read: Uno Cards
Thread with TID = 126657121748672 read: Kite
Thread with TID = 126657153205952 read: Toy Cooking Tools
Thread with TID = 126656740067008 read: Magic Kit
Thread with TID = 126656719095488 read: Toy Farm Set
Thread with TID = 126656729581248 read: Toy Spaceship
Thread with TID = 126656771524288 read: Barbie Doll
Thread with TID = 126657018988224 read: Toy Bowling Set
Thread with TID = 126656637306560 read: Bouncing Ball
