Process PID: 13363
Thread with TID = 134536239253184 read: Toy Kitchen Set
Thread with TID = 134536354596544 read: Toy Fire Truck
Thread with TID = 134536260224704 read: RC Helicopter
Thread with TID = 134536344110784 read: Plush Toy
Thread with TID = 134536270710464 read: Toy Crown
Thread with TID = 134536312653504 read: Toy Binoculars
Thread with TID = 134536228767424 read: Bouncing Ball
Thread with TID = 134536302167744 read: Wooden Blocks
Thread with TID = 134536207795904 read: Action Hero Figure
Thread with TID = 134536291681984 read: Miniature Train Set
Thread with TID = 134536281196224 read: Dart Board
Thread with TID = 134536365082304 read: Teddy Bear
Thread with TID = 134536375568064 read: Toy Telescope
Thread with TID = 134536218281664 read: RC Drone
Thread with TID = 134536333625024 read: Chess Set
Thread with TID = 134536323139264 read: Spinning Top
Thread with TID = 134536249738944 read: Remote-Controlled Car
Thread with TID = 134536197310144 read: Slime Kit
Thread with TID = 134536186824384 read: Toy Police Car
Thread with TID = 134536058898112 read: Checkers
Thread with TID = 134536079869632 read: Toy Farm Set
Thread with TID = 134536069383872 read: Princess Costume
Thread with TID = 134535840794304 read: Toy Drum Set
Thread with TID = 134536090355392 read: Slinky
Thread with TID = 134536176338624 read: Playing Cards
Thread with TID = 134535945651904 read: Toy Train Set
Thread with TID = 134536048412352 read: Play-Doh Set
Thread with TID = 134535956137664 read: Action Figure
Thread with TID = 134535935166144 read: Toy Castle
Thread with TID = 134536037926592 read: Toy Garage
Thread with TID = 134535914194624 read: Toy Camera
Thread with TID = 134535903708864 read: Toy Doctor Kit
Thread with TID = 134535882737344 read: Toy Zoo
Thread with TID = 134535872251584 read: Toy Ambulance
Thread with TID = 134535861765824 read: Toy Bowling Set
Thread with TID = 134535851280064 read: Toy Boat
Thread with TID = 134535924680384 read: Toy Car
Thread with TID = 134535830308544 read: Building Blocks
Thread with TID = 134535798851264 read: Mini Golf Set
Thread with TID = 134535819822784 read: Bow and Arrow Set
Thread with TID = 134535610107584 read: Mini Pool Table
Thread with TID = 134535578650304 read: Toy House
Thread with TID = 134535547193024 read: Jigsaw Puzzle
Thread with TID = 134535557678784 read: Superhero Costume
Thread with TID = 134535809337024 read: Yo-Yo
Thread with TID = 134535536707264 read: Toy Air Hockey Table
Thread with TID = 134535526221504 read: Stuffed Animal
Thread with TID = 134535515735744 read: Kite
Thread with TID = 134535788365504 read: Lego Set
Thread with TID = 134535777879744 read: Toy Golf Set
Thread with TID = 134535767393984 read: Toy Guitar
Thread with TID = 134535620593344 read: Toy Fishing Set
Thread with TID = 134535599621824 read: Puzzle
Thread with TID = 134535589136064 read: Scrabble
Thread with TID = 134535568164544 read: Monopoly
Thread with TID = 134535505249984 read: Toy Vehicles
Thread with TID = 134535893223104 read: Magic Kit
Thread with TID = 134535473792704 read: Toy Spaceship
Thread with TID = 134535463306944 read: Wooden Train Set
Thread with TID = 134535452821184 read: Rubik's Cube
Thread with TID = 134535494764224 read: Toy Submarine
Thread with TID = 134535400392384 read: Marbles
Thread with TID = 134535484278464 read: Foam Sword
Thread with TID = 134535442335424 read: Toy Gardening Tools
Thread with TID = 134535389906624 read: Toy Soldier Set
Thread with TID = 134535431849664 read: Uno Cards
Thread with TID = 134535410878144 read: Robot Toy
Thread with TID = 134535421363904 read: Water Gun
Thread with TID = 134535379420864 read: Nerf Gun
Thread with TID = 134535368935104 read: Barbie Doll
Thread with TID = 134535347963584 read: Toy Train
Thread with TID = 134535358449344 read: Toy Microscope
Thread with TID = 134535316506304 read: Toy Animals
Thread with TID = 134535337477824 read: Toy Airplane
Thread with TID = 134535306020544 read: Toy Cooking Tools
Thread with TID = 134535326992064 read: Fairy Wand
Thread with TID = 134535295534784 read: Basketball Hoop Toy
Thread with TID = 134535274563264 read: Board Game
Thread with TID = 134535285049024 read: Dinosaur Toy
