Process PID: 8961
Thread with TID = 137040515565248 read: Teddy Bear
Thread with TID = 137040505079488 read: Toy Fire Truck
Thread with TID = 137040494593728 read: Plush Toy
Thread with TID = 137040526051008 read: Toy Telescope
Thread with TID = 137040484107968 read: Chess Set
Thread with TID = 137040381347520 read: Wooden Blocks
Thread with TID = 137040370861760 read: Miniature Train Set
Thread with TID = 137040257615552 read: Remote-Controlled Car
Thread with TID = 137040247129792 read: Toy Kitchen Set
Thread with TID = 137040236644032 read: Bouncing Ball
Thread with TID = 137040360376000 read: Dart Board
Thread with TID = 137040391833280 read: Spinning Top
Thread with TID = 137040349890240 read: Toy Crown
Thread with TID = 137040339404480 read: RC Helicopter
Thread with TID = 137040205186752 read: Slime Kit
Thread with TID = 137040473622208 read: Toy Binoculars
Thread with TID = 137040226158272 read: RC Drone
Thread with TID = 137040184215232 read: Playing Cards
Thread with TID = 137040215672512 read: Action Hero Figure
Thread with TID = 137040194700992 read: Toy Police Car
Thread with TID = 137040173729472 read: Slinky
Thread with TID = 137040142272192 read: Checkers
Thread with TID = 137040024831680 read: Toy Train Set
Thread with TID = 137040014345920 read: Toy Castle
Thread with TID = 137039854962368 read: Toy Camera
Thread with TID = 137040152757952 read: Princess Costume
Thread with TID = 137040163243712 read: Toy Farm Set
Thread with TID = 137039823505088 read: Toy Zoo
Thread with TID = 137040003860160 read: Toy Car
Thread with TID = 137039813019328 read: Toy Ambulance
Thread with TID = 137040045803200 read: Toy Garage
Thread with TID = 137040035317440 read: Action Figure
Thread with TID = 137039844476608 read: Toy Doctor Kit
Thread with TID = 137039833990848 read: Magic Kit
Thread with TID = 137039802533568 read: Toy Bowling Set
Thread with TID = 137040056288960 read: Play-Doh Set
Thread with TID = 137039720744640 read: Toy Boat
Thread with TID = 137039710258880 read: Toy Drum Set
Thread with TID = 137039699773120 read: Building Blocks
Thread with TID = 137039689287360 read: Bow and Arrow Set
Thread with TID = 137039576041152 read: Toy Golf Set
Thread with TID = 137039544583872 read: Mini Pool Table
Thread with TID = 137039523612352 read: Scrabble
Thread with TID = 137039555069632 read: Toy Fishing Set
Thread with TID = 137039513126592 read: Toy House
Thread with TID = 137039586526912 read: Lego Set
Thread with TID = 137039439726272 read: Toy Vehicles
Thread with TID = 137039429240512 read: Toy Submarine
Thread with TID = 137039534098112 read: Puzzle
Thread with TID = 137039450212032 read: Kite
Thread with TID = 137039502640832 read: Monopoly
Thread with TID = 137039668315840 read: Mini Golf Set
Thread with TID = 137039678801600 read: Yo-Yo
Thread with TID = 137039418754752 read: Foam Sword
Thread with TID = 137039471183552 read: Toy Air Hockey Table
Thread with TID = 137039492155072 read: Superhero Costume
Thread with TID = 137039397783232 read: Wooden Train Set
Thread with TID = 137039481669312 read: Jigsaw Puzzle
Thread with TID = 137039460697792 read: Stuffed Animal
Thread with TID = 137039408268992 read: Toy Spaceship
Thread with TID = 137039387297472 read: Rubik's Cube
Thread with TID = 137039565555392 read: Toy Guitar
Thread with TID = 137039376811712 read: Toy Gardening Tools
Thread with TID = 137039355840192 read: Water Gun
Thread with TID = 137039345354432 read: Robot Toy
Thread with TID = 137039334868672 read: Marbles
Thread with TID = 137039366325952 read: Uno Cards
Thread with TID = 137039324382912 read: Toy Soldier Set
Thread with TID = 137039303411392 read: Barbie Doll
Thread with TID = 137039292925632 read: Toy Microscope
Thread with TID = 137039313897152 read: Nerf Gun
Thread with TID = 137039282439872 read: Toy Train
Thread with TID = 137039240496832 read: Toy Cooking Tools
Thread with TID = 137039209039552 read: Board Game
Thread with TID = 137039250982592 read: Toy Animals
Thread with TID = 137039271954112 read: Toy Airplane
Thread with TID = 137039261468352 read: Fairy Wand
Thread with TID = 137039230011072 read: Basketball Hoop Toy
Thread with TID = 137039219525312 read: Dinosaur Toy
