Process PID: 11214
Thread with TID = 125316422960832 read: Teddy Bear
Thread with TID = 125316433446592 read: Toy Telescope
Thread with TID = 125316381017792 read: Spinning Top
Thread with TID = 125316391503552 read: Chess Set
Thread with TID = 125316412475072 read: Toy Fire Truck
Thread with TID = 125316261480128 read: Dart Board
Thread with TID = 125316271965888 read: Miniature Train Set
Thread with TID = 125316360046272 read: Wooden Blocks
Thread with TID = 125316250994368 read: Toy Crown
Thread with TID = 125316370532032 read: Toy Binoculars
Thread with TID = 125316240508608 read: RC Helicopter
Thread with TID = 125316401989312 read: Plush Toy
Thread with TID = 125316230022848 read: Remote-Controlled Car
Thread with TID = 125316064347840 read: Toy Farm Set
Thread with TID = 125316219537088 read: Toy Kitchen Set
Thread with TID = 125316074833600 read: Slinky
Thread with TID = 125316127262400 read: RC Drone
Thread with TID = 125316116776640 read: Action Hero Figure
Thread with TID = 125316137748160 read: Bouncing Ball
Thread with TID = 125316106290880 read: Slime Kit
Thread with TID = 125316095805120 read: Toy Police Car
Thread with TID = 125316085319360 read: Playing Cards
Thread with TID = 125316043376320 read: Checkers
Thread with TID = 125316053862080 read: Princess Costume
Thread with TID = 125316032890560 read: Play-Doh Set
Thread with TID = 125315873507008 read: Magic Kit
Thread with TID = 125315852535488 read: Toy Ambulance
Thread with TID = 125315863021248 read: Toy Zoo
Thread with TID = 125315925935808 read: Toy Train Set
Thread with TID = 125315915450048 read: Toy Castle
Thread with TID = 125315904964288 read: Toy Car
Thread with TID = 125315894478528 read: Toy Camera
Thread with TID = 125316022404800 read: Toy Garage
Thread with TID = 125315936421568 read: Action Figure
Thread with TID = 125315842049728 read: Toy Bowling Set
Thread with TID = 125315883992768 read: Toy Doctor Kit
Thread with TID = 125315821078208 read: Toy Drum Set
Thread with TID = 125315800106688 read: Bow and Arrow Set
Thread with TID = 125315831563968 read: Toy Boat
Thread with TID = 125315789620928 read: Yo-Yo
Thread with TID = 125315810592448 read: Building Blocks
Thread with TID = 125315768649408 read: Lego Set
Thread with TID = 125315779135168 read: Mini Golf Set
Thread with TID = 125315758163648 read: Toy Golf Set
Thread with TID = 125315747677888 read: Toy Guitar
Thread with TID = 125315705734848 read: Scrabble
Thread with TID = 125315695249088 read: Toy House
Thread with TID = 125315684763328 read: Monopoly
Thread with TID = 125315674277568 read: Superhero Costume
Thread with TID = 125315737192128 read: Toy Fishing Set
Thread with TID = 125315716220608 read: Puzzle
Thread with TID = 125315726706368 read: Mini Pool Table
Thread with TID = 125315663791808 read: Jigsaw Puzzle
Thread with TID = 125315632334528 read: Kite
Thread with TID = 125315621848768 read: Toy Vehicles
Thread with TID = 125315579905728 read: Wooden Train Set
Thread with TID = 125315590391488 read: Toy Spaceship
Thread with TID = 125315527476928 read: Robot Toy
Thread with TID = 125315569419968 read: Rubik's Cube
Thread with TID = 125315653306048 read: Toy Air Hockey Table
Thread with TID = 125315642820288 read: Stuffed Animal
Thread with TID = 125315611363008 read: Toy Submarine
Thread with TID = 125315516991168 read: Marbles
Thread with TID = 125315537962688 read: Water Gun
Thread with TID = 125315548448448 read: Uno Cards
Thread with TID = 125315558934208 read: Toy Gardening Tools
Thread with TID = 125315600877248 read: Foam Sword
Thread with TID = 125315506505408 read: Toy Soldier Set
Thread with TID = 125315496019648 read: Nerf Gun
Thread with TID = 125315475048128 read: Toy Microscope
Thread with TID = 125315454076608 read: Toy Airplane
Thread with TID = 125315443590848 read: Fairy Wand
Thread with TID = 125315433105088 read: Toy Animals
Thread with TID = 125315485533888 read: Barbie Doll
Thread with TID = 125315464562368 read: Toy Train
Thread with TID = 125315422619328 read: Toy Cooking Tools
Thread with TID = 125315412133568 read: Basketball Hoop Toy
Thread with TID = 125315401647808 read: Dinosaur Toy
Thread with TID = 125315391162048 read: Board Game
