Process PID: 15547
Thread with TID = 138243674736320 read: Chess Set
Thread with TID = 138243716679360 read: Toy Telescope
Thread with TID = 138243706193600 read: Teddy Bear
Thread with TID = 138243695707840 read: Toy Fire Truck
Thread with TID = 138243685222080 read: Plush Toy
Thread with TID = 138243601336000 read: RC Helicopter
Thread with TID = 138243653764800 read: Toy Binoculars
Thread with TID = 138243590850240 read: Remote-Controlled Car
Thread with TID = 138243664250560 read: Spinning Top
Thread with TID = 138243643279040 read: Wooden Blocks
Thread with TID = 138243559392960 read: RC Drone
Thread with TID = 138243569878720 read: Bouncing Ball
Thread with TID = 138243611821760 read: Toy Crown
Thread with TID = 138243580364480 read: Toy Kitchen Set
Thread with TID = 138243622307520 read: Dart Board
Thread with TID = 138243632793280 read: Miniature Train Set
Thread with TID = 138243538421440 read: Slime Kit
Thread with TID = 138243548907200 read: Action Hero Figure
Thread with TID = 138243431466688 read: Slinky
Thread with TID = 138243410495168 read: Princess Costume
Thread with TID = 138243198682816 read: Toy Car
Thread with TID = 138243420980928 read: Toy Farm Set
Thread with TID = 138243452438208 read: Toy Police Car
Thread with TID = 138243400009408 read: Checkers
Thread with TID = 138243116893888 read: Toy Camera
Thread with TID = 138243251111616 read: Play-Doh Set
Thread with TID = 138243441952448 read: Playing Cards
Thread with TID = 138243095922368 read: Magic Kit
Thread with TID = 138243230140096 read: Action Figure
Thread with TID = 138243219654336 read: Toy Train Set
Thread with TID = 138243209168576 read: Toy Castle
Thread with TID = 138243106408128 read: Toy Doctor Kit
Thread with TID = 138243240625856 read: Toy Garage
Thread with TID = 138243064465088 read: Toy Bowling Set
Thread with TID = 138243074950848 read: Toy Ambulance
Thread with TID = 138242930247360 read: Mini Golf Set
Thread with TID = 138242837972672 read: Toy Golf Set
Thread with TID = 138242982676160 read: Toy Boat
Thread with TID = 138243085436608 read: Toy Zoo
Thread with TID = 138242951218880 read: Bow and Arrow Set
Thread with TID = 138242940733120 read: Yo-Yo
Thread with TID = 138242972190400 read: Toy Drum Set
Thread with TID = 138242806515392 read: Mini Pool Table
Thread with TID = 138242848458432 read: Lego Set
Thread with TID = 138242817001152 read: Toy Fishing Set
Thread with TID = 138242827486912 read: Toy Guitar
Thread with TID = 138242796029632 read: Puzzle
Thread with TID = 138242714240704 read: Scrabble
Thread with TID = 138242693269184 read: Monopoly
Thread with TID = 138242703754944 read: Toy House
Thread with TID = 138242682783424 read: Superhero Costume
Thread with TID = 138242961704640 read: Building Blocks
Thread with TID = 138242672297664 read: Jigsaw Puzzle
Thread with TID = 138242619868864 read: Toy Submarine
Thread with TID = 138242661811904 read: Toy Air Hockey Table
Thread with TID = 138242598897344 read: Toy Spaceship
Thread with TID = 138242651326144 read: Stuffed Animal
Thread with TID = 138242577925824 read: Rubik's Cube
Thread with TID = 138242609383104 read: Foam Sword
Thread with TID = 138242525497024 read: Marbles
Thread with TID = 138242630354624 read: Toy Vehicles
Thread with TID = 138242494039744 read: Barbie Doll
Thread with TID = 138242515011264 read: Toy Soldier Set
Thread with TID = 138242483553984 read: Toy Microscope
Thread with TID = 138242567440064 read: Toy Gardening Tools
Thread with TID = 138242556954304 read: Uno Cards
Thread with TID = 138242504525504 read: Nerf Gun
Thread with TID = 138242462582464 read: Toy Airplane
Thread with TID = 138242431125184 read: Toy Cooking Tools
Thread with TID = 138242546468544 read: Water Gun
Thread with TID = 138242640840384 read: Kite
Thread with TID = 138242473068224 read: Toy Train
Thread with TID = 138242410153664 read: Dinosaur Toy
Thread with TID = 138242535982784 read: Robot Toy
Thread with TID = 138242441610944 read: Toy Animals
Thread with TID = 138242452096704 read: Fairy Wand
Thread with TID = 138242588411584 read: Wooden Train Set
Thread with TID = 138242420639424 read: Basketball Hoop Toy
Thread with TID = 138242399667904 read: Board Game
