Process PID: 6172
Thread with TID = 125075911083712 read: Toy Fire Truck
Thread with TID = 125075879626432 read: Spinning Top
Thread with TID = 125075869140672 read: Toy Binoculars
Thread with TID = 125075890112192 read: Chess Set
Thread with TID = 125075900597952 read: Plush Toy
Thread with TID = 125075932055232 read: Toy Telescope
Thread with TID = 125075848169152 read: Miniature Train Set
Thread with TID = 125075858654912 read: Wooden Blocks
Thread with TID = 125075837683392 read: Dart Board
Thread with TID = 125075743311552 read: RC Helicopter
Thread with TID = 125075722340032 read: Toy Kitchen Set
Thread with TID = 125075753797312 read: Toy Crown
Thread with TID = 125075921569472 read: Teddy Bear
Thread with TID = 125075701368512 read: RC Drone
Thread with TID = 125075732825792 read: Remote-Controlled Car
Thread with TID = 125075711854272 read: Bouncing Ball
Thread with TID = 125075609093824 read: Slime Kit
Thread with TID = 125075567150784 read: Toy Farm Set
Thread with TID = 125075619579584 read: Action Hero Figure
Thread with TID = 125075598608064 read: Toy Police Car
Thread with TID = 125075577636544 read: Slinky
Thread with TID = 125075365824192 read: Toy Train Set
Thread with TID = 125075418252992 read: Princess Costume
Thread with TID = 125075252577984 read: Toy Doctor Kit
Thread with TID = 125075189663424 read: Toy Drum Set
Thread with TID = 125075407767232 read: Checkers
Thread with TID = 125075386795712 read: Toy Garage
Thread with TID = 125075284035264 read: Toy Castle
Thread with TID = 125075231606464 read: Toy Zoo
Thread with TID = 125075397281472 read: Play-Doh Set
Thread with TID = 125075210634944 read: Toy Bowling Set
Thread with TID = 125075221120704 read: Toy Ambulance
Thread with TID = 125075168691904 read: Bow and Arrow Set
Thread with TID = 125075242092224 read: Magic Kit
Thread with TID = 125075200149184 read: Toy Boat
Thread with TID = 125075263063744 read: Toy Camera
Thread with TID = 125075376309952 read: Action Figure
Thread with TID = 125075273549504 read: Toy Car
Thread with TID = 125075588122304 read: Playing Cards
Thread with TID = 125075158206144 read: Yo-Yo
Thread with TID = 125075179177664 read: Building Blocks
Thread with TID = 125075147720384 read: Mini Golf Set
Thread with TID = 125075116263104 read: Toy Guitar
Thread with TID = 125075105777344 read: Toy Fishing Set
Thread with TID = 125075126748864 read: Toy Golf Set
Thread with TID = 125075137234624 read: Lego Set
Thread with TID = 125074948490944 read: Puzzle
Thread with TID = 125075095291584 read: Mini Pool Table
Thread with TID = 125074906547904 read: Superhero Costume
Thread with TID = 125074938005184 read: Scrabble
Thread with TID = 125074917033664 read: Monopoly
Thread with TID = 125074896062144 read: Jigsaw Puzzle
Thread with TID = 125074927519424 read: Toy House
Thread with TID = 125074885576384 read: Toy Air Hockey Table
Thread with TID = 125074875090624 read: Stuffed Animal
Thread with TID = 125074854119104 read: Toy Vehicles
Thread with TID = 125074843633344 read: Toy Submarine
Thread with TID = 125074833147584 read: Foam Sword
Thread with TID = 125074822661824 read: Toy Spaceship
Thread with TID = 125074812176064 read: Wooden Train Set
Thread with TID = 125074801690304 read: Rubik's Cube
Thread with TID = 125074864604864 read: Kite
Thread with TID = 125074791204544 read: Toy Gardening Tools
Thread with TID = 125074780718784 read: Uno Cards
Thread with TID = 125074770233024 read: Water Gun
Thread with TID = 125074759747264 read: Robot Toy
Thread with TID = 125074738775744 read: Toy Soldier Set
Thread with TID = 125074728289984 read: Nerf Gun
Thread with TID = 125074717804224 read: Barbie Doll
Thread with TID = 125074749261504 read: Marbles
Thread with TID = 125074707318464 read: Toy Microscope
Thread with TID = 125074696832704 read: Toy Train
Thread with TID = 125074665375424 read: Toy Animals
Thread with TID = 125074654889664 read: Toy Cooking Tools
Thread with TID = 125074675861184 read: Fairy Wand
Thread with TID = 125074633918144 read: Dinosaur Toy
Thread with TID = 125074686346944 read: Toy Airplane
Thread with TID = 125074623432384 read: Board Game
Thread with TID = 125074644403904 read: Basketball Hoop Toy
