Process PID: 18055
Thread with TID = 132214415165120 read: Toy Binoculars
Thread with TID = 132214478079680 read: Toy Telescope
Thread with TID = 132214404679360 read: Wooden Blocks
Thread with TID = 132214436136640 read: Chess Set
Thread with TID = 132214425650880 read: Spinning Top
Thread with TID = 132214373222080 read: Toy Crown
Thread with TID = 132214394193600 read: Miniature Train Set
Thread with TID = 132214123660992 read: Bouncing Ball
Thread with TID = 132214341764800 read: Toy Kitchen Set
Thread with TID = 132214352250560 read: Remote-Controlled Car
Thread with TID = 132214446622400 read: Plush Toy
Thread with TID = 132214383707840 read: Dart Board
Thread with TID = 132214457108160 read: Toy Fire Truck
Thread with TID = 132214362736320 read: RC Helicopter
Thread with TID = 132214257878720 read: RC Drone
Thread with TID = 132214247392960 read: Action Hero Figure
Thread with TID = 132214236907200 read: Slime Kit
Thread with TID = 132214205449920 read: Slinky
Thread with TID = 132214113175232 read: Toy Farm Set
Thread with TID = 132214102689472 read: Princess Costume
Thread with TID = 132214060746432 read: Action Figure
Thread with TID = 132214029289152 read: Toy Car
Thread with TID = 132214050260672 read: Toy Train Set
Thread with TID = 132214039774912 read: Toy Castle
Thread with TID = 132214092203712 read: Checkers
Thread with TID = 132214226421440 read: Toy Police Car
Thread with TID = 132214215935680 read: Playing Cards
Thread with TID = 132214018803392 read: Toy Camera
Thread with TID = 132214081717952 read: Play-Doh Set
Thread with TID = 132214008317632 read: Toy Doctor Kit
Thread with TID = 132214071232192 read: Toy Garage
Thread with TID = 132214467593920 read: Teddy Bear
Thread with TID = 132213922334400 read: Magic Kit
Thread with TID = 132213911848640 read: Toy Zoo
Thread with TID = 132213901362880 read: Toy Ambulance
Thread with TID = 132213880391360 read: Toy Boat
Thread with TID = 132213848934080 read: Bow and Arrow Set
Thread with TID = 132213838448320 read: Yo-Yo
Thread with TID = 132213817476800 read: Lego Set
Thread with TID = 132213765048000 read: Puzzle
Thread with TID = 132213775533760 read: Mini Pool Table
Thread with TID = 132213733590720 read: Monopoly
Thread with TID = 132213806991040 read: Toy Golf Set
Thread with TID = 132213796505280 read: Toy Guitar
Thread with TID = 132213754562240 read: Scrabble
Thread with TID = 132213744076480 read: Toy House
Thread with TID = 132213786019520 read: Toy Fishing Set
Thread with TID = 132213691647680 read: Stuffed Animal
Thread with TID = 132213681161920 read: Kite
Thread with TID = 132213649704640 read: Foam Sword
Thread with TID = 132213723104960 read: Superhero Costume
Thread with TID = 132213712619200 read: Jigsaw Puzzle
Thread with TID = 132213660190400 read: Toy Submarine
Thread with TID = 132213702133440 read: Toy Air Hockey Table
Thread with TID = 132213670676160 read: Toy Vehicles
Thread with TID = 132213869905600 read: Toy Drum Set
Thread with TID = 132213859419840 read: Building Blocks
Thread with TID = 132213639218880 read: Toy Spaceship
Thread with TID = 132213890877120 read: Toy Bowling Set
Thread with TID = 132213628733120 read: Wooden Train Set
Thread with TID = 132213827962560 read: Mini Golf Set
Thread with TID = 132213509195456 read: Water Gun
Thread with TID = 132213488223936 read: Marbles
Thread with TID = 132213467252416 read: Nerf Gun
Thread with TID = 132213364491968 read: Toy Train
Thread with TID = 132213374977728 read: Toy Microscope
Thread with TID = 132213607761600 read: Toy Gardening Tools
Thread with TID = 132213354006208 read: Toy Airplane
Thread with TID = 132213618247360 read: Rubik's Cube
Thread with TID = 132213385463488 read: Barbie Doll
Thread with TID = 132213519681216 read: Uno Cards
Thread with TID = 132213477738176 read: Toy Soldier Set
Thread with TID = 132213498709696 read: Robot Toy
Thread with TID = 132213230274240 read: Dinosaur Toy
Thread with TID = 132213333034688 read: Toy Animals
Thread with TID = 132213240760000 read: Basketball Hoop Toy
Thread with TID = 132213343520448 read: Fairy Wand
Thread with TID = 132213219788480 read: Board Game
Thread with TID = 132213251245760 read: Toy Cooking Tools
