Process PID: 14942
Thread with TID = 131712384239296 read: Dinosaur Toy
Thread with TID = 131712394725056 read: Marbles
Thread with TID = 131712373753536 read: Mini Pool Table
Thread with TID = 131712405210816 read: Toy Camera
Thread with TID = 131712352782016 read: Monopoly
Thread with TID = 131712363267776 read: Spinning Top
Thread with TID = 131712342296256 read: Toy House
Thread with TID = 131712289867456 read: Yo-Yo
Thread with TID = 131712321324736 read: Water Gun
Thread with TID = 131712300353216 read: Plush Toy
Thread with TID = 131712279381696 read: Toy Crown
Thread with TID = 131712310838976 read: Toy Telescope
Thread with TID = 131712331810496 read: Robot Toy
Thread with TID = 131711325177536 read: Toy Train Set
Thread with TID = 131711440520896 read: Toy Microscope
Thread with TID = 131711430035136 read: Toy Airplane
Thread with TID = 131711377606336 read: Toy Cooking Tools
Thread with TID = 131711398577856 read: Scrabble
Thread with TID = 131711471978176 read: Lego Set
Thread with TID = 131711461492416 read: Building Blocks
Thread with TID = 131711419549376 read: Toy Drum Set
Thread with TID = 131711209834176 read: Barbie Doll
Thread with TID = 131711356634816 read: Rubik's Cube
Thread with TID = 131711503435456 read: Superhero Costume
Thread with TID = 131711314691776 read: Toy Bowling Set
Thread with TID = 131712128386752 read: Slinky
Thread with TID = 131711335663296 read: Checkers
Thread with TID = 131711293720256 read: Toy Garage
Thread with TID = 131712247924416 read: Puzzle
Thread with TID = 131711304206016 read: Princess Costume
Thread with TID = 131711409063616 read: Play-Doh Set
Thread with TID = 131711746705088 read: Toy Gardening Tools
Thread with TID = 131711704762048 read: Toy Vehicles
Thread with TID = 131711524406976 read: RC Helicopter
Thread with TID = 131711545378496 read: Toy Golf Set
Thread with TID = 131711451006656 read: Wooden Blocks
Thread with TID = 131711937545920 read: Toy Boat
Thread with TID = 131712268895936 read: Toy Submarine
Thread with TID = 131712258410176 read: Toy Zoo
Thread with TID = 131712237438656 read: Action Hero Figure
Thread with TID = 131712149358272 read: Jigsaw Puzzle
Thread with TID = 131712117900992 read: Toy Fishing Set
Thread with TID = 131711736219328 read: Toy Kitchen Set
Thread with TID = 131712107415232 read: Basketball Hoop Toy
Thread with TID = 131712138872512 read: Remote-Controlled Car
Thread with TID = 131711916574400 read: Toy Binoculars
Thread with TID = 131712096929472 read: Bow and Arrow Set
Thread with TID = 131711948031680 read: Action Figure
Thread with TID = 131711715247808 read: Toy Train
Thread with TID = 131711906088640 read: Foam Sword
Thread with TID = 131711895602880 read: Toy Soldier Set
Thread with TID = 131711927060160 read: Toy Ambulance
Thread with TID = 131711725733568 read: Teddy Bear
Thread with TID = 131711513921216 read: Toy Guitar
Thread with TID = 131711694276288 read: Toy Car
Thread with TID = 131711534892736 read: Board Game
Thread with TID = 131711492949696 read: Toy Doctor Kit
Thread with TID = 131711346149056 read: Kite
Thread with TID = 131711367120576 read: Uno Cards
Thread with TID = 131711167891136 read: Toy Spaceship
Thread with TID = 131711146919616 read: Bouncing Ball
Thread with TID = 131711283234496 read: Wooden Train Set
Thread with TID = 131711094490816 read: Playing Cards
Thread with TID = 131711178376896 read: Magic Kit
Thread with TID = 131711241291456 read: Slime Kit
Thread with TID = 131711104976576 read: Toy Air Hockey Table
Thread with TID = 131711272748736 read: Stuffed Animal
Thread with TID = 131711188862656 read: Nerf Gun
Thread with TID = 131711251777216 read: Toy Animals
Thread with TID = 131711220319936 read: Dart Board
Thread with TID = 131711136433856 read: Mini Golf Set
Thread with TID = 131711388092096 read: Chess Set
Thread with TID = 131711157405376 read: Toy Farm Set
Thread with TID = 131711115462336 read: Fairy Wand
Thread with TID = 131711482463936 read: Toy Castle
Thread with TID = 131711230805696 read: Miniature Train Set
Thread with TID = 131711125948096 read: Toy Police Car
Thread with TID = 131711262262976 read: Toy Fire Truck
Thread with TID = 131711199348416 read: RC Drone
