Process PID: 34145
Thread with TID = 140737347847872 read: Toy Telescope
Thread with TID = 140737337362112 read: Teddy Bear
Thread with TID = 140737326876352 read: Toy Fire Truck
Thread with TID = 140737182172864 read: Plush Toy
Thread with TID = 140737316390592 read: Chess Set
Thread with TID = 140737171687104 read: Dart Board
Thread with TID = 140737305904832 read: Spinning Top
Thread with TID = 140737129744064 read: Toy Kitchen Set
Thread with TID = 140737207338688 read: Wooden Blocks
Thread with TID = 140737119258304 read: Bouncing Ball
Thread with TID = 140737098286784 read: Action Hero Figure
Thread with TID = 140737196852928 read: Miniature Train Set
Thread with TID = 140737150715584 read: RC Helicopter
Thread with TID = 140737140229824 read: Remote-Controlled Car
Thread with TID = 140737087801024 read: Slime Kit
Thread with TID = 140737108772544 read: RC Drone
Thread with TID = 140737077315264 read: Toy Police Car
Thread with TID = 140737161201344 read: Toy Crown
Thread with TID = 140737217824448 read: Toy Binoculars
Thread with TID = 140737035372224 read: Princess Costume
Thread with TID = 140737066829504 read: Playing Cards
Thread with TID = 140737056343744 read: Slinky
Thread with TID = 140736949388992 read: Checkers
Thread with TID = 140737045857984 read: Toy Farm Set
Thread with TID = 140736815171264 read: Toy Car
Thread with TID = 140736794199744 read: Toy Doctor Kit
Thread with TID = 140736773228224 read: Toy Zoo
Thread with TID = 140736783713984 read: Magic Kit
Thread with TID = 140736762742464 read: Toy Ambulance
Thread with TID = 140736938903232 read: Play-Doh Set
Thread with TID = 140736928417472 read: Toy Garage
Thread with TID = 140736917931712 read: Action Figure
Thread with TID = 140736907445952 read: Toy Train Set
Thread with TID = 140736896960192 read: Toy Castle
Thread with TID = 140736804685504 read: Toy Camera
Thread with TID = 140736680953536 read: Toy Bowling Set
Thread with TID = 140736670467776 read: Toy Boat
Thread with TID = 140736659982016 read: Toy Drum Set
Thread with TID = 140736649496256 read: Building Blocks
Thread with TID = 140736639010496 read: Bow and Arrow Set
Thread with TID = 140736618038976 read: Mini Golf Set
Thread with TID = 140736555124416 read: Puzzle
Thread with TID = 140736586581696 read: Toy Guitar
Thread with TID = 140736565610176 read: Mini Pool Table
Thread with TID = 140736544638656 read: Scrabble
Thread with TID = 140736523667136 read: Monopoly
Thread with TID = 140736534152896 read: Toy House
Thread with TID = 140736502695616 read: Jigsaw Puzzle
Thread with TID = 140736513181376 read: Superhero Costume
Thread with TID = 140736607553216 read: Lego Set
Thread with TID = 140736576095936 read: Toy Fishing Set
Thread with TID = 140736628524736 read: Yo-Yo
Thread with TID = 140736597067456 read: Toy Golf Set
Thread with TID = 140736481724096 read: Stuffed Animal
Thread with TID = 140736471238336 read: Kite
Thread with TID = 140736460752576 read: Toy Vehicles
Thread with TID = 140736450266816 read: Toy Submarine
Thread with TID = 140736439781056 read: Foam Sword
Thread with TID = 140736408323776 read: Rubik's Cube
Thread with TID = 140736429295296 read: Toy Spaceship
Thread with TID = 140736418809536 read: Wooden Train Set
Thread with TID = 140736397838016 read: Toy Gardening Tools
Thread with TID = 140736387352256 read: Uno Cards
Thread with TID = 140736492209856 read: Toy Air Hockey Table
Thread with TID = 140736376866496 read: Water Gun
Thread with TID = 140736366380736 read: Robot Toy
Thread with TID = 140736355894976 read: Marbles
Thread with TID = 140736345409216 read: Toy Soldier Set
Thread with TID = 140736334923456 read: Nerf Gun
Thread with TID = 140736324437696 read: Barbie Doll
Thread with TID = 140736282494656 read: Fairy Wand
Thread with TID = 140736303466176 read: Toy Train
Thread with TID = 140736272008896 read: Toy Animals
Thread with TID = 140736261523136 read: Toy Cooking Tools
Thread with TID = 140736251037376 read: Basketball Hoop Toy
Thread with TID = 140736313951936 read: Toy Microscope
Thread with TID = 140736240551616 read: Dinosaur Toy
Thread with TID = 140736292980416 read: Toy Airplane
Thread with TID = 140736230065856 read: Board Game
