Process PID: 9945
Thread with TID = 140737316390592 read: Plush Toy
Thread with TID = 140737305904832 read: Chess Set
Thread with TID = 140737052149440 read: Princess Costume
Thread with TID = 140737295419072 read: Spinning Top
Thread with TID = 140737284933312 read: Toy Binoculars
Thread with TID = 140737274447552 read: Wooden Blocks
Thread with TID = 140737263961792 read: Miniature Train Set
Thread with TID = 140737253476032 read: Dart Board
Thread with TID = 140737242990272 read: Toy Crown
Thread with TID = 140737232504512 read: RC Helicopter
Thread with TID = 140737222018752 read: Remote-Controlled Car
Thread with TID = 140737211532992 read: Toy Kitchen Set
Thread with TID = 140737201047232 read: Bouncing Ball
Thread with TID = 140737169589952 read: Slime Kit
Thread with TID = 140737190561472 read: RC Drone
Thread with TID = 140737347847872 read: Toy Telescope
Thread with TID = 140737024886464 read: Toy Police Car
Thread with TID = 140737014400704 read: Play-Doh Set
Thread with TID = 140737326876352 read: Toy Fire Truck
Thread with TID = 140737337362112 read: Teddy Bear
Thread with TID = 140737073120960 read: Slinky
Thread with TID = 140737062635200 read: Toy Farm Set
Thread with TID = 140737083606720 read: Playing Cards
Thread with TID = 140737041663680 read: Checkers
Thread with TID = 140736982943424 read: Toy Train Set
Thread with TID = 140737180075712 read: Action Hero Figure
Thread with TID = 140737003914944 read: Toy Garage
Thread with TID = 140736829851328 read: Toy Bowling Set
Thread with TID = 140736882280128 read: Toy Camera
Thread with TID = 140736861308608 read: Magic Kit
Thread with TID = 140736840337088 read: Toy Ambulance
Thread with TID = 140736670467776 read: Toy Drum Set
Thread with TID = 140736993429184 read: Action Figure
Thread with TID = 140736972457664 read: Toy Castle
Thread with TID = 140736680953536 read: Toy Boat
Thread with TID = 140736871794368 read: Toy Doctor Kit
Thread with TID = 140736961971904 read: Toy Car
Thread with TID = 140736850822848 read: Toy Zoo
Thread with TID = 140736628524736 read: Mini Golf Set
Thread with TID = 140736659982016 read: Building Blocks
Thread with TID = 140736639010496 read: Yo-Yo
Thread with TID = 140736546735808 read: Lego Set
Thread with TID = 140736536250048 read: Toy Golf Set
Thread with TID = 140736525764288 read: Toy Guitar
Thread with TID = 140736494307008 read: Puzzle
Thread with TID = 140736649496256 read: Bow and Arrow Set
Thread with TID = 140736515278528 read: Toy Fishing Set
Thread with TID = 140736504792768 read: Mini Pool Table
Thread with TID = 140736391546560 read: Monopoly
Thread with TID = 140736381060800 read: Superhero Costume
Thread with TID = 140736257328832 read: Toy Vehicles
Thread with TID = 140736402032320 read: Toy House
Thread with TID = 140736412518080 read: Scrabble
Thread with TID = 140736278300352 read: Stuffed Animal
Thread with TID = 140736267814592 read: Kite
Thread with TID = 140736370575040 read: Jigsaw Puzzle
Thread with TID = 140736360089280 read: Toy Air Hockey Table
Thread with TID = 140736236357312 read: Foam Sword
Thread with TID = 140736133596864 read: Rubik's Cube
Thread with TID = 140736123111104 read: Toy Gardening Tools
Thread with TID = 140736246843072 read: Toy Submarine
Thread with TID = 140736225871552 read: Toy Spaceship
Thread with TID = 140736144082624 read: Wooden Train Set
Thread with TID = 140736112625344 read: Uno Cards
Thread with TID = 140736102139584 read: Water Gun
Thread with TID = 140736009864896 read: Marbles
Thread with TID = 140736091653824 read: Robot Toy
Thread with TID = 140735999379136 read: Toy Soldier Set
Thread with TID = 140735957436096 read: Toy Train
Thread with TID = 140735875647168 read: Toy Airplane
Thread with TID = 140735988893376 read: Nerf Gun
Thread with TID = 140735978407616 read: Barbie Doll
Thread with TID = 140735967921856 read: Toy Microscope
Thread with TID = 140735854675648 read: Toy Animals
Thread with TID = 140735833704128 read: Basketball Hoop Toy
Thread with TID = 140735865161408 read: Fairy Wand
Thread with TID = 140735844189888 read: Toy Cooking Tools
Thread with TID = 140735823218368 read: Dinosaur Toy
Thread with TID = 140735741429440 read: Board Game
