Process PID: 26966
Thread with TID = 123280583296704 read: Toy Telescope
Thread with TID = 123280562325184 read: Toy Fire Truck
Thread with TID = 123280541353664 read: Chess Set
Thread with TID = 123280572810944 read: Teddy Bear
Thread with TID = 123280457467584 read: Spinning Top
Thread with TID = 123280551839424 read: Plush Toy
Thread with TID = 123280436496064 read: Wooden Blocks
Thread with TID = 123280446981824 read: Toy Binoculars
Thread with TID = 123280312764096 read: Remote-Controlled Car
Thread with TID = 123280426010304 read: Miniature Train Set
Thread with TID = 123280270821056 read: Action Hero Figure
Thread with TID = 123280302278336 read: Toy Kitchen Set
Thread with TID = 123280281306816 read: RC Drone
Thread with TID = 123280415524544 read: Dart Board
Thread with TID = 123280405038784 read: Toy Crown
Thread with TID = 123280323249856 read: RC Helicopter
Thread with TID = 123280291792576 read: Bouncing Ball
Thread with TID = 123280260335296 read: Slime Kit
Thread with TID = 123280249849536 read: Toy Police Car
Thread with TID = 123280228878016 read: Slinky
Thread with TID = 123280207906496 read: Princess Costume
Thread with TID = 123280197420736 read: Checkers
Thread with TID = 123280165963456 read: Action Figure
Thread with TID = 123280239363776 read: Playing Cards
Thread with TID = 123280186934976 read: Play-Doh Set
Thread with TID = 123280082077376 read: Toy Ambulance
Thread with TID = 123280176449216 read: Toy Garage
Thread with TID = 123280155477696 read: Toy Train Set
Thread with TID = 123280144991936 read: Toy Castle
Thread with TID = 123280218392256 read: Toy Farm Set
Thread with TID = 123280113534656 read: Toy Doctor Kit
Thread with TID = 123280124020416 read: Toy Camera
Thread with TID = 123280103048896 read: Magic Kit
Thread with TID = 123280092563136 read: Toy Zoo
Thread with TID = 123279916402368 read: Toy Drum Set
Thread with TID = 123279884945088 read: Yo-Yo
Thread with TID = 123280071591616 read: Toy Bowling Set
Thread with TID = 123279905916608 read: Building Blocks
Thread with TID = 123279895430848 read: Bow and Arrow Set
Thread with TID = 123279926888128 read: Toy Boat
Thread with TID = 123279874459328 read: Mini Golf Set
Thread with TID = 123280134506176 read: Toy Car
Thread with TID = 123279945762496 read: Puzzle
Thread with TID = 123279853487808 read: Scrabble
Thread with TID = 123279863973568 read: Lego Set
Thread with TID = 123279832516288 read: Monopoly
Thread with TID = 123279966734016 read: Toy Fishing Set
Thread with TID = 123279790573248 read: Stuffed Animal
Thread with TID = 123279977219776 read: Toy Guitar
Thread with TID = 123279780087488 read: Kite
Thread with TID = 123279956248256 read: Mini Pool Table
Thread with TID = 123279843002048 read: Toy House
Thread with TID = 123279987705536 read: Toy Golf Set
Thread with TID = 123279822030528 read: Superhero Costume
Thread with TID = 123279811544768 read: Jigsaw Puzzle
Thread with TID = 123279801059008 read: Toy Air Hockey Table
Thread with TID = 123279769601728 read: Toy Vehicles
Thread with TID = 123279759115968 read: Toy Submarine
Thread with TID = 123279748630208 read: Foam Sword
Thread with TID = 123279685715648 read: Water Gun
Thread with TID = 123279727658688 read: Wooden Train Set
Thread with TID = 123279675229888 read: Robot Toy
Thread with TID = 123279717172928 read: Rubik's Cube
Thread with TID = 123279664744128 read: Marbles
Thread with TID = 123279738144448 read: Toy Spaceship
Thread with TID = 123279706687168 read: Toy Gardening Tools
Thread with TID = 123279696201408 read: Uno Cards
Thread with TID = 123279654258368 read: Toy Soldier Set
Thread with TID = 123279643772608 read: Nerf Gun
Thread with TID = 123279633286848 read: Barbie Doll
Thread with TID = 123279622801088 read: Toy Microscope
Thread with TID = 123279601829568 read: Toy Airplane
Thread with TID = 123279591343808 read: Fairy Wand
Thread with TID = 123279612315328 read: Toy Train
Thread with TID = 123279580858048 read: Toy Animals
Thread with TID = 123279570372288 read: Toy Cooking Tools
Thread with TID = 123279559886528 read: Basketball Hoop Toy
Thread with TID = 123279549400768 read: Dinosaur Toy
Thread with TID = 123279538915008 read: Board Game
