Process PID: 123921
Thread with TID = 140737326876352 read: Toy Fire Truck
Thread with TID = 140737108772544 read: Toy Crown
Thread with TID = 140737098286784 read: RC Helicopter
Thread with TID = 140737006012096 read: Toy Kitchen Set
Thread with TID = 140736985040576 read: RC Drone
Thread with TID = 140736974554816 read: Action Hero Figure
Thread with TID = 140737161201344 read: Spinning Top
Thread with TID = 140737016497856 read: Remote-Controlled Car
Thread with TID = 140736995526336 read: Bouncing Ball
Thread with TID = 140737171687104 read: Chess Set
Thread with TID = 140737140229824 read: Wooden Blocks
Thread with TID = 140737150715584 read: Toy Binoculars
Thread with TID = 140737347847872 read: Toy Telescope
Thread with TID = 140737129744064 read: Miniature Train Set
Thread with TID = 140737119258304 read: Dart Board
Thread with TID = 140736964069056 read: Slime Kit
Thread with TID = 140737182172864 read: Plush Toy
Thread with TID = 140737217824448 read: Slinky
Thread with TID = 140737305904832 read: Playing Cards
Thread with TID = 140737316390592 read: Toy Police Car
Thread with TID = 140736659982016 read: Toy Doctor Kit
Thread with TID = 140737207338688 read: Toy Farm Set
Thread with TID = 140736882280128 read: Checkers
Thread with TID = 140737196852928 read: Princess Costume
Thread with TID = 140736850822848 read: Action Figure
Thread with TID = 140736871794368 read: Play-Doh Set
Thread with TID = 140737337362112 read: Teddy Bear
Thread with TID = 140736680953536 read: Toy Car
Thread with TID = 140736628524736 read: Toy Ambulance
Thread with TID = 140736670467776 read: Toy Camera
Thread with TID = 140736536250048 read: Toy Boat
Thread with TID = 140736639010496 read: Toy Zoo
Thread with TID = 140736649496256 read: Magic Kit
Thread with TID = 140736546735808 read: Toy Bowling Set
Thread with TID = 140736861308608 read: Toy Garage
Thread with TID = 140736829851328 read: Toy Castle
Thread with TID = 140736840337088 read: Toy Train Set
Thread with TID = 140736525764288 read: Toy Drum Set
Thread with TID = 140736504792768 read: Bow and Arrow Set
Thread with TID = 140736462849728 read: Toy Golf Set
Thread with TID = 140736420906688 read: Puzzle
Thread with TID = 140736515278528 read: Building Blocks
Thread with TID = 140736473335488 read: Lego Set
Thread with TID = 140736431392448 read: Mini Pool Table
Thread with TID = 140736494307008 read: Yo-Yo
Thread with TID = 140736483821248 read: Mini Golf Set
Thread with TID = 140736441878208 read: Toy Fishing Set
Thread with TID = 140736452363968 read: Toy Guitar
Thread with TID = 140736389449408 read: Monopoly
Thread with TID = 140736378963648 read: Superhero Costume
Thread with TID = 140736368477888 read: Jigsaw Puzzle
Thread with TID = 140736357992128 read: Toy Air Hockey Table
Thread with TID = 140736399935168 read: Toy House
Thread with TID = 140736347506368 read: Stuffed Animal
Thread with TID = 140736337020608 read: Kite
Thread with TID = 140736316049088 read: Toy Submarine
Thread with TID = 140736326534848 read: Toy Vehicles
Thread with TID = 140736410420928 read: Scrabble
Thread with TID = 140736284591808 read: Wooden Train Set
Thread with TID = 140736295077568 read: Toy Spaceship
Thread with TID = 140736263620288 read: Toy Gardening Tools
Thread with TID = 140736242648768 read: Water Gun
Thread with TID = 140736232163008 read: Robot Toy
Thread with TID = 140736127305408 read: Toy Cooking Tools
Thread with TID = 140736211191488 read: Toy Soldier Set
Thread with TID = 140736148276928 read: Fairy Wand
Thread with TID = 140736158762688 read: Toy Airplane
Thread with TID = 140736274106048 read: Rubik's Cube
Thread with TID = 140736106333888 read: Dinosaur Toy
Thread with TID = 140736179734208 read: Toy Microscope
Thread with TID = 140736095848128 read: Board Game
Thread with TID = 140736221677248 read: Marbles
Thread with TID = 140736116819648 read: Basketball Hoop Toy
Thread with TID = 140736200705728 read: Nerf Gun
Thread with TID = 140736190219968 read: Barbie Doll
Thread with TID = 140736253134528 read: Uno Cards
Thread with TID = 140736137791168 read: Toy Animals
Thread with TID = 140736169248448 read: Toy Train
Thread with TID = 140736305563328 read: Foam Sword
