Process PID: 32225
Thread with TID = 133257431615168 read: Chess Set
Thread with TID = 133257544861376 read: Wooden Blocks
Thread with TID = 133257454683840 read: Dart Board
Thread with TID = 133257565832896 read: Spinning Top
Thread with TID = 133257410643648 read: Remote-Controlled Car
Thread with TID = 133257465169600 read: Miniature Train Set
Thread with TID = 133257444198080 read: Toy Crown
Thread with TID = 133257320466112 read: Bouncing Ball
Thread with TID = 133257309980352 read: RC Drone
Thread with TID = 133257421129408 read: RC Helicopter
Thread with TID = 133257555347136 read: Toy Binoculars
Thread with TID = 133257330951872 read: Toy Kitchen Set
Thread with TID = 133257586804416 read: Toy Fire Truck
Thread with TID = 133257576318656 read: Plush Toy
Thread with TID = 133257597290176 read: Teddy Bear
Thread with TID = 133257299494592 read: Action Hero Figure
Thread with TID = 133257278523072 read: Toy Police Car
Thread with TID = 133257289008832 read: Slime Kit
Thread with TID = 133257196734144 read: Playing Cards
Thread with TID = 133257165276864 read: Princess Costume
Thread with TID = 133257144305344 read: Play-Doh Set
Thread with TID = 133257154791104 read: Checkers
Thread with TID = 133257186248384 read: Slinky
Thread with TID = 133256928298688 read: Toy Doctor Kit
Thread with TID = 133257607775936 read: Toy Telescope
Thread with TID = 133257031059136 read: Toy Castle
Thread with TID = 133257062516416 read: Toy Garage
Thread with TID = 133256917812928 read: Magic Kit
Thread with TID = 133257020573376 read: Toy Car
Thread with TID = 133256907327168 read: Toy Zoo
Thread with TID = 133257041544896 read: Toy Train Set
Thread with TID = 133257052030656 read: Action Figure
Thread with TID = 133257010087616 read: Toy Camera
Thread with TID = 133257175762624 read: Toy Farm Set
Thread with TID = 133256896841408 read: Toy Ambulance
Thread with TID = 133256886355648 read: Toy Bowling Set
Thread with TID = 133256794080960 read: Toy Drum Set
Thread with TID = 133256783595200 read: Building Blocks
Thread with TID = 133256875869888 read: Toy Boat
Thread with TID = 133256773109440 read: Bow and Arrow Set
Thread with TID = 133256762623680 read: Yo-Yo
Thread with TID = 133256741652160 read: Lego Set
Thread with TID = 133256752137920 read: Mini Golf Set
Thread with TID = 133256720680640 read: Toy Guitar
Thread with TID = 133256731166400 read: Toy Golf Set
Thread with TID = 133256710194880 read: Toy Fishing Set
Thread with TID = 133256699709120 read: Mini Pool Table
Thread with TID = 133256678737600 read: Scrabble
Thread with TID = 133256668251840 read: Toy House
Thread with TID = 133256689223360 read: Puzzle
Thread with TID = 133256657766080 read: Monopoly
Thread with TID = 133256626308800 read: Toy Air Hockey Table
Thread with TID = 133256647280320 read: Superhero Costume
Thread with TID = 133256615823040 read: Stuffed Animal
Thread with TID = 133256636794560 read: Jigsaw Puzzle
Thread with TID = 133256605337280 read: Kite
Thread with TID = 133256584365760 read: Toy Submarine
Thread with TID = 133256594851520 read: Toy Vehicles
Thread with TID = 133256552908480 read: Wooden Train Set
Thread with TID = 133256573880000 read: Foam Sword
Thread with TID = 133256542422720 read: Rubik's Cube
Thread with TID = 133256531936960 read: Toy Gardening Tools
Thread with TID = 133256563394240 read: Toy Spaceship
Thread with TID = 133256521451200 read: Uno Cards
Thread with TID = 133256510965440 read: Water Gun
Thread with TID = 133256479508160 read: Toy Soldier Set
Thread with TID = 133256458536640 read: Barbie Doll
Thread with TID = 133256500479680 read: Robot Toy
Thread with TID = 133256437565120 read: Toy Train
Thread with TID = 133256489993920 read: Marbles
Thread with TID = 133256448050880 read: Toy Microscope
Thread with TID = 133256395622080 read: Toy Cooking Tools
Thread with TID = 133256385136320 read: Basketball Hoop Toy
Thread with TID = 133256416593600 read: Fairy Wand
Thread with TID = 133256364164800 read: Board Game
Thread with TID = 133256427079360 read: Toy Airplane
Thread with TID = 133256406107840 read: Toy Animals
Thread with TID = 133256374650560 read: Dinosaur Toy
Thread with TID = 133256469022400 read: Nerf Gun
