Process PID: 30228
Thread with TID = 138794091153088 read: Toy Binoculars
Thread with TID = 138794143581888 read: Teddy Bear
Thread with TID = 138794007267008 read: Bouncing Ball
Thread with TID = 138794080667328 read: Wooden Blocks
Thread with TID = 138794070181568 read: Miniature Train Set
Thread with TID = 138794017752768 read: Toy Kitchen Set
Thread with TID = 138794112124608 read: Chess Set
Thread with TID = 138794101638848 read: Spinning Top
Thread with TID = 138794059695808 read: Dart Board
Thread with TID = 138794122610368 read: Plush Toy
Thread with TID = 138794028238528 read: Remote-Controlled Car
Thread with TID = 138794133096128 read: Toy Fire Truck
Thread with TID = 138794154067648 read: Toy Telescope
Thread with TID = 138794049210048 read: Toy Crown
Thread with TID = 138793986295488 read: Action Hero Figure
Thread with TID = 138793975809728 read: Slime Kit
Thread with TID = 138793879340736 read: Playing Cards
Thread with TID = 138793868854976 read: Slinky
Thread with TID = 138793965323968 read: Toy Police Car
Thread with TID = 138794038724288 read: RC Helicopter
Thread with TID = 138793837397696 read: Checkers
Thread with TID = 138793858369216 read: Toy Farm Set
Thread with TID = 138793996781248 read: RC Drone
Thread with TID = 138793847883456 read: Princess Costume
Thread with TID = 138793826911936 read: Play-Doh Set
Thread with TID = 138793667528384 read: Action Figure
Thread with TID = 138793197766336 read: Superhero Costume
Thread with TID = 138793176794816 read: Toy Air Hockey Table
Thread with TID = 138793155823296 read: Kite
Thread with TID = 138792897873600 read: Wooden Train Set
Thread with TID = 138793499756224 read: Lego Set
Thread with TID = 138793657042624 read: Toy Train Set
Thread with TID = 138792929330880 read: Toy Submarine
Thread with TID = 138793489270464 read: Toy Golf Set
Thread with TID = 138793399092928 read: Toy Fishing Set
Thread with TID = 138793388607168 read: Mini Pool Table
Thread with TID = 138793378121408 read: Puzzle
Thread with TID = 138793367635648 read: Scrabble
Thread with TID = 138793208252096 read: Monopoly
Thread with TID = 138792887387840 read: Rubik's Cube
Thread with TID = 138793625585344 read: Toy Camera
Thread with TID = 138793636071104 read: Toy Car
Thread with TID = 138793583642304 read: Toy Ambulance
Thread with TID = 138793615099584 read: Toy Doctor Kit
Thread with TID = 138793541699264 read: Building Blocks
Thread with TID = 138793604613824 read: Magic Kit
Thread with TID = 138793562670784 read: Toy Boat
Thread with TID = 138793594128064 read: Toy Zoo
Thread with TID = 138792639923904 read: Toy Train
Thread with TID = 138793573156544 read: Toy Bowling Set
Thread with TID = 138792650409664 read: Toy Microscope
Thread with TID = 138793552185024 read: Toy Drum Set
Thread with TID = 138793409578688 read: Toy Guitar
Thread with TID = 138793357149888 read: Toy House
Thread with TID = 138793678014144 read: Toy Garage
Thread with TID = 138792537163456 read: Toy Animals
Thread with TID = 138792516191936 read: Basketball Hoop Toy
Thread with TID = 138793646556864 read: Toy Castle
Thread with TID = 138793187280576 read: Jigsaw Puzzle
Thread with TID = 138792526677696 read: Toy Cooking Tools
Thread with TID = 138792505706176 read: Dinosaur Toy
Thread with TID = 138792495220416 read: Board Game
Thread with TID = 138792795113152 read: Uno Cards
Thread with TID = 138792660895424 read: Barbie Doll
Thread with TID = 138792784627392 read: Water Gun
Thread with TID = 138792774141632 read: Robot Toy
Thread with TID = 138792763655872 read: Marbles
Thread with TID = 138792671381184 read: Nerf Gun
Thread with TID = 138792918845120 read: Foam Sword
Thread with TID = 138792908359360 read: Toy Spaceship
Thread with TID = 138793166309056 read: Stuffed Animal
Thread with TID = 138792805598912 read: Toy Gardening Tools
Thread with TID = 138793531213504 read: Bow and Arrow Set
Thread with TID = 138793510241984 read: Mini Golf Set
Thread with TID = 138792629438144 read: Toy Airplane
Thread with TID = 138792618952384 read: Fairy Wand
Thread with TID = 138793520727744 read: Yo-Yo
Thread with TID = 138792753170112 read: Toy Soldier Set
Thread with TID = 138792939816640 read: Toy Vehicles
