Process PID: 24682
Thread with TID = 140737295419072 read: Spinning Top
Thread with TID = 140737232504512 read: RC Helicopter
Thread with TID = 140737347847872 read: Toy Telescope
Thread with TID = 140737129744064 read: Bouncing Ball
Thread with TID = 140737119258304 read: RC Drone
Thread with TID = 140737263961792 read: Miniature Train Set
Thread with TID = 140737326876352 read: Toy Fire Truck
Thread with TID = 140737066829504 read: Slinky
Thread with TID = 140737242990272 read: Toy Crown
Thread with TID = 140737108772544 read: Action Hero Figure
Thread with TID = 140737098286784 read: Slime Kit
Thread with TID = 140737014400704 read: Toy Garage
Thread with TID = 140737077315264 read: Playing Cards
Thread with TID = 140737316390592 read: Plush Toy
Thread with TID = 140737305904832 read: Chess Set
Thread with TID = 140737056343744 read: Toy Farm Set
Thread with TID = 140737045857984 read: Princess Costume
Thread with TID = 140737284933312 read: Toy Binoculars
Thread with TID = 140737274447552 read: Wooden Blocks
Thread with TID = 140737024886464 read: Play-Doh Set
Thread with TID = 140737003914944 read: Action Figure
Thread with TID = 140737035372224 read: Checkers
Thread with TID = 140736882280128 read: Toy Doctor Kit
Thread with TID = 140736972457664 read: Toy Car
Thread with TID = 140736716605120 read: Yo-Yo
Thread with TID = 140736727090880 read: Bow and Arrow Set
Thread with TID = 140736706119360 read: Mini Golf Set
Thread with TID = 140736961971904 read: Toy Camera
Thread with TID = 140736643204800 read: Puzzle
Thread with TID = 140736871794368 read: Magic Kit
Thread with TID = 140736993429184 read: Toy Train Set
Thread with TID = 140736982943424 read: Toy Castle
Thread with TID = 140736695633600 read: Lego Set
Thread with TID = 140736685147840 read: Toy Golf Set
Thread with TID = 140736674662080 read: Toy Guitar
Thread with TID = 140736664176320 read: Toy Fishing Set
Thread with TID = 140736632719040 read: Scrabble
Thread with TID = 140736611747520 read: Monopoly
Thread with TID = 140736601261760 read: Superhero Costume
Thread with TID = 140736622233280 read: Toy House
Thread with TID = 140736861308608 read: Toy Zoo
Thread with TID = 140736850822848 read: Toy Ambulance
Thread with TID = 140736840337088 read: Toy Bowling Set
Thread with TID = 140736829851328 read: Toy Boat
Thread with TID = 140736748062400 read: Toy Drum Set
Thread with TID = 140736737576640 read: Building Blocks
Thread with TID = 140736653690560 read: Mini Pool Table
Thread with TID = 140737140229824 read: Toy Kitchen Set
Thread with TID = 140737253476032 read: Dart Board
Thread with TID = 140736590776000 read: Jigsaw Puzzle
Thread with TID = 140737337362112 read: Teddy Bear
Thread with TID = 140737150715584 read: Remote-Controlled Car
Thread with TID = 140737087801024 read: Toy Police Car
Thread with TID = 140736569804480 read: Stuffed Animal
Thread with TID = 140736559318720 read: Kite
Thread with TID = 140736580290240 read: Toy Air Hockey Table
Thread with TID = 140736448169664 read: Toy Spaceship
Thread with TID = 140736469141184 read: Toy Submarine
Thread with TID = 140736479626944 read: Toy Vehicles
Thread with TID = 140736458655424 read: Foam Sword
Thread with TID = 140736437683904 read: Wooden Train Set
Thread with TID = 140736427198144 read: Rubik's Cube
Thread with TID = 140736324437696 read: Water Gun
Thread with TID = 140736313951936 read: Robot Toy
Thread with TID = 140736345409216 read: Toy Gardening Tools
Thread with TID = 140736334923456 read: Uno Cards
Thread with TID = 140736303466176 read: Marbles
Thread with TID = 140736292980416 read: Toy Soldier Set
Thread with TID = 140736211191488 read: Nerf Gun
Thread with TID = 140736169248448 read: Toy Airplane
Thread with TID = 140736200705728 read: Barbie Doll
Thread with TID = 140736066488000 read: Toy Cooking Tools
Thread with TID = 140736056002240 read: Basketball Hoop Toy
Thread with TID = 140736190219968 read: Toy Microscope
Thread with TID = 140736179734208 read: Toy Train
Thread with TID = 140736035030720 read: Board Game
Thread with TID = 140736076973760 read: Toy Animals
Thread with TID = 140736158762688 read: Fairy Wand
Thread with TID = 140736045516480 read: Dinosaur Toy
