Process PID: 13584
Thread with TID = 140737347847872 read: Toy Telescope
Thread with TID = 140737305904832 read: Chess Set
Thread with TID = 140737326876352 read: Toy Fire Truck
Thread with TID = 140737316390592 read: Plush Toy
Thread with TID = 140737295419072 read: Spinning Top
Thread with TID = 140737108772544 read: Action Hero Figure
Thread with TID = 140737242990272 read: Toy Crown
Thread with TID = 140737284933312 read: Toy Binoculars
Thread with TID = 140737150715584 read: Remote-Controlled Car
Thread with TID = 140737274447552 read: Wooden Blocks
Thread with TID = 140737098286784 read: Slime Kit
Thread with TID = 140737006012096 read: Playing Cards
Thread with TID = 140737016497856 read: Toy Police Car
Thread with TID = 140737337362112 read: Teddy Bear
Thread with TID = 140737263961792 read: Miniature Train Set
Thread with TID = 140736974554816 read: Checkers
Thread with TID = 140737253476032 read: Dart Board
Thread with TID = 140736861308608 read: Slinky
Thread with TID = 140737140229824 read: Toy Kitchen Set
Thread with TID = 140737232504512 read: RC Helicopter
Thread with TID = 140737129744064 read: Bouncing Ball
Thread with TID = 140737119258304 read: RC Drone
Thread with TID = 140736985040576 read: Princess Costume
Thread with TID = 140736995526336 read: Toy Farm Set
Thread with TID = 140736964069056 read: Play-Doh Set
Thread with TID = 140736871794368 read: Action Figure
Thread with TID = 140736840337088 read: Toy Castle
Thread with TID = 140736882280128 read: Toy Garage
Thread with TID = 140736850822848 read: Toy Train Set
Thread with TID = 140736829851328 read: Toy Car
Thread with TID = 140736819365568 read: Toy Camera
Thread with TID = 140736808879808 read: Toy Doctor Kit
Thread with TID = 140736787908288 read: Toy Zoo
Thread with TID = 140736777422528 read: Toy Ambulance
Thread with TID = 140736798394048 read: Magic Kit
Thread with TID = 140736745965248 read: Toy Drum Set
Thread with TID = 140736662079168 read: Toy Fishing Set
Thread with TID = 140736735479488 read: Building Blocks
Thread with TID = 140736693536448 read: Lego Set
Thread with TID = 140736756451008 read: Toy Boat
Thread with TID = 140736714507968 read: Yo-Yo
Thread with TID = 140736704022208 read: Mini Golf Set
Thread with TID = 140736567707328 read: Stuffed Animal
Thread with TID = 140736578193088 read: Toy Air Hockey Table
Thread with TID = 140736724993728 read: Bow and Arrow Set
Thread with TID = 140736766936768 read: Toy Bowling Set
Thread with TID = 140736641107648 read: Puzzle
Thread with TID = 140736536250048 read: Toy Submarine
Thread with TID = 140736557221568 read: Kite
Thread with TID = 140736546735808 read: Toy Vehicles
Thread with TID = 140736683050688 read: Toy Golf Set
Thread with TID = 140736588678848 read: Jigsaw Puzzle
Thread with TID = 140736599164608 read: Superhero Costume
Thread with TID = 140736672564928 read: Toy Guitar
Thread with TID = 140736651593408 read: Mini Pool Table
Thread with TID = 140736525764288 read: Foam Sword
Thread with TID = 140736630621888 read: Scrabble
Thread with TID = 140736515278528 read: Toy Spaceship
Thread with TID = 140736620136128 read: Toy House
Thread with TID = 140736609650368 read: Monopoly
Thread with TID = 140736504792768 read: Wooden Train Set
Thread with TID = 140736473335488 read: Uno Cards
Thread with TID = 140736462849728 read: Water Gun
Thread with TID = 140736452363968 read: Robot Toy
Thread with TID = 140736494307008 read: Rubik's Cube
Thread with TID = 140736483821248 read: Toy Gardening Tools
Thread with TID = 140736389449408 read: Toy Train
Thread with TID = 140736378963648 read: Toy Airplane
Thread with TID = 140736431392448 read: Toy Soldier Set
Thread with TID = 140736357992128 read: Toy Animals
Thread with TID = 140736347506368 read: Toy Cooking Tools
Thread with TID = 140736420906688 read: Nerf Gun
Thread with TID = 140736337020608 read: Basketball Hoop Toy
Thread with TID = 140736326534848 read: Dinosaur Toy
Thread with TID = 140736316049088 read: Board Game
Thread with TID = 140736410420928 read: Barbie Doll
Thread with TID = 140736399935168 read: Toy Microscope
Thread with TID = 140736441878208 read: Marbles
Thread with TID = 140736368477888 read: Fairy Wand
