Process PID: 27831
Thread with TID = 140737316390592 read: Plush Toy
Thread with TID = 140737284933312 read: Toy Binoculars
Thread with TID = 140737305904832 read: Chess Set
Thread with TID = 140737337362112 read: Teddy Bear
Thread with TID = 140737347847872 read: Toy Telescope
Thread with TID = 140737274447552 read: Miniature Train Set
Thread with TID = 140737295419072 read: Spinning Top
Thread with TID = 140737326876352 read: Toy Fire Truck
Thread with TID = 140737263961792 read: Dart Board
Thread with TID = 140737140229824 read: Toy Kitchen Set
Thread with TID = 140737232504512 read: Remote-Controlled Car
Thread with TID = 140737119258304 read: RC Drone
Thread with TID = 140737150715584 read: Wooden Blocks
Thread with TID = 140737242990272 read: RC Helicopter
Thread with TID = 140737129744064 read: Bouncing Ball
Thread with TID = 140737108772544 read: Action Hero Figure
Thread with TID = 140737253476032 read: Toy Crown
Thread with TID = 140737098286784 read: Slime Kit
Thread with TID = 140737016497856 read: Toy Police Car
Thread with TID = 140736882280128 read: Play-Doh Set
Thread with TID = 140737006012096 read: Playing Cards
Thread with TID = 140736995526336 read: Slinky
Thread with TID = 140736974554816 read: Princess Costume
Thread with TID = 140736964069056 read: Checkers
Thread with TID = 140736985040576 read: Toy Farm Set
Thread with TID = 140736871794368 read: Toy Garage
Thread with TID = 140736861308608 read: Action Figure
Thread with TID = 140736829851328 read: Toy Car
Thread with TID = 140736727090880 read: Magic Kit
Thread with TID = 140736737576640 read: Toy Doctor Kit
Thread with TID = 140736706119360 read: Toy Ambulance
Thread with TID = 140736716605120 read: Toy Zoo
Thread with TID = 140736748062400 read: Toy Camera
Thread with TID = 140736850822848 read: Toy Train Set
Thread with TID = 140736840337088 read: Toy Castle
Thread with TID = 140736695633600 read: Toy Bowling Set
Thread with TID = 140736603358912 read: Toy Drum Set
Thread with TID = 140736613844672 read: Toy Boat
Thread with TID = 140736561415872 read: Mini Golf Set
Thread with TID = 140736550930112 read: Lego Set
Thread with TID = 140736582387392 read: Bow and Arrow Set
Thread with TID = 140736592873152 read: Building Blocks
Thread with TID = 140736571901632 read: Yo-Yo
Thread with TID = 140736540444352 read: Toy Golf Set
Thread with TID = 140736529958592 read: Toy Guitar
Thread with TID = 140736498501312 read: Puzzle
Thread with TID = 140736477529792 read: Toy House
Thread with TID = 140736467044032 read: Monopoly
Thread with TID = 140736519472832 read: Toy Fishing Set
Thread with TID = 140736456558272 read: Superhero Costume
Thread with TID = 140736508987072 read: Mini Pool Table
Thread with TID = 140736488015552 read: Scrabble
Thread with TID = 140736446072512 read: Jigsaw Puzzle
Thread with TID = 140736425100992 read: Stuffed Animal
Thread with TID = 140736435586752 read: Toy Air Hockey Table
Thread with TID = 140736341214912 read: Toy Gardening Tools
Thread with TID = 140736404129472 read: Toy Vehicles
Thread with TID = 140736330729152 read: Uno Cards
Thread with TID = 140736362186432 read: Wooden Train Set
Thread with TID = 140736383157952 read: Foam Sword
Thread with TID = 140736351700672 read: Rubik's Cube
Thread with TID = 140736320243392 read: Water Gun
Thread with TID = 140736309757632 read: Robot Toy
Thread with TID = 140736257328832 read: Toy Microscope
Thread with TID = 140736414615232 read: Kite
Thread with TID = 140736267814592 read: Barbie Doll
Thread with TID = 140736372672192 read: Toy Spaceship
Thread with TID = 140736393643712 read: Toy Submarine
Thread with TID = 140736278300352 read: Nerf Gun
Thread with TID = 140736299271872 read: Marbles
Thread with TID = 140736288786112 read: Toy Soldier Set
Thread with TID = 140736246843072 read: Toy Train
Thread with TID = 140736236357312 read: Toy Airplane
Thread with TID = 140736204900032 read: Toy Cooking Tools
Thread with TID = 140736215385792 read: Toy Animals
Thread with TID = 140736225871552 read: Fairy Wand
Thread with TID = 140736194414272 read: Basketball Hoop Toy
Thread with TID = 140736183928512 read: Dinosaur Toy
Thread with TID = 140736173442752 read: Board Game
