Process PID: 133867
Thread with TID = 140737150715584 read: Toy Binoculars
Thread with TID = 140737035372224 read: Slime Kit
Thread with TID = 140736896960192 read: Checkers
Thread with TID = 140736706119360 read: Toy Castle
Thread with TID = 140736695633600 read: Toy Car
Thread with TID = 140737129744064 read: Miniature Train Set
Thread with TID = 140737140229824 read: Wooden Blocks
Thread with TID = 140736737576640 read: Toy Garage
Thread with TID = 140737119258304 read: Dart Board
Thread with TID = 140737108772544 read: Toy Crown
Thread with TID = 140736727090880 read: Action Figure
Thread with TID = 140737295419072 read: Spinning Top
Thread with TID = 140737337362112 read: Teddy Bear
Thread with TID = 140737056343744 read: RC Drone
Thread with TID = 140737087801024 read: Remote-Controlled Car
Thread with TID = 140736907445952 read: Princess Costume
Thread with TID = 140737077315264 read: Toy Kitchen Set
Thread with TID = 140737045857984 read: Action Hero Figure
Thread with TID = 140736949388992 read: Toy Police Car
Thread with TID = 140737066829504 read: Bouncing Ball
Thread with TID = 140736938903232 read: Playing Cards
Thread with TID = 140736928417472 read: Slinky
Thread with TID = 140736917931712 read: Toy Farm Set
Thread with TID = 140736716605120 read: Toy Train Set
Thread with TID = 140736748062400 read: Play-Doh Set
Thread with TID = 140737347847872 read: Toy Telescope
Thread with TID = 140737316390592 read: Plush Toy
Thread with TID = 140737326876352 read: Toy Fire Truck
Thread with TID = 140737098286784 read: RC Helicopter
Thread with TID = 140737305904832 read: Chess Set
Thread with TID = 140736685147840 read: Toy Camera
Thread with TID = 140737284933312 read: Toy Doctor Kit
Thread with TID = 140737263961792 read: Toy Zoo
Thread with TID = 140737274447552 read: Magic Kit
Thread with TID = 140737253476032 read: Toy Ambulance
Thread with TID = 140737242990272 read: Toy Bowling Set
Thread with TID = 140737232504512 read: Toy Boat
Thread with TID = 140736525764288 read: Toy Guitar
Thread with TID = 140736674662080 read: Toy Drum Set
Thread with TID = 140736643204800 read: Yo-Yo
Thread with TID = 140736536250048 read: Toy Golf Set
Thread with TID = 140736632719040 read: Mini Golf Set
Thread with TID = 140736664176320 read: Building Blocks
Thread with TID = 140736653690560 read: Bow and Arrow Set
Thread with TID = 140736546735808 read: Lego Set
Thread with TID = 140736515278528 read: Toy Fishing Set
Thread with TID = 140736112625344 read: Superhero Costume
Thread with TID = 140736102139584 read: Jigsaw Puzzle
Thread with TID = 140736504792768 read: Mini Pool Table
Thread with TID = 140736494307008 read: Puzzle
Thread with TID = 140736144082624 read: Scrabble
Thread with TID = 140736133596864 read: Toy House
Thread with TID = 140736123111104 read: Monopoly
Thread with TID = 140736091653824 read: Toy Air Hockey Table
Thread with TID = 140736060196544 read: Toy Vehicles
Thread with TID = 140736081168064 read: Stuffed Animal
Thread with TID = 140736049710784 read: Toy Submarine
Thread with TID = 140736070682304 read: Kite
Thread with TID = 140736039225024 read: Foam Sword
Thread with TID = 140736018253504 read: Wooden Train Set
Thread with TID = 140736007767744 read: Rubik's Cube
Thread with TID = 140736028739264 read: Toy Spaceship
Thread with TID = 140735997281984 read: Toy Gardening Tools
Thread with TID = 140735986796224 read: Uno Cards
Thread with TID = 140735965824704 read: Robot Toy
Thread with TID = 140735923881664 read: Barbie Doll
Thread with TID = 140735976310464 read: Water Gun
Thread with TID = 140735913395904 read: Toy Microscope
Thread with TID = 140735955338944 read: Marbles
Thread with TID = 140735934367424 read: Nerf Gun
Thread with TID = 140735881938624 read: Fairy Wand
Thread with TID = 140735860967104 read: Toy Cooking Tools
Thread with TID = 140735902910144 read: Toy Train
Thread with TID = 140735944853184 read: Toy Soldier Set
Thread with TID = 140735871452864 read: Toy Animals
Thread with TID = 140735892424384 read: Toy Airplane
Thread with TID = 140735850481344 read: Basketball Hoop Toy
Thread with TID = 140735839995584 read: Dinosaur Toy
Thread with TID = 140735829509824 read: Board Game
