Process PID: 35174
Thread with TID = 132514265958080 read: Toy Telescope
Thread with TID = 132514234500800 read: Plush Toy
Thread with TID = 132514224015040 read: Chess Set
Thread with TID = 132514255472320 read: Teddy Bear
Thread with TID = 132514244986560 read: Toy Fire Truck
Thread with TID = 132514213529280 read: Spinning Top
Thread with TID = 132514203043520 read: Toy Binoculars
Thread with TID = 132514192557760 read: Wooden Blocks
Thread with TID = 132514182072000 read: Miniature Train Set
Thread with TID = 132514012202688 read: RC Helicopter
Thread with TID = 132514022688448 read: Toy Crown
Thread with TID = 132513970259648 read: RC Drone
Thread with TID = 132514033174208 read: Dart Board
Thread with TID = 132513928316608 read: Playing Cards
Thread with TID = 132514001716928 read: Remote-Controlled Car
Thread with TID = 132513991231168 read: Toy Kitchen Set
Thread with TID = 132513959773888 read: Action Hero Figure
Thread with TID = 132513949288128 read: Slime Kit
Thread with TID = 132513938802368 read: Toy Police Car
Thread with TID = 132513980745408 read: Bouncing Ball
Thread with TID = 132513917830848 read: Slinky
Thread with TID = 132513907345088 read: Toy Farm Set
Thread with TID = 132513886373568 read: Checkers
Thread with TID = 132513896859328 read: Princess Costume
Thread with TID = 132513875887808 read: Play-Doh Set
Thread with TID = 132513854916288 read: Action Figure
Thread with TID = 132513844430528 read: Toy Train Set
Thread with TID = 132513865402048 read: Toy Garage
Thread with TID = 132513833944768 read: Toy Castle
Thread with TID = 132513781515968 read: Toy Zoo
Thread with TID = 132513792001728 read: Magic Kit
Thread with TID = 132513750058688 read: Toy Boat
Thread with TID = 132513739572928 read: Toy Drum Set
Thread with TID = 132513823459008 read: Toy Car
Thread with TID = 132513771030208 read: Toy Ambulance
Thread with TID = 132513802487488 read: Toy Doctor Kit
Thread with TID = 132513760544448 read: Toy Bowling Set
Thread with TID = 132513812973248 read: Toy Camera
Thread with TID = 132513729087168 read: Bow and Arrow Set
Thread with TID = 132513630521024 read: Building Blocks
Thread with TID = 132513718601408 read: Yo-Yo
Thread with TID = 132513557120704 read: Puzzle
Thread with TID = 132513620035264 read: Mini Golf Set
Thread with TID = 132513609549504 read: Lego Set
Thread with TID = 132513599063744 read: Toy Golf Set
Thread with TID = 132513588577984 read: Toy Guitar
Thread with TID = 132513578092224 read: Toy Fishing Set
Thread with TID = 132513567606464 read: Mini Pool Table
Thread with TID = 132513546634944 read: Scrabble
Thread with TID = 132513536149184 read: Toy House
Thread with TID = 132513525663424 read: Monopoly
Thread with TID = 132513515177664 read: Superhero Costume
Thread with TID = 132513504691904 read: Jigsaw Puzzle
Thread with TID = 132513494206144 read: Toy Air Hockey Table
Thread with TID = 132513483720384 read: Stuffed Animal
Thread with TID = 132513473234624 read: Kite
Thread with TID = 132513452263104 read: Toy Submarine
Thread with TID = 132513441777344 read: Foam Sword
Thread with TID = 132513462748864 read: Toy Vehicles
Thread with TID = 132513431291584 read: Toy Spaceship
Thread with TID = 132513420805824 read: Wooden Train Set
Thread with TID = 132513399834304 read: Toy Gardening Tools
Thread with TID = 132513389348544 read: Uno Cards
Thread with TID = 132513410320064 read: Rubik's Cube
Thread with TID = 132513368377024 read: Robot Toy
Thread with TID = 132513378862784 read: Water Gun
Thread with TID = 132513357891264 read: Marbles
Thread with TID = 132513336919744 read: Nerf Gun
Thread with TID = 132513347405504 read: Toy Soldier Set
Thread with TID = 132513326433984 read: Barbie Doll
Thread with TID = 132513315948224 read: Toy Microscope
Thread with TID = 132513305462464 read: Toy Train
Thread with TID = 132513294976704 read: Toy Airplane
Thread with TID = 132513284490944 read: Fairy Wand
Thread with TID = 132513274005184 read: Toy Animals
Thread with TID = 132513263519424 read: Toy Cooking Tools
Thread with TID = 132513253033664 read: Basketball Hoop Toy
Thread with TID = 132513242547904 read: Dinosaur Toy
Thread with TID = 132513232062144 read: Board Game
