Process PID: 37197
Thread with TID = 133515003823808 read: Toy Binoculars
Thread with TID = 133514919937728 read: Bouncing Ball
Thread with TID = 133515056252608 read: Teddy Bear
Thread with TID = 133515045766848 read: Toy Fire Truck
Thread with TID = 133514982852288 read: Miniature Train Set
Thread with TID = 133514951395008 read: RC Helicopter
Thread with TID = 133514898966208 read: Action Hero Figure
Thread with TID = 133515066738368 read: Toy Telescope
Thread with TID = 133514877994688 read: Toy Police Car
Thread with TID = 133514930423488 read: Toy Kitchen Set
Thread with TID = 133514972366528 read: Dart Board
Thread with TID = 133514940909248 read: Remote-Controlled Car
Thread with TID = 133515035281088 read: Plush Toy
Thread with TID = 133514993338048 read: Wooden Blocks
Thread with TID = 133515024795328 read: Chess Set
Thread with TID = 133514909451968 read: RC Drone
Thread with TID = 133514961880768 read: Toy Crown
Thread with TID = 133514888480448 read: Slime Kit
Thread with TID = 133515014309568 read: Spinning Top
Thread with TID = 133514846537408 read: Toy Farm Set
Thread with TID = 133514708125376 read: Toy Train Set
Thread with TID = 133514867508928 read: Playing Cards
Thread with TID = 133514584393408 read: Magic Kit
Thread with TID = 133514857023168 read: Slinky
Thread with TID = 133514594879168 read: Toy Doctor Kit
Thread with TID = 133514626336448 read: Toy Castle
Thread with TID = 133514615850688 read: Toy Car
Thread with TID = 133514739582656 read: Play-Doh Set
Thread with TID = 133514605364928 read: Toy Camera
Thread with TID = 133514750068416 read: Checkers
Thread with TID = 133514760554176 read: Princess Costume
Thread with TID = 133514573907648 read: Toy Zoo
Thread with TID = 133514729096896 read: Toy Garage
Thread with TID = 133514718611136 read: Action Figure
Thread with TID = 133513944762048 read: Toy Bowling Set
Thread with TID = 133513955247808 read: Toy Ambulance
Thread with TID = 133513913304768 read: Building Blocks
Thread with TID = 133513934276288 read: Toy Boat
Thread with TID = 133513902819008 read: Bow and Arrow Set
Thread with TID = 133513881847488 read: Mini Golf Set
Thread with TID = 133513923790528 read: Toy Drum Set
Thread with TID = 133513860875968 read: Toy Golf Set
Thread with TID = 133513892333248 read: Yo-Yo
Thread with TID = 133513871361728 read: Lego Set
Thread with TID = 133513808447168 read: Scrabble
Thread with TID = 133513839904448 read: Toy Fishing Set
Thread with TID = 133513818932928 read: Puzzle
Thread with TID = 133513829418688 read: Mini Pool Table
Thread with TID = 133513776989888 read: Superhero Costume
Thread with TID = 133513756018368 read: Toy Air Hockey Table
Thread with TID = 133513797961408 read: Toy House
Thread with TID = 133513850390208 read: Toy Guitar
Thread with TID = 133513724561088 read: Toy Vehicles
Thread with TID = 133513714075328 read: Toy Submarine
Thread with TID = 133513682618048 read: Wooden Train Set
Thread with TID = 133513661646528 read: Toy Gardening Tools
Thread with TID = 133513745532608 read: Stuffed Animal
Thread with TID = 133513619703488 read: Marbles
Thread with TID = 133513735046848 read: Kite
Thread with TID = 133513640675008 read: Water Gun
Thread with TID = 133513703589568 read: Foam Sword
Thread with TID = 133513766504128 read: Jigsaw Puzzle
Thread with TID = 133513672132288 read: Rubik's Cube
Thread with TID = 133513630189248 read: Robot Toy
Thread with TID = 133513787475648 read: Monopoly
Thread with TID = 133513651160768 read: Uno Cards
Thread with TID = 133513693103808 read: Toy Spaceship
Thread with TID = 133513609217728 read: Toy Soldier Set
Thread with TID = 133513577760448 read: Toy Microscope
Thread with TID = 133513598731968 read: Nerf Gun
Thread with TID = 133513588246208 read: Barbie Doll
Thread with TID = 133513546303168 read: Fairy Wand
Thread with TID = 133513525331648 read: Toy Cooking Tools
Thread with TID = 133513535817408 read: Toy Animals
Thread with TID = 133513567274688 read: Toy Train
Thread with TID = 133513556788928 read: Toy Airplane
Thread with TID = 133513514845888 read: Basketball Hoop Toy
Thread with TID = 133513493874368 read: Board Game
Thread with TID = 133513504360128 read: Dinosaur Toy
