Process PID: 8696
Thread with TID = 124077601720000 read: Plush Toy
Thread with TID = 124077528319680 read: Toy Crown
Thread with TID = 124077517833920 read: RC Helicopter
Thread with TID = 124077507348160 read: Remote-Controlled Car
Thread with TID = 124077496862400 read: Toy Kitchen Set
Thread with TID = 124077559776960 read: Wooden Blocks
Thread with TID = 124077486376640 read: Bouncing Ball
Thread with TID = 124077465405120 read: Action Hero Figure
Thread with TID = 124077454919360 read: Slime Kit
Thread with TID = 124077375227584 read: Toy Police Car
Thread with TID = 124077364741824 read: Playing Cards
Thread with TID = 124077354256064 read: Slinky
Thread with TID = 124077343770304 read: Toy Farm Set
Thread with TID = 124077322798784 read: Checkers
Thread with TID = 124077333284544 read: Princess Costume
Thread with TID = 124077039683264 read: Play-Doh Set
Thread with TID = 124076987254464 read: Toy Car
Thread with TID = 124077029197504 read: Toy Garage
Thread with TID = 124077008225984 read: Toy Train Set
Thread with TID = 124076913854144 read: Toy Boat
Thread with TID = 124076997740224 read: Toy Castle
Thread with TID = 124077580748480 read: Spinning Top
Thread with TID = 124076945311424 read: Toy Zoo
Thread with TID = 124077475890880 read: RC Drone
Thread with TID = 124077018711744 read: Action Figure
Thread with TID = 124077612205760 read: Toy Fire Truck
Thread with TID = 124076966282944 read: Toy Doctor Kit
Thread with TID = 124076934825664 read: Toy Ambulance
Thread with TID = 124076955797184 read: Magic Kit
Thread with TID = 124076976768704 read: Toy Camera
Thread with TID = 124076903368384 read: Toy Drum Set
Thread with TID = 124077230524096 read: Mini Golf Set
Thread with TID = 124076892882624 read: Building Blocks
Thread with TID = 124077591234240 read: Chess Set
Thread with TID = 124076924339904 read: Toy Bowling Set
Thread with TID = 124076882396864 read: Bow and Arrow Set
Thread with TID = 124077549291200 read: Miniature Train Set
Thread with TID = 124077570262720 read: Toy Binoculars
Thread with TID = 124077241009856 read: Yo-Yo
Thread with TID = 124077220038336 read: Lego Set
Thread with TID = 124077622691520 read: Teddy Bear
Thread with TID = 124077633177280 read: Toy Telescope
Thread with TID = 124077538805440 read: Dart Board
Thread with TID = 124077188581056 read: Toy Fishing Set
Thread with TID = 124076861425344 read: Puzzle
Thread with TID = 124076871911104 read: Mini Pool Table
Thread with TID = 124076850939584 read: Scrabble
Thread with TID = 124077199066816 read: Toy Guitar
Thread with TID = 124076368594624 read: Toy House
Thread with TID = 124077209552576 read: Toy Golf Set
Thread with TID = 124076337137344 read: Jigsaw Puzzle
Thread with TID = 124076358108864 read: Monopoly
Thread with TID = 124076326651584 read: Toy Air Hockey Table
Thread with TID = 124076316165824 read: Stuffed Animal
Thread with TID = 124076305680064 read: Kite
Thread with TID = 124076347623104 read: Superhero Costume
Thread with TID = 124076295194304 read: Toy Vehicles
Thread with TID = 124076263737024 read: Toy Spaceship
Thread with TID = 124076221793984 read: Uno Cards
Thread with TID = 124076232279744 read: Toy Gardening Tools
Thread with TID = 124076284708544 read: Toy Submarine
Thread with TID = 124076274222784 read: Foam Sword
Thread with TID = 124076253251264 read: Wooden Train Set
Thread with TID = 124076242765504 read: Rubik's Cube
Thread with TID = 124076179850944 read: Toy Soldier Set
Thread with TID = 124076200822464 read: Robot Toy
Thread with TID = 124076211308224 read: Water Gun
Thread with TID = 124076169365184 read: Nerf Gun
Thread with TID = 124076158879424 read: Barbie Doll
Thread with TID = 124076137907904 read: Toy Train
Thread with TID = 124076148393664 read: Toy Microscope
Thread with TID = 124076127422144 read: Toy Airplane
Thread with TID = 124076190336704 read: Marbles
Thread with TID = 124076116936384 read: Fairy Wand
Thread with TID = 124076106450624 read: Toy Animals
Thread with TID = 124076085479104 read: Basketball Hoop Toy
Thread with TID = 124076095964864 read: Toy Cooking Tools
Thread with TID = 124076074993344 read: Dinosaur Toy
Thread with TID = 124076064507584 read: Board Game
