Process PID: 12831
Thread with TID = 126657518110400 read: Treadmill
Thread with TID = 126657507624640 read: Arm Sleeves
Thread with TID = 126657539081920 read: Boxing Gloves
Thread with TID = 126657528596160 read: Ski Poles
Thread with TID = 126657549567680 read: Camping Tent
Thread with TID = 126657581024960 read: Golf Club
Thread with TID = 126657570539200 read: Darts
Thread with TID = 126657560053440 read: Skipping Rope
Thread with TID = 126657591510720 read: Air Hockey Table
Thread with TID = 126657612482240 read: Volleyball
Thread with TID = 126657622968000 read: Speed Ladder
Thread with TID = 126657675396800 read: Water Bottle
Thread with TID = 126657654425280 read: Disc Golf
Thread with TID = 126657633453760 read: Helmet
Thread with TID = 126657727825600 read: Compression Tights
Thread with TID = 126657664911040 read: Dip Bar
Thread with TID = 126657717339840 read: Punching Bag
Thread with TID = 126657769768640 read: Game Timer
Thread with TID = 126657685882560 read: Medicine Ball
Thread with TID = 126657738311360 read: Power Tower
Thread with TID = 126657643939520 read: Parachute Trainer
Thread with TID = 126657822197440 read: Tennis Racket
Thread with TID = 126657811711680 read: Slamball
Thread with TID = 126657748797120 read: Basketball
Thread with TID = 126657780254400 read: Sweatband
Thread with TID = 126657832683200 read: Exercise Bike
Thread with TID = 126657601996480 read: Hand Gripper
Thread with TID = 126657790740160 read: Horseshoes
Thread with TID = 126657706854080 read: Snowboard
Thread with TID = 126657696368320 read: Dumbbells
Thread with TID = 126657142720192 read: Resistance Bands
Thread with TID = 126657344046784 read: Table Tennis Paddle
Thread with TID = 126657153205952 read: Baseball Bat
Thread with TID = 126657132234432 read: Football
Thread with TID = 126657465681600 read: Pull-Up Bar
Thread with TID = 126657455195840 read: Ice Skates
Thread with TID = 126657163691712 read: Jersey
Thread with TID = 126657333561024 read: Shin Guards
Thread with TID = 126657354532544 read: Balance Board
Thread with TID = 126657375504064 read: Cricket Bat
Thread with TID = 126657365018304 read: Swimming Goggles
Thread with TID = 126657801225920 read: Energy Gel
Thread with TID = 126657497138880 read: Barbell
Thread with TID = 126657476167360 read: Kayak
Thread with TID = 126657323075264 read: Exercise Ball
Thread with TID = 126657174177472 read: Rugby Ball
Thread with TID = 126657486653120 read: Badminton Racket
Thread with TID = 126656962365120 read: Cycling Shoes
Thread with TID = 126657759282880 read: Running Shoes
Thread with TID = 126656358385344 read: Training Vest
Thread with TID = 126656740067008 read: Elbow Pads
Thread with TID = 126656719095488 read: Roller Skates
Thread with TID = 126656920422080 read: Mini Golf Set
Thread with TID = 126656570197696 read: Chess Clock
Thread with TID = 126656761038528 read: Shorts
Thread with TID = 126656517768896 read: Hiking Boots
Thread with TID = 126656528254656 read: Sandbag
Thread with TID = 126656559711936 read: Pilates Ring
Thread with TID = 126656549226176 read: Fishing Rod
Thread with TID = 126656538740416 read: Trekking Pole
Thread with TID = 126656750552768 read: Kettlebell
Thread with TID = 126656729581248 read: Knee Pads
Thread with TID = 126656930907840 read: Paddleboard
Thread with TID = 126656972850880 read: Billiard Stick
Thread with TID = 126656941393600 read: Bicycle
Thread with TID = 126656136087232 read: Weight Plates
Thread with TID = 126656951879360 read: Surfboard
Thread with TID = 126656326928064 read: Foosball Table
Thread with TID = 126656167544512 read: Trampoline
Thread with TID = 126657121748672 read: Tracksuit
Thread with TID = 126656347899584 read: Cornhole Set
Thread with TID = 126656337413824 read: Battle Rope
Thread with TID = 126656368871104 read: Sleeping Bag
Thread with TID = 126656125601472 read: Elliptical Trainer
Thread with TID = 126656316442304 read: Yoga Mat
Thread with TID = 126656157058752 read: Agility Cones
Thread with TID = 126656146572992 read: Sports Drink
Thread with TID = 126656771524288 read: Rowing Machine
