Process PID: 4339
Thread with TID = 138817721861824 read: Skipping Rope
Thread with TID = 138817973520064 read: Slamball
Thread with TID = 138817648461504 read: Badminton Racket
Thread with TID = 138817984005824 read: Tennis Racket
Thread with TID = 138817732347584 read: Darts
Thread with TID = 138817952548544 read: Horseshoes
Thread with TID = 138817753319104 read: Air Hockey Table
Thread with TID = 138817669433024 read: Arm Sleeves
Thread with TID = 138817742833344 read: Golf Club
Thread with TID = 138817711376064 read: Camping Tent
Thread with TID = 138817679918784 read: Treadmill
Thread with TID = 138817690404544 read: Ski Poles
Thread with TID = 138817700890304 read: Boxing Gloves
Thread with TID = 138817554089664 read: Exercise Ball
Thread with TID = 138817910605504 read: Basketball
Thread with TID = 138817921091264 read: Running Shoes
Thread with TID = 138817627489984 read: Pull-Up Bar
Thread with TID = 138817470203584 read: Cycling Shoes
Thread with TID = 138817774290624 read: Volleyball
Thread with TID = 138817491175104 read: Tracksuit
Thread with TID = 138817596032704 read: Swimming Goggles
Thread with TID = 138817522632384 read: Baseball Bat
Thread with TID = 138817480689344 read: Billiard Stick
Thread with TID = 138817931577024 read: Game Timer
Thread with TID = 138817564575424 read: Shin Guards
Thread with TID = 138817637975744 read: Kayak
Thread with TID = 138817512146624 read: Resistance Bands
Thread with TID = 138817879148224 read: Punching Bag
Thread with TID = 138817658947264 read: Barbell
Thread with TID = 138817994491584 read: Exercise Bike
Thread with TID = 138817617004224 read: Ice Skates
Thread with TID = 138817795262144 read: Helmet
Thread with TID = 138817858176704 read: Dumbbells
Thread with TID = 138817816233664 read: Disc Golf
Thread with TID = 138817543603904 read: Rugby Ball
Thread with TID = 138817501660864 read: Football
Thread with TID = 138817837205184 read: Water Bottle
Thread with TID = 138817533118144 read: Jersey
Thread with TID = 138817942062784 read: Sweatband
Thread with TID = 138817805747904 read: Parachute Trainer
Thread with TID = 138817963034304 read: Energy Gel
Thread with TID = 138817900119744 read: Power Tower
Thread with TID = 138817784776384 read: Speed Ladder
Thread with TID = 138817449232064 read: Bicycle
Thread with TID = 138817606518464 read: Cricket Bat
Thread with TID = 138817585546944 read: Balance Board
Thread with TID = 138817575061184 read: Table Tennis Paddle
Thread with TID = 138817826719424 read: Dip Bar
Thread with TID = 138817847690944 read: Medicine Ball
Thread with TID = 138817868662464 read: Snowboard
Thread with TID = 138817763804864 read: Hand Gripper
Thread with TID = 138817889633984 read: Compression Tights
Thread with TID = 138817459717824 read: Surfboard
Thread with TID = 138817346471616 read: Rowing Machine
Thread with TID = 138817356957376 read: Mini Golf Set
Thread with TID = 138817134659264 read: Pilates Ring
Thread with TID = 138817124173504 read: Fishing Rod
Thread with TID = 138816922846912 read: Cornhole Set
Thread with TID = 138817145145024 read: Chess Clock
Thread with TID = 138816964789952 read: Sandbag
Thread with TID = 138817315014336 read: Elbow Pads
Thread with TID = 138817166116544 read: Knee Pads
Thread with TID = 138817325500096 read: Kettlebell
Thread with TID = 138817155630784 read: Roller Skates
Thread with TID = 138817113687744 read: Trekking Pole
Thread with TID = 138816742491840 read: Trampoline
Thread with TID = 138816752977600 read: Yoga Mat
Thread with TID = 138816763463360 read: Foosball Table
Thread with TID = 138816912361152 read: Battle Rope
Thread with TID = 138816943818432 read: Sleeping Bag
Thread with TID = 138816721520320 read: Sports Drink
Thread with TID = 138816711034560 read: Weight Plates
Thread with TID = 138817335985856 read: Shorts
Thread with TID = 138816933332672 read: Training Vest
Thread with TID = 138816562136768 read: Elliptical Trainer
Thread with TID = 138816732006080 read: Agility Cones
Thread with TID = 138816954304192 read: Hiking Boots
Thread with TID = 138817367443136 read: Paddleboard
