Process PID: 17167
Thread with TID = 135204035364544 read: Parachute Trainer
Thread with TID = 135204024878784 read: Helmet
Thread with TID = 135204045850304 read: Disc Golf
Thread with TID = 135203951478464 read: Skipping Rope
Thread with TID = 135203993421504 read: Hand Gripper
Thread with TID = 135203961964224 read: Darts
Thread with TID = 135203972449984 read: Golf Club
Thread with TID = 135204203136704 read: Slamball
Thread with TID = 135203982935744 read: Air Hockey Table
Thread with TID = 135204003907264 read: Volleyball
Thread with TID = 135203930506944 read: Boxing Gloves
Thread with TID = 135204014393024 read: Speed Ladder
Thread with TID = 135204224108224 read: Exercise Bike
Thread with TID = 135204056336064 read: Dip Bar
Thread with TID = 135204213622464 read: Tennis Racket
Thread with TID = 135204192650944 read: Energy Gel
Thread with TID = 135203940992704 read: Camping Tent
Thread with TID = 135204182165184 read: Horseshoes
Thread with TID = 135203920021184 read: Ski Poles
Thread with TID = 135203909535424 read: Treadmill
Thread with TID = 135203899049664 read: Arm Sleeves
Thread with TID = 135203888563904 read: Barbell
Thread with TID = 135203857106624 read: Pull-Up Bar
Thread with TID = 135202527512256 read: Weight Plates
Thread with TID = 135203878078144 read: Badminton Racket
Thread with TID = 135204077307584 read: Medicine Ball
Thread with TID = 135204098279104 read: Snowboard
Thread with TID = 135204140222144 read: Basketball
Thread with TID = 135204108764864 read: Punching Bag
Thread with TID = 135204066821824 read: Water Bottle
Thread with TID = 135204119250624 read: Compression Tights
Thread with TID = 135204087793344 read: Dumbbells
Thread with TID = 135204129736384 read: Power Tower
Thread with TID = 135203867592384 read: Kayak
Thread with TID = 135204150707904 read: Running Shoes
Thread with TID = 135203836135104 read: Cricket Bat
Thread with TID = 135203141977792 read: Kettlebell
Thread with TID = 135203555116736 read: Jersey
Thread with TID = 135202707867328 read: Yoga Mat
Thread with TID = 135202898708160 read: Sleeping Bag
Thread with TID = 135202909193920 read: Hiking Boots
Thread with TID = 135202940651200 read: Fishing Rod
Thread with TID = 135202951136960 read: Pilates Ring
Thread with TID = 135202930165440 read: Trekking Pole
Thread with TID = 135203846620864 read: Ice Skates
Thread with TID = 135202537998016 read: Sports Drink
Thread with TID = 135203121006272 read: Knee Pads
Thread with TID = 135203332818624 read: Bicycle
Thread with TID = 135203110520512 read: Roller Skates
Thread with TID = 135203131492032 read: Elbow Pads
Thread with TID = 135203353790144 read: Cycling Shoes
Thread with TID = 135203523659456 read: Football
Thread with TID = 135203322332864 read: Paddleboard
Thread with TID = 135203100034752 read: Chess Clock
Thread with TID = 135203502687936 read: Billiard Stick
Thread with TID = 135203513173696 read: Tracksuit
Thread with TID = 135203152463552 read: Shorts
Thread with TID = 135202718353088 read: Foosball Table
Thread with TID = 135203311847104 read: Mini Golf Set
Thread with TID = 135203343304384 read: Surfboard
Thread with TID = 135203704014528 read: Rugby Ball
Thread with TID = 135202548483776 read: Agility Cones
Thread with TID = 135202749810368 read: Training Vest
Thread with TID = 135203756443328 read: Swimming Goggles
Thread with TID = 135203735471808 read: Table Tennis Paddle
Thread with TID = 135203724986048 read: Shin Guards
Thread with TID = 135203745957568 read: Balance Board
Thread with TID = 135203714500288 read: Exercise Ball
Thread with TID = 135203544630976 read: Baseball Bat
Thread with TID = 135203534145216 read: Resistance Bands
Thread with TID = 135202517026496 read: Elliptical Trainer
Thread with TID = 135203301361344 read: Rowing Machine
Thread with TID = 135202739324608 read: Cornhole Set
Thread with TID = 135202728838848 read: Battle Rope
Thread with TID = 135202697381568 read: Trampoline
Thread with TID = 135202919679680 read: Sandbag
Thread with TID = 135204161193664 read: Game Timer
Thread with TID = 135204171679424 read: Sweatband
