Process PID: 13430
Thread with TID = 134536365082304 read: Resistance Bands
Thread with TID = 134536214087360 read: Darts
Thread with TID = 134536344110784 read: Rowing Machine
Thread with TID = 134536188921536 read: Sweatband
Thread with TID = 134536167950016 read: Snowboard
Thread with TID = 134536323139264 read: Exercise Bike
Thread with TID = 134536136492736 read: Battle Rope
Thread with TID = 134536375568064 read: Pull-Up Bar
Thread with TID = 134536224573120 read: Power Tower
Thread with TID = 134536312653504 read: Parachute Trainer
Thread with TID = 134536178435776 read: Dumbbells
Thread with TID = 134536333625024 read: Ski Poles
Thread with TID = 134536203601600 read: Elliptical Trainer
Thread with TID = 134536354596544 read: Cycling Shoes
Thread with TID = 134536157464256 read: Sleeping Bag
Thread with TID = 134536105035456 read: Chess Clock
Thread with TID = 134536012760768 read: Balance Board
Thread with TID = 134536126006976 read: Trampoline
Thread with TID = 134536023246528 read: Kettlebell
Thread with TID = 134536115521216 read: Energy Gel
Thread with TID = 134536146978496 read: Medicine Ball
Thread with TID = 134536002275008 read: Tracksuit
Thread with TID = 134535677216448 read: Boxing Gloves
Thread with TID = 134535970817728 read: Basketball
Thread with TID = 134535666730688 read: Hand Gripper
Thread with TID = 134535656244928 read: Rugby Ball
Thread with TID = 134535981303488 read: Pilates Ring
Thread with TID = 134535991789248 read: Baseball Bat
Thread with TID = 134535687702208 read: Cricket Bat
Thread with TID = 134535645759168 read: Bicycle
Thread with TID = 134535635273408 read: Arm Sleeves
Thread with TID = 134535624787648 read: Badminton Racket
Thread with TID = 134535540901568 read: Tennis Racket
Thread with TID = 134535509444288 read: Foosball Table
Thread with TID = 134535603816128 read: Golf Club
Thread with TID = 134535614301888 read: Trekking Pole
Thread with TID = 134535593330368 read: Speed Ladder
Thread with TID = 134535572358848 read: Weight Plates
Thread with TID = 134535561873088 read: Air Hockey Table
Thread with TID = 134535530415808 read: Sports Drink
Thread with TID = 134535551387328 read: Training Vest
Thread with TID = 134535498958528 read: Shorts
Thread with TID = 134535582844608 read: Billiard Stick
Thread with TID = 134535519930048 read: Horseshoes
Thread with TID = 134535467501248 read: Exercise Ball
Thread with TID = 134535477987008 read: Football
Thread with TID = 134535436043968 read: Game Timer
Thread with TID = 134535457015488 read: Skipping Rope
Thread with TID = 134535446529728 read: Treadmill
Thread with TID = 134535488472768 read: Knee Pads
Thread with TID = 134535425558208 read: Volleyball
Thread with TID = 134535415072448 read: Surfboard
Thread with TID = 134535404586688 read: Roller Skates
Thread with TID = 134535394100928 read: Dip Bar
Thread with TID = 134535383615168 read: Ice Skates
Thread with TID = 134535362643648 read: Compression Tights
Thread with TID = 134535278757568 read: Swimming Goggles
Thread with TID = 134535299729088 read: Slamball
Thread with TID = 134535373129408 read: Water Bottle
Thread with TID = 134535310214848 read: Cornhole Set
Thread with TID = 134535268271808 read: Running Shoes
Thread with TID = 134535289243328 read: Jersey
Thread with TID = 134535257786048 read: Agility Cones
Thread with TID = 134535247300288 read: Camping Tent
Thread with TID = 134535352157888 read: Yoga Mat
Thread with TID = 134535341672128 read: Paddleboard
Thread with TID = 134535331186368 read: Shin Guards
Thread with TID = 134535320700608 read: Mini Golf Set
Thread with TID = 134535236814528 read: Helmet
Thread with TID = 134535226328768 read: Fishing Rod
Thread with TID = 134535215843008 read: Hiking Boots
Thread with TID = 134535205357248 read: Sandbag
Thread with TID = 134535184385728 read: Punching Bag
Thread with TID = 134535194871488 read: Kayak
Thread with TID = 134535173899968 read: Elbow Pads
Thread with TID = 134535142442688 read: Barbell
Thread with TID = 134535163414208 read: Disc Golf
Thread with TID = 134535152928448 read: Table Tennis Paddle
