Process PID: 11265
Thread with TID = 125316370532032 read: Exercise Bike
Thread with TID = 125316360046272 read: Parachute Trainer
Thread with TID = 125316240508608 read: Dumbbells
Thread with TID = 125316271965888 read: Power Tower
Thread with TID = 125316137748160 read: Sleeping Bag
Thread with TID = 125316391503552 read: Ski Poles
Thread with TID = 125316250994368 read: Elliptical Trainer
Thread with TID = 125316401989312 read: Rowing Machine
Thread with TID = 125316127262400 read: Medicine Ball
Thread with TID = 125316412475072 read: Cycling Shoes
Thread with TID = 125316230022848 read: Snowboard
Thread with TID = 125316433446592 read: Pull-Up Bar
Thread with TID = 125316261480128 read: Darts
Thread with TID = 125316381017792 read: Sweatband
Thread with TID = 125316422960832 read: Resistance Bands
Thread with TID = 125316116776640 read: Battle Rope
Thread with TID = 125316095805120 read: Chess Clock
Thread with TID = 125316085319360 read: Kettlebell
Thread with TID = 125315993044672 read: Tracksuit
Thread with TID = 125315982558912 read: Baseball Bat
Thread with TID = 125316219537088 read: Trampoline
Thread with TID = 125315951101632 read: Cricket Bat
Thread with TID = 125315802203840 read: Boxing Gloves
Thread with TID = 125315972073152 read: Pilates Ring
Thread with TID = 125316106290880 read: Energy Gel
Thread with TID = 125316003530432 read: Balance Board
Thread with TID = 125315961587392 read: Basketball
Thread with TID = 125315791718080 read: Hand Gripper
Thread with TID = 125315781232320 read: Rugby Ball
Thread with TID = 125315749775040 read: Badminton Racket
Thread with TID = 125315667986112 read: Trekking Pole
Thread with TID = 125315770746560 read: Bicycle
Thread with TID = 125315760260800 read: Arm Sleeves
Thread with TID = 125315636528832 read: Billiard Stick
Thread with TID = 125315647014592 read: Speed Ladder
Thread with TID = 125315615557312 read: Air Hockey Table
Thread with TID = 125315657500352 read: Golf Club
Thread with TID = 125315533768384 read: Training Vest
Thread with TID = 125315626043072 read: Weight Plates
Thread with TID = 125315502311104 read: Horseshoes
Thread with TID = 125315491825344 read: Foosball Table
Thread with TID = 125315481339584 read: Shorts
Thread with TID = 125315470853824 read: Knee Pads
Thread with TID = 125315523282624 read: Tennis Racket
Thread with TID = 125315512796864 read: Sports Drink
Thread with TID = 125315460368064 read: Football
Thread with TID = 125315407939264 read: Volleyball
Thread with TID = 125315355510464 read: Water Bottle
Thread with TID = 125315439396544 read: Skipping Rope
Thread with TID = 125315386967744 read: Roller Skates
Thread with TID = 125315324053184 read: Paddleboard
Thread with TID = 125315428910784 read: Treadmill
Thread with TID = 125315418425024 read: Game Timer
Thread with TID = 125315376481984 read: Dip Bar
Thread with TID = 125315365996224 read: Ice Skates
Thread with TID = 125315334538944 read: Yoga Mat
Thread with TID = 125315449882304 read: Exercise Ball
Thread with TID = 125315345024704 read: Compression Tights
Thread with TID = 125315397453504 read: Surfboard
Thread with TID = 125315313567424 read: Shin Guards
Thread with TID = 125315303081664 read: Mini Golf Set
Thread with TID = 125315261138624 read: Swimming Goggles
Thread with TID = 125315282110144 read: Slamball
Thread with TID = 125315250652864 read: Running Shoes
Thread with TID = 125315292595904 read: Cornhole Set
Thread with TID = 125315240167104 read: Agility Cones
Thread with TID = 125315271624384 read: Jersey
Thread with TID = 125315229681344 read: Camping Tent
Thread with TID = 125315219195584 read: Helmet
Thread with TID = 125315208709824 read: Fishing Rod
Thread with TID = 125315198224064 read: Hiking Boots
Thread with TID = 125315187738304 read: Sandbag
Thread with TID = 125315177252544 read: Kayak
Thread with TID = 125315166766784 read: Punching Bag
Thread with TID = 125315145795264 read: Disc Golf
Thread with TID = 125315135309504 read: Table Tennis Paddle
Thread with TID = 125315124823744 read: Barbell
Thread with TID = 125315156281024 read: Elbow Pads
