Process PID: 8997
Thread with TID = 137040431679168 read: Darts
Thread with TID = 137040410707648 read: Dumbbells
Thread with TID = 137040400221888 read: Snowboard
Thread with TID = 137040421193408 read: Elliptical Trainer
Thread with TID = 137040452650688 read: Parachute Trainer
Thread with TID = 137040526051008 read: Pull-Up Bar
Thread with TID = 137040515565248 read: Resistance Bands
Thread with TID = 137040505079488 read: Cycling Shoes
Thread with TID = 137040494593728 read: Rowing Machine
Thread with TID = 137040484107968 read: Ski Poles
Thread with TID = 137040442164928 read: Power Tower
Thread with TID = 137040473622208 read: Sweatband
Thread with TID = 137040463136448 read: Exercise Bike
Thread with TID = 137040358278848 read: Trampoline
Thread with TID = 137040379250368 read: Medicine Ball
Thread with TID = 137040347793088 read: Energy Gel
Thread with TID = 137040368764608 read: Battle Rope
Thread with TID = 137040337307328 read: Chess Clock
Thread with TID = 137040257615552 read: Kettlebell
Thread with TID = 137040247129792 read: Balance Board
Thread with TID = 137040236644032 read: Tracksuit
Thread with TID = 137040205186752 read: Basketball
Thread with TID = 137040215672512 read: Pilates Ring
Thread with TID = 137040081454784 read: Bicycle
Thread with TID = 137040112912064 read: Boxing Gloves
Thread with TID = 137040389736128 read: Sleeping Bag
Thread with TID = 137040123397824 read: Cricket Bat
Thread with TID = 137040226158272 read: Baseball Bat
Thread with TID = 137040102426304 read: Hand Gripper
Thread with TID = 137040070969024 read: Arm Sleeves
Thread with TID = 137040091940544 read: Rugby Ball
Thread with TID = 137039978694336 read: Trekking Pole
Thread with TID = 137039947237056 read: Billiard Stick
Thread with TID = 137039968208576 read: Golf Club
Thread with TID = 137039936751296 read: Weight Plates
Thread with TID = 137039989180096 read: Badminton Racket
Thread with TID = 137039957722816 read: Speed Ladder
Thread with TID = 137039926265536 read: Air Hockey Table
Thread with TID = 137039915779776 read: Training Vest
Thread with TID = 137039894808256 read: Sports Drink
Thread with TID = 137039884322496 read: Horseshoes
Thread with TID = 137039873836736 read: Foosball Table
Thread with TID = 137039852865216 read: Knee Pads
Thread with TID = 137039842379456 read: Football
Thread with TID = 137039905294016 read: Tennis Racket
Thread with TID = 137039831893696 read: Exercise Ball
Thread with TID = 137039863350976 read: Shorts
Thread with TID = 137039821407936 read: Skipping Rope
Thread with TID = 137039810922176 read: Treadmill
Thread with TID = 137039779464896 read: Surfboard
Thread with TID = 137039800436416 read: Game Timer
Thread with TID = 137039674607296 read: Cornhole Set
Thread with TID = 137039789950656 read: Volleyball
Thread with TID = 137039768979136 read: Roller Skates
Thread with TID = 137039758493376 read: Dip Bar
Thread with TID = 137039748007616 read: Ice Skates
Thread with TID = 137039716550336 read: Yoga Mat
Thread with TID = 137039706064576 read: Paddleboard
Thread with TID = 137039695578816 read: Shin Guards
Thread with TID = 137039664121536 read: Slamball
Thread with TID = 137039685093056 read: Mini Golf Set
Thread with TID = 137039727036096 read: Compression Tights
Thread with TID = 137039737521856 read: Water Bottle
Thread with TID = 137039653635776 read: Jersey
Thread with TID = 137039643150016 read: Swimming Goggles
Thread with TID = 137039632664256 read: Running Shoes
Thread with TID = 137039622178496 read: Agility Cones
Thread with TID = 137039611692736 read: Camping Tent
Thread with TID = 137039590721216 read: Fishing Rod
Thread with TID = 137039601206976 read: Helmet
Thread with TID = 137039580235456 read: Hiking Boots
Thread with TID = 137039569749696 read: Sandbag
Thread with TID = 137039559263936 read: Kayak
Thread with TID = 137039548778176 read: Punching Bag
Thread with TID = 137039527806656 read: Disc Golf
Thread with TID = 137039506835136 read: Barbell
Thread with TID = 137039538292416 read: Elbow Pads
Thread with TID = 137039517320896 read: Table Tennis Paddle
