Process PID: 15591
Thread with TID = 138243706193600 read: Resistance Bands
Thread with TID = 138243685222080 read: Rowing Machine
Thread with TID = 138243674736320 read: Ski Poles
Thread with TID = 138243716679360 read: Pull-Up Bar
Thread with TID = 138243576170176 read: Exercise Bike
Thread with TID = 138243565684416 read: Parachute Trainer
Thread with TID = 138243695707840 read: Cycling Shoes
Thread with TID = 138243555198656 read: Power Tower
Thread with TID = 138243544712896 read: Darts
Thread with TID = 138243534227136 read: Elliptical Trainer
Thread with TID = 138243441952448 read: Snowboard
Thread with TID = 138243420980928 read: Medicine Ball
Thread with TID = 138243452438208 read: Dumbbells
Thread with TID = 138243400009408 read: Trampoline
Thread with TID = 138243106408128 read: Chess Clock
Thread with TID = 138243410495168 read: Battle Rope
Thread with TID = 138243085436608 read: Balance Board
Thread with TID = 138243095922368 read: Kettlebell
Thread with TID = 138243116893888 read: Energy Gel
Thread with TID = 138243431466688 read: Sleeping Bag
Thread with TID = 138243033007808 read: Cricket Bat
Thread with TID = 138243022522048 read: Boxing Gloves
Thread with TID = 138243043493568 read: Basketball
Thread with TID = 138243012036288 read: Hand Gripper
Thread with TID = 138243001550528 read: Rugby Ball
Thread with TID = 138242938635968 read: Speed Ladder
Thread with TID = 138243053979328 read: Pilates Ring
Thread with TID = 138243064465088 read: Baseball Bat
Thread with TID = 138242949121728 read: Golf Club
Thread with TID = 138242959607488 read: Trekking Pole
Thread with TID = 138242970093248 read: Badminton Racket
Thread with TID = 138242917664448 read: Weight Plates
Thread with TID = 138243074950848 read: Tracksuit
Thread with TID = 138242991064768 read: Bicycle
Thread with TID = 138242928150208 read: Billiard Stick
Thread with TID = 138242980579008 read: Arm Sleeves
Thread with TID = 138243586655936 read: Sweatband
Thread with TID = 138243251111616 read: Air Hockey Table
Thread with TID = 138243230140096 read: Tennis Racket
Thread with TID = 138243240625856 read: Training Vest
Thread with TID = 138243209168576 read: Horseshoes
Thread with TID = 138242907178688 read: Shorts
Thread with TID = 138243219654336 read: Sports Drink
Thread with TID = 138242886207168 read: Football
Thread with TID = 138242896692928 read: Knee Pads
Thread with TID = 138243198682816 read: Foosball Table
Thread with TID = 138242875721408 read: Exercise Ball
Thread with TID = 138242844264128 read: Game Timer
Thread with TID = 138242833778368 read: Volleyball
Thread with TID = 138242865235648 read: Skipping Rope
Thread with TID = 138242854749888 read: Treadmill
Thread with TID = 138242823292608 read: Surfboard
Thread with TID = 138242812806848 read: Roller Skates
Thread with TID = 138242802321088 read: Dip Bar
Thread with TID = 138242791835328 read: Ice Skates
Thread with TID = 138242770863808 read: Compression Tights
Thread with TID = 138242749892288 read: Paddleboard
Thread with TID = 138242739406528 read: Shin Guards
Thread with TID = 138242760378048 read: Yoga Mat
Thread with TID = 138242728920768 read: Mini Golf Set
Thread with TID = 138242781349568 read: Water Bottle
Thread with TID = 138242718435008 read: Cornhole Set
Thread with TID = 138242697463488 read: Jersey
Thread with TID = 138242707949248 read: Slamball
Thread with TID = 138242686977728 read: Swimming Goggles
Thread with TID = 138242676491968 read: Running Shoes
Thread with TID = 138242624063168 read: Hiking Boots
Thread with TID = 138242613577408 read: Sandbag
Thread with TID = 138242561148608 read: Table Tennis Paddle
Thread with TID = 138242603091648 read: Kayak
Thread with TID = 138242645034688 read: Helmet
Thread with TID = 138242666006208 read: Agility Cones
Thread with TID = 138242655520448 read: Camping Tent
Thread with TID = 138242634548928 read: Fishing Rod
Thread with TID = 138242592605888 read: Punching Bag
Thread with TID = 138242582120128 read: Elbow Pads
Thread with TID = 138242571634368 read: Disc Golf
Thread with TID = 138242550662848 read: Barbell
