Process PID: 6207
Thread with TID = 125075827197632 read: Elliptical Trainer
Thread with TID = 125075806226112 read: Snowboard
Thread with TID = 125075848169152 read: Power Tower
Thread with TID = 125075837683392 read: Darts
Thread with TID = 125075900597952 read: Rowing Machine
Thread with TID = 125075911083712 read: Cycling Shoes
Thread with TID = 125075795740352 read: Sleeping Bag
Thread with TID = 125075816711872 read: Dumbbells
Thread with TID = 125075869140672 read: Exercise Bike
Thread with TID = 125075932055232 read: Pull-Up Bar
Thread with TID = 125075858654912 read: Parachute Trainer
Thread with TID = 125075890112192 read: Ski Poles
Thread with TID = 125075785254592 read: Medicine Ball
Thread with TID = 125075921569472 read: Resistance Bands
Thread with TID = 125075879626432 read: Sweatband
Thread with TID = 125075634259648 read: Tracksuit
Thread with TID = 125075665716928 read: Chess Clock
Thread with TID = 125075474876096 read: Pilates Ring
Thread with TID = 125075655231168 read: Kettlebell
Thread with TID = 125075686688448 read: Trampoline
Thread with TID = 125075774768832 read: Battle Rope
Thread with TID = 125075464390336 read: Basketball
Thread with TID = 125075676202688 read: Energy Gel
Thread with TID = 125075432933056 read: Hand Gripper
Thread with TID = 125075319686848 read: Badminton Racket
Thread with TID = 125075485361856 read: Baseball Bat
Thread with TID = 125075351144128 read: Rugby Ball
Thread with TID = 125075309201088 read: Trekking Pole
Thread with TID = 125075453904576 read: Cricket Bat
Thread with TID = 125075340658368 read: Bicycle
Thread with TID = 125075330172608 read: Arm Sleeves
Thread with TID = 125075443418816 read: Boxing Gloves
Thread with TID = 125075644745408 read: Balance Board
Thread with TID = 125075298715328 read: Golf Club
Thread with TID = 125075235800768 read: Tennis Racket
Thread with TID = 125075267258048 read: Weight Plates
Thread with TID = 125075214829248 read: Horseshoes
Thread with TID = 125075225315008 read: Sports Drink
Thread with TID = 125075288229568 read: Speed Ladder
Thread with TID = 125075277743808 read: Billiard Stick
Thread with TID = 125075256772288 read: Air Hockey Table
Thread with TID = 125075246286528 read: Training Vest
Thread with TID = 125075204343488 read: Foosball Table
Thread with TID = 125075193857728 read: Shorts
Thread with TID = 125075183371968 read: Knee Pads
Thread with TID = 125075162400448 read: Exercise Ball
Thread with TID = 125075151914688 read: Skipping Rope
Thread with TID = 125075172886208 read: Football
Thread with TID = 125075141428928 read: Treadmill
Thread with TID = 125075120457408 read: Volleyball
Thread with TID = 125075089000128 read: Dip Bar
Thread with TID = 125075130943168 read: Game Timer
Thread with TID = 125075078514368 read: Ice Skates
Thread with TID = 125075109971648 read: Surfboard
Thread with TID = 125075057542848 read: Compression Tights
Thread with TID = 125075068028608 read: Water Bottle
Thread with TID = 125074979948224 read: Yoga Mat
Thread with TID = 125075036571328 read: Shin Guards
Thread with TID = 125075047057088 read: Paddleboard
Thread with TID = 125075026085568 read: Mini Golf Set
Thread with TID = 125075015599808 read: Cornhole Set
Thread with TID = 125074994628288 read: Jersey
Thread with TID = 125074860410560 read: Agility Cones
Thread with TID = 125074881382080 read: Swimming Goggles
Thread with TID = 125074839439040 read: Helmet
Thread with TID = 125074828953280 read: Fishing Rod
Thread with TID = 125074849924800 read: Camping Tent
Thread with TID = 125074870896320 read: Running Shoes
Thread with TID = 125075005114048 read: Slamball
Thread with TID = 125074818467520 read: Hiking Boots
Thread with TID = 125075099485888 read: Roller Skates
Thread with TID = 125074969462464 read: Sandbag
Thread with TID = 125074807981760 read: Kayak
Thread with TID = 125074797496000 read: Punching Bag
Thread with TID = 125074787010240 read: Elbow Pads
Thread with TID = 125074766038720 read: Table Tennis Paddle
Thread with TID = 125074755552960 read: Barbell
Thread with TID = 125074776524480 read: Disc Golf
