Process PID: 18113
Thread with TID = 132214425650880 read: Sweatband
Thread with TID = 132214362736320 read: Dumbbells
Thread with TID = 132214415165120 read: Exercise Bike
Thread with TID = 132214404679360 read: Parachute Trainer
Thread with TID = 132214257878720 read: Medicine Ball
Thread with TID = 132214373222080 read: Elliptical Trainer
Thread with TID = 132214394193600 read: Power Tower
Thread with TID = 132214226421440 read: Energy Gel
Thread with TID = 132214352250560 read: Snowboard
Thread with TID = 132214446622400 read: Rowing Machine
Thread with TID = 132214341764800 read: Sleeping Bag
Thread with TID = 132214436136640 read: Ski Poles
Thread with TID = 132214247392960 read: Battle Rope
Thread with TID = 132214236907200 read: Trampoline
Thread with TID = 132214478079680 read: Pull-Up Bar
Thread with TID = 132214467593920 read: Resistance Bands
Thread with TID = 132214457108160 read: Cycling Shoes
Thread with TID = 132214383707840 read: Darts
Thread with TID = 132214215935680 read: Chess Clock
Thread with TID = 132214205449920 read: Kettlebell
Thread with TID = 132214113175232 read: Tracksuit
Thread with TID = 132214092203712 read: Pilates Ring
Thread with TID = 132214081717952 read: Basketball
Thread with TID = 132213989443264 read: Boxing Gloves
Thread with TID = 132214102689472 read: Baseball Bat
Thread with TID = 132214123660992 read: Balance Board
Thread with TID = 132213968471744 read: Rugby Ball
Thread with TID = 132213978957504 read: Hand Gripper
Thread with TID = 132213957985984 read: Bicycle
Thread with TID = 132213947500224 read: Arm Sleeves
Thread with TID = 132213937014464 read: Badminton Racket
Thread with TID = 132214071232192 read: Cricket Bat
Thread with TID = 132213895071424 read: Billiard Stick
Thread with TID = 132213884585664 read: Weight Plates
Thread with TID = 132213853128384 read: Tennis Racket
Thread with TID = 132213874099904 read: Air Hockey Table
Thread with TID = 132213821671104 read: Foosball Table
Thread with TID = 132213832156864 read: Horseshoes
Thread with TID = 132213926528704 read: Trekking Pole
Thread with TID = 132213800699584 read: Knee Pads
Thread with TID = 132213811185344 read: Shorts
Thread with TID = 132213905557184 read: Speed Ladder
Thread with TID = 132213916042944 read: Golf Club
Thread with TID = 132213863614144 read: Training Vest
Thread with TID = 132213842642624 read: Sports Drink
Thread with TID = 132213790213824 read: Football
Thread with TID = 132213779728064 read: Exercise Ball
Thread with TID = 132213769242304 read: Skipping Rope
Thread with TID = 132213758756544 read: Treadmill
Thread with TID = 132213737785024 read: Volleyball
Thread with TID = 132213748270784 read: Game Timer
Thread with TID = 132213727299264 read: Surfboard
Thread with TID = 132213685356224 read: Water Bottle
Thread with TID = 132213674870464 read: Compression Tights
Thread with TID = 132213653898944 read: Paddleboard
Thread with TID = 132213716813504 read: Roller Skates
Thread with TID = 132213706327744 read: Dip Bar
Thread with TID = 132213643413184 read: Shin Guards
Thread with TID = 132213664384704 read: Yoga Mat
Thread with TID = 132213695841984 read: Ice Skates
Thread with TID = 132213632927424 read: Mini Golf Set
Thread with TID = 132213611955904 read: Slamball
Thread with TID = 132213622441664 read: Cornhole Set
Thread with TID = 132213477738176 read: Helmet
Thread with TID = 132213488223936 read: Camping Tent
Thread with TID = 132213519681216 read: Swimming Goggles
Thread with TID = 132213414823616 read: Elbow Pads
Thread with TID = 132213509195456 read: Running Shoes
Thread with TID = 132213446280896 read: Sandbag
Thread with TID = 132213498709696 read: Agility Cones
Thread with TID = 132213404337856 read: Disc Golf
Thread with TID = 132213467252416 read: Fishing Rod
Thread with TID = 132213425309376 read: Punching Bag
Thread with TID = 132213307868864 read: Barbell
Thread with TID = 132213318354624 read: Table Tennis Paddle
Thread with TID = 132213601470144 read: Jersey
Thread with TID = 132213435795136 read: Kayak
Thread with TID = 132213456766656 read: Hiking Boots
