Process PID: 14934
Thread with TID = 131712384239296 read: Slamball
Thread with TID = 131712373753536 read: Energy Gel
Thread with TID = 131712405210816 read: Exercise Bike
Thread with TID = 131712394725056 read: Tennis Racket
Thread with TID = 131711954323136 read: Rugby Ball
Thread with TID = 131712006751936 read: Swimming Goggles
Thread with TID = 131711964808896 read: Exercise Ball
Thread with TID = 131711996266176 read: Balance Board
Thread with TID = 131711985780416 read: Table Tennis Paddle
Thread with TID = 131711975294656 read: Shin Guards
Thread with TID = 131712310838976 read: Power Tower
Thread with TID = 131712331810496 read: Running Shoes
Thread with TID = 131712342296256 read: Game Timer
Thread with TID = 131712300353216 read: Compression Tights
Thread with TID = 131712352782016 read: Sweatband
Thread with TID = 131712363267776 read: Horseshoes
Thread with TID = 131712321324736 read: Basketball
Thread with TID = 131712289867456 read: Punching Bag
Thread with TID = 131712216467136 read: Parachute Trainer
Thread with TID = 131712195495616 read: Speed Ladder
Thread with TID = 131712174524096 read: Hand Gripper
Thread with TID = 131712205981376 read: Helmet
Thread with TID = 131712101123776 read: Ski Poles
Thread with TID = 131712279381696 read: Snowboard
Thread with TID = 131712153552576 read: Golf Club
Thread with TID = 131712185009856 read: Volleyball
Thread with TID = 131712164038336 read: Air Hockey Table
Thread with TID = 131712268895936 read: Dumbbells
Thread with TID = 131712069666496 read: Barbell
Thread with TID = 131711725733568 read: Elbow Pads
Thread with TID = 131712048694976 read: Kayak
Thread with TID = 131712038209216 read: Pull-Up Bar
Thread with TID = 131711828494016 read: Rowing Machine
Thread with TID = 131712080152256 read: Arm Sleeves
Thread with TID = 131711736219328 read: Kettlebell
Thread with TID = 131712132581056 read: Skipping Rope
Thread with TID = 131712122095296 read: Camping Tent
Thread with TID = 131711849465536 read: Paddleboard
Thread with TID = 131712143066816 read: Darts
Thread with TID = 131712059180736 read: Badminton Racket
Thread with TID = 131711943837376 read: Jersey
Thread with TID = 131711922865856 read: Resistance Bands
Thread with TID = 131712017237696 read: Cricket Bat
Thread with TID = 131711891408576 read: Billiard Stick
Thread with TID = 131712090638016 read: Treadmill
Thread with TID = 131711933351616 read: Baseball Bat
Thread with TID = 131711912380096 read: Football
Thread with TID = 131711870437056 read: Surfboard
Thread with TID = 131712258410176 read: Medicine Ball
Thread with TID = 131711838979776 read: Mini Golf Set
Thread with TID = 131712247924416 read: Water Bottle
Thread with TID = 131711859951296 read: Bicycle
Thread with TID = 131711901894336 read: Tracksuit
Thread with TID = 131712237438656 read: Dip Bar
Thread with TID = 131711715247808 read: Knee Pads
Thread with TID = 131711694276288 read: Chess Clock
Thread with TID = 131712226952896 read: Disc Golf
Thread with TID = 131711746705088 read: Shorts
Thread with TID = 131712111609536 read: Boxing Gloves
Thread with TID = 131711704762048 read: Roller Skates
Thread with TID = 131711683790528 read: Pilates Ring
Thread with TID = 131711880922816 read: Cycling Shoes
Thread with TID = 131711323080384 read: Weight Plates
Thread with TID = 131711312594624 read: Elliptical Trainer
Thread with TID = 131711545378496 read: Training Vest
Thread with TID = 131711513921216 read: Foosball Table
Thread with TID = 131711503435456 read: Yoga Mat
Thread with TID = 131711492949696 read: Trampoline
Thread with TID = 131711662819008 read: Trekking Pole
Thread with TID = 131711652333248 read: Sandbag
Thread with TID = 131711524406976 read: Battle Rope
Thread with TID = 131711641847488 read: Hiking Boots
Thread with TID = 131711631361728 read: Sleeping Bag
Thread with TID = 131711344051904 read: Agility Cones
Thread with TID = 131711673304768 read: Fishing Rod
Thread with TID = 131711333566144 read: Sports Drink
Thread with TID = 131711534892736 read: Cornhole Set
Thread with TID = 131712027723456 read: Ice Skates
