Process PID: 34211
Thread with TID = 140737316390592 read: Rowing Machine
Thread with TID = 140737274447552 read: Parachute Trainer
Thread with TID = 140737347847872 read: Pull-Up Bar
Thread with TID = 140737326876352 read: Cycling Shoes
Thread with TID = 140737337362112 read: Resistance Bands
Thread with TID = 140737263961792 read: Power Tower
Thread with TID = 140737295419072 read: Sweatband
Thread with TID = 140737284933312 read: Exercise Bike
Thread with TID = 140737253476032 read: Darts
Thread with TID = 140737305904832 read: Ski Poles
Thread with TID = 140737232504512 read: Dumbbells
Thread with TID = 140737150715584 read: Snowboard
Thread with TID = 140737119258304 read: Battle Rope
Thread with TID = 140737108772544 read: Trampoline
Thread with TID = 140737140229824 read: Sleeping Bag
Thread with TID = 140737129744064 read: Medicine Ball
Thread with TID = 140737242990272 read: Elliptical Trainer
Thread with TID = 140737098286784 read: Energy Gel
Thread with TID = 140736949388992 read: Chess Clock
Thread with TID = 140736928417472 read: Balance Board
Thread with TID = 140736938903232 read: Kettlebell
Thread with TID = 140736896960192 read: Pilates Ring
Thread with TID = 140736907445952 read: Baseball Bat
Thread with TID = 140736917931712 read: Tracksuit
Thread with TID = 140736886474432 read: Basketball
Thread with TID = 140736875988672 read: Cricket Bat
Thread with TID = 140736865502912 read: Boxing Gloves
Thread with TID = 140736855017152 read: Hand Gripper
Thread with TID = 140736844531392 read: Rugby Ball
Thread with TID = 140736823559872 read: Arm Sleeves
Thread with TID = 140736802588352 read: Trekking Pole
Thread with TID = 140736792102592 read: Golf Club
Thread with TID = 140736771131072 read: Billiard Stick
Thread with TID = 140736834045632 read: Bicycle
Thread with TID = 140736813074112 read: Badminton Racket
Thread with TID = 140736760645312 read: Weight Plates
Thread with TID = 140736739673792 read: Training Vest
Thread with TID = 140736718702272 read: Sports Drink
Thread with TID = 140736750159552 read: Air Hockey Table
Thread with TID = 140736729188032 read: Tennis Racket
Thread with TID = 140736676759232 read: Knee Pads
Thread with TID = 140736687244992 read: Shorts
Thread with TID = 140736666273472 read: Football
Thread with TID = 140736655787712 read: Exercise Ball
Thread with TID = 140736613844672 read: Volleyball
Thread with TID = 140736634816192 read: Treadmill
Thread with TID = 140736603358912 read: Surfboard
Thread with TID = 140736624330432 read: Game Timer
Thread with TID = 140736781616832 read: Speed Ladder
Thread with TID = 140736645301952 read: Skipping Rope
Thread with TID = 140736697730752 read: Foosball Table
Thread with TID = 140736458655424 read: Roller Skates
Thread with TID = 140736708216512 read: Horseshoes
Thread with TID = 140736592873152 read: Dip Bar
Thread with TID = 140736582387392 read: Ice Skates
Thread with TID = 140736571901632 read: Water Bottle
Thread with TID = 140736561415872 read: Compression Tights
Thread with TID = 140736479626944 read: Yoga Mat
Thread with TID = 140736469141184 read: Paddleboard
Thread with TID = 140736448169664 read: Shin Guards
Thread with TID = 140736437683904 read: Mini Golf Set
Thread with TID = 140736427198144 read: Cornhole Set
Thread with TID = 140736345409216 read: Slamball
Thread with TID = 140736334923456 read: Jersey
Thread with TID = 140736324437696 read: Swimming Goggles
Thread with TID = 140736313951936 read: Running Shoes
Thread with TID = 140736303466176 read: Agility Cones
Thread with TID = 140736292980416 read: Camping Tent
Thread with TID = 140736211191488 read: Helmet
Thread with TID = 140736200705728 read: Fishing Rod
Thread with TID = 140736190219968 read: Hiking Boots
Thread with TID = 140736179734208 read: Sandbag
Thread with TID = 140736169248448 read: Kayak
Thread with TID = 140736158762688 read: Punching Bag
Thread with TID = 140736148276928 read: Elbow Pads
Thread with TID = 140736137791168 read: Disc Golf
Thread with TID = 140736127305408 read: Table Tennis Paddle
Thread with TID = 140736116819648 read: Barbell
