Process PID: 10008
Thread with TID = 140737274447552 read: Parachute Trainer
Thread with TID = 140737337362112 read: Resistance Bands
Thread with TID = 140737316390592 read: Rowing Machine
Thread with TID = 140737305904832 read: Ski Poles
Thread with TID = 140736974554816 read: Elliptical Trainer
Thread with TID = 140737150715584 read: Dumbbells
Thread with TID = 140737140229824 read: Snowboard
Thread with TID = 140737119258304 read: Medicine Ball
Thread with TID = 140737129744064 read: Sleeping Bag
Thread with TID = 140737263961792 read: Power Tower
Thread with TID = 140737295419072 read: Sweatband
Thread with TID = 140737108772544 read: Battle Rope
Thread with TID = 140737253476032 read: Darts
Thread with TID = 140737284933312 read: Exercise Bike
Thread with TID = 140737098286784 read: Trampoline
Thread with TID = 140737347847872 read: Pull-Up Bar
Thread with TID = 140737016497856 read: Energy Gel
Thread with TID = 140737242990272 read: Chess Clock
Thread with TID = 140736985040576 read: Baseball Bat
Thread with TID = 140736995526336 read: Tracksuit
Thread with TID = 140737232504512 read: Kettlebell
Thread with TID = 140736882280128 read: Basketball
Thread with TID = 140736964069056 read: Pilates Ring
Thread with TID = 140736829851328 read: Bicycle
Thread with TID = 140736571901632 read: Speed Ladder
Thread with TID = 140736613844672 read: Arm Sleeves
Thread with TID = 140736561415872 read: Billiard Stick
Thread with TID = 140736483821248 read: Weight Plates
Thread with TID = 140736592873152 read: Trekking Pole
Thread with TID = 140737006012096 read: Balance Board
Thread with TID = 140736850822848 read: Hand Gripper
Thread with TID = 140736603358912 read: Badminton Racket
Thread with TID = 140736582387392 read: Golf Club
Thread with TID = 140736861308608 read: Boxing Gloves
Thread with TID = 140736871794368 read: Cricket Bat
Thread with TID = 140736840337088 read: Rugby Ball
Thread with TID = 140736452363968 read: Surfboard
Thread with TID = 140736441878208 read: Roller Skates
Thread with TID = 140736737576640 read: Tennis Racket
Thread with TID = 140736462849728 read: Volleyball
Thread with TID = 140736334923456 read: Water Bottle
Thread with TID = 140736345409216 read: Ice Skates
Thread with TID = 140736540444352 read: Knee Pads
Thread with TID = 140737326876352 read: Cycling Shoes
Thread with TID = 140736727090880 read: Sports Drink
Thread with TID = 140736748062400 read: Training Vest
Thread with TID = 140736716605120 read: Horseshoes
Thread with TID = 140736473335488 read: Game Timer
Thread with TID = 140736706119360 read: Foosball Table
Thread with TID = 140736508987072 read: Skipping Rope
Thread with TID = 140736498501312 read: Treadmill
Thread with TID = 140736431392448 read: Dip Bar
Thread with TID = 140736695633600 read: Shorts
Thread with TID = 140736529958592 read: Football
Thread with TID = 140736519472832 read: Exercise Ball
Thread with TID = 140736292980416 read: Shin Guards
Thread with TID = 140736324437696 read: Compression Tights
Thread with TID = 140736313951936 read: Yoga Mat
Thread with TID = 140736303466176 read: Paddleboard
Thread with TID = 140736123111104 read: Slamball
Thread with TID = 140736550930112 read: Air Hockey Table
Thread with TID = 140736112625344 read: Jersey
Thread with TID = 140736133596864 read: Cornhole Set
Thread with TID = 140736102139584 read: Swimming Goggles
Thread with TID = 140736144082624 read: Mini Golf Set
Thread with TID = 140735942756032 read: Agility Cones
Thread with TID = 140736091653824 read: Running Shoes
Thread with TID = 140735932270272 read: Camping Tent
Thread with TID = 140735921784512 read: Helmet
Thread with TID = 140735900812992 read: Hiking Boots
Thread with TID = 140735890327232 read: Sandbag
Thread with TID = 140735911298752 read: Fishing Rod
Thread with TID = 140735798052544 read: Punching Bag
Thread with TID = 140735808538304 read: Kayak
Thread with TID = 140735787566784 read: Elbow Pads
Thread with TID = 140735777081024 read: Disc Golf
Thread with TID = 140735766595264 read: Table Tennis Paddle
Thread with TID = 140735756109504 read: Barbell
