Process PID: 32240
Thread with TID = 133257607775936 read: Pull-Up Bar
Thread with TID = 133257597290176 read: Resistance Bands
Thread with TID = 133257555347136 read: Sweatband
Thread with TID = 133257576318656 read: Rowing Machine
Thread with TID = 133257544861376 read: Exercise Bike
Thread with TID = 133257465169600 read: Parachute Trainer
Thread with TID = 133257454683840 read: Power Tower
Thread with TID = 133257586804416 read: Cycling Shoes
Thread with TID = 133257444198080 read: Darts
Thread with TID = 133257412740800 read: Snowboard
Thread with TID = 133257565832896 read: Ski Poles
Thread with TID = 133257423226560 read: Dumbbells
Thread with TID = 133257433712320 read: Elliptical Trainer
Thread with TID = 133257330951872 read: Sleeping Bag
Thread with TID = 133257320466112 read: Medicine Ball
Thread with TID = 133257299494592 read: Trampoline
Thread with TID = 133257278523072 read: Chess Clock
Thread with TID = 133257309980352 read: Battle Rope
Thread with TID = 133257289008832 read: Energy Gel
Thread with TID = 133257196734144 read: Kettlebell
Thread with TID = 133257186248384 read: Balance Board
Thread with TID = 133257052030656 read: Boxing Gloves
Thread with TID = 133257041544896 read: Hand Gripper
Thread with TID = 133257175762624 read: Tracksuit
Thread with TID = 133257154791104 read: Pilates Ring
Thread with TID = 133256999601856 read: Badminton Racket
Thread with TID = 133257020573376 read: Bicycle
Thread with TID = 133257062516416 read: Cricket Bat
Thread with TID = 133257144305344 read: Basketball
Thread with TID = 133256989116096 read: Trekking Pole
Thread with TID = 133256978630336 read: Golf Club
Thread with TID = 133257031059136 read: Rugby Ball
Thread with TID = 133257165276864 read: Baseball Bat
Thread with TID = 133256968144576 read: Speed Ladder
Thread with TID = 133256829732544 read: Sports Drink
Thread with TID = 133256819246784 read: Horseshoes
Thread with TID = 133257010087616 read: Arm Sleeves
Thread with TID = 133256850704064 read: Training Vest
Thread with TID = 133256861189824 read: Air Hockey Table
Thread with TID = 133256947173056 read: Weight Plates
Thread with TID = 133256808761024 read: Foosball Table
Thread with TID = 133256840218304 read: Tennis Racket
Thread with TID = 133256957658816 read: Billiard Stick
Thread with TID = 133256659863232 read: Shorts
Thread with TID = 133256349484736 read: Dip Bar
Thread with TID = 133256391427776 read: Game Timer
Thread with TID = 133256628405952 read: Exercise Ball
Thread with TID = 133256236238528 read: Yoga Mat
Thread with TID = 133256370456256 read: Surfboard
Thread with TID = 133256380942016 read: Volleyball
Thread with TID = 133256225752768 read: Paddleboard
Thread with TID = 133256359970496 read: Roller Skates
Thread with TID = 133256649377472 read: Knee Pads
Thread with TID = 133256257210048 read: Water Bottle
Thread with TID = 133256246724288 read: Compression Tights
Thread with TID = 133256638891712 read: Football
Thread with TID = 133256607434432 read: Treadmill
Thread with TID = 133256338998976 read: Ice Skates
Thread with TID = 133256617920192 read: Skipping Rope
Thread with TID = 133256215267008 read: Shin Guards
Thread with TID = 133256204781248 read: Mini Golf Set
Thread with TID = 133256122992320 read: Cornhole Set
Thread with TID = 133256091535040 read: Swimming Goggles
Thread with TID = 133255965705920 read: Table Tennis Paddle
Thread with TID = 133256112506560 read: Slamball
Thread with TID = 133256070563520 read: Agility Cones
Thread with TID = 133256102020800 read: Jersey
Thread with TID = 133255955220160 read: Barbell
Thread with TID = 133256049592000 read: Helmet
Thread with TID = 133256060077760 read: Camping Tent
Thread with TID = 133256018134720 read: Sandbag
Thread with TID = 133256081049280 read: Running Shoes
Thread with TID = 133256039106240 read: Fishing Rod
Thread with TID = 133256007648960 read: Kayak
Thread with TID = 133255997163200 read: Punching Bag
Thread with TID = 133256028620480 read: Hiking Boots
Thread with TID = 133255986677440 read: Elbow Pads
Thread with TID = 133255976191680 read: Disc Golf
