Process PID: 123955
Thread with TID = 140737316390592 read: Rowing Machine
Thread with TID = 140737284933312 read: Exercise Bike
Thread with TID = 140737098286784 read: Energy Gel
Thread with TID = 140737295419072 read: Sweatband
Thread with TID = 140737087801024 read: Chess Clock
Thread with TID = 140737066829504 read: Balance Board
Thread with TID = 140737337362112 read: Resistance Bands
Thread with TID = 140737347847872 read: Pull-Up Bar
Thread with TID = 140737305904832 read: Ski Poles
Thread with TID = 140737263961792 read: Power Tower
Thread with TID = 140737253476032 read: Darts
Thread with TID = 140737242990272 read: Elliptical Trainer
Thread with TID = 140737232504512 read: Dumbbells
Thread with TID = 140737150715584 read: Snowboard
Thread with TID = 140737140229824 read: Sleeping Bag
Thread with TID = 140737129744064 read: Medicine Ball
Thread with TID = 140737119258304 read: Battle Rope
Thread with TID = 140737108772544 read: Trampoline
Thread with TID = 140737056343744 read: Tracksuit
Thread with TID = 140736827754176 read: Arm Sleeves
Thread with TID = 140736806782656 read: Trekking Pole
Thread with TID = 140736890668736 read: Basketball
Thread with TID = 140736848725696 read: Rugby Ball
Thread with TID = 140736880182976 read: Cricket Bat
Thread with TID = 140736869697216 read: Boxing Gloves
Thread with TID = 140736859211456 read: Hand Gripper
Thread with TID = 140736817268416 read: Badminton Racket
Thread with TID = 140736901154496 read: Pilates Ring
Thread with TID = 140736796296896 read: Golf Club
Thread with TID = 140736838239936 read: Bicycle
Thread with TID = 140736911640256 read: Baseball Bat
Thread with TID = 140737326876352 read: Cycling Shoes
Thread with TID = 140736928417472 read: Training Vest
Thread with TID = 140737274447552 read: Parachute Trainer
Thread with TID = 140737045857984 read: Speed Ladder
Thread with TID = 140737035372224 read: Billiard Stick
Thread with TID = 140736938903232 read: Air Hockey Table
Thread with TID = 140736546735808 read: Tennis Racket
Thread with TID = 140736536250048 read: Sports Drink
Thread with TID = 140736949388992 read: Weight Plates
Thread with TID = 140736515278528 read: Foosball Table
Thread with TID = 140736525764288 read: Horseshoes
Thread with TID = 140736504792768 read: Shorts
Thread with TID = 140736494307008 read: Knee Pads
Thread with TID = 140736483821248 read: Football
Thread with TID = 140736473335488 read: Exercise Ball
Thread with TID = 140736680953536 read: Skipping Rope
Thread with TID = 140736659982016 read: Roller Skates
Thread with TID = 140737077315264 read: Kettlebell
Thread with TID = 140736775325376 read: Volleyball
Thread with TID = 140736764839616 read: Surfboard
Thread with TID = 140736649496256 read: Dip Bar
Thread with TID = 140736670467776 read: Treadmill
Thread with TID = 140736785811136 read: Game Timer
Thread with TID = 140736639010496 read: Ice Skates
Thread with TID = 140736378963648 read: Swimming Goggles
Thread with TID = 140736452363968 read: Yoga Mat
Thread with TID = 140736316049088 read: Hiking Boots
Thread with TID = 140736462849728 read: Compression Tights
Thread with TID = 140736410420928 read: Cornhole Set
Thread with TID = 140736389449408 read: Jersey
Thread with TID = 140736441878208 read: Paddleboard
Thread with TID = 140736399935168 read: Slamball
Thread with TID = 140736628524736 read: Water Bottle
Thread with TID = 140736431392448 read: Shin Guards
Thread with TID = 140736420906688 read: Mini Golf Set
Thread with TID = 140736326534848 read: Fishing Rod
Thread with TID = 140736368477888 read: Running Shoes
Thread with TID = 140736295077568 read: Kayak
Thread with TID = 140736305563328 read: Sandbag
Thread with TID = 140736284591808 read: Punching Bag
Thread with TID = 140736347506368 read: Camping Tent
Thread with TID = 140736337020608 read: Helmet
Thread with TID = 140736274106048 read: Elbow Pads
Thread with TID = 140736263620288 read: Disc Golf
Thread with TID = 140736242648768 read: Barbell
Thread with TID = 140736253134528 read: Table Tennis Paddle
Thread with TID = 140736357992128 read: Agility Cones
