Process PID: 26976
Thread with TID = 123280583296704 read: Pull-Up Bar
Thread with TID = 123280572810944 read: Resistance Bands
Thread with TID = 123280541353664 read: Ski Poles
Thread with TID = 123280446981824 read: Exercise Bike
Thread with TID = 123280457467584 read: Sweatband
Thread with TID = 123280562325184 read: Cycling Shoes
Thread with TID = 123280426010304 read: Power Tower
Thread with TID = 123280551839424 read: Rowing Machine
Thread with TID = 123280405038784 read: Elliptical Trainer
Thread with TID = 123280394553024 read: Dumbbells
Thread with TID = 123280384067264 read: Snowboard
Thread with TID = 123280373581504 read: Sleeping Bag
Thread with TID = 123280436496064 read: Parachute Trainer
Thread with TID = 123280352609984 read: Battle Rope
Thread with TID = 123280415524544 read: Darts
Thread with TID = 123280256140992 read: Energy Gel
Thread with TID = 123280245655232 read: Chess Clock
Thread with TID = 123280363095744 read: Medicine Ball
Thread with TID = 123280193226432 read: Pilates Ring
Thread with TID = 123280182740672 read: Basketball
Thread with TID = 123280342124224 read: Trampoline
Thread with TID = 123280203712192 read: Baseball Bat
Thread with TID = 123280235169472 read: Kettlebell
Thread with TID = 123280224683712 read: Balance Board
Thread with TID = 123280214197952 read: Tracksuit
Thread with TID = 123280172254912 read: Cricket Bat
Thread with TID = 123280161769152 read: Boxing Gloves
Thread with TID = 123280054814400 read: Bicycle
Thread with TID = 123280033842880 read: Badminton Racket
Thread with TID = 123280044328640 read: Arm Sleeves
Thread with TID = 123280012871360 read: Golf Club
Thread with TID = 123280002385600 read: Speed Ladder
Thread with TID = 123279970928320 read: Air Hockey Table
Thread with TID = 123280151283392 read: Hand Gripper
Thread with TID = 123279960442560 read: Training Vest
Thread with TID = 123280140797632 read: Rugby Ball
Thread with TID = 123279949956800 read: Tennis Racket
Thread with TID = 123279843002048 read: Foosball Table
Thread with TID = 123280023357120 read: Trekking Pole
Thread with TID = 123279991899840 read: Billiard Stick
Thread with TID = 123279981414080 read: Weight Plates
Thread with TID = 123279853487808 read: Horseshoes
Thread with TID = 123279822030528 read: Knee Pads
Thread with TID = 123279811544768 read: Football
Thread with TID = 123279832516288 read: Shorts
Thread with TID = 123279801059008 read: Exercise Ball
Thread with TID = 123279939471040 read: Sports Drink
Thread with TID = 123279748630208 read: Surfboard
Thread with TID = 123279675229888 read: Paddleboard
Thread with TID = 123279664744128 read: Shin Guards
Thread with TID = 123279790573248 read: Skipping Rope
Thread with TID = 123279738144448 read: Roller Skates
Thread with TID = 123279759115968 read: Volleyball
Thread with TID = 123279727658688 read: Dip Bar
Thread with TID = 123279622801088 read: Jersey
Thread with TID = 123279612315328 read: Swimming Goggles
Thread with TID = 123279643772608 read: Cornhole Set
Thread with TID = 123279633286848 read: Slamball
Thread with TID = 123279717172928 read: Ice Skates
Thread with TID = 123279696201408 read: Compression Tights
Thread with TID = 123279706687168 read: Water Bottle
Thread with TID = 123279654258368 read: Mini Golf Set
Thread with TID = 123279780087488 read: Treadmill
Thread with TID = 123279769601728 read: Game Timer
Thread with TID = 123279685715648 read: Yoga Mat
Thread with TID = 123279601829568 read: Running Shoes
Thread with TID = 123279591343808 read: Agility Cones
Thread with TID = 123279580858048 read: Camping Tent
Thread with TID = 123279559886528 read: Fishing Rod
Thread with TID = 123279538915008 read: Sandbag
Thread with TID = 123279570372288 read: Helmet
Thread with TID = 123279517943488 read: Punching Bag
Thread with TID = 123279507457728 read: Elbow Pads
Thread with TID = 123279528429248 read: Kayak
Thread with TID = 123279486486208 read: Table Tennis Paddle
Thread with TID = 123279549400768 read: Hiking Boots
Thread with TID = 123279476000448 read: Barbell
Thread with TID = 123279496971968 read: Disc Golf
