Process PID: 30266
Thread with TID = 138794122610368 read: Rowing Machine
Thread with TID = 138794154067648 read: Pull-Up Bar
Thread with TID = 138794143581888 read: Resistance Bands
Thread with TID = 138794013558464 read: Exercise Bike
Thread with TID = 138794101638848 read: Sweatband
Thread with TID = 138794003072704 read: Parachute Trainer
Thread with TID = 138794112124608 read: Ski Poles
Thread with TID = 138794133096128 read: Cycling Shoes
Thread with TID = 138793992586944 read: Power Tower
Thread with TID = 138793868854976 read: Sleeping Bag
Thread with TID = 138793982101184 read: Darts
Thread with TID = 138793837397696 read: Trampoline
Thread with TID = 138793961129664 read: Dumbbells
Thread with TID = 138793879340736 read: Snowboard
Thread with TID = 138793971615424 read: Elliptical Trainer
Thread with TID = 138793826911936 read: Energy Gel
Thread with TID = 138793858369216 read: Medicine Ball
Thread with TID = 138793847883456 read: Battle Rope
Thread with TID = 138793734637248 read: Kettlebell
Thread with TID = 138793745123008 read: Chess Clock
Thread with TID = 138793724151488 read: Balance Board
Thread with TID = 138793713665728 read: Tracksuit
Thread with TID = 138793558476480 read: Bicycle
Thread with TID = 138793455716032 read: Trekking Pole
Thread with TID = 138793703179968 read: Baseball Bat
Thread with TID = 138793692694208 read: Pilates Ring
Thread with TID = 138793589933760 read: Boxing Gloves
Thread with TID = 138793610905280 read: Basketball
Thread with TID = 138793568962240 read: Rugby Ball
Thread with TID = 138793600419520 read: Cricket Bat
Thread with TID = 138793579448000 read: Hand Gripper
Thread with TID = 138793445230272 read: Golf Club
Thread with TID = 138793424258752 read: Billiard Stick
Thread with TID = 138793476687552 read: Arm Sleeves
Thread with TID = 138793342469824 read: Weight Plates
Thread with TID = 138793466201792 read: Badminton Racket
Thread with TID = 138793331984064 read: Air Hockey Table
Thread with TID = 138793434744512 read: Speed Ladder
Thread with TID = 138793311012544 read: Tennis Racket
Thread with TID = 138793300526784 read: Sports Drink
Thread with TID = 138793174697664 read: Roller Skates
Thread with TID = 138793195669184 read: Volleyball
Thread with TID = 138793290041024 read: Horseshoes
Thread with TID = 138793321498304 read: Training Vest
Thread with TID = 138793237612224 read: Exercise Ball
Thread with TID = 138793227126464 read: Skipping Rope
Thread with TID = 138793216640704 read: Treadmill
Thread with TID = 138793185183424 read: Surfboard
Thread with TID = 138793132754624 read: Compression Tights
Thread with TID = 138793258583744 read: Knee Pads
Thread with TID = 138793164211904 read: Dip Bar
Thread with TID = 138793206154944 read: Game Timer
Thread with TID = 138793153726144 read: Ice Skates
Thread with TID = 138793143240384 read: Water Bottle
Thread with TID = 138793269069504 read: Shorts
Thread with TID = 138793111783104 read: Paddleboard
Thread with TID = 138793279555264 read: Foosball Table
Thread with TID = 138793122268864 read: Yoga Mat
Thread with TID = 138793248097984 read: Football
Thread with TID = 138793101297344 read: Shin Guards
Thread with TID = 138793080325824 read: Cornhole Set
Thread with TID = 138793069840064 read: Slamball
Thread with TID = 138793059354304 read: Jersey
Thread with TID = 138793048868544 read: Swimming Goggles
Thread with TID = 138793017411264 read: Camping Tent
Thread with TID = 138793038382784 read: Running Shoes
Thread with TID = 138793090811584 read: Mini Golf Set
Thread with TID = 138793006925504 read: Helmet
Thread with TID = 138793027897024 read: Agility Cones
Thread with TID = 138792996439744 read: Fishing Rod
Thread with TID = 138792985953984 read: Hiking Boots
Thread with TID = 138792975468224 read: Sandbag
Thread with TID = 138792964982464 read: Kayak
Thread with TID = 138792933525184 read: Disc Golf
Thread with TID = 138792912553664 read: Barbell
Thread with TID = 138792954496704 read: Punching Bag
Thread with TID = 138792944010944 read: Elbow Pads
Thread with TID = 138792923039424 read: Table Tennis Paddle
