Process PID: 13637
Thread with TID = 140737337362112 read: Resistance Bands
Thread with TID = 140737207338688 read: Exercise Bike
Thread with TID = 140737305904832 read: Ski Poles
Thread with TID = 140737196852928 read: Parachute Trainer
Thread with TID = 140737316390592 read: Rowing Machine
Thread with TID = 140737217824448 read: Sweatband
Thread with TID = 140737326876352 read: Cycling Shoes
Thread with TID = 140737347847872 read: Pull-Up Bar
Thread with TID = 140737175881408 read: Elliptical Trainer
Thread with TID = 140737186367168 read: Darts
Thread with TID = 140737165395648 read: Dumbbells
Thread with TID = 140737073120960 read: Snowboard
Thread with TID = 140737062635200 read: Sleeping Bag
Thread with TID = 140737083606720 read: Power Tower
Thread with TID = 140737052149440 read: Medicine Ball
Thread with TID = 140737041663680 read: Battle Rope
Thread with TID = 140737031177920 read: Trampoline
Thread with TID = 140736949388992 read: Energy Gel
Thread with TID = 140736938903232 read: Chess Clock
Thread with TID = 140736928417472 read: Kettlebell
Thread with TID = 140736855017152 read: Boxing Gloves
Thread with TID = 140736907445952 read: Tracksuit
Thread with TID = 140736896960192 read: Baseball Bat
Thread with TID = 140736834045632 read: Rugby Ball
Thread with TID = 140736917931712 read: Balance Board
Thread with TID = 140736875988672 read: Basketball
Thread with TID = 140736865502912 read: Cricket Bat
Thread with TID = 140736844531392 read: Hand Gripper
Thread with TID = 140736886474432 read: Pilates Ring
Thread with TID = 140736823559872 read: Bicycle
Thread with TID = 140736729188032 read: Training Vest
Thread with TID = 140736739673792 read: Air Hockey Table
Thread with TID = 140736813074112 read: Arm Sleeves
Thread with TID = 140736708216512 read: Sports Drink
Thread with TID = 140736718702272 read: Tennis Racket
Thread with TID = 140736802588352 read: Badminton Racket
Thread with TID = 140736792102592 read: Trekking Pole
Thread with TID = 140736781616832 read: Golf Club
Thread with TID = 140736676759232 read: Shorts
Thread with TID = 140736771131072 read: Speed Ladder
Thread with TID = 140736760645312 read: Billiard Stick
Thread with TID = 140736750159552 read: Weight Plates
Thread with TID = 140736697730752 read: Horseshoes
Thread with TID = 140736687244992 read: Foosball Table
Thread with TID = 140736666273472 read: Knee Pads
Thread with TID = 140736645301952 read: Exercise Ball
Thread with TID = 140736655787712 read: Football
Thread with TID = 140736624330432 read: Treadmill
Thread with TID = 140736613844672 read: Game Timer
Thread with TID = 140736634816192 read: Skipping Rope
Thread with TID = 140736561415872 read: Ice Skates
Thread with TID = 140736603358912 read: Volleyball
Thread with TID = 140736550930112 read: Water Bottle
Thread with TID = 140736571901632 read: Dip Bar
Thread with TID = 140736592873152 read: Surfboard
Thread with TID = 140736529958592 read: Yoga Mat
Thread with TID = 140736519472832 read: Paddleboard
Thread with TID = 140736508987072 read: Shin Guards
Thread with TID = 140736498501312 read: Mini Golf Set
Thread with TID = 140736540444352 read: Compression Tights
Thread with TID = 140736488015552 read: Cornhole Set
Thread with TID = 140736477529792 read: Slamball
Thread with TID = 140736467044032 read: Jersey
Thread with TID = 140736456558272 read: Swimming Goggles
Thread with TID = 140736446072512 read: Running Shoes
Thread with TID = 140736582387392 read: Roller Skates
Thread with TID = 140736435586752 read: Agility Cones
Thread with TID = 140736425100992 read: Camping Tent
Thread with TID = 140736414615232 read: Helmet
Thread with TID = 140736404129472 read: Fishing Rod
Thread with TID = 140736393643712 read: Hiking Boots
Thread with TID = 140736383157952 read: Sandbag
Thread with TID = 140736372672192 read: Kayak
Thread with TID = 140736362186432 read: Punching Bag
Thread with TID = 140736351700672 read: Elbow Pads
Thread with TID = 140736341214912 read: Disc Golf
Thread with TID = 140736330729152 read: Table Tennis Paddle
Thread with TID = 140736320243392 read: Barbell
