Process PID: 27846
Thread with TID = 140737347847872 read: Pull-Up Bar
Thread with TID = 140737305904832 read: Ski Poles
Thread with TID = 140737175881408 read: Darts
Thread with TID = 140737154909888 read: Dumbbells
Thread with TID = 140737165395648 read: Elliptical Trainer
Thread with TID = 140737144424128 read: Snowboard
Thread with TID = 140737133938368 read: Sleeping Bag
Thread with TID = 140737123452608 read: Medicine Ball
Thread with TID = 140737112966848 read: Battle Rope
Thread with TID = 140737102481088 read: Trampoline
Thread with TID = 140737091995328 read: Energy Gel
Thread with TID = 140737337362112 read: Resistance Bands
Thread with TID = 140737060538048 read: Balance Board
Thread with TID = 140737186367168 read: Power Tower
Thread with TID = 140737050052288 read: Tracksuit
Thread with TID = 140737071023808 read: Kettlebell
Thread with TID = 140737039566528 read: Baseball Bat
Thread with TID = 140737326876352 read: Cycling Shoes
Thread with TID = 140737316390592 read: Rowing Machine
Thread with TID = 140737217824448 read: Sweatband
Thread with TID = 140737207338688 read: Exercise Bike
Thread with TID = 140737196852928 read: Parachute Trainer
Thread with TID = 140736852920000 read: Hand Gripper
Thread with TID = 140736863405760 read: Boxing Gloves
Thread with TID = 140736821462720 read: Arm Sleeves
Thread with TID = 140736810976960 read: Badminton Racket
Thread with TID = 140736873891520 read: Cricket Bat
Thread with TID = 140736842434240 read: Rugby Ball
Thread with TID = 140736790005440 read: Golf Club
Thread with TID = 140737029080768 read: Pilates Ring
Thread with TID = 140736800491200 read: Trekking Pole
Thread with TID = 140736884377280 read: Basketball
Thread with TID = 140736831948480 read: Bicycle
Thread with TID = 140736949388992 read: Speed Ladder
Thread with TID = 140736779519680 read: Sports Drink
Thread with TID = 140736907445952 read: Training Vest
Thread with TID = 140736769033920 read: Horseshoes
Thread with TID = 140736649496256 read: Football
Thread with TID = 140736938903232 read: Billiard Stick
Thread with TID = 140736928417472 read: Weight Plates
Thread with TID = 140736670467776 read: Shorts
Thread with TID = 140736917931712 read: Air Hockey Table
Thread with TID = 140736680953536 read: Foosball Table
Thread with TID = 140736896960192 read: Tennis Racket
Thread with TID = 140736659982016 read: Knee Pads
Thread with TID = 140737081509568 read: Chess Clock
Thread with TID = 140736628524736 read: Skipping Rope
Thread with TID = 140736546735808 read: Treadmill
Thread with TID = 140736504792768 read: Roller Skates
Thread with TID = 140736536250048 read: Game Timer
Thread with TID = 140736494307008 read: Dip Bar
Thread with TID = 140736332826304 read: Slamball
Thread with TID = 140736639010496 read: Exercise Ball
Thread with TID = 140736515278528 read: Surfboard
Thread with TID = 140736441878208 read: Paddleboard
Thread with TID = 140736525764288 read: Volleyball
Thread with TID = 140736322340544 read: Jersey
Thread with TID = 140736483821248 read: Ice Skates
Thread with TID = 140736343312064 read: Cornhole Set
Thread with TID = 140736420906688 read: Mini Golf Set
Thread with TID = 140736431392448 read: Shin Guards
Thread with TID = 140736462849728 read: Compression Tights
Thread with TID = 140736473335488 read: Water Bottle
Thread with TID = 140736311854784 read: Swimming Goggles
Thread with TID = 140736452363968 read: Yoga Mat
Thread with TID = 140736410420928 read: Running Shoes
Thread with TID = 140736378963648 read: Helmet
Thread with TID = 140736301369024 read: Sandbag
Thread with TID = 140736190219968 read: Disc Golf
Thread with TID = 140736211191488 read: Punching Bag
Thread with TID = 140736179734208 read: Table Tennis Paddle
Thread with TID = 140736169248448 read: Barbell
Thread with TID = 140736290883264 read: Kayak
Thread with TID = 140736368477888 read: Fishing Rod
Thread with TID = 140736399935168 read: Agility Cones
Thread with TID = 140736357992128 read: Hiking Boots
Thread with TID = 140736200705728 read: Elbow Pads
Thread with TID = 140736389449408 read: Camping Tent
