Process PID: 133888
Thread with TID = 140737305904832 read: Ski Poles
Thread with TID = 140737347847872 read: Pull-Up Bar
Thread with TID = 140737263961792 read: Power Tower
Thread with TID = 140737284933312 read: Exercise Bike
Thread with TID = 140737337362112 read: Resistance Bands
Thread with TID = 140737326876352 read: Cycling Shoes
Thread with TID = 140737316390592 read: Rowing Machine
Thread with TID = 140737274447552 read: Parachute Trainer
Thread with TID = 140737295419072 read: Sweatband
Thread with TID = 140737253476032 read: Darts
Thread with TID = 140737242990272 read: Elliptical Trainer
Thread with TID = 140737083606720 read: Snowboard
Thread with TID = 140737232504512 read: Dumbbells
Thread with TID = 140737062635200 read: Medicine Ball
Thread with TID = 140737073120960 read: Sleeping Bag
Thread with TID = 140737031177920 read: Energy Gel
Thread with TID = 140736978749120 read: Baseball Bat
Thread with TID = 140736989234880 read: Tracksuit
Thread with TID = 140737010206400 read: Kettlebell
Thread with TID = 140737052149440 read: Battle Rope
Thread with TID = 140736968263360 read: Pilates Ring
Thread with TID = 140736894863040 read: Arm Sleeves
Thread with TID = 140736831948480 read: Weight Plates
Thread with TID = 140736873891520 read: Trekking Pole
Thread with TID = 140736821462720 read: Air Hockey Table
Thread with TID = 140736905348800 read: Bicycle
Thread with TID = 140736852920000 read: Speed Ladder
Thread with TID = 140736936806080 read: Boxing Gloves
Thread with TID = 140736947291840 read: Cricket Bat
Thread with TID = 140736884377280 read: Badminton Racket
Thread with TID = 140736957777600 read: Basketball
Thread with TID = 140736926320320 read: Hand Gripper
Thread with TID = 140736915834560 read: Rugby Ball
Thread with TID = 140736779519680 read: Horseshoes
Thread with TID = 140736800491200 read: Tennis Racket
Thread with TID = 140736769033920 read: Foosball Table
Thread with TID = 140736790005440 read: Sports Drink
Thread with TID = 140736842434240 read: Billiard Stick
Thread with TID = 140736758548160 read: Shorts
Thread with TID = 140736863405760 read: Golf Club
Thread with TID = 140737041663680 read: Trampoline
Thread with TID = 140737020692160 read: Chess Clock
Thread with TID = 140736810976960 read: Training Vest
Thread with TID = 140736748062400 read: Knee Pads
Thread with TID = 140736737576640 read: Football
Thread with TID = 140736706119360 read: Treadmill
Thread with TID = 140736999720640 read: Balance Board
Thread with TID = 140736716605120 read: Skipping Rope
Thread with TID = 140736727090880 read: Exercise Ball
Thread with TID = 140736695633600 read: Game Timer
Thread with TID = 140736571901632 read: Ice Skates
Thread with TID = 140736458655424 read: Paddleboard
Thread with TID = 140736613844672 read: Volleyball
Thread with TID = 140736592873152 read: Roller Skates
Thread with TID = 140736582387392 read: Dip Bar
Thread with TID = 140736603358912 read: Surfboard
Thread with TID = 140736469141184 read: Yoga Mat
Thread with TID = 140736448169664 read: Shin Guards
Thread with TID = 140736561415872 read: Water Bottle
Thread with TID = 140736479626944 read: Compression Tights
Thread with TID = 140736437683904 read: Mini Golf Set
Thread with TID = 140736427198144 read: Cornhole Set
Thread with TID = 140736303466176 read: Agility Cones
Thread with TID = 140736345409216 read: Slamball
Thread with TID = 140736190219968 read: Hiking Boots
Thread with TID = 140736313951936 read: Running Shoes
Thread with TID = 140736179734208 read: Sandbag
Thread with TID = 140736158762688 read: Punching Bag
Thread with TID = 140735999379136 read: Disc Golf
Thread with TID = 140736169248448 read: Kayak
Thread with TID = 140736334923456 read: Jersey
Thread with TID = 140736292980416 read: Camping Tent
Thread with TID = 140736076973760 read: Elbow Pads
Thread with TID = 140736200705728 read: Fishing Rod
Thread with TID = 140736211191488 read: Helmet
Thread with TID = 140736324437696 read: Swimming Goggles
Thread with TID = 140736056002240 read: Barbell
Thread with TID = 140736066488000 read: Table Tennis Paddle
