Process PID: 37205
Thread with TID = 133515024795328 read: Ski Poles
Thread with TID = 133515035281088 read: Rowing Machine
Thread with TID = 133515045766848 read: Cycling Shoes
Thread with TID = 133514940909248 read: Snowboard
Thread with TID = 133514951395008 read: Dumbbells
Thread with TID = 133515003823808 read: Exercise Bike
Thread with TID = 133514867508928 read: Kettlebell
Thread with TID = 133514877994688 read: Chess Clock
Thread with TID = 133514857023168 read: Balance Board
Thread with TID = 133514930423488 read: Sleeping Bag
Thread with TID = 133514919937728 read: Medicine Ball
Thread with TID = 133514546644672 read: Basketball
Thread with TID = 133514961880768 read: Elliptical Trainer
Thread with TID = 133515056252608 read: Resistance Bands
Thread with TID = 133514909451968 read: Battle Rope
Thread with TID = 133514982852288 read: Power Tower
Thread with TID = 133514898966208 read: Trampoline
Thread with TID = 133514846537408 read: Tracksuit
Thread with TID = 133514888480448 read: Energy Gel
Thread with TID = 133514557130432 read: Pilates Ring
Thread with TID = 133514836051648 read: Baseball Bat
Thread with TID = 133515066738368 read: Pull-Up Bar
Thread with TID = 133514972366528 read: Darts
Thread with TID = 133514536158912 read: Cricket Bat
Thread with TID = 133515014309568 read: Sweatband
Thread with TID = 133514993338048 read: Parachute Trainer
Thread with TID = 133514661988032 read: Billiard Stick
Thread with TID = 133514651502272 read: Weight Plates
Thread with TID = 133514794108608 read: Bicycle
Thread with TID = 133514804594368 read: Rugby Ball
Thread with TID = 133514641016512 read: Air Hockey Table
Thread with TID = 133514672473792 read: Speed Ladder
Thread with TID = 133514773137088 read: Badminton Racket
Thread with TID = 133514693445312 read: Trekking Pole
Thread with TID = 133514515187392 read: Tennis Racket
Thread with TID = 133514682959552 read: Golf Club
Thread with TID = 133514404038336 read: Shorts
Thread with TID = 133514825565888 read: Boxing Gloves
Thread with TID = 133514504701632 read: Sports Drink
Thread with TID = 133514213197504 read: Treadmill
Thread with TID = 133514383066816       (read and found): ((Football))
Thread with TID = 133514202711744 read: Game Timer
Thread with TID = 133514815080128 read: Hand Gripper
Thread with TID = 133514783622848 read: Arm Sleeves
Thread with TID = 133514525673152 read: Training Vest
Thread with TID = 133514223683264 read: Skipping Rope
Thread with TID = 133514425009856 read: Horseshoes
Thread with TID = 133514372581056 read: Exercise Ball
Thread with TID = 133514414524096 read: Foosball Table
Thread with TID = 133514393552576 read: Knee Pads
Thread with TID = 133514192225984 read: Volleyball
Thread with TID = 133514171254464 read: Roller Skates
Thread with TID = 133514058008256 read: Compression Tights
Thread with TID = 133514089465536 read: Dip Bar
Thread with TID = 133514078979776 read: Ice Skates
Thread with TID = 133514068494016 read: Water Bottle
Thread with TID = 133514181740224 read: Surfboard
Thread with TID = 133514037036736 read: Paddleboard
Thread with TID = 133514047522496 read: Yoga Mat
Thread with TID = 133513888138944 read: Shin Guards
Thread with TID = 133513867167424 read: Cornhole Set
Thread with TID = 133513877653184 read: Mini Golf Set
Thread with TID = 133513846195904 read: Jersey
Thread with TID = 133513856681664 read: Slamball
Thread with TID = 133513619703488 read: Sandbag
Thread with TID = 133513732949696 read: Camping Tent
Thread with TID = 133513609217728 read: Kayak
Thread with TID = 133513598731968 read: Punching Bag
Thread with TID = 133513835710144 read: Swimming Goggles
Thread with TID = 133513711978176 read: Fishing Rod
Thread with TID = 133513701492416 read: Hiking Boots
Thread with TID = 133513743435456 read: Agility Cones
Thread with TID = 133513722463936 read: Helmet
Thread with TID = 133513753921216 read: Running Shoes
Thread with TID = 133513588246208 read: Elbow Pads
Thread with TID = 133513577760448 read: Disc Golf
Thread with TID = 133513485485760 read: Barbell
Thread with TID = 133513567274688 read: Table Tennis Paddle
