Process PID: 35214
Thread with TID = 132514213529280 read: Sweatband
Thread with TID = 132514224015040 read: Ski Poles
Thread with TID = 132514244986560 read: Cycling Shoes
Thread with TID = 132514203043520 read: Exercise Bike
Thread with TID = 132514182072000 read: Power Tower
Thread with TID = 132514192557760 read: Parachute Trainer
Thread with TID = 132514265958080 read: Pull-Up Bar
Thread with TID = 132514255472320 read: Resistance Bands
Thread with TID = 132514234500800 read: Rowing Machine
Thread with TID = 132514100283072 read: Darts
Thread with TID = 132514079311552 read: Dumbbells
Thread with TID = 132514068825792 read: Snowboard
Thread with TID = 132514026882752 read: Trampoline
Thread with TID = 132514089797312 read: Elliptical Trainer
Thread with TID = 132514058340032 read: Sleeping Bag
Thread with TID = 132514037368512 read: Battle Rope
Thread with TID = 132514047854272 read: Medicine Ball
Thread with TID = 132514016396992 read: Energy Gel
Thread with TID = 132514005911232 read: Chess Clock
Thread with TID = 132513953482432 read: Pilates Ring
Thread with TID = 132513911539392 read: Hand Gripper
Thread with TID = 132513963968192 read: Baseball Bat
Thread with TID = 132513869596352 read: Badminton Racket
Thread with TID = 132513922025152 read: Boxing Gloves
Thread with TID = 132513880082112 read: Arm Sleeves
Thread with TID = 132513984939712 read: Balance Board
Thread with TID = 132513995425472 read: Kettlebell
Thread with TID = 132513974453952 read: Tracksuit
Thread with TID = 132513942996672 read: Basketball
Thread with TID = 132513901053632 read: Rugby Ball
Thread with TID = 132513859110592 read: Trekking Pole
Thread with TID = 132513890567872 read: Bicycle
Thread with TID = 132513764738752 read: Golf Club
Thread with TID = 132513932510912 read: Cricket Bat
Thread with TID = 132513848624832 read: Speed Ladder
Thread with TID = 132513754252992 read: Billiard Stick
Thread with TID = 132513743767232 read: Weight Plates
Thread with TID = 132513609549504 read: Foosball Table
Thread with TID = 132513712309952 read: Tennis Racket
Thread with TID = 132513557120704 read: Skipping Rope
Thread with TID = 132513567606464 read: Exercise Ball
Thread with TID = 132513525663424 read: Volleyball
Thread with TID = 132513515177664 read: Surfboard
Thread with TID = 132513536149184 read: Game Timer
Thread with TID = 132513504691904 read: Roller Skates
Thread with TID = 132513733281472 read: Air Hockey Table
Thread with TID = 132513546634944 read: Treadmill
Thread with TID = 132513630521024 read: Sports Drink
Thread with TID = 132513620035264 read: Horseshoes
Thread with TID = 132513599063744 read: Shorts
Thread with TID = 132513494206144 read: Dip Bar
Thread with TID = 132513722795712 read: Training Vest
Thread with TID = 132513588577984 read: Knee Pads
Thread with TID = 132513578092224 read: Football
Thread with TID = 132513483720384 read: Ice Skates
Thread with TID = 132513462748864 read: Compression Tights
Thread with TID = 132513368377024 read: Running Shoes
Thread with TID = 132513389348544 read: Jersey
Thread with TID = 132513473234624 read: Water Bottle
Thread with TID = 132513357891264 read: Agility Cones
Thread with TID = 132513336919744 read: Helmet
Thread with TID = 132513347405504 read: Camping Tent
Thread with TID = 132513441777344 read: Paddleboard
Thread with TID = 132513431291584 read: Shin Guards
Thread with TID = 132513420805824 read: Mini Golf Set
Thread with TID = 132513452263104 read: Yoga Mat
Thread with TID = 132513410320064 read: Cornhole Set
Thread with TID = 132513399834304 read: Slamball
Thread with TID = 132513378862784 read: Swimming Goggles
Thread with TID = 132513326433984 read: Fishing Rod
Thread with TID = 132513315948224 read: Hiking Boots
Thread with TID = 132513206896320 read: Punching Bag
Thread with TID = 132513217382080 read: Kayak
Thread with TID = 132513227867840 read: Sandbag
Thread with TID = 132513185924800 read: Disc Golf
Thread with TID = 132513196410560 read: Elbow Pads
Thread with TID = 132513175439040 read: Table Tennis Paddle
Thread with TID = 132513093650112 read: Barbell
