Process PID: 8744
Thread with TID = 124077622691520 read: Resistance Bands
Thread with TID = 124077612205760 read: Cycling Shoes
Thread with TID = 124077591234240 read: Ski Poles
Thread with TID = 124077580748480 read: Sweatband
Thread with TID = 124077633177280 read: Pull-Up Bar
Thread with TID = 124077549291200 read: Power Tower
Thread with TID = 124077570262720 read: Exercise Bike
Thread with TID = 124077601720000 read: Rowing Machine
Thread with TID = 124077538805440 read: Darts
Thread with TID = 124077559776960 read: Parachute Trainer
Thread with TID = 124077528319680 read: Elliptical Trainer
Thread with TID = 124077431850688 read: Snowboard
Thread with TID = 124077421364928 read: Sleeping Bag
Thread with TID = 124077410879168 read: Medicine Ball
Thread with TID = 124077389907648 read: Trampoline
Thread with TID = 124077442336448 read: Dumbbells
Thread with TID = 124077241009856 read: Energy Gel
Thread with TID = 124077230524096 read: Chess Clock
Thread with TID = 124077220038336 read: Kettlebell
Thread with TID = 124077400393408 read: Battle Rope
Thread with TID = 124077199066816 read: Tracksuit
Thread with TID = 124077209552576 read: Balance Board
Thread with TID = 124077075334848 read: Boxing Gloves
Thread with TID = 124077064849088 read: Hand Gripper
Thread with TID = 124077033391808 read: Arm Sleeves
Thread with TID = 124077054363328 read: Rugby Ball
Thread with TID = 124077096306368 read: Basketball
Thread with TID = 124077085820608 read: Cricket Bat
Thread with TID = 124077188581056 read: Baseball Bat
Thread with TID = 124077106792128 read: Pilates Ring
Thread with TID = 124077001934528 read: Golf Club
Thread with TID = 124077022906048 read: Badminton Racket
Thread with TID = 124076991448768 read: Speed Ladder
Thread with TID = 124077043877568 read: Bicycle
Thread with TID = 124076980963008 read: Billiard Stick
Thread with TID = 124076970477248 read: Weight Plates
Thread with TID = 124077012420288 read: Trekking Pole
Thread with TID = 124076959991488 read: Air Hockey Table
Thread with TID = 124076939019968 read: Tennis Racket
Thread with TID = 124076928534208 read: Sports Drink
Thread with TID = 124076886591168 read: Knee Pads
Thread with TID = 124076897076928 read: Shorts
Thread with TID = 124076918048448 read: Horseshoes
Thread with TID = 124076844648128 read: Treadmill
Thread with TID = 124076802705088 read: Roller Skates
Thread with TID = 124076907562688 read: Foosball Table
Thread with TID = 124076855133888 read: Skipping Rope
Thread with TID = 124076792219328 read: Dip Bar
Thread with TID = 124076834162368 read: Game Timer
Thread with TID = 124076823676608 read: Volleyball
Thread with TID = 124076813190848 read: Surfboard
Thread with TID = 124076781733568 read: Ice Skates
Thread with TID = 124076865619648 read: Exercise Ball
Thread with TID = 124076949505728 read: Training Vest
Thread with TID = 124076771247808 read: Water Bottle
Thread with TID = 124076876105408 read: Football
Thread with TID = 124076760762048 read: Compression Tights
Thread with TID = 124076739790528 read: Paddleboard
Thread with TID = 124076718819008 read: Mini Golf Set
Thread with TID = 124076729304768 read: Shin Guards
Thread with TID = 124076708333248 read: Cornhole Set
Thread with TID = 124076697847488 read: Slamball
Thread with TID = 124076750276288 read: Yoga Mat
Thread with TID = 124076687361728 read: Jersey
Thread with TID = 124076655904448 read: Agility Cones
Thread with TID = 124076634932928 read: Helmet
Thread with TID = 124076645418688 read: Camping Tent
Thread with TID = 124076624447168 read: Fishing Rod
Thread with TID = 124076613961408 read: Hiking Boots
Thread with TID = 124076592989888 read: Kayak
Thread with TID = 124076582504128 read: Punching Bag
Thread with TID = 124076572018368 read: Elbow Pads
Thread with TID = 124076561532608 read: Disc Golf
Thread with TID = 124076676875968 read: Swimming Goggles
Thread with TID = 124076666390208 read: Running Shoes
Thread with TID = 124076603475648 read: Sandbag
Thread with TID = 124076551046848 read: Table Tennis Paddle
Thread with TID = 124076540561088 read: Barbell
