Process PID: 12847
Thread with TID = 126657801225920 read: Bluetooth Keyboard
Thread with TID = 126657654425280 read: Gaming Router
Thread with TID = 126657790740160 read: External Hard Drive
Thread with TID = 126657696368320 read: Bluetooth Speaker
Thread with TID = 126657832683200 read: 4K Monitor
Thread with TID = 126657769768640 read: Smartphone
Thread with TID = 126657675396800 read: Camera
Thread with TID = 126657664911040 read: Laptop
Thread with TID = 126657822197440 read: Wireless Earbuds
Thread with TID = 126657706854080 read: Surface Pro
Thread with TID = 126657612482240 read: Electric Bike
Thread with TID = 126657811711680 read: MacBook Pro
Thread with TID = 126657633453760 read: Gaming Chair
Thread with TID = 126657622968000 read: Headphones
Thread with TID = 126657717339840 read: Streaming Webcam
Thread with TID = 126657780254400 read: Wireless Microphone
Thread with TID = 126657738311360 read: Drone
Thread with TID = 126657643939520 read: Robot Vacuum
Thread with TID = 126657748797120 read: Electric Scooter
Thread with TID = 126657509721792 read: Tablet
Thread with TID = 126657591510720 read: Echo Dot
Thread with TID = 126657086097088 read: Tablet Stand
Thread with TID = 126657727825600 read: E-Reader
Thread with TID = 126657759282880 read: Wi-Fi Extender
Thread with TID = 126656471631552 read: Action Camera
Thread with TID = 126656884770496 read: Smart Thermostat
Thread with TID = 126657107068608 read: GoPro
Thread with TID = 126657096582848 read: 3D Printer
Thread with TID = 126657075611328 read: Airpod3
Thread with TID = 126657478264512 read: Smart Glasses
Thread with TID = 126657065125568 read: Smart Showerhead
Thread with TID = 126657276937920 read: Portable Charger
Thread with TID = 126657601996480 read: Smart Doorbell
Thread with TID = 126656905742016 read: Electric Kettle
Thread with TID = 126657266452160 read: Speaker
Thread with TID = 126657255966400 read: Smart Water Bottle
Thread with TID = 126657457292992 read: Digital Frame
Thread with TID = 126656672958144 read: Wireless Charger
Thread with TID = 126656280790720 read: Laser Projector
Thread with TID = 126656693929664 read: Dash Cam
Thread with TID = 126657297909440 read: Digital Tape Measure
Thread with TID = 126656874284736 read: Portable Projector
Thread with TID = 126656492603072 read: HD Webcam
Thread with TID = 126657467778752 read: USB Hub
Thread with TID = 126656503088832 read: Smart Backpack
Thread with TID = 126656704415424 read: Digital Alarm Clock
Thread with TID = 126656089949888 read: Mini Drone
Thread with TID = 126656853313216 read: iPhone11
Thread with TID = 126656291276480 read: TV
Thread with TID = 126657308395200 read: Wireless Mouse
Thread with TID = 126656450660032 read: Streaming Stick
Thread with TID = 126656895256256 read: Galaxy S23
Thread with TID = 126657287423680 read: Smart Light Bulb
Thread with TID = 126656270304960 read: LED Strip Lights
Thread with TID = 126656068978368 read: Electric Blanket
Thread with TID = 126656651986624 read: Electric Standing Desk
Thread with TID = 126656461145792 read: Noise-Canceling Headphones
Thread with TID = 126656863798976 read: Mini Fridge
Thread with TID = 126656683443904 read: VR Headset
Thread with TID = 126656662472384 read: Smartwatch
Thread with TID = 126656482117312 read: iPhone14
Thread with TID = 126656100435648 read: Smart Plug
Thread with TID = 126656079464128 read: Smart Home Hub
Thread with TID = 126655899109056 read: Gaming Monitor
Thread with TID = 126656058492608 read: iPhone13
Thread with TID = 126656259819200 read: Home Security Camera
Thread with TID = 126655888623296 read: Studio Monitor
Thread with TID = 126656301762240 read: AirPods
Thread with TID = 126656249333440 read: Soundbar
Thread with TID = 126657488750272 read: Gaming Mouse
Thread with TID = 126656048006848 read: Kindle Paperwhite
Thread with TID = 126655846680256 read: Solar Charger
Thread with TID = 126657685882560 read: Fitness Tracker
Thread with TID = 126657499236032 read: MacBook Air
Thread with TID = 126655878137536 read: Portable Bluetooth Adapter
Thread with TID = 126657054639808 read: Mechanical Keyboard
Thread with TID = 126655857166016 read: Gaming Console
Thread with TID = 126655867651776 read: Power Bank
