Process PID: 17177
Thread with TID = 135203783706304 read: Electric Kettle
Thread with TID = 135203804677824 read: Smart Showerhead
Thread with TID = 135203794192064 read: Mechanical Keyboard
Thread with TID = 135203773220544 read: Galaxy S23
Thread with TID = 135203815163584 read: Airpod3
Thread with TID = 135204224108224 read: 4K Monitor
Thread with TID = 135204182165184 read: External Hard Drive
Thread with TID = 135204024878784 read: Gaming Chair
Thread with TID = 135204192650944 read: Bluetooth Keyboard
Thread with TID = 135204203136704 read: MacBook Pro
Thread with TID = 135204003907264 read: Electric Bike
Thread with TID = 135204035364544 read: Robot Vacuum
Thread with TID = 135204014393024 read: Headphones
Thread with TID = 135204213622464 read: Wireless Earbuds
Thread with TID = 135204045850304 read: Gaming Router
Thread with TID = 135204056336064 read: Laptop
Thread with TID = 135203857106624 read: Smart Water Bottle
Thread with TID = 135203825649344 read: Tablet Stand
Thread with TID = 135203951478464 read: Gaming Mouse
Thread with TID = 135203836135104 read: 3D Printer
Thread with TID = 135203846620864 read: GoPro
Thread with TID = 135203961964224 read: MacBook Air
Thread with TID = 135204077307584 read: Fitness Tracker
Thread with TID = 135203888563904 read: Smart Light Bulb
Thread with TID = 135203982935744 read: Echo Dot
Thread with TID = 135203940992704 read: Smart Glasses
Thread with TID = 135203972449984 read: Tablet
Thread with TID = 135203993421504 read: Smart Doorbell
Thread with TID = 135204171679424 read: Wireless Microphone
Thread with TID = 135203920021184 read: Digital Frame
Thread with TID = 135203930506944 read: USB Hub
Thread with TID = 135203899049664 read: Digital Tape Measure
Thread with TID = 135203867592384 read: Speaker
Thread with TID = 135203909535424 read: Wireless Mouse
Thread with TID = 135204066821824 read: Camera
Thread with TID = 135203878078144 read: Portable Charger
Thread with TID = 135203762734784 read: Smart Thermostat
Thread with TID = 135203752249024 read: Portable Projector
Thread with TID = 135203731277504 read: iPhone11
Thread with TID = 135203741763264 read: Mini Fridge
Thread with TID = 135203720791744 read: Digital Alarm Clock
Thread with TID = 135203710305984 read: Dash Cam
Thread with TID = 135203622225600 read: VR Headset
Thread with TID = 135203611739840 read: Wireless Charger
Thread with TID = 135203601254080 read: Smartwatch
Thread with TID = 135203410413248 read: Action Camera
Thread with TID = 135203590768320 read: Electric Standing Desk
Thread with TID = 135203569796800 read: HD Webcam
Thread with TID = 135203580282560 read: Smart Backpack
Thread with TID = 135203420899008 read: iPhone14
Thread with TID = 135204119250624 read: E-Reader
Thread with TID = 135204129736384 read: Drone
Thread with TID = 135204140222144 read: Electric Scooter
Thread with TID = 135204150707904 read: Wi-Fi Extender
Thread with TID = 135204161193664 read: Smartphone
Thread with TID = 135204108764864 read: Streaming Webcam
Thread with TID = 135204087793344 read: Bluetooth Speaker
Thread with TID = 135204098279104 read: Surface Pro
Thread with TID = 135203399927488 read: Noise-Canceling Headphones
Thread with TID = 135202997274304 read: iPhone13
Thread with TID = 135202806433472 read: Power Bank
Thread with TID = 135203188115136 read: Soundbar
Thread with TID = 135202965817024 read: Studio Monitor
Thread with TID = 135202795947712 read: Gaming Console
Thread with TID = 135203167143616 read: Mini Drone
Thread with TID = 135202816919232 read: Portable Bluetooth Adapter
Thread with TID = 135203219572416 read: Laser Projector
Thread with TID = 135203177629376 read: Smart Plug
Thread with TID = 135203198600896 read: Home Security Camera
Thread with TID = 135203368470208 read: TV
Thread with TID = 135203018245824 read: Smart Home Hub
Thread with TID = 135202785461952 read: Solar Charger
Thread with TID = 135202986788544 read: Kindle Paperwhite
Thread with TID = 135203007760064 read: Electric Blanket
Thread with TID = 135203209086656 read: LED Strip Lights
Thread with TID = 135202976302784 read: Gaming Monitor
Thread with TID = 135203389441728 read: Streaming Stick
Thread with TID = 135203378955968 read: AirPods
