Process PID: 8969
Thread with TID = 137040526051008 read: Action Camera
Thread with TID = 137040505079488 read: Speaker
Thread with TID = 137040515565248 read: Mini Drone
Thread with TID = 137040494593728 read: Gaming Router
Thread with TID = 137040484107968 read: Mini Fridge
Thread with TID = 137040473622208 read: Smart Thermostat
Thread with TID = 137040360376000 read: Portable Bluetooth Adapter
Thread with TID = 137040370861760 read: Electric Kettle
Thread with TID = 137040381347520 read: E-Reader
Thread with TID = 137040349890240 read: iPhone14
Thread with TID = 137040339404480 read: Bluetooth Keyboard
Thread with TID = 137040247129792 read: Mechanical Keyboard
Thread with TID = 137040257615552 read: Electric Scooter
Thread with TID = 137040391833280 read: Dash Cam
Thread with TID = 137040236644032 read: Soundbar
Thread with TID = 137040194700992 read: TV
Thread with TID = 137040205186752 read: Digital Tape Measure
Thread with TID = 137040226158272 read: Digital Frame
Thread with TID = 137040215672512 read: Home Security Camera
Thread with TID = 137040142272192 read: iPhone13
Thread with TID = 137040121300672 read: Bluetooth Speaker
Thread with TID = 137040131786432 read: LED Strip Lights
Thread with TID = 137040110814912 read: Headphones
Thread with TID = 137040089843392 read: Digital Alarm Clock
Thread with TID = 137040173729472 read: Electric Blanket
Thread with TID = 137040163243712 read: Portable Projector
Thread with TID = 137040100329152 read: AirPods
Thread with TID = 137040184215232 read: MacBook Air
Thread with TID = 137040068871872 read: 3D Printer
Thread with TID = 137040079357632 read: Electric Standing Desk
Thread with TID = 137040152757952 read: Tablet
Thread with TID = 137039989180096 read: Streaming Webcam
Thread with TID = 137039968208576 read: Gaming Chair
Thread with TID = 137039936751296 read: Portable Charger
Thread with TID = 137039957722816 read: USB Hub
Thread with TID = 137039947237056 read: Robot Vacuum
Thread with TID = 137039978694336 read: Smart Backpack
Thread with TID = 137039915779776 read: Wireless Mouse
Thread with TID = 137039905294016 read: Smartwatch
Thread with TID = 137039894808256 read: Camera
Thread with TID = 137039926265536 read: Laser Projector
Thread with TID = 137039884322496 read: Solar Charger
Thread with TID = 137039863350976 read: MacBook Pro
Thread with TID = 137039852865216 read: Streaming Stick
Thread with TID = 137039842379456 read: VR Headset
Thread with TID = 137039873836736 read: Electric Bike
Thread with TID = 137039831893696 read: Power Bank
Thread with TID = 137039821407936 read: GoPro
Thread with TID = 137039810922176 read: Wireless Earbuds
Thread with TID = 137039800436416 read: Studio Monitor
Thread with TID = 137039789950656 read: Gaming Monitor
Thread with TID = 137039779464896 read: Wi-Fi Extender
Thread with TID = 137039758493376 read: Smart Glasses
Thread with TID = 137039768979136 read: Echo Dot
Thread with TID = 137039748007616 read: Wireless Charger
Thread with TID = 137039737521856 read: 4K Monitor
Thread with TID = 137039727036096 read: Smart Showerhead
Thread with TID = 137039716550336 read: Drone
Thread with TID = 137039695578816 read: Fitness Tracker
Thread with TID = 137039685093056 read: iPhone11
Thread with TID = 137039706064576 read: Kindle Paperwhite
Thread with TID = 137039674607296 read: Airpod3
Thread with TID = 137039580235456 read: Laptop
Thread with TID = 137039653635776 read: Smartphone
Thread with TID = 137039517320896 read: Smart Plug
Thread with TID = 137039643150016 read: Smart Light Bulb
Thread with TID = 137039527806656 read: External Hard Drive
Thread with TID = 137039506835136 read: Tablet Stand
Thread with TID = 137039664121536 read: Gaming Mouse
Thread with TID = 137039632664256 read: Wireless Microphone
Thread with TID = 137039601206976 read: HD Webcam
Thread with TID = 137039622178496 read: Smart Home Hub
Thread with TID = 137039611692736 read: Galaxy S23
Thread with TID = 137039590721216 read: Smart Doorbell
Thread with TID = 137039569749696 read: Surface Pro
Thread with TID = 137039559263936 read: Smart Water Bottle
Thread with TID = 137039548778176 read: Noise-Canceling Headphones
Thread with TID = 137039538292416 read: Gaming Console
