Process PID: 13382
Thread with TID = 134536239253184 read: Mechanical Keyboard
Thread with TID = 134536375568064 read: Action Camera
Thread with TID = 134536270710464 read: Portable Bluetooth Adapter
Thread with TID = 134536228767424 read: Soundbar
Thread with TID = 134536291681984 read: Electric Scooter
Thread with TID = 134536090355392 read: Home Security Camera
Thread with TID = 134536207795904 read: Digital Tape Measure
Thread with TID = 134536260224704 read: iPhone14
Thread with TID = 134536354596544 read: Speaker
Thread with TID = 134536344110784 read: Dash Cam
Thread with TID = 134536218281664 read: Digital Frame
Thread with TID = 134536176338624 read: Electric Blanket
Thread with TID = 134536323139264 read: Mini Fridge
Thread with TID = 134536249738944 read: Bluetooth Keyboard
Thread with TID = 134536333625024 read: Gaming Router
Thread with TID = 134536365082304 read: Mini Drone
Thread with TID = 134536302167744 read: E-Reader
Thread with TID = 134535935166144 read: iPhone13
Thread with TID = 134535914194624 read: Bluetooth Speaker
Thread with TID = 134536186824384 read: MacBook Air
Thread with TID = 134535924680384 read: LED Strip Lights
Thread with TID = 134535956137664 read: Portable Projector
Thread with TID = 134535945651904 read: Tablet
Thread with TID = 134535903708864 read: Headphones
Thread with TID = 134536079869632 read: AirPods
Thread with TID = 134536058898112 read: Electric Standing Desk
Thread with TID = 134536048412352 read: 3D Printer
Thread with TID = 134536037926592 read: Streaming Webcam
Thread with TID = 134535702382272 read: Laser Projector
Thread with TID = 134535620593344 read: Wireless Mouse
Thread with TID = 134535744325312 read: Gaming Chair
Thread with TID = 134535547193024 read: VR Headset
Thread with TID = 134535578650304 read: Electric Bike
Thread with TID = 134536069383872 read: Digital Alarm Clock
Thread with TID = 134536281196224 read: Electric Kettle
Thread with TID = 134535568164544 read: MacBook Pro
Thread with TID = 134535733839552 read: USB Hub
Thread with TID = 134535754811072 read: Smart Backpack
Thread with TID = 134536312653504 read: Smart Thermostat
Thread with TID = 134535723353792 read: Robot Vacuum
Thread with TID = 134535712868032 read: Portable Charger
Thread with TID = 134535599621824 read: Camera
Thread with TID = 134535610107584 read: Smartwatch
Thread with TID = 134535589136064 read: Solar Charger
Thread with TID = 134535557678784 read: Streaming Stick
Thread with TID = 134535536707264 read: Power Bank
Thread with TID = 134535526221504 read: GoPro
Thread with TID = 134536197310144 read: TV
Thread with TID = 134535515735744 read: Wireless Earbuds
Thread with TID = 134535505249984 read: Studio Monitor
Thread with TID = 134535352157888 read: Gaming Monitor
Thread with TID = 134535310214848 read: Wireless Charger
Thread with TID = 134535268271808 read: Kindle Paperwhite
Thread with TID = 134535331186368 read: Echo Dot
Thread with TID = 134535299729088 read: 4K Monitor
Thread with TID = 134535289243328 read: Smart Showerhead
Thread with TID = 134535278757568 read: Drone
Thread with TID = 134535341672128 read: Wi-Fi Extender
Thread with TID = 134535320700608 read: Smart Glasses
Thread with TID = 134535257786048 read: Fitness Tracker
Thread with TID = 134535247300288 read: iPhone11
Thread with TID = 134535226328768 read: Gaming Mouse
Thread with TID = 134535236814528 read: Airpod3
Thread with TID = 134535215843008 read: Smartphone
Thread with TID = 134535205357248 read: Smart Light Bulb
Thread with TID = 134535142442688 read: Laptop
Thread with TID = 134535194871488 read: Wireless Microphone
Thread with TID = 134535184385728 read: Smart Home Hub
Thread with TID = 134535173899968 read: Galaxy S23
Thread with TID = 134535152928448 read: Smart Doorbell
Thread with TID = 134535163414208 read: HD Webcam
Thread with TID = 134535090013888 read: External Hard Drive
Thread with TID = 134535131956928 read: Surface Pro
Thread with TID = 134535069042368 read: Tablet Stand
Thread with TID = 134535121471168 read: Smart Water Bottle
Thread with TID = 134535110985408 read: Noise-Canceling Headphones
Thread with TID = 134535100499648 read: Gaming Console
Thread with TID = 134535079528128 read: Smart Plug
