Process PID: 11220
Thread with TID = 125316433446592 read: Action Camera
Thread with TID = 125316412475072 read: Speaker
Thread with TID = 125316370532032 read: Smart Thermostat
Thread with TID = 125316271965888 read: Electric Scooter
Thread with TID = 125316381017792 read: Mini Fridge
Thread with TID = 125316422960832 read: Mini Drone
Thread with TID = 125316250994368 read: Portable Bluetooth Adapter
Thread with TID = 125316391503552 read: Gaming Router
Thread with TID = 125316360046272 read: E-Reader
Thread with TID = 125316401989312 read: Dash Cam
Thread with TID = 125316261480128 read: Electric Kettle
Thread with TID = 125316240508608 read: iPhone14
Thread with TID = 125315972073152 read: iPhone13
Thread with TID = 125315869312704 read: Headphones
Thread with TID = 125315951101632 read: Bluetooth Speaker
Thread with TID = 125315858826944 read: AirPods
Thread with TID = 125316137748160 read: Soundbar
Thread with TID = 125315837855424 read: Electric Standing Desk
Thread with TID = 125315848341184 read: Digital Alarm Clock
Thread with TID = 125316219537088 read: Mechanical Keyboard
Thread with TID = 125316116776640 read: Home Security Camera
Thread with TID = 125316106290880 read: Digital Tape Measure
Thread with TID = 125315827369664 read: 3D Printer
Thread with TID = 125316085319360 read: MacBook Air
Thread with TID = 125316230022848 read: Bluetooth Keyboard
Thread with TID = 125316003530432 read: Electric Blanket
Thread with TID = 125315982558912 read: Tablet
Thread with TID = 125315993044672 read: Portable Projector
Thread with TID = 125316127262400 read: Digital Frame
Thread with TID = 125315735094976 read: Smart Backpack
Thread with TID = 125316095805120 read: TV
Thread with TID = 125315816883904 read: Streaming Webcam
Thread with TID = 125315961587392 read: LED Strip Lights
Thread with TID = 125315724609216 read: Gaming Chair
Thread with TID = 125315714123456 read: USB Hub
Thread with TID = 125315703637696 read: Robot Vacuum
Thread with TID = 125315693151936 read: Portable Charger
Thread with TID = 125315651208896 read: Camera
Thread with TID = 125315682666176 read: Laser Projector
Thread with TID = 125315672180416 read: Wireless Mouse
Thread with TID = 125315661694656 read: Smartwatch
Thread with TID = 125315640723136 read: Solar Charger
Thread with TID = 125315630237376 read: Electric Bike
Thread with TID = 125315619751616 read: MacBook Pro
Thread with TID = 125315556837056 read: Studio Monitor
Thread with TID = 125315546351296 read: Gaming Monitor
Thread with TID = 125315609265856 read: Streaming Stick
Thread with TID = 125315598780096 read: VR Headset
Thread with TID = 125315588294336 read: Power Bank
Thread with TID = 125315577808576 read: GoPro
Thread with TID = 125315567322816 read: Wireless Earbuds
Thread with TID = 125315504408256 read: Wireless Charger
Thread with TID = 125315493922496 read: 4K Monitor
Thread with TID = 125315514894016 read: Smart Glasses
Thread with TID = 125315525379776 read: Echo Dot
Thread with TID = 125315483436736 read: Smart Showerhead
Thread with TID = 125315462465216 read: Kindle Paperwhite
Thread with TID = 125315472950976 read: Drone
Thread with TID = 125315451979456 read: Fitness Tracker
Thread with TID = 125315535865536 read: Wi-Fi Extender
Thread with TID = 125315441493696 read: iPhone11
Thread with TID = 125315420522176 read: Gaming Mouse
Thread with TID = 125315431007936 read: Airpod3
Thread with TID = 125315410036416 read: Smartphone
Thread with TID = 125315378579136 read: Smart Home Hub
Thread with TID = 125315357607616 read: HD Webcam
Thread with TID = 125315347121856 read: Smart Doorbell
Thread with TID = 125315368093376 read: Galaxy S23
Thread with TID = 125315389064896 read: Wireless Microphone
Thread with TID = 125315399550656 read: Smart Light Bulb
Thread with TID = 125315336636096 read: Laptop
Thread with TID = 125315326150336 read: Surface Pro
Thread with TID = 125315315664576 read: Smart Water Bottle
Thread with TID = 125315305178816 read: Noise-Canceling Headphones
Thread with TID = 125315294693056 read: Gaming Console
Thread with TID = 125315284207296 read: External Hard Drive
Thread with TID = 125315273721536 read: Smart Plug
Thread with TID = 125315263235776 read: Tablet Stand
