Process PID: 15552
Thread with TID = 138243590850240 read: Bluetooth Keyboard
Thread with TID = 138243653764800 read: Smart Thermostat
Thread with TID = 138243580364480 read: Mechanical Keyboard
Thread with TID = 138243611821760 read: Portable Bluetooth Adapter
Thread with TID = 138243569878720 read: Soundbar
Thread with TID = 138243559392960 read: Digital Frame
Thread with TID = 138243622307520 read: Electric Kettle
Thread with TID = 138243601336000 read: iPhone14
Thread with TID = 138243716679360 read: Action Camera
Thread with TID = 138243706193600 read: Mini Drone
Thread with TID = 138243695707840 read: Speaker
Thread with TID = 138243685222080 read: Dash Cam
Thread with TID = 138243664250560 read: Mini Fridge
Thread with TID = 138243548907200 read: Home Security Camera
Thread with TID = 138243674736320 read: Gaming Router
Thread with TID = 138243632793280 read: Electric Scooter
Thread with TID = 138243643279040 read: E-Reader
Thread with TID = 138243538421440 read: Digital Tape Measure
Thread with TID = 138243452438208 read: TV
Thread with TID = 138243441952448 read: MacBook Air
Thread with TID = 138243431466688 read: Electric Blanket
Thread with TID = 138243410495168 read: Tablet
Thread with TID = 138243420980928 read: Portable Projector
Thread with TID = 138243240625856 read: Bluetooth Speaker
Thread with TID = 138243251111616 read: LED Strip Lights
Thread with TID = 138243177711296 read: Streaming Webcam
Thread with TID = 138243230140096 read: Headphones
Thread with TID = 138243219654336 read: AirPods
Thread with TID = 138243209168576 read: Digital Alarm Clock
Thread with TID = 138243400009408 read: iPhone13
Thread with TID = 138243167225536 read: Smart Backpack
Thread with TID = 138243198682816 read: Electric Standing Desk
Thread with TID = 138243156739776 read: Gaming Chair
Thread with TID = 138243188197056 read: 3D Printer
Thread with TID = 138243146254016 read: USB Hub
Thread with TID = 138243135768256 read: Robot Vacuum
Thread with TID = 138243125282496 read: Portable Charger
Thread with TID = 138243062367936 read: Electric Bike
Thread with TID = 138243020424896 read: Power Bank
Thread with TID = 138243009939136 read: GoPro
Thread with TID = 138242999453376 read: Wireless Earbuds
Thread with TID = 138243083339456 read: Camera
Thread with TID = 138243104310976 read: Wireless Mouse
Thread with TID = 138243114796736 read: Laser Projector
Thread with TID = 138243093825216 read: Smartwatch
Thread with TID = 138243072853696 read: Solar Charger
Thread with TID = 138243030910656 read: VR Headset
Thread with TID = 138243051882176 read: MacBook Pro
Thread with TID = 138243041396416 read: Streaming Stick
Thread with TID = 138242988967616 read: Studio Monitor
Thread with TID = 138242967996096 read: Wi-Fi Extender
Thread with TID = 138242957510336 read: Echo Dot
Thread with TID = 138242978481856 read: Gaming Monitor
Thread with TID = 138242947024576 read: Smart Glasses
Thread with TID = 138242915567296 read: Smart Showerhead
Thread with TID = 138242884110016 read: Fitness Tracker
Thread with TID = 138242873624256 read: iPhone11
Thread with TID = 138242852652736 read: Gaming Mouse
Thread with TID = 138242926053056 read: 4K Monitor
Thread with TID = 138242894595776 read: Kindle Paperwhite
Thread with TID = 138242863138496 read: Airpod3
Thread with TID = 138242936538816 read: Wireless Charger
Thread with TID = 138242905081536 read: Drone
Thread with TID = 138242842166976 read: Smartphone
Thread with TID = 138242831681216 read: Smart Light Bulb
Thread with TID = 138242779252416 read: Smart Doorbell
Thread with TID = 138242800223936 read: Galaxy S23
Thread with TID = 138242810709696 read: Smart Home Hub
Thread with TID = 138242789738176 read: HD Webcam
Thread with TID = 138242768766656       (read and found): ((Laptop))
Thread with TID = 138242747795136 read: Smart Water Bottle
Thread with TID = 138242737309376 read: Noise-Canceling Headphones
Thread with TID = 138242821195456 read: Wireless Microphone
Thread with TID = 138242716337856 read: External Hard Drive
Thread with TID = 138242758280896 read: Surface Pro
Thread with TID = 138242726823616 read: Gaming Console
Thread with TID = 138242705852096 read: Smart Plug
Thread with TID = 138242695366336 read: Tablet Stand
