Process PID: 6213
Thread with TID = 125075932055232 read: Action Camera
Thread with TID = 125075921569472 read: Mini Drone
Thread with TID = 125075911083712 read: Speaker
Thread with TID = 125075810420416 read: Mini Fridge
Thread with TID = 125075799934656 read: Smart Thermostat
Thread with TID = 125075789448896 read: E-Reader
Thread with TID = 125075778963136 read: Electric Scooter
Thread with TID = 125075632162496 read: Tablet
Thread with TID = 125075621676736 read: iPhone13
Thread with TID = 125075569247936 read: Digital Alarm Clock
Thread with TID = 125075747505856 read: iPhone14
Thread with TID = 125075737020096 read: Bluetooth Keyboard
Thread with TID = 125075716048576 read: Soundbar
Thread with TID = 125075705562816 read: Digital Frame
Thread with TID = 125075695077056 read: Home Security Camera
Thread with TID = 125075684591296 read: Digital Tape Measure
Thread with TID = 125075674105536 read: TV
Thread with TID = 125075663619776 read: MacBook Air
Thread with TID = 125075653134016 read: Electric Blanket
Thread with TID = 125075642648256 read: Portable Projector
Thread with TID = 125075611190976 read: LED Strip Lights
Thread with TID = 125075600705216 read: Bluetooth Speaker
Thread with TID = 125075579733696 read: AirPods
Thread with TID = 125075590219456 read: Headphones
Thread with TID = 125075820906176 read: Gaming Router
Thread with TID = 125075768477376 read: Electric Kettle
Thread with TID = 125075757991616 read: Portable Bluetooth Adapter
Thread with TID = 125075900597952 read: Dash Cam
Thread with TID = 125075726534336 read: Mechanical Keyboard
Thread with TID = 125075558762176 read: Electric Standing Desk
Thread with TID = 125075527304896 read: Smart Backpack
Thread with TID = 125075548276416 read: 3D Printer
Thread with TID = 125075516819136 read: Gaming Chair
Thread with TID = 125075537790656 read: Streaming Webcam
Thread with TID = 125075365824192 read: Camera
Thread with TID = 125075506333376 read: USB Hub
Thread with TID = 125075284035264 read: Solar Charger
Thread with TID = 125075386795712 read: Wireless Mouse
Thread with TID = 125075418252992 read: Robot Vacuum
Thread with TID = 125075407767232 read: Portable Charger
Thread with TID = 125075397281472 read: Laser Projector
Thread with TID = 125075376309952 read: Smartwatch
Thread with TID = 125075273549504 read: Electric Bike
Thread with TID = 125075263063744 read: MacBook Pro
Thread with TID = 125075242092224 read: VR Headset
Thread with TID = 125075139331776 read: Wireless Earbuds
Thread with TID = 125075149817536 read: GoPro
Thread with TID = 125075231606464 read: Power Bank
Thread with TID = 125075252577984 read: Streaming Stick
Thread with TID = 125075107874496 read: Wi-Fi Extender
Thread with TID = 125075128846016 read: Studio Monitor
Thread with TID = 125075118360256 read: Gaming Monitor
Thread with TID = 125075097388736 read: Echo Dot
Thread with TID = 125075005114048 read: Wireless Charger
Thread with TID = 125074994628288 read: 4K Monitor
Thread with TID = 125075015599808 read: Smart Glasses
Thread with TID = 125074984142528 read: Smart Showerhead
Thread with TID = 125074973656768 read: Drone
Thread with TID = 125074963171008 read: Kindle Paperwhite
Thread with TID = 125074870896320 read: iPhone11
Thread with TID = 125074860410560 read: Airpod3
Thread with TID = 125074849924800 read: Gaming Mouse
Thread with TID = 125074881382080 read: Fitness Tracker
Thread with TID = 125074839439040 read: Smartphone
Thread with TID = 125074828953280 read: Smart Light Bulb
Thread with TID = 125074818467520 read: Wireless Microphone
Thread with TID = 125074807981760 read: Smart Home Hub
Thread with TID = 125074797496000 read: Galaxy S23
Thread with TID = 125074787010240 read: HD Webcam
Thread with TID = 125074776524480 read: Smart Doorbell
Thread with TID = 125074766038720       (read and found): ((Laptop))
Thread with TID = 125074755552960 read: Surface Pro
Thread with TID = 125074745067200 read: Smart Water Bottle
Thread with TID = 125074734581440 read: Noise-Canceling Headphones
Thread with TID = 125074724095680 read: Gaming Console
Thread with TID = 125074713609920 read: External Hard Drive
Thread with TID = 125074692638400 read: Tablet Stand
Thread with TID = 125074703124160 read: Smart Plug
