Process PID: 18018
Thread with TID = 132214478079680 read: Action Camera
Thread with TID = 132214373222080 read: Portable Bluetooth Adapter
Thread with TID = 132214352250560 read: Bluetooth Keyboard
Thread with TID = 132214341764800 read: Mechanical Keyboard
Thread with TID = 132214320793280 read: Digital Frame
Thread with TID = 132214362736320 read: iPhone14
Thread with TID = 132214467593920 read: Mini Drone
Thread with TID = 132214446622400 read: Dash Cam
Thread with TID = 132214415165120 read: Smart Thermostat
Thread with TID = 132214436136640 read: Gaming Router
Thread with TID = 132214457108160 read: Speaker
Thread with TID = 132214383707840 read: Electric Kettle
Thread with TID = 132214310307520 read: Home Security Camera
Thread with TID = 132214299821760 read: Digital Tape Measure
Thread with TID = 132214180284096 read: Portable Projector
Thread with TID = 132214138341056 read: Bluetooth Speaker
Thread with TID = 132214056552128 read: Headphones
Thread with TID = 132214289336000 read: TV
Thread with TID = 132214278850240 read: MacBook Air
Thread with TID = 132214025094848 read: Electric Standing Desk
Thread with TID = 132214190769856 read: Electric Blanket
Thread with TID = 132214159312576 read: iPhone13
Thread with TID = 132214404679360 read: E-Reader
Thread with TID = 132214169798336 read: Tablet
Thread with TID = 132214331279040 read: Soundbar
Thread with TID = 132214425650880 read: Mini Fridge
Thread with TID = 132214004123328 read: Streaming Webcam
Thread with TID = 132214148826816 read: LED Strip Lights
Thread with TID = 132214046066368 read: AirPods
Thread with TID = 132214014609088 read: 3D Printer
Thread with TID = 132214035580608 read: Digital Alarm Clock
Thread with TID = 132213767145152 read: Camera
Thread with TID = 132213901362880 read: USB Hub
Thread with TID = 132213746173632 read: Electric Bike
Thread with TID = 132213890877120 read: Robot Vacuum
Thread with TID = 132213756659392 read: Solar Charger
Thread with TID = 132213653898944 read: Streaming Stick
Thread with TID = 132213643413184 read: VR Headset
Thread with TID = 132213869905600 read: Laser Projector
Thread with TID = 132213735687872 read: MacBook Pro
Thread with TID = 132213922334400 read: Smart Backpack
Thread with TID = 132213911848640 read: Gaming Chair
Thread with TID = 132213777630912 read: Smartwatch
Thread with TID = 132213788116672 read: Wireless Mouse
Thread with TID = 132213880391360 read: Portable Charger
Thread with TID = 132213632927424 read: Power Bank
Thread with TID = 132214394193600 read: Electric Scooter
Thread with TID = 132213622441664 read: GoPro
Thread with TID = 132213519681216 read: Gaming Monitor
Thread with TID = 132213601470144 read: Studio Monitor
Thread with TID = 132213509195456 read: Wi-Fi Extender
Thread with TID = 132213467252416 read: 4K Monitor
Thread with TID = 132213385463488 read: Smart Showerhead
Thread with TID = 132213374977728 read: Drone
Thread with TID = 132213498709696 read: Echo Dot
Thread with TID = 132213611955904 read: Wireless Earbuds
Thread with TID = 132213488223936 read: Smart Glasses
Thread with TID = 132213477738176 read: Wireless Charger
Thread with TID = 132213343520448 read: iPhone11
Thread with TID = 132213240760000 read: Smartphone
Thread with TID = 132213364491968 read: Kindle Paperwhite
Thread with TID = 132213354006208 read: Fitness Tracker
Thread with TID = 132213333034688 read: Airpod3
Thread with TID = 132213251245760 read: Gaming Mouse
Thread with TID = 132213230274240 read: Smart Light Bulb
Thread with TID = 132213209302720 read: Smart Home Hub
Thread with TID = 132213219788480 read: Wireless Microphone
Thread with TID = 132213188331200 read: HD Webcam
Thread with TID = 132213177845440 read: Smart Doorbell
Thread with TID = 132213198816960 read: Galaxy S23
Thread with TID = 132213167359680 read: Laptop
Thread with TID = 132213135902400 read: Noise-Canceling Headphones
Thread with TID = 132213146388160 read: Smart Water Bottle
Thread with TID = 132213156873920 read: Surface Pro
Thread with TID = 132213125416640 read: Gaming Console
Thread with TID = 132213114930880 read: External Hard Drive
Thread with TID = 132213104445120 read: Smart Plug
Thread with TID = 132213093959360 read: Tablet Stand
