Process PID: 34130
Thread with TID = 140737347847872 read: Action Camera
Thread with TID = 140737326876352 read: Speaker
Thread with TID = 140737316390592 read: Dash Cam
Thread with TID = 140737337362112 read: Mini Drone
Thread with TID = 140737305904832 read: Gaming Router
Thread with TID = 140737217824448 read: Mini Fridge
Thread with TID = 140737175881408 read: Electric Kettle
Thread with TID = 140737207338688 read: Smart Thermostat
Thread with TID = 140737083606720 read: iPhone14
Thread with TID = 140737165395648 read: Portable Bluetooth Adapter
Thread with TID = 140737062635200 read: Mechanical Keyboard
Thread with TID = 140737052149440 read: Soundbar
Thread with TID = 140737073120960 read: Bluetooth Keyboard
Thread with TID = 140737186367168 read: Electric Scooter
Thread with TID = 140737010206400 read: TV
Thread with TID = 140737196852928 read: E-Reader
Thread with TID = 140737031177920 read: Home Security Camera
Thread with TID = 140737041663680 read: Digital Frame
Thread with TID = 140736999720640 read: MacBook Air
Thread with TID = 140737020692160 read: Digital Tape Measure
Thread with TID = 140736989234880 read: Electric Blanket
Thread with TID = 140736978749120 read: Portable Projector
Thread with TID = 140736968263360 read: Tablet
Thread with TID = 140736840337088 read: AirPods
Thread with TID = 140736819365568 read: Electric Standing Desk
Thread with TID = 140736808879808 read: 3D Printer
Thread with TID = 140736871794368 read: LED Strip Lights
Thread with TID = 140736798394048 read: Streaming Webcam
Thread with TID = 140736850822848 read: Headphones
Thread with TID = 140736882280128 read: iPhone13
Thread with TID = 140736787908288 read: Smart Backpack
Thread with TID = 140736829851328 read: Digital Alarm Clock
Thread with TID = 140736777422528 read: Gaming Chair
Thread with TID = 140736861308608 read: Bluetooth Speaker
Thread with TID = 140736745965248 read: Portable Charger
Thread with TID = 140736756451008 read: Robot Vacuum
Thread with TID = 140736724993728 read: Wireless Mouse
Thread with TID = 140736704022208 read: Camera
Thread with TID = 140736766936768 read: USB Hub
Thread with TID = 140736735479488 read: Laser Projector
Thread with TID = 140736683050688 read: Electric Bike
Thread with TID = 140736714507968 read: Smartwatch
Thread with TID = 140736693536448 read: Solar Charger
Thread with TID = 140736662079168 read: Streaming Stick
Thread with TID = 140736672564928 read: MacBook Pro
Thread with TID = 140736641107648 read: Power Bank
Thread with TID = 140736630621888 read: GoPro
Thread with TID = 140736609650368 read: Studio Monitor
Thread with TID = 140736599164608 read: Gaming Monitor
Thread with TID = 140736588678848 read: Wi-Fi Extender
Thread with TID = 140736567707328 read: Smart Glasses
Thread with TID = 140736620136128 read: Wireless Earbuds
Thread with TID = 140736578193088 read: Echo Dot
Thread with TID = 140736651593408 read: VR Headset
Thread with TID = 140736546735808 read: 4K Monitor
Thread with TID = 140736557221568 read: Wireless Charger
Thread with TID = 140736536250048 read: Smart Showerhead
Thread with TID = 140736494307008 read: iPhone11
Thread with TID = 140736473335488 read: Gaming Mouse
Thread with TID = 140736389449408 read: Laptop
Thread with TID = 140736410420928 read: HD Webcam
Thread with TID = 140736525764288 read: Drone
Thread with TID = 140736462849728 read: Smartphone
Thread with TID = 140736515278528 read: Kindle Paperwhite
Thread with TID = 140736504792768 read: Fitness Tracker
Thread with TID = 140736483821248 read: Airpod3
Thread with TID = 140736441878208 read: Wireless Microphone
Thread with TID = 140736399935168 read: Smart Doorbell
Thread with TID = 140736452363968 read: Smart Light Bulb
Thread with TID = 140736431392448 read: Smart Home Hub
Thread with TID = 140736420906688 read: Galaxy S23
Thread with TID = 140736357992128 read: Noise-Canceling Headphones
Thread with TID = 140736246843072 read: Tablet Stand
Thread with TID = 140736378963648 read: Surface Pro
Thread with TID = 140736278300352 read: Gaming Console
Thread with TID = 140736368477888 read: Smart Water Bottle
Thread with TID = 140736257328832 read: Smart Plug
Thread with TID = 140736267814592 read: External Hard Drive
