Process PID: 7722
Thread with TID = 140737326876352 read: Speaker
Thread with TID = 140737337362112 read: Mini Drone
Thread with TID = 140737083606720 read: Dash Cam
Thread with TID = 140737316390592 read: Gaming Router
Thread with TID = 140737347847872 read: Action Camera
Thread with TID = 140737305904832 read: Mini Fridge
Thread with TID = 140737217824448 read: Smart Thermostat
Thread with TID = 140737207338688 read: E-Reader
Thread with TID = 140737196852928 read: Electric Scooter
Thread with TID = 140737175881408 read: Portable Bluetooth Adapter
Thread with TID = 140737186367168 read: Electric Kettle
Thread with TID = 140737073120960 read: Bluetooth Keyboard
Thread with TID = 140737165395648 read: iPhone14
Thread with TID = 140737062635200 read: Mechanical Keyboard
Thread with TID = 140737052149440 read: Soundbar
Thread with TID = 140737041663680 read: Digital Frame
Thread with TID = 140737031177920 read: Home Security Camera
Thread with TID = 140736928417472 read: MacBook Air
Thread with TID = 140736938903232 read: TV
Thread with TID = 140736896960192 read: Tablet
Thread with TID = 140736949388992 read: Digital Tape Measure
Thread with TID = 140736917931712 read: Electric Blanket
Thread with TID = 140736907445952 read: Portable Projector
Thread with TID = 140736886474432 read: iPhone13
Thread with TID = 140736875988672 read: LED Strip Lights
Thread with TID = 140736813074112 read: 3D Printer
Thread with TID = 140736802588352 read: Streaming Webcam
Thread with TID = 140736760645312 read: Robot Vacuum
Thread with TID = 140736750159552 read: Portable Charger
Thread with TID = 140736792102592 read: Smart Backpack
Thread with TID = 140736781616832 read: Gaming Chair
Thread with TID = 140736697730752 read: Solar Charger
Thread with TID = 140736708216512 read: Camera
Thread with TID = 140736718702272 read: Smartwatch
Thread with TID = 140736865502912 read: Bluetooth Speaker
Thread with TID = 140736823559872 read: Electric Standing Desk
Thread with TID = 140736855017152 read: Headphones
Thread with TID = 140736844531392 read: AirPods
Thread with TID = 140736592873152 read: Streaming Stick
Thread with TID = 140736613844672 read: Electric Bike
Thread with TID = 140736603358912 read: MacBook Pro
Thread with TID = 140736437683904 read: Power Bank
Thread with TID = 140736582387392 read: VR Headset
Thread with TID = 140736729188032 read: Wireless Mouse
Thread with TID = 140736427198144 read: GoPro
Thread with TID = 140736739673792 read: Laser Projector
Thread with TID = 140736771131072 read: USB Hub
Thread with TID = 140736834045632 read: Digital Alarm Clock
Thread with TID = 140736571901632 read: Wireless Earbuds
Thread with TID = 140736334923456 read: 4K Monitor
Thread with TID = 140736345409216 read: Wireless Charger
Thread with TID = 140736313951936 read: Drone
Thread with TID = 140736448169664 read: Smart Glasses
Thread with TID = 140736458655424 read: Echo Dot
Thread with TID = 140736324437696 read: Smart Showerhead
Thread with TID = 140736561415872 read: Studio Monitor
Thread with TID = 140736479626944 read: Gaming Monitor
Thread with TID = 140736469141184 read: Wi-Fi Extender
Thread with TID = 140736303466176 read: Kindle Paperwhite
Thread with TID = 140736292980416 read: Fitness Tracker
Thread with TID = 140736211191488 read: iPhone11
Thread with TID = 140736200705728 read: Airpod3
Thread with TID = 140736190219968 read: Gaming Mouse
Thread with TID = 140736116819648 read: Smart Doorbell
Thread with TID = 140736127305408 read: HD Webcam
Thread with TID = 140736158762688 read: Wireless Microphone
Thread with TID = 140736148276928 read: Smart Home Hub
Thread with TID = 140736169248448 read: Smart Light Bulb
Thread with TID = 140736179734208 read: Smartphone
Thread with TID = 140736137791168 read: Galaxy S23
Thread with TID = 140736043419328 read: Smart Plug
Thread with TID = 140736095848128 read: Surface Pro
Thread with TID = 140736106333888 read: Laptop
Thread with TID = 140736074876608 read: Noise-Canceling Headphones
Thread with TID = 140736032933568 read: Tablet Stand
Thread with TID = 140736053905088 read: External Hard Drive
Thread with TID = 140736085362368 read: Smart Water Bottle
Thread with TID = 140736064390848 read: Gaming Console
