Process PID: 9927
Thread with TID = 140737326876352 read: Speaker
Thread with TID = 140737305904832 read: Gaming Router
Thread with TID = 140737284933312 read: Smart Thermostat
Thread with TID = 140737150715584 read: Electric Kettle
Thread with TID = 140737316390592 read: Dash Cam
Thread with TID = 140737253476032 read: iPhone14
Thread with TID = 140737347847872 read: Action Camera
Thread with TID = 140737295419072 read: Mini Fridge
Thread with TID = 140737263961792 read: Portable Bluetooth Adapter
Thread with TID = 140737129744064 read: Electric Scooter
Thread with TID = 140737232504512 read: Mechanical Keyboard
Thread with TID = 140737119258304 read: Digital Frame
Thread with TID = 140737108772544 read: Home Security Camera
Thread with TID = 140737140229824 read: Soundbar
Thread with TID = 140737098286784 read: Digital Tape Measure
Thread with TID = 140736861308608 read: Electric Blanket
Thread with TID = 140736882280128 read: TV
Thread with TID = 140736829851328 read: iPhone13
Thread with TID = 140736649496256 read: AirPods
Thread with TID = 140736850822848 read: Portable Projector
Thread with TID = 140737242990272 read: Bluetooth Keyboard
Thread with TID = 140736659982016 read: Headphones
Thread with TID = 140736670467776 read: Bluetooth Speaker
Thread with TID = 140736628524736 read: Electric Standing Desk
Thread with TID = 140736840337088 read: Tablet
Thread with TID = 140737274447552 read: E-Reader
Thread with TID = 140736639010496 read: Digital Alarm Clock
Thread with TID = 140736871794368 read: MacBook Air
Thread with TID = 140736680953536 read: LED Strip Lights
Thread with TID = 140737337362112 read: Mini Drone
Thread with TID = 140736618038976 read: 3D Printer
Thread with TID = 140737006012096 read: Smart Backpack
Thread with TID = 140737016497856 read: Streaming Webcam
Thread with TID = 140736995526336 read: Gaming Chair
Thread with TID = 140736974554816 read: Robot Vacuum
Thread with TID = 140736964069056 read: Portable Charger
Thread with TID = 140736985040576 read: USB Hub
Thread with TID = 140736597067456 read: Wireless Mouse
Thread with TID = 140736586581696 read: Smartwatch
Thread with TID = 140736576095936 read: Camera
Thread with TID = 140736544638656 read: MacBook Pro
Thread with TID = 140736523667136 read: VR Headset
Thread with TID = 140736565610176 read: Solar Charger
Thread with TID = 140736502695616 read: GoPro
Thread with TID = 140736607553216 read: Laser Projector
Thread with TID = 140736555124416 read: Electric Bike
Thread with TID = 140736534152896 read: Streaming Stick
Thread with TID = 140736513181376 read: Power Bank
Thread with TID = 140736492209856 read: Wireless Earbuds
Thread with TID = 140736481724096 read: Studio Monitor
Thread with TID = 140736429295296 read: Wireless Charger
Thread with TID = 140736471238336 read: Gaming Monitor
Thread with TID = 140736460752576 read: Wi-Fi Extender
Thread with TID = 140736439781056 read: Smart Glasses
Thread with TID = 140736450266816 read: Echo Dot
Thread with TID = 140736418809536 read: 4K Monitor
Thread with TID = 140736397838016 read: Drone
Thread with TID = 140736408323776 read: Smart Showerhead
Thread with TID = 140736366380736 read: iPhone11
Thread with TID = 140736387352256 read: Kindle Paperwhite
Thread with TID = 140736355894976 read: Airpod3
Thread with TID = 140736345409216 read: Gaming Mouse
Thread with TID = 140736376866496 read: Fitness Tracker
Thread with TID = 140736334923456 read: Smartphone
Thread with TID = 140736324437696 read: Smart Light Bulb
Thread with TID = 140736313951936 read: Wireless Microphone
Thread with TID = 140736303466176 read: Smart Home Hub
Thread with TID = 140736292980416 read: Galaxy S23
Thread with TID = 140736282494656 read: HD Webcam
Thread with TID = 140736272008896 read: Smart Doorbell
Thread with TID = 140736251037376 read: Surface Pro
Thread with TID = 140736230065856 read: Noise-Canceling Headphones
Thread with TID = 140736261523136 read: Laptop
Thread with TID = 140736240551616 read: Smart Water Bottle
Thread with TID = 140736219580096 read: Gaming Console
Thread with TID = 140736188122816 read: Tablet Stand
Thread with TID = 140736209094336 read: External Hard Drive
Thread with TID = 140736198608576 read: Smart Plug
