Process PID: 26965
Thread with TID = 123280407135936 read: Gaming Router
Thread with TID = 123280551839424 read: Dash Cam
Thread with TID = 123280583296704 read: Action Camera
Thread with TID = 123280386164416 read: Smart Thermostat
Thread with TID = 123280396650176 read: Mini Fridge
Thread with TID = 123280572810944 read: Mini Drone
Thread with TID = 123280562325184 read: Speaker
Thread with TID = 123280446981824 read: Portable Bluetooth Adapter
Thread with TID = 123280436496064 read: iPhone14
Thread with TID = 123280241460928 read: E-Reader
Thread with TID = 123280344221376 read: Home Security Camera
Thread with TID = 123280111437504 read: Tablet
Thread with TID = 123280121923264 read: Portable Projector
Thread with TID = 123280100951744 read: iPhone13
Thread with TID = 123280090465984 read: LED Strip Lights
Thread with TID = 123280079980224 read: Bluetooth Speaker
Thread with TID = 123279966734016 read: Electric Standing Desk
Thread with TID = 123280069494464 read: Headphones
Thread with TID = 123280457467584 read: Electric Kettle
Thread with TID = 123280426010304 read: Bluetooth Keyboard
Thread with TID = 123279765407424 read: Robot Vacuum
Thread with TID = 123280541353664 read: Electric Scooter
Thread with TID = 123280354707136 read: Digital Frame
Thread with TID = 123279935276736 read: Smart Backpack
Thread with TID = 123279945762496 read: Streaming Webcam
Thread with TID = 123279987705536 read: AirPods
Thread with TID = 123279786378944 read: Gaming Chair
Thread with TID = 123279775893184 read: USB Hub
Thread with TID = 123280256140992 read: Digital Tape Measure
Thread with TID = 123280230975168 read: TV
Thread with TID = 123280220489408 read: MacBook Air
Thread with TID = 123280210003648 read: Electric Blanket
Thread with TID = 123279977219776 read: Digital Alarm Clock
Thread with TID = 123279956248256 read: 3D Printer
Thread with TID = 123279754921664 read: Portable Charger
Thread with TID = 123280365192896 read: Soundbar
Thread with TID = 123279585052352 read: Smartwatch
Thread with TID = 123279733950144 read: Wireless Mouse
Thread with TID = 123279383725760 read: VR Headset
Thread with TID = 123279373240000 read: Power Bank
Thread with TID = 123279744435904 read: Laser Projector
Thread with TID = 123279352268480 read: Wireless Earbuds
Thread with TID = 123279574566592 read: Camera
Thread with TID = 123279564080832 read: Solar Charger
Thread with TID = 123279553595072 read: Electric Bike
Thread with TID = 123279543109312 read: MacBook Pro
Thread with TID = 123279362754240 read: GoPro
Thread with TID = 123279532623552 read: Streaming Stick
Thread with TID = 123279218050752 read: Wireless Charger
Thread with TID = 123279228536512 read: Smart Glasses
Thread with TID = 123279207564992 read: 4K Monitor
Thread with TID = 123280375678656 read: Mechanical Keyboard
Thread with TID = 123279104804544 read: Kindle Paperwhite
Thread with TID = 123279197079232 read: Smart Showerhead
Thread with TID = 123279341782720 read: Studio Monitor
Thread with TID = 123279115290304 read: Drone
Thread with TID = 123279331296960 read: Gaming Monitor
Thread with TID = 123279249508032 read: Wi-Fi Extender
Thread with TID = 123279094318784 read: Fitness Tracker
Thread with TID = 123279239022272 read: Echo Dot
Thread with TID = 123279062861504 read: Gaming Mouse
Thread with TID = 123279083833024 read: iPhone11
Thread with TID = 123279073347264 read: Airpod3
Thread with TID = 123279052375744 read: Smartphone
Thread with TID = 123278999946944 read: HD Webcam
Thread with TID = 123279031404224 read: Wireless Microphone
Thread with TID = 123279010432704 read: Galaxy S23
Thread with TID = 123279041889984 read: Smart Light Bulb
Thread with TID = 123278968489664 read: Surface Pro
Thread with TID = 123278978975424 read: Laptop
Thread with TID = 123278926546624 read: External Hard Drive
Thread with TID = 123278958003904 read: Smart Water Bottle
Thread with TID = 123278916060864 read: Smart Plug
Thread with TID = 123278947518144 read: Noise-Canceling Headphones
Thread with TID = 123278937032384 read: Gaming Console
Thread with TID = 123278905575104 read: Tablet Stand
Thread with TID = 123279020918464 read: Smart Home Hub
Thread with TID = 123278989461184 read: Smart Doorbell
