Process PID: 32234
Thread with TID = 133257465169600 read: E-Reader
Thread with TID = 133257444198080 read: Electric Kettle
Thread with TID = 133257433712320 read: Portable Bluetooth Adapter
Thread with TID = 133257607775936 read: Action Camera
Thread with TID = 133257586804416 read: Speaker
Thread with TID = 133257597290176 read: Mini Drone
Thread with TID = 133257576318656 read: Dash Cam
Thread with TID = 133257423226560 read: iPhone14
Thread with TID = 133257330951872 read: Mechanical Keyboard
Thread with TID = 133257454683840 read: Electric Scooter
Thread with TID = 133257565832896 read: Gaming Router
Thread with TID = 133257412740800 read: Bluetooth Keyboard
Thread with TID = 133257555347136 read: Mini Fridge
Thread with TID = 133257309980352 read: Digital Frame
Thread with TID = 133257320466112 read: Soundbar
Thread with TID = 133257196734144 read: MacBook Air
Thread with TID = 133257186248384 read: Electric Blanket
Thread with TID = 133257299494592 read: Home Security Camera
Thread with TID = 133257289008832 read: Digital Tape Measure
Thread with TID = 133257278523072 read: TV
Thread with TID = 133257544861376 read: Smart Thermostat
Thread with TID = 133257154791104 read: iPhone13
Thread with TID = 133257062516416 read: Bluetooth Speaker
Thread with TID = 133257041544896 read: AirPods
Thread with TID = 133257175762624 read: Portable Projector
Thread with TID = 133257165276864 read: Tablet
Thread with TID = 133257052030656 read: Headphones
Thread with TID = 133257031059136 read: Digital Alarm Clock
Thread with TID = 133257020573376 read: Electric Standing Desk
Thread with TID = 133257010087616 read: 3D Printer
Thread with TID = 133256917812928 read: Smart Backpack
Thread with TID = 133256907327168 read: Gaming Chair
Thread with TID = 133257144305344 read: LED Strip Lights
Thread with TID = 133256928298688 read: Streaming Webcam
Thread with TID = 133256896841408 read: USB Hub
Thread with TID = 133256886355648 read: Robot Vacuum
Thread with TID = 133256875869888 read: Portable Charger
Thread with TID = 133256794080960 read: Laser Projector
Thread with TID = 133256783595200 read: Wireless Mouse
Thread with TID = 133256773109440 read: Smartwatch
Thread with TID = 133256720680640 read: Streaming Stick
Thread with TID = 133256710194880 read: VR Headset
Thread with TID = 133256647280320 read: Wi-Fi Extender
Thread with TID = 133256741652160 read: Electric Bike
Thread with TID = 133256636794560 read: Echo Dot
Thread with TID = 133256626308800 read: Smart Glasses
Thread with TID = 133256657766080 read: Gaming Monitor
Thread with TID = 133256605337280 read: 4K Monitor
Thread with TID = 133256762623680 read: Camera
Thread with TID = 133256615823040 read: Wireless Charger
Thread with TID = 133256689223360 read: GoPro
Thread with TID = 133256752137920 read: Solar Charger
Thread with TID = 133256678737600 read: Wireless Earbuds
Thread with TID = 133256731166400 read: MacBook Pro
Thread with TID = 133256699709120 read: Power Bank
Thread with TID = 133256668251840 read: Studio Monitor
Thread with TID = 133256584365760 read: Drone
Thread with TID = 133256573880000 read: Kindle Paperwhite
Thread with TID = 133256594851520 read: Smart Showerhead
Thread with TID = 133256542422720 read: Airpod3
Thread with TID = 133256552908480 read: iPhone11
Thread with TID = 133256563394240 read: Fitness Tracker
Thread with TID = 133256510965440 read: Smart Light Bulb
Thread with TID = 133256531936960 read: Gaming Mouse
Thread with TID = 133256521451200 read: Smartphone
Thread with TID = 133256479508160 read: Galaxy S23
Thread with TID = 133256469022400 read: HD Webcam
Thread with TID = 133256448050880 read: Laptop
Thread with TID = 133256385136320 read: Smart Plug
Thread with TID = 133256416593600 read: Noise-Canceling Headphones
Thread with TID = 133256500479680 read: Wireless Microphone
Thread with TID = 133256489993920 read: Smart Home Hub
Thread with TID = 133256374650560 read: Tablet Stand
Thread with TID = 133256427079360 read: Smart Water Bottle
Thread with TID = 133256395622080 read: External Hard Drive
Thread with TID = 133256406107840 read: Gaming Console
Thread with TID = 133256437565120 read: Surface Pro
Thread with TID = 133256458536640 read: Smart Doorbell
