Process PID: 30229
Thread with TID = 138794112124608 read: Gaming Router
Thread with TID = 138794101638848 read: Mini Fridge
Thread with TID = 138794080667328 read: E-Reader
Thread with TID = 138794070181568 read: Electric Scooter
Thread with TID = 138794038724288 read: iPhone14
Thread with TID = 138794049210048 read: Portable Bluetooth Adapter
Thread with TID = 138794028238528 read: Bluetooth Keyboard
Thread with TID = 138793935963840 read: Soundbar
Thread with TID = 138794059695808 read: Electric Kettle
Thread with TID = 138794133096128 read: Speaker
Thread with TID = 138794122610368 read: Dash Cam
Thread with TID = 138794143581888 read: Mini Drone
Thread with TID = 138793914992320 read: Home Security Camera
Thread with TID = 138793946449600 read: Mechanical Keyboard
Thread with TID = 138794091153088 read: Smart Thermostat
Thread with TID = 138793904506560 read: Digital Tape Measure
Thread with TID = 138793894020800 read: TV
Thread with TID = 138793466201792 read: Headphones
Thread with TID = 138793745123008 read: MacBook Air
Thread with TID = 138793445230272 read: Digital Alarm Clock
Thread with TID = 138793176794816 read: USB Hub
Thread with TID = 138793734637248 read: Electric Blanket
Thread with TID = 138793166309056 read: Robot Vacuum
Thread with TID = 138793692694208 read: LED Strip Lights
Thread with TID = 138793703179968 read: iPhone13
Thread with TID = 138793455716032 read: AirPods
Thread with TID = 138793424258752 read: 3D Printer
Thread with TID = 138793155823296 read: Portable Charger
Thread with TID = 138793713665728 read: Tablet
Thread with TID = 138793724151488 read: Portable Projector
Thread with TID = 138793208252096 read: Streaming Webcam
Thread with TID = 138793134851776 read: Wireless Mouse
Thread with TID = 138793197766336 read: Smart Backpack
Thread with TID = 138793187280576 read: Gaming Chair
Thread with TID = 138793476687552 read: Bluetooth Speaker
Thread with TID = 138793029994176 read: Wireless Earbuds
Thread with TID = 138793434744512 read: Electric Standing Desk
Thread with TID = 138793145337536 read: Laser Projector
Thread with TID = 138793082422976 read: MacBook Pro
Thread with TID = 138793092908736 read: Electric Bike
Thread with TID = 138793610905280 read: Wi-Fi Extender
Thread with TID = 138793071937216 read: Streaming Stick
Thread with TID = 138794154067648 read: Action Camera
Thread with TID = 138793061451456 read: VR Headset
Thread with TID = 138793103394496 read: Solar Charger
Thread with TID = 138793009022656 read: Gaming Monitor
Thread with TID = 138793040479936 read: GoPro
Thread with TID = 138793925478080 read: Digital Frame
Thread with TID = 138793113880256 read: Camera
Thread with TID = 138793019508416 read: Studio Monitor
Thread with TID = 138793600419520 read: Echo Dot
Thread with TID = 138793124366016 read: Smartwatch
Thread with TID = 138793050965696 read: Power Bank
Thread with TID = 138793589933760 read: Smart Glasses
Thread with TID = 138793568962240 read: 4K Monitor
Thread with TID = 138793579448000 read: Wireless Charger
Thread with TID = 138793558476480 read: Smart Showerhead
Thread with TID = 138793331984064 read: Kindle Paperwhite
Thread with TID = 138793311012544 read: iPhone11
Thread with TID = 138793290041024 read: Gaming Mouse
Thread with TID = 138792998536896 read: Smartphone
Thread with TID = 138793321498304 read: Fitness Tracker
Thread with TID = 138792977565376 read: Wireless Microphone
Thread with TID = 138793342469824 read: Drone
Thread with TID = 138793300526784 read: Airpod3
Thread with TID = 138792988051136 read: Smart Light Bulb
Thread with TID = 138792967079616 read: Smart Home Hub
Thread with TID = 138792956593856 read: Galaxy S23
Thread with TID = 138792925136576 read: Laptop
Thread with TID = 138792946108096 read: HD Webcam
Thread with TID = 138792935622336 read: Smart Doorbell
Thread with TID = 138792914650816 read: Surface Pro
Thread with TID = 138792883193536 read: Gaming Console
Thread with TID = 138792904165056 read: Smart Water Bottle
Thread with TID = 138792893679296 read: Noise-Canceling Headphones
Thread with TID = 138792851736256 read: Tablet Stand
Thread with TID = 138792872707776 read: External Hard Drive
Thread with TID = 138792862222016 read: Smart Plug
