Process PID: 13540
Thread with TID = 140737337362112 read: Mini Drone
Thread with TID = 140737326876352 read: Speaker
Thread with TID = 140737347847872 read: Action Camera
Thread with TID = 140737316390592 read: Dash Cam
Thread with TID = 140737295419072 read: Mini Fridge
Thread with TID = 140737274447552 read: E-Reader
Thread with TID = 140737150715584 read: Electric Scooter
Thread with TID = 140737253476032 read: Portable Bluetooth Adapter
Thread with TID = 140737232504512 read: Bluetooth Keyboard
Thread with TID = 140737098286784 read: Digital Tape Measure
Thread with TID = 140737242990272 read: iPhone14
Thread with TID = 140737077315264 read: MacBook Air
Thread with TID = 140737087801024 read: TV
Thread with TID = 140737305904832 read: Gaming Router
Thread with TID = 140737284933312 read: Smart Thermostat
Thread with TID = 140737263961792 read: Electric Kettle
Thread with TID = 140737129744064 read: Soundbar
Thread with TID = 140737045857984 read: Tablet
Thread with TID = 140737066829504 read: Electric Blanket
Thread with TID = 140736961971904 read: 3D Printer
Thread with TID = 140737003914944 read: Headphones
Thread with TID = 140737140229824 read: Mechanical Keyboard
Thread with TID = 140736982943424 read: Digital Alarm Clock
Thread with TID = 140737108772544 read: Home Security Camera
Thread with TID = 140737035372224 read: iPhone13
Thread with TID = 140737024886464 read: LED Strip Lights
Thread with TID = 140736993429184 read: AirPods
Thread with TID = 140736951486144 read: Streaming Webcam
Thread with TID = 140737056343744 read: Portable Projector
Thread with TID = 140737014400704 read: Bluetooth Speaker
Thread with TID = 140737119258304 read: Digital Frame
Thread with TID = 140736972457664 read: Electric Standing Desk
Thread with TID = 140736941000384 read: Smart Backpack
Thread with TID = 140736909543104 read: Robot Vacuum
Thread with TID = 140736930514624 read: Gaming Chair
Thread with TID = 140736815171264 read: Laser Projector
Thread with TID = 140736920028864 read: USB Hub
Thread with TID = 140736804685504 read: Wireless Mouse
Thread with TID = 140736794199744 read: Smartwatch
Thread with TID = 140736899057344 read: Portable Charger
Thread with TID = 140736783713984 read: Camera
Thread with TID = 140736592873152 read: VR Headset
Thread with TID = 140736613844672 read: MacBook Pro
Thread with TID = 140736603358912 read: Streaming Stick
Thread with TID = 140736582387392 read: Power Bank
Thread with TID = 140736762742464 read: Electric Bike
Thread with TID = 140736773228224 read: Solar Charger
Thread with TID = 140736571901632 read: GoPro
Thread with TID = 140736412518080 read: Studio Monitor
Thread with TID = 140736561415872 read: Wireless Earbuds
Thread with TID = 140736381060800 read: Echo Dot
Thread with TID = 140736257328832 read: Drone
Thread with TID = 140736236357312 read: Fitness Tracker
Thread with TID = 140736402032320 read: Gaming Monitor
Thread with TID = 140736391546560 read: Wi-Fi Extender
Thread with TID = 140736360089280 read: Wireless Charger
Thread with TID = 140736370575040 read: Smart Glasses
Thread with TID = 140736278300352 read: 4K Monitor
Thread with TID = 140736246843072 read: Kindle Paperwhite
Thread with TID = 140736267814592 read: Smart Showerhead
Thread with TID = 140736225871552 read: iPhone11
Thread with TID = 140736076973760 read: Airpod3
Thread with TID = 140736066488000 read: Gaming Mouse
Thread with TID = 140736045516480 read: Smart Light Bulb
Thread with TID = 140736014059200 read: Galaxy S23
Thread with TID = 140736035030720 read: Wireless Microphone
Thread with TID = 140736024544960 read: Smart Home Hub
Thread with TID = 140736003573440 read: HD Webcam
Thread with TID = 140736056002240 read: Smartphone
Thread with TID = 140735993087680 read: Smart Doorbell
Thread with TID = 140735982601920 read: Laptop
Thread with TID = 140735940658880 read: Gaming Console
Thread with TID = 140735951144640 read: Noise-Canceling Headphones
Thread with TID = 140735961630400 read: Smart Water Bottle
Thread with TID = 140735930173120 read: External Hard Drive
Thread with TID = 140735972116160 read: Surface Pro
Thread with TID = 140735909201600 read: Tablet Stand
Thread with TID = 140735919687360 read: Smart Plug
