Process PID: 27796
Thread with TID = 140737347847872 read: Action Camera
Thread with TID = 140737295419072 read: Mini Fridge
Thread with TID = 140737305904832 read: Gaming Router
Thread with TID = 140737326876352 read: Speaker
Thread with TID = 140737316390592 read: Dash Cam
Thread with TID = 140737150715584 read: Smart Thermostat
Thread with TID = 140737337362112 read: Mini Drone
Thread with TID = 140737284933312 read: E-Reader
Thread with TID = 140737274447552 read: Electric Scooter
Thread with TID = 140737253476032 read: Portable Bluetooth Adapter
Thread with TID = 140737263961792 read: Electric Kettle
Thread with TID = 140737242990272 read: iPhone14
Thread with TID = 140737232504512 read: Bluetooth Keyboard
Thread with TID = 140737140229824 read: Mechanical Keyboard
Thread with TID = 140737129744064 read: Soundbar
Thread with TID = 140737108772544 read: Home Security Camera
Thread with TID = 140737098286784 read: Digital Tape Measure
Thread with TID = 140737119258304 read: Digital Frame
Thread with TID = 140737016497856 read: TV
Thread with TID = 140736985040576 read: Portable Projector
Thread with TID = 140737006012096 read: MacBook Air
Thread with TID = 140736964069056 read: iPhone13
Thread with TID = 140736815171264 read: LED Strip Lights
Thread with TID = 140736804685504 read: Bluetooth Speaker
Thread with TID = 140736974554816 read: Tablet
Thread with TID = 140736995526336 read: Electric Blanket
Thread with TID = 140736794199744 read: Headphones
Thread with TID = 140736783713984 read: AirPods
Thread with TID = 140736752256704 read: 3D Printer
Thread with TID = 140736762742464 read: Electric Standing Desk
Thread with TID = 140736668370624 read: Wireless Mouse
Thread with TID = 140736741770944 read: Streaming Webcam
Thread with TID = 140736689342144 read: Portable Charger
Thread with TID = 140736710313664 read: USB Hub
Thread with TID = 140736731285184 read: Smart Backpack
Thread with TID = 140736678856384 read: Laser Projector
Thread with TID = 140736720799424 read: Gaming Chair
Thread with TID = 140736657884864 read: Smartwatch
Thread with TID = 140736594970304 read: VR Headset
Thread with TID = 140736553027264 read: Studio Monitor
Thread with TID = 140736500598464 read: Wireless Charger
Thread with TID = 140736647399104 read: Camera
Thread with TID = 140736542541504 read: Gaming Monitor
Thread with TID = 140736573998784 read: GoPro
Thread with TID = 140736636913344 read: Solar Charger
Thread with TID = 140736469141184 read: Drone
Thread with TID = 140736626427584 read: Electric Bike
Thread with TID = 140736615941824 read: MacBook Pro
Thread with TID = 140736605456064 read: Streaming Stick
Thread with TID = 140736490112704 read: 4K Monitor
Thread with TID = 140736584484544 read: Power Bank
Thread with TID = 140736479626944 read: Smart Showerhead
Thread with TID = 140736563513024 read: Wireless Earbuds
Thread with TID = 140736532055744 read: Wi-Fi Extender
Thread with TID = 140736511084224 read: Smart Glasses
Thread with TID = 140736521569984 read: Echo Dot
Thread with TID = 140736699827904 read: Robot Vacuum
Thread with TID = 140736458655424 read: Kindle Paperwhite
Thread with TID = 140736345409216 read: Fitness Tracker
Thread with TID = 140736773228224 read: Digital Alarm Clock
Thread with TID = 140736448169664 read: iPhone11
Thread with TID = 140736437683904 read: Airpod3
Thread with TID = 140736427198144 read: Gaming Mouse
Thread with TID = 140736334923456 read: Smartphone
Thread with TID = 140736324437696 read: Smart Light Bulb
Thread with TID = 140736313951936 read: Wireless Microphone
Thread with TID = 140736303466176 read: Smart Home Hub
Thread with TID = 140736292980416 read: Galaxy S23
Thread with TID = 140736282494656 read: HD Webcam
Thread with TID = 140736272008896 read: Smart Doorbell
Thread with TID = 140736261523136 read: Laptop
Thread with TID = 140736251037376 read: Surface Pro
Thread with TID = 140736240551616 read: Smart Water Bottle
Thread with TID = 140736230065856 read: Noise-Canceling Headphones
Thread with TID = 140736219580096 read: Gaming Console
Thread with TID = 140736209094336 read: External Hard Drive
Thread with TID = 140736198608576 read: Smart Plug
Thread with TID = 140736188122816 read: Tablet Stand
