Process PID: 133825
Thread with TID = 140737284933312 read: Smart Thermostat
Thread with TID = 140737347847872 read: Action Camera
Thread with TID = 140737263961792 read: Electric Scooter
Thread with TID = 140737253476032 read: Electric Kettle
Thread with TID = 140737337362112 read: Mini Drone
Thread with TID = 140737242990272 read: Portable Bluetooth Adapter
Thread with TID = 140737326876352 read: Speaker
Thread with TID = 140737316390592 read: Dash Cam
Thread with TID = 140737305904832 read: Gaming Router
Thread with TID = 140737295419072 read: Mini Fridge
Thread with TID = 140737274447552 read: E-Reader
Thread with TID = 140737098286784 read: iPhone14
Thread with TID = 140737232504512 read: Bluetooth Keyboard
Thread with TID = 140737150715584 read: Mechanical Keyboard
Thread with TID = 140737140229824 read: Soundbar
Thread with TID = 140737016497856 read: TV
Thread with TID = 140737119258304 read: Home Security Camera
Thread with TID = 140737129744064 read: Digital Frame
Thread with TID = 140737006012096 read: MacBook Air
Thread with TID = 140736985040576 read: Portable Projector
Thread with TID = 140737108772544 read: Digital Tape Measure
Thread with TID = 140736995526336 read: Electric Blanket
Thread with TID = 140736974554816 read: Tablet
Thread with TID = 140736911640256 read: Digital Alarm Clock
Thread with TID = 140736943097536 read: Bluetooth Speaker
Thread with TID = 140736890668736 read: 3D Printer
Thread with TID = 140736922126016 read: AirPods
Thread with TID = 140736859211456 read: Gaming Chair
Thread with TID = 140736901154496 read: Electric Standing Desk
Thread with TID = 140736880182976 read: Streaming Webcam
Thread with TID = 140736869697216 read: Smart Backpack
Thread with TID = 140736838239936 read: Robot Vacuum
Thread with TID = 140736817268416 read: Laser Projector
Thread with TID = 140736953583296 read: LED Strip Lights
Thread with TID = 140736827754176 read: Portable Charger
Thread with TID = 140736806782656 read: Wireless Mouse
Thread with TID = 140736964069056 read: iPhone13
Thread with TID = 140736932611776 read: Headphones
Thread with TID = 140736848725696 read: USB Hub
Thread with TID = 140736796296896 read: Smartwatch
Thread with TID = 140736775325376 read: Solar Charger
Thread with TID = 140736733382336 read: VR Headset
Thread with TID = 140736691439296 read: Studio Monitor
Thread with TID = 140736701925056 read: Wireless Earbuds
Thread with TID = 140736670467776 read: Wi-Fi Extender
Thread with TID = 140736743868096 read: Streaming Stick
Thread with TID = 140736785811136 read: Camera
Thread with TID = 140736764839616 read: Electric Bike
Thread with TID = 140736754353856 read: MacBook Pro
Thread with TID = 140736722896576 read: Power Bank
Thread with TID = 140736712410816 read: GoPro
Thread with TID = 140736680953536 read: Gaming Monitor
Thread with TID = 140736659982016 read: Echo Dot
Thread with TID = 140736649496256 read: Smart Glasses
Thread with TID = 140736639010496       (read and found): ((Wireless Charger))
Thread with TID = 140736628524736 read: 4K Monitor
Thread with TID = 140736546735808 read: Smart Showerhead
Thread with TID = 140736536250048 read: Drone
Thread with TID = 140736515278528 read: Fitness Tracker
Thread with TID = 140736525764288 read: Kindle Paperwhite
Thread with TID = 140736504792768       (read and found): ((iPhone11))
Thread with TID = 140736494307008 read: Airpod3
Thread with TID = 140736483821248 read: Gaming Mouse
Thread with TID = 140736473335488       (read and found): ((Smartphone))
Thread with TID = 140736462849728 read: Smart Light Bulb
Thread with TID = 140736441878208 read: Smart Home Hub
Thread with TID = 140736452363968 read: Wireless Microphone
Thread with TID = 140736420906688 read: HD Webcam
Thread with TID = 140736431392448 read: Galaxy S23
Thread with TID = 140736410420928 read: Smart Doorbell
Thread with TID = 140736389449408 read: Surface Pro
Thread with TID = 140736378963648 read: Smart Water Bottle
Thread with TID = 140736399935168       (read and found): ((Laptop))
Thread with TID = 140736368477888 read: Noise-Canceling Headphones
Thread with TID = 140736357992128 read: Gaming Console
Thread with TID = 140736347506368 read: External Hard Drive
Thread with TID = 140736337020608 read: Smart Plug
Thread with TID = 140736326534848 read: Tablet Stand
