Process PID: 35203
Thread with TID = 132514068825792 read: Electric Scooter
Thread with TID = 132514224015040 read: Gaming Router
Thread with TID = 132514037368512 read: iPhone14
Thread with TID = 132514079311552 read: E-Reader
Thread with TID = 132514058340032 read: Electric Kettle
Thread with TID = 132513995425472 read: Digital Frame
Thread with TID = 132514026882752 read: Bluetooth Keyboard
Thread with TID = 132513984939712 read: Home Security Camera
Thread with TID = 132513888470720 read: TV
Thread with TID = 132514016396992 read: Mechanical Keyboard
Thread with TID = 132514047854272 read: Portable Bluetooth Adapter
Thread with TID = 132513846527680 read: Tablet
Thread with TID = 132514100283072 read: Mini Fridge
Thread with TID = 132513857013440 read: Portable Projector
Thread with TID = 132513764738752 read: iPhone13
Thread with TID = 132514255472320 read: Mini Drone
Thread with TID = 132514005911232 read: Soundbar
Thread with TID = 132513867499200 read: Electric Blanket
Thread with TID = 132514244986560 read: Speaker
Thread with TID = 132514089797312 read: Smart Thermostat
Thread with TID = 132513877984960 read: MacBook Air
Thread with TID = 132513754252992 read: LED Strip Lights
Thread with TID = 132513898956480 read: Digital Tape Measure
Thread with TID = 132514234500800 read: Dash Cam
Thread with TID = 132513743767232 read: Bluetooth Speaker
Thread with TID = 132514265958080 read: Action Camera
Thread with TID = 132514203043520 read: AirPods
Thread with TID = 132514192557760 read: Digital Alarm Clock
Thread with TID = 132514213529280 read: Headphones
Thread with TID = 132513712309952 read: Smart Backpack
Thread with TID = 132513630521024 read: Gaming Chair
Thread with TID = 132513733281472 read: 3D Printer
Thread with TID = 132514182072000 read: Electric Standing Desk
Thread with TID = 132513599063744 read: Portable Charger
Thread with TID = 132513418708672 read: Camera
Thread with TID = 132513588577984 read: Laser Projector
Thread with TID = 132513722795712 read: Streaming Webcam
Thread with TID = 132513429194432 read: Smartwatch
Thread with TID = 132513408222912 read: Solar Charger
Thread with TID = 132513620035264 read: USB Hub
Thread with TID = 132513387251392 read: MacBook Pro
Thread with TID = 132513609549504 read: Robot Vacuum
Thread with TID = 132513397737152 read: Electric Bike
Thread with TID = 132513578092224 read: Wireless Mouse
Thread with TID = 132513376765632 read: Streaming Stick
Thread with TID = 132513294976704 read: VR Headset
Thread with TID = 132513284490944 read: Power Bank
Thread with TID = 132513274005184 read: GoPro
Thread with TID = 132513263519424 read: Wireless Earbuds
Thread with TID = 132513242547904 read: Gaming Monitor
Thread with TID = 132513253033664 read: Studio Monitor
Thread with TID = 132513160758976 read: Wi-Fi Extender
Thread with TID = 132513150273216 read: Echo Dot
Thread with TID = 132513139787456 read: Smart Glasses
Thread with TID = 132513129301696 read: Wireless Charger
Thread with TID = 132513118815936 read: 4K Monitor
Thread with TID = 132513108330176 read: Smart Showerhead
Thread with TID = 132513097844416 read: Drone
Thread with TID = 132513076872896 read: Fitness Tracker
Thread with TID = 132513045415616 read: Gaming Mouse
Thread with TID = 132513066387136 read: iPhone11
Thread with TID = 132513055901376 read: Airpod3
Thread with TID = 132513034929856 read: Smartphone
Thread with TID = 132513024444096 read: Smart Light Bulb
Thread with TID = 132513087358656 read: Kindle Paperwhite
Thread with TID = 132513003472576 read: Smart Home Hub
Thread with TID = 132512982501056 read: HD Webcam
Thread with TID = 132513013958336 read: Wireless Microphone
Thread with TID = 132512972015296 read: Smart Doorbell
Thread with TID = 132512930072256 read: Noise-Canceling Headphones
Thread with TID = 132512919586496 read: Gaming Console
Thread with TID = 132512992986816 read: Galaxy S23
Thread with TID = 132512888129216 read: Tablet Stand
Thread with TID = 132512951043776 read: Surface Pro
Thread with TID = 132512909100736 read: External Hard Drive
Thread with TID = 132512961529536 read: Laptop
Thread with TID = 132512940558016 read: Smart Water Bottle
Thread with TID = 132512898614976 read: Smart Plug
