Process PID: 37196
Thread with TID = 133515003823808 read: Smart Thermostat
Thread with TID = 133515056252608 read: Mini Drone
Thread with TID = 133515045766848 read: Speaker
Thread with TID = 133514982852288 read: Electric Scooter
Thread with TID = 133515024795328 read: Gaming Router
Thread with TID = 133514919937728 read: Soundbar
Thread with TID = 133514993338048 read: E-Reader
Thread with TID = 133514972366528 read: Electric Kettle
Thread with TID = 133514961880768 read: Portable Bluetooth Adapter
Thread with TID = 133514940909248 read: Bluetooth Keyboard
Thread with TID = 133514951395008 read: iPhone14
Thread with TID = 133515066738368 read: Action Camera
Thread with TID = 133515035281088 read: Dash Cam
Thread with TID = 133514930423488 read: Mechanical Keyboard
Thread with TID = 133515014309568 read: Mini Fridge
Thread with TID = 133514909451968 read: Digital Frame
Thread with TID = 133514827663040 read: Home Security Camera
Thread with TID = 133514775234240 read: Portable Projector
Thread with TID = 133514817177280 read: Digital Tape Measure
Thread with TID = 133514806691520 read: TV
Thread with TID = 133514796205760 read: MacBook Air
Thread with TID = 133514682959552 read: iPhone13
Thread with TID = 133514630530752 read: Digital Alarm Clock
Thread with TID = 133514785720000 read: Electric Blanket
Thread with TID = 133514693445312 read: Tablet
Thread with TID = 133514651502272 read: Headphones
Thread with TID = 133514672473792 read: LED Strip Lights
Thread with TID = 133514661988032 read: Bluetooth Speaker
Thread with TID = 133514641016512 read: AirPods
Thread with TID = 133514620044992 read: Electric Standing Desk
Thread with TID = 133514588587712 read: Smart Backpack
Thread with TID = 133514557130432 read: Robot Vacuum
Thread with TID = 133514599073472 read: Streaming Webcam
Thread with TID = 133514609559232 read: 3D Printer
Thread with TID = 133514578101952 read: Gaming Chair
Thread with TID = 133514567616192 read: USB Hub
Thread with TID = 133514525673152 read: Wireless Mouse
Thread with TID = 133514504701632 read: Camera
Thread with TID = 133514473244352 read: MacBook Pro
Thread with TID = 133514515187392 read: Smartwatch
Thread with TID = 133514546644672 read: Portable Charger
Thread with TID = 133514494215872 read: Solar Charger
Thread with TID = 133514536158912 read: Laser Projector
Thread with TID = 133514483730112 read: Electric Bike
Thread with TID = 133514462758592 read: Streaming Stick
Thread with TID = 133514410329792 read: Studio Monitor
Thread with TID = 133514399844032 read: Gaming Monitor
Thread with TID = 133514452272832 read: VR Headset
Thread with TID = 133514431301312 read: GoPro
Thread with TID = 133514389358272 read: Wi-Fi Extender
Thread with TID = 133514420815552 read: Wireless Earbuds
Thread with TID = 133514441787072 read: Power Bank
Thread with TID = 133514378872512 read: Echo Dot
Thread with TID = 133514368386752 read: Smart Glasses
Thread with TID = 133514347415232 read: 4K Monitor
Thread with TID = 133514263529152 read: Smartphone
Thread with TID = 133514326443712 read: Drone
Thread with TID = 133514253043392 read: Smart Light Bulb
Thread with TID = 133514336929472 read: Smart Showerhead
Thread with TID = 133514315957952 read: Kindle Paperwhite
Thread with TID = 133514221586112 read: Galaxy S23
Thread with TID = 133514211100352 read: HD Webcam
Thread with TID = 133514357900992 read: Wireless Charger
Thread with TID = 133514284500672 read: Airpod3
Thread with TID = 133514305472192 read: Fitness Tracker
Thread with TID = 133514242557632 read: Wireless Microphone
Thread with TID = 133514294986432 read: iPhone11
Thread with TID = 133514190128832       (read and found): ((Laptop))
Thread with TID = 133514179643072 read: Surface Pro
Thread with TID = 133514274014912 read: Gaming Mouse
Thread with TID = 133514200614592 read: Smart Doorbell
Thread with TID = 133514169157312 read: Smart Water Bottle
Thread with TID = 133514232071872 read: Smart Home Hub
Thread with TID = 133514137700032 read: Smart Plug
Thread with TID = 133514158671552 read: Noise-Canceling Headphones
Thread with TID = 133514148185792 read: External Hard Drive
Thread with TID = 133514081076928 read: Gaming Console
Thread with TID = 133514127214272 read: Tablet Stand
