Process PID: 8710
Thread with TID = 124077528319680 read: Portable Bluetooth Adapter
Thread with TID = 124077373130432 read: Bluetooth Keyboard
Thread with TID = 124077383616192 read: iPhone14
Thread with TID = 124077362644672 read: Mechanical Keyboard
Thread with TID = 124077538805440 read: Electric Kettle
Thread with TID = 124077570262720 read: Smart Thermostat
Thread with TID = 124077622691520 read: Mini Drone
Thread with TID = 124077352158912 read: Soundbar
Thread with TID = 124077633177280 read: Action Camera
Thread with TID = 124077612205760 read: Speaker
Thread with TID = 124077559776960 read: E-Reader
Thread with TID = 124077601720000 read: Dash Cam
Thread with TID = 124077591234240 read: Gaming Router
Thread with TID = 124077549291200 read: Electric Scooter
Thread with TID = 124077442336448 read: Digital Frame
Thread with TID = 124077580748480 read: Mini Fridge
Thread with TID = 124077431850688 read: Home Security Camera
Thread with TID = 124077400393408 read: MacBook Air
Thread with TID = 124077421364928 read: Digital Tape Measure
Thread with TID = 124077209552576 read: Headphones
Thread with TID = 124077188581056 read: Digital Alarm Clock
Thread with TID = 124077241009856 read: iPhone13
Thread with TID = 124077410879168 read: TV
Thread with TID = 124077220038336 read: Bluetooth Speaker
Thread with TID = 124077029197504 read: 3D Printer
Thread with TID = 124077018711744 read: Streaming Webcam
Thread with TID = 124077008225984 read: Smart Backpack
Thread with TID = 124077341673152 read: Electric Blanket
Thread with TID = 124076987254464 read: USB Hub
Thread with TID = 124077331187392 read: Portable Projector
Thread with TID = 124077320701632 read: Tablet
Thread with TID = 124077230524096 read: LED Strip Lights
Thread with TID = 124077199066816 read: AirPods
Thread with TID = 124077039683264 read: Electric Standing Desk
Thread with TID = 124076997740224 read: Gaming Chair
Thread with TID = 124076905465536 read: Robot Vacuum
Thread with TID = 124076894979776 read: Portable Charger
Thread with TID = 124076863522496 read: Smartwatch
Thread with TID = 124076874008256 read: Wireless Mouse
Thread with TID = 124076884494016 read: Laser Projector
Thread with TID = 124076771247808 read: Solar Charger
Thread with TID = 124076853036736 read: Camera
Thread with TID = 124076750276288 read: MacBook Pro
Thread with TID = 124076739790528 read: Streaming Stick
Thread with TID = 124076760762048 read: Electric Bike
Thread with TID = 124076729304768 read: VR Headset
Thread with TID = 124076718819008 read: Power Bank
Thread with TID = 124076637030080 read: GoPro
Thread with TID = 124076595087040 read: Wi-Fi Extender
Thread with TID = 124076626544320 read: Wireless Earbuds
Thread with TID = 124076616058560 read: Studio Monitor
Thread with TID = 124076605572800 read: Gaming Monitor
Thread with TID = 124076584601280 read: Echo Dot
Thread with TID = 124076502812352 read: Smart Glasses
Thread with TID = 124076347623104 read: Airpod3
Thread with TID = 124076492326592 read: Wireless Charger
Thread with TID = 124076481840832 read: 4K Monitor
Thread with TID = 124076471355072 read: Smart Showerhead
Thread with TID = 124076460869312 read: Drone
Thread with TID = 124076450383552 read: Kindle Paperwhite
Thread with TID = 124076368594624 read: Fitness Tracker
Thread with TID = 124076358108864 read: iPhone11
Thread with TID = 124076337137344 read: Gaming Mouse
Thread with TID = 124076234376896 read: Wireless Microphone
Thread with TID = 124076192433856 read: Smart Doorbell
Thread with TID = 124076181948096 read: Laptop
Thread with TID = 124076326651584 read: Smartphone
Thread with TID = 124076100159168 read: Surface Pro
Thread with TID = 124076223891136 read: Smart Home Hub
Thread with TID = 124076058216128 read: External Hard Drive
Thread with TID = 124076068701888 read: Gaming Console
Thread with TID = 124076316165824 read: Smart Light Bulb
Thread with TID = 124076089673408 read: Smart Water Bottle
Thread with TID = 124076047730368 read: Smart Plug
Thread with TID = 124075965941440 read: Tablet Stand
Thread with TID = 124076213405376 read: Galaxy S23
Thread with TID = 124076202919616 read: HD Webcam
Thread with TID = 124076079187648 read: Noise-Canceling Headphones
