Process PID: 12849
Thread with TID = 126657832683200 read: Soy Milk
Thread with TID = 126657811711680 read: Pancake Mix
Thread with TID = 126657801225920 read: Instant Coffee
Thread with TID = 126657790740160 read: Sunflower Seeds
Thread with TID = 126657274840768 read: Beef Stock
Thread with TID = 126657780254400 read: Black Tea
Thread with TID = 126657400669888 read: Mustard
Thread with TID = 126657759282880 read: Spices
Thread with TID = 126657748797120 read: Marshmallows
Thread with TID = 126657549567680 read: Mints
Thread with TID = 126657539081920 read: Green Tea
Thread with TID = 126657738311360 read: Cashews
Thread with TID = 126657390184128 read: Butter
Thread with TID = 126657369212608 read: Popcorn
Thread with TID = 126657528596160 read: Almonds
Thread with TID = 126657769768640 read: Fruit Juice
Thread with TID = 126657727825600 read: Fish Fingers
Thread with TID = 126657169983168 read: Canned Soup
Thread with TID = 126657685882560 read: Chicken Nuggets
Thread with TID = 126657096582848 read: Cookies
Thread with TID = 126657432127168 read: Noodles
Thread with TID = 126657128040128 read: Candies
Thread with TID = 126657706854080 read: Ketchup
Thread with TID = 126657696368320 read: Oats
Thread with TID = 126657717339840 read: Pumpkin Seeds
Thread with TID = 126657675396800 read: Wheat Flour
Thread with TID = 126657601996480 read: Sugar
Thread with TID = 126657664911040 read: Jam
Thread with TID = 126657643939520 read: Frozen Pizza
Thread with TID = 126657654425280 read: Olive Oil Spray
Thread with TID = 126657591510720 read: Soy Sauce
Thread with TID = 126657581024960 read: Dried Fruits
Thread with TID = 126657570539200 read: Cheese
Thread with TID = 126657622968000 read: Soft Drinks
Thread with TID = 126657612482240 read: Ground Coffee
Thread with TID = 126657633453760 read: Coconut Milk
Thread with TID = 126657316783808 read: Soup Mix
Thread with TID = 126657327269568 read: Lollipops
Thread with TID = 126656213681856 read: Yeast
Thread with TID = 126656203196096 read: Chocolate Spread
Thread with TID = 126656182224576 read: Chocolates
Thread with TID = 126657560053440 read: Cinnamon
Thread with TID = 126656192710336 read: Pickles
Thread with TID = 126657822197440 read: Bread
Thread with TID = 126656383551168 read: Stock Cubes
Thread with TID = 126657295812288 read: Flavored Water
Thread with TID = 126657138525888 read: Burger Patties
Thread with TID = 126656786204352 read: Coffee Beans
Thread with TID = 126656626820800 read: Chicken Stock
Thread with TID = 126657421641408 read: Cooking Wine
Thread with TID = 126656637306560 read: Canned Fruit
Thread with TID = 126656828147392 read: Baking Powder
Thread with TID = 126656838633152 read: Salt
Thread with TID = 126657379698368 read: Granola Bars
Thread with TID = 126657159497408 read: Raisins
Thread with TID = 126657149011648 read: Yogurt
Thread with TID = 126657253869248 read: Brownie Mix
Thread with TID = 126657285326528 read: Cake Mix
Thread with TID = 126657337755328 read: Vinegar
Thread with TID = 126656595363520 read: Crackers
Thread with TID = 126656616335040 read: Chia Seeds
Thread with TID = 126656415008448 read: Vegetable Stock
Thread with TID = 126657264355008 read: Almond Milk
Thread with TID = 126657306298048 read: Cooking Oil
Thread with TID = 126657117554368 read: Rice Cakes
Thread with TID = 126657086097088 read: Black Pepper
Thread with TID = 126656425494208 read: Coffee
Thread with TID = 126656404522688 read: Ice Cream
Thread with TID = 126656605849280 read: Biscuits
Thread with TID = 126657107068608 read: Canned Beans
Thread with TID = 126657411155648 read: Rice
Thread with TID = 126656435979968 read: Hot Sauce
Thread with TID = 126656584877760 read: Canned Fish
Thread with TID = 126656796690112 read: Quinoa
Thread with TID = 126657442612928 read: Herbal Tea
Thread with TID = 126657358726848 read: Chips
Thread with TID = 126657348241088 read: Eggs
Thread with TID = 126657222411968 read: Honey
Thread with TID = 126657232897728 read: Walnuts
Thread with TID = 126657243383488 read: Pasta
Thread with TID = 126657190954688 read: Peanut Butter
Thread with TID = 126657211926208 read: Protein Bars
Thread with TID = 126657180468928 read: Powdered Milk
Thread with TID = 126657201440448 read: Energy Drinks
Thread with TID = 126656807175872 read: Frozen Vegetables
Thread with TID = 126656394036928 read: Frozen Berries
Thread with TID = 126656817661632 read: Pistachios
Thread with TID = 126656930907840 read: Milk
Thread with TID = 126656920422080 read: Cereal
Thread with TID = 126656100435648 read: Tea
Thread with TID = 126656234653376 read: Herbs
Thread with TID = 126656941393600 read: Turmeric
Thread with TID = 126656224167616 read: Energy Bars
