Process PID: 17180
Thread with TID = 135203773220544 read: Cooking Oil
Thread with TID = 135203857106624 read: Butter
Thread with TID = 135204087793344 read: Oats
Thread with TID = 135204045850304 read: Olive Oil Spray
Thread with TID = 135204003907264 read: Ground Coffee
Thread with TID = 135204024878784 read: Coconut Milk
Thread with TID = 135203972449984 read: Dried Fruits
Thread with TID = 135204035364544 read: Frozen Pizza
Thread with TID = 135203982935744 read: Soy Sauce
Thread with TID = 135204014393024 read: Soft Drinks
Thread with TID = 135204056336064 read: Jam
Thread with TID = 135203961964224 read: Cheese
Thread with TID = 135203993421504 read: Sugar
Thread with TID = 135204066821824 read: Wheat Flour
Thread with TID = 135203951478464 read: Herbal Tea
Thread with TID = 135203553019584 read: Raisins
Thread with TID = 135203500590784 read: Canned Beans
Thread with TID = 135203437676224 read: Salt
Thread with TID = 135203458647744 read: Milk
Thread with TID = 135203448161984 read: Cereal
Thread with TID = 135203353790144 read: Baking Powder
Thread with TID = 135204203136704 read: Pancake Mix
Thread with TID = 135203542533824 read: Yogurt
Thread with TID = 135203322332864 read: Quinoa
Thread with TID = 135203332818624 read: Frozen Vegetables
Thread with TID = 135204224108224 read: Soy Milk
Thread with TID = 135203343304384 read: Pistachios
Thread with TID = 135203301361344 read: Canned Fruit
Thread with TID = 135203144074944 read: Chocolate Spread
Thread with TID = 135203123103424 read: Chocolates
Thread with TID = 135203133589184 read: Pickles
Thread with TID = 135203311847104 read: Coffee Beans
Thread with TID = 135203930506944 read: Mints
Thread with TID = 135203259418304 read: Crackers
Thread with TID = 135203899049664 read: Noodles
Thread with TID = 135203920021184 read: Green Tea
Thread with TID = 135203878078144 read: Rice
Thread with TID = 135203490105024 read: Cookies
Thread with TID = 135203563505344 read: Canned Soup
Thread with TID = 135204108764864 read: Pumpkin Seeds
Thread with TID = 135204192650944 read: Instant Coffee
Thread with TID = 135203888563904 read: Cooking Wine
Thread with TID = 135203783706304 read: Soup Mix
Thread with TID = 135203280389824 read: Chia Seeds
Thread with TID = 135203836135104 read: Popcorn
Thread with TID = 135203605448384 read: Protein Bars
Thread with TID = 135203794192064 read: Lollipops
Thread with TID = 135203584476864 read: Peanut Butter
Thread with TID = 135203248932544 read: Canned Fish
Thread with TID = 135203532048064 read: Burger Patties
Thread with TID = 135203573991104 read: Powdered Milk
Thread with TID = 135203940992704 read: Cinnamon
Thread with TID = 135203511076544 read: Rice Cakes
Thread with TID = 135203269904064 read: Biscuits
Thread with TID = 135203804677824 read: Vinegar
Thread with TID = 135203479619264 read: Black Pepper
Thread with TID = 135203615934144 read: Honey
Thread with TID = 135203217475264 read: Vegetable Stock
Thread with TID = 135203196503744 read: Frozen Berries
Thread with TID = 135203290875584 read: Chicken Stock
Thread with TID = 135203154560704 read: Yeast
Thread with TID = 135203165046464 read: Energy Bars
Thread with TID = 135203846620864 read: Granola Bars
Thread with TID = 135204077307584 read: Chicken Nuggets
Thread with TID = 135203636905664 read: Pasta
Thread with TID = 135203626419904 read: Walnuts
Thread with TID = 135204213622464 read: Bread
Thread with TID = 135204161193664 read: Fruit Juice
Thread with TID = 135203647391424 read: Brownie Mix
Thread with TID = 135203594962624 read: Energy Drinks
Thread with TID = 135203668362944 read: Beef Stock
Thread with TID = 135204119250624 read: Fish Fingers
Thread with TID = 135204129736384 read: Cashews
Thread with TID = 135203815163584 read: Eggs
Thread with TID = 135204098279104 read: Ketchup
Thread with TID = 135203678848704 read: Cake Mix
Thread with TID = 135203825649344 read: Chips
Thread with TID = 135204150707904 read: Spices
Thread with TID = 135204182165184 read: Sunflower Seeds
Thread with TID = 135203909535424 read: Almonds
Thread with TID = 135203657877184 read: Almond Milk
Thread with TID = 135204140222144 read: Marshmallows
Thread with TID = 135203689334464 read: Flavored Water
Thread with TID = 135203112617664 read: Tea
Thread with TID = 135203521562304 read: Candies
Thread with TID = 135203186017984 read: Stock Cubes
Thread with TID = 135203175532224 read: Herbs
Thread with TID = 135203469133504 read: Turmeric
Thread with TID = 135203238446784 read: Hot Sauce
Thread with TID = 135203206989504 read: Ice Cream
Thread with TID = 135203227961024 read: Coffee
Thread with TID = 135204171679424 read: Black Tea
Thread with TID = 135203867592384 read: Mustard
