Process PID: 4353
Thread with TID = 138817805747904 read: Frozen Pizza
Thread with TID = 138817816233664 read: Olive Oil Spray
Thread with TID = 138817702987456 read: Soft Drinks
Thread with TID = 138817671530176 read: Dried Fruits
Thread with TID = 138817963034304 read: Instant Coffee
Thread with TID = 138817952548544 read: Sunflower Seeds
Thread with TID = 138817942062784 read: Black Tea
Thread with TID = 138817491175104 read: Mints
Thread with TID = 138817480689344 read: Green Tea
Thread with TID = 138817459717824 read: Noodles
Thread with TID = 138817879148224 read: Pumpkin Seeds
Thread with TID = 138817661044416 read: Cheese
Thread with TID = 138817258391232 read: Popcorn
Thread with TID = 138817289848512 read: Mustard
Thread with TID = 138817300334272 read: Rice
Thread with TID = 138817858176704 read: Oats
Thread with TID = 138817795262144 read: Coconut Milk
Thread with TID = 138817837205184 read: Wheat Flour
Thread with TID = 138817268876992 read: Granola Bars
Thread with TID = 138817682015936 read: Soy Sauce
Thread with TID = 138817134659264 read: Soup Mix
Thread with TID = 138817124173504 read: Cooking Oil
Thread with TID = 138817449232064 read: Cooking Wine
Thread with TID = 138817145145024 read: Lollipops
Thread with TID = 138816933332672 read: Brownie Mix
Thread with TID = 138817279362752 read: Butter
Thread with TID = 138816943818432 read: Almond Milk
Thread with TID = 138816964789952 read: Cake Mix
Thread with TID = 138817113687744 read: Flavored Water
Thread with TID = 138816830572224 read: Honey
Thread with TID = 138816954304192 read: Beef Stock
Thread with TID = 138817470203584 read: Almonds
Thread with TID = 138817155630784 read: Vinegar
Thread with TID = 138817847690944 read: Chicken Nuggets
Thread with TID = 138816679577280 read: Burger Patties
Thread with TID = 138816820086464 read: Protein Bars
Thread with TID = 138817973520064 read: Pancake Mix
Thread with TID = 138817650558656 read: Herbal Tea
Thread with TID = 138817166116544 read: Eggs
Thread with TID = 138816809600704 read: Energy Drinks
Thread with TID = 138817692501696 read: Ground Coffee
Thread with TID = 138817889633984 read: Fish Fingers
Thread with TID = 138817868662464 read: Ketchup
Thread with TID = 138816648120000 read: Canned Beans
Thread with TID = 138816530679488 read: Milk
Thread with TID = 138816669091520 read: Candies
Thread with TID = 138816711034560 read: Canned Soup
Thread with TID = 138816551651008 read: Black Pepper
Thread with TID = 138816562136768 read: Cookies
Thread with TID = 138816700548800 read: Raisins
Thread with TID = 138816488736448 read: Pistachios
Thread with TID = 138816658605760 read: Rice Cakes
Thread with TID = 138816541165248 read: Turmeric
Thread with TID = 138816690063040 read: Yogurt
Thread with TID = 138816499222208 read: Baking Powder
Thread with TID = 138817984005824 read: Bread
Thread with TID = 138816922846912 read: Pasta
Thread with TID = 138817921091264 read: Spices
Thread with TID = 138816520193728 read: Cereal
Thread with TID = 138816509707968 read: Salt
Thread with TID = 138816912361152 read: Walnuts
Thread with TID = 138817900119744 read: Cashews
Thread with TID = 138816721520320 read: Powdered Milk
Thread with TID = 138817826719424 read: Jam
Thread with TID = 138817931577024 read: Fruit Juice
Thread with TID = 138817247905472 read: Chips
Thread with TID = 138816478250688 read: Frozen Vegetables
Thread with TID = 138817784776384 read: Sugar
Thread with TID = 138817501660864 read: Cinnamon
Thread with TID = 138817910605504 read: Marshmallows
Thread with TID = 138816788629184 read: Quinoa
Thread with TID = 138816107054784 read: Tea
Thread with TID = 138816746686144 read: Chia Seeds
Thread with TID = 138816318867136 read: Stock Cubes
Thread with TID = 138816350324416 read: Vegetable Stock
Thread with TID = 138816757171904 read: Chicken Stock
Thread with TID = 138816159483584 read: Energy Bars
Thread with TID = 138816329352896 read: Frozen Berries
Thread with TID = 138816339838656 read: Ice Cream
Thread with TID = 138816308381376 read: Herbs
Thread with TID = 138816446793408 read: Hot Sauce
Thread with TID = 138816148997824 read: Yeast
Thread with TID = 138816467764928 read: Crackers
Thread with TID = 138816360810176 read: Coffee
Thread with TID = 138816736200384 read: Biscuits
Thread with TID = 138816767657664 read: Canned Fruit
Thread with TID = 138816128026304 read: Pickles
Thread with TID = 138816457279168 read: Canned Fish
Thread with TID = 138816138512064 read: Chocolate Spread
Thread with TID = 138816117540544 read: Chocolates
Thread with TID = 138816778143424 read: Coffee Beans
Thread with TID = 138817994491584 read: Soy Milk
Thread with TID = 138816799114944 read: Peanut Butter
