Process PID: 11184
Thread with TID = 125316381017792 read: Eggs
Thread with TID = 125316339074752 read: Chicken Nuggets
Thread with TID = 125316401989312 read: Cooking Wine
Thread with TID = 125316318103232 read: Fish Fingers
Thread with TID = 125316370532032 read: Sugar
Thread with TID = 125316360046272 read: Canned Beans
Thread with TID = 125316307617472 read: Instant Coffee
Thread with TID = 125316422960832 read: Sunflower Seeds
Thread with TID = 125316070639296 read: Rice Cakes
Thread with TID = 125316204857024 read: Cake Mix
Thread with TID = 125316297131712 read: Stock Cubes
Thread with TID = 125316183885504 read: Frozen Vegetables
Thread with TID = 125316162913984 read: Chicken Stock
Thread with TID = 125316328588992 read: Dried Fruits
Thread with TID = 125316391503552 read: Baking Powder
Thread with TID = 125316286645952 read: Wheat Flour
Thread with TID = 125316060153536 read: Milk
Thread with TID = 125316049667776 read: Ketchup
Thread with TID = 125316349560512 read: Cinnamon
Thread with TID = 125316412475072 read: Coffee Beans
Thread with TID = 125316433446592 read: Mustard
Thread with TID = 125316194371264 read: Pasta
Thread with TID = 125316152428224 read: Mints
Thread with TID = 125315579905728 read: Frozen Pizza
Thread with TID = 125315548448448 read: Almonds
Thread with TID = 125315760260800 read: Flavored Water
Thread with TID = 125315569419968 read: Turmeric
Thread with TID = 125315558934208 read: Powdered Milk
Thread with TID = 125315466659520 read: Frozen Berries
Thread with TID = 125315781232320 read: Canned Fruit
Thread with TID = 125315332441792 read: Herbal Tea
Thread with TID = 125315445688000 read: Spices
Thread with TID = 125315424716480 read: Canned Fish
Thread with TID = 125315435202240 read: Jam
Thread with TID = 125316039182016 read: Raisins
Thread with TID = 125316028696256 read: Soy Sauce
Thread with TID = 125316018210496 read: Almond Milk
Thread with TID = 125315802203840 read: Popcorn
Thread with TID = 125315791718080 read: Coffee
Thread with TID = 125315770746560 read: Vinegar
Thread with TID = 125315749775040 read: Soup Mix
Thread with TID = 125315600877248 read: Cashews
Thread with TID = 125315590391488 read: Salt
Thread with TID = 125315456173760 read: Tea
Thread with TID = 125315414230720 read: Cookies
Thread with TID = 125315321956032 read: Olive Oil Spray
Thread with TID = 125315311470272 read: Bread
Thread with TID = 125315300984512 read: Rice
Thread with TID = 125316173399744 read: Hot Sauce
Thread with TID = 125315187738304 read: Black Tea
Thread with TID = 125315280012992 read: Brownie Mix
Thread with TID = 125315166766784 read: Energy Drinks
Thread with TID = 125315145795264 read: Chips
Thread with TID = 125315177252544 read: Crackers
Thread with TID = 125315156281024 read: Cooking Oil
Thread with TID = 125315053520576 read: Soft Drinks
Thread with TID = 125315064006336 read: Granola Bars
Thread with TID = 125315043034816 read: Candies
Thread with TID = 125314898331328 read: Green Tea
Thread with TID = 125315011577536 read: Protein Bars
Thread with TID = 125314877359808 read: Oats
Thread with TID = 125315032549056 read: Butter
Thread with TID = 125314908817088 read: Soy Milk
Thread with TID = 125315022063296 read: Fruit Juice
Thread with TID = 125314919302848 read: Chocolate Spread
Thread with TID = 125314887845568 read: Ice Cream
Thread with TID = 125315198224064 read: Pickles
Thread with TID = 125315290498752 read: Biscuits
Thread with TID = 125314929788608 read: Peanut Butter
Thread with TID = 125314795570880 read: Beef Stock
Thread with TID = 125314743142080 read: Lollipops
Thread with TID = 125314753627840 read: Ground Coffee
Thread with TID = 125314661353152 read: Vegetable Stock
Thread with TID = 125314774599360 read: Coconut Milk
Thread with TID = 125314764113600 read: Canned Soup
Thread with TID = 125314785085120 read: Noodles
Thread with TID = 125314640381632 read: Marshmallows
Thread with TID = 125314650867392 read: Pumpkin Seeds
Thread with TID = 125314629895872 read: Quinoa
Thread with TID = 125314619410112 read: Energy Bars
Thread with TID = 125314608924352 read: Pistachios
Thread with TID = 125314527135424 read: Yogurt
Thread with TID = 125314506163904 read: Honey
Thread with TID = 125314516649664 read: Chocolates
Thread with TID = 125314495678144 read: Walnuts
Thread with TID = 125314485192384 read: Pancake Mix
Thread with TID = 125314474706624 read: Herbs
Thread with TID = 125314392917696 read: Cereal
Thread with TID = 125314371946176 read: Cheese
Thread with TID = 125314361460416 read: Burger Patties
Thread with TID = 125314382431936 read: Chia Seeds
Thread with TID = 125314350974656 read: Black Pepper
Thread with TID = 125314340488896 read: Yeast
