Process PID: 13354
Thread with TID = 134536375568064 read: Mustard
Thread with TID = 134536344110784 read: Cooking Wine
Thread with TID = 134536365082304 read: Sunflower Seeds
Thread with TID = 134536333625024 read: Baking Powder
Thread with TID = 134536354596544 read: Coffee Beans
Thread with TID = 134536270710464 read: Dried Fruits
Thread with TID = 134536249738944 read: Instant Coffee
Thread with TID = 134536228767424 read: Wheat Flour
Thread with TID = 134536312653504 read: Sugar
Thread with TID = 134536291681984 read: Cinnamon
Thread with TID = 134536218281664 read: Cake Mix
Thread with TID = 134536323139264 read: Eggs
Thread with TID = 134536207795904 read: Pasta
Thread with TID = 134536197310144 read: Frozen Vegetables
Thread with TID = 134536090355392 read: Mints
Thread with TID = 134535956137664 read: Almond Milk
Thread with TID = 134536260224704 read: Fish Fingers
Thread with TID = 134536281196224 read: Chicken Nuggets
Thread with TID = 134536079869632 read: Rice Cakes
Thread with TID = 134536058898112 read: Ketchup
Thread with TID = 134536069383872 read: Milk
Thread with TID = 134536037926592 read: Soy Sauce
Thread with TID = 134535945651904 read: Popcorn
Thread with TID = 134536239253184 read: Stock Cubes
Thread with TID = 134536176338624 read: Chicken Stock
Thread with TID = 134535924680384 read: Canned Fruit
Thread with TID = 134535811434176 read: Cashews
Thread with TID = 134535677216448 read: Frozen Berries
Thread with TID = 134535790462656 read: Frozen Pizza
Thread with TID = 134535614301888 read: Herbal Tea
Thread with TID = 134535779976896 read: Turmeric
Thread with TID = 134535666730688 read: Tea
Thread with TID = 134535687702208 read: Almonds
Thread with TID = 134536302167744 read: Canned Beans
Thread with TID = 134535603816128 read: Olive Oil Spray
Thread with TID = 134536048412352 read: Raisins
Thread with TID = 134535645759168 read: Jam
Thread with TID = 134535656244928 read: Spices
Thread with TID = 134535593330368 read: Bread
Thread with TID = 134535635273408 read: Canned Fish
Thread with TID = 134535914194624 read: Vinegar
Thread with TID = 134535769491136 read: Powdered Milk
Thread with TID = 134535572358848 read: Biscuits
Thread with TID = 134535624787648 read: Cookies
Thread with TID = 134535561873088 read: Brownie Mix
Thread with TID = 134535903708864 read: Flavored Water
Thread with TID = 134535821919936 read: Soup Mix
Thread with TID = 134535582844608 read: Rice
Thread with TID = 134535800948416 read: Salt
Thread with TID = 134535551387328 read: Black Tea
Thread with TID = 134535540901568 read: Crackers
Thread with TID = 134535331186368 read: Candies
Thread with TID = 134535341672128 read: Soft Drinks
Thread with TID = 134535419266752 read: Pickles
Thread with TID = 134535530415808 read: Energy Drinks
Thread with TID = 134535257786048 read: Green Tea
Thread with TID = 134535268271808 read: Soy Milk
Thread with TID = 134535310214848 read: Fruit Juice
Thread with TID = 134535519930048 read: Cooking Oil
Thread with TID = 134535509444288 read: Chips
Thread with TID = 134535498958528 read: Granola Bars
Thread with TID = 134535289243328 read: Peanut Butter
Thread with TID = 134535299729088 read: Protein Bars
Thread with TID = 134535278757568 read: Chocolate Spread
Thread with TID = 134535320700608 read: Butter
Thread with TID = 134535247300288 read: Ice Cream
Thread with TID = 134535935166144 read: Coffee
Thread with TID = 134536186824384 read: Hot Sauce
Thread with TID = 134535387809472 read: Noodles
Thread with TID = 134535129859776 read: Marshmallows
Thread with TID = 134535356352192 read: Ground Coffee
Thread with TID = 134535408780992 read: Oats
Thread with TID = 134535236814528 read: Lollipops
Thread with TID = 134535006127808 read: Chocolates
Thread with TID = 134535016613568 read: Yogurt
Thread with TID = 134535150831296 read: Vegetable Stock
Thread with TID = 134535140345536 read: Pumpkin Seeds
Thread with TID = 134535119374016 read: Quinoa
Thread with TID = 134535398295232 read: Beef Stock
Thread with TID = 134535377323712 read: Coconut Milk
Thread with TID = 134535366837952 read: Canned Soup
Thread with TID = 134535098402496 read: Pistachios
Thread with TID = 134534995642048 read: Honey
Thread with TID = 134535108888256 read: Energy Bars
Thread with TID = 134534985156288 read: Walnuts
Thread with TID = 134534974670528 read: Pancake Mix
Thread with TID = 134534964184768 read: Herbs
Thread with TID = 134534953699008 read: Cereal
Thread with TID = 134534943213248 read: Chia Seeds
Thread with TID = 134534922241728 read: Burger Patties
Thread with TID = 134534901270208 read: Yeast
Thread with TID = 134534911755968 read: Black Pepper
Thread with TID = 134534932727488 read: Cheese
