Process PID: 8949
Thread with TID = 137040431679168 read: Chicken Nuggets
Thread with TID = 137040484107968 read: Baking Powder
Thread with TID = 137040526051008 read: Mustard
Thread with TID = 137040515565248 read: Sunflower Seeds
Thread with TID = 137040505079488 read: Coffee Beans
Thread with TID = 137040314238656 read: Stock Cubes
Thread with TID = 137040442164928 read: Cinnamon
Thread with TID = 137040494593728 read: Cooking Wine
Thread with TID = 137040452650688 read: Canned Beans
Thread with TID = 137040410707648 read: Fish Fingers
Thread with TID = 137040190506688 read: Wheat Flour
Thread with TID = 137040303752896 read: Cake Mix
Thread with TID = 137040463136448 read: Sugar
Thread with TID = 137040473622208 read: Eggs
Thread with TID = 137040421193408 read: Dried Fruits
Thread with TID = 137040035317440 read: Mints
Thread with TID = 137040293267136 read: Pasta
Thread with TID = 137040282781376 read: Frozen Vegetables
Thread with TID = 137040272295616 read: Hot Sauce
Thread with TID = 137040045803200 read: Chicken Stock
Thread with TID = 137039890613952 read: Rice Cakes
Thread with TID = 137040159049408 read: Raisins
Thread with TID = 137040138077888 read: Almond Milk
Thread with TID = 137040148563648 read: Soy Sauce
Thread with TID = 137040056288960 read: Popcorn
Thread with TID = 137040014345920 read: Canned Fruit
Thread with TID = 137040024831680 read: Coffee
Thread with TID = 137039911585472 read: Soup Mix
Thread with TID = 137040180020928 read: Milk
Thread with TID = 137040324724416 read: Instant Coffee
Thread with TID = 137040169535168 read: Ketchup
Thread with TID = 137039922071232 read: Flavored Water
Thread with TID = 137039880128192 read: Salt
Thread with TID = 137039901099712 read: Cashews
Thread with TID = 137040003860160 read: Vinegar
Thread with TID = 137039869642432 read: Frozen Pizza
Thread with TID = 137039787853504 read: Turmeric
Thread with TID = 137039766881984 read: Almonds
Thread with TID = 137039777367744 read: Powdered Milk
Thread with TID = 137039756396224 read: Frozen Berries
Thread with TID = 137039745910464 read: Tea
Thread with TID = 137039735424704 read: Spices
Thread with TID = 137039643150016 read: Canned Fish
Thread with TID = 137039632664256 read: Cookies
Thread with TID = 137039611692736 read: Olive Oil Spray
Thread with TID = 137039601206976 read: Bread
Thread with TID = 137039653635776 read: Jam
Thread with TID = 137039622178496 read: Herbal Tea
Thread with TID = 137039580235456 read: Biscuits
Thread with TID = 137039590721216 read: Rice
Thread with TID = 137039569749696 read: Brownie Mix
Thread with TID = 137039559263936 read: Pickles
Thread with TID = 137039548778176 read: Black Tea
Thread with TID = 137039538292416 read: Crackers
Thread with TID = 137039527806656 read: Energy Drinks
Thread with TID = 137039517320896 read: Cooking Oil
Thread with TID = 137039506835136 read: Chips
Thread with TID = 137039496349376 read: Granola Bars
Thread with TID = 137039485863616 read: Soft Drinks
Thread with TID = 137039475377856 read: Candies
Thread with TID = 137039443920576 read: Protein Bars
Thread with TID = 137039433434816 read: Peanut Butter
Thread with TID = 137039454406336 read: Fruit Juice
Thread with TID = 137039401977536 read: Green Tea
Thread with TID = 137039412463296 read: Soy Milk
Thread with TID = 137039391491776 read: Ice Cream
Thread with TID = 137039370520256 read: Beef Stock
Thread with TID = 137039464892096 read: Butter
Thread with TID = 137039422949056 read: Chocolate Spread
Thread with TID = 137039381006016 read: Oats
Thread with TID = 137039360034496 read: Noodles
Thread with TID = 137039349548736 read: Coconut Milk
Thread with TID = 137039339062976 read: Canned Soup
Thread with TID = 137039307605696 read: Vegetable Stock
Thread with TID = 137039318091456 read: Lollipops
Thread with TID = 137039297119936 read: Pumpkin Seeds
Thread with TID = 137039286634176 read: Marshmallows
Thread with TID = 137039328577216 read: Ground Coffee
Thread with TID = 137039276148416 read: Quinoa
Thread with TID = 137039265662656 read: Energy Bars
Thread with TID = 137039234205376 read: Chocolates
Thread with TID = 137039255176896 read: Pistachios
Thread with TID = 137039244691136 read: Yogurt
Thread with TID = 137039213233856 read: Walnuts
Thread with TID = 137039223719616 read: Honey
Thread with TID = 137039192262336 read: Herbs
Thread with TID = 137039181776576 read: Cereal
Thread with TID = 137039202748096 read: Pancake Mix
Thread with TID = 137039171290816 read: Chia Seeds
Thread with TID = 137039129347776 read: Yeast
Thread with TID = 137039160805056 read: Cheese
Thread with TID = 137039139833536 read: Black Pepper
Thread with TID = 137039150319296 read: Burger Patties
