Process PID: 15532
Thread with TID = 138243716679360 read: Mustard
Thread with TID = 138243685222080 read: Cooking Wine
Thread with TID = 138243706193600 read: Sunflower Seeds
Thread with TID = 138243695707840 read: Coffee Beans
Thread with TID = 138243580364480 read: Stock Cubes
Thread with TID = 138243653764800 read: Sugar
Thread with TID = 138243664250560 read: Eggs
Thread with TID = 138243622307520 read: Chicken Nuggets
Thread with TID = 138243643279040 read: Canned Beans
Thread with TID = 138243601336000 read: Fish Fingers
Thread with TID = 138243590850240 read: Instant Coffee
Thread with TID = 138243548907200 read: Pasta
Thread with TID = 138243538421440 read: Frozen Vegetables
Thread with TID = 138243527935680 read: Hot Sauce
Thread with TID = 138243632793280 read: Cinnamon
Thread with TID = 138243611821760 read: Dried Fruits
Thread with TID = 138243569878720 read: Wheat Flour
Thread with TID = 138243674736320 read: Baking Powder
Thread with TID = 138243475506880 read: Ketchup
Thread with TID = 138243496478400 read: Rice Cakes
Thread with TID = 138243485992640 read: Milk
Thread with TID = 138243559392960 read: Cake Mix
Thread with TID = 138243364357824 read: Popcorn
Thread with TID = 138243385329344 read: Soy Sauce
Thread with TID = 138243343386304 read: Canned Fruit
Thread with TID = 138243251111616 read: Flavored Water
Thread with TID = 138243240625856 read: Soup Mix
Thread with TID = 138243465021120 read: Raisins
Thread with TID = 138243374843584 read: Almond Milk
Thread with TID = 138243517449920 read: Chicken Stock
Thread with TID = 138243332900544 read: Vinegar
Thread with TID = 138243064465088 read: Turmeric
Thread with TID = 138243219654336 read: Salt
Thread with TID = 138243506964160 read: Mints
Thread with TID = 138243230140096 read: Cashews
Thread with TID = 138243198682816 read: Powdered Milk
Thread with TID = 138243116893888 read: Almonds
Thread with TID = 138243106408128 read: Frozen Berries
Thread with TID = 138243353872064 read: Coffee
Thread with TID = 138242982676160 read: Canned Fish
Thread with TID = 138243209168576 read: Frozen Pizza
Thread with TID = 138243074950848 read: Jam
Thread with TID = 138243095922368 read: Tea
Thread with TID = 138242951218880 read: Olive Oil Spray
Thread with TID = 138242972190400 read: Cookies
Thread with TID = 138242930247360 read: Rice
Thread with TID = 138242837972672 read: Brownie Mix
Thread with TID = 138242827486912 read: Pickles
Thread with TID = 138242817001152 read: Black Tea
Thread with TID = 138242848458432 read: Biscuits
Thread with TID = 138242940733120 read: Bread
Thread with TID = 138242961704640 read: Herbal Tea
Thread with TID = 138243085436608 read: Spices
Thread with TID = 138242796029632 read: Energy Drinks
Thread with TID = 138242703754944 read: Chips
Thread with TID = 138242714240704 read: Cooking Oil
Thread with TID = 138242806515392 read: Crackers
Thread with TID = 138242682783424 read: Soft Drinks
Thread with TID = 138242661811904 read: Butter
Thread with TID = 138242580022976 read: Fruit Juice
Thread with TID = 138242693269184 read: Granola Bars
Thread with TID = 138242672297664 read: Candies
Thread with TID = 138242548565696 read: Chocolate Spread
Thread with TID = 138242527594176 read: Green Tea
Thread with TID = 138242538079936 read: Soy Milk
Thread with TID = 138242559051456 read: Peanut Butter
Thread with TID = 138242569537216 read: Protein Bars
Thread with TID = 138242517108416 read: Ice Cream
Thread with TID = 138242506622656 read: Oats
Thread with TID = 138242496136896 read: Beef Stock
Thread with TID = 138242464679616 read: Canned Soup
Thread with TID = 138242485651136 read: Noodles
Thread with TID = 138242443708096 read: Lollipops
Thread with TID = 138242475165376 read: Coconut Milk
Thread with TID = 138242433222336 read: Vegetable Stock
Thread with TID = 138242412250816 read: Marshmallows
Thread with TID = 138242454193856 read: Ground Coffee
Thread with TID = 138242328364736 read: Pancake Mix
Thread with TID = 138242401765056 read: Quinoa
Thread with TID = 138242286421696 read: Cheese
Thread with TID = 138242317878976 read: Herbs
Thread with TID = 138242307393216 read: Cereal
Thread with TID = 138242391279296 read: Energy Bars
Thread with TID = 138242296907456 read: Chia Seeds
Thread with TID = 138242380793536 read: Pistachios
Thread with TID = 138242275935936 read: Burger Patties
Thread with TID = 138242254964416 read: Yeast
Thread with TID = 138242422736576 read: Pumpkin Seeds
Thread with TID = 138242359822016 read: Chocolates
Thread with TID = 138242370307776 read: Yogurt
Thread with TID = 138242349336256 read: Honey
Thread with TID = 138242338850496 read: Walnuts
Thread with TID = 138242265450176 read: Black Pepper
