Process PID: 6163
Thread with TID = 125075900597952 read: Cooking Wine
Thread with TID = 125075932055232 read: Mustard
Thread with TID = 125075879626432 read: Eggs
Thread with TID = 125075921569472 read: Sunflower Seeds
Thread with TID = 125075774768832 read: Cake Mix
Thread with TID = 125075552470720 read: Pasta
Thread with TID = 125075806226112 read: Instant Coffee
Thread with TID = 125075869140672 read: Sugar
Thread with TID = 125075837683392 read: Chicken Nuggets
Thread with TID = 125075858654912 read: Canned Beans
Thread with TID = 125075795740352 read: Stock Cubes
Thread with TID = 125075785254592 read: Wheat Flour
Thread with TID = 125075890112192 read: Baking Powder
Thread with TID = 125075848169152 read: Cinnamon
Thread with TID = 125075827197632 read: Dried Fruits
Thread with TID = 125075816711872 read: Fish Fingers
Thread with TID = 125075541984960 read: Frozen Vegetables
Thread with TID = 125075665716928 read: Rice Cakes
Thread with TID = 125075500041920 read: Popcorn
Thread with TID = 125075407767232 read: Canned Fruit
Thread with TID = 125075644745408 read: Ketchup
Thread with TID = 125075365824192 read: Cashews
Thread with TID = 125075397281472 read: Vinegar
Thread with TID = 125075273549504 read: Frozen Pizza
Thread with TID = 125075231606464 read: Frozen Berries
Thread with TID = 125075386795712 read: Flavored Water
Thread with TID = 125075221120704 read: Tea
Thread with TID = 125075510527680 read: Almond Milk
Thread with TID = 125075252577984 read: Powdered Milk
Thread with TID = 125075242092224 read: Almonds
Thread with TID = 125075284035264 read: Salt
Thread with TID = 125075911083712 read: Coffee Beans
Thread with TID = 125075200149184 read: Jam
Thread with TID = 125075210634944 read: Spices
Thread with TID = 125075263063744 read: Turmeric
Thread with TID = 125075531499200 read: Hot Sauce
Thread with TID = 125075189663424 read: Canned Fish
Thread with TID = 125075686688448 read: Chicken Stock
Thread with TID = 125075676202688 read: Mints
Thread with TID = 125075655231168 read: Milk
Thread with TID = 125075634259648 read: Raisins
Thread with TID = 125075521013440 read: Soy Sauce
Thread with TID = 125075418252992 read: Coffee
Thread with TID = 125075376309952 read: Soup Mix
Thread with TID = 125075179177664 read: Cookies
Thread with TID = 125075168691904 read: Herbal Tea
Thread with TID = 125075147720384 read: Bread
Thread with TID = 125075116263104 read: Brownie Mix
Thread with TID = 125075053348544 read: Chips
Thread with TID = 125075137234624 read: Rice
Thread with TID = 125075084805824 read: Crackers
Thread with TID = 125075095291584 read: Black Tea
Thread with TID = 125075032377024 read: Soft Drinks
Thread with TID = 125075000919744 read: Fruit Juice
Thread with TID = 125074990433984 read: Protein Bars
Thread with TID = 125075011405504 read: Butter
Thread with TID = 125075063834304 read: Cooking Oil
Thread with TID = 125074979948224 read: Peanut Butter
Thread with TID = 125074958976704 read: Soy Milk
Thread with TID = 125074948490944 read: Green Tea
Thread with TID = 125075126748864 read: Biscuits
Thread with TID = 125075158206144 read: Olive Oil Spray
Thread with TID = 125075105777344 read: Pickles
Thread with TID = 125074969462464 read: Chocolate Spread
Thread with TID = 125074938005184 read: Ice Cream
Thread with TID = 125074917033664 read: Beef Stock
Thread with TID = 125074875090624 read: Lollipops
Thread with TID = 125074885576384 read: Canned Soup
Thread with TID = 125074854119104 read: Pumpkin Seeds
Thread with TID = 125074906547904 read: Noodles
Thread with TID = 125074843633344 read: Marshmallows
Thread with TID = 125074705221312 read: Chocolates
Thread with TID = 125074896062144 read: Coconut Milk
Thread with TID = 125074612946624 read: Walnuts
Thread with TID = 125074602460864 read: Pancake Mix
Thread with TID = 125074927519424 read: Oats
Thread with TID = 125074833147584 read: Quinoa
Thread with TID = 125075042862784 read: Granola Bars
Thread with TID = 125074726192832 read: Pistachios
Thread with TID = 125074736678592 read: Energy Bars
Thread with TID = 125074715707072 read: Yogurt
Thread with TID = 125075074320064 read: Energy Drinks
Thread with TID = 125074747164352 read: Ground Coffee
Thread with TID = 125074581489344 read: Cereal
Thread with TID = 125074864604864 read: Vegetable Stock
Thread with TID = 125074694735552 read: Honey
Thread with TID = 125074591975104 read: Herbs
Thread with TID = 125075021891264 read: Candies
Thread with TID = 125074571003584 read: Chia Seeds
Thread with TID = 125074478728896 read: Burger Patties
Thread with TID = 125074457757376 read: Yeast
Thread with TID = 125074468243136 read: Black Pepper
Thread with TID = 125074560517824 read: Cheese
