Process PID: 18007
Thread with TID = 132214478079680 read: Mustard
Thread with TID = 132214467593920 read: Sunflower Seeds
Thread with TID = 132214394193600 read: Cinnamon
Thread with TID = 132214383707840 read: Chicken Nuggets
Thread with TID = 132214446622400 read: Cooking Wine
Thread with TID = 132214373222080 read: Dried Fruits
Thread with TID = 132214362736320 read: Fish Fingers
Thread with TID = 132214457108160 read: Coffee Beans
Thread with TID = 132214341764800 read: Stock Cubes
Thread with TID = 132214425650880 read: Eggs
Thread with TID = 132214436136640 read: Baking Powder
Thread with TID = 132214404679360 read: Canned Beans
Thread with TID = 132214257878720 read: Wheat Flour
Thread with TID = 132214247392960 read: Cake Mix
Thread with TID = 132214415165120 read: Sugar
Thread with TID = 132214236907200 read: Pasta
Thread with TID = 132214113175232 read: Rice Cakes
Thread with TID = 132214226421440 read: Frozen Vegetables
Thread with TID = 132214205449920 read: Chicken Stock
Thread with TID = 132214215935680 read: Hot Sauce
Thread with TID = 132214081717952 read: Raisins
Thread with TID = 132214102689472 read: Milk
Thread with TID = 132214071232192 read: Soy Sauce
Thread with TID = 132214123660992 read: Mints
Thread with TID = 132213957985984 read: Canned Fruit
Thread with TID = 132213989443264 read: Almond Milk
Thread with TID = 132213947500224 read: Vinegar
Thread with TID = 132213937014464 read: Flavored Water
Thread with TID = 132213916042944 read: Cashews
Thread with TID = 132213926528704 read: Soup Mix
Thread with TID = 132214092203712 read: Ketchup
Thread with TID = 132213968471744 read: Coffee
Thread with TID = 132213978957504 read: Popcorn
Thread with TID = 132213905557184 read: Salt
Thread with TID = 132214352250560 read: Instant Coffee
Thread with TID = 132213895071424 read: Frozen Pizza
Thread with TID = 132213874099904 read: Powdered Milk
Thread with TID = 132213863614144 read: Almonds
Thread with TID = 132213853128384 read: Frozen Berries
Thread with TID = 132213832156864 read: Spices
Thread with TID = 132213884585664 read: Turmeric
Thread with TID = 132213842642624 read: Tea
Thread with TID = 132213779728064 read: Olive Oil Spray
Thread with TID = 132213821671104 read: Jam
Thread with TID = 132213790213824 read: Herbal Tea
Thread with TID = 132213811185344 read: Canned Fish
Thread with TID = 132213758756544 read: Rice
Thread with TID = 132213769242304 read: Bread
Thread with TID = 132213748270784 read: Biscuits
Thread with TID = 132213800699584 read: Cookies
Thread with TID = 132213737785024 read: Brownie Mix
Thread with TID = 132213727299264 read: Pickles
Thread with TID = 132213716813504 read: Black Tea
Thread with TID = 132213695841984 read: Energy Drinks
Thread with TID = 132213685356224 read: Cooking Oil
Thread with TID = 132213674870464 read: Chips
Thread with TID = 132213706327744 read: Crackers
Thread with TID = 132213653898944 read: Soft Drinks
Thread with TID = 132213664384704 read: Granola Bars
Thread with TID = 132213601470144 read: Peanut Butter
Thread with TID = 132213590984384 read: Chocolate Spread
Thread with TID = 132213643413184 read: Candies
Thread with TID = 132213570012864 read: Green Tea
Thread with TID = 132213611955904 read: Protein Bars
Thread with TID = 132213622441664 read: Fruit Juice
Thread with TID = 132213580498624 read: Soy Milk
Thread with TID = 132213632927424 read: Butter
Thread with TID = 132213559527104 read: Ice Cream
Thread with TID = 132213538555584 read: Beef Stock
Thread with TID = 132213528069824 read: Noodles
Thread with TID = 132213507098304 read: Canned Soup
Thread with TID = 132213486126784 read: Lollipops
Thread with TID = 132213517584064 read: Coconut Milk
Thread with TID = 132213549041344 read: Oats
Thread with TID = 132213496612544 read: Ground Coffee
Thread with TID = 132213475641024 read: Vegetable Stock
Thread with TID = 132213465155264 read: Pumpkin Seeds
Thread with TID = 132213454669504 read: Marshmallows
Thread with TID = 132213423212224 read: Pistachios
Thread with TID = 132213370783424 read: Pancake Mix
Thread with TID = 132213391754944 read: Honey
Thread with TID = 132213444183744 read: Quinoa
Thread with TID = 132213339326144 read: Chia Seeds
Thread with TID = 132213433697984 read: Energy Bars
Thread with TID = 132213328840384 read: Cheese
Thread with TID = 132213412726464 read: Yogurt
Thread with TID = 132213402240704 read: Chocolates
Thread with TID = 132213307868864 read: Black Pepper
Thread with TID = 132213297383104 read: Yeast
Thread with TID = 132213381269184 read: Walnuts
Thread with TID = 132213360297664 read: Herbs
Thread with TID = 132213318354624 read: Burger Patties
Thread with TID = 132213349811904 read: Cereal
