Process PID: 14943
Thread with TID = 131712405210816 read: Soy Milk
Thread with TID = 131711885117120 read: Cooking Oil
Thread with TID = 131711864145600 read: Cake Mix
Thread with TID = 131711853659840 read: Beef Stock
Thread with TID = 131711801231040 read: Honey
Thread with TID = 131711843174080 read: Almond Milk
Thread with TID = 131711727830720 read: Yogurt
Thread with TID = 131711790745280 read: Protein Bars
Thread with TID = 131711748802240 read: Canned Soup
Thread with TID = 131711811716800 read: Walnuts
Thread with TID = 131712394725056 read: Bread
Thread with TID = 131712384239296 read: Pancake Mix
Thread with TID = 131712373753536 read: Instant Coffee
Thread with TID = 131711717344960 read: Burger Patties
Thread with TID = 131711612487360 read: Canned Beans
Thread with TID = 131711581030080 read: Turmeric
Thread with TID = 131711560058560 read: Cereal
Thread with TID = 131712363267776 read: Sunflower Seeds
Thread with TID = 131712283576000 read: Black Tea
Thread with TID = 131712273090240 read: Fruit Juice
Thread with TID = 131712262604480 read: Spices
Thread with TID = 131712252118720 read: Marshmallows
Thread with TID = 131712231147200 read: Fish Fingers
Thread with TID = 131712241632960 read: Cashews
Thread with TID = 131712220661440 read: Pumpkin Seeds
Thread with TID = 131712210175680 read: Ketchup
Thread with TID = 131711411160768 read: Salt
Thread with TID = 131711591515840 read: Black Pepper
Thread with TID = 131711696373440 read: Rice Cakes
Thread with TID = 131711706859200 read: Candies
Thread with TID = 131711570544320 read: Milk
Thread with TID = 131711602001600 read: Cookies
Thread with TID = 131711769773760 read: Peanut Butter
Thread with TID = 131711400675008 read: Baking Powder
Thread with TID = 131711390189248 read: Pistachios
Thread with TID = 131712084346560 read: Dried Fruits
Thread with TID = 131712073860800 read: Cheese
Thread with TID = 131712021432000 read: Almonds
Thread with TID = 131712010946240 read: Noodles
Thread with TID = 131712000460480 read: Cooking Wine
Thread with TID = 131711989974720 read: Rice
Thread with TID = 131711979488960 read: Mustard
Thread with TID = 131711969003200 read: Butter
Thread with TID = 131711832688320 read: Brownie Mix
Thread with TID = 131711822202560 read: Pasta
Thread with TID = 131711958517440 read: Granola Bars
Thread with TID = 131711948031680 read: Popcorn
Thread with TID = 131711738316480 read: Raisins
Thread with TID = 131711927060160 read: Eggs
Thread with TID = 131711916574400 read: Vinegar
Thread with TID = 131711906088640 read: Lollipops
Thread with TID = 131711895602880 read: Soup Mix
Thread with TID = 131711874631360 read: Flavored Water
Thread with TID = 131711780259520 read: Energy Drinks
Thread with TID = 131711759288000 read: Powdered Milk
Thread with TID = 131711937545920 read: Chips
Thread with TID = 131712199689920 read: Oats
Thread with TID = 131712178718400 read: Wheat Flour
Thread with TID = 131712189204160 read: Chicken Nuggets
Thread with TID = 131712168232640 read: Jam
Thread with TID = 131712115803840 read: Ground Coffee
Thread with TID = 131712157746880 read: Olive Oil Spray
Thread with TID = 131712147261120 read: Frozen Pizza
Thread with TID = 131712126289600 read: Soft Drinks
Thread with TID = 131712136775360 read: Coconut Milk
Thread with TID = 131712105318080 read: Sugar
Thread with TID = 131712094832320 read: Soy Sauce
Thread with TID = 131711379703488 read: Frozen Vegetables
Thread with TID = 131711008507584 read: Hot Sauce
Thread with TID = 131712031917760 read: Green Tea
Thread with TID = 131710765237952 read: Pickles
Thread with TID = 131710807180992 read: Herbs
Thread with TID = 131710786209472 read: Yeast
Thread with TID = 131710775723712 read: Chocolate Spread
Thread with TID = 131710796695232 read: Energy Bars
Thread with TID = 131710956078784 read: Stock Cubes
Thread with TID = 131710977050304 read: Ice Cream
Thread with TID = 131711209834176 read: Canned Fruit
Thread with TID = 131711188862656 read: Chia Seeds
Thread with TID = 131710998021824 read: Coffee
Thread with TID = 131711369217728 read: Quinoa
Thread with TID = 131711358731968 read: Coffee Beans
Thread with TID = 131711199348416 read: Chicken Stock
Thread with TID = 131711178376896 read: Biscuits
Thread with TID = 131711167891136 read: Crackers
Thread with TID = 131711157405376 read: Canned Fish
Thread with TID = 131710987536064 read: Vegetable Stock
Thread with TID = 131710966564544 read: Frozen Berries
Thread with TID = 131710605854400 read: Tea
Thread with TID = 131710754752192 read: Chocolates
Thread with TID = 131712052889280 read: Cinnamon
Thread with TID = 131712063375040 read: Herbal Tea
Thread with TID = 131712042403520 read: Mints
