Process PID: 136047
Thread with TID = 140737337362112 read: Sunflower Seeds
Thread with TID = 140737192658624 read: Coffee Beans
Thread with TID = 140737347847872 read: Mustard
Thread with TID = 140737217824448 read: Sugar
Thread with TID = 140737326876352 read: Cooking Wine
Thread with TID = 140737207338688 read: Canned Beans
Thread with TID = 140737316390592 read: Baking Powder
Thread with TID = 140737305904832 read: Eggs
Thread with TID = 140737041663680 read: Wheat Flour
Thread with TID = 140737010206400 read: Frozen Vegetables
Thread with TID = 140737031177920 read: Cake Mix
Thread with TID = 140736989234880 read: Chicken Stock
Thread with TID = 140737182172864 read: Cinnamon
Thread with TID = 140737171687104 read: Chicken Nuggets
Thread with TID = 140736999720640 read: Hot Sauce
Thread with TID = 140736978749120 read: Mints
Thread with TID = 140737083606720 read: Dried Fruits
Thread with TID = 140736968263360 read: Rice Cakes
Thread with TID = 140736947291840 read: Ketchup
Thread with TID = 140737052149440 read: Stock Cubes
Thread with TID = 140736957777600 read: Milk
Thread with TID = 140737020692160 read: Pasta
Thread with TID = 140737073120960 read: Fish Fingers
Thread with TID = 140736936806080 read: Raisins
Thread with TID = 140736597067456 read: Powdered Milk
Thread with TID = 140736576095936 read: Frozen Berries
Thread with TID = 140736915834560 read: Almond Milk
Thread with TID = 140736926320320 read: Soy Sauce
Thread with TID = 140736905348800 read: Popcorn
Thread with TID = 140736894863040 read: Coffee
Thread with TID = 140736618038976 read: Frozen Pizza
Thread with TID = 140736680953536 read: Canned Fruit
Thread with TID = 140736628524736 read: Salt
Thread with TID = 140736659982016 read: Flavored Water
Thread with TID = 140736649496256 read: Soup Mix
Thread with TID = 140736523667136 read: Cookies
Thread with TID = 140736492209856 read: Bread
Thread with TID = 140736555124416 read: Spices
Thread with TID = 140736565610176 read: Tea
Thread with TID = 140736471238336 read: Biscuits
Thread with TID = 140736481724096 read: Rice
Thread with TID = 140736544638656 read: Jam
Thread with TID = 140736460752576 read: Brownie Mix
Thread with TID = 140736534152896 read: Canned Fish
Thread with TID = 140736502695616 read: Olive Oil Spray
Thread with TID = 140736670467776 read: Vinegar
Thread with TID = 140736639010496 read: Cashews
Thread with TID = 140736607553216 read: Turmeric
Thread with TID = 140736513181376 read: Herbal Tea
Thread with TID = 140737062635200 read: Instant Coffee
Thread with TID = 140736586581696 read: Almonds
Thread with TID = 140736815171264 read: Pickles
Thread with TID = 140736450266816 read: Granola Bars
Thread with TID = 140736439781056 read: Soft Drinks
Thread with TID = 140736429295296 read: Candies
Thread with TID = 140736056002240 read: Protein Bars
Thread with TID = 140736035030720 read: Chocolate Spread
Thread with TID = 140736762742464 read: Chips
Thread with TID = 140736066488000 read: Fruit Juice
Thread with TID = 140736024544960 read: Soy Milk
Thread with TID = 140736076973760 read: Butter
Thread with TID = 140736003573440 read: Ice Cream
Thread with TID = 140735961630400 read: Coconut Milk
Thread with TID = 140735993087680 read: Oats
Thread with TID = 140735940658880 read: Ground Coffee
Thread with TID = 140735972116160 read: Noodles
Thread with TID = 140735930173120 read: Lollipops
Thread with TID = 140735909201600 read: Pumpkin Seeds
Thread with TID = 140736014059200 read: Green Tea
Thread with TID = 140735888230080 read: Quinoa
Thread with TID = 140735867258560 read: Pistachios
Thread with TID = 140735856772800 read: Yogurt
Thread with TID = 140735877744320 read: Energy Bars
Thread with TID = 140735846287040 read: Chocolates
Thread with TID = 140735919687360 read: Vegetable Stock
Thread with TID = 140736045516480 read: Peanut Butter
Thread with TID = 140735835801280 read: Honey
Thread with TID = 140735825315520 read: Walnuts
Thread with TID = 140735814829760 read: Pancake Mix
Thread with TID = 140736804685504 read: Black Tea
Thread with TID = 140735898715840 read: Marshmallows
Thread with TID = 140736794199744 read: Crackers
Thread with TID = 140735804344000 read: Herbs
Thread with TID = 140735982601920 read: Beef Stock
Thread with TID = 140735951144640 read: Canned Soup
Thread with TID = 140736783713984 read: Energy Drinks
Thread with TID = 140735793858240 read: Cereal
Thread with TID = 140735783372480 read: Chia Seeds
Thread with TID = 140736773228224 read: Cooking Oil
Thread with TID = 140735772886720 read: Cheese
Thread with TID = 140735762400960 read: Burger Patties
Thread with TID = 140735751915200 read: Black Pepper
Thread with TID = 140735741429440 read: Yeast
