Process PID: 9890
Thread with TID = 140737305904832 read: Eggs
Thread with TID = 140737108772544 read: Cake Mix
Thread with TID = 140737316390592 read: Baking Powder
Thread with TID = 140737006012096 read: Hot Sauce
Thread with TID = 140737129744064 read: Stock Cubes
Thread with TID = 140737182172864 read: Cooking Wine
Thread with TID = 140737337362112 read: Sunflower Seeds
Thread with TID = 140737150715584 read: Fish Fingers
Thread with TID = 140737140229824 read: Instant Coffee
Thread with TID = 140736995526336 read: Chicken Stock
Thread with TID = 140737171687104 read: Chicken Nuggets
Thread with TID = 140737217824448 read: Sugar
Thread with TID = 140737016497856 read: Frozen Vegetables
Thread with TID = 140737119258304 read: Wheat Flour
Thread with TID = 140737196852928 read: Cinnamon
Thread with TID = 140736974554816 read: Rice Cakes
Thread with TID = 140737161201344 read: Dried Fruits
Thread with TID = 140737207338688 read: Canned Beans
Thread with TID = 140736964069056 read: Milk
Thread with TID = 140737347847872 read: Mustard
Thread with TID = 140736882280128 read: Ketchup
Thread with TID = 140737098286784 read: Pasta
Thread with TID = 140736985040576 read: Mints
Thread with TID = 140736871794368 read: Raisins
Thread with TID = 140737326876352 read: Coffee Beans
Thread with TID = 140736850822848 read: Almond Milk
Thread with TID = 140736829851328 read: Coffee
Thread with TID = 140736861308608 read: Soy Sauce
Thread with TID = 140736748062400 read: Canned Fruit
Thread with TID = 140736737576640 read: Vinegar
Thread with TID = 140736727090880 read: Flavored Water
Thread with TID = 140736716605120 read: Soup Mix
Thread with TID = 140736840337088 read: Popcorn
Thread with TID = 140736706119360 read: Cashews
Thread with TID = 140736613844672 read: Frozen Pizza
Thread with TID = 140736603358912 read: Turmeric
Thread with TID = 140736582387392 read: Almonds
Thread with TID = 140736550930112 read: Spices
Thread with TID = 140736571901632 read: Frozen Berries
Thread with TID = 140736592873152 read: Powdered Milk
Thread with TID = 140736561415872 read: Tea
Thread with TID = 140736540444352 read: Jam
Thread with TID = 140736498501312 read: Olive Oil Spray
Thread with TID = 140736508987072 read: Herbal Tea
Thread with TID = 140736529958592 read: Canned Fish
Thread with TID = 140736695633600 read: Salt
Thread with TID = 140736488015552 read: Bread
Thread with TID = 140736477529792 read: Rice
Thread with TID = 140736456558272 read: Brownie Mix
Thread with TID = 140736446072512 read: Pickles
Thread with TID = 140736362186432 read: Candies
Thread with TID = 140736341214912 read: Fruit Juice
Thread with TID = 140736467044032 read: Biscuits
Thread with TID = 140736425100992 read: Crackers
Thread with TID = 140736309757632 read: Chocolate Spread
Thread with TID = 140736278300352 read: Ice Cream
Thread with TID = 140736257328832 read: Beef Stock
Thread with TID = 140736267814592 read: Oats
Thread with TID = 140736383157952 read: Granola Bars
Thread with TID = 140736225871552 read: Canned Soup
Thread with TID = 140736215385792 read: Ground Coffee
Thread with TID = 140736330729152 read: Protein Bars
Thread with TID = 140736320243392 read: Peanut Butter
Thread with TID = 140736236357312 read: Coconut Milk
Thread with TID = 140736246843072 read: Noodles
Thread with TID = 140736519472832 read: Cookies
Thread with TID = 140736372672192 read: Soft Drinks
Thread with TID = 140736435586752 read: Black Tea
Thread with TID = 140736404129472 read: Cooking Oil
Thread with TID = 140736288786112 read: Green Tea
Thread with TID = 140736393643712 read: Chips
Thread with TID = 140736351700672 read: Butter
Thread with TID = 140736194414272 read: Vegetable Stock
Thread with TID = 140736173442752 read: Marshmallows
Thread with TID = 140736414615232 read: Energy Drinks
Thread with TID = 140736204900032 read: Lollipops
Thread with TID = 140736183928512 read: Pumpkin Seeds
Thread with TID = 140736162956992 read: Quinoa
Thread with TID = 140736152471232 read: Energy Bars
Thread with TID = 140736141985472 read: Pistachios
Thread with TID = 140736121013952 read: Chocolates
Thread with TID = 140736131499712 read: Yogurt
Thread with TID = 140736110528192 read: Honey
Thread with TID = 140736100042432 read: Walnuts
Thread with TID = 140736089556672 read: Pancake Mix
Thread with TID = 140736299271872 read: Soy Milk
Thread with TID = 140735890327232 read: Black Pepper
Thread with TID = 140735942756032 read: Herbs
Thread with TID = 140735932270272 read: Cereal
Thread with TID = 140735879841472 read: Yeast
Thread with TID = 140735921784512 read: Chia Seeds
Thread with TID = 140735911298752 read: Cheese
Thread with TID = 140735900812992 read: Burger Patties
