Process PID: 30203
Thread with TID = 138794154067648 read: Mustard
Thread with TID = 138794143581888 read: Sunflower Seeds
Thread with TID = 138794133096128 read: Coffee Beans
Thread with TID = 138794122610368 read: Cooking Wine
Thread with TID = 138794112124608 read: Baking Powder
Thread with TID = 138794013558464 read: Sugar
Thread with TID = 138793992586944 read: Cinnamon
Thread with TID = 138793971615424 read: Dried Fruits
Thread with TID = 138793982101184 read: Chicken Nuggets
Thread with TID = 138794003072704 read: Canned Beans
Thread with TID = 138793940158144 read: Stock Cubes
Thread with TID = 138793950643904 read: Instant Coffee
Thread with TID = 138793908700864 read: Pasta
Thread with TID = 138793887729344 read: Hot Sauce
Thread with TID = 138793835300544 read: Ketchup
Thread with TID = 138793898215104 read: Frozen Vegetables
Thread with TID = 138793824814784 read: Raisins
Thread with TID = 138793919186624 read: Cake Mix
Thread with TID = 138794101638848 read: Eggs
Thread with TID = 138793814329024 read: Soy Sauce
Thread with TID = 138793961129664 read: Fish Fingers
Thread with TID = 138793845786304 read: Milk
Thread with TID = 138793803843264 read: Almond Milk
Thread with TID = 138793793357504 read: Popcorn
Thread with TID = 138793929672384 read: Wheat Flour
Thread with TID = 138793877243584 read: Chicken Stock
Thread with TID = 138793866757824 read: Mints
Thread with TID = 138793625585344 read: Turmeric
Thread with TID = 138793856272064 read: Rice Cakes
Thread with TID = 138793678014144 read: Flavored Water
Thread with TID = 138793782871744 read: Coffee
Thread with TID = 138793772385984 read: Canned Fruit
Thread with TID = 138793667528384 read: Soup Mix
Thread with TID = 138793636071104 read: Frozen Pizza
Thread with TID = 138793761900224 read: Vinegar
Thread with TID = 138793657042624 read: Cashews
Thread with TID = 138793646556864 read: Salt
Thread with TID = 138793533310656 read: Almonds
Thread with TID = 138793543796416 read: Powdered Milk
Thread with TID = 138793522824896 read: Frozen Berries
Thread with TID = 138793512339136 read: Tea
Thread with TID = 138793491367616 read: Jam
Thread with TID = 138793438938816 read: Bread
Thread with TID = 138793428453056 read: Rice
Thread with TID = 138793470396096 read: Cookies
Thread with TID = 138793407481536 read: Brownie Mix
Thread with TID = 138793459910336 read: Herbal Tea
Thread with TID = 138793386510016 read: Black Tea
Thread with TID = 138793449424576 read: Olive Oil Spray
Thread with TID = 138793417967296 read: Biscuits
Thread with TID = 138793365538496 read: Energy Drinks
Thread with TID = 138793501853376 read: Spices
Thread with TID = 138793396995776 read: Pickles
Thread with TID = 138793480881856 read: Canned Fish
Thread with TID = 138793323595456 read: Soft Drinks
Thread with TID = 138793376024256 read: Crackers
Thread with TID = 138793355052736 read: Cooking Oil
Thread with TID = 138793344566976 read: Chips
Thread with TID = 138793334081216 read: Granola Bars
Thread with TID = 138793313109696 read: Candies
Thread with TID = 138793292138176 read: Fruit Juice
Thread with TID = 138793239709376 read: Green Tea
Thread with TID = 138793208252096 read: Beef Stock
Thread with TID = 138793281652416 read: Protein Bars
Thread with TID = 138793197766336 read: Noodles
Thread with TID = 138793260680896 read: Chocolate Spread
Thread with TID = 138793187280576 read: Coconut Milk
Thread with TID = 138793218737856 read: Oats
Thread with TID = 138793271166656 read: Peanut Butter
Thread with TID = 138793134851776 read: Pumpkin Seeds
Thread with TID = 138793250195136 read: Soy Milk
Thread with TID = 138793071937216 read: Chocolates
Thread with TID = 138793029994176 read: Herbs
Thread with TID = 138793019508416 read: Cereal
Thread with TID = 138793166309056 read: Ground Coffee
Thread with TID = 138793040479936 read: Pancake Mix
Thread with TID = 138793155823296 read: Lollipops
Thread with TID = 138793229223616 read: Ice Cream
Thread with TID = 138793124366016 read: Marshmallows
Thread with TID = 138793145337536 read: Vegetable Stock
Thread with TID = 138793302623936 read: Butter
Thread with TID = 138793113880256 read: Quinoa
Thread with TID = 138793103394496 read: Energy Bars
Thread with TID = 138793092908736 read: Pistachios
Thread with TID = 138793061451456 read: Honey
Thread with TID = 138793050965696 read: Walnuts
Thread with TID = 138792939816640 read: Chia Seeds
Thread with TID = 138792897873600 read: Yeast
Thread with TID = 138792918845120 read: Burger Patties
Thread with TID = 138792929330880 read: Cheese
Thread with TID = 138792908359360 read: Black Pepper
Thread with TID = 138793176794816 read: Canned Soup
Thread with TID = 138793082422976 read: Yogurt
