Process PID: 32218
Thread with TID = 133257607775936 read: Mustard
Thread with TID = 133257586804416 read: Coffee Beans
Thread with TID = 133257565832896 read: Baking Powder
Thread with TID = 133257544861376 read: Sugar
Thread with TID = 133257465169600 read: Canned Beans
Thread with TID = 133257454683840 read: Cinnamon
Thread with TID = 133257597290176 read: Sunflower Seeds
Thread with TID = 133257555347136 read: Eggs
Thread with TID = 133257444198080 read: Chicken Nuggets
Thread with TID = 133257433712320 read: Dried Fruits
Thread with TID = 133257423226560 read: Fish Fingers
Thread with TID = 133257576318656 read: Cooking Wine
Thread with TID = 133257412740800 read: Stock Cubes
Thread with TID = 133257289008832 read: Frozen Vegetables
Thread with TID = 133257330951872 read: Instant Coffee
Thread with TID = 133257309980352 read: Cake Mix
Thread with TID = 133257299494592 read: Pasta
Thread with TID = 133257268037312 read: Chicken Stock
Thread with TID = 133257320466112 read: Wheat Flour
Thread with TID = 133257278523072 read: Hot Sauce
Thread with TID = 133257257551552 read: Mints
Thread with TID = 133257247065792 read: Rice Cakes
Thread with TID = 133257236580032 read: Milk
Thread with TID = 133257215608512 read: Raisins
Thread with TID = 133257226094272 read: Ketchup
Thread with TID = 133257205122752 read: Soy Sauce
Thread with TID = 133257194636992 read: Almond Milk
Thread with TID = 133257163179712 read: Canned Fruit
Thread with TID = 133257152693952 read: Vinegar
Thread with TID = 133257184151232 read: Popcorn
Thread with TID = 133257142208192 read: Flavored Water
Thread with TID = 133257131722432 read: Soup Mix
Thread with TID = 133257089779392 read: Turmeric
Thread with TID = 133257079293632 read: Powdered Milk
Thread with TID = 133256934590144 read: Almonds
Thread with TID = 133257173665472 read: Coffee
Thread with TID = 133257100265152 read: Frozen Pizza
Thread with TID = 133257110750912 read: Salt
Thread with TID = 133257121236672 read: Cashews
Thread with TID = 133256995407552 read: Frozen Berries
Thread with TID = 133256984921792 read: Tea
Thread with TID = 133256974436032 read: Spices
Thread with TID = 133256963950272 read: Jam
Thread with TID = 133256953464512 read: Canned Fish
Thread with TID = 133256924104384 read: Cookies
Thread with TID = 133256913618624 read: Herbal Tea
Thread with TID = 133256903132864 read: Olive Oil Spray
Thread with TID = 133256892647104 read: Bread
Thread with TID = 133256752137920 read: Crackers
Thread with TID = 133256731166400 read: Cooking Oil
Thread with TID = 133256741652160 read: Energy Drinks
Thread with TID = 133256882161344 read: Rice
Thread with TID = 133256794080960 read: Biscuits
Thread with TID = 133256699709120 read: Soft Drinks
Thread with TID = 133256720680640 read: Chips
Thread with TID = 133256783595200 read: Brownie Mix
Thread with TID = 133256773109440 read: Pickles
Thread with TID = 133256762623680 read: Black Tea
Thread with TID = 133256668251840 read: Fruit Juice
Thread with TID = 133256657766080 read: Protein Bars
Thread with TID = 133256636794560 read: Chocolate Spread
Thread with TID = 133256678737600 read: Butter
Thread with TID = 133256615823040 read: Green Tea
Thread with TID = 133256584365760 read: Beef Stock
Thread with TID = 133256647280320 read: Peanut Butter
Thread with TID = 133256626308800 read: Soy Milk
Thread with TID = 133256594851520 read: Oats
Thread with TID = 133256710194880 read: Granola Bars
Thread with TID = 133256573880000 read: Noodles
Thread with TID = 133256552908480 read: Canned Soup
Thread with TID = 133256689223360 read: Candies
Thread with TID = 133256563394240 read: Coconut Milk
Thread with TID = 133256605337280 read: Ice Cream
Thread with TID = 133256531936960 read: Lollipops
Thread with TID = 133256521451200 read: Vegetable Stock
Thread with TID = 133256500479680 read: Marshmallows
Thread with TID = 133256510965440 read: Pumpkin Seeds
Thread with TID = 133256437565120 read: Honey
Thread with TID = 133256416593600 read: Pancake Mix
Thread with TID = 133256458536640 read: Yogurt
Thread with TID = 133256542422720 read: Ground Coffee
Thread with TID = 133256479508160 read: Energy Bars
Thread with TID = 133256374650560 read: Cheese
Thread with TID = 133256427079360 read: Walnuts
Thread with TID = 133256406107840 read: Herbs
Thread with TID = 133256385136320 read: Chia Seeds
Thread with TID = 133256395622080 read: Cereal
Thread with TID = 133256448050880 read: Chocolates
Thread with TID = 133256489993920 read: Quinoa
Thread with TID = 133256364164800 read: Burger Patties
Thread with TID = 133256469022400 read: Pistachios
Thread with TID = 133256353679040 read: Black Pepper
Thread with TID = 133256343193280 read: Yeast
