Process PID: 26949
Thread with TID = 123280499410624 read: Cinnamon
Thread with TID = 123280478439104 read: Dried Fruits
Thread with TID = 123280572810944 read: Sunflower Seeds
Thread with TID = 123280390358720 read: Fish Fingers
Thread with TID = 123280583296704 read: Mustard
Thread with TID = 123280562325184 read: Coffee Beans
Thread with TID = 123280551839424 read: Cooking Wine
Thread with TID = 123280541353664 read: Baking Powder
Thread with TID = 123280530867904 read: Eggs
Thread with TID = 123280520382144 read: Sugar
Thread with TID = 123280509896384 read: Canned Beans
Thread with TID = 123280369387200 read: Stock Cubes
Thread with TID = 123280358901440 read: Wheat Flour
Thread with TID = 123280379872960 read: Instant Coffee
Thread with TID = 123280348415680 read: Cake Mix
Thread with TID = 123280235169472 read: Chicken Stock
Thread with TID = 123280245655232 read: Hot Sauce
Thread with TID = 123280256140992 read: Frozen Vegetables
Thread with TID = 123280224683712 read: Mints
Thread with TID = 123280337929920 read: Pasta
Thread with TID = 123280214197952 read: Rice Cakes
Thread with TID = 123280203712192 read: Milk
Thread with TID = 123280121923264 read: Ketchup
Thread with TID = 123280488924864 read: Chicken Nuggets
Thread with TID = 123279987705536 read: Canned Fruit
Thread with TID = 123280069494464 read: Coffee
Thread with TID = 123279956248256 read: Soup Mix
Thread with TID = 123279945762496 read: Cashews
Thread with TID = 123279935276736 read: Salt
Thread with TID = 123279977219776 read: Vinegar
Thread with TID = 123279966734016 read: Flavored Water
Thread with TID = 123279914305216 read: Turmeric
Thread with TID = 123280111437504 read: Raisins
Thread with TID = 123280100951744 read: Soy Sauce
Thread with TID = 123279903819456 read: Powdered Milk
Thread with TID = 123280090465984 read: Almond Milk
Thread with TID = 123280079980224 read: Popcorn
Thread with TID = 123279924790976 read: Frozen Pizza
Thread with TID = 123279861876416 read: Spices
Thread with TID = 123279840904896 read: Canned Fish
Thread with TID = 123279830419136 read: Cookies
Thread with TID = 123279788476096 read: Rice
Thread with TID = 123279882847936 read: Frozen Berries
Thread with TID = 123279872362176 read: Tea
Thread with TID = 123279893333696 read: Almonds
Thread with TID = 123279798961856 read: Bread
Thread with TID = 123279851390656 read: Jam
Thread with TID = 123279819933376 read: Herbal Tea
Thread with TID = 123279809447616 read: Olive Oil Spray
Thread with TID = 123279777990336 read: Biscuits
Thread with TID = 123279746533056 read: Black Tea
Thread with TID = 123279736047296 read: Crackers
Thread with TID = 123279704590016 read: Chips
Thread with TID = 123279715075776 read: Cooking Oil
Thread with TID = 123279767504576 read: Brownie Mix
Thread with TID = 123279757018816 read: Pickles
Thread with TID = 123279694104256 read: Granola Bars
Thread with TID = 123279725561536 read: Energy Drinks
Thread with TID = 123279683618496 read: Soft Drinks
Thread with TID = 123279673132736 read: Candies
Thread with TID = 123279662646976 read: Butter
Thread with TID = 123279652161216 read: Fruit Juice
Thread with TID = 123279641675456 read: Protein Bars
Thread with TID = 123279631189696 read: Peanut Butter
Thread with TID = 123279620703936 read: Chocolate Spread
Thread with TID = 123279610218176 read: Soy Milk
Thread with TID = 123279599732416 read: Green Tea
Thread with TID = 123279589246656 read: Ice Cream
Thread with TID = 123279578760896 read: Oats
Thread with TID = 123279568275136 read: Beef Stock
Thread with TID = 123279557789376 read: Noodles
Thread with TID = 123279547303616 read: Coconut Milk
Thread with TID = 123279536817856 read: Canned Soup
Thread with TID = 123279526332096 read: Ground Coffee
Thread with TID = 123279505360576 read: Vegetable Stock
Thread with TID = 123279515846336 read: Lollipops
Thread with TID = 123279484389056 read: Marshmallows
Thread with TID = 123279494874816 read: Pumpkin Seeds
Thread with TID = 123279473903296 read: Quinoa
Thread with TID = 123279463417536 read: Energy Bars
Thread with TID = 123279452931776 read: Pistachios
Thread with TID = 123279442446016 read: Yogurt
Thread with TID = 123279431960256 read: Chocolates
Thread with TID = 123279421474496 read: Honey
Thread with TID = 123279410988736 read: Walnuts
Thread with TID = 123279400502976 read: Pancake Mix
Thread with TID = 123279390017216 read: Herbs
Thread with TID = 123279379531456 read: Cereal
Thread with TID = 123279369045696 read: Chia Seeds
Thread with TID = 123279358559936 read: Cheese
Thread with TID = 123279348074176 read: Burger Patties
Thread with TID = 123279337588416 read: Black Pepper
Thread with TID = 123279327102656 read: Yeast
