Process PID: 7659
Thread with TID = 140737347847872 read: Mustard
Thread with TID = 140737211532992 read: Stock Cubes
Thread with TID = 140737284933312 read: Sugar
Thread with TID = 140737326876352 read: Coffee Beans
Thread with TID = 140737316390592 read: Cooking Wine
Thread with TID = 140737201047232 read: Cake Mix
Thread with TID = 140737222018752 read: Instant Coffee
Thread with TID = 140737066829504 read: Wheat Flour
Thread with TID = 140737305904832 read: Baking Powder
Thread with TID = 140737274447552 read: Canned Beans
Thread with TID = 140737295419072 read: Eggs
Thread with TID = 140737337362112 read: Sunflower Seeds
Thread with TID = 140737263961792 read: Cinnamon
Thread with TID = 140737242990272 read: Dried Fruits
Thread with TID = 140737253476032 read: Chicken Nuggets
Thread with TID = 140737232504512 read: Fish Fingers
Thread with TID = 140737190561472 read: Pasta
Thread with TID = 140737180075712 read: Frozen Vegetables
Thread with TID = 140737035372224 read: Milk
Thread with TID = 140737045857984 read: Rice Cakes
Thread with TID = 140737169589952 read: Hot Sauce
Thread with TID = 140736938903232 read: Raisins
Thread with TID = 140736949388992 read: Ketchup
Thread with TID = 140737083606720 read: Chicken Stock
Thread with TID = 140736907445952 read: Popcorn
Thread with TID = 140736748062400 read: Canned Fruit
Thread with TID = 140737056343744 read: Mints
Thread with TID = 140736727090880 read: Flavored Water
Thread with TID = 140736928417472 read: Soy Sauce
Thread with TID = 140736917931712 read: Almond Milk
Thread with TID = 140736896960192 read: Coffee
Thread with TID = 140736695633600 read: Salt
Thread with TID = 140736737576640 read: Vinegar
Thread with TID = 140736592873152 read: Powdered Milk
Thread with TID = 140736716605120 read: Soup Mix
Thread with TID = 140736706119360 read: Cashews
Thread with TID = 140736613844672 read: Frozen Pizza
Thread with TID = 140736571901632 read: Frozen Berries
Thread with TID = 140736603358912 read: Turmeric
Thread with TID = 140736561415872 read: Tea
Thread with TID = 140736582387392 read: Almonds
Thread with TID = 140736479626944 read: Spices
Thread with TID = 140736469141184 read: Jam
Thread with TID = 140736458655424 read: Canned Fish
Thread with TID = 140736437683904 read: Herbal Tea
Thread with TID = 140736448169664 read: Cookies
Thread with TID = 140736427198144 read: Olive Oil Spray
Thread with TID = 140736345409216 read: Bread
Thread with TID = 140736334923456 read: Rice
Thread with TID = 140736324437696 read: Biscuits
Thread with TID = 140736313951936 read: Brownie Mix
Thread with TID = 140736303466176 read: Pickles
Thread with TID = 140736211191488 read: Crackers
Thread with TID = 140736200705728 read: Energy Drinks
Thread with TID = 140736190219968 read: Cooking Oil
Thread with TID = 140736169248448 read: Granola Bars
Thread with TID = 140736158762688 read: Soft Drinks
Thread with TID = 140736179734208 read: Chips
Thread with TID = 140736076973760 read: Candies
Thread with TID = 140736292980416 read: Black Tea
Thread with TID = 140736035030720 read: Peanut Butter
Thread with TID = 140736024544960 read: Chocolate Spread
Thread with TID = 140735932270272 read: Green Tea
Thread with TID = 140735942756032 read: Soy Milk
Thread with TID = 140736056002240 read: Fruit Juice
Thread with TID = 140736045516480 read: Protein Bars
Thread with TID = 140735911298752 read: Oats
Thread with TID = 140736066488000 read: Butter
Thread with TID = 140735921784512 read: Ice Cream
Thread with TID = 140735900812992 read: Beef Stock
Thread with TID = 140735890327232 read: Noodles
Thread with TID = 140735798052544 read: Canned Soup
Thread with TID = 140735787566784 read: Ground Coffee
Thread with TID = 140735808538304 read: Coconut Milk
Thread with TID = 140735777081024 read: Lollipops
Thread with TID = 140735766595264 read: Vegetable Stock
Thread with TID = 140735756109504 read: Pumpkin Seeds
Thread with TID = 140735674320576 read: Marshmallows
Thread with TID = 140735663834816 read: Quinoa
Thread with TID = 140735653349056 read: Energy Bars
Thread with TID = 140735529617088 read: Walnuts
Thread with TID = 140735642863296 read: Pistachios
Thread with TID = 140735508645568 read: Herbs
Thread with TID = 140735621891776 read: Chocolates
Thread with TID = 140735498159808 read: Cereal
Thread with TID = 140735540102848 read: Honey
Thread with TID = 140735632377536 read: Yogurt
Thread with TID = 140735519131328 read: Pancake Mix
Thread with TID = 140735487674048 read: Chia Seeds
Thread with TID = 140735405885120 read: Cheese
Thread with TID = 140735395399360 read: Burger Patties
Thread with TID = 140735384913600 read: Black Pepper
Thread with TID = 140735374427840 read: Yeast
