Process PID: 24597
Thread with TID = 140737274447552 read: Canned Beans
Thread with TID = 140737305904832 read: Baking Powder
Thread with TID = 140737222018752 read: Instant Coffee
Thread with TID = 140737263961792 read: Cinnamon
Thread with TID = 140737253476032 read: Chicken Nuggets
Thread with TID = 140737347847872 read: Mustard
Thread with TID = 140737337362112 read: Sunflower Seeds
Thread with TID = 140737232504512 read: Fish Fingers
Thread with TID = 140737316390592 read: Cooking Wine
Thread with TID = 140737284933312 read: Sugar
Thread with TID = 140737201047232 read: Wheat Flour
Thread with TID = 140737211532992 read: Stock Cubes
Thread with TID = 140737326876352 read: Coffee Beans
Thread with TID = 140737242990272 read: Dried Fruits
Thread with TID = 140737295419072 read: Eggs
Thread with TID = 140737190561472 read: Cake Mix
Thread with TID = 140737180075712 read: Pasta
Thread with TID = 140737169589952 read: Frozen Vegetables
Thread with TID = 140737083606720 read: Hot Sauce
Thread with TID = 140737073120960 read: Chicken Stock
Thread with TID = 140737062635200 read: Mints
Thread with TID = 140737052149440 read: Rice Cakes
Thread with TID = 140736324437696 read: Almond Milk
Thread with TID = 140736282494656 read: Vinegar
Thread with TID = 140736219580096 read: Turmeric
Thread with TID = 140737041663680 read: Milk
Thread with TID = 140736272008896 read: Flavored Water
Thread with TID = 140737031177920 read: Ketchup
Thread with TID = 140736251037376 read: Cashews
Thread with TID = 140736345409216 read: Raisins
Thread with TID = 140736334923456 read: Soy Sauce
Thread with TID = 140736198608576 read: Almonds
Thread with TID = 140736230065856 read: Frozen Pizza
Thread with TID = 140736240551616 read: Salt
Thread with TID = 140736261523136 read: Soup Mix
Thread with TID = 140736209094336 read: Powdered Milk
Thread with TID = 140736177637056 read: Tea
Thread with TID = 140736303466176 read: Coffee
Thread with TID = 140736313951936 read: Popcorn
Thread with TID = 140736292980416 read: Canned Fruit
Thread with TID = 140736188122816 read: Frozen Berries
Thread with TID = 140736167151296 read: Spices
Thread with TID = 140736135694016 read: Cookies
Thread with TID = 140736146179776 read: Canned Fish
Thread with TID = 140736114722496 read: Olive Oil Spray
Thread with TID = 140736083265216 read: Biscuits
Thread with TID = 140736156665536 read: Jam
Thread with TID = 140736125208256 read: Herbal Tea
Thread with TID = 140736104236736 read: Bread
Thread with TID = 140736093750976 read: Rice
Thread with TID = 140736072779456 read: Brownie Mix
Thread with TID = 140735988893376 read: Soft Drinks
Thread with TID = 140735967921856 read: Butter
Thread with TID = 140736030836416 read: Energy Drinks
Thread with TID = 140736009864896 read: Chips
Thread with TID = 140735957436096 read: Fruit Juice
Thread with TID = 140736020350656 read: Cooking Oil
Thread with TID = 140735925978816 read: Chocolate Spread
Thread with TID = 140735915493056 read: Soy Milk
Thread with TID = 140735936464576 read: Peanut Butter
Thread with TID = 140735978407616 read: Candies
Thread with TID = 140736062293696 read: Pickles
Thread with TID = 140736051807936 read: Black Tea
Thread with TID = 140736041322176 read: Crackers
Thread with TID = 140735999379136 read: Granola Bars
Thread with TID = 140735905007296 read: Green Tea
Thread with TID = 140735946950336 read: Protein Bars
Thread with TID = 140735894521536 read: Ice Cream
Thread with TID = 140735884035776 read: Oats
Thread with TID = 140735863064256 read: Noodles
Thread with TID = 140735852578496 read: Coconut Milk
Thread with TID = 140735842092736 read: Canned Soup
Thread with TID = 140735831606976 read: Ground Coffee
Thread with TID = 140735800149696 read: Pumpkin Seeds
Thread with TID = 140735789663936 read: Marshmallows
Thread with TID = 140735810635456 read: Vegetable Stock
Thread with TID = 140735873550016 read: Beef Stock
Thread with TID = 140735779178176 read: Quinoa
Thread with TID = 140735758206656 read: Pistachios
Thread with TID = 140735821121216 read: Lollipops
Thread with TID = 140735768692416 read: Energy Bars
Thread with TID = 140735747720896 read: Yogurt
Thread with TID = 140735726749376 read: Honey
Thread with TID = 140735737235136 read: Chocolates
Thread with TID = 140735716263616 read: Walnuts
Thread with TID = 140735695292096 read: Herbs
Thread with TID = 140735684806336 read: Cereal
Thread with TID = 140735674320576 read: Chia Seeds
Thread with TID = 140735705777856 read: Pancake Mix
Thread with TID = 140735653349056 read: Burger Patties
Thread with TID = 140735663834816 read: Cheese
Thread with TID = 140735642863296 read: Black Pepper
Thread with TID = 140735632377536 read: Yeast
