Process PID: 13521
Thread with TID = 140737295419072 read: Eggs
Thread with TID = 140737253476032 read: Chicken Nuggets
Thread with TID = 140737347847872 read: Mustard
Thread with TID = 140737337362112 read: Sunflower Seeds
Thread with TID = 140737326876352 read: Coffee Beans
Thread with TID = 140737316390592 read: Cooking Wine
Thread with TID = 140737305904832 read: Baking Powder
Thread with TID = 140737274447552 read: Canned Beans
Thread with TID = 140737284933312 read: Sugar
Thread with TID = 140737201047232 read: Wheat Flour
Thread with TID = 140737263961792 read: Cinnamon
Thread with TID = 140737211532992 read: Stock Cubes
Thread with TID = 140737222018752 read: Instant Coffee
Thread with TID = 140737242990272 read: Dried Fruits
Thread with TID = 140737083606720 read: Hot Sauce
Thread with TID = 140737190561472 read: Cake Mix
Thread with TID = 140737180075712 read: Pasta
Thread with TID = 140737169589952 read: Frozen Vegetables
Thread with TID = 140737232504512 read: Fish Fingers
Thread with TID = 140737073120960 read: Chicken Stock
Thread with TID = 140737062635200 read: Mints
Thread with TID = 140736949388992 read: Raisins
Thread with TID = 140737052149440 read: Rice Cakes
Thread with TID = 140737041663680 read: Milk
Thread with TID = 140736917931712 read: Popcorn
Thread with TID = 140737031177920 read: Ketchup
Thread with TID = 140736938903232 read: Soy Sauce
Thread with TID = 140736928417472 read: Almond Milk
Thread with TID = 140736907445952 read: Coffee
Thread with TID = 140736896960192 read: Canned Fruit
Thread with TID = 140736783713984 read: Cashews
Thread with TID = 140736773228224 read: Salt
Thread with TID = 140736670467776 read: Powdered Milk
Thread with TID = 140736680953536 read: Turmeric
Thread with TID = 140736659982016 read: Almonds
Thread with TID = 140736649496256 read: Frozen Berries
Thread with TID = 140736762742464 read: Frozen Pizza
Thread with TID = 140736515278528 read: Herbal Tea
Thread with TID = 140736815171264 read: Vinegar
Thread with TID = 140736391546560 read: Brownie Mix
Thread with TID = 140736402032320 read: Biscuits
Thread with TID = 140736525764288 read: Cookies
Thread with TID = 140736536250048 read: Canned Fish
Thread with TID = 140736804685504 read: Flavored Water
Thread with TID = 140736794199744 read: Soup Mix
Thread with TID = 140736639010496 read: Tea
Thread with TID = 140736504792768 read: Olive Oil Spray
Thread with TID = 140736494307008 read: Bread
Thread with TID = 140736412518080 read: Rice
Thread with TID = 140736628524736 read: Spices
Thread with TID = 140736546735808 read: Jam
Thread with TID = 140736257328832 read: Chips
Thread with TID = 140736370575040 read: Black Tea
Thread with TID = 140736246843072 read: Granola Bars
Thread with TID = 140736360089280 read: Crackers
Thread with TID = 140736278300352 read: Energy Drinks
Thread with TID = 140736381060800 read: Pickles
Thread with TID = 140736267814592 read: Cooking Oil
Thread with TID = 140736009864896 read: Green Tea
Thread with TID = 140736123111104 read: Protein Bars
Thread with TID = 140735999379136 read: Ice Cream
Thread with TID = 140735988893376 read: Oats
Thread with TID = 140736112625344 read: Peanut Butter
Thread with TID = 140736225871552 read: Candies
Thread with TID = 140736144082624 read: Butter
Thread with TID = 140736091653824 read: Soy Milk
Thread with TID = 140736133596864 read: Fruit Juice
Thread with TID = 140735978407616 read: Beef Stock
Thread with TID = 140735967921856 read: Noodles
Thread with TID = 140736102139584 read: Chocolate Spread
Thread with TID = 140735957436096 read: Coconut Milk
Thread with TID = 140735875647168 read: Canned Soup
Thread with TID = 140735865161408 read: Ground Coffee
Thread with TID = 140736236357312 read: Soft Drinks
Thread with TID = 140735823218368 read: Marshmallows
Thread with TID = 140735741429440 read: Quinoa
Thread with TID = 140735720457920 read: Pistachios
Thread with TID = 140735709972160 read: Yogurt
Thread with TID = 140735699486400 read: Chocolates
Thread with TID = 140735689000640 read: Honey
Thread with TID = 140735596725952 read: Pancake Mix
Thread with TID = 140735854675648 read: Lollipops
Thread with TID = 140735844189888 read: Vegetable Stock
Thread with TID = 140735833704128 read: Pumpkin Seeds
Thread with TID = 140735730943680 read: Energy Bars
Thread with TID = 140735607211712 read: Walnuts
Thread with TID = 140735575754432 read: Cereal
Thread with TID = 140735586240192 read: Herbs
Thread with TID = 140735565268672 read: Chia Seeds
Thread with TID = 140735472993984 read: Burger Patties
Thread with TID = 140735462508224 read: Black Pepper
Thread with TID = 140735452022464 read: Yeast
Thread with TID = 140735554782912 read: Cheese
