Process PID: 27764
Thread with TID = 140737316390592 read: Cooking Wine
Thread with TID = 140737347847872 read: Mustard
Thread with TID = 140737337362112 read: Sunflower Seeds
Thread with TID = 140737326876352 read: Coffee Beans
Thread with TID = 140737295419072 read: Eggs
Thread with TID = 140737284933312 read: Sugar
Thread with TID = 140737274447552 read: Canned Beans
Thread with TID = 140737305904832 read: Baking Powder
Thread with TID = 140737242990272 read: Dried Fruits
Thread with TID = 140737263961792 read: Cinnamon
Thread with TID = 140737253476032 read: Chicken Nuggets
Thread with TID = 140737232504512 read: Fish Fingers
Thread with TID = 140737150715584 read: Instant Coffee
Thread with TID = 140737129744064 read: Wheat Flour
Thread with TID = 140737119258304 read: Cake Mix
Thread with TID = 140737140229824 read: Stock Cubes
Thread with TID = 140737108772544 read: Pasta
Thread with TID = 140737098286784 read: Frozen Vegetables
Thread with TID = 140737035372224 read: Ketchup
Thread with TID = 140737087801024 read: Hot Sauce
Thread with TID = 140737014400704 read: Almond Milk
Thread with TID = 140737003914944 read: Popcorn
Thread with TID = 140736993429184 read: Coffee
Thread with TID = 140737056343744 read: Rice Cakes
Thread with TID = 140737045857984 read: Milk
Thread with TID = 140737066829504 read: Mints
Thread with TID = 140737077315264 read: Chicken Stock
Thread with TID = 140737024886464 read: Soy Sauce
Thread with TID = 140736957777600 read: Raisins
Thread with TID = 140736972457664 read: Vinegar
Thread with TID = 140736947291840 read: Flavored Water
Thread with TID = 140736936806080 read: Soup Mix
Thread with TID = 140736926320320 read: Cashews
Thread with TID = 140736982943424 read: Canned Fruit
Thread with TID = 140736915834560 read: Salt
Thread with TID = 140736905348800 read: Frozen Pizza
Thread with TID = 140736894863040 read: Turmeric
Thread with TID = 140736804685504 read: Almonds
Thread with TID = 140736783713984 read: Tea
Thread with TID = 140736773228224 read: Spices
Thread with TID = 140736794199744 read: Frozen Berries
Thread with TID = 140736815171264 read: Powdered Milk
Thread with TID = 140736762742464 read: Jam
Thread with TID = 140736680953536 read: Canned Fish
Thread with TID = 140736639010496 read: Bread
Thread with TID = 140736670467776 read: Cookies
Thread with TID = 140736659982016 read: Herbal Tea
Thread with TID = 140736649496256 read: Olive Oil Spray
Thread with TID = 140736628524736 read: Rice
Thread with TID = 140736618038976 read: Biscuits
Thread with TID = 140736565610176 read: Energy Drinks
Thread with TID = 140736534152896 read: Granola Bars
Thread with TID = 140736555124416 read: Cooking Oil
Thread with TID = 140736523667136 read: Soft Drinks
Thread with TID = 140736429295296 read: Ice Cream
Thread with TID = 140736544638656 read: Chips
Thread with TID = 140736513181376 read: Candies
Thread with TID = 140736481724096 read: Protein Bars
Thread with TID = 140736576095936 read: Crackers
Thread with TID = 140736450266816 read: Soy Milk
Thread with TID = 140736439781056 read: Green Tea
Thread with TID = 140736418809536 read: Oats
Thread with TID = 140736492209856 read: Fruit Juice
Thread with TID = 140736471238336 read: Peanut Butter
Thread with TID = 140736502695616 read: Butter
Thread with TID = 140736460752576 read: Chocolate Spread
Thread with TID = 140736597067456 read: Pickles
Thread with TID = 140736607553216 read: Brownie Mix
Thread with TID = 140736341214912 read: Beef Stock
Thread with TID = 140736408323776 read: Noodles
Thread with TID = 140736366380736 read: Lollipops
Thread with TID = 140736320243392 read: Marshmallows
Thread with TID = 140736387352256 read: Canned Soup
Thread with TID = 140736586581696 read: Black Tea
Thread with TID = 140736355894976 read: Vegetable Stock
Thread with TID = 140736330729152 read: Pumpkin Seeds
Thread with TID = 140736309757632 read: Quinoa
Thread with TID = 140736376866496 read: Ground Coffee
Thread with TID = 140736299271872 read: Energy Bars
Thread with TID = 140736211191488 read: Pistachios
Thread with TID = 140736397838016 read: Coconut Milk
Thread with TID = 140736179734208 read: Honey
Thread with TID = 140736158762688 read: Pancake Mix
Thread with TID = 140736200705728 read: Yogurt
Thread with TID = 140735988893376 read: Chia Seeds
Thread with TID = 140736190219968 read: Chocolates
Thread with TID = 140736009864896 read: Herbs
Thread with TID = 140735967921856 read: Burger Patties
Thread with TID = 140736169248448 read: Walnuts
Thread with TID = 140735875647168 read: Yeast
Thread with TID = 140735978407616 read: Cheese
Thread with TID = 140735999379136 read: Cereal
Thread with TID = 140735957436096 read: Black Pepper
