Process PID: 133789
Thread with TID = 140737337362112 read: Sunflower Seeds
Thread with TID = 140737326876352 read: Coffee Beans
Thread with TID = 140737316390592 read: Cooking Wine
Thread with TID = 140737284933312 read: Sugar
Thread with TID = 140737347847872 read: Mustard
Thread with TID = 140737006012096 read: Canned Beans
Thread with TID = 140737295419072 read: Eggs
Thread with TID = 140737305904832 read: Baking Powder
Thread with TID = 140737232504512 read: Instant Coffee
Thread with TID = 140737242990272 read: Fish Fingers
Thread with TID = 140737253476032 read: Dried Fruits
Thread with TID = 140737140229824 read: Wheat Flour
Thread with TID = 140736964069056 read: Ketchup
Thread with TID = 140736871794368 read: Soy Sauce
Thread with TID = 140737108772544 read: Frozen Vegetables
Thread with TID = 140736882280128 read: Raisins
Thread with TID = 140736985040576 read: Rice Cakes
Thread with TID = 140736974554816 read: Milk
Thread with TID = 140737274447552 read: Cinnamon
Thread with TID = 140737263961792 read: Chicken Nuggets
Thread with TID = 140737098286784 read: Hot Sauce
Thread with TID = 140737150715584 read: Stock Cubes
Thread with TID = 140737129744064 read: Cake Mix
Thread with TID = 140736995526336 read: Mints
Thread with TID = 140737016497856 read: Chicken Stock
Thread with TID = 140737119258304 read: Pasta
Thread with TID = 140736861308608 read: Almond Milk
Thread with TID = 140736850822848 read: Popcorn
Thread with TID = 140736840337088 read: Coffee
Thread with TID = 140736737576640 read: Flavored Water
Thread with TID = 140736829851328 read: Canned Fruit
Thread with TID = 140736748062400 read: Vinegar
Thread with TID = 140736727090880 read: Soup Mix
Thread with TID = 140736716605120 read: Cashews
Thread with TID = 140736706119360 read: Salt
Thread with TID = 140736695633600 read: Frozen Pizza
Thread with TID = 140736613844672 read: Turmeric
Thread with TID = 140736479626944 read: Jam
Thread with TID = 140736582387392 read: Frozen Berries
Thread with TID = 140736469141184 read: Canned Fish
Thread with TID = 140736458655424 read: Cookies
Thread with TID = 140736427198144 read: Bread
Thread with TID = 140736448169664 read: Herbal Tea
Thread with TID = 140736345409216 read: Rice
Thread with TID = 140736437683904 read: Olive Oil Spray
Thread with TID = 140736334923456 read: Biscuits
Thread with TID = 140736571901632 read: Tea
Thread with TID = 140736324437696 read: Brownie Mix
Thread with TID = 140736561415872 read: Spices
Thread with TID = 140736303466176 read: Black Tea
Thread with TID = 140736603358912 read: Powdered Milk
Thread with TID = 140736313951936 read: Pickles
Thread with TID = 140736592873152 read: Almonds
Thread with TID = 140736292980416 read: Crackers
Thread with TID = 140736282494656 read: Energy Drinks
Thread with TID = 140736272008896 read: Cooking Oil
Thread with TID = 140736261523136 read: Chips
Thread with TID = 140736251037376 read: Granola Bars
Thread with TID = 140736230065856 read: Candies
Thread with TID = 140736219580096 read: Butter
Thread with TID = 140736240551616 read: Soft Drinks
Thread with TID = 140736209094336 read: Fruit Juice
Thread with TID = 140736188122816 read: Peanut Butter
Thread with TID = 140736198608576 read: Protein Bars
Thread with TID = 140736125208256 read: Beef Stock
Thread with TID = 140736104236736 read: Coconut Milk
Thread with TID = 140736093750976 read: Canned Soup
Thread with TID = 140736114722496 read: Noodles
Thread with TID = 140736041322176 read: Marshmallows
Thread with TID = 140736051807936 read: Pumpkin Seeds
Thread with TID = 140736156665536 read: Green Tea
Thread with TID = 140736083265216 read: Ground Coffee
Thread with TID = 140736072779456 read: Lollipops
Thread with TID = 140736177637056 read: Chocolate Spread
Thread with TID = 140736167151296 read: Soy Milk
Thread with TID = 140736146179776 read: Ice Cream
Thread with TID = 140736135694016 read: Oats
Thread with TID = 140736062293696 read: Vegetable Stock
Thread with TID = 140736009864896 read: Pistachios
Thread with TID = 140736020350656 read: Energy Bars
Thread with TID = 140735915493056 read: Cheese
Thread with TID = 140735925978816 read: Chia Seeds
Thread with TID = 140735999379136 read: Yogurt
Thread with TID = 140735894521536 read: Black Pepper
Thread with TID = 140735884035776 read: Yeast
Thread with TID = 140735905007296 read: Burger Patties
Thread with TID = 140735936464576 read: Cereal
Thread with TID = 140736030836416 read: Quinoa
Thread with TID = 140735978407616 read: Honey
Thread with TID = 140735967921856 read: Walnuts
Thread with TID = 140735988893376 read: Chocolates
Thread with TID = 140735946950336 read: Herbs
Thread with TID = 140735957436096 read: Pancake Mix
