Process PID: 35170
Thread with TID = 132514224015040 read: Baking Powder
Thread with TID = 132514255472320 read: Sunflower Seeds
Thread with TID = 132514161100480 read: Dried Fruits
Thread with TID = 132514244986560 read: Coffee Beans
Thread with TID = 132514129643200 read: Stock Cubes
Thread with TID = 132514098185920 read: Pasta
Thread with TID = 132514192557760 read: Canned Beans
Thread with TID = 132514213529280 read: Eggs
Thread with TID = 132514108671680 read: Cake Mix
Thread with TID = 132514087700160 read: Frozen Vegetables
Thread with TID = 132514119157440 read: Wheat Flour
Thread with TID = 132514203043520 read: Sugar
Thread with TID = 132514234500800 read: Cooking Wine
Thread with TID = 132514150614720 read: Fish Fingers
Thread with TID = 132514171586240 read: Chicken Nuggets
Thread with TID = 132514265958080 read: Mustard
Thread with TID = 132514077214400 read: Hot Sauce
Thread with TID = 132514140128960 read: Instant Coffee
Thread with TID = 132514182072000 read: Cinnamon
Thread with TID = 132514056242880 read: Mints
Thread with TID = 132514066728640 read: Chicken Stock
Thread with TID = 132514045757120 read: Rice Cakes
Thread with TID = 132514035271360 read: Milk
Thread with TID = 132514003814080 read: Soy Sauce
Thread with TID = 132513982842560 read: Popcorn
Thread with TID = 132513993328320 read: Almond Milk
Thread with TID = 132513898956480 read: Coffee
Thread with TID = 132513888470720 read: Canned Fruit
Thread with TID = 132513867499200 read: Flavored Water
Thread with TID = 132514014299840 read: Raisins
Thread with TID = 132513857013440 read: Soup Mix
Thread with TID = 132513877984960 read: Vinegar
Thread with TID = 132514024785600 read: Ketchup
Thread with TID = 132513846527680 read: Cashews
Thread with TID = 132513764738752 read: Salt
Thread with TID = 132513722795712 read: Almonds
Thread with TID = 132513712309952 read: Frozen Berries
Thread with TID = 132513552926400 read: Spices
Thread with TID = 132513563412160 read: Tea
Thread with TID = 132513531954880 read: Canned Fish
Thread with TID = 132513542440640 read: Jam
Thread with TID = 132513754252992 read: Frozen Pizza
Thread with TID = 132513743767232 read: Turmeric
Thread with TID = 132513733281472 read: Powdered Milk
Thread with TID = 132513521469120 read: Cookies
Thread with TID = 132513418708672 read: Bread
Thread with TID = 132513510983360 read: Herbal Tea
Thread with TID = 132513261422272 read: Protein Bars
Thread with TID = 132513355794112 read: Crackers
Thread with TID = 132513303365312 read: Soft Drinks
Thread with TID = 132513334822592 read: Cooking Oil
Thread with TID = 132513282393792 read: Butter
Thread with TID = 132513324336832 read: Chips
Thread with TID = 132513271908032 read: Fruit Juice
Thread with TID = 132513313851072 read: Granola Bars
Thread with TID = 132513240450752 read: Chocolate Spread
Thread with TID = 132513408222912 read: Rice
Thread with TID = 132513250936512 read: Peanut Butter
Thread with TID = 132513429194432 read: Olive Oil Spray
Thread with TID = 132513376765632 read: Pickles
Thread with TID = 132513366279872 read: Black Tea
Thread with TID = 132513345308352 read: Energy Drinks
Thread with TID = 132513292879552 read: Candies
Thread with TID = 132513397737152 read: Biscuits
Thread with TID = 132513160758976 read: Soy Milk
Thread with TID = 132513387251392 read: Brownie Mix
Thread with TID = 132513150273216 read: Green Tea
Thread with TID = 132512535807680 read: Ground Coffee
Thread with TID = 132513139787456 read: Ice Cream
Thread with TID = 132513129301696 read: Oats
Thread with TID = 132512525321920 read: Lollipops
Thread with TID = 132513118815936 read: Beef Stock
Thread with TID = 132512514836160 read: Vegetable Stock
Thread with TID = 132512451921600 read: Yogurt
Thread with TID = 132512409978560 read: Pancake Mix
Thread with TID = 132512389007040 read: Cereal
Thread with TID = 132512420464320 read: Walnuts
Thread with TID = 132512504350400 read: Pumpkin Seeds
Thread with TID = 132512493864640 read: Marshmallows
Thread with TID = 132513108330176 read: Noodles
Thread with TID = 132512472893120 read: Energy Bars
Thread with TID = 132512462407360 read: Pistachios
Thread with TID = 132512368035520 read: Cheese
Thread with TID = 132512399492800 read: Herbs
Thread with TID = 132512546293440 read: Canned Soup
Thread with TID = 132512430950080 read: Honey
Thread with TID = 132512556779200 read: Coconut Milk
Thread with TID = 132512441435840 read: Chocolates
Thread with TID = 132512483378880 read: Quinoa
Thread with TID = 132512357549760 read: Burger Patties
Thread with TID = 132512336578240 read: Yeast
Thread with TID = 132512378521280 read: Chia Seeds
Thread with TID = 132512347064000 read: Black Pepper
