Process PID: 8681
Thread with TID = 124077580748480 read: Eggs
Thread with TID = 124077591234240 read: Baking Powder
Thread with TID = 124077622691520 read: Sunflower Seeds
Thread with TID = 124077612205760 read: Coffee Beans
Thread with TID = 124077601720000 read: Cooking Wine
Thread with TID = 124077570262720 read: Sugar
Thread with TID = 124077528319680 read: Dried Fruits
Thread with TID = 124077549291200 read: Cinnamon
Thread with TID = 124077559776960 read: Canned Beans
Thread with TID = 124077633177280 read: Mustard
Thread with TID = 124077538805440 read: Chicken Nuggets
Thread with TID = 124077442336448 read: Fish Fingers
Thread with TID = 124077431850688 read: Instant Coffee
Thread with TID = 124077421364928 read: Stock Cubes
Thread with TID = 124077106792128 read: Frozen Vegetables
Thread with TID = 124077389907648 read: Pasta
Thread with TID = 124077096306368 read: Hot Sauce
Thread with TID = 124077410879168 read: Wheat Flour
Thread with TID = 124077400393408 read: Cake Mix
Thread with TID = 124077085820608 read: Chicken Stock
Thread with TID = 124077075334848 read: Mints
Thread with TID = 124077064849088 read: Rice Cakes
Thread with TID = 124077043877568 read: Ketchup
Thread with TID = 124077022906048 read: Soy Sauce
Thread with TID = 124077054363328 read: Milk
Thread with TID = 124077033391808 read: Raisins
Thread with TID = 124077012420288 read: Almond Milk
Thread with TID = 124076991448768 read: Coffee
Thread with TID = 124076980963008 read: Canned Fruit
Thread with TID = 124077001934528 read: Popcorn
Thread with TID = 124076970477248 read: Vinegar
Thread with TID = 124076959991488 read: Flavored Water
Thread with TID = 124076949505728 read: Soup Mix
Thread with TID = 124076876105408 read: Frozen Berries
Thread with TID = 124076897076928 read: Powdered Milk
Thread with TID = 124076939019968 read: Cashews
Thread with TID = 124076928534208 read: Salt
Thread with TID = 124076907562688 read: Turmeric
Thread with TID = 124076834162368 read: Canned Fish
Thread with TID = 124076918048448 read: Frozen Pizza
Thread with TID = 124076844648128 read: Jam
Thread with TID = 124076813190848 read: Herbal Tea
Thread with TID = 124076855133888 read: Spices
Thread with TID = 124076823676608 read: Cookies
Thread with TID = 124076886591168 read: Almonds
Thread with TID = 124076802705088 read: Olive Oil Spray
Thread with TID = 124076865619648 read: Tea
Thread with TID = 124076792219328 read: Bread
Thread with TID = 124076760762048 read: Brownie Mix
Thread with TID = 124076750276288 read: Pickles
Thread with TID = 124076781733568 read: Rice
Thread with TID = 124076739790528 read: Black Tea
Thread with TID = 124076771247808 read: Biscuits
Thread with TID = 124076729304768 read: Crackers
Thread with TID = 124076718819008 read: Energy Drinks
Thread with TID = 124076708333248 read: Cooking Oil
Thread with TID = 124076697847488 read: Chips
Thread with TID = 124076687361728 read: Granola Bars
Thread with TID = 124076676875968 read: Soft Drinks
Thread with TID = 124076666390208 read: Candies
Thread with TID = 124076655904448 read: Butter
Thread with TID = 124076645418688 read: Fruit Juice
Thread with TID = 124076634932928 read: Protein Bars
Thread with TID = 124076624447168 read: Peanut Butter
Thread with TID = 124076613961408 read: Chocolate Spread
Thread with TID = 124076592989888 read: Green Tea
Thread with TID = 124076603475648 read: Soy Milk
Thread with TID = 124076582504128 read: Ice Cream
Thread with TID = 124076572018368 read: Oats
Thread with TID = 124076561532608 read: Beef Stock
Thread with TID = 124076551046848 read: Noodles
Thread with TID = 124076540561088 read: Coconut Milk
Thread with TID = 124076530075328 read: Canned Soup
Thread with TID = 124076519589568 read: Ground Coffee
Thread with TID = 124076509103808 read: Lollipops
Thread with TID = 124076498618048 read: Vegetable Stock
Thread with TID = 124076488132288 read: Pumpkin Seeds
Thread with TID = 124076477646528 read: Marshmallows
Thread with TID = 124076467160768 read: Quinoa
Thread with TID = 124076456675008 read: Energy Bars
Thread with TID = 124076446189248 read: Pistachios
Thread with TID = 124076435703488 read: Yogurt
Thread with TID = 124076425217728 read: Chocolates
Thread with TID = 124076414731968 read: Honey
Thread with TID = 124076404246208 read: Walnuts
Thread with TID = 124076393760448 read: Pancake Mix
Thread with TID = 124076383274688 read: Herbs
Thread with TID = 124076372788928 read: Cereal
Thread with TID = 124076362303168 read: Chia Seeds
Thread with TID = 124076351817408 read: Cheese
Thread with TID = 124076341331648 read: Burger Patties
Thread with TID = 124076330845888 read: Black Pepper
Thread with TID = 124076320360128 read: Yeast
