Process PID: 4355
Thread with TID = 138817994491584 read: Chocolate Chip Cookie
Thread with TID = 138817984005824 read: Veggie Burger
Thread with TID = 138817963034304 read: Chicken Sandwich
Thread with TID = 138817942062784 read: Chocolate Milkshake
Thread with TID = 138817973520064 read: Meatball Sub
Thread with TID = 138817952548544 read: Hash Browns
Thread with TID = 138817931577024 read: Bagel Sandwich
Thread with TID = 138817526826688 read: Shawarma Wrap
Thread with TID = 138817700890304 read: Bottled Water
Thread with TID = 138817516340928 read: Donut
Thread with TID = 138817031898816 read: Burrito
Thread with TID = 138817921091264 read: Pretzels
Thread with TID = 138817021413056 read: Root Beer
Thread with TID = 138817669433024 read: Spinach Dip
Thread with TID = 138817658947264 read: Cupcake
Thread with TID = 138817648461504 read: Fish Sandwich
Thread with TID = 138817547798208 read: Pita Bread with Hummus
Thread with TID = 138817868662464 read: Egg and Cheese Muffin
Thread with TID = 138817568769728 read: Tortilla Chips with Salsa
Thread with TID = 138817558283968 read: Stuffed Crust Pizza
Thread with TID = 138817537312448 read: Espresso
Thread with TID = 138817900119744 read: Brownie
Thread with TID = 138817679918784 read: Nachos
Thread with TID = 138817010927296 read: Sushi Roll
Thread with TID = 138817690404544 read: Potato Chips
Thread with TID = 138817837205184 read: Kebab Platter
Thread with TID = 138817847690944 read: Sports Drink
Thread with TID = 138817910605504 read: Tempura
Thread with TID = 138817826719424 read: Cheesecake
Thread with TID = 138817732347584 read: Omelette
Thread with TID = 138817721861824 read: Blueberry Muffin
Thread with TID = 138817784776384 read: Teriyaki Chicken Bowl
Thread with TID = 138817816233664 read: Guacamole Dip
Thread with TID = 138817805747904 read: Cappuccino
Thread with TID = 138817774290624 read: Sweet Potato Fries
Thread with TID = 138817742833344 read: Smoothie
Thread with TID = 138817763804864 read: Mozzarella Sticks
Thread with TID = 138817795262144 read: Breakfast Burrito
Thread with TID = 138817858176704 read: Sweet Tea
Thread with TID = 138817889633984 read: Fried Rice
Thread with TID = 138817879148224 read: Hot Fudge Sundae
Thread with TID = 138817711376064 read: Bacon Burger
Thread with TID = 138816696354496 read: Onion Rings
Thread with TID = 138816685868736 read: Cherry Pie
Thread with TID = 138815161239232 read: Cola
Thread with TID = 138815150753472 read: Double Cheeseburger
Thread with TID = 138815140267712 read: Energy Drink
Thread with TID = 138815119296192 read: Cheeseburger
Thread with TID = 138815098324672 read: Diet Cola
Thread with TID = 138816979470016 read: Pad Thai
Thread with TID = 138816845252288 read: Philly Cheesesteak
Thread with TID = 138816876709568 read: Cheese Puffs
Thread with TID = 138816887195328 read: Gyro Sandwich
Thread with TID = 138816866223808 read: Calzone
Thread with TID = 138815224153792 read: Taco
Thread with TID = 138816643925696 read: BBQ Pulled Pork Sandwich
Thread with TID = 138815276582592 read: Dim Sum
Thread with TID = 138816855738048 read: Coffee
Thread with TID = 138815213668032 read: Iced Tea
Thread with TID = 138815245125312 read: Banana Split
Thread with TID = 138815234639552 read: Chicken Nuggets
Thread with TID = 138817753319104 read: Pizza Slice
Thread with TID = 138815182210752 read: Garlic Breadsticks
Thread with TID = 138815056381632 read: Croissant Sandwich
Thread with TID = 138815045895872 read: Chocolate Ice Cream
Thread with TID = 138815003952832 read: Milkshake
Thread with TID = 138815024924352 read: Spring Rolls
Thread with TID = 138816989955776 read: Lemonade
Thread with TID = 138815203182272 read: Cinnamon Roll
Thread with TID = 138816654411456 read: Curly Fries
Thread with TID = 138816664897216 read: Hot Chocolate
Thread with TID = 138816675382976 read: Ramen Bowl
Thread with TID = 138815255611072 read: Quesadilla
Thread with TID = 138814993467072 read: Pancakes
Thread with TID = 138814962009792 read: Chili Dog
Thread with TID = 138815066867392 read: Waffles
Thread with TID = 138815287068352 read: Vanilla Ice Cream
Thread with TID = 138815129781952 read: Chicken Tenders
Thread with TID = 138815108810432 read: Falafel Wrap
Thread with TID = 138815087838912 read: Latte
Thread with TID = 138817000441536 read: Pita Chips
Thread with TID = 138815014438592 read: Margherita Pizza
Thread with TID = 138815077353152 read: Strawberry Milkshake
Thread with TID = 138815192696512 read: Grilled Chicken Wrap
Thread with TID = 138815035410112 read: Apple Pie
Thread with TID = 138816897681088 read: Popcorn
Thread with TID = 138814951524032 read: French Fries
Thread with TID = 138814972495552 read: BBQ Chicken Pizza
Thread with TID = 138815266096832 read: Breakfast Wrap
Thread with TID = 138815171724992 read: Hot Dog
Thread with TID = 138814982981312 read: Pepperoni Pizza
Thread with TID = 138814941038272 read: Trail Mix
