Process PID: 12850
Thread with TID = 126657822197440 read: Veggie Burger
Thread with TID = 126657832683200 read: Chocolate Chip Cookie
Thread with TID = 126657230800576 read: Lemonade
Thread with TID = 126657356629696 read: Cupcake
Thread with TID = 126657314686656 read: Pita Bread with Hummus
Thread with TID = 126657482458816 read: Teriyaki Chicken Bowl
Thread with TID = 126657325172416 read: Stuffed Crust Pizza
Thread with TID = 126657220314816 read: Pad Thai
Thread with TID = 126657293715136 read: Shawarma Wrap
Thread with TID = 126657209829056 read: Popcorn
Thread with TID = 126657283229376 read: Donut
Thread with TID = 126657690076864 read: Pretzels
Thread with TID = 126657377601216 read: Nachos
Thread with TID = 126657241286336 read: Pita Chips
Thread with TID = 126657790740160 read: Hash Browns
Thread with TID = 126657471973056 read: Sweet Potato Fries
Thread with TID = 126657669105344 read: Brownie
Thread with TID = 126657136428736 read: Cherry Pie
Thread with TID = 126657157400256 read: Philly Cheesesteak
Thread with TID = 126657125942976 read: Ramen Bowl
Thread with TID = 126657367115456 read: Spinach Dip
Thread with TID = 126657146914496 read: Onion Rings
Thread with TID = 126657167886016 read: Coffee
Thread with TID = 126657188857536 read: Cheese Puffs
Thread with TID = 126657679591104 read: Tempura
Thread with TID = 126657409058496 read: Bacon Burger
Thread with TID = 126656905742016 read: Falafel Wrap
Thread with TID = 126657513916096 read: Guacamole Dip
Thread with TID = 126657094485696 read: BBQ Pulled Pork Sandwich
Thread with TID = 126657178371776 read: Calzone
Thread with TID = 126657104971456 read: Curly Fries
Thread with TID = 126657042056896 read: Banana Split
Thread with TID = 126657115457216 read: Hot Chocolate
Thread with TID = 126657811711680 read: Meatball Sub
Thread with TID = 126657346143936 read: Fish Sandwich
Thread with TID = 126656821855936 read: Spring Rolls
Thread with TID = 126657576830656 read: Hot Fudge Sundae
Thread with TID = 126657566344896 read: Egg and Cheese Muffin
Thread with TID = 126657801225920 read: Chicken Sandwich
Thread with TID = 126657658619584 read: Fried Rice
Thread with TID = 126656979142336 read: Garlic Breadsticks
Thread with TID = 126657492944576 read: Breakfast Burrito
Thread with TID = 126656874284736 read: Strawberry Milkshake
Thread with TID = 126657031571136 read: Chicken Nuggets
Thread with TID = 126657388086976 read: Potato Chips
Thread with TID = 126657262257856 read: Root Beer
Thread with TID = 126657073514176 read: Dim Sum
Thread with TID = 126657199343296 read: Gyro Sandwich
Thread with TID = 126657534887616 read: Kebab Platter
Thread with TID = 126657700562624 read: Bagel Sandwich
Thread with TID = 126656937199296 read: Energy Drink
Thread with TID = 126656842827456 read: Chocolate Ice Cream
Thread with TID = 126656769427136 read: BBQ Chicken Pizza
Thread with TID = 126656884770496 read: Latte
Thread with TID = 126657021085376 read: Taco
Thread with TID = 126656832341696 read: Apple Pie
Thread with TID = 126657440515776 read: Smoothie
Thread with TID = 126657398572736 read: Bottled Water
Thread with TID = 126656811370176 read: Margherita Pizza
Thread with TID = 126656916227776 read: Cheeseburger
Thread with TID = 126656989628096 read: Grilled Chicken Wrap
Thread with TID = 126656958170816 read: Cola
Thread with TID = 126657304200896 read: Espresso
Thread with TID = 126656895256256 read: Diet Cola
Thread with TID = 126657063028416 read: Breakfast Wrap
Thread with TID = 126657503430336 read: Cappuccino
Thread with TID = 126656853313216 read: Croissant Sandwich
Thread with TID = 126657272743616 read: Burrito
Thread with TID = 126656926713536 read: Chicken Tenders
Thread with TID = 126656968656576 read: Hot Dog
Thread with TID = 126656748455616 read: French Fries
Thread with TID = 126656758941376 read: Chili Dog
Thread with TID = 126657083999936 read: Vanilla Ice Cream
Thread with TID = 126657430030016 read: Omelette
Thread with TID = 126656863798976 read: Waffles
Thread with TID = 126657052542656 read: Quesadilla
Thread with TID = 126657010599616 read: Iced Tea
Thread with TID = 126657251772096 read: Sushi Roll
Thread with TID = 126657335658176 read: Tortilla Chips with Salsa
Thread with TID = 126657461487296 read: Mozzarella Sticks
Thread with TID = 126657545373376 read: Sports Drink
Thread with TID = 126657000113856 read: Cinnamon Roll
Thread with TID = 126656947685056 read: Double Cheeseburger
Thread with TID = 126657419544256 read: Blueberry Muffin
Thread with TID = 126657451001536 read: Pizza Slice
Thread with TID = 126657524401856 read: Cheesecake
Thread with TID = 126656737969856 read: Trail Mix
Thread with TID = 126656779912896 read: Pepperoni Pizza
Thread with TID = 126656800884416 read: Milkshake
Thread with TID = 126656790398656 read: Pancakes
Thread with TID = 126657711048384 read: Chocolate Milkshake
Thread with TID = 126657555859136 read: Sweet Tea
