Process PID: 8947
Thread with TID = 137040526051008 read: Trail Mix
Thread with TID = 137040484107968 read: Chocolate Ice Cream
Thread with TID = 137040473622208 read: BBQ Pulled Pork Sandwich
Thread with TID = 137040297461440 read: French Fries
Thread with TID = 137040318432960 read: Pretzels
Thread with TID = 137040286975680 read: Calzone
Thread with TID = 137040276489920 read: Spring Rolls
Thread with TID = 137040391833280 read: Philly Cheesesteak
Thread with TID = 137040245032640 read: Double Cheeseburger
Thread with TID = 137040515565248 read: Lemonade
Thread with TID = 137040255518400 read: Cheeseburger
Thread with TID = 137040266004160 read: Hash Browns
Thread with TID = 137040224061120 read: Grilled Chicken Wrap
Thread with TID = 137040213575360 read: Spinach Dip
Thread with TID = 137040203089600 read: Kebab Platter
Thread with TID = 137040307947200 read: Bacon Burger
Thread with TID = 137040339404480 read: Banana Split
Thread with TID = 137040192603840 read: Blueberry Muffin
Thread with TID = 137040182118080 read: Breakfast Wrap
Thread with TID = 137040494593728 read: Tortilla Chips with Salsa
Thread with TID = 137040370861760 read: BBQ Chicken Pizza
Thread with TID = 137040234546880 read: Energy Drink
Thread with TID = 137040360376000 read: Pad Thai
Thread with TID = 137040349890240 read: Chocolate Chip Cookie
Thread with TID = 137040381347520 read: Nachos
Thread with TID = 137040328918720 read: Latte
Thread with TID = 137040505079488 read: Hot Chocolate
Thread with TID = 137040161146560 read: Chicken Sandwich
Thread with TID = 137040171632320 read: Cola
Thread with TID = 137040150660800 read: Sweet Potato Fries
Thread with TID = 137040045803200 read: Apple Pie
Thread with TID = 137040140175040 read: Quesadilla
Thread with TID = 137040035317440 read: Onion Rings
Thread with TID = 137040056288960 read: Fried Rice
Thread with TID = 137040024831680 read: Fish Sandwich
Thread with TID = 137040003860160 read: Cheesecake
Thread with TID = 137040014345920 read: Brownie
Thread with TID = 137039922071232 read: Egg and Cheese Muffin
Thread with TID = 137039901099712 read: Chicken Tenders
Thread with TID = 137039911585472 read: Tempura
Thread with TID = 137039869642432 read: Pita Bread with Hummus
Thread with TID = 137039756396224 read: Ramen Bowl
Thread with TID = 137039724938944 read: Curly Fries
Thread with TID = 137039890613952 read: Meatball Sub
Thread with TID = 137039766881984 read: Smoothie
Thread with TID = 137039735424704 read: Chocolate Milkshake
Thread with TID = 137039745910464 read: Pepperoni Pizza
Thread with TID = 137039787853504 read: Chicken Nuggets
Thread with TID = 137039672510144 read: Espresso
Thread with TID = 137039777367744 read: Strawberry Milkshake
Thread with TID = 137039662024384 read: Burrito
Thread with TID = 137039641052864 read: Falafel Wrap
Thread with TID = 137039714453184 read: Waffles
Thread with TID = 137039682995904 read: Shawarma Wrap
Thread with TID = 137039588624064 read: Iced Tea
Thread with TID = 137039651538624 read: Cupcake
Thread with TID = 137039557166784 read: Popcorn
Thread with TID = 137039578138304 read: Bagel Sandwich
Thread with TID = 137039693481664 read: Croissant Sandwich
Thread with TID = 137039880128192 read: Vanilla Ice Cream
Thread with TID = 137039620081344 read: Hot Fudge Sundae
Thread with TID = 137039546681024 read: Pita Chips
Thread with TID = 137039536195264 read: Margherita Pizza
Thread with TID = 137039630567104 read: Gyro Sandwich
Thread with TID = 137039703967424 read: Cheese Puffs
Thread with TID = 137039515223744 read: Sweet Tea
Thread with TID = 137039599109824 read: Pancakes
Thread with TID = 137039525709504 read: Chili Dog
Thread with TID = 137039609595584 read: Potato Chips
Thread with TID = 137039567652544 read: Teriyaki Chicken Bowl
Thread with TID = 137039452309184 read: Dim Sum
Thread with TID = 137039462794944 read: Stuffed Crust Pizza
Thread with TID = 137039427143360 read: Cherry Pie
Thread with TID = 137039437629120 read: Guacamole Dip
Thread with TID = 137039406171840 read: Pizza Slice
Thread with TID = 137039494252224 read: Hot Dog
Thread with TID = 137039504737984 read: Breakfast Burrito
Thread with TID = 137039483766464 read: Bottled Water
Thread with TID = 137039416657600 read: Coffee
Thread with TID = 137039473280704 read: Sushi Roll
Thread with TID = 137039318091456 read: Diet Cola
Thread with TID = 137039276148416 read: Milkshake
Thread with TID = 137039116764864 read: Veggie Burger
Thread with TID = 137039106279104 read: Taco
Thread with TID = 137039307605696 read: Omelette
Thread with TID = 137039085307584 read: Cappuccino
Thread with TID = 137039074821824 read: Mozzarella Sticks
Thread with TID = 137039064336064 read: Sports Drink
Thread with TID = 137039095793344 read: Garlic Breadsticks
Thread with TID = 137039265662656 read: Root Beer
Thread with TID = 137039297119936 read: Cinnamon Roll
Thread with TID = 137039286634176 read: Donut
