Process PID: 13352
Thread with TID = 134536375568064 read: Trail Mix
Thread with TID = 134536344110784 read: Philly Cheesesteak
Thread with TID = 134536354596544 read: Hot Chocolate
Thread with TID = 134536281196224 read: Pad Thai
Thread with TID = 134536365082304 read: Lemonade
Thread with TID = 134536323139264 read: Chocolate Ice Cream
Thread with TID = 134536270710464 read: Chocolate Chip Cookie
Thread with TID = 134536260224704 read: Banana Split
Thread with TID = 134536302167744 read: Nachos
Thread with TID = 134536239253184 read: Pretzels
Thread with TID = 134536333625024 read: Tortilla Chips with Salsa
Thread with TID = 134536207795904 read: Calzone
Thread with TID = 134536197310144 read: Spring Rolls
Thread with TID = 134536218281664 read: French Fries
Thread with TID = 134536186824384 read: Hash Browns
Thread with TID = 134536249738944 read: Latte
Thread with TID = 134536291681984 read: BBQ Chicken Pizza
Thread with TID = 134536176338624 read: Cheeseburger
Thread with TID = 134536312653504 read: BBQ Pulled Pork Sandwich
Thread with TID = 134536090355392 read: Double Cheeseburger
Thread with TID = 134536079869632 read: Energy Drink
Thread with TID = 134536037926592 read: Blueberry Muffin
Thread with TID = 134536069383872 read: Grilled Chicken Wrap
Thread with TID = 134536058898112 read: Spinach Dip
Thread with TID = 134535903708864 read: Fried Rice
Thread with TID = 134536048412352 read: Kebab Platter
Thread with TID = 134535733839552 read: Fish Sandwich
Thread with TID = 134535945651904 read: Cola
Thread with TID = 134535754811072 read: Apple Pie
Thread with TID = 134535914194624 read: Quesadilla
Thread with TID = 134535744325312 read: Onion Rings
Thread with TID = 134535956137664 read: Breakfast Wrap
Thread with TID = 134535589136064 read: Vanilla Ice Cream
Thread with TID = 134535599621824 read: Meatball Sub
Thread with TID = 134535610107584 read: Chicken Tenders
Thread with TID = 134535924680384 read: Sweet Potato Fries
Thread with TID = 134535935166144 read: Chicken Sandwich
Thread with TID = 134535702382272 read: Egg and Cheese Muffin
Thread with TID = 134536228767424 read: Bacon Burger
Thread with TID = 134535723353792 read: Brownie
Thread with TID = 134535712868032 read: Cheesecake
Thread with TID = 134535620593344 read: Tempura
Thread with TID = 134535547193024 read: Smoothie
Thread with TID = 134535568164544 read: Chicken Nuggets
Thread with TID = 134535526221504 read: Pepperoni Pizza
Thread with TID = 134535515735744 read: Chocolate Milkshake
Thread with TID = 134535505249984 read: Curly Fries
Thread with TID = 134535557678784 read: Strawberry Milkshake
Thread with TID = 134535484278464 read: Cheese Puffs
Thread with TID = 134535536707264 read: Ramen Bowl
Thread with TID = 134535578650304 read: Pita Bread with Hummus
Thread with TID = 134535473792704 read: Croissant Sandwich
Thread with TID = 134535494764224 read: Waffles
Thread with TID = 134535442335424 read: Burrito
Thread with TID = 134535452821184 read: Espresso
Thread with TID = 134535463306944 read: Shawarma Wrap
Thread with TID = 134535421363904 read: Falafel Wrap
Thread with TID = 134535410878144 read: Gyro Sandwich
Thread with TID = 134535400392384 read: Hot Fudge Sundae
Thread with TID = 134535368935104 read: Iced Tea
Thread with TID = 134535337477824 read: Popcorn
Thread with TID = 134535326992064 read: Pita Chips
Thread with TID = 134535358449344 read: Bagel Sandwich
Thread with TID = 134535306020544 read: Chili Dog
Thread with TID = 134535295534784 read: Sweet Tea
Thread with TID = 134535285049024 read: Guacamole Dip
Thread with TID = 134535274563264 read: Breakfast Burrito
Thread with TID = 134535316506304 read: Margherita Pizza
Thread with TID = 134535389906624 read: Potato Chips
Thread with TID = 134535264077504 read: Hot Dog
Thread with TID = 134535431849664 read: Cupcake
Thread with TID = 134535379420864 read: Pancakes
Thread with TID = 134535347963584 read: Teriyaki Chicken Bowl
Thread with TID = 134535253591744 read: Bottled Water
Thread with TID = 134535232620224 read: Stuffed Crust Pizza
Thread with TID = 134535222134464 read: Dim Sum
Thread with TID = 134535211648704 read: Cherry Pie
Thread with TID = 134535201162944 read: Coffee
Thread with TID = 134535190677184 read: Pizza Slice
Thread with TID = 134535169705664 read: Omelette
Thread with TID = 134535180191424 read: Diet Cola
Thread with TID = 134535243105984 read: Sushi Roll
Thread with TID = 134535148734144 read: Donut
Thread with TID = 134535127762624 read: Root Beer
Thread with TID = 134535117276864 read: Veggie Burger
Thread with TID = 134535085819584 read: Cappuccino
Thread with TID = 134535096305344 read: Garlic Breadsticks
Thread with TID = 134535138248384 read: Milkshake
Thread with TID = 134535075333824 read: Mozzarella Sticks
Thread with TID = 134535106791104 read: Taco
Thread with TID = 134535159219904 read: Cinnamon Roll
Thread with TID = 134535064848064 read: Sports Drink
