Process PID: 11181
Thread with TID = 125316422960832 read: Lemonade
Thread with TID = 125316412475072 read: Hot Chocolate
Thread with TID = 125316433446592 read: Trail Mix
Thread with TID = 125316240508608 read: Banana Split
Thread with TID = 125316250994368 read: Chocolate Chip Cookie
Thread with TID = 125316370532032 read: Nachos
Thread with TID = 125316271965888 read: Philly Cheesesteak
Thread with TID = 125316381017792 read: BBQ Pulled Pork Sandwich
Thread with TID = 125316261480128 read: Pad Thai
Thread with TID = 125316230022848 read: Latte
Thread with TID = 125316219537088 read: Pretzels
Thread with TID = 125316070639296 read: Bacon Burger
Thread with TID = 125316401989312 read: Tortilla Chips with Salsa
Thread with TID = 125316060153536 read: French Fries
Thread with TID = 125316039182016 read: Spring Rolls
Thread with TID = 125316360046272 read: BBQ Chicken Pizza
Thread with TID = 125316391503552 read: Chocolate Ice Cream
Thread with TID = 125316007724736 read: Double Cheeseburger
Thread with TID = 125315965781696 read: Kebab Platter
Thread with TID = 125316049667776 read: Calzone
Thread with TID = 125315955295936 read: Breakfast Wrap
Thread with TID = 125315821078208 read: Blueberry Muffin
Thread with TID = 125315986753216 read: Grilled Chicken Wrap
Thread with TID = 125315997238976 read: Energy Drink
Thread with TID = 125315869312704 read: Cola
Thread with TID = 125316028696256 read: Hash Browns
Thread with TID = 125316018210496 read: Cheeseburger
Thread with TID = 125315976267456 read: Spinach Dip
Thread with TID = 125315858826944 read: Chicken Sandwich
Thread with TID = 125315810592448 read: Fried Rice
Thread with TID = 125315848341184 read: Sweet Potato Fries
Thread with TID = 125315837855424 read: Quesadilla
Thread with TID = 125315779135168 read: Fish Sandwich
Thread with TID = 125315737192128 read: Tempura
Thread with TID = 125315800106688 read: Apple Pie
Thread with TID = 125315789620928 read: Onion Rings
Thread with TID = 125315695249088 read: Pita Bread with Hummus
Thread with TID = 125315747677888 read: Egg and Cheese Muffin
Thread with TID = 125315726706368 read: Chicken Tenders
Thread with TID = 125315716220608 read: Meatball Sub
Thread with TID = 125315758163648 read: Cheesecake
Thread with TID = 125315768649408 read: Brownie
Thread with TID = 125315684763328 read: Chicken Nuggets
Thread with TID = 125315705734848 read: Vanilla Ice Cream
Thread with TID = 125315642820288 read: Pepperoni Pizza
Thread with TID = 125315590391488 read: Croissant Sandwich
Thread with TID = 125315674277568 read: Strawberry Milkshake
Thread with TID = 125315663791808 read: Smoothie
Thread with TID = 125315537962688 read: Falafel Wrap
Thread with TID = 125315653306048 read: Ramen Bowl
Thread with TID = 125315600877248 read: Cheese Puffs
Thread with TID = 125315527476928 read: Gyro Sandwich
Thread with TID = 125315632334528 read: Chocolate Milkshake
Thread with TID = 125315621848768 read: Curly Fries
Thread with TID = 125315558934208 read: Burrito
Thread with TID = 125315611363008 read: Waffles
Thread with TID = 125315569419968 read: Espresso
Thread with TID = 125315548448448 read: Cupcake
Thread with TID = 125315579905728 read: Shawarma Wrap
Thread with TID = 125315516991168 read: Hot Fudge Sundae
Thread with TID = 125315506505408 read: Potato Chips
Thread with TID = 125315454076608 read: Popcorn
Thread with TID = 125315412133568 read: Sweet Tea
Thread with TID = 125315485533888 read: Iced Tea
Thread with TID = 125315464562368 read: Teriyaki Chicken Bowl
Thread with TID = 125315380676288 read: Hot Dog
Thread with TID = 125315433105088 read: Margherita Pizza
Thread with TID = 125315370190528 read: Bottled Water
Thread with TID = 125315475048128 read: Bagel Sandwich
Thread with TID = 125315359704768 read: Sushi Roll
Thread with TID = 125315401647808 read: Guacamole Dip
Thread with TID = 125315338733248 read: Dim Sum
Thread with TID = 125315349219008 read: Stuffed Crust Pizza
Thread with TID = 125315422619328 read: Chili Dog
Thread with TID = 125315328247488 read: Cherry Pie
Thread with TID = 125315496019648 read: Pancakes
Thread with TID = 125315317761728 read: Coffee
Thread with TID = 125315307275968 read: Pizza Slice
Thread with TID = 125315286304448 read: Omelette
Thread with TID = 125315296790208 read: Diet Cola
Thread with TID = 125315443590848 read: Pita Chips
Thread with TID = 125315275818688 read: Cinnamon Roll
Thread with TID = 125315391162048 read: Breakfast Burrito
Thread with TID = 125315265332928 read: Donut
Thread with TID = 125315254847168 read: Milkshake
Thread with TID = 125315223389888 read: Taco
Thread with TID = 125315233875648 read: Veggie Burger
Thread with TID = 125315244361408 read: Root Beer
Thread with TID = 125315212904128 read: Garlic Breadsticks
Thread with TID = 125315202418368 read: Cappuccino
Thread with TID = 125315181446848 read: Sports Drink
Thread with TID = 125315191932608 read: Mozzarella Sticks
