Process PID: 15530
Thread with TID = 138243716679360 read: Trail Mix
Thread with TID = 138243685222080 read: Philly Cheesesteak
Thread with TID = 138243706193600 read: Lemonade
Thread with TID = 138243695707840 read: Hot Chocolate
Thread with TID = 138243664250560 read: Chocolate Ice Cream
Thread with TID = 138243611821760 read: Chocolate Chip Cookie
Thread with TID = 138243601336000 read: Banana Split
Thread with TID = 138243622307520 read: Pad Thai
Thread with TID = 138243590850240 read: Latte
Thread with TID = 138243580364480 read: Pretzels
Thread with TID = 138243632793280 read: BBQ Chicken Pizza
Thread with TID = 138243653764800 read: BBQ Pulled Pork Sandwich
Thread with TID = 138243643279040 read: Nachos
Thread with TID = 138243674736320 read: Tortilla Chips with Salsa
Thread with TID = 138243569878720 read: Bacon Burger
Thread with TID = 138243452438208 read: Hash Browns
Thread with TID = 138243548907200 read: Calzone
Thread with TID = 138243431466688 read: Double Cheeseburger
Thread with TID = 138243559392960 read: French Fries
Thread with TID = 138243538421440 read: Spring Rolls
Thread with TID = 138243441952448 read: Cheeseburger
Thread with TID = 138243420980928 read: Energy Drink
Thread with TID = 138243318220480 read: Kebab Platter
Thread with TID = 138243400009408 read: Spinach Dip
Thread with TID = 138243240625856 read: Blueberry Muffin
Thread with TID = 138243230140096 read: Breakfast Wrap
Thread with TID = 138243410495168 read: Grilled Chicken Wrap
Thread with TID = 138243307734720 read: Cola
Thread with TID = 138243297248960 read: Chicken Sandwich
Thread with TID = 138243255305920 read: Apple Pie
Thread with TID = 138243286763200 read: Sweet Potato Fries
Thread with TID = 138243116893888 read: Cheesecake
Thread with TID = 138243198682816 read: Brownie
Thread with TID = 138243276277440 read: Quesadilla
Thread with TID = 138243265791680 read: Fried Rice
Thread with TID = 138243209168576 read: Fish Sandwich
Thread with TID = 138243219654336 read: Onion Rings
Thread with TID = 138243106408128 read: Egg and Cheese Muffin
Thread with TID = 138243085436608 read: Chicken Tenders
Thread with TID = 138243074950848 read: Meatball Sub
Thread with TID = 138243043493568 read: Chicken Nuggets
Thread with TID = 138243095922368 read: Tempura
Thread with TID = 138243064465088 read: Vanilla Ice Cream
Thread with TID = 138243053979328 read: Pita Bread with Hummus
Thread with TID = 138243033007808 read: Strawberry Milkshake
Thread with TID = 138243022522048 read: Smoothie
Thread with TID = 138243012036288 read: Ramen Bowl
Thread with TID = 138242991064768 read: Chocolate Milkshake
Thread with TID = 138242980579008 read: Curly Fries
Thread with TID = 138242959607488 read: Cheese Puffs
Thread with TID = 138243001550528 read: Pepperoni Pizza
Thread with TID = 138242949121728 read: Croissant Sandwich
Thread with TID = 138242970093248 read: Waffles
Thread with TID = 138242938635968 read: Shawarma Wrap
Thread with TID = 138242896692928 read: Falafel Wrap
Thread with TID = 138242907178688 read: Cupcake
Thread with TID = 138242886207168 read: Gyro Sandwich
Thread with TID = 138242917664448 read: Burrito
Thread with TID = 138242928150208 read: Espresso
Thread with TID = 138242865235648 read: Potato Chips
Thread with TID = 138242875721408 read: Hot Fudge Sundae
Thread with TID = 138242844264128 read: Iced Tea
Thread with TID = 138242833778368 read: Bagel Sandwich
Thread with TID = 138242823292608 read: Teriyaki Chicken Bowl
Thread with TID = 138242812806848 read: Popcorn
Thread with TID = 138242854749888 read: Pancakes
Thread with TID = 138242802321088 read: Pita Chips
Thread with TID = 138242791835328 read: Margherita Pizza
Thread with TID = 138242770863808 read: Sweet Tea
Thread with TID = 138242728920768 read: Bottled Water
Thread with TID = 138242697463488 read: Dim Sum
Thread with TID = 138242760378048 read: Guacamole Dip
Thread with TID = 138242749892288 read: Breakfast Burrito
Thread with TID = 138242739406528 read: Hot Dog
Thread with TID = 138242718435008 read: Sushi Roll
Thread with TID = 138242781349568 read: Chili Dog
Thread with TID = 138242707949248 read: Stuffed Crust Pizza
Thread with TID = 138242686977728 read: Cherry Pie
Thread with TID = 138242666006208 read: Pizza Slice
Thread with TID = 138242655520448 read: Diet Cola
Thread with TID = 138242634548928 read: Cinnamon Roll
Thread with TID = 138242624063168 read: Donut
Thread with TID = 138242613577408 read: Milkshake
Thread with TID = 138242603091648 read: Root Beer
Thread with TID = 138242592605888 read: Veggie Burger
Thread with TID = 138242676491968 read: Coffee
Thread with TID = 138242645034688 read: Omelette
Thread with TID = 138242582120128 read: Taco
Thread with TID = 138242571634368 read: Garlic Breadsticks
Thread with TID = 138242561148608 read: Cappuccino
Thread with TID = 138242550662848 read: Mozzarella Sticks
Thread with TID = 138242540177088 read: Sports Drink
