Process PID: 6160
Thread with TID = 125075932055232 read: Trail Mix
Thread with TID = 125075921569472 read: Lemonade
Thread with TID = 125075879626432 read: Chocolate Ice Cream
Thread with TID = 125075911083712 read: Hot Chocolate
Thread with TID = 125075848169152 read: BBQ Chicken Pizza
Thread with TID = 125075900597952 read: Philly Cheesesteak
Thread with TID = 125075869140672 read: BBQ Pulled Pork Sandwich
Thread with TID = 125075795740352 read: Pretzels
Thread with TID = 125075785254592 read: Bacon Burger
Thread with TID = 125075858654912 read: Nachos
Thread with TID = 125075890112192 read: Tortilla Chips with Salsa
Thread with TID = 125075774768832 read: French Fries
Thread with TID = 125075827197632 read: Chocolate Chip Cookie
Thread with TID = 125075837683392 read: Pad Thai
Thread with TID = 125075816711872 read: Banana Split
Thread with TID = 125075686688448 read: Calzone
Thread with TID = 125075676202688 read: Spring Rolls
Thread with TID = 125075665716928 read: Hash Browns
Thread with TID = 125075644745408 read: Double Cheeseburger
Thread with TID = 125075634259648 read: Energy Drink
Thread with TID = 125075592316608 read: Blueberry Muffin
Thread with TID = 125075602802368 read: Kebab Platter
Thread with TID = 125075581830848 read: Breakfast Wrap
Thread with TID = 125075571345088 read: Cola
Thread with TID = 125075539887808 read: Quesadilla
Thread with TID = 125075508430528 read: Onion Rings
Thread with TID = 125075518916288 read: Apple Pie
Thread with TID = 125075418252992 read: Brownie
Thread with TID = 125075550373568 read: Sweet Potato Fries
Thread with TID = 125075497944768 read: Fish Sandwich
Thread with TID = 125075386795712 read: Tempura
Thread with TID = 125075655231168 read: Cheeseburger
Thread with TID = 125075623773888 read: Grilled Chicken Wrap
Thread with TID = 125075407767232 read: Cheesecake
Thread with TID = 125075613288128 read: Spinach Dip
Thread with TID = 125075397281472 read: Egg and Cheese Muffin
Thread with TID = 125075560859328 read: Chicken Sandwich
Thread with TID = 125075376309952 read: Chicken Tenders
Thread with TID = 125075529402048 read: Fried Rice
Thread with TID = 125075365824192 read: Meatball Sub
Thread with TID = 125075806226112 read: Latte
Thread with TID = 125075206440640 read: Pita Bread with Hummus
Thread with TID = 125075174983360 read: Smoothie
Thread with TID = 125075164497600 read: Ramen Bowl
Thread with TID = 125075195954880 read: Chicken Nuggets
Thread with TID = 125075216926400 read: Vanilla Ice Cream
Thread with TID = 125075185469120 read: Strawberry Milkshake
Thread with TID = 125075015599808 read: Pepperoni Pizza
Thread with TID = 125075005114048 read: Chocolate Milkshake
Thread with TID = 125074994628288 read: Curly Fries
Thread with TID = 125074984142528 read: Waffles
Thread with TID = 125074881382080 read: Shawarma Wrap
Thread with TID = 125074973656768 read: Cheese Puffs
Thread with TID = 125074963171008 read: Croissant Sandwich
Thread with TID = 125074828953280 read: Gyro Sandwich
Thread with TID = 125074849924800 read: Cupcake
Thread with TID = 125074797496000 read: Pancakes
Thread with TID = 125074839439040 read: Falafel Wrap
Thread with TID = 125074870896320 read: Espresso
Thread with TID = 125074860410560 read: Burrito
Thread with TID = 125074807981760 read: Potato Chips
Thread with TID = 125074776524480 read: Bagel Sandwich
Thread with TID = 125074755552960 read: Popcorn
Thread with TID = 125074787010240 read: Iced Tea
Thread with TID = 125074745067200 read: Pita Chips
Thread with TID = 125074766038720 read: Teriyaki Chicken Bowl
Thread with TID = 125074818467520 read: Hot Fudge Sundae
Thread with TID = 125074734581440 read: Margherita Pizza
Thread with TID = 125074724095680 read: Chili Dog
Thread with TID = 125074703124160 read: Guacamole Dip
Thread with TID = 125074713609920 read: Sweet Tea
Thread with TID = 125074692638400 read: Breakfast Burrito
Thread with TID = 125074682152640 read: Hot Dog
Thread with TID = 125074661181120 read: Sushi Roll
Thread with TID = 125074671666880 read: Bottled Water
Thread with TID = 125074650695360 read: Stuffed Crust Pizza
Thread with TID = 125074629723840 read: Cherry Pie
Thread with TID = 125074619238080 read: Coffee
Thread with TID = 125074640209600 read: Dim Sum
Thread with TID = 125074598266560 read: Diet Cola
Thread with TID = 125074608752320 read: Pizza Slice
Thread with TID = 125074587780800 read: Omelette
Thread with TID = 125074556323520 read: Milkshake
Thread with TID = 125074566809280 read: Donut
Thread with TID = 125074545837760 read: Root Beer
Thread with TID = 125074535352000 read: Veggie Burger
Thread with TID = 125074514380480 read: Garlic Breadsticks
Thread with TID = 125074524866240 read: Taco
Thread with TID = 125074503894720 read: Cappuccino
Thread with TID = 125074577295040 read: Cinnamon Roll
Thread with TID = 125074482923200 read: Sports Drink
Thread with TID = 125074493408960 read: Mozzarella Sticks
