Process PID: 18006
Thread with TID = 132214478079680 read: Trail Mix
Thread with TID = 132214404679360 read: Nachos
Thread with TID = 132214293530304 read: Banana Split
Thread with TID = 132214283044544 read: Latte
Thread with TID = 132214272558784 read: Pretzels
Thread with TID = 132214436136640 read: Tortilla Chips with Salsa
Thread with TID = 132214230615744 read: Spring Rolls
Thread with TID = 132214425650880 read: Chocolate Ice Cream
Thread with TID = 132214251587264 read: French Fries
Thread with TID = 132214262073024 read: Bacon Burger
Thread with TID = 132214241101504 read: Calzone
Thread with TID = 132214467593920 read: Lemonade
Thread with TID = 132214446622400 read: Philly Cheesesteak
Thread with TID = 132214415165120 read: BBQ Pulled Pork Sandwich
Thread with TID = 132214324987584 read: BBQ Chicken Pizza
Thread with TID = 132214314501824 read: Pad Thai
Thread with TID = 132214220129984 read: Hash Browns
Thread with TID = 132214304016064 read: Chocolate Chip Cookie
Thread with TID = 132214457108160 read: Hot Chocolate
Thread with TID = 132214102689472 read: Grilled Chicken Wrap
Thread with TID = 132214113175232 read: Energy Drink
Thread with TID = 132214092203712 read: Spinach Dip
Thread with TID = 132214081717952 read: Kebab Platter
Thread with TID = 132214123660992 read: Double Cheeseburger
Thread with TID = 132213901362880 read: Chicken Sandwich
Thread with TID = 132214071232192 read: Blueberry Muffin
Thread with TID = 132213880391360 read: Quesadilla
Thread with TID = 132213922334400 read: Breakfast Wrap
Thread with TID = 132213869905600 read: Fried Rice
Thread with TID = 132213890877120 read: Sweet Potato Fries
Thread with TID = 132214209644224 read: Cheeseburger
Thread with TID = 132213721007808 read: Apple Pie
Thread with TID = 132213710522048 read: Onion Rings
Thread with TID = 132213911848640 read: Cola
Thread with TID = 132213700036288 read: Fish Sandwich
Thread with TID = 132213555332800 read: Vanilla Ice Cream
Thread with TID = 132213534361280 read: Chicken Nuggets
Thread with TID = 132213586790080 read: Tempura
Thread with TID = 132213565818560 read: Meatball Sub
Thread with TID = 132213689550528 read: Brownie
Thread with TID = 132213576304320 read: Chicken Tenders
Thread with TID = 132213502904000 read: Ramen Bowl
Thread with TID = 132213679064768 read: Cheesecake
Thread with TID = 132213492418240 read: Pepperoni Pizza
Thread with TID = 132213523875520 read: Strawberry Milkshake
Thread with TID = 132213668579008 read: Egg and Cheese Muffin
Thread with TID = 132213513389760 read: Smoothie
Thread with TID = 132213460960960 read: Waffles
Thread with TID = 132213439989440 read: Croissant Sandwich
Thread with TID = 132213544847040 read: Pita Bread with Hummus
Thread with TID = 132213419017920 read: Espresso
Thread with TID = 132213481932480 read: Chocolate Milkshake
Thread with TID = 132213471446720 read: Curly Fries
Thread with TID = 132213408532160 read: Burrito
Thread with TID = 132213429503680 read: Shawarma Wrap
Thread with TID = 132213450475200 read: Cheese Puffs
Thread with TID = 132213398046400 read: Cupcake
Thread with TID = 132213377074880 read: Gyro Sandwich
Thread with TID = 132213345617600 read: Pancakes
Thread with TID = 132213366589120 read: Hot Fudge Sundae
Thread with TID = 132213387560640 read: Falafel Wrap
Thread with TID = 132213335131840 read: Iced Tea
Thread with TID = 132213324646080 read: Bagel Sandwich
Thread with TID = 132213314160320 read: Teriyaki Chicken Bowl
Thread with TID = 132213303674560 read: Popcorn
Thread with TID = 132213272217280 read: Chili Dog
Thread with TID = 132213240760000 read: Breakfast Burrito
Thread with TID = 132213188331200 read: Dim Sum
Thread with TID = 132213261731520 read: Sweet Tea
Thread with TID = 132213198816960 read: Stuffed Crust Pizza
Thread with TID = 132213209302720 read: Sushi Roll
Thread with TID = 132213356103360 read: Potato Chips
Thread with TID = 132213251245760 read: Guacamole Dip
Thread with TID = 132213230274240 read: Hot Dog
Thread with TID = 132213219788480 read: Bottled Water
Thread with TID = 132213282703040 read: Margherita Pizza
Thread with TID = 132213177845440 read: Cherry Pie
Thread with TID = 132213146388160 read: Diet Cola
Thread with TID = 132213135902400 read: Omelette
Thread with TID = 132213156873920 read: Pizza Slice
Thread with TID = 132213125416640 read: Cinnamon Roll
Thread with TID = 132213167359680 read: Coffee
Thread with TID = 132213114930880 read: Donut
Thread with TID = 132213062502080 read: Garlic Breadsticks
Thread with TID = 132213041530560 read: Mozzarella Sticks
Thread with TID = 132213083473600 read: Veggie Burger
Thread with TID = 132213072987840 read: Taco
Thread with TID = 132213052016320 read: Cappuccino
Thread with TID = 132213104445120 read: Milkshake
Thread with TID = 132213093959360 read: Root Beer
Thread with TID = 132213031044800 read: Sports Drink
Thread with TID = 132213293188800 read: Pita Chips
