Process PID: 15084
Thread with TID = 131711704762048 read: Fish Sandwich
Thread with TID = 131711694276288 read: Tortilla Chips with Salsa
Thread with TID = 131712321324736 read: Tempura
Thread with TID = 131712289867456 read: Hot Fudge Sundae
Thread with TID = 131712268895936 read: Sweet Tea
Thread with TID = 131712394725056 read: Veggie Burger
Thread with TID = 131712405210816 read: Chocolate Chip Cookie
Thread with TID = 131712384239296 read: Meatball Sub
Thread with TID = 131712373753536 read: Chicken Sandwich
Thread with TID = 131712363267776 read: Hash Browns
Thread with TID = 131712352782016 read: Chocolate Milkshake
Thread with TID = 131712342296256 read: Bagel Sandwich
Thread with TID = 131712331810496 read: Pretzels
Thread with TID = 131712300353216 read: Fried Rice
Thread with TID = 131712279381696 read: Egg and Cheese Muffin
Thread with TID = 131712310838976 read: Brownie
Thread with TID = 131712128386752 read: Breakfast Burrito
Thread with TID = 131711927060160 read: Omelette
Thread with TID = 131712096929472 read: Mozzarella Sticks
Thread with TID = 131711534892736 read: Pita Bread with Hummus
Thread with TID = 131711344051904 read: Root Beer
Thread with TID = 131711333566144 read: Sushi Roll
Thread with TID = 131711323080384 read: Pita Chips
Thread with TID = 131711291623104 read: Popcorn
Thread with TID = 131711121753792 read: Calzone
Thread with TID = 131711100782272 read: Philly Cheesesteak
Thread with TID = 131710899455680 read: BBQ Pulled Pork Sandwich
Thread with TID = 131710807180992 read: Dim Sum
Thread with TID = 131710786209472 read: Quesadilla
Thread with TID = 131710765237952 read: Chicken Nuggets
Thread with TID = 131710888969920 read: Vanilla Ice Cream
Thread with TID = 131711524406976 read: Espresso
Thread with TID = 131710723294912 read: Grilled Chicken Wrap
Thread with TID = 131710702323392 read: Hot Dog
Thread with TID = 131710691837632 read: Cola
Thread with TID = 131710660380352 read: Chicken Tenders
Thread with TID = 131710681351872 read: Double Cheeseburger
Thread with TID = 131710513579712 read: Pepperoni Pizza
Thread with TID = 131710733780672 read: Cinnamon Roll
Thread with TID = 131710744266432 read: Iced Tea
Thread with TID = 131710649894592 read: Cheeseburger
Thread with TID = 131711937545920 read: Smoothie
Thread with TID = 131712117900992 read: Teriyaki Chicken Bowl
Thread with TID = 131712107415232 read: Sweet Potato Fries
Thread with TID = 131710754752192 read: Taco
Thread with TID = 131712237438656 read: Cheesecake
Thread with TID = 131712247924416 read: Kebab Platter
Thread with TID = 131710607951552 read: Strawberry Milkshake
Thread with TID = 131710482122432 read: French Fries
Thread with TID = 131710534551232 read: Milkshake
Thread with TID = 131712138872512 read: Cappuccino
Thread with TID = 131710524065472 read: Pancakes
Thread with TID = 131710639408832 read: Falafel Wrap
Thread with TID = 131711302108864 read: Pad Thai
Thread with TID = 131710545036992 read: Margherita Pizza
Thread with TID = 131712149358272 read: Guacamole Dip
Thread with TID = 131711725733568 read: Spinach Dip
Thread with TID = 131710628923072 read: Diet Cola
Thread with TID = 131711715247808 read: Cupcake
Thread with TID = 131710618437312 read: Latte
Thread with TID = 131710920427200 read: Hot Chocolate
Thread with TID = 131710930912960 read: Ramen Bowl
Thread with TID = 131711736219328 read: Nachos
Thread with TID = 131710712809152 read: Garlic Breadsticks
Thread with TID = 131710670866112 read: Energy Drink
Thread with TID = 131710492608192 read: Chili Dog
Thread with TID = 131711312594624 read: Lemonade
Thread with TID = 131712258410176 read: Sports Drink
Thread with TID = 131711948031680 read: Pizza Slice
Thread with TID = 131711916574400 read: Blueberry Muffin
Thread with TID = 131711906088640 read: Bacon Burger
Thread with TID = 131711895602880 read: Bottled Water
Thread with TID = 131711746705088 read: Potato Chips
Thread with TID = 131711545378496 read: Stuffed Crust Pizza
Thread with TID = 131711503435456 read: Donut
Thread with TID = 131711492949696 read: Burrito
Thread with TID = 131711142725312 read: Gyro Sandwich
Thread with TID = 131711132239552 read: Cheese Puffs
Thread with TID = 131711111268032 read: Coffee
Thread with TID = 131711090296512 read: Onion Rings
Thread with TID = 131710941398720 read: Cherry Pie
Thread with TID = 131710909941440 read: Curly Fries
Thread with TID = 131710796695232 read: Breakfast Wrap
Thread with TID = 131710775723712 read: Banana Split
Thread with TID = 131710566008512 read: Apple Pie
Thread with TID = 131710471636672 read: Trail Mix
Thread with TID = 131710503093952 read: BBQ Chicken Pizza
Thread with TID = 131710576494272 read: Chocolate Ice Cream
Thread with TID = 131710586980032 read: Croissant Sandwich
Thread with TID = 131710597465792 read: Waffles
Thread with TID = 131710555522752 read: Spring Rolls
Thread with TID = 131711513921216 read: Shawarma Wrap
