Process PID: 136046
Thread with TID = 140737347847872 read: Trail Mix
Thread with TID = 140737326876352 read: Hot Chocolate
Thread with TID = 140737316390592 read: Philly Cheesesteak
Thread with TID = 140737337362112 read: Lemonade
Thread with TID = 140737305904832 read: Tortilla Chips with Salsa
Thread with TID = 140737196852928 read: Nachos
Thread with TID = 140737186367168 read: BBQ Chicken Pizza
Thread with TID = 140737217824448 read: Chocolate Ice Cream
Thread with TID = 140737175881408 read: Pad Thai
Thread with TID = 140737041663680 read: French Fries
Thread with TID = 140736989234880 read: Double Cheeseburger
Thread with TID = 140737031177920 read: Calzone
Thread with TID = 140737083606720 read: Banana Split
Thread with TID = 140737073120960 read: Latte
Thread with TID = 140737062635200 read: Pretzels
Thread with TID = 140737052149440 read: Bacon Burger
Thread with TID = 140737020692160 read: Spring Rolls
Thread with TID = 140737010206400 read: Hash Browns
Thread with TID = 140736999720640 read: Cheeseburger
Thread with TID = 140736978749120 read: Energy Drink
Thread with TID = 140737207338688 read: BBQ Pulled Pork Sandwich
Thread with TID = 140737165395648 read: Chocolate Chip Cookie
Thread with TID = 140736804685504 read: Fried Rice
Thread with TID = 140736947291840 read: Kebab Platter
Thread with TID = 140736968263360 read: Grilled Chicken Wrap
Thread with TID = 140736762742464 read: Brownie
Thread with TID = 140736659982016 read: Tempura
Thread with TID = 140736915834560 read: Cola
Thread with TID = 140736794199744 read: Apple Pie
Thread with TID = 140736618038976 read: Pita Bread with Hummus
Thread with TID = 140736607553216 read: Chicken Nuggets
Thread with TID = 140736586581696 read: Smoothie
Thread with TID = 140736670467776 read: Egg and Cheese Muffin
Thread with TID = 140736576095936 read: Ramen Bowl
Thread with TID = 140736565610176 read: Pepperoni Pizza
Thread with TID = 140736555124416 read: Chocolate Milkshake
Thread with TID = 140736926320320 read: Breakfast Wrap
Thread with TID = 140736957777600 read: Spinach Dip
Thread with TID = 140736639010496 read: Meatball Sub
Thread with TID = 140736905348800 read: Chicken Sandwich
Thread with TID = 140736936806080 read: Blueberry Muffin
Thread with TID = 140736773228224 read: Fish Sandwich
Thread with TID = 140736680953536 read: Cheesecake
Thread with TID = 140736628524736 read: Vanilla Ice Cream
Thread with TID = 140736783713984 read: Onion Rings
Thread with TID = 140736597067456 read: Strawberry Milkshake
Thread with TID = 140736649496256 read: Chicken Tenders
Thread with TID = 140736894863040 read: Sweet Potato Fries
Thread with TID = 140736467044032 read: Waffles
Thread with TID = 140736456558272 read: Cheese Puffs
Thread with TID = 140736544638656 read: Curly Fries
Thread with TID = 140736435586752 read: Shawarma Wrap
Thread with TID = 140736383157952 read: Gyro Sandwich
Thread with TID = 140736404129472 read: Cupcake
Thread with TID = 140736393643712 read: Falafel Wrap
Thread with TID = 140736425100992 read: Espresso
Thread with TID = 140736446072512 read: Croissant Sandwich
Thread with TID = 140736330729152 read: Bagel Sandwich
Thread with TID = 140736341214912 read: Iced Tea
Thread with TID = 140736372672192 read: Hot Fudge Sundae
Thread with TID = 140736351700672 read: Pancakes
Thread with TID = 140736414615232 read: Burrito
Thread with TID = 140736320243392 read: Teriyaki Chicken Bowl
Thread with TID = 140736362186432 read: Potato Chips
Thread with TID = 140736309757632 read: Popcorn
Thread with TID = 140736288786112 read: Margherita Pizza
Thread with TID = 140736257328832 read: Guacamole Dip
Thread with TID = 140736246843072 read: Breakfast Burrito
Thread with TID = 140736236357312 read: Hot Dog
Thread with TID = 140736267814592 read: Sweet Tea
Thread with TID = 140736194414272 read: Dim Sum
Thread with TID = 140736225871552 read: Bottled Water
Thread with TID = 140736299271872 read: Pita Chips
Thread with TID = 140736278300352 read: Chili Dog
Thread with TID = 140736204900032 read: Stuffed Crust Pizza
Thread with TID = 140736215385792 read: Sushi Roll
Thread with TID = 140736523667136 read: Coffee
Thread with TID = 140736534152896 read: Cherry Pie
Thread with TID = 140736513181376 read: Pizza Slice
Thread with TID = 140736815171264 read: Quesadilla
Thread with TID = 140736502695616 read: Diet Cola
Thread with TID = 140736162956992 read: Root Beer
Thread with TID = 140736076973760 read: Veggie Burger
Thread with TID = 140736492209856 read: Omelette
Thread with TID = 140736066488000 read: Taco
Thread with TID = 140736481724096 read: Cinnamon Roll
Thread with TID = 140736056002240 read: Garlic Breadsticks
Thread with TID = 140736173442752 read: Milkshake
Thread with TID = 140736045516480 read: Cappuccino
Thread with TID = 140736035030720 read: Mozzarella Sticks
Thread with TID = 140736024544960 read: Sports Drink
Thread with TID = 140736183928512 read: Donut
