Process PID: 9888
Thread with TID = 140737347847872 read: Trail Mix
Thread with TID = 140737316390592 read: Philly Cheesesteak
Thread with TID = 140737242990272 read: Chocolate Chip Cookie
Thread with TID = 140737232504512 read: Banana Split
Thread with TID = 140737201047232 read: Bacon Burger
Thread with TID = 140737274447552 read: Nachos
Thread with TID = 140737190561472 read: French Fries
Thread with TID = 140737295419072 read: Chocolate Ice Cream
Thread with TID = 140737337362112 read: Lemonade
Thread with TID = 140737326876352 read: Hot Chocolate
Thread with TID = 140737016497856 read: Double Cheeseburger
Thread with TID = 140737211532992 read: Pretzels
Thread with TID = 140737138132672 read: Energy Drink
Thread with TID = 140737127646912 read: Grilled Chicken Wrap
Thread with TID = 140737117161152 read: Spinach Dip
Thread with TID = 140737106675392 read: Kebab Platter
Thread with TID = 140737096189632 read: Blueberry Muffin
Thread with TID = 140737222018752 read: Latte
Thread with TID = 140737006012096 read: Breakfast Wrap
Thread with TID = 140737169589952 read: Spring Rolls
Thread with TID = 140737180075712 read: Calzone
Thread with TID = 140737284933312 read: BBQ Pulled Pork Sandwich
Thread with TID = 140737159104192 read: Hash Browns
Thread with TID = 140737305904832 read: Tortilla Chips with Salsa
Thread with TID = 140737148618432 read: Cheeseburger
Thread with TID = 140737263961792 read: BBQ Chicken Pizza
Thread with TID = 140736964069056 read: Quesadilla
Thread with TID = 140736995526336 read: Cola
Thread with TID = 140736882280128 read: Fried Rice
Thread with TID = 140736861308608 read: Onion Rings
Thread with TID = 140736840337088 read: Brownie
Thread with TID = 140736670467776 read: Tempura
Thread with TID = 140736974554816 read: Sweet Potato Fries
Thread with TID = 140737253476032 read: Pad Thai
Thread with TID = 140736829851328 read: Cheesecake
Thread with TID = 140736985040576 read: Chicken Sandwich
Thread with TID = 140736871794368 read: Apple Pie
Thread with TID = 140736680953536 read: Egg and Cheese Muffin
Thread with TID = 140736659982016 read: Chicken Tenders
Thread with TID = 140736850822848 read: Fish Sandwich
Thread with TID = 140736649496256 read: Meatball Sub
Thread with TID = 140736536250048 read: Strawberry Milkshake
Thread with TID = 140736525764288 read: Smoothie
Thread with TID = 140736639010496 read: Vanilla Ice Cream
Thread with TID = 140736504792768 read: Pepperoni Pizza
Thread with TID = 140736515278528 read: Ramen Bowl
Thread with TID = 140736546735808 read: Chicken Nuggets
Thread with TID = 140736494307008 read: Chocolate Milkshake
Thread with TID = 140736370575040 read: Shawarma Wrap
Thread with TID = 140736381060800 read: Croissant Sandwich
Thread with TID = 140736360089280 read: Espresso
Thread with TID = 140736402032320 read: Waffles
Thread with TID = 140736391546560 read: Cheese Puffs
Thread with TID = 140736278300352 read: Burrito
Thread with TID = 140736412518080 read: Curly Fries
Thread with TID = 140736628524736 read: Pita Bread with Hummus
Thread with TID = 140736257328832 read: Falafel Wrap
Thread with TID = 140736246843072 read: Gyro Sandwich
Thread with TID = 140736144082624 read: Pancakes
Thread with TID = 140736236357312 read: Hot Fudge Sundae
Thread with TID = 140736112625344 read: Teriyaki Chicken Bowl
Thread with TID = 140736267814592 read: Cupcake
Thread with TID = 140736225871552 read: Potato Chips
Thread with TID = 140736133596864 read: Iced Tea
Thread with TID = 140736123111104 read: Bagel Sandwich
Thread with TID = 140736091653824 read: Pita Chips
Thread with TID = 140736009864896 read: Margherita Pizza
Thread with TID = 140736102139584 read: Popcorn
Thread with TID = 140735988893376 read: Sweet Tea
Thread with TID = 140735978407616 read: Guacamole Dip
Thread with TID = 140735967921856 read: Breakfast Burrito
Thread with TID = 140735999379136 read: Chili Dog
Thread with TID = 140735865161408 read: Sushi Roll
Thread with TID = 140735823218368 read: Coffee
Thread with TID = 140735854675648 read: Stuffed Crust Pizza
Thread with TID = 140735875647168 read: Bottled Water
Thread with TID = 140735844189888 read: Dim Sum
Thread with TID = 140735833704128 read: Cherry Pie
Thread with TID = 140735730943680 read: Diet Cola
Thread with TID = 140735957436096 read: Hot Dog
Thread with TID = 140735709972160 read: Cinnamon Roll
Thread with TID = 140735720457920 read: Omelette
Thread with TID = 140735607211712 read: Root Beer
Thread with TID = 140735741429440 read: Pizza Slice
Thread with TID = 140735575754432 read: Garlic Breadsticks
Thread with TID = 140735689000640 read: Milkshake
Thread with TID = 140735586240192 read: Taco
Thread with TID = 140735699486400 read: Donut
Thread with TID = 140735554782912 read: Mozzarella Sticks
Thread with TID = 140735565268672 read: Cappuccino
Thread with TID = 140735472993984 read: Sports Drink
Thread with TID = 140735596725952 read: Veggie Burger
