Process PID: 123854
Thread with TID = 140737337362112 read: Lemonade
Thread with TID = 140737347847872 read: Trail Mix
Thread with TID = 140737217824448 read: Chocolate Ice Cream
Thread with TID = 140737165395648 read: Chocolate Chip Cookie
Thread with TID = 140737175881408 read: Pad Thai
Thread with TID = 140737326876352 read: Hot Chocolate
Thread with TID = 140737316390592 read: Philly Cheesesteak
Thread with TID = 140737052149440 read: Bacon Burger
Thread with TID = 140737031177920 read: Calzone
Thread with TID = 140736748062400 read: Spinach Dip
Thread with TID = 140736727090880 read: Blueberry Muffin
Thread with TID = 140736938903232 read: Hash Browns
Thread with TID = 140737073120960 read: Latte
Thread with TID = 140737196852928 read: Nachos
Thread with TID = 140736536250048 read: Quesadilla
Thread with TID = 140737083606720 read: Banana Split
Thread with TID = 140736716605120 read: Breakfast Wrap
Thread with TID = 140737305904832 read: Tortilla Chips with Salsa
Thread with TID = 140737186367168 read: BBQ Chicken Pizza
Thread with TID = 140737041663680 read: French Fries
Thread with TID = 140736949388992 read: Spring Rolls
Thread with TID = 140736928417472 read: Cheeseburger
Thread with TID = 140736907445952 read: Energy Drink
Thread with TID = 140736695633600 read: Chicken Sandwich
Thread with TID = 140736737576640 read: Kebab Platter
Thread with TID = 140736896960192 read: Grilled Chicken Wrap
Thread with TID = 140737207338688 read: BBQ Pulled Pork Sandwich
Thread with TID = 140736706119360 read: Cola
Thread with TID = 140736546735808 read: Sweet Potato Fries
Thread with TID = 140736917931712 read: Double Cheeseburger
Thread with TID = 140737062635200 read: Pretzels
Thread with TID = 140736525764288 read: Fried Rice
Thread with TID = 140736504792768 read: Onion Rings
Thread with TID = 140736515278528 read: Apple Pie
Thread with TID = 140736345409216 read: Brownie
Thread with TID = 140736313951936 read: Tempura
Thread with TID = 140736324437696 read: Egg and Cheese Muffin
Thread with TID = 140736303466176 read: Chicken Tenders
Thread with TID = 140736334923456 read: Cheesecake
Thread with TID = 140736494307008 read: Fish Sandwich
Thread with TID = 140736251037376 read: Strawberry Milkshake
Thread with TID = 140736292980416 read: Meatball Sub
Thread with TID = 140736230065856 read: Ramen Bowl
Thread with TID = 140736272008896 read: Pita Bread with Hummus
Thread with TID = 140736261523136 read: Chicken Nuggets
Thread with TID = 140736240551616 read: Smoothie
Thread with TID = 140736198608576 read: Curly Fries
Thread with TID = 140736282494656 read: Vanilla Ice Cream
Thread with TID = 140736177637056 read: Cheese Puffs
Thread with TID = 140736167151296 read: Croissant Sandwich
Thread with TID = 140736209094336 read: Chocolate Milkshake
Thread with TID = 140736156665536 read: Shawarma Wrap
Thread with TID = 140736219580096 read: Pepperoni Pizza
Thread with TID = 140736188122816 read: Waffles
Thread with TID = 140736135694016 read: Burrito
Thread with TID = 140736146179776 read: Espresso
Thread with TID = 140736093750976 read: Hot Fudge Sundae
Thread with TID = 140736125208256 read: Cupcake
Thread with TID = 140736114722496 read: Falafel Wrap
Thread with TID = 140736062293696 read: Iced Tea
Thread with TID = 140736104236736 read: Gyro Sandwich
Thread with TID = 140736051807936 read: Bagel Sandwich
Thread with TID = 140736009864896 read: Margherita Pizza
Thread with TID = 140736072779456 read: Pancakes
Thread with TID = 140735978407616 read: Guacamole Dip
Thread with TID = 140736083265216 read: Potato Chips
Thread with TID = 140735967921856 read: Breakfast Burrito
Thread with TID = 140735999379136 read: Chili Dog
Thread with TID = 140736041322176 read: Teriyaki Chicken Bowl
Thread with TID = 140736030836416 read: Popcorn
Thread with TID = 140735957436096 read: Hot Dog
Thread with TID = 140735946950336 read: Bottled Water
Thread with TID = 140736020350656 read: Pita Chips
Thread with TID = 140735925978816 read: Stuffed Crust Pizza
Thread with TID = 140735936464576 read: Sushi Roll
Thread with TID = 140735915493056 read: Dim Sum
Thread with TID = 140735905007296 read: Cherry Pie
Thread with TID = 140735894521536 read: Coffee
Thread with TID = 140735873550016 read: Diet Cola
Thread with TID = 140735863064256 read: Omelette
Thread with TID = 140735800149696 read: Taco
Thread with TID = 140735884035776 read: Pizza Slice
Thread with TID = 140735789663936 read: Garlic Breadsticks
Thread with TID = 140735831606976 read: Milkshake
Thread with TID = 140735768692416 read: Mozzarella Sticks
Thread with TID = 140735821121216 read: Root Beer
Thread with TID = 140735810635456 read: Veggie Burger
Thread with TID = 140735988893376 read: Sweet Tea
Thread with TID = 140735852578496 read: Cinnamon Roll
Thread with TID = 140735779178176 read: Cappuccino
Thread with TID = 140735842092736 read: Donut
Thread with TID = 140735758206656 read: Sports Drink
