Process PID: 26946
Thread with TID = 123280583296704 read: Trail Mix
Thread with TID = 123280572810944 read: Lemonade
Thread with TID = 123280551839424 read: Philly Cheesesteak
Thread with TID = 123280562325184 read: Hot Chocolate
Thread with TID = 123280541353664 read: Tortilla Chips with Salsa
Thread with TID = 123280457467584 read: Chocolate Ice Cream
Thread with TID = 123280446981824 read: BBQ Pulled Pork Sandwich
Thread with TID = 123280436496064 read: Nachos
Thread with TID = 123280426010304 read: BBQ Chicken Pizza
Thread with TID = 123280415524544 read: Pad Thai
Thread with TID = 123280405038784 read: Chocolate Chip Cookie
Thread with TID = 123280291792576 read: Bacon Burger
Thread with TID = 123280270821056 read: Calzone
Thread with TID = 123280094660288 read: Breakfast Wrap
Thread with TID = 123280312764096 read: Latte
Thread with TID = 123280178546368 read: Hash Browns
Thread with TID = 123280302278336 read: Pretzels
Thread with TID = 123280063203008 read: Sweet Potato Fries
Thread with TID = 123280323249856 read: Banana Split
Thread with TID = 123280281306816 read: French Fries
Thread with TID = 123280084174528 read: Cola
Thread with TID = 123280157574848 read: Double Cheeseburger
Thread with TID = 123280052717248 read: Quesadilla
Thread with TID = 123280073688768 read: Chicken Sandwich
Thread with TID = 123280042231488 read: Fried Rice
Thread with TID = 123280031745728 read: Apple Pie
Thread with TID = 123280168060608 read: Cheeseburger
Thread with TID = 123279620703936 read: Chicken Tenders
Thread with TID = 123279652161216 read: Cheesecake
Thread with TID = 123279631189696 read: Tempura
Thread with TID = 123280189032128 read: Spring Rolls
Thread with TID = 123280126117568 read: Spinach Dip
Thread with TID = 123280105146048 read: Blueberry Muffin
Thread with TID = 123280115631808 read: Kebab Platter
Thread with TID = 123279641675456 read: Egg and Cheese Muffin
Thread with TID = 123280147089088 read: Energy Drink
Thread with TID = 123280136603328 read: Grilled Chicken Wrap
Thread with TID = 123280021259968 read: Onion Rings
Thread with TID = 123280010774208 read: Fish Sandwich
Thread with TID = 123280000288448 read: Brownie
Thread with TID = 123279589246656 read: Pita Bread with Hummus
Thread with TID = 123279599732416 read: Vanilla Ice Cream
Thread with TID = 123279610218176 read: Meatball Sub
Thread with TID = 123279578760896 read: Chicken Nuggets
Thread with TID = 123279557789376 read: Smoothie
Thread with TID = 123279568275136 read: Strawberry Milkshake
Thread with TID = 123279547303616 read: Ramen Bowl
Thread with TID = 123279536817856 read: Pepperoni Pizza
Thread with TID = 123279526332096 read: Chocolate Milkshake
Thread with TID = 123279494874816 read: Cheese Puffs
Thread with TID = 123279515846336 read: Curly Fries
Thread with TID = 123279505360576 read: Waffles
Thread with TID = 123279484389056 read: Croissant Sandwich
Thread with TID = 123279463417536 read: Espresso
Thread with TID = 123279431960256 read: Falafel Wrap
Thread with TID = 123279452931776 read: Burrito
Thread with TID = 123279421474496 read: Gyro Sandwich
Thread with TID = 123279442446016 read: Cupcake
Thread with TID = 123279410988736 read: Hot Fudge Sundae
Thread with TID = 123279400502976 read: Potato Chips
Thread with TID = 123279390017216 read: Pancakes
Thread with TID = 123279379531456 read: Iced Tea
Thread with TID = 123279473903296 read: Shawarma Wrap
Thread with TID = 123279358559936 read: Teriyaki Chicken Bowl
Thread with TID = 123279369045696 read: Bagel Sandwich
Thread with TID = 123279327102656 read: Margherita Pizza
Thread with TID = 123279316616896 read: Chili Dog
Thread with TID = 123279274673856 read: Hot Dog
Thread with TID = 123279264188096 read: Bottled Water
Thread with TID = 123279348074176 read: Popcorn
Thread with TID = 123279253702336 read: Sushi Roll
Thread with TID = 123279337588416 read: Pita Chips
Thread with TID = 123279295645376 read: Guacamole Dip
Thread with TID = 123279285159616 read: Breakfast Burrito
Thread with TID = 123279306131136 read: Sweet Tea
Thread with TID = 123279243216576 read: Stuffed Crust Pizza
Thread with TID = 123279180302016 read: Omelette
Thread with TID = 123279232730816 read: Dim Sum
Thread with TID = 123279169816256 read: Cinnamon Roll
Thread with TID = 123279211759296 read: Coffee
Thread with TID = 123279201273536 read: Pizza Slice
Thread with TID = 123279190787776 read: Diet Cola
Thread with TID = 123279138358976 read: Root Beer
Thread with TID = 123279148844736 read: Milkshake
Thread with TID = 123279222245056 read: Cherry Pie
Thread with TID = 123279159330496 read: Donut
Thread with TID = 123279127873216 read: Veggie Burger
Thread with TID = 123279106901696 read: Garlic Breadsticks
Thread with TID = 123279096415936 read: Cappuccino
Thread with TID = 123279075444416 read: Sports Drink
Thread with TID = 123279085930176 read: Mozzarella Sticks
Thread with TID = 123279117387456 read: Taco
