Process PID: 30200
Thread with TID = 138794143581888 read: Lemonade
Thread with TID = 138794133096128 read: Hot Chocolate
Thread with TID = 138794122610368 read: Philly Cheesesteak
Thread with TID = 138794112124608 read: Tortilla Chips with Salsa
Thread with TID = 138794101638848 read: Chocolate Ice Cream
Thread with TID = 138794154067648 read: Trail Mix
Thread with TID = 138793824814784 read: Kebab Platter
Thread with TID = 138793845786304 read: Grilled Chicken Wrap
Thread with TID = 138793835300544 read: Spinach Dip
Thread with TID = 138794003072704 read: Nachos
Thread with TID = 138793793357504 read: Cola
Thread with TID = 138793782871744 read: Chicken Sandwich
Thread with TID = 138793772385984 read: Sweet Potato Fries
Thread with TID = 138793908700864 read: Calzone
Thread with TID = 138793929672384 read: Bacon Burger
Thread with TID = 138793992586944 read: BBQ Chicken Pizza
Thread with TID = 138793971615424 read: Chocolate Chip Cookie
Thread with TID = 138793961129664 read: Banana Split
Thread with TID = 138793898215104 read: Spring Rolls
Thread with TID = 138793919186624 read: French Fries
Thread with TID = 138793887729344 read: Hash Browns
Thread with TID = 138793877243584 read: Cheeseburger
Thread with TID = 138793866757824 read: Double Cheeseburger
Thread with TID = 138793856272064 read: Energy Drink
Thread with TID = 138793950643904 read: Latte
Thread with TID = 138793940158144 read: Pretzels
Thread with TID = 138793982101184 read: Pad Thai
Thread with TID = 138793814329024 read: Blueberry Muffin
Thread with TID = 138793803843264 read: Breakfast Wrap
Thread with TID = 138794013558464 read: BBQ Pulled Pork Sandwich
Thread with TID = 138793646556864 read: Fish Sandwich
Thread with TID = 138793636071104 read: Brownie
Thread with TID = 138793761900224 read: Quesadilla
Thread with TID = 138793604613824 read: Tempura
Thread with TID = 138793594128064 read: Chicken Tenders
Thread with TID = 138793678014144 read: Fried Rice
Thread with TID = 138793583642304 read: Meatball Sub
Thread with TID = 138793667528384 read: Apple Pie
Thread with TID = 138793657042624 read: Onion Rings
Thread with TID = 138793625585344 read: Cheesecake
Thread with TID = 138793615099584 read: Egg and Cheese Muffin
Thread with TID = 138793573156544 read: Vanilla Ice Cream
Thread with TID = 138793531213504 read: Smoothie
Thread with TID = 138793457813184 read: Croissant Sandwich
Thread with TID = 138793552185024 read: Chicken Nuggets
Thread with TID = 138793562670784 read: Pita Bread with Hummus
Thread with TID = 138793541699264 read: Strawberry Milkshake
Thread with TID = 138793447327424 read: Shawarma Wrap
Thread with TID = 138793510241984 read: Pepperoni Pizza
Thread with TID = 138793436841664 read: Espresso
Thread with TID = 138793499756224 read: Chocolate Milkshake
Thread with TID = 138793489270464 read: Curly Fries
Thread with TID = 138793478784704 read: Waffles
Thread with TID = 138793468298944 read: Cheese Puffs
Thread with TID = 138793520727744 read: Ramen Bowl
Thread with TID = 138793426355904 read: Burrito
Thread with TID = 138793331984064 read: Falafel Wrap
Thread with TID = 138793300526784 read: Potato Chips
Thread with TID = 138793321498304 read: Gyro Sandwich
Thread with TID = 138793311012544 read: Hot Fudge Sundae
Thread with TID = 138793216640704 read: Chili Dog
Thread with TID = 138793195669184 read: Guacamole Dip
Thread with TID = 138793342469824 read: Cupcake
Thread with TID = 138793122268864 read: Cherry Pie
Thread with TID = 138793290041024 read: Pancakes
Thread with TID = 138793269069504 read: Bagel Sandwich
Thread with TID = 138793279555264 read: Iced Tea
Thread with TID = 138793258583744 read: Teriyaki Chicken Bowl
Thread with TID = 138793248097984 read: Popcorn
Thread with TID = 138793237612224 read: Pita Chips
Thread with TID = 138793227126464 read: Margherita Pizza
Thread with TID = 138793174697664 read: Hot Dog
Thread with TID = 138793206154944 read: Sweet Tea
Thread with TID = 138793185183424 read: Breakfast Burrito
Thread with TID = 138793143240384 read: Stuffed Crust Pizza
Thread with TID = 138793153726144 read: Sushi Roll
Thread with TID = 138793111783104 read: Coffee
Thread with TID = 138793101297344 read: Pizza Slice
Thread with TID = 138793090811584 read: Diet Cola
Thread with TID = 138793132754624 read: Dim Sum
Thread with TID = 138793080325824 read: Omelette
Thread with TID = 138793069840064 read: Cinnamon Roll
Thread with TID = 138793164211904 read: Bottled Water
Thread with TID = 138793059354304 read: Donut
Thread with TID = 138793048868544 read: Milkshake
Thread with TID = 138793038382784 read: Root Beer
Thread with TID = 138792996439744 read: Cappuccino
Thread with TID = 138793027897024 read: Veggie Burger
Thread with TID = 138792985953984 read: Mozzarella Sticks
Thread with TID = 138792975468224 read: Sports Drink
Thread with TID = 138793017411264 read: Taco
Thread with TID = 138793006925504 read: Garlic Breadsticks
