Process PID: 32216
Thread with TID = 133257607775936 read: Trail Mix
Thread with TID = 133257597290176 read: Lemonade
Thread with TID = 133257576318656 read: Philly Cheesesteak
Thread with TID = 133257586804416 read: Hot Chocolate
Thread with TID = 133257565832896 read: Tortilla Chips with Salsa
Thread with TID = 133257555347136 read: Chocolate Ice Cream
Thread with TID = 133257544861376 read: BBQ Pulled Pork Sandwich
Thread with TID = 133257465169600 read: Nachos
Thread with TID = 133257454683840 read: BBQ Chicken Pizza
Thread with TID = 133257444198080 read: Pad Thai
Thread with TID = 133257433712320 read: Chocolate Chip Cookie
Thread with TID = 133257423226560 read: Banana Split
Thread with TID = 133257412740800 read: Latte
Thread with TID = 133257263843008 read: Pretzels
Thread with TID = 133257253357248 read: Bacon Burger
Thread with TID = 133257242871488 read: French Fries
Thread with TID = 133257221899968 read: Spring Rolls
Thread with TID = 133257232385728 read: Calzone
Thread with TID = 133257190442688 read: Double Cheeseburger
Thread with TID = 133257169471168 read: Grilled Chicken Wrap
Thread with TID = 133257200928448 read: Cheeseburger
Thread with TID = 133257138013888 read: Blueberry Muffin
Thread with TID = 133257158985408 read: Spinach Dip
Thread with TID = 133257117042368 read: Cola
Thread with TID = 133257148499648 read: Kebab Platter
Thread with TID = 133257106556608 read: Chicken Sandwich
Thread with TID = 133257085585088 read: Quesadilla
Thread with TID = 133257211414208 read: Hash Browns
Thread with TID = 133257179956928 read: Energy Drink
Thread with TID = 133257054127808 read: Onion Rings
Thread with TID = 133257043642048 read: Fish Sandwich
Thread with TID = 133257064613568 read: Apple Pie
Thread with TID = 133257096070848 read: Sweet Potato Fries
Thread with TID = 133257075099328 read: Fried Rice
Thread with TID = 133257127528128 read: Breakfast Wrap
Thread with TID = 133257033156288 read: Brownie
Thread with TID = 133257012184768 read: Egg and Cheese Muffin
Thread with TID = 133256970241728 read: Vanilla Ice Cream
Thread with TID = 133256959755968 read: Pita Bread with Hummus
Thread with TID = 133256938784448 read: Strawberry Milkshake
Thread with TID = 133257022670528 read: Cheesecake
Thread with TID = 133257001699008 read: Tempura
Thread with TID = 133256949270208 read: Chicken Nuggets
Thread with TID = 133256991213248 read: Chicken Tenders
Thread with TID = 133256980727488 read: Meatball Sub
Thread with TID = 133256917812928 read: Ramen Bowl
Thread with TID = 133256896841408 read: Chocolate Milkshake
Thread with TID = 133256928298688 read: Smoothie
Thread with TID = 133256907327168 read: Pepperoni Pizza
Thread with TID = 133256886355648 read: Curly Fries
Thread with TID = 133256875869888 read: Waffles
Thread with TID = 133256844412608 read: Shawarma Wrap
Thread with TID = 133256854898368 read: Croissant Sandwich
Thread with TID = 133256865384128 read: Cheese Puffs
Thread with TID = 133256802469568 read: Falafel Wrap
Thread with TID = 133256833926848 read: Espresso
Thread with TID = 133256812955328 read: Cupcake
Thread with TID = 133256791983808 read: Gyro Sandwich
Thread with TID = 133256760526528 read: Pancakes
Thread with TID = 133256781498048 read: Hot Fudge Sundae
Thread with TID = 133256771012288 read: Potato Chips
Thread with TID = 133256823441088 read: Burrito
Thread with TID = 133256561297088 read: Diet Cola
Thread with TID = 133256592754368 read: Cherry Pie
Thread with TID = 133256529839808 read: Donut
Thread with TID = 133256571782848 read: Pizza Slice
Thread with TID = 133256519354048 read: Milkshake
Thread with TID = 133256718583488 read: Popcorn
Thread with TID = 133256750040768 read: Iced Tea
Thread with TID = 133256540325568 read: Cinnamon Roll
Thread with TID = 133256550811328 read: Omelette
Thread with TID = 133256582268608 read: Coffee
Thread with TID = 133256634697408 read: Bottled Water
Thread with TID = 133256739555008 read: Bagel Sandwich
Thread with TID = 133256729069248 read: Teriyaki Chicken Bowl
Thread with TID = 133256708097728 read: Pita Chips
Thread with TID = 133256697611968 read: Margherita Pizza
Thread with TID = 133256687126208 read: Chili Dog
Thread with TID = 133256676640448 read: Sweet Tea
Thread with TID = 133256666154688 read: Guacamole Dip
Thread with TID = 133256655668928 read: Breakfast Burrito
Thread with TID = 133256645183168 read: Hot Dog
Thread with TID = 133256624211648 read: Sushi Roll
Thread with TID = 133256613725888 read: Stuffed Crust Pizza
Thread with TID = 133256603240128 read: Dim Sum
Thread with TID = 133256477411008 read: Garlic Breadsticks
Thread with TID = 133256498382528 read: Veggie Burger
Thread with TID = 133256508868288 read: Root Beer
Thread with TID = 133256487896768 read: Taco
Thread with TID = 133256445953728 read: Sports Drink
Thread with TID = 133256466925248 read: Cappuccino
Thread with TID = 133256456439488 read: Mozzarella Sticks
