Process PID: 24594
Thread with TID = 140737347847872 read: Trail Mix
Thread with TID = 140737326876352 read: Hot Chocolate
Thread with TID = 140737217824448 read: Chocolate Ice Cream
Thread with TID = 140737207338688 read: BBQ Pulled Pork Sandwich
Thread with TID = 140737337362112 read: Lemonade
Thread with TID = 140737165395648 read: Chocolate Chip Cookie
Thread with TID = 140737196852928 read: Nachos
Thread with TID = 140737175881408 read: Pad Thai
Thread with TID = 140737305904832 read: Tortilla Chips with Salsa
Thread with TID = 140737316390592 read: Philly Cheesesteak
Thread with TID = 140737016497856 read: Banana Split
Thread with TID = 140737006012096 read: Latte
Thread with TID = 140736882280128 read: Pretzels
Thread with TID = 140737186367168 read: BBQ Chicken Pizza
Thread with TID = 140736871794368 read: Bacon Burger
Thread with TID = 140736861308608 read: French Fries
Thread with TID = 140736974554816 read: Hash Browns
Thread with TID = 140736840337088 read: Energy Drink
Thread with TID = 140736829851328 read: Grilled Chicken Wrap
Thread with TID = 140736995526336 read: Calzone
Thread with TID = 140736985040576 read: Spring Rolls
Thread with TID = 140736964069056 read: Cheeseburger
Thread with TID = 140736819365568 read: Spinach Dip
Thread with TID = 140736787908288 read: Breakfast Wrap
Thread with TID = 140736756451008 read: Sweet Potato Fries
Thread with TID = 140736777422528 read: Cola
Thread with TID = 140736808879808 read: Kebab Platter
Thread with TID = 140736850822848 read: Double Cheeseburger
Thread with TID = 140736724993728 read: Apple Pie
Thread with TID = 140736714507968 read: Onion Rings
Thread with TID = 140736735479488 read: Fried Rice
Thread with TID = 140736704022208 read: Fish Sandwich
Thread with TID = 140736766936768 read: Chicken Sandwich
Thread with TID = 140736745965248 read: Quesadilla
Thread with TID = 140736798394048 read: Blueberry Muffin
Thread with TID = 140736683050688 read: Cheesecake
Thread with TID = 140736693536448 read: Brownie
Thread with TID = 140736672564928 read: Egg and Cheese Muffin
Thread with TID = 140736651593408 read: Chicken Tenders
Thread with TID = 140736641107648 read: Meatball Sub
Thread with TID = 140736620136128 read: Pita Bread with Hummus
Thread with TID = 140736630621888 read: Vanilla Ice Cream
Thread with TID = 140736662079168 read: Tempura
Thread with TID = 140736609650368 read: Chicken Nuggets
Thread with TID = 140736599164608 read: Strawberry Milkshake
Thread with TID = 140736567707328 read: Pepperoni Pizza
Thread with TID = 140736557221568 read: Chocolate Milkshake
Thread with TID = 140736536250048 read: Waffles
Thread with TID = 140736578193088 read: Ramen Bowl
Thread with TID = 140736588678848 read: Smoothie
Thread with TID = 140736525764288 read: Cheese Puffs
Thread with TID = 140736546735808 read: Curly Fries
Thread with TID = 140736515278528 read: Croissant Sandwich
Thread with TID = 140736504792768 read: Shawarma Wrap
Thread with TID = 140736462849728 read: Falafel Wrap
Thread with TID = 140736431392448 read: Potato Chips
Thread with TID = 140736452363968 read: Gyro Sandwich
Thread with TID = 140736410420928 read: Iced Tea
Thread with TID = 140736473335488 read: Cupcake
Thread with TID = 140736420906688 read: Pancakes
Thread with TID = 140736441878208 read: Hot Fudge Sundae
Thread with TID = 140736399935168 read: Bagel Sandwich
Thread with TID = 140736483821248 read: Burrito
Thread with TID = 140736378963648 read: Popcorn
Thread with TID = 140736494307008 read: Espresso
Thread with TID = 140736389449408 read: Teriyaki Chicken Bowl
Thread with TID = 140736357992128 read: Margherita Pizza
Thread with TID = 140736337020608 read: Sweet Tea
Thread with TID = 140736368477888 read: Pita Chips
Thread with TID = 140736347506368 read: Chili Dog
Thread with TID = 140736326534848 read: Guacamole Dip
Thread with TID = 140736295077568 read: Bottled Water
Thread with TID = 140736305563328 read: Hot Dog
Thread with TID = 140736284591808 read: Sushi Roll
Thread with TID = 140736316049088 read: Breakfast Burrito
Thread with TID = 140736274106048 read: Stuffed Crust Pizza
Thread with TID = 140736263620288 read: Dim Sum
Thread with TID = 140736253134528 read: Cherry Pie
Thread with TID = 140736232163008 read: Pizza Slice
Thread with TID = 140736242648768 read: Coffee
Thread with TID = 140736211191488 read: Omelette
Thread with TID = 140736190219968 read: Donut
Thread with TID = 140736116819648 read: Mozzarella Sticks
Thread with TID = 140736179734208 read: Milkshake
Thread with TID = 140736148276928 read: Taco
Thread with TID = 140736221677248 read: Diet Cola
Thread with TID = 140736106333888 read: Sports Drink
Thread with TID = 140736137791168 read: Garlic Breadsticks
Thread with TID = 140736158762688 read: Veggie Burger
Thread with TID = 140736200705728 read: Cinnamon Roll
Thread with TID = 140736127305408 read: Cappuccino
Thread with TID = 140736169248448 read: Root Beer
