Process PID: 18504
Thread with TID = 124191005214400 read: Trail Mix
Thread with TID = 124190856316608 read: Hot Chocolate
Thread with TID = 124190952785600 read: BBQ Pulled Pork Sandwich
Thread with TID = 124190963271360 read: Chocolate Ice Cream
Thread with TID = 124190994728640 read: Lemonade
Thread with TID = 124190835345088 read: Pad Thai
Thread with TID = 124190814373568 read: Banana Split
Thread with TID = 124190845830848 read: BBQ Chicken Pizza
Thread with TID = 124190722098880 read: Pretzels
Thread with TID = 124190973757120 read: Tortilla Chips with Salsa
Thread with TID = 124190824859328 read: Chocolate Chip Cookie
Thread with TID = 124190711613120 read: Bacon Burger
Thread with TID = 124190984242880 read: Philly Cheesesteak
Thread with TID = 124190803887808 read: Latte
Thread with TID = 124190942299840 read: Nachos
Thread with TID = 124190701127360 read: French Fries
Thread with TID = 124190669670080 read: Hash Browns
Thread with TID = 124190680155840 read: Spring Rolls
Thread with TID = 124190690641600 read: Calzone
Thread with TID = 124190556423872 read: Grilled Chicken Wrap
Thread with TID = 124190355097280 read: Chicken Sandwich
Thread with TID = 124190577395392 read: Double Cheeseburger
Thread with TID = 124190386554560 read: Blueberry Muffin
Thread with TID = 124190545938112 read: Spinach Dip
Thread with TID = 124190241851072 read: Apple Pie
Thread with TID = 124190376068800 read: Breakfast Wrap
Thread with TID = 124190535452352 read: Kebab Platter
Thread with TID = 124190252336832 read: Fried Rice
Thread with TID = 124190587881152 read: Cheeseburger
Thread with TID = 124190199908032 read: Cheesecake
Thread with TID = 124190344611520 read: Sweet Potato Fries
Thread with TID = 124190566909632 read: Energy Drink
Thread with TID = 124190365583040 read: Cola
Thread with TID = 124190334125760 read: Quesadilla
Thread with TID = 124190220879552 read: Fish Sandwich
Thread with TID = 124190231365312 read: Onion Rings
Thread with TID = 124190210393792 read: Brownie
Thread with TID = 124190189422272 read: Egg and Cheese Muffin
Thread with TID = 124190168450752 read: Chicken Tenders
Thread with TID = 124190105536192 read: Smoothie
Thread with TID = 124190147479232 read: Vanilla Ice Cream
Thread with TID = 124190095050432 read: Ramen Bowl
Thread with TID = 124190063593152 read: Curly Fries
Thread with TID = 124190178936512 read: Tempura
Thread with TID = 124190136993472 read: Pita Bread with Hummus
Thread with TID = 124190074078912 read: Chocolate Milkshake
Thread with TID = 124190042621632 read: Cheese Puffs
Thread with TID = 124190032135872 read: Croissant Sandwich
Thread with TID = 124190053107392 read: Waffles
Thread with TID = 124190157964992 read: Meatball Sub
Thread with TID = 124190116021952 read: Strawberry Milkshake
Thread with TID = 124190126507712 read: Chicken Nuggets
Thread with TID = 124190084564672 read: Pepperoni Pizza
Thread with TID = 124190021650112 read: Shawarma Wrap
Thread with TID = 124190000678592 read: Burrito
Thread with TID = 124190011164352 read: Espresso
Thread with TID = 124189990192832 read: Cupcake
Thread with TID = 124189885335232 read: Pita Chips
Thread with TID = 124189864363712 read: Chili Dog
Thread with TID = 124189895820992 read: Popcorn
Thread with TID = 124189906306752 read: Teriyaki Chicken Bowl
Thread with TID = 124189979707072 read: Falafel Wrap
Thread with TID = 124189801449152 read: Sushi Roll
Thread with TID = 124189969221312 read: Gyro Sandwich
Thread with TID = 124189916792512 read: Bagel Sandwich
Thread with TID = 124189958735552 read: Hot Fudge Sundae
Thread with TID = 124189948249792 read: Potato Chips
Thread with TID = 124189937764032 read: Pancakes
Thread with TID = 124189927278272 read: Iced Tea
Thread with TID = 124189832906432 read: Breakfast Burrito
Thread with TID = 124189874849472 read: Margherita Pizza
Thread with TID = 124189822420672 read: Hot Dog
Thread with TID = 124189853877952 read: Sweet Tea
Thread with TID = 124189843392192 read: Guacamole Dip
Thread with TID = 124189790963392 read: Stuffed Crust Pizza
Thread with TID = 124189811934912 read: Bottled Water
Thread with TID = 124189769991872 read: Cherry Pie
Thread with TID = 124189738534592 read: Diet Cola
Thread with TID = 124189759506112 read: Coffee
Thread with TID = 124189780477632 read: Dim Sum
Thread with TID = 124189749020352 read: Pizza Slice
Thread with TID = 124189728048832 read: Omelette
Thread with TID = 124189707077312 read: Donut
Thread with TID = 124189717563072 read: Cinnamon Roll
Thread with TID = 124189654648512 read: Garlic Breadsticks
Thread with TID = 124189686105792 read: Root Beer
Thread with TID = 124189675620032 read: Veggie Burger
Thread with TID = 124189644162752 read: Cappuccino
Thread with TID = 124189633676992 read: Mozzarella Sticks
Thread with TID = 124189623191232 read: Sports Drink
Thread with TID = 124189665134272 read: Taco
Thread with TID = 124189696591552 read: Milkshake
