Process PID: 133787
Thread with TID = 140737347847872 read: Trail Mix
Thread with TID = 140737337362112 read: Lemonade
Thread with TID = 140737316390592 read: Philly Cheesesteak
Thread with TID = 140737326876352 read: Hot Chocolate
Thread with TID = 140737207338688 read: BBQ Pulled Pork Sandwich
Thread with TID = 140737305904832 read: Tortilla Chips with Salsa
Thread with TID = 140737217824448 read: Chocolate Ice Cream
Thread with TID = 140737186367168 read: BBQ Chicken Pizza
Thread with TID = 140737196852928 read: Nachos
Thread with TID = 140737165395648 read: Chocolate Chip Cookie
Thread with TID = 140736953583296 read: Spring Rolls
Thread with TID = 140737006012096 read: Latte
Thread with TID = 140736995526336 read: Pretzels
Thread with TID = 140737016497856 read: Banana Split
Thread with TID = 140736974554816 read: French Fries
Thread with TID = 140736985040576 read: Bacon Burger
Thread with TID = 140736880182976 read: Kebab Platter
Thread with TID = 140736964069056 read: Calzone
Thread with TID = 140736943097536 read: Hash Browns
Thread with TID = 140736922126016 read: Double Cheeseburger
Thread with TID = 140736827754176 read: Sweet Potato Fries
Thread with TID = 140736901154496 read: Grilled Chicken Wrap
Thread with TID = 140736911640256 read: Energy Drink
Thread with TID = 140737175881408 read: Pad Thai
Thread with TID = 140736817268416 read: Quesadilla
Thread with TID = 140736890668736 read: Spinach Dip
Thread with TID = 140736859211456 read: Breakfast Wrap
Thread with TID = 140736848725696 read: Cola
Thread with TID = 140736869697216 read: Blueberry Muffin
Thread with TID = 140736932611776 read: Cheeseburger
Thread with TID = 140736806782656 read: Fried Rice
Thread with TID = 140736838239936 read: Chicken Sandwich
Thread with TID = 140736796296896 read: Apple Pie
Thread with TID = 140736785811136 read: Onion Rings
Thread with TID = 140736722896576 read: Chicken Tenders
Thread with TID = 140736754353856 read: Cheesecake
Thread with TID = 140736733382336 read: Tempura
Thread with TID = 140736680953536 read: Chicken Nuggets
Thread with TID = 140736670467776 read: Strawberry Milkshake
Thread with TID = 140736712410816 read: Meatball Sub
Thread with TID = 140736764839616 read: Brownie
Thread with TID = 140736701925056 read: Vanilla Ice Cream
Thread with TID = 140736775325376 read: Fish Sandwich
Thread with TID = 140736743868096 read: Egg and Cheese Muffin
Thread with TID = 140736659982016 read: Smoothie
Thread with TID = 140736597067456 read: Cheese Puffs
Thread with TID = 140736649496256 read: Ramen Bowl
Thread with TID = 140736513181376 read: Hot Fudge Sundae
Thread with TID = 140736502695616 read: Potato Chips
Thread with TID = 140736492209856 read: Pancakes
Thread with TID = 140736639010496 read: Pepperoni Pizza
Thread with TID = 140736523667136 read: Gyro Sandwich
Thread with TID = 140736618038976 read: Curly Fries
Thread with TID = 140736607553216 read: Waffles
Thread with TID = 140736576095936 read: Shawarma Wrap
Thread with TID = 140736586581696 read: Croissant Sandwich
Thread with TID = 140736565610176 read: Espresso
Thread with TID = 140736481724096 read: Iced Tea
Thread with TID = 140736555124416 read: Burrito
Thread with TID = 140736628524736 read: Chocolate Milkshake
Thread with TID = 140736544638656 read: Cupcake
Thread with TID = 140736471238336 read: Bagel Sandwich
Thread with TID = 140736534152896 read: Falafel Wrap
Thread with TID = 140736460752576 read: Teriyaki Chicken Bowl
Thread with TID = 140736691439296 read: Pita Bread with Hummus
Thread with TID = 140736450266816 read: Popcorn
Thread with TID = 140736429295296 read: Margherita Pizza
Thread with TID = 140736439781056 read: Pita Chips
Thread with TID = 140736324437696 read: Guacamole Dip
Thread with TID = 140736345409216 read: Chili Dog
Thread with TID = 140736334923456 read: Sweet Tea
Thread with TID = 140736313951936 read: Breakfast Burrito
Thread with TID = 140736211191488 read: Sushi Roll
Thread with TID = 140736179734208 read: Cherry Pie
Thread with TID = 140736303466176 read: Hot Dog
Thread with TID = 140736292980416 read: Bottled Water
Thread with TID = 140736158762688 read: Pizza Slice
Thread with TID = 140736066488000 read: Omelette
Thread with TID = 140736076973760 read: Diet Cola
Thread with TID = 140736056002240 read: Cinnamon Roll
Thread with TID = 140736045516480 read: Donut
Thread with TID = 140736200705728 read: Stuffed Crust Pizza
Thread with TID = 140736169248448 read: Coffee
Thread with TID = 140736035030720 read: Milkshake
Thread with TID = 140736190219968 read: Dim Sum
Thread with TID = 140736024544960 read: Root Beer
Thread with TID = 140735982601920 read: Cappuccino
Thread with TID = 140735993087680 read: Garlic Breadsticks
Thread with TID = 140735972116160 read: Mozzarella Sticks
Thread with TID = 140736014059200 read: Veggie Burger
Thread with TID = 140736003573440 read: Taco
Thread with TID = 140735961630400 read: Sports Drink
