Process PID: 35167
Thread with TID = 132514265958080 read: Trail Mix
Thread with TID = 132514255472320 read: Lemonade
Thread with TID = 132514167391936 read: Hot Chocolate
Thread with TID = 132514135934656 read: Chocolate Ice Cream
Thread with TID = 132514114963136 read: Nachos
Thread with TID = 132513928316608 read: Hash Browns
Thread with TID = 132514125448896 read: BBQ Pulled Pork Sandwich
Thread with TID = 132514022688448 read: Pad Thai
Thread with TID = 132514033174208 read: BBQ Chicken Pizza
Thread with TID = 132514012202688 read: Chocolate Chip Cookie
Thread with TID = 132514001716928 read: Banana Split
Thread with TID = 132513991231168 read: Latte
Thread with TID = 132513854916288 read: Blueberry Muffin
Thread with TID = 132513844430528 read: Breakfast Wrap
Thread with TID = 132513896859328 read: Energy Drink
Thread with TID = 132513865402048 read: Kebab Platter
Thread with TID = 132514156906176 read: Philly Cheesesteak
Thread with TID = 132513907345088 read: Double Cheeseburger
Thread with TID = 132513875887808 read: Spinach Dip
Thread with TID = 132513980745408 read: Pretzels
Thread with TID = 132514146420416 read: Tortilla Chips with Salsa
Thread with TID = 132513949288128 read: Calzone
Thread with TID = 132513886373568 read: Grilled Chicken Wrap
Thread with TID = 132513970259648 read: Bacon Burger
Thread with TID = 132513959773888 read: French Fries
Thread with TID = 132513938802368 read: Spring Rolls
Thread with TID = 132513917830848 read: Cheeseburger
Thread with TID = 132513754252992 read: Chicken Sandwich
Thread with TID = 132513712309952 read: Apple Pie
Thread with TID = 132513722795712 read: Fried Rice
Thread with TID = 132513764738752 read: Cola
Thread with TID = 132513733281472 read: Quesadilla
Thread with TID = 132513670366912 read: Cheesecake
Thread with TID = 132513680852672 read: Brownie
Thread with TID = 132513659881152 read: Egg and Cheese Muffin
Thread with TID = 132513649395392 read: Tempura
Thread with TID = 132513638909632 read: Chicken Tenders
Thread with TID = 132513691338432 read: Fish Sandwich
Thread with TID = 132513701824192 read: Onion Rings
Thread with TID = 132513628423872 read: Meatball Sub
Thread with TID = 132513743767232 read: Sweet Potato Fries
Thread with TID = 132513617938112 read: Vanilla Ice Cream
Thread with TID = 132513596966592 read: Chicken Nuggets
Thread with TID = 132513586480832 read: Strawberry Milkshake
Thread with TID = 132513607452352 read: Pita Bread with Hummus
Thread with TID = 132513565509312 read: Ramen Bowl
Thread with TID = 132513575995072 read: Smoothie
Thread with TID = 132513555023552 read: Pepperoni Pizza
Thread with TID = 132513544537792 read: Chocolate Milkshake
Thread with TID = 132513523566272 read: Waffles
Thread with TID = 132513502594752 read: Croissant Sandwich
Thread with TID = 132513513080512 read: Cheese Puffs
Thread with TID = 132513492108992 read: Shawarma Wrap
Thread with TID = 132513481623232 read: Espresso
Thread with TID = 132513534052032 read: Curly Fries
Thread with TID = 132513460651712 read: Cupcake
Thread with TID = 132513471137472 read: Burrito
Thread with TID = 132513450165952 read: Falafel Wrap
Thread with TID = 132513439680192 read: Gyro Sandwich
Thread with TID = 132513418708672 read: Potato Chips
Thread with TID = 132513366279872 read: Popcorn
Thread with TID = 132513345308352 read: Margherita Pizza
Thread with TID = 132513313851072 read: Guacamole Dip
Thread with TID = 132513334822592 read: Chili Dog
Thread with TID = 132513324336832 read: Sweet Tea
Thread with TID = 132513429194432 read: Hot Fudge Sundae
Thread with TID = 132513355794112 read: Pita Chips
Thread with TID = 132513303365312 read: Breakfast Burrito
Thread with TID = 132513408222912 read: Pancakes
Thread with TID = 132513376765632 read: Teriyaki Chicken Bowl
Thread with TID = 132513397737152 read: Iced Tea
Thread with TID = 132513387251392 read: Bagel Sandwich
Thread with TID = 132513292879552 read: Hot Dog
Thread with TID = 132513282393792 read: Bottled Water
Thread with TID = 132513271908032 read: Sushi Roll
Thread with TID = 132513261422272 read: Stuffed Crust Pizza
Thread with TID = 132513250936512 read: Dim Sum
Thread with TID = 132513240450752 read: Cherry Pie
Thread with TID = 132513208993472 read: Diet Cola
Thread with TID = 132513198507712 read: Omelette
Thread with TID = 132513188021952 read: Cinnamon Roll
Thread with TID = 132513219479232 read: Pizza Slice
Thread with TID = 132513229964992 read: Coffee
Thread with TID = 132513177536192 read: Donut
Thread with TID = 132513167050432 read: Milkshake
Thread with TID = 132513156564672 read: Root Beer
Thread with TID = 132513146078912 read: Veggie Burger
Thread with TID = 132513125107392 read: Garlic Breadsticks
Thread with TID = 132513114621632 read: Cappuccino
Thread with TID = 132513104135872 read: Mozzarella Sticks
Thread with TID = 132513135593152 read: Taco
Thread with TID = 132513093650112 read: Sports Drink
