Process PID: 37182
Thread with TID = 133515056252608 read: Lemonade
Thread with TID = 133514202711744 read: Chicken Sandwich
Thread with TID = 133514775234240 read: Pretzels
Thread with TID = 133514393552576 read: Spinach Dip
Thread with TID = 133514414524096 read: Energy Drink
Thread with TID = 133514404038336 read: Grilled Chicken Wrap
Thread with TID = 133514181740224 read: Quesadilla
Thread with TID = 133515045766848 read: Philly Cheesesteak
Thread with TID = 133514584393408 read: Hash Browns
Thread with TID = 133514961880768 read: Tortilla Chips with Salsa
Thread with TID = 133514930423488 read: Nachos
Thread with TID = 133514372581056 read: Blueberry Muffin
Thread with TID = 133514817177280 read: Pad Thai
Thread with TID = 133514078979776 read: Onion Rings
Thread with TID = 133514058008256 read: Brownie
Thread with TID = 133514213197504 read: Cola
Thread with TID = 133514068494016 read: Fish Sandwich
Thread with TID = 133514573907648 read: Cheeseburger
Thread with TID = 133514171254464 read: Fried Rice
Thread with TID = 133513867167424 read: Meatball Sub
Thread with TID = 133513835710144 read: Chicken Nuggets
Thread with TID = 133514594879168 read: Spring Rolls
Thread with TID = 133513856681664 read: Vanilla Ice Cream
Thread with TID = 133514089465536 read: Apple Pie
Thread with TID = 133514806691520 read: Chocolate Chip Cookie
Thread with TID = 133513846195904 read: Pita Bread with Hummus
Thread with TID = 133513485485760 read: Strawberry Milkshake
Thread with TID = 133514223683264 read: Breakfast Wrap
Thread with TID = 133513888138944 read: Tempura
Thread with TID = 133514037036736 read: Egg and Cheese Muffin
Thread with TID = 133514605364928 read: Calzone
Thread with TID = 133514911549120 read: Hot Chocolate
Thread with TID = 133514192225984 read: Sweet Potato Fries
Thread with TID = 133513877653184 read: Chicken Tenders
Thread with TID = 133513475000000 read: Smoothie
Thread with TID = 133514626336448 read: Bacon Burger
Thread with TID = 133515066738368 read: Trail Mix
Thread with TID = 133513686812352 read: Pepperoni Pizza
Thread with TID = 133514047522496 read: Cheesecake
Thread with TID = 133514951395008 read: Chocolate Ice Cream
Thread with TID = 133514785720000 read: Latte
Thread with TID = 133514940909248 read: BBQ Pulled Pork Sandwich
Thread with TID = 133514796205760 read: Banana Split
Thread with TID = 133514827663040 read: BBQ Chicken Pizza
Thread with TID = 133513464514240 read: Ramen Bowl
Thread with TID = 133514615850688 read: French Fries
Thread with TID = 133514425009856 read: Double Cheeseburger
Thread with TID = 133514383066816 read: Kebab Platter
Thread with TID = 133513665840832 read: Curly Fries
Thread with TID = 133513676326592 read: Chocolate Milkshake
Thread with TID = 133513634383552 read: Croissant Sandwich
Thread with TID = 133513644869312 read: Cheese Puffs
Thread with TID = 133513433056960 read: Burrito
Thread with TID = 133513454028480 read: Shawarma Wrap
Thread with TID = 133513655355072 read: Waffles
Thread with TID = 133512592099008 read: Gyro Sandwich
Thread with TID = 133512613070528 read: Cupcake
Thread with TID = 133512602584768 read: Falafel Wrap
Thread with TID = 133512581613248 read: Hot Fudge Sundae
Thread with TID = 133512529184448 read: Teriyaki Chicken Bowl
Thread with TID = 133512571127488 read: Potato Chips
Thread with TID = 133512539670208 read: Bagel Sandwich
Thread with TID = 133512518698688 read: Popcorn
Thread with TID = 133512560641728 read: Pancakes
Thread with TID = 133513443542720 read: Espresso
Thread with TID = 133512508212928 read: Pita Chips
Thread with TID = 133512550155968 read: Iced Tea
Thread with TID = 133512497727168 read: Margherita Pizza
Thread with TID = 133512487241408 read: Chili Dog
Thread with TID = 133512476755648 read: Sweet Tea
Thread with TID = 133512445298368 read: Hot Dog
Thread with TID = 133512466269888 read: Guacamole Dip
Thread with TID = 133512424326848 read: Sushi Roll
Thread with TID = 133512434812608 read: Bottled Water
Thread with TID = 133512455784128 read: Breakfast Burrito
Thread with TID = 133512382383808 read: Coffee
Thread with TID = 133512392869568 read: Cherry Pie
Thread with TID = 133512371898048 read: Pizza Slice
Thread with TID = 133512413841088 read: Stuffed Crust Pizza
Thread with TID = 133512403355328 read: Dim Sum
Thread with TID = 133512350926528 read: Omelette
Thread with TID = 133512361412288 read: Diet Cola
Thread with TID = 133512340440768 read: Cinnamon Roll
Thread with TID = 133512277526208 read: Garlic Breadsticks
Thread with TID = 133512308983488 read: Root Beer
Thread with TID = 133512329955008 read: Donut
Thread with TID = 133512298497728 read: Veggie Burger
Thread with TID = 133512319469248 read: Milkshake
Thread with TID = 133512288011968 read: Taco
Thread with TID = 133512267040448 read: Cappuccino
Thread with TID = 133512256554688 read: Mozzarella Sticks
Thread with TID = 133512246068928 read: Sports Drink
