Process PID: 8678
Thread with TID = 124077622691520 read: Lemonade
Thread with TID = 124077633177280 read: Trail Mix
Thread with TID = 124077612205760 read: Hot Chocolate
Thread with TID = 124077509445312 read: Philly Cheesesteak
Thread with TID = 124077591234240 read: Chocolate Ice Cream
Thread with TID = 124077601720000 read: Tortilla Chips with Salsa
Thread with TID = 124077498959552 read: BBQ Pulled Pork Sandwich
Thread with TID = 124077488473792 read: Nachos
Thread with TID = 124077477988032 read: BBQ Chicken Pizza
Thread with TID = 124077375227584 read: Banana Split
Thread with TID = 124077467502272 read: Pad Thai
Thread with TID = 124077343770304 read: Bacon Burger
Thread with TID = 124077364741824 read: Latte
Thread with TID = 124077457016512 read: Chocolate Chip Cookie
Thread with TID = 124077354256064 read: Pretzels
Thread with TID = 124077333284544 read: French Fries
Thread with TID = 124077157123776 read: Blueberry Muffin
Thread with TID = 124077241009856 read: Spring Rolls
Thread with TID = 124077322798784 read: Calzone
Thread with TID = 124077230524096 read: Hash Browns
Thread with TID = 124077146638016 read: Breakfast Wrap
Thread with TID = 124077167609536 read: Kebab Platter
Thread with TID = 124077220038336 read: Cheeseburger
Thread with TID = 124077178095296 read: Spinach Dip
Thread with TID = 124077209552576 read: Double Cheeseburger
Thread with TID = 124077199066816 read: Energy Drink
Thread with TID = 124077136152256 read: Cola
Thread with TID = 124077125666496 read: Chicken Sandwich
Thread with TID = 124077188581056 read: Grilled Chicken Wrap
Thread with TID = 124077094209216 read: Fried Rice
Thread with TID = 124077073237696 read: Onion Rings
Thread with TID = 124077104694976 read: Quesadilla
Thread with TID = 124077062751936 read: Fish Sandwich
Thread with TID = 124076957894336 read: Strawberry Milkshake
Thread with TID = 124077052266176 read: Brownie
Thread with TID = 124077115180736 read: Sweet Potato Fries
Thread with TID = 124077041780416 read: Cheesecake
Thread with TID = 124076947408576 read: Smoothie
Thread with TID = 124077020808896 read: Tempura
Thread with TID = 124076978865856 read: Pita Bread with Hummus
Thread with TID = 124077031294656 read: Egg and Cheese Muffin
Thread with TID = 124077083723456 read: Apple Pie
Thread with TID = 124076968380096 read: Chicken Nuggets
Thread with TID = 124077010323136 read: Chicken Tenders
Thread with TID = 124076999837376 read: Meatball Sub
Thread with TID = 124076989351616 read: Vanilla Ice Cream
Thread with TID = 124076936922816 read: Ramen Bowl
Thread with TID = 124076926437056 read: Pepperoni Pizza
Thread with TID = 124076905465536 read: Curly Fries
Thread with TID = 124076915951296 read: Chocolate Milkshake
Thread with TID = 124076894979776 read: Waffles
Thread with TID = 124076790122176 read: Potato Chips
Thread with TID = 124076800607936 read: Hot Fudge Sundae
Thread with TID = 124076884494016 read: Cheese Puffs
Thread with TID = 124076842550976 read: Burrito
Thread with TID = 124076769150656 read: Iced Tea
Thread with TID = 124076821579456 read: Falafel Wrap
Thread with TID = 124076874008256 read: Croissant Sandwich
Thread with TID = 124076853036736 read: Espresso
Thread with TID = 124076863522496 read: Shawarma Wrap
Thread with TID = 124076779636416 read: Pancakes
Thread with TID = 124076758664896 read: Bagel Sandwich
Thread with TID = 124076832065216 read: Cupcake
Thread with TID = 124076811093696 read: Gyro Sandwich
Thread with TID = 124076748179136 read: Teriyaki Chicken Bowl
Thread with TID = 124076716721856 read: Margherita Pizza
Thread with TID = 124076727207616 read: Pita Chips
Thread with TID = 124076737693376 read: Popcorn
Thread with TID = 124076358108864 read: Sweet Tea
Thread with TID = 124076368594624 read: Chili Dog
Thread with TID = 124076347623104 read: Guacamole Dip
Thread with TID = 124076326651584 read: Hot Dog
Thread with TID = 124076316165824 read: Bottled Water
Thread with TID = 124076305680064 read: Sushi Roll
Thread with TID = 124076295194304 read: Stuffed Crust Pizza
Thread with TID = 124076284708544 read: Dim Sum
Thread with TID = 124076274222784 read: Cherry Pie
Thread with TID = 124076263737024 read: Coffee
Thread with TID = 124076253251264 read: Pizza Slice
Thread with TID = 124076242765504 read: Diet Cola
Thread with TID = 124076232279744 read: Omelette
Thread with TID = 124076337137344 read: Breakfast Burrito
Thread with TID = 124076221793984 read: Cinnamon Roll
Thread with TID = 124076200822464 read: Milkshake
Thread with TID = 124076190336704 read: Root Beer
Thread with TID = 124076179850944 read: Veggie Burger
Thread with TID = 124076211308224 read: Donut
Thread with TID = 124076169365184 read: Taco
Thread with TID = 124076158879424 read: Garlic Breadsticks
Thread with TID = 124076148393664 read: Cappuccino
Thread with TID = 124076137907904 read: Mozzarella Sticks
Thread with TID = 124076127422144 read: Sports Drink
